[2023-11-26T06:11:00.719+0000] {logging_mixin.py:154} INFO - Changing /opt/***/logs/dag_id=outcomes_dag/run_id=manual__2023-11-26T06:09:58.434137+00:00/task_id=TRANSFORM_DATA_FROM_GCP permission to 509
[2023-11-26T06:11:00.750+0000] {logging_mixin.py:154} INFO - Changing /opt/***/logs/dag_id=outcomes_dag/run_id=manual__2023-11-26T06:09:58.434137+00:00/task_id=TRANSFORM_DATA_FROM_GCP permission to 509
[2023-11-26T06:11:00.784+0000] {taskinstance.py:1159} INFO - Dependencies all met for dep_context=non-requeueable deps ti=<TaskInstance: outcomes_dag.TRANSFORM_DATA_FROM_GCP manual__2023-11-26T06:09:58.434137+00:00 [queued]>
[2023-11-26T06:11:00.799+0000] {taskinstance.py:1159} INFO - Dependencies all met for dep_context=requeueable deps ti=<TaskInstance: outcomes_dag.TRANSFORM_DATA_FROM_GCP manual__2023-11-26T06:09:58.434137+00:00 [queued]>
[2023-11-26T06:11:00.801+0000] {taskinstance.py:1361} INFO - Starting attempt 1 of 2
[2023-11-26T06:11:00.994+0000] {taskinstance.py:1382} INFO - Executing <Task(PythonOperator): TRANSFORM_DATA_FROM_GCP> on 2023-11-26 06:09:58.434137+00:00
[2023-11-26T06:11:01.001+0000] {standard_task_runner.py:57} INFO - Started process 980 to run task
[2023-11-26T06:11:01.005+0000] {standard_task_runner.py:84} INFO - Running: ['***', 'tasks', 'run', 'outcomes_dag', 'TRANSFORM_DATA_FROM_GCP', 'manual__2023-11-26T06:09:58.434137+00:00', '--job-id', '30', '--raw', '--subdir', 'DAGS_FOLDER/outcomes_dag.py', '--cfg-path', '/tmp/tmp__i2lyro']
[2023-11-26T06:11:01.009+0000] {standard_task_runner.py:85} INFO - Job 30: Subtask TRANSFORM_DATA_FROM_GCP
[2023-11-26T06:11:01.065+0000] {logging_mixin.py:154} INFO - Changing /opt/***/logs/dag_id=outcomes_dag/run_id=manual__2023-11-26T06:09:58.434137+00:00/task_id=TRANSFORM_DATA_FROM_GCP permission to 509
[2023-11-26T06:11:01.070+0000] {task_command.py:416} INFO - Running <TaskInstance: outcomes_dag.TRANSFORM_DATA_FROM_GCP manual__2023-11-26T06:09:58.434137+00:00 [running]> on host 42136bd2bf4d
[2023-11-26T06:11:01.155+0000] {taskinstance.py:1662} INFO - Exporting env vars: AIRFLOW_CTX_DAG_OWNER='***' AIRFLOW_CTX_DAG_ID='outcomes_dag' AIRFLOW_CTX_TASK_ID='TRANSFORM_DATA_FROM_GCP' AIRFLOW_CTX_EXECUTION_DATE='2023-11-26T06:09:58.434137+00:00' AIRFLOW_CTX_TRY_NUMBER='1' AIRFLOW_CTX_DAG_RUN_ID='manual__2023-11-26T06:09:58.434137+00:00'
[2023-11-26T06:11:06.527+0000] {logging_mixin.py:154} INFO - Preparing Animal Dimensions Table Data
[2023-11-26T06:11:07.120+0000] {logging_mixin.py:154} INFO - Writing data to GCS.....
[2023-11-26T06:11:36.118+0000] {logging_mixin.py:154} INFO - Finished writing data to GCS.
[2023-11-26T06:11:36.120+0000] {logging_mixin.py:154} INFO - Writing data to GCS.....
[2023-11-26T06:11:36.569+0000] {logging_mixin.py:154} INFO - Finished writing data to GCS.
[2023-11-26T06:11:36.571+0000] {logging_mixin.py:154} INFO - Writing data to GCS.....
[2023-11-26T06:11:37.027+0000] {logging_mixin.py:154} INFO - Finished writing data to GCS.
[2023-11-26T06:11:37.029+0000] {logging_mixin.py:154} INFO - Writing data to GCS.....
[2023-11-26T06:11:40.079+0000] {logging_mixin.py:154} INFO - Finished writing data to GCS.
[2023-11-26T06:11:40.140+0000] {python.py:194} INFO - Done. Returned value was: None
[2023-11-26T06:11:40.165+0000] {taskinstance.py:1400} INFO - Marking task as SUCCESS. dag_id=outcomes_dag, task_id=TRANSFORM_DATA_FROM_GCP, execution_date=20231126T060958, start_date=20231126T061100, end_date=20231126T061140
[2023-11-26T06:11:40.250+0000] {local_task_job_runner.py:228} INFO - Task exited with return code 0
[2023-11-26T06:11:40.301+0000] {taskinstance.py:2778} INFO - 3 downstream tasks scheduled from follow-on schedule check
