[2023-11-26T06:35:43.669+0000] {logging_mixin.py:154} INFO - Changing /opt/***/logs/dag_id=outcomes_dag/run_id=manual__2023-11-26T06:35:39.961902+00:00/task_id=API_TO_GCP permission to 509
[2023-11-26T06:35:43.723+0000] {logging_mixin.py:154} INFO - Changing /opt/***/logs/dag_id=outcomes_dag/run_id=manual__2023-11-26T06:35:39.961902+00:00/task_id=API_TO_GCP permission to 509
[2023-11-26T06:35:43.769+0000] {taskinstance.py:1159} INFO - Dependencies all met for dep_context=non-requeueable deps ti=<TaskInstance: outcomes_dag.API_TO_GCP manual__2023-11-26T06:35:39.961902+00:00 [queued]>
[2023-11-26T06:35:43.786+0000] {taskinstance.py:1159} INFO - Dependencies all met for dep_context=requeueable deps ti=<TaskInstance: outcomes_dag.API_TO_GCP manual__2023-11-26T06:35:39.961902+00:00 [queued]>
[2023-11-26T06:35:43.789+0000] {taskinstance.py:1361} INFO - Starting attempt 1 of 2
[2023-11-26T06:35:44.051+0000] {taskinstance.py:1382} INFO - Executing <Task(PythonOperator): API_TO_GCP> on 2023-11-26 06:35:39.961902+00:00
[2023-11-26T06:35:44.061+0000] {standard_task_runner.py:57} INFO - Started process 1398 to run task
[2023-11-26T06:35:44.066+0000] {standard_task_runner.py:84} INFO - Running: ['***', 'tasks', 'run', 'outcomes_dag', 'API_TO_GCP', 'manual__2023-11-26T06:35:39.961902+00:00', '--job-id', '47', '--raw', '--subdir', 'DAGS_FOLDER/outcomes_dag.py', '--cfg-path', '/tmp/tmpdruqtw8u']
[2023-11-26T06:35:44.070+0000] {standard_task_runner.py:85} INFO - Job 47: Subtask API_TO_GCP
[2023-11-26T06:35:44.149+0000] {logging_mixin.py:154} INFO - Changing /opt/***/logs/dag_id=outcomes_dag/run_id=manual__2023-11-26T06:35:39.961902+00:00/task_id=API_TO_GCP permission to 509
[2023-11-26T06:35:44.155+0000] {task_command.py:416} INFO - Running <TaskInstance: outcomes_dag.API_TO_GCP manual__2023-11-26T06:35:39.961902+00:00 [running]> on host 42136bd2bf4d
[2023-11-26T06:35:44.275+0000] {taskinstance.py:1662} INFO - Exporting env vars: AIRFLOW_CTX_DAG_OWNER='***' AIRFLOW_CTX_DAG_ID='outcomes_dag' AIRFLOW_CTX_TASK_ID='API_TO_GCP' AIRFLOW_CTX_EXECUTION_DATE='2023-11-26T06:35:39.961902+00:00' AIRFLOW_CTX_TRY_NUMBER='1' AIRFLOW_CTX_DAG_RUN_ID='manual__2023-11-26T06:35:39.961902+00:00'
[2023-11-26T06:35:59.532+0000] {logging_mixin.py:154} INFO - response :  <Response [200]>
[2023-11-26T06:36:01.455+0000] {logging_mixin.py:154} INFO - response :  <Response [200]>
[2023-11-26T06:36:05.501+0000] {logging_mixin.py:154} INFO - response :  <Response [200]>
[2023-11-26T06:36:06.939+0000] {logging_mixin.py:154} INFO - response :  <Response [200]>
[2023-11-26T06:36:07.811+0000] {logging_mixin.py:154} INFO - Writing data to GCS.....
[2023-11-26T06:36:43.423+0000] {logging_mixin.py:154} INFO - Completed writing data to GCS with date: 2023-11-25.
[2023-11-26T06:36:43.579+0000] {python.py:194} INFO - Done. Returned value was: None
[2023-11-26T06:36:43.595+0000] {taskinstance.py:1400} INFO - Marking task as SUCCESS. dag_id=outcomes_dag, task_id=API_TO_GCP, execution_date=20231126T063539, start_date=20231126T063543, end_date=20231126T063643
[2023-11-26T06:36:43.672+0000] {local_task_job_runner.py:228} INFO - Task exited with return code 0
[2023-11-26T06:36:43.722+0000] {taskinstance.py:2778} INFO - 1 downstream tasks scheduled from follow-on schedule check
