[2023-11-26T06:17:32.709+0000] {logging_mixin.py:154} INFO - Changing /opt/***/logs/dag_id=outcomes_dag/run_id=manual__2023-11-26T06:15:30.920913+00:00/task_id=LOAD_DIMENSION_DATES permission to 509
[2023-11-26T06:17:32.761+0000] {logging_mixin.py:154} INFO - Changing /opt/***/logs/dag_id=outcomes_dag/run_id=manual__2023-11-26T06:15:30.920913+00:00/task_id=LOAD_DIMENSION_DATES permission to 509
[2023-11-26T06:17:32.813+0000] {taskinstance.py:1159} INFO - Dependencies all met for dep_context=non-requeueable deps ti=<TaskInstance: outcomes_dag.LOAD_DIMENSION_DATES manual__2023-11-26T06:15:30.920913+00:00 [queued]>
[2023-11-26T06:17:32.835+0000] {taskinstance.py:1159} INFO - Dependencies all met for dep_context=requeueable deps ti=<TaskInstance: outcomes_dag.LOAD_DIMENSION_DATES manual__2023-11-26T06:15:30.920913+00:00 [queued]>
[2023-11-26T06:17:32.837+0000] {taskinstance.py:1361} INFO - Starting attempt 2 of 2
[2023-11-26T06:17:33.156+0000] {taskinstance.py:1382} INFO - Executing <Task(PythonOperator): LOAD_DIMENSION_DATES> on 2023-11-26 06:15:30.920913+00:00
[2023-11-26T06:17:33.168+0000] {standard_task_runner.py:57} INFO - Started process 1119 to run task
[2023-11-26T06:17:33.178+0000] {standard_task_runner.py:84} INFO - Running: ['***', 'tasks', 'run', 'outcomes_dag', 'LOAD_DIMENSION_DATES', 'manual__2023-11-26T06:15:30.920913+00:00', '--job-id', '44', '--raw', '--subdir', 'DAGS_FOLDER/outcomes_dag.py', '--cfg-path', '/tmp/tmpu2jzfaee']
[2023-11-26T06:17:33.184+0000] {standard_task_runner.py:85} INFO - Job 44: Subtask LOAD_DIMENSION_DATES
[2023-11-26T06:17:33.297+0000] {logging_mixin.py:154} INFO - Changing /opt/***/logs/dag_id=outcomes_dag/run_id=manual__2023-11-26T06:15:30.920913+00:00/task_id=LOAD_DIMENSION_DATES permission to 509
[2023-11-26T06:17:33.304+0000] {task_command.py:416} INFO - Running <TaskInstance: outcomes_dag.LOAD_DIMENSION_DATES manual__2023-11-26T06:15:30.920913+00:00 [running]> on host 42136bd2bf4d
[2023-11-26T06:17:33.439+0000] {taskinstance.py:1662} INFO - Exporting env vars: AIRFLOW_CTX_DAG_OWNER='***' AIRFLOW_CTX_DAG_ID='outcomes_dag' AIRFLOW_CTX_TASK_ID='LOAD_DIMENSION_DATES' AIRFLOW_CTX_EXECUTION_DATE='2023-11-26T06:15:30.920913+00:00' AIRFLOW_CTX_TRY_NUMBER='2' AIRFLOW_CTX_DAG_RUN_ID='manual__2023-11-26T06:15:30.920913+00:00'
[2023-11-26T06:17:34.186+0000] {logging_mixin.py:154} INFO - Executing Create Table Queries...
[2023-11-26T06:17:34.256+0000] {taskinstance.py:1937} ERROR - Task failed with exception
Traceback (most recent call last):
  File "/home/airflow/.local/lib/python3.8/site-packages/airflow/operators/python.py", line 192, in execute
    return_value = self.execute_callable()
  File "/home/airflow/.local/lib/python3.8/site-packages/airflow/operators/python.py", line 209, in execute_callable
    return self.python_callable(*self.op_args, **self.op_kwargs)
  File "/opt/airflow/dags/etlscripts/LoadData.py", line 151, in load_data_to_postgres
    postgres_dataloader.create_table(postgres_connection, table_query)
  File "/opt/airflow/dags/etlscripts/LoadData.py", line 120, in create_table
    cursor.execute(table_query)
psycopg2.errors.DependentObjectsStillExist: cannot drop table datedimension because other objects depend on it
DETAIL:  constraint outcomesfact_date_key_fkey on table outcomesfact depends on table datedimension
HINT:  Use DROP ... CASCADE to drop the dependent objects too.

[2023-11-26T06:17:34.296+0000] {taskinstance.py:1400} INFO - Marking task as FAILED. dag_id=outcomes_dag, task_id=LOAD_DIMENSION_DATES, execution_date=20231126T061530, start_date=20231126T061732, end_date=20231126T061734
[2023-11-26T06:17:34.322+0000] {standard_task_runner.py:104} ERROR - Failed to execute job 44 for task LOAD_DIMENSION_DATES (cannot drop table datedimension because other objects depend on it
DETAIL:  constraint outcomesfact_date_key_fkey on table outcomesfact depends on table datedimension
HINT:  Use DROP ... CASCADE to drop the dependent objects too.
; 1119)
[2023-11-26T06:17:34.357+0000] {local_task_job_runner.py:228} INFO - Task exited with return code 1
[2023-11-26T06:17:34.402+0000] {taskinstance.py:2778} INFO - 0 downstream tasks scheduled from follow-on schedule check
