[2023-11-26T06:17:24.259+0000] {logging_mixin.py:154} INFO - Changing /opt/***/logs/dag_id=outcomes_dag/run_id=manual__2023-11-26T06:15:30.920913+00:00/task_id=LOAD_DIMENSION_DATES permission to 509
[2023-11-26T06:17:24.289+0000] {logging_mixin.py:154} INFO - Changing /opt/***/logs/dag_id=outcomes_dag/run_id=manual__2023-11-26T06:15:30.920913+00:00/task_id=LOAD_DIMENSION_DATES permission to 509
[2023-11-26T06:17:24.322+0000] {taskinstance.py:1159} INFO - Dependencies all met for dep_context=non-requeueable deps ti=<TaskInstance: outcomes_dag.LOAD_DIMENSION_DATES manual__2023-11-26T06:15:30.920913+00:00 [queued]>
[2023-11-26T06:17:24.332+0000] {taskinstance.py:1159} INFO - Dependencies all met for dep_context=requeueable deps ti=<TaskInstance: outcomes_dag.LOAD_DIMENSION_DATES manual__2023-11-26T06:15:30.920913+00:00 [queued]>
[2023-11-26T06:17:24.334+0000] {taskinstance.py:1361} INFO - Starting attempt 1 of 2
[2023-11-26T06:17:24.503+0000] {taskinstance.py:1382} INFO - Executing <Task(PythonOperator): LOAD_DIMENSION_DATES> on 2023-11-26 06:15:30.920913+00:00
[2023-11-26T06:17:24.508+0000] {standard_task_runner.py:57} INFO - Started process 1109 to run task
[2023-11-26T06:17:24.511+0000] {standard_task_runner.py:84} INFO - Running: ['***', 'tasks', 'run', 'outcomes_dag', 'LOAD_DIMENSION_DATES', 'manual__2023-11-26T06:15:30.920913+00:00', '--job-id', '41', '--raw', '--subdir', 'DAGS_FOLDER/outcomes_dag.py', '--cfg-path', '/tmp/tmptb39dv7_']
[2023-11-26T06:17:24.514+0000] {standard_task_runner.py:85} INFO - Job 41: Subtask LOAD_DIMENSION_DATES
[2023-11-26T06:17:24.561+0000] {logging_mixin.py:154} INFO - Changing /opt/***/logs/dag_id=outcomes_dag/run_id=manual__2023-11-26T06:15:30.920913+00:00/task_id=LOAD_DIMENSION_DATES permission to 509
[2023-11-26T06:17:24.565+0000] {task_command.py:416} INFO - Running <TaskInstance: outcomes_dag.LOAD_DIMENSION_DATES manual__2023-11-26T06:15:30.920913+00:00 [running]> on host 42136bd2bf4d
[2023-11-26T06:17:24.640+0000] {taskinstance.py:1662} INFO - Exporting env vars: AIRFLOW_CTX_DAG_OWNER='***' AIRFLOW_CTX_DAG_ID='outcomes_dag' AIRFLOW_CTX_TASK_ID='LOAD_DIMENSION_DATES' AIRFLOW_CTX_EXECUTION_DATE='2023-11-26T06:15:30.920913+00:00' AIRFLOW_CTX_TRY_NUMBER='1' AIRFLOW_CTX_DAG_RUN_ID='manual__2023-11-26T06:15:30.920913+00:00'
[2023-11-26T06:17:25.339+0000] {logging_mixin.py:154} INFO - Executing Create Table Queries...
[2023-11-26T06:17:25.465+0000] {taskinstance.py:1937} ERROR - Task failed with exception
Traceback (most recent call last):
  File "/home/airflow/.local/lib/python3.8/site-packages/airflow/operators/python.py", line 192, in execute
    return_value = self.execute_callable()
  File "/home/airflow/.local/lib/python3.8/site-packages/airflow/operators/python.py", line 209, in execute_callable
    return self.python_callable(*self.op_args, **self.op_kwargs)
  File "/opt/airflow/dags/etlscripts/LoadData.py", line 151, in load_data_to_postgres
    postgres_dataloader.create_table(postgres_connection, table_query)
  File "/opt/airflow/dags/etlscripts/LoadData.py", line 120, in create_table
    cursor.execute(table_query)
psycopg2.errors.DependentObjectsStillExist: cannot drop table datedimension because other objects depend on it
DETAIL:  constraint outcomesfact_date_key_fkey on table outcomesfact depends on table datedimension
HINT:  Use DROP ... CASCADE to drop the dependent objects too.

[2023-11-26T06:17:25.498+0000] {taskinstance.py:1400} INFO - Marking task as UP_FOR_RETRY. dag_id=outcomes_dag, task_id=LOAD_DIMENSION_DATES, execution_date=20231126T061530, start_date=20231126T061724, end_date=20231126T061725
[2023-11-26T06:17:25.520+0000] {standard_task_runner.py:104} ERROR - Failed to execute job 41 for task LOAD_DIMENSION_DATES (cannot drop table datedimension because other objects depend on it
DETAIL:  constraint outcomesfact_date_key_fkey on table outcomesfact depends on table datedimension
HINT:  Use DROP ... CASCADE to drop the dependent objects too.
; 1109)
[2023-11-26T06:17:25.571+0000] {local_task_job_runner.py:228} INFO - Task exited with return code 1
[2023-11-26T06:17:25.605+0000] {taskinstance.py:2778} INFO - 0 downstream tasks scheduled from follow-on schedule check
