[2023-11-26T05:33:01.119+0000] {logging_mixin.py:154} INFO - Changing /opt/***/logs/dag_id=outcomes_dag1/run_id=manual__2023-11-26T05:30:53.766286+00:00/task_id=LOAD_DIM_ANIMALS permission to 509
[2023-11-26T05:33:01.150+0000] {logging_mixin.py:154} INFO - Changing /opt/***/logs/dag_id=outcomes_dag1/run_id=manual__2023-11-26T05:30:53.766286+00:00/task_id=LOAD_DIM_ANIMALS permission to 509
[2023-11-26T05:33:01.187+0000] {taskinstance.py:1159} INFO - Dependencies all met for dep_context=non-requeueable deps ti=<TaskInstance: outcomes_dag1.LOAD_DIM_ANIMALS manual__2023-11-26T05:30:53.766286+00:00 [queued]>
[2023-11-26T05:33:01.392+0000] {taskinstance.py:1159} INFO - Dependencies all met for dep_context=requeueable deps ti=<TaskInstance: outcomes_dag1.LOAD_DIM_ANIMALS manual__2023-11-26T05:30:53.766286+00:00 [queued]>
[2023-11-26T05:33:01.395+0000] {taskinstance.py:1361} INFO - Starting attempt 1 of 2
[2023-11-26T05:33:01.419+0000] {taskinstance.py:1382} INFO - Executing <Task(PythonOperator): LOAD_DIM_ANIMALS> on 2023-11-26 05:30:53.766286+00:00
[2023-11-26T05:33:01.427+0000] {standard_task_runner.py:57} INFO - Started process 381 to run task
[2023-11-26T05:33:01.433+0000] {standard_task_runner.py:84} INFO - Running: ['***', 'tasks', 'run', 'outcomes_dag1', 'LOAD_DIM_ANIMALS', 'manual__2023-11-26T05:30:53.766286+00:00', '--job-id', '16', '--raw', '--subdir', 'DAGS_FOLDER/Retry2.py', '--cfg-path', '/tmp/tmpdtaohv1i']
[2023-11-26T05:33:01.438+0000] {standard_task_runner.py:85} INFO - Job 16: Subtask LOAD_DIM_ANIMALS
[2023-11-26T05:33:01.505+0000] {logging_mixin.py:154} INFO - Changing /opt/***/logs/dag_id=outcomes_dag1/run_id=manual__2023-11-26T05:30:53.766286+00:00/task_id=LOAD_DIM_ANIMALS permission to 509
[2023-11-26T05:33:01.510+0000] {task_command.py:416} INFO - Running <TaskInstance: outcomes_dag1.LOAD_DIM_ANIMALS manual__2023-11-26T05:30:53.766286+00:00 [running]> on host 42136bd2bf4d
[2023-11-26T05:33:01.605+0000] {taskinstance.py:1662} INFO - Exporting env vars: AIRFLOW_CTX_DAG_OWNER='***' AIRFLOW_CTX_DAG_ID='outcomes_dag1' AIRFLOW_CTX_TASK_ID='LOAD_DIM_ANIMALS' AIRFLOW_CTX_EXECUTION_DATE='2023-11-26T05:30:53.766286+00:00' AIRFLOW_CTX_TRY_NUMBER='1' AIRFLOW_CTX_DAG_RUN_ID='manual__2023-11-26T05:30:53.766286+00:00'
[2023-11-26T05:33:03.563+0000] {logging_mixin.py:154} INFO - Executing Create Table Queries...
[2023-11-26T05:33:03.764+0000] {logging_mixin.py:154} INFO - Finished creating tables...
[2023-11-26T05:33:03.767+0000] {logging_mixin.py:154} INFO - Dropping Table animaldimension
[2023-11-26T05:33:03.955+0000] {logging_mixin.py:154} INFO - Loading data into PostgreSQL for table animaldimension
[2023-11-26T05:34:18.827+0000] {logging_mixin.py:154} INFO - Number of rows inserted for table animaldimension: 157322
[2023-11-26T05:34:18.838+0000] {python.py:194} INFO - Done. Returned value was: None
[2023-11-26T05:34:18.849+0000] {taskinstance.py:1400} INFO - Marking task as SUCCESS. dag_id=outcomes_dag1, task_id=LOAD_DIM_ANIMALS, execution_date=20231126T053053, start_date=20231126T053301, end_date=20231126T053418
[2023-11-26T05:34:18.923+0000] {local_task_job_runner.py:228} INFO - Task exited with return code 0
[2023-11-26T05:34:18.949+0000] {taskinstance.py:2778} INFO - 1 downstream tasks scheduled from follow-on schedule check
