[2023-11-26T05:29:42.487+0000] {processor.py:157} INFO - Started process (PID=331) to work on /opt/airflow/dags/Retry2.py
[2023-11-26T05:29:42.488+0000] {processor.py:829} INFO - Processing file /opt/airflow/dags/Retry2.py for tasks to queue
[2023-11-26T05:29:42.490+0000] {logging_mixin.py:154} INFO - [2023-11-26T05:29:42.490+0000] {dagbag.py:536} INFO - Filling up the DagBag from /opt/airflow/dags/Retry2.py
[2023-11-26T05:29:43.052+0000] {processor.py:839} INFO - DAG(s) dict_keys(['outcomes_dag']) retrieved from /opt/airflow/dags/Retry2.py
[2023-11-26T05:29:43.154+0000] {logging_mixin.py:154} INFO - [2023-11-26T05:29:43.153+0000] {dag.py:2941} INFO - Sync 1 DAGs
[2023-11-26T05:29:43.174+0000] {logging_mixin.py:154} INFO - [2023-11-26T05:29:43.174+0000] {dag.py:3722} INFO - Setting next_dagrun for outcomes_dag to 2023-11-26T00:00:00+00:00, run_after=2023-11-27T00:00:00+00:00
[2023-11-26T05:29:43.207+0000] {processor.py:179} INFO - Processing /opt/airflow/dags/Retry2.py took 0.724 seconds
[2023-11-26T05:30:13.639+0000] {processor.py:157} INFO - Started process (PID=342) to work on /opt/airflow/dags/Retry2.py
[2023-11-26T05:30:13.640+0000] {processor.py:829} INFO - Processing file /opt/airflow/dags/Retry2.py for tasks to queue
[2023-11-26T05:30:13.642+0000] {logging_mixin.py:154} INFO - [2023-11-26T05:30:13.641+0000] {dagbag.py:536} INFO - Filling up the DagBag from /opt/airflow/dags/Retry2.py
[2023-11-26T05:30:14.143+0000] {processor.py:839} INFO - DAG(s) dict_keys(['outcomes_dag']) retrieved from /opt/airflow/dags/Retry2.py
[2023-11-26T05:30:14.169+0000] {logging_mixin.py:154} INFO - [2023-11-26T05:30:14.169+0000] {dag.py:2941} INFO - Sync 1 DAGs
[2023-11-26T05:30:14.189+0000] {logging_mixin.py:154} INFO - [2023-11-26T05:30:14.188+0000] {dag.py:3722} INFO - Setting next_dagrun for outcomes_dag to 2023-11-26T00:00:00+00:00, run_after=2023-11-27T00:00:00+00:00
[2023-11-26T05:30:14.213+0000] {processor.py:179} INFO - Processing /opt/airflow/dags/Retry2.py took 0.578 seconds
[2023-11-26T05:30:20.365+0000] {processor.py:157} INFO - Started process (PID=344) to work on /opt/airflow/dags/Retry2.py
[2023-11-26T05:30:20.367+0000] {processor.py:829} INFO - Processing file /opt/airflow/dags/Retry2.py for tasks to queue
[2023-11-26T05:30:20.369+0000] {logging_mixin.py:154} INFO - [2023-11-26T05:30:20.368+0000] {dagbag.py:536} INFO - Filling up the DagBag from /opt/airflow/dags/Retry2.py
[2023-11-26T05:30:20.966+0000] {processor.py:839} INFO - DAG(s) dict_keys(['outcomes_dag']) retrieved from /opt/airflow/dags/Retry2.py
[2023-11-26T05:30:21.079+0000] {logging_mixin.py:154} INFO - [2023-11-26T05:30:21.079+0000] {dag.py:2941} INFO - Sync 1 DAGs
[2023-11-26T05:30:21.106+0000] {logging_mixin.py:154} INFO - [2023-11-26T05:30:21.106+0000] {dag.py:3722} INFO - Setting next_dagrun for outcomes_dag to 2023-11-26T00:00:00+00:00, run_after=2023-11-27T00:00:00+00:00
[2023-11-26T05:30:21.147+0000] {processor.py:179} INFO - Processing /opt/airflow/dags/Retry2.py took 0.787 seconds
[2023-11-26T05:30:34.934+0000] {processor.py:157} INFO - Started process (PID=353) to work on /opt/airflow/dags/Retry2.py
[2023-11-26T05:30:34.936+0000] {processor.py:829} INFO - Processing file /opt/airflow/dags/Retry2.py for tasks to queue
[2023-11-26T05:30:34.937+0000] {logging_mixin.py:154} INFO - [2023-11-26T05:30:34.937+0000] {dagbag.py:536} INFO - Filling up the DagBag from /opt/airflow/dags/Retry2.py
[2023-11-26T05:30:35.440+0000] {processor.py:839} INFO - DAG(s) dict_keys(['outcomes_dag1']) retrieved from /opt/airflow/dags/Retry2.py
[2023-11-26T05:30:35.525+0000] {logging_mixin.py:154} INFO - [2023-11-26T05:30:35.525+0000] {manager.py:499} INFO - Created Permission View: %s
[2023-11-26T05:30:35.538+0000] {logging_mixin.py:154} INFO - [2023-11-26T05:30:35.538+0000] {manager.py:499} INFO - Created Permission View: %s
[2023-11-26T05:30:35.548+0000] {logging_mixin.py:154} INFO - [2023-11-26T05:30:35.548+0000] {manager.py:499} INFO - Created Permission View: %s
[2023-11-26T05:30:35.549+0000] {logging_mixin.py:154} INFO - [2023-11-26T05:30:35.549+0000] {dag.py:2941} INFO - Sync 1 DAGs
[2023-11-26T05:30:35.558+0000] {logging_mixin.py:154} INFO - [2023-11-26T05:30:35.558+0000] {dag.py:2963} INFO - Creating ORM DAG for outcomes_dag1
[2023-11-26T05:30:35.570+0000] {logging_mixin.py:154} INFO - [2023-11-26T05:30:35.570+0000] {dag.py:3722} INFO - Setting next_dagrun for outcomes_dag1 to 2023-11-25T00:00:00+00:00, run_after=2023-11-26T00:00:00+00:00
[2023-11-26T05:30:35.596+0000] {processor.py:179} INFO - Processing /opt/airflow/dags/Retry2.py took 0.666 seconds
[2023-11-26T05:31:06.061+0000] {processor.py:157} INFO - Started process (PID=372) to work on /opt/airflow/dags/Retry2.py
[2023-11-26T05:31:06.066+0000] {processor.py:829} INFO - Processing file /opt/airflow/dags/Retry2.py for tasks to queue
[2023-11-26T05:31:06.068+0000] {logging_mixin.py:154} INFO - [2023-11-26T05:31:06.067+0000] {dagbag.py:536} INFO - Filling up the DagBag from /opt/airflow/dags/Retry2.py
[2023-11-26T05:31:06.721+0000] {processor.py:839} INFO - DAG(s) dict_keys(['outcomes_dag1']) retrieved from /opt/airflow/dags/Retry2.py
[2023-11-26T05:31:06.762+0000] {logging_mixin.py:154} INFO - [2023-11-26T05:31:06.762+0000] {dag.py:2941} INFO - Sync 1 DAGs
[2023-11-26T05:31:06.803+0000] {logging_mixin.py:154} INFO - [2023-11-26T05:31:06.803+0000] {dag.py:3722} INFO - Setting next_dagrun for outcomes_dag1 to 2023-11-26T00:00:00+00:00, run_after=2023-11-27T00:00:00+00:00
[2023-11-26T05:31:06.845+0000] {processor.py:179} INFO - Processing /opt/airflow/dags/Retry2.py took 0.787 seconds
[2023-11-26T05:31:37.446+0000] {processor.py:157} INFO - Started process (PID=383) to work on /opt/airflow/dags/Retry2.py
[2023-11-26T05:31:37.448+0000] {processor.py:829} INFO - Processing file /opt/airflow/dags/Retry2.py for tasks to queue
[2023-11-26T05:31:37.450+0000] {logging_mixin.py:154} INFO - [2023-11-26T05:31:37.450+0000] {dagbag.py:536} INFO - Filling up the DagBag from /opt/airflow/dags/Retry2.py
[2023-11-26T05:31:37.954+0000] {processor.py:839} INFO - DAG(s) dict_keys(['outcomes_dag1']) retrieved from /opt/airflow/dags/Retry2.py
[2023-11-26T05:31:37.976+0000] {logging_mixin.py:154} INFO - [2023-11-26T05:31:37.976+0000] {dag.py:2941} INFO - Sync 1 DAGs
[2023-11-26T05:31:37.996+0000] {logging_mixin.py:154} INFO - [2023-11-26T05:31:37.995+0000] {dag.py:3722} INFO - Setting next_dagrun for outcomes_dag1 to 2023-11-26T00:00:00+00:00, run_after=2023-11-27T00:00:00+00:00
[2023-11-26T05:31:38.021+0000] {processor.py:179} INFO - Processing /opt/airflow/dags/Retry2.py took 0.580 seconds
[2023-11-26T05:32:08.536+0000] {processor.py:157} INFO - Started process (PID=394) to work on /opt/airflow/dags/Retry2.py
[2023-11-26T05:32:08.537+0000] {processor.py:829} INFO - Processing file /opt/airflow/dags/Retry2.py for tasks to queue
[2023-11-26T05:32:08.539+0000] {logging_mixin.py:154} INFO - [2023-11-26T05:32:08.538+0000] {dagbag.py:536} INFO - Filling up the DagBag from /opt/airflow/dags/Retry2.py
[2023-11-26T05:32:09.047+0000] {processor.py:839} INFO - DAG(s) dict_keys(['outcomes_dag1']) retrieved from /opt/airflow/dags/Retry2.py
[2023-11-26T05:32:09.069+0000] {logging_mixin.py:154} INFO - [2023-11-26T05:32:09.069+0000] {dag.py:2941} INFO - Sync 1 DAGs
[2023-11-26T05:32:09.090+0000] {logging_mixin.py:154} INFO - [2023-11-26T05:32:09.090+0000] {dag.py:3722} INFO - Setting next_dagrun for outcomes_dag1 to 2023-11-26T00:00:00+00:00, run_after=2023-11-27T00:00:00+00:00
[2023-11-26T05:32:09.114+0000] {processor.py:179} INFO - Processing /opt/airflow/dags/Retry2.py took 0.582 seconds
[2023-11-26T05:32:39.544+0000] {processor.py:157} INFO - Started process (PID=405) to work on /opt/airflow/dags/Retry2.py
[2023-11-26T05:32:39.545+0000] {processor.py:829} INFO - Processing file /opt/airflow/dags/Retry2.py for tasks to queue
[2023-11-26T05:32:39.546+0000] {logging_mixin.py:154} INFO - [2023-11-26T05:32:39.546+0000] {dagbag.py:536} INFO - Filling up the DagBag from /opt/airflow/dags/Retry2.py
[2023-11-26T05:32:40.033+0000] {processor.py:839} INFO - DAG(s) dict_keys(['outcomes_dag1']) retrieved from /opt/airflow/dags/Retry2.py
[2023-11-26T05:32:40.060+0000] {logging_mixin.py:154} INFO - [2023-11-26T05:32:40.059+0000] {dag.py:2941} INFO - Sync 1 DAGs
[2023-11-26T05:32:40.092+0000] {logging_mixin.py:154} INFO - [2023-11-26T05:32:40.091+0000] {dag.py:3722} INFO - Setting next_dagrun for outcomes_dag1 to 2023-11-26T00:00:00+00:00, run_after=2023-11-27T00:00:00+00:00
[2023-11-26T05:32:40.116+0000] {processor.py:179} INFO - Processing /opt/airflow/dags/Retry2.py took 0.575 seconds
[2023-11-26T05:33:10.542+0000] {processor.py:157} INFO - Started process (PID=421) to work on /opt/airflow/dags/Retry2.py
[2023-11-26T05:33:10.543+0000] {processor.py:829} INFO - Processing file /opt/airflow/dags/Retry2.py for tasks to queue
[2023-11-26T05:33:10.544+0000] {logging_mixin.py:154} INFO - [2023-11-26T05:33:10.544+0000] {dagbag.py:536} INFO - Filling up the DagBag from /opt/airflow/dags/Retry2.py
[2023-11-26T05:33:11.014+0000] {processor.py:839} INFO - DAG(s) dict_keys(['outcomes_dag1']) retrieved from /opt/airflow/dags/Retry2.py
[2023-11-26T05:33:11.036+0000] {logging_mixin.py:154} INFO - [2023-11-26T05:33:11.036+0000] {dag.py:2941} INFO - Sync 1 DAGs
[2023-11-26T05:33:11.055+0000] {logging_mixin.py:154} INFO - [2023-11-26T05:33:11.055+0000] {dag.py:3722} INFO - Setting next_dagrun for outcomes_dag1 to 2023-11-26T00:00:00+00:00, run_after=2023-11-27T00:00:00+00:00
[2023-11-26T05:33:11.077+0000] {processor.py:179} INFO - Processing /opt/airflow/dags/Retry2.py took 0.539 seconds
[2023-11-26T05:33:41.512+0000] {processor.py:157} INFO - Started process (PID=432) to work on /opt/airflow/dags/Retry2.py
[2023-11-26T05:33:41.514+0000] {processor.py:829} INFO - Processing file /opt/airflow/dags/Retry2.py for tasks to queue
[2023-11-26T05:33:41.516+0000] {logging_mixin.py:154} INFO - [2023-11-26T05:33:41.516+0000] {dagbag.py:536} INFO - Filling up the DagBag from /opt/airflow/dags/Retry2.py
[2023-11-26T05:33:42.062+0000] {processor.py:839} INFO - DAG(s) dict_keys(['outcomes_dag1']) retrieved from /opt/airflow/dags/Retry2.py
[2023-11-26T05:33:42.086+0000] {logging_mixin.py:154} INFO - [2023-11-26T05:33:42.086+0000] {dag.py:2941} INFO - Sync 1 DAGs
[2023-11-26T05:33:42.106+0000] {logging_mixin.py:154} INFO - [2023-11-26T05:33:42.105+0000] {dag.py:3722} INFO - Setting next_dagrun for outcomes_dag1 to 2023-11-26T00:00:00+00:00, run_after=2023-11-27T00:00:00+00:00
[2023-11-26T05:33:42.134+0000] {processor.py:179} INFO - Processing /opt/airflow/dags/Retry2.py took 0.624 seconds
[2023-11-26T05:34:12.875+0000] {processor.py:157} INFO - Started process (PID=443) to work on /opt/airflow/dags/Retry2.py
[2023-11-26T05:34:12.876+0000] {processor.py:829} INFO - Processing file /opt/airflow/dags/Retry2.py for tasks to queue
[2023-11-26T05:34:12.878+0000] {logging_mixin.py:154} INFO - [2023-11-26T05:34:12.878+0000] {dagbag.py:536} INFO - Filling up the DagBag from /opt/airflow/dags/Retry2.py
[2023-11-26T05:34:13.382+0000] {processor.py:839} INFO - DAG(s) dict_keys(['outcomes_dag1']) retrieved from /opt/airflow/dags/Retry2.py
[2023-11-26T05:34:13.404+0000] {logging_mixin.py:154} INFO - [2023-11-26T05:34:13.404+0000] {dag.py:2941} INFO - Sync 1 DAGs
[2023-11-26T05:34:13.427+0000] {logging_mixin.py:154} INFO - [2023-11-26T05:34:13.426+0000] {dag.py:3722} INFO - Setting next_dagrun for outcomes_dag1 to 2023-11-26T00:00:00+00:00, run_after=2023-11-27T00:00:00+00:00
[2023-11-26T05:34:13.452+0000] {processor.py:179} INFO - Processing /opt/airflow/dags/Retry2.py took 0.579 seconds
[2023-11-26T05:34:44.290+0000] {processor.py:157} INFO - Started process (PID=459) to work on /opt/airflow/dags/Retry2.py
[2023-11-26T05:34:44.292+0000] {processor.py:829} INFO - Processing file /opt/airflow/dags/Retry2.py for tasks to queue
[2023-11-26T05:34:44.294+0000] {logging_mixin.py:154} INFO - [2023-11-26T05:34:44.293+0000] {dagbag.py:536} INFO - Filling up the DagBag from /opt/airflow/dags/Retry2.py
[2023-11-26T05:34:44.917+0000] {processor.py:839} INFO - DAG(s) dict_keys(['outcomes_dag1']) retrieved from /opt/airflow/dags/Retry2.py
[2023-11-26T05:34:44.963+0000] {logging_mixin.py:154} INFO - [2023-11-26T05:34:44.963+0000] {dag.py:2941} INFO - Sync 1 DAGs
[2023-11-26T05:34:45.030+0000] {logging_mixin.py:154} INFO - [2023-11-26T05:34:45.030+0000] {dag.py:3722} INFO - Setting next_dagrun for outcomes_dag1 to 2023-11-26T00:00:00+00:00, run_after=2023-11-27T00:00:00+00:00
[2023-11-26T05:34:45.090+0000] {processor.py:179} INFO - Processing /opt/airflow/dags/Retry2.py took 0.803 seconds
[2023-11-26T05:35:15.674+0000] {processor.py:157} INFO - Started process (PID=470) to work on /opt/airflow/dags/Retry2.py
[2023-11-26T05:35:15.676+0000] {processor.py:829} INFO - Processing file /opt/airflow/dags/Retry2.py for tasks to queue
[2023-11-26T05:35:15.678+0000] {logging_mixin.py:154} INFO - [2023-11-26T05:35:15.678+0000] {dagbag.py:536} INFO - Filling up the DagBag from /opt/airflow/dags/Retry2.py
[2023-11-26T05:35:16.331+0000] {processor.py:839} INFO - DAG(s) dict_keys(['outcomes_dag1']) retrieved from /opt/airflow/dags/Retry2.py
[2023-11-26T05:35:16.352+0000] {logging_mixin.py:154} INFO - [2023-11-26T05:35:16.352+0000] {dag.py:2941} INFO - Sync 1 DAGs
[2023-11-26T05:35:16.370+0000] {logging_mixin.py:154} INFO - [2023-11-26T05:35:16.370+0000] {dag.py:3722} INFO - Setting next_dagrun for outcomes_dag1 to 2023-11-26T00:00:00+00:00, run_after=2023-11-27T00:00:00+00:00
[2023-11-26T05:35:16.391+0000] {processor.py:179} INFO - Processing /opt/airflow/dags/Retry2.py took 0.721 seconds
[2023-11-26T05:35:46.823+0000] {processor.py:157} INFO - Started process (PID=481) to work on /opt/airflow/dags/Retry2.py
[2023-11-26T05:35:46.825+0000] {processor.py:829} INFO - Processing file /opt/airflow/dags/Retry2.py for tasks to queue
[2023-11-26T05:35:46.826+0000] {logging_mixin.py:154} INFO - [2023-11-26T05:35:46.826+0000] {dagbag.py:536} INFO - Filling up the DagBag from /opt/airflow/dags/Retry2.py
[2023-11-26T05:35:47.316+0000] {processor.py:839} INFO - DAG(s) dict_keys(['outcomes_dag1']) retrieved from /opt/airflow/dags/Retry2.py
[2023-11-26T05:35:47.335+0000] {logging_mixin.py:154} INFO - [2023-11-26T05:35:47.335+0000] {dag.py:2941} INFO - Sync 1 DAGs
[2023-11-26T05:35:47.352+0000] {logging_mixin.py:154} INFO - [2023-11-26T05:35:47.352+0000] {dag.py:3722} INFO - Setting next_dagrun for outcomes_dag1 to 2023-11-26T00:00:00+00:00, run_after=2023-11-27T00:00:00+00:00
[2023-11-26T05:35:47.374+0000] {processor.py:179} INFO - Processing /opt/airflow/dags/Retry2.py took 0.556 seconds
[2023-11-26T05:36:17.802+0000] {processor.py:157} INFO - Started process (PID=492) to work on /opt/airflow/dags/Retry2.py
[2023-11-26T05:36:17.803+0000] {processor.py:829} INFO - Processing file /opt/airflow/dags/Retry2.py for tasks to queue
[2023-11-26T05:36:17.805+0000] {logging_mixin.py:154} INFO - [2023-11-26T05:36:17.805+0000] {dagbag.py:536} INFO - Filling up the DagBag from /opt/airflow/dags/Retry2.py
[2023-11-26T05:36:18.363+0000] {processor.py:839} INFO - DAG(s) dict_keys(['outcomes_dag1']) retrieved from /opt/airflow/dags/Retry2.py
[2023-11-26T05:36:18.387+0000] {logging_mixin.py:154} INFO - [2023-11-26T05:36:18.386+0000] {dag.py:2941} INFO - Sync 1 DAGs
[2023-11-26T05:36:18.407+0000] {logging_mixin.py:154} INFO - [2023-11-26T05:36:18.407+0000] {dag.py:3722} INFO - Setting next_dagrun for outcomes_dag1 to 2023-11-26T00:00:00+00:00, run_after=2023-11-27T00:00:00+00:00
[2023-11-26T05:36:18.433+0000] {processor.py:179} INFO - Processing /opt/airflow/dags/Retry2.py took 0.637 seconds
[2023-11-26T05:36:48.861+0000] {processor.py:157} INFO - Started process (PID=502) to work on /opt/airflow/dags/Retry2.py
[2023-11-26T05:36:48.863+0000] {processor.py:829} INFO - Processing file /opt/airflow/dags/Retry2.py for tasks to queue
[2023-11-26T05:36:48.864+0000] {logging_mixin.py:154} INFO - [2023-11-26T05:36:48.864+0000] {dagbag.py:536} INFO - Filling up the DagBag from /opt/airflow/dags/Retry2.py
[2023-11-26T05:36:49.330+0000] {processor.py:839} INFO - DAG(s) dict_keys(['outcomes_dag1']) retrieved from /opt/airflow/dags/Retry2.py
[2023-11-26T05:36:49.353+0000] {logging_mixin.py:154} INFO - [2023-11-26T05:36:49.352+0000] {dag.py:2941} INFO - Sync 1 DAGs
[2023-11-26T05:36:49.377+0000] {logging_mixin.py:154} INFO - [2023-11-26T05:36:49.377+0000] {dag.py:3722} INFO - Setting next_dagrun for outcomes_dag1 to 2023-11-26T00:00:00+00:00, run_after=2023-11-27T00:00:00+00:00
[2023-11-26T05:36:49.404+0000] {processor.py:179} INFO - Processing /opt/airflow/dags/Retry2.py took 0.546 seconds
[2023-11-26T05:37:19.822+0000] {processor.py:157} INFO - Started process (PID=512) to work on /opt/airflow/dags/Retry2.py
[2023-11-26T05:37:19.824+0000] {processor.py:829} INFO - Processing file /opt/airflow/dags/Retry2.py for tasks to queue
[2023-11-26T05:37:19.825+0000] {logging_mixin.py:154} INFO - [2023-11-26T05:37:19.825+0000] {dagbag.py:536} INFO - Filling up the DagBag from /opt/airflow/dags/Retry2.py
[2023-11-26T05:37:20.279+0000] {processor.py:839} INFO - DAG(s) dict_keys(['outcomes_dag1']) retrieved from /opt/airflow/dags/Retry2.py
[2023-11-26T05:37:20.300+0000] {logging_mixin.py:154} INFO - [2023-11-26T05:37:20.299+0000] {dag.py:2941} INFO - Sync 1 DAGs
[2023-11-26T05:37:20.319+0000] {logging_mixin.py:154} INFO - [2023-11-26T05:37:20.318+0000] {dag.py:3722} INFO - Setting next_dagrun for outcomes_dag1 to 2023-11-26T00:00:00+00:00, run_after=2023-11-27T00:00:00+00:00
[2023-11-26T05:37:20.340+0000] {processor.py:179} INFO - Processing /opt/airflow/dags/Retry2.py took 0.521 seconds
[2023-11-26T05:37:50.765+0000] {processor.py:157} INFO - Started process (PID=522) to work on /opt/airflow/dags/Retry2.py
[2023-11-26T05:37:50.767+0000] {processor.py:829} INFO - Processing file /opt/airflow/dags/Retry2.py for tasks to queue
[2023-11-26T05:37:50.769+0000] {logging_mixin.py:154} INFO - [2023-11-26T05:37:50.768+0000] {dagbag.py:536} INFO - Filling up the DagBag from /opt/airflow/dags/Retry2.py
[2023-11-26T05:37:51.295+0000] {processor.py:839} INFO - DAG(s) dict_keys(['outcomes_dag1']) retrieved from /opt/airflow/dags/Retry2.py
[2023-11-26T05:37:51.319+0000] {logging_mixin.py:154} INFO - [2023-11-26T05:37:51.319+0000] {dag.py:2941} INFO - Sync 1 DAGs
[2023-11-26T05:37:51.338+0000] {logging_mixin.py:154} INFO - [2023-11-26T05:37:51.338+0000] {dag.py:3722} INFO - Setting next_dagrun for outcomes_dag1 to 2023-11-26T00:00:00+00:00, run_after=2023-11-27T00:00:00+00:00
[2023-11-26T05:37:51.358+0000] {processor.py:179} INFO - Processing /opt/airflow/dags/Retry2.py took 0.600 seconds
[2023-11-26T05:38:21.765+0000] {processor.py:157} INFO - Started process (PID=533) to work on /opt/airflow/dags/Retry2.py
[2023-11-26T05:38:21.766+0000] {processor.py:829} INFO - Processing file /opt/airflow/dags/Retry2.py for tasks to queue
[2023-11-26T05:38:21.768+0000] {logging_mixin.py:154} INFO - [2023-11-26T05:38:21.768+0000] {dagbag.py:536} INFO - Filling up the DagBag from /opt/airflow/dags/Retry2.py
[2023-11-26T05:38:22.264+0000] {processor.py:839} INFO - DAG(s) dict_keys(['outcomes_dag1']) retrieved from /opt/airflow/dags/Retry2.py
[2023-11-26T05:38:22.292+0000] {logging_mixin.py:154} INFO - [2023-11-26T05:38:22.292+0000] {dag.py:2941} INFO - Sync 1 DAGs
[2023-11-26T05:38:22.315+0000] {logging_mixin.py:154} INFO - [2023-11-26T05:38:22.315+0000] {dag.py:3722} INFO - Setting next_dagrun for outcomes_dag1 to 2023-11-26T00:00:00+00:00, run_after=2023-11-27T00:00:00+00:00
[2023-11-26T05:38:22.344+0000] {processor.py:179} INFO - Processing /opt/airflow/dags/Retry2.py took 0.583 seconds
[2023-11-26T05:38:52.744+0000] {processor.py:157} INFO - Started process (PID=544) to work on /opt/airflow/dags/Retry2.py
[2023-11-26T05:38:52.745+0000] {processor.py:829} INFO - Processing file /opt/airflow/dags/Retry2.py for tasks to queue
[2023-11-26T05:38:52.747+0000] {logging_mixin.py:154} INFO - [2023-11-26T05:38:52.746+0000] {dagbag.py:536} INFO - Filling up the DagBag from /opt/airflow/dags/Retry2.py
[2023-11-26T05:38:53.265+0000] {processor.py:839} INFO - DAG(s) dict_keys(['outcomes_dag1']) retrieved from /opt/airflow/dags/Retry2.py
[2023-11-26T05:38:53.290+0000] {logging_mixin.py:154} INFO - [2023-11-26T05:38:53.289+0000] {dag.py:2941} INFO - Sync 1 DAGs
[2023-11-26T05:38:53.311+0000] {logging_mixin.py:154} INFO - [2023-11-26T05:38:53.311+0000] {dag.py:3722} INFO - Setting next_dagrun for outcomes_dag1 to 2023-11-26T00:00:00+00:00, run_after=2023-11-27T00:00:00+00:00
[2023-11-26T05:38:53.340+0000] {processor.py:179} INFO - Processing /opt/airflow/dags/Retry2.py took 0.600 seconds
[2023-11-26T05:39:23.768+0000] {processor.py:157} INFO - Started process (PID=555) to work on /opt/airflow/dags/Retry2.py
[2023-11-26T05:39:23.770+0000] {processor.py:829} INFO - Processing file /opt/airflow/dags/Retry2.py for tasks to queue
[2023-11-26T05:39:23.772+0000] {logging_mixin.py:154} INFO - [2023-11-26T05:39:23.772+0000] {dagbag.py:536} INFO - Filling up the DagBag from /opt/airflow/dags/Retry2.py
[2023-11-26T05:39:24.284+0000] {processor.py:839} INFO - DAG(s) dict_keys(['outcomes_dag1']) retrieved from /opt/airflow/dags/Retry2.py
[2023-11-26T05:39:24.303+0000] {logging_mixin.py:154} INFO - [2023-11-26T05:39:24.303+0000] {dag.py:2941} INFO - Sync 1 DAGs
[2023-11-26T05:39:24.320+0000] {logging_mixin.py:154} INFO - [2023-11-26T05:39:24.320+0000] {dag.py:3722} INFO - Setting next_dagrun for outcomes_dag1 to 2023-11-26T00:00:00+00:00, run_after=2023-11-27T00:00:00+00:00
[2023-11-26T05:39:24.343+0000] {processor.py:179} INFO - Processing /opt/airflow/dags/Retry2.py took 0.580 seconds
[2023-11-26T05:39:55.003+0000] {processor.py:157} INFO - Started process (PID=566) to work on /opt/airflow/dags/Retry2.py
[2023-11-26T05:39:55.004+0000] {processor.py:829} INFO - Processing file /opt/airflow/dags/Retry2.py for tasks to queue
[2023-11-26T05:39:55.006+0000] {logging_mixin.py:154} INFO - [2023-11-26T05:39:55.005+0000] {dagbag.py:536} INFO - Filling up the DagBag from /opt/airflow/dags/Retry2.py
[2023-11-26T05:39:55.496+0000] {processor.py:839} INFO - DAG(s) dict_keys(['outcomes_dag1']) retrieved from /opt/airflow/dags/Retry2.py
[2023-11-26T05:39:55.518+0000] {logging_mixin.py:154} INFO - [2023-11-26T05:39:55.517+0000] {dag.py:2941} INFO - Sync 1 DAGs
[2023-11-26T05:39:55.539+0000] {logging_mixin.py:154} INFO - [2023-11-26T05:39:55.539+0000] {dag.py:3722} INFO - Setting next_dagrun for outcomes_dag1 to 2023-11-26T00:00:00+00:00, run_after=2023-11-27T00:00:00+00:00
[2023-11-26T05:39:55.567+0000] {processor.py:179} INFO - Processing /opt/airflow/dags/Retry2.py took 0.567 seconds
[2023-11-26T05:40:25.944+0000] {processor.py:157} INFO - Started process (PID=577) to work on /opt/airflow/dags/Retry2.py
[2023-11-26T05:40:25.946+0000] {processor.py:829} INFO - Processing file /opt/airflow/dags/Retry2.py for tasks to queue
[2023-11-26T05:40:25.948+0000] {logging_mixin.py:154} INFO - [2023-11-26T05:40:25.948+0000] {dagbag.py:536} INFO - Filling up the DagBag from /opt/airflow/dags/Retry2.py
[2023-11-26T05:40:26.458+0000] {processor.py:839} INFO - DAG(s) dict_keys(['outcomes_dag1']) retrieved from /opt/airflow/dags/Retry2.py
[2023-11-26T05:40:26.482+0000] {logging_mixin.py:154} INFO - [2023-11-26T05:40:26.482+0000] {dag.py:2941} INFO - Sync 1 DAGs
[2023-11-26T05:40:26.501+0000] {logging_mixin.py:154} INFO - [2023-11-26T05:40:26.501+0000] {dag.py:3722} INFO - Setting next_dagrun for outcomes_dag1 to 2023-11-26T00:00:00+00:00, run_after=2023-11-27T00:00:00+00:00
[2023-11-26T05:40:26.527+0000] {processor.py:179} INFO - Processing /opt/airflow/dags/Retry2.py took 0.587 seconds
[2023-11-26T05:40:56.936+0000] {processor.py:157} INFO - Started process (PID=587) to work on /opt/airflow/dags/Retry2.py
[2023-11-26T05:40:56.938+0000] {processor.py:829} INFO - Processing file /opt/airflow/dags/Retry2.py for tasks to queue
[2023-11-26T05:40:56.940+0000] {logging_mixin.py:154} INFO - [2023-11-26T05:40:56.940+0000] {dagbag.py:536} INFO - Filling up the DagBag from /opt/airflow/dags/Retry2.py
[2023-11-26T05:40:57.433+0000] {processor.py:839} INFO - DAG(s) dict_keys(['outcomes_dag1']) retrieved from /opt/airflow/dags/Retry2.py
[2023-11-26T05:40:57.455+0000] {logging_mixin.py:154} INFO - [2023-11-26T05:40:57.454+0000] {dag.py:2941} INFO - Sync 1 DAGs
[2023-11-26T05:40:57.474+0000] {logging_mixin.py:154} INFO - [2023-11-26T05:40:57.473+0000] {dag.py:3722} INFO - Setting next_dagrun for outcomes_dag1 to 2023-11-26T00:00:00+00:00, run_after=2023-11-27T00:00:00+00:00
[2023-11-26T05:40:57.498+0000] {processor.py:179} INFO - Processing /opt/airflow/dags/Retry2.py took 0.568 seconds
[2023-11-26T05:41:27.900+0000] {processor.py:157} INFO - Started process (PID=598) to work on /opt/airflow/dags/Retry2.py
[2023-11-26T05:41:27.901+0000] {processor.py:829} INFO - Processing file /opt/airflow/dags/Retry2.py for tasks to queue
[2023-11-26T05:41:27.902+0000] {logging_mixin.py:154} INFO - [2023-11-26T05:41:27.902+0000] {dagbag.py:536} INFO - Filling up the DagBag from /opt/airflow/dags/Retry2.py
[2023-11-26T05:41:28.354+0000] {processor.py:839} INFO - DAG(s) dict_keys(['outcomes_dag1']) retrieved from /opt/airflow/dags/Retry2.py
[2023-11-26T05:41:28.376+0000] {logging_mixin.py:154} INFO - [2023-11-26T05:41:28.376+0000] {dag.py:2941} INFO - Sync 1 DAGs
[2023-11-26T05:41:28.395+0000] {logging_mixin.py:154} INFO - [2023-11-26T05:41:28.394+0000] {dag.py:3722} INFO - Setting next_dagrun for outcomes_dag1 to 2023-11-26T00:00:00+00:00, run_after=2023-11-27T00:00:00+00:00
[2023-11-26T05:41:28.419+0000] {processor.py:179} INFO - Processing /opt/airflow/dags/Retry2.py took 0.522 seconds
[2023-11-26T05:41:58.864+0000] {processor.py:157} INFO - Started process (PID=609) to work on /opt/airflow/dags/Retry2.py
[2023-11-26T05:41:58.866+0000] {processor.py:829} INFO - Processing file /opt/airflow/dags/Retry2.py for tasks to queue
[2023-11-26T05:41:58.868+0000] {logging_mixin.py:154} INFO - [2023-11-26T05:41:58.867+0000] {dagbag.py:536} INFO - Filling up the DagBag from /opt/airflow/dags/Retry2.py
[2023-11-26T05:41:59.345+0000] {processor.py:839} INFO - DAG(s) dict_keys(['outcomes_dag1']) retrieved from /opt/airflow/dags/Retry2.py
[2023-11-26T05:41:59.365+0000] {logging_mixin.py:154} INFO - [2023-11-26T05:41:59.365+0000] {dag.py:2941} INFO - Sync 1 DAGs
[2023-11-26T05:41:59.385+0000] {logging_mixin.py:154} INFO - [2023-11-26T05:41:59.385+0000] {dag.py:3722} INFO - Setting next_dagrun for outcomes_dag1 to 2023-11-26T00:00:00+00:00, run_after=2023-11-27T00:00:00+00:00
[2023-11-26T05:41:59.404+0000] {processor.py:179} INFO - Processing /opt/airflow/dags/Retry2.py took 0.543 seconds
[2023-11-26T05:42:01.487+0000] {processor.py:157} INFO - Started process (PID=613) to work on /opt/airflow/dags/Retry2.py
[2023-11-26T05:42:01.489+0000] {processor.py:829} INFO - Processing file /opt/airflow/dags/Retry2.py for tasks to queue
[2023-11-26T05:42:01.490+0000] {logging_mixin.py:154} INFO - [2023-11-26T05:42:01.490+0000] {dagbag.py:536} INFO - Filling up the DagBag from /opt/airflow/dags/Retry2.py
[2023-11-26T05:42:01.572+0000] {logging_mixin.py:154} INFO - [2023-11-26T05:42:01.566+0000] {dagbag.py:346} ERROR - Failed to import: /opt/airflow/dags/Retry2.py
Traceback (most recent call last):
  File "/home/airflow/.local/lib/python3.8/site-packages/airflow/models/dagbag.py", line 342, in parse
    loader.exec_module(new_module)
  File "<frozen importlib._bootstrap_external>", line 843, in exec_module
  File "<frozen importlib._bootstrap>", line 219, in _call_with_frames_removed
  File "/opt/airflow/dags/Retry2.py", line 13, in <module>
    from etlscripts.TransformData import transform_data
ModuleNotFoundError: No module named 'etlscripts.TransformData'
[2023-11-26T05:42:01.574+0000] {processor.py:841} WARNING - No viable dags retrieved from /opt/airflow/dags/Retry2.py
[2023-11-26T05:42:01.596+0000] {processor.py:179} INFO - Processing /opt/airflow/dags/Retry2.py took 0.112 seconds
[2023-11-26T05:42:02.539+0000] {processor.py:157} INFO - Started process (PID=614) to work on /opt/airflow/dags/Retry2.py
[2023-11-26T05:42:02.540+0000] {processor.py:829} INFO - Processing file /opt/airflow/dags/Retry2.py for tasks to queue
[2023-11-26T05:42:02.542+0000] {logging_mixin.py:154} INFO - [2023-11-26T05:42:02.542+0000] {dagbag.py:536} INFO - Filling up the DagBag from /opt/airflow/dags/Retry2.py
[2023-11-26T05:42:02.624+0000] {logging_mixin.py:154} INFO - [2023-11-26T05:42:02.617+0000] {dagbag.py:346} ERROR - Failed to import: /opt/airflow/dags/Retry2.py
Traceback (most recent call last):
  File "/home/airflow/.local/lib/python3.8/site-packages/airflow/models/dagbag.py", line 342, in parse
    loader.exec_module(new_module)
  File "<frozen importlib._bootstrap_external>", line 843, in exec_module
  File "<frozen importlib._bootstrap>", line 219, in _call_with_frames_removed
  File "/opt/airflow/dags/Retry2.py", line 13, in <module>
    from etlscripts.TransformData import transform_data
ModuleNotFoundError: No module named 'etlscripts.TransformData'
[2023-11-26T05:42:02.628+0000] {processor.py:841} WARNING - No viable dags retrieved from /opt/airflow/dags/Retry2.py
[2023-11-26T05:42:02.659+0000] {processor.py:179} INFO - Processing /opt/airflow/dags/Retry2.py took 0.125 seconds
[2023-11-26T05:42:33.058+0000] {processor.py:157} INFO - Started process (PID=623) to work on /opt/airflow/dags/Retry2.py
[2023-11-26T05:42:33.059+0000] {processor.py:829} INFO - Processing file /opt/airflow/dags/Retry2.py for tasks to queue
[2023-11-26T05:42:33.060+0000] {logging_mixin.py:154} INFO - [2023-11-26T05:42:33.060+0000] {dagbag.py:536} INFO - Filling up the DagBag from /opt/airflow/dags/Retry2.py
[2023-11-26T05:42:33.097+0000] {logging_mixin.py:154} INFO - [2023-11-26T05:42:33.092+0000] {dagbag.py:346} ERROR - Failed to import: /opt/airflow/dags/Retry2.py
Traceback (most recent call last):
  File "/home/airflow/.local/lib/python3.8/site-packages/airflow/models/dagbag.py", line 342, in parse
    loader.exec_module(new_module)
  File "<frozen importlib._bootstrap_external>", line 843, in exec_module
  File "<frozen importlib._bootstrap>", line 219, in _call_with_frames_removed
  File "/opt/airflow/dags/Retry2.py", line 13, in <module>
    from etlscripts.TransformData import transform_data
ModuleNotFoundError: No module named 'etlscripts.TransformData'
[2023-11-26T05:42:33.099+0000] {processor.py:841} WARNING - No viable dags retrieved from /opt/airflow/dags/Retry2.py
[2023-11-26T05:42:33.122+0000] {processor.py:179} INFO - Processing /opt/airflow/dags/Retry2.py took 0.069 seconds
[2023-11-26T05:43:03.551+0000] {processor.py:157} INFO - Started process (PID=633) to work on /opt/airflow/dags/Retry2.py
[2023-11-26T05:43:03.553+0000] {processor.py:829} INFO - Processing file /opt/airflow/dags/Retry2.py for tasks to queue
[2023-11-26T05:43:03.555+0000] {logging_mixin.py:154} INFO - [2023-11-26T05:43:03.555+0000] {dagbag.py:536} INFO - Filling up the DagBag from /opt/airflow/dags/Retry2.py
[2023-11-26T05:43:03.623+0000] {logging_mixin.py:154} INFO - [2023-11-26T05:43:03.614+0000] {dagbag.py:346} ERROR - Failed to import: /opt/airflow/dags/Retry2.py
Traceback (most recent call last):
  File "/home/airflow/.local/lib/python3.8/site-packages/airflow/models/dagbag.py", line 342, in parse
    loader.exec_module(new_module)
  File "<frozen importlib._bootstrap_external>", line 843, in exec_module
  File "<frozen importlib._bootstrap>", line 219, in _call_with_frames_removed
  File "/opt/airflow/dags/Retry2.py", line 13, in <module>
    from etlscripts.TransformData import transform_data
ModuleNotFoundError: No module named 'etlscripts.TransformData'
[2023-11-26T05:43:03.626+0000] {processor.py:841} WARNING - No viable dags retrieved from /opt/airflow/dags/Retry2.py
[2023-11-26T05:43:03.658+0000] {processor.py:179} INFO - Processing /opt/airflow/dags/Retry2.py took 0.112 seconds
[2023-11-26T05:43:19.855+0000] {processor.py:157} INFO - Started process (PID=640) to work on /opt/airflow/dags/Retry2.py
[2023-11-26T05:43:19.857+0000] {processor.py:829} INFO - Processing file /opt/airflow/dags/Retry2.py for tasks to queue
[2023-11-26T05:43:19.859+0000] {logging_mixin.py:154} INFO - [2023-11-26T05:43:19.859+0000] {dagbag.py:536} INFO - Filling up the DagBag from /opt/airflow/dags/Retry2.py
[2023-11-26T05:43:19.951+0000] {logging_mixin.py:154} INFO - [2023-11-26T05:43:19.942+0000] {dagbag.py:346} ERROR - Failed to import: /opt/airflow/dags/Retry2.py
Traceback (most recent call last):
  File "/home/airflow/.local/lib/python3.8/site-packages/airflow/models/dagbag.py", line 342, in parse
    loader.exec_module(new_module)
  File "<frozen importlib._bootstrap_external>", line 843, in exec_module
  File "<frozen importlib._bootstrap>", line 219, in _call_with_frames_removed
  File "/opt/airflow/dags/Retry2.py", line 13, in <module>
    from etlscripts.TransformData import transform_data
ModuleNotFoundError: No module named 'etlscripts.TransformData'
[2023-11-26T05:43:19.954+0000] {processor.py:841} WARNING - No viable dags retrieved from /opt/airflow/dags/Retry2.py
[2023-11-26T05:43:19.982+0000] {processor.py:179} INFO - Processing /opt/airflow/dags/Retry2.py took 0.131 seconds
[2023-11-26T05:43:50.367+0000] {processor.py:157} INFO - Started process (PID=649) to work on /opt/airflow/dags/Retry2.py
[2023-11-26T05:43:50.369+0000] {processor.py:829} INFO - Processing file /opt/airflow/dags/Retry2.py for tasks to queue
[2023-11-26T05:43:50.370+0000] {logging_mixin.py:154} INFO - [2023-11-26T05:43:50.370+0000] {dagbag.py:536} INFO - Filling up the DagBag from /opt/airflow/dags/Retry2.py
[2023-11-26T05:43:50.426+0000] {logging_mixin.py:154} INFO - [2023-11-26T05:43:50.417+0000] {dagbag.py:346} ERROR - Failed to import: /opt/airflow/dags/Retry2.py
Traceback (most recent call last):
  File "/home/airflow/.local/lib/python3.8/site-packages/airflow/models/dagbag.py", line 342, in parse
    loader.exec_module(new_module)
  File "<frozen importlib._bootstrap_external>", line 843, in exec_module
  File "<frozen importlib._bootstrap>", line 219, in _call_with_frames_removed
  File "/opt/airflow/dags/Retry2.py", line 13, in <module>
    from etlscripts.TransformData import transform_data
ModuleNotFoundError: No module named 'etlscripts.TransformData'
[2023-11-26T05:43:50.429+0000] {processor.py:841} WARNING - No viable dags retrieved from /opt/airflow/dags/Retry2.py
[2023-11-26T05:43:50.458+0000] {processor.py:179} INFO - Processing /opt/airflow/dags/Retry2.py took 0.096 seconds
[2023-11-26T05:44:20.886+0000] {processor.py:157} INFO - Started process (PID=658) to work on /opt/airflow/dags/Retry2.py
[2023-11-26T05:44:20.887+0000] {processor.py:829} INFO - Processing file /opt/airflow/dags/Retry2.py for tasks to queue
[2023-11-26T05:44:20.889+0000] {logging_mixin.py:154} INFO - [2023-11-26T05:44:20.889+0000] {dagbag.py:536} INFO - Filling up the DagBag from /opt/airflow/dags/Retry2.py
[2023-11-26T05:44:20.944+0000] {logging_mixin.py:154} INFO - [2023-11-26T05:44:20.935+0000] {dagbag.py:346} ERROR - Failed to import: /opt/airflow/dags/Retry2.py
Traceback (most recent call last):
  File "/home/airflow/.local/lib/python3.8/site-packages/airflow/models/dagbag.py", line 342, in parse
    loader.exec_module(new_module)
  File "<frozen importlib._bootstrap_external>", line 843, in exec_module
  File "<frozen importlib._bootstrap>", line 219, in _call_with_frames_removed
  File "/opt/airflow/dags/Retry2.py", line 13, in <module>
    from etlscripts.TransformData import transform_data
ModuleNotFoundError: No module named 'etlscripts.TransformData'
[2023-11-26T05:44:20.948+0000] {processor.py:841} WARNING - No viable dags retrieved from /opt/airflow/dags/Retry2.py
[2023-11-26T05:44:20.968+0000] {processor.py:179} INFO - Processing /opt/airflow/dags/Retry2.py took 0.087 seconds
[2023-11-26T05:44:36.262+0000] {processor.py:157} INFO - Started process (PID=666) to work on /opt/airflow/dags/Retry2.py
[2023-11-26T05:44:36.264+0000] {processor.py:829} INFO - Processing file /opt/airflow/dags/Retry2.py for tasks to queue
[2023-11-26T05:44:36.266+0000] {logging_mixin.py:154} INFO - [2023-11-26T05:44:36.266+0000] {dagbag.py:536} INFO - Filling up the DagBag from /opt/airflow/dags/Retry2.py
[2023-11-26T05:44:36.350+0000] {logging_mixin.py:154} INFO - [2023-11-26T05:44:36.344+0000] {dagbag.py:346} ERROR - Failed to import: /opt/airflow/dags/Retry2.py
Traceback (most recent call last):
  File "/home/airflow/.local/lib/python3.8/site-packages/airflow/models/dagbag.py", line 342, in parse
    loader.exec_module(new_module)
  File "<frozen importlib._bootstrap_external>", line 843, in exec_module
  File "<frozen importlib._bootstrap>", line 219, in _call_with_frames_removed
  File "/opt/airflow/dags/Retry2.py", line 9, in <module>
    from etlscripts.TransformData import transform_data
ModuleNotFoundError: No module named 'etlscripts.TransformData'
[2023-11-26T05:44:36.353+0000] {processor.py:841} WARNING - No viable dags retrieved from /opt/airflow/dags/Retry2.py
[2023-11-26T05:44:36.374+0000] {processor.py:179} INFO - Processing /opt/airflow/dags/Retry2.py took 0.117 seconds
[2023-11-26T05:44:37.449+0000] {processor.py:157} INFO - Started process (PID=667) to work on /opt/airflow/dags/Retry2.py
[2023-11-26T05:44:37.451+0000] {processor.py:829} INFO - Processing file /opt/airflow/dags/Retry2.py for tasks to queue
[2023-11-26T05:44:37.453+0000] {logging_mixin.py:154} INFO - [2023-11-26T05:44:37.452+0000] {dagbag.py:536} INFO - Filling up the DagBag from /opt/airflow/dags/Retry2.py
[2023-11-26T05:44:37.548+0000] {logging_mixin.py:154} INFO - [2023-11-26T05:44:37.540+0000] {dagbag.py:346} ERROR - Failed to import: /opt/airflow/dags/Retry2.py
Traceback (most recent call last):
  File "/home/airflow/.local/lib/python3.8/site-packages/airflow/models/dagbag.py", line 342, in parse
    loader.exec_module(new_module)
  File "<frozen importlib._bootstrap_external>", line 843, in exec_module
  File "<frozen importlib._bootstrap>", line 219, in _call_with_frames_removed
  File "/opt/airflow/dags/Retry2.py", line 9, in <module>
    from etlscripts.TransformData import transform_data
ModuleNotFoundError: No module named 'etlscripts.TransformData'
[2023-11-26T05:44:37.552+0000] {processor.py:841} WARNING - No viable dags retrieved from /opt/airflow/dags/Retry2.py
[2023-11-26T05:44:37.573+0000] {processor.py:179} INFO - Processing /opt/airflow/dags/Retry2.py took 0.129 seconds
[2023-11-26T05:45:07.835+0000] {processor.py:157} INFO - Started process (PID=676) to work on /opt/airflow/dags/Retry2.py
[2023-11-26T05:45:07.836+0000] {processor.py:829} INFO - Processing file /opt/airflow/dags/Retry2.py for tasks to queue
[2023-11-26T05:45:07.838+0000] {logging_mixin.py:154} INFO - [2023-11-26T05:45:07.838+0000] {dagbag.py:536} INFO - Filling up the DagBag from /opt/airflow/dags/Retry2.py
[2023-11-26T05:45:07.890+0000] {logging_mixin.py:154} INFO - [2023-11-26T05:45:07.883+0000] {dagbag.py:346} ERROR - Failed to import: /opt/airflow/dags/Retry2.py
Traceback (most recent call last):
  File "/home/airflow/.local/lib/python3.8/site-packages/airflow/models/dagbag.py", line 342, in parse
    loader.exec_module(new_module)
  File "<frozen importlib._bootstrap_external>", line 843, in exec_module
  File "<frozen importlib._bootstrap>", line 219, in _call_with_frames_removed
  File "/opt/airflow/dags/Retry2.py", line 9, in <module>
    from etlscripts.TransformData import transform_data
ModuleNotFoundError: No module named 'etlscripts.TransformData'
[2023-11-26T05:45:07.892+0000] {processor.py:841} WARNING - No viable dags retrieved from /opt/airflow/dags/Retry2.py
[2023-11-26T05:45:07.913+0000] {processor.py:179} INFO - Processing /opt/airflow/dags/Retry2.py took 0.083 seconds
[2023-11-26T05:45:38.328+0000] {processor.py:157} INFO - Started process (PID=685) to work on /opt/airflow/dags/Retry2.py
[2023-11-26T05:45:38.332+0000] {processor.py:829} INFO - Processing file /opt/airflow/dags/Retry2.py for tasks to queue
[2023-11-26T05:45:38.335+0000] {logging_mixin.py:154} INFO - [2023-11-26T05:45:38.334+0000] {dagbag.py:536} INFO - Filling up the DagBag from /opt/airflow/dags/Retry2.py
[2023-11-26T05:45:38.413+0000] {logging_mixin.py:154} INFO - [2023-11-26T05:45:38.406+0000] {dagbag.py:346} ERROR - Failed to import: /opt/airflow/dags/Retry2.py
Traceback (most recent call last):
  File "/home/airflow/.local/lib/python3.8/site-packages/airflow/models/dagbag.py", line 342, in parse
    loader.exec_module(new_module)
  File "<frozen importlib._bootstrap_external>", line 843, in exec_module
  File "<frozen importlib._bootstrap>", line 219, in _call_with_frames_removed
  File "/opt/airflow/dags/Retry2.py", line 9, in <module>
    from etlscripts.TransformData import transform_data
ModuleNotFoundError: No module named 'etlscripts.TransformData'
[2023-11-26T05:45:38.415+0000] {processor.py:841} WARNING - No viable dags retrieved from /opt/airflow/dags/Retry2.py
[2023-11-26T05:45:38.436+0000] {processor.py:179} INFO - Processing /opt/airflow/dags/Retry2.py took 0.116 seconds
[2023-11-26T05:46:08.827+0000] {processor.py:157} INFO - Started process (PID=694) to work on /opt/airflow/dags/Retry2.py
[2023-11-26T05:46:08.828+0000] {processor.py:829} INFO - Processing file /opt/airflow/dags/Retry2.py for tasks to queue
[2023-11-26T05:46:08.830+0000] {logging_mixin.py:154} INFO - [2023-11-26T05:46:08.830+0000] {dagbag.py:536} INFO - Filling up the DagBag from /opt/airflow/dags/Retry2.py
[2023-11-26T05:46:08.877+0000] {logging_mixin.py:154} INFO - [2023-11-26T05:46:08.867+0000] {dagbag.py:346} ERROR - Failed to import: /opt/airflow/dags/Retry2.py
Traceback (most recent call last):
  File "/home/airflow/.local/lib/python3.8/site-packages/airflow/models/dagbag.py", line 342, in parse
    loader.exec_module(new_module)
  File "<frozen importlib._bootstrap_external>", line 843, in exec_module
  File "<frozen importlib._bootstrap>", line 219, in _call_with_frames_removed
  File "/opt/airflow/dags/Retry2.py", line 9, in <module>
    from etlscripts.TransformData import transform_data
ModuleNotFoundError: No module named 'etlscripts.TransformData'
[2023-11-26T05:46:08.881+0000] {processor.py:841} WARNING - No viable dags retrieved from /opt/airflow/dags/Retry2.py
[2023-11-26T05:46:08.904+0000] {processor.py:179} INFO - Processing /opt/airflow/dags/Retry2.py took 0.080 seconds
[2023-11-26T05:46:39.306+0000] {processor.py:157} INFO - Started process (PID=703) to work on /opt/airflow/dags/Retry2.py
[2023-11-26T05:46:39.307+0000] {processor.py:829} INFO - Processing file /opt/airflow/dags/Retry2.py for tasks to queue
[2023-11-26T05:46:39.309+0000] {logging_mixin.py:154} INFO - [2023-11-26T05:46:39.309+0000] {dagbag.py:536} INFO - Filling up the DagBag from /opt/airflow/dags/Retry2.py
[2023-11-26T05:46:39.373+0000] {logging_mixin.py:154} INFO - [2023-11-26T05:46:39.365+0000] {dagbag.py:346} ERROR - Failed to import: /opt/airflow/dags/Retry2.py
Traceback (most recent call last):
  File "/home/airflow/.local/lib/python3.8/site-packages/airflow/models/dagbag.py", line 342, in parse
    loader.exec_module(new_module)
  File "<frozen importlib._bootstrap_external>", line 843, in exec_module
  File "<frozen importlib._bootstrap>", line 219, in _call_with_frames_removed
  File "/opt/airflow/dags/Retry2.py", line 9, in <module>
    from etlscripts.TransformData import transform_data
ModuleNotFoundError: No module named 'etlscripts.TransformData'
[2023-11-26T05:46:39.376+0000] {processor.py:841} WARNING - No viable dags retrieved from /opt/airflow/dags/Retry2.py
[2023-11-26T05:46:39.398+0000] {processor.py:179} INFO - Processing /opt/airflow/dags/Retry2.py took 0.097 seconds
[2023-11-26T05:47:09.757+0000] {processor.py:157} INFO - Started process (PID=712) to work on /opt/airflow/dags/Retry2.py
[2023-11-26T05:47:09.759+0000] {processor.py:829} INFO - Processing file /opt/airflow/dags/Retry2.py for tasks to queue
[2023-11-26T05:47:09.761+0000] {logging_mixin.py:154} INFO - [2023-11-26T05:47:09.760+0000] {dagbag.py:536} INFO - Filling up the DagBag from /opt/airflow/dags/Retry2.py
[2023-11-26T05:47:09.808+0000] {logging_mixin.py:154} INFO - [2023-11-26T05:47:09.801+0000] {dagbag.py:346} ERROR - Failed to import: /opt/airflow/dags/Retry2.py
Traceback (most recent call last):
  File "/home/airflow/.local/lib/python3.8/site-packages/airflow/models/dagbag.py", line 342, in parse
    loader.exec_module(new_module)
  File "<frozen importlib._bootstrap_external>", line 843, in exec_module
  File "<frozen importlib._bootstrap>", line 219, in _call_with_frames_removed
  File "/opt/airflow/dags/Retry2.py", line 9, in <module>
    from etlscripts.TransformData import transform_data
ModuleNotFoundError: No module named 'etlscripts.TransformData'
[2023-11-26T05:47:09.810+0000] {processor.py:841} WARNING - No viable dags retrieved from /opt/airflow/dags/Retry2.py
[2023-11-26T05:47:09.830+0000] {processor.py:179} INFO - Processing /opt/airflow/dags/Retry2.py took 0.078 seconds
[2023-11-26T05:47:40.242+0000] {processor.py:157} INFO - Started process (PID=721) to work on /opt/airflow/dags/Retry2.py
[2023-11-26T05:47:40.243+0000] {processor.py:829} INFO - Processing file /opt/airflow/dags/Retry2.py for tasks to queue
[2023-11-26T05:47:40.245+0000] {logging_mixin.py:154} INFO - [2023-11-26T05:47:40.245+0000] {dagbag.py:536} INFO - Filling up the DagBag from /opt/airflow/dags/Retry2.py
[2023-11-26T05:47:40.310+0000] {logging_mixin.py:154} INFO - [2023-11-26T05:47:40.302+0000] {dagbag.py:346} ERROR - Failed to import: /opt/airflow/dags/Retry2.py
Traceback (most recent call last):
  File "/home/airflow/.local/lib/python3.8/site-packages/airflow/models/dagbag.py", line 342, in parse
    loader.exec_module(new_module)
  File "<frozen importlib._bootstrap_external>", line 843, in exec_module
  File "<frozen importlib._bootstrap>", line 219, in _call_with_frames_removed
  File "/opt/airflow/dags/Retry2.py", line 9, in <module>
    from etlscripts.TransformData import transform_data
ModuleNotFoundError: No module named 'etlscripts.TransformData'
[2023-11-26T05:47:40.313+0000] {processor.py:841} WARNING - No viable dags retrieved from /opt/airflow/dags/Retry2.py
[2023-11-26T05:47:40.339+0000] {processor.py:179} INFO - Processing /opt/airflow/dags/Retry2.py took 0.102 seconds
[2023-11-26T05:48:10.738+0000] {processor.py:157} INFO - Started process (PID=730) to work on /opt/airflow/dags/Retry2.py
[2023-11-26T05:48:10.740+0000] {processor.py:829} INFO - Processing file /opt/airflow/dags/Retry2.py for tasks to queue
[2023-11-26T05:48:10.741+0000] {logging_mixin.py:154} INFO - [2023-11-26T05:48:10.741+0000] {dagbag.py:536} INFO - Filling up the DagBag from /opt/airflow/dags/Retry2.py
[2023-11-26T05:48:10.786+0000] {logging_mixin.py:154} INFO - [2023-11-26T05:48:10.781+0000] {dagbag.py:346} ERROR - Failed to import: /opt/airflow/dags/Retry2.py
Traceback (most recent call last):
  File "/home/airflow/.local/lib/python3.8/site-packages/airflow/models/dagbag.py", line 342, in parse
    loader.exec_module(new_module)
  File "<frozen importlib._bootstrap_external>", line 843, in exec_module
  File "<frozen importlib._bootstrap>", line 219, in _call_with_frames_removed
  File "/opt/airflow/dags/Retry2.py", line 9, in <module>
    from etlscripts.TransformData import transform_data
ModuleNotFoundError: No module named 'etlscripts.TransformData'
[2023-11-26T05:48:10.789+0000] {processor.py:841} WARNING - No viable dags retrieved from /opt/airflow/dags/Retry2.py
[2023-11-26T05:48:10.812+0000] {processor.py:179} INFO - Processing /opt/airflow/dags/Retry2.py took 0.077 seconds
[2023-11-26T05:48:41.249+0000] {processor.py:157} INFO - Started process (PID=738) to work on /opt/airflow/dags/Retry2.py
[2023-11-26T05:48:41.250+0000] {processor.py:829} INFO - Processing file /opt/airflow/dags/Retry2.py for tasks to queue
[2023-11-26T05:48:41.252+0000] {logging_mixin.py:154} INFO - [2023-11-26T05:48:41.252+0000] {dagbag.py:536} INFO - Filling up the DagBag from /opt/airflow/dags/Retry2.py
[2023-11-26T05:48:41.302+0000] {logging_mixin.py:154} INFO - [2023-11-26T05:48:41.295+0000] {dagbag.py:346} ERROR - Failed to import: /opt/airflow/dags/Retry2.py
Traceback (most recent call last):
  File "/home/airflow/.local/lib/python3.8/site-packages/airflow/models/dagbag.py", line 342, in parse
    loader.exec_module(new_module)
  File "<frozen importlib._bootstrap_external>", line 843, in exec_module
  File "<frozen importlib._bootstrap>", line 219, in _call_with_frames_removed
  File "/opt/airflow/dags/Retry2.py", line 9, in <module>
    from etlscripts.TransformData import transform_data
ModuleNotFoundError: No module named 'etlscripts.TransformData'
[2023-11-26T05:48:41.304+0000] {processor.py:841} WARNING - No viable dags retrieved from /opt/airflow/dags/Retry2.py
[2023-11-26T05:48:41.325+0000] {processor.py:179} INFO - Processing /opt/airflow/dags/Retry2.py took 0.081 seconds
[2023-11-26T05:49:11.772+0000] {processor.py:157} INFO - Started process (PID=747) to work on /opt/airflow/dags/Retry2.py
[2023-11-26T05:49:11.774+0000] {processor.py:829} INFO - Processing file /opt/airflow/dags/Retry2.py for tasks to queue
[2023-11-26T05:49:11.777+0000] {logging_mixin.py:154} INFO - [2023-11-26T05:49:11.776+0000] {dagbag.py:536} INFO - Filling up the DagBag from /opt/airflow/dags/Retry2.py
[2023-11-26T05:49:11.840+0000] {logging_mixin.py:154} INFO - [2023-11-26T05:49:11.833+0000] {dagbag.py:346} ERROR - Failed to import: /opt/airflow/dags/Retry2.py
Traceback (most recent call last):
  File "/home/airflow/.local/lib/python3.8/site-packages/airflow/models/dagbag.py", line 342, in parse
    loader.exec_module(new_module)
  File "<frozen importlib._bootstrap_external>", line 843, in exec_module
  File "<frozen importlib._bootstrap>", line 219, in _call_with_frames_removed
  File "/opt/airflow/dags/Retry2.py", line 9, in <module>
    from etlscripts.TransformData import transform_data
ModuleNotFoundError: No module named 'etlscripts.TransformData'
[2023-11-26T05:49:11.844+0000] {processor.py:841} WARNING - No viable dags retrieved from /opt/airflow/dags/Retry2.py
[2023-11-26T05:49:11.865+0000] {processor.py:179} INFO - Processing /opt/airflow/dags/Retry2.py took 0.097 seconds
[2023-11-26T05:49:42.251+0000] {processor.py:157} INFO - Started process (PID=756) to work on /opt/airflow/dags/Retry2.py
[2023-11-26T05:49:42.253+0000] {processor.py:829} INFO - Processing file /opt/airflow/dags/Retry2.py for tasks to queue
[2023-11-26T05:49:42.254+0000] {logging_mixin.py:154} INFO - [2023-11-26T05:49:42.254+0000] {dagbag.py:536} INFO - Filling up the DagBag from /opt/airflow/dags/Retry2.py
[2023-11-26T05:49:42.307+0000] {logging_mixin.py:154} INFO - [2023-11-26T05:49:42.300+0000] {dagbag.py:346} ERROR - Failed to import: /opt/airflow/dags/Retry2.py
Traceback (most recent call last):
  File "/home/airflow/.local/lib/python3.8/site-packages/airflow/models/dagbag.py", line 342, in parse
    loader.exec_module(new_module)
  File "<frozen importlib._bootstrap_external>", line 843, in exec_module
  File "<frozen importlib._bootstrap>", line 219, in _call_with_frames_removed
  File "/opt/airflow/dags/Retry2.py", line 9, in <module>
    from etlscripts.TransformData import transform_data
ModuleNotFoundError: No module named 'etlscripts.TransformData'
[2023-11-26T05:49:42.310+0000] {processor.py:841} WARNING - No viable dags retrieved from /opt/airflow/dags/Retry2.py
[2023-11-26T05:49:42.335+0000] {processor.py:179} INFO - Processing /opt/airflow/dags/Retry2.py took 0.087 seconds
[2023-11-26T05:50:13.035+0000] {processor.py:157} INFO - Started process (PID=765) to work on /opt/airflow/dags/Retry2.py
[2023-11-26T05:50:13.036+0000] {processor.py:829} INFO - Processing file /opt/airflow/dags/Retry2.py for tasks to queue
[2023-11-26T05:50:13.038+0000] {logging_mixin.py:154} INFO - [2023-11-26T05:50:13.037+0000] {dagbag.py:536} INFO - Filling up the DagBag from /opt/airflow/dags/Retry2.py
[2023-11-26T05:50:13.099+0000] {logging_mixin.py:154} INFO - [2023-11-26T05:50:13.087+0000] {dagbag.py:346} ERROR - Failed to import: /opt/airflow/dags/Retry2.py
Traceback (most recent call last):
  File "/home/airflow/.local/lib/python3.8/site-packages/airflow/models/dagbag.py", line 342, in parse
    loader.exec_module(new_module)
  File "<frozen importlib._bootstrap_external>", line 843, in exec_module
  File "<frozen importlib._bootstrap>", line 219, in _call_with_frames_removed
  File "/opt/airflow/dags/Retry2.py", line 9, in <module>
    from etlscripts.TransformData import transform_data
ModuleNotFoundError: No module named 'etlscripts.TransformData'
[2023-11-26T05:50:13.102+0000] {processor.py:841} WARNING - No viable dags retrieved from /opt/airflow/dags/Retry2.py
[2023-11-26T05:50:13.129+0000] {processor.py:179} INFO - Processing /opt/airflow/dags/Retry2.py took 0.097 seconds
[2023-11-26T05:50:43.581+0000] {processor.py:157} INFO - Started process (PID=774) to work on /opt/airflow/dags/Retry2.py
[2023-11-26T05:50:43.583+0000] {processor.py:829} INFO - Processing file /opt/airflow/dags/Retry2.py for tasks to queue
[2023-11-26T05:50:43.584+0000] {logging_mixin.py:154} INFO - [2023-11-26T05:50:43.584+0000] {dagbag.py:536} INFO - Filling up the DagBag from /opt/airflow/dags/Retry2.py
[2023-11-26T05:50:43.645+0000] {logging_mixin.py:154} INFO - [2023-11-26T05:50:43.639+0000] {dagbag.py:346} ERROR - Failed to import: /opt/airflow/dags/Retry2.py
Traceback (most recent call last):
  File "/home/airflow/.local/lib/python3.8/site-packages/airflow/models/dagbag.py", line 342, in parse
    loader.exec_module(new_module)
  File "<frozen importlib._bootstrap_external>", line 843, in exec_module
  File "<frozen importlib._bootstrap>", line 219, in _call_with_frames_removed
  File "/opt/airflow/dags/Retry2.py", line 9, in <module>
    from etlscripts.TransformData import transform_data
ModuleNotFoundError: No module named 'etlscripts.TransformData'
[2023-11-26T05:50:43.648+0000] {processor.py:841} WARNING - No viable dags retrieved from /opt/airflow/dags/Retry2.py
[2023-11-26T05:50:43.673+0000] {processor.py:179} INFO - Processing /opt/airflow/dags/Retry2.py took 0.097 seconds
[2023-11-26T05:51:14.142+0000] {processor.py:157} INFO - Started process (PID=783) to work on /opt/airflow/dags/Retry2.py
[2023-11-26T05:51:14.143+0000] {processor.py:829} INFO - Processing file /opt/airflow/dags/Retry2.py for tasks to queue
[2023-11-26T05:51:14.145+0000] {logging_mixin.py:154} INFO - [2023-11-26T05:51:14.145+0000] {dagbag.py:536} INFO - Filling up the DagBag from /opt/airflow/dags/Retry2.py
[2023-11-26T05:51:14.210+0000] {logging_mixin.py:154} INFO - [2023-11-26T05:51:14.202+0000] {dagbag.py:346} ERROR - Failed to import: /opt/airflow/dags/Retry2.py
Traceback (most recent call last):
  File "/home/airflow/.local/lib/python3.8/site-packages/airflow/models/dagbag.py", line 342, in parse
    loader.exec_module(new_module)
  File "<frozen importlib._bootstrap_external>", line 843, in exec_module
  File "<frozen importlib._bootstrap>", line 219, in _call_with_frames_removed
  File "/opt/airflow/dags/Retry2.py", line 9, in <module>
    from etlscripts.TransformData import transform_data
ModuleNotFoundError: No module named 'etlscripts.TransformData'
[2023-11-26T05:51:14.213+0000] {processor.py:841} WARNING - No viable dags retrieved from /opt/airflow/dags/Retry2.py
[2023-11-26T05:51:14.238+0000] {processor.py:179} INFO - Processing /opt/airflow/dags/Retry2.py took 0.101 seconds
[2023-11-26T05:51:44.687+0000] {processor.py:157} INFO - Started process (PID=792) to work on /opt/airflow/dags/Retry2.py
[2023-11-26T05:51:44.689+0000] {processor.py:829} INFO - Processing file /opt/airflow/dags/Retry2.py for tasks to queue
[2023-11-26T05:51:44.691+0000] {logging_mixin.py:154} INFO - [2023-11-26T05:51:44.690+0000] {dagbag.py:536} INFO - Filling up the DagBag from /opt/airflow/dags/Retry2.py
[2023-11-26T05:51:44.750+0000] {logging_mixin.py:154} INFO - [2023-11-26T05:51:44.742+0000] {dagbag.py:346} ERROR - Failed to import: /opt/airflow/dags/Retry2.py
Traceback (most recent call last):
  File "/home/airflow/.local/lib/python3.8/site-packages/airflow/models/dagbag.py", line 342, in parse
    loader.exec_module(new_module)
  File "<frozen importlib._bootstrap_external>", line 843, in exec_module
  File "<frozen importlib._bootstrap>", line 219, in _call_with_frames_removed
  File "/opt/airflow/dags/Retry2.py", line 9, in <module>
    from etlscripts.TransformData import transform_data
ModuleNotFoundError: No module named 'etlscripts.TransformData'
[2023-11-26T05:51:44.752+0000] {processor.py:841} WARNING - No viable dags retrieved from /opt/airflow/dags/Retry2.py
[2023-11-26T05:51:44.779+0000] {processor.py:179} INFO - Processing /opt/airflow/dags/Retry2.py took 0.095 seconds
[2023-11-26T05:52:15.211+0000] {processor.py:157} INFO - Started process (PID=801) to work on /opt/airflow/dags/Retry2.py
[2023-11-26T05:52:15.213+0000] {processor.py:829} INFO - Processing file /opt/airflow/dags/Retry2.py for tasks to queue
[2023-11-26T05:52:15.214+0000] {logging_mixin.py:154} INFO - [2023-11-26T05:52:15.214+0000] {dagbag.py:536} INFO - Filling up the DagBag from /opt/airflow/dags/Retry2.py
[2023-11-26T05:52:15.268+0000] {logging_mixin.py:154} INFO - [2023-11-26T05:52:15.262+0000] {dagbag.py:346} ERROR - Failed to import: /opt/airflow/dags/Retry2.py
Traceback (most recent call last):
  File "/home/airflow/.local/lib/python3.8/site-packages/airflow/models/dagbag.py", line 342, in parse
    loader.exec_module(new_module)
  File "<frozen importlib._bootstrap_external>", line 843, in exec_module
  File "<frozen importlib._bootstrap>", line 219, in _call_with_frames_removed
  File "/opt/airflow/dags/Retry2.py", line 9, in <module>
    from etlscripts.TransformData import transform_data
ModuleNotFoundError: No module named 'etlscripts.TransformData'
[2023-11-26T05:52:15.270+0000] {processor.py:841} WARNING - No viable dags retrieved from /opt/airflow/dags/Retry2.py
[2023-11-26T05:52:15.289+0000] {processor.py:179} INFO - Processing /opt/airflow/dags/Retry2.py took 0.083 seconds
[2023-11-26T05:52:45.694+0000] {processor.py:157} INFO - Started process (PID=810) to work on /opt/airflow/dags/Retry2.py
[2023-11-26T05:52:45.695+0000] {processor.py:829} INFO - Processing file /opt/airflow/dags/Retry2.py for tasks to queue
[2023-11-26T05:52:45.697+0000] {logging_mixin.py:154} INFO - [2023-11-26T05:52:45.697+0000] {dagbag.py:536} INFO - Filling up the DagBag from /opt/airflow/dags/Retry2.py
[2023-11-26T05:52:45.764+0000] {logging_mixin.py:154} INFO - [2023-11-26T05:52:45.755+0000] {dagbag.py:346} ERROR - Failed to import: /opt/airflow/dags/Retry2.py
Traceback (most recent call last):
  File "/home/airflow/.local/lib/python3.8/site-packages/airflow/models/dagbag.py", line 342, in parse
    loader.exec_module(new_module)
  File "<frozen importlib._bootstrap_external>", line 843, in exec_module
  File "<frozen importlib._bootstrap>", line 219, in _call_with_frames_removed
  File "/opt/airflow/dags/Retry2.py", line 9, in <module>
    from etlscripts.TransformData import transform_data
ModuleNotFoundError: No module named 'etlscripts.TransformData'
[2023-11-26T05:52:45.769+0000] {processor.py:841} WARNING - No viable dags retrieved from /opt/airflow/dags/Retry2.py
[2023-11-26T05:52:45.795+0000] {processor.py:179} INFO - Processing /opt/airflow/dags/Retry2.py took 0.106 seconds
[2023-11-26T05:53:16.180+0000] {processor.py:157} INFO - Started process (PID=819) to work on /opt/airflow/dags/Retry2.py
[2023-11-26T05:53:16.181+0000] {processor.py:829} INFO - Processing file /opt/airflow/dags/Retry2.py for tasks to queue
[2023-11-26T05:53:16.184+0000] {logging_mixin.py:154} INFO - [2023-11-26T05:53:16.183+0000] {dagbag.py:536} INFO - Filling up the DagBag from /opt/airflow/dags/Retry2.py
[2023-11-26T05:53:16.803+0000] {processor.py:839} INFO - DAG(s) dict_keys(['outcomes_dag1']) retrieved from /opt/airflow/dags/Retry2.py
[2023-11-26T05:53:16.889+0000] {logging_mixin.py:154} INFO - [2023-11-26T05:53:16.889+0000] {dag.py:2941} INFO - Sync 1 DAGs
[2023-11-26T05:53:16.909+0000] {logging_mixin.py:154} INFO - [2023-11-26T05:53:16.909+0000] {dag.py:3722} INFO - Setting next_dagrun for outcomes_dag1 to 2023-11-26T00:00:00+00:00, run_after=2023-11-27T00:00:00+00:00
[2023-11-26T05:53:16.944+0000] {processor.py:179} INFO - Processing /opt/airflow/dags/Retry2.py took 0.769 seconds
[2023-11-26T05:53:47.327+0000] {processor.py:157} INFO - Started process (PID=829) to work on /opt/airflow/dags/Retry2.py
[2023-11-26T05:53:47.328+0000] {processor.py:829} INFO - Processing file /opt/airflow/dags/Retry2.py for tasks to queue
[2023-11-26T05:53:47.329+0000] {logging_mixin.py:154} INFO - [2023-11-26T05:53:47.329+0000] {dagbag.py:536} INFO - Filling up the DagBag from /opt/airflow/dags/Retry2.py
[2023-11-26T05:53:47.858+0000] {processor.py:839} INFO - DAG(s) dict_keys(['outcomes_dag1']) retrieved from /opt/airflow/dags/Retry2.py
[2023-11-26T05:53:47.882+0000] {logging_mixin.py:154} INFO - [2023-11-26T05:53:47.882+0000] {dag.py:2941} INFO - Sync 1 DAGs
[2023-11-26T05:53:47.907+0000] {logging_mixin.py:154} INFO - [2023-11-26T05:53:47.907+0000] {dag.py:3722} INFO - Setting next_dagrun for outcomes_dag1 to 2023-11-26T00:00:00+00:00, run_after=2023-11-27T00:00:00+00:00
[2023-11-26T05:53:47.926+0000] {processor.py:179} INFO - Processing /opt/airflow/dags/Retry2.py took 0.602 seconds
[2023-11-26T05:54:18.791+0000] {processor.py:157} INFO - Started process (PID=839) to work on /opt/airflow/dags/Retry2.py
[2023-11-26T05:54:18.793+0000] {processor.py:829} INFO - Processing file /opt/airflow/dags/Retry2.py for tasks to queue
[2023-11-26T05:54:18.794+0000] {logging_mixin.py:154} INFO - [2023-11-26T05:54:18.794+0000] {dagbag.py:536} INFO - Filling up the DagBag from /opt/airflow/dags/Retry2.py
[2023-11-26T05:54:19.300+0000] {processor.py:839} INFO - DAG(s) dict_keys(['outcomes_dag1']) retrieved from /opt/airflow/dags/Retry2.py
[2023-11-26T05:54:19.324+0000] {logging_mixin.py:154} INFO - [2023-11-26T05:54:19.324+0000] {dag.py:2941} INFO - Sync 1 DAGs
[2023-11-26T05:54:19.346+0000] {logging_mixin.py:154} INFO - [2023-11-26T05:54:19.346+0000] {dag.py:3722} INFO - Setting next_dagrun for outcomes_dag1 to 2023-11-26T00:00:00+00:00, run_after=2023-11-27T00:00:00+00:00
[2023-11-26T05:54:19.371+0000] {processor.py:179} INFO - Processing /opt/airflow/dags/Retry2.py took 0.583 seconds
[2023-11-26T05:54:49.569+0000] {processor.py:157} INFO - Started process (PID=849) to work on /opt/airflow/dags/Retry2.py
[2023-11-26T05:54:49.570+0000] {processor.py:829} INFO - Processing file /opt/airflow/dags/Retry2.py for tasks to queue
[2023-11-26T05:54:49.571+0000] {logging_mixin.py:154} INFO - [2023-11-26T05:54:49.571+0000] {dagbag.py:536} INFO - Filling up the DagBag from /opt/airflow/dags/Retry2.py
[2023-11-26T05:54:50.120+0000] {processor.py:839} INFO - DAG(s) dict_keys(['outcomes_dag1']) retrieved from /opt/airflow/dags/Retry2.py
[2023-11-26T05:54:50.148+0000] {logging_mixin.py:154} INFO - [2023-11-26T05:54:50.148+0000] {dag.py:2941} INFO - Sync 1 DAGs
[2023-11-26T05:54:50.169+0000] {logging_mixin.py:154} INFO - [2023-11-26T05:54:50.169+0000] {dag.py:3722} INFO - Setting next_dagrun for outcomes_dag1 to 2023-11-26T00:00:00+00:00, run_after=2023-11-27T00:00:00+00:00
[2023-11-26T05:54:50.199+0000] {processor.py:179} INFO - Processing /opt/airflow/dags/Retry2.py took 0.634 seconds
[2023-11-26T05:55:20.677+0000] {processor.py:157} INFO - Started process (PID=859) to work on /opt/airflow/dags/Retry2.py
[2023-11-26T05:55:20.679+0000] {processor.py:829} INFO - Processing file /opt/airflow/dags/Retry2.py for tasks to queue
[2023-11-26T05:55:20.681+0000] {logging_mixin.py:154} INFO - [2023-11-26T05:55:20.681+0000] {dagbag.py:536} INFO - Filling up the DagBag from /opt/airflow/dags/Retry2.py
[2023-11-26T05:55:21.316+0000] {processor.py:839} INFO - DAG(s) dict_keys(['outcomes_dag1']) retrieved from /opt/airflow/dags/Retry2.py
[2023-11-26T05:55:21.340+0000] {logging_mixin.py:154} INFO - [2023-11-26T05:55:21.340+0000] {dag.py:2941} INFO - Sync 1 DAGs
[2023-11-26T05:55:21.365+0000] {logging_mixin.py:154} INFO - [2023-11-26T05:55:21.365+0000] {dag.py:3722} INFO - Setting next_dagrun for outcomes_dag1 to 2023-11-26T00:00:00+00:00, run_after=2023-11-27T00:00:00+00:00
[2023-11-26T05:55:21.396+0000] {processor.py:179} INFO - Processing /opt/airflow/dags/Retry2.py took 0.723 seconds
[2023-11-26T05:55:51.855+0000] {processor.py:157} INFO - Started process (PID=869) to work on /opt/airflow/dags/Retry2.py
[2023-11-26T05:55:51.857+0000] {processor.py:829} INFO - Processing file /opt/airflow/dags/Retry2.py for tasks to queue
[2023-11-26T05:55:51.859+0000] {logging_mixin.py:154} INFO - [2023-11-26T05:55:51.858+0000] {dagbag.py:536} INFO - Filling up the DagBag from /opt/airflow/dags/Retry2.py
[2023-11-26T05:55:52.515+0000] {processor.py:839} INFO - DAG(s) dict_keys(['outcomes_dag1']) retrieved from /opt/airflow/dags/Retry2.py
[2023-11-26T05:55:52.540+0000] {logging_mixin.py:154} INFO - [2023-11-26T05:55:52.540+0000] {dag.py:2941} INFO - Sync 1 DAGs
[2023-11-26T05:55:52.561+0000] {logging_mixin.py:154} INFO - [2023-11-26T05:55:52.561+0000] {dag.py:3722} INFO - Setting next_dagrun for outcomes_dag1 to 2023-11-26T00:00:00+00:00, run_after=2023-11-27T00:00:00+00:00
[2023-11-26T05:55:52.590+0000] {processor.py:179} INFO - Processing /opt/airflow/dags/Retry2.py took 0.739 seconds
[2023-11-26T05:56:23.074+0000] {processor.py:157} INFO - Started process (PID=879) to work on /opt/airflow/dags/Retry2.py
[2023-11-26T05:56:23.076+0000] {processor.py:829} INFO - Processing file /opt/airflow/dags/Retry2.py for tasks to queue
[2023-11-26T05:56:23.078+0000] {logging_mixin.py:154} INFO - [2023-11-26T05:56:23.077+0000] {dagbag.py:536} INFO - Filling up the DagBag from /opt/airflow/dags/Retry2.py
[2023-11-26T05:56:23.542+0000] {processor.py:839} INFO - DAG(s) dict_keys(['outcomes_dag1']) retrieved from /opt/airflow/dags/Retry2.py
[2023-11-26T05:56:23.563+0000] {logging_mixin.py:154} INFO - [2023-11-26T05:56:23.563+0000] {dag.py:2941} INFO - Sync 1 DAGs
[2023-11-26T05:56:23.583+0000] {logging_mixin.py:154} INFO - [2023-11-26T05:56:23.583+0000] {dag.py:3722} INFO - Setting next_dagrun for outcomes_dag1 to 2023-11-26T00:00:00+00:00, run_after=2023-11-27T00:00:00+00:00
[2023-11-26T05:56:23.602+0000] {processor.py:179} INFO - Processing /opt/airflow/dags/Retry2.py took 0.531 seconds
[2023-11-26T05:56:54.521+0000] {processor.py:157} INFO - Started process (PID=889) to work on /opt/airflow/dags/Retry2.py
[2023-11-26T05:56:54.523+0000] {processor.py:829} INFO - Processing file /opt/airflow/dags/Retry2.py for tasks to queue
[2023-11-26T05:56:54.524+0000] {logging_mixin.py:154} INFO - [2023-11-26T05:56:54.524+0000] {dagbag.py:536} INFO - Filling up the DagBag from /opt/airflow/dags/Retry2.py
[2023-11-26T05:56:55.004+0000] {processor.py:839} INFO - DAG(s) dict_keys(['outcomes_dag1']) retrieved from /opt/airflow/dags/Retry2.py
[2023-11-26T05:56:55.032+0000] {logging_mixin.py:154} INFO - [2023-11-26T05:56:55.031+0000] {dag.py:2941} INFO - Sync 1 DAGs
[2023-11-26T05:56:55.053+0000] {logging_mixin.py:154} INFO - [2023-11-26T05:56:55.053+0000] {dag.py:3722} INFO - Setting next_dagrun for outcomes_dag1 to 2023-11-26T00:00:00+00:00, run_after=2023-11-27T00:00:00+00:00
[2023-11-26T05:56:55.075+0000] {processor.py:179} INFO - Processing /opt/airflow/dags/Retry2.py took 0.557 seconds
