[2023-11-26T05:33:42.368+0000] {logging_mixin.py:154} INFO - Changing /opt/***/logs/dag_id=outcomes_dag1/run_id=scheduled__2023-11-25T00:00:00+00:00/task_id=TRANSFORM_DATA_FROM_GCP permission to 509
[2023-11-26T05:33:42.405+0000] {logging_mixin.py:154} INFO - Changing /opt/***/logs/dag_id=outcomes_dag1/run_id=scheduled__2023-11-25T00:00:00+00:00/task_id=TRANSFORM_DATA_FROM_GCP permission to 509
[2023-11-26T05:33:42.435+0000] {taskinstance.py:1159} INFO - Dependencies all met for dep_context=non-requeueable deps ti=<TaskInstance: outcomes_dag1.TRANSFORM_DATA_FROM_GCP scheduled__2023-11-25T00:00:00+00:00 [queued]>
[2023-11-26T05:33:42.446+0000] {taskinstance.py:1159} INFO - Dependencies all met for dep_context=requeueable deps ti=<TaskInstance: outcomes_dag1.TRANSFORM_DATA_FROM_GCP scheduled__2023-11-25T00:00:00+00:00 [queued]>
[2023-11-26T05:33:42.449+0000] {taskinstance.py:1361} INFO - Starting attempt 1 of 2
[2023-11-26T05:33:42.602+0000] {taskinstance.py:1382} INFO - Executing <Task(PythonOperator): TRANSFORM_DATA_FROM_GCP> on 2023-11-25 00:00:00+00:00
[2023-11-26T05:33:42.609+0000] {standard_task_runner.py:57} INFO - Started process 394 to run task
[2023-11-26T05:33:42.612+0000] {standard_task_runner.py:84} INFO - Running: ['***', 'tasks', 'run', 'outcomes_dag1', 'TRANSFORM_DATA_FROM_GCP', 'scheduled__2023-11-25T00:00:00+00:00', '--job-id', '19', '--raw', '--subdir', 'DAGS_FOLDER/Retry2.py', '--cfg-path', '/tmp/tmpyb669w0x']
[2023-11-26T05:33:42.615+0000] {standard_task_runner.py:85} INFO - Job 19: Subtask TRANSFORM_DATA_FROM_GCP
[2023-11-26T05:33:42.662+0000] {logging_mixin.py:154} INFO - Changing /opt/***/logs/dag_id=outcomes_dag1/run_id=scheduled__2023-11-25T00:00:00+00:00/task_id=TRANSFORM_DATA_FROM_GCP permission to 509
[2023-11-26T05:33:42.667+0000] {task_command.py:416} INFO - Running <TaskInstance: outcomes_dag1.TRANSFORM_DATA_FROM_GCP scheduled__2023-11-25T00:00:00+00:00 [running]> on host 42136bd2bf4d
[2023-11-26T05:33:42.751+0000] {taskinstance.py:1662} INFO - Exporting env vars: AIRFLOW_CTX_DAG_OWNER='***' AIRFLOW_CTX_DAG_ID='outcomes_dag1' AIRFLOW_CTX_TASK_ID='TRANSFORM_DATA_FROM_GCP' AIRFLOW_CTX_EXECUTION_DATE='2023-11-25T00:00:00+00:00' AIRFLOW_CTX_TRY_NUMBER='1' AIRFLOW_CTX_DAG_RUN_ID='scheduled__2023-11-25T00:00:00+00:00'
[2023-11-26T05:33:44.689+0000] {logging_mixin.py:154} INFO - Preparing Animal Dimensions Table Data
[2023-11-26T05:33:45.190+0000] {logging_mixin.py:154} INFO - Writing data to GCS.....
[2023-11-26T05:34:27.248+0000] {logging_mixin.py:154} INFO - Finished writing data to GCS.
[2023-11-26T05:34:27.250+0000] {logging_mixin.py:154} INFO - Writing data to GCS.....
[2023-11-26T05:34:27.643+0000] {logging_mixin.py:154} INFO - Finished writing data to GCS.
[2023-11-26T05:34:27.646+0000] {logging_mixin.py:154} INFO - Writing data to GCS.....
[2023-11-26T05:34:28.021+0000] {logging_mixin.py:154} INFO - Finished writing data to GCS.
[2023-11-26T05:34:28.022+0000] {logging_mixin.py:154} INFO - Writing data to GCS.....
[2023-11-26T05:34:30.933+0000] {logging_mixin.py:154} INFO - Finished writing data to GCS.
[2023-11-26T05:34:30.962+0000] {python.py:194} INFO - Done. Returned value was: None
[2023-11-26T05:34:30.973+0000] {taskinstance.py:1400} INFO - Marking task as SUCCESS. dag_id=outcomes_dag1, task_id=TRANSFORM_DATA_FROM_GCP, execution_date=20231125T000000, start_date=20231126T053342, end_date=20231126T053430
[2023-11-26T05:34:31.018+0000] {local_task_job_runner.py:228} INFO - Task exited with return code 0
[2023-11-26T05:34:31.047+0000] {taskinstance.py:2778} INFO - 3 downstream tasks scheduled from follow-on schedule check
