[2023-11-26T05:34:31.840+0000] {logging_mixin.py:154} INFO - Changing /opt/***/logs/dag_id=outcomes_dag1/run_id=scheduled__2023-11-25T00:00:00+00:00/task_id=LOAD_DIM_DATES permission to 509
[2023-11-26T05:34:31.877+0000] {logging_mixin.py:154} INFO - Changing /opt/***/logs/dag_id=outcomes_dag1/run_id=scheduled__2023-11-25T00:00:00+00:00/task_id=LOAD_DIM_DATES permission to 509
[2023-11-26T05:34:31.911+0000] {taskinstance.py:1159} INFO - Dependencies all met for dep_context=non-requeueable deps ti=<TaskInstance: outcomes_dag1.LOAD_DIM_DATES scheduled__2023-11-25T00:00:00+00:00 [queued]>
[2023-11-26T05:34:32.080+0000] {taskinstance.py:1159} INFO - Dependencies all met for dep_context=requeueable deps ti=<TaskInstance: outcomes_dag1.LOAD_DIM_DATES scheduled__2023-11-25T00:00:00+00:00 [queued]>
[2023-11-26T05:34:32.082+0000] {taskinstance.py:1361} INFO - Starting attempt 1 of 2
[2023-11-26T05:34:32.098+0000] {taskinstance.py:1382} INFO - Executing <Task(PythonOperator): LOAD_DIM_DATES> on 2023-11-25 00:00:00+00:00
[2023-11-26T05:34:32.104+0000] {standard_task_runner.py:57} INFO - Started process 425 to run task
[2023-11-26T05:34:32.107+0000] {standard_task_runner.py:84} INFO - Running: ['***', 'tasks', 'run', 'outcomes_dag1', 'LOAD_DIM_DATES', 'scheduled__2023-11-25T00:00:00+00:00', '--job-id', '24', '--raw', '--subdir', 'DAGS_FOLDER/Retry2.py', '--cfg-path', '/tmp/tmpdtq4p7to']
[2023-11-26T05:34:32.110+0000] {standard_task_runner.py:85} INFO - Job 24: Subtask LOAD_DIM_DATES
[2023-11-26T05:34:32.160+0000] {logging_mixin.py:154} INFO - Changing /opt/***/logs/dag_id=outcomes_dag1/run_id=scheduled__2023-11-25T00:00:00+00:00/task_id=LOAD_DIM_DATES permission to 509
[2023-11-26T05:34:32.164+0000] {task_command.py:416} INFO - Running <TaskInstance: outcomes_dag1.LOAD_DIM_DATES scheduled__2023-11-25T00:00:00+00:00 [running]> on host 42136bd2bf4d
[2023-11-26T05:34:32.249+0000] {taskinstance.py:1662} INFO - Exporting env vars: AIRFLOW_CTX_DAG_OWNER='***' AIRFLOW_CTX_DAG_ID='outcomes_dag1' AIRFLOW_CTX_TASK_ID='LOAD_DIM_DATES' AIRFLOW_CTX_EXECUTION_DATE='2023-11-25T00:00:00+00:00' AIRFLOW_CTX_TRY_NUMBER='1' AIRFLOW_CTX_DAG_RUN_ID='scheduled__2023-11-25T00:00:00+00:00'
[2023-11-26T05:34:32.913+0000] {logging_mixin.py:154} INFO - Executing Create Table Queries...
[2023-11-26T05:34:33.058+0000] {logging_mixin.py:154} INFO - Finished creating tables...
[2023-11-26T05:34:33.059+0000] {logging_mixin.py:154} INFO - Dropping Table datedimension
[2023-11-26T05:34:33.184+0000] {logging_mixin.py:154} INFO - Loading data into PostgreSQL for table datedimension
[2023-11-26T05:34:33.877+0000] {logging_mixin.py:154} INFO - Number of rows inserted for table datedimension: 122
[2023-11-26T05:34:33.879+0000] {python.py:194} INFO - Done. Returned value was: None
[2023-11-26T05:34:33.896+0000] {taskinstance.py:1400} INFO - Marking task as SUCCESS. dag_id=outcomes_dag1, task_id=LOAD_DIM_DATES, execution_date=20231125T000000, start_date=20231126T053431, end_date=20231126T053433
[2023-11-26T05:34:33.933+0000] {local_task_job_runner.py:228} INFO - Task exited with return code 0
[2023-11-26T05:34:33.957+0000] {taskinstance.py:2778} INFO - 0 downstream tasks scheduled from follow-on schedule check
