[2023-11-26T00:16:49.204+0000] {processor.py:157} INFO - Started process (PID=78) to work on /home/airflow/.local/lib/python3.8/site-packages/airflow/example_dags/example_sla_dag.py
[2023-11-26T00:16:49.207+0000] {processor.py:829} INFO - Processing file /home/airflow/.local/lib/python3.8/site-packages/airflow/example_dags/example_sla_dag.py for tasks to queue
[2023-11-26T00:16:49.213+0000] {logging_mixin.py:154} INFO - [2023-11-26T00:16:49.213+0000] {dagbag.py:536} INFO - Filling up the DagBag from /home/airflow/.local/lib/python3.8/site-packages/airflow/example_dags/example_sla_dag.py
[2023-11-26T00:16:49.238+0000] {processor.py:839} INFO - DAG(s) dict_keys(['example_sla_dag']) retrieved from /home/airflow/.local/lib/python3.8/site-packages/airflow/example_dags/example_sla_dag.py
[2023-11-26T00:16:49.303+0000] {logging_mixin.py:154} INFO - [2023-11-26T00:16:49.302+0000] {dag.py:2941} INFO - Sync 1 DAGs
[2023-11-26T00:16:49.383+0000] {logging_mixin.py:154} INFO - [2023-11-26T00:16:49.382+0000] {dag.py:3722} INFO - Setting next_dagrun for example_sla_dag to 2023-11-26T00:14:00+00:00, run_after=2023-11-26T00:16:00+00:00
[2023-11-26T00:16:49.459+0000] {processor.py:179} INFO - Processing /home/airflow/.local/lib/python3.8/site-packages/airflow/example_dags/example_sla_dag.py took 0.267 seconds
[2023-11-26T00:18:17.057+0000] {processor.py:157} INFO - Started process (PID=79) to work on /home/airflow/.local/lib/python3.8/site-packages/airflow/example_dags/example_sla_dag.py
[2023-11-26T00:18:17.066+0000] {processor.py:829} INFO - Processing file /home/airflow/.local/lib/python3.8/site-packages/airflow/example_dags/example_sla_dag.py for tasks to queue
[2023-11-26T00:18:17.073+0000] {logging_mixin.py:154} INFO - [2023-11-26T00:18:17.072+0000] {dagbag.py:536} INFO - Filling up the DagBag from /home/airflow/.local/lib/python3.8/site-packages/airflow/example_dags/example_sla_dag.py
[2023-11-26T00:18:17.110+0000] {processor.py:839} INFO - DAG(s) dict_keys(['example_sla_dag']) retrieved from /home/airflow/.local/lib/python3.8/site-packages/airflow/example_dags/example_sla_dag.py
[2023-11-26T00:18:17.197+0000] {logging_mixin.py:154} INFO - [2023-11-26T00:18:17.195+0000] {dag.py:2941} INFO - Sync 1 DAGs
[2023-11-26T00:18:17.296+0000] {logging_mixin.py:154} INFO - [2023-11-26T00:18:17.296+0000] {dag.py:3722} INFO - Setting next_dagrun for example_sla_dag to 2023-11-26T00:16:00+00:00, run_after=2023-11-26T00:18:00+00:00
[2023-11-26T00:18:17.405+0000] {processor.py:179} INFO - Processing /home/airflow/.local/lib/python3.8/site-packages/airflow/example_dags/example_sla_dag.py took 0.358 seconds
[2023-11-26T00:18:47.578+0000] {processor.py:157} INFO - Started process (PID=134) to work on /home/airflow/.local/lib/python3.8/site-packages/airflow/example_dags/example_sla_dag.py
[2023-11-26T00:18:47.583+0000] {processor.py:829} INFO - Processing file /home/airflow/.local/lib/python3.8/site-packages/airflow/example_dags/example_sla_dag.py for tasks to queue
[2023-11-26T00:18:47.596+0000] {logging_mixin.py:154} INFO - [2023-11-26T00:18:47.595+0000] {dagbag.py:536} INFO - Filling up the DagBag from /home/airflow/.local/lib/python3.8/site-packages/airflow/example_dags/example_sla_dag.py
[2023-11-26T00:18:47.620+0000] {processor.py:839} INFO - DAG(s) dict_keys(['example_sla_dag']) retrieved from /home/airflow/.local/lib/python3.8/site-packages/airflow/example_dags/example_sla_dag.py
[2023-11-26T00:18:47.713+0000] {logging_mixin.py:154} INFO - [2023-11-26T00:18:47.712+0000] {dag.py:2941} INFO - Sync 1 DAGs
[2023-11-26T00:18:47.799+0000] {logging_mixin.py:154} INFO - [2023-11-26T00:18:47.799+0000] {dag.py:3722} INFO - Setting next_dagrun for example_sla_dag to 2023-11-26T00:16:00+00:00, run_after=2023-11-26T00:18:00+00:00
[2023-11-26T00:18:47.869+0000] {processor.py:179} INFO - Processing /home/airflow/.local/lib/python3.8/site-packages/airflow/example_dags/example_sla_dag.py took 0.298 seconds
[2023-11-26T00:19:18.604+0000] {processor.py:157} INFO - Started process (PID=188) to work on /home/airflow/.local/lib/python3.8/site-packages/airflow/example_dags/example_sla_dag.py
[2023-11-26T00:19:18.606+0000] {processor.py:829} INFO - Processing file /home/airflow/.local/lib/python3.8/site-packages/airflow/example_dags/example_sla_dag.py for tasks to queue
[2023-11-26T00:19:18.621+0000] {logging_mixin.py:154} INFO - [2023-11-26T00:19:18.618+0000] {dagbag.py:536} INFO - Filling up the DagBag from /home/airflow/.local/lib/python3.8/site-packages/airflow/example_dags/example_sla_dag.py
[2023-11-26T00:19:18.641+0000] {processor.py:839} INFO - DAG(s) dict_keys(['example_sla_dag']) retrieved from /home/airflow/.local/lib/python3.8/site-packages/airflow/example_dags/example_sla_dag.py
[2023-11-26T00:19:18.695+0000] {logging_mixin.py:154} INFO - [2023-11-26T00:19:18.694+0000] {dag.py:2941} INFO - Sync 1 DAGs
[2023-11-26T00:19:18.794+0000] {logging_mixin.py:154} INFO - [2023-11-26T00:19:18.793+0000] {dag.py:3722} INFO - Setting next_dagrun for example_sla_dag to 2023-11-26T00:16:00+00:00, run_after=2023-11-26T00:18:00+00:00
[2023-11-26T00:19:18.876+0000] {processor.py:179} INFO - Processing /home/airflow/.local/lib/python3.8/site-packages/airflow/example_dags/example_sla_dag.py took 0.279 seconds
[2023-11-26T00:19:50.111+0000] {processor.py:157} INFO - Started process (PID=242) to work on /home/airflow/.local/lib/python3.8/site-packages/airflow/example_dags/example_sla_dag.py
[2023-11-26T00:19:50.116+0000] {processor.py:829} INFO - Processing file /home/airflow/.local/lib/python3.8/site-packages/airflow/example_dags/example_sla_dag.py for tasks to queue
[2023-11-26T00:19:50.137+0000] {logging_mixin.py:154} INFO - [2023-11-26T00:19:50.136+0000] {dagbag.py:536} INFO - Filling up the DagBag from /home/airflow/.local/lib/python3.8/site-packages/airflow/example_dags/example_sla_dag.py
[2023-11-26T00:19:50.224+0000] {processor.py:839} INFO - DAG(s) dict_keys(['example_sla_dag']) retrieved from /home/airflow/.local/lib/python3.8/site-packages/airflow/example_dags/example_sla_dag.py
[2023-11-26T00:19:50.335+0000] {logging_mixin.py:154} INFO - [2023-11-26T00:19:50.334+0000] {dag.py:2941} INFO - Sync 1 DAGs
[2023-11-26T00:19:50.576+0000] {logging_mixin.py:154} INFO - [2023-11-26T00:19:50.574+0000] {dag.py:3722} INFO - Setting next_dagrun for example_sla_dag to 2023-11-26T00:16:00+00:00, run_after=2023-11-26T00:18:00+00:00
[2023-11-26T00:19:50.741+0000] {processor.py:179} INFO - Processing /home/airflow/.local/lib/python3.8/site-packages/airflow/example_dags/example_sla_dag.py took 0.648 seconds
[2023-11-26T00:20:22.108+0000] {processor.py:157} INFO - Started process (PID=303) to work on /home/airflow/.local/lib/python3.8/site-packages/airflow/example_dags/example_sla_dag.py
[2023-11-26T00:20:22.113+0000] {processor.py:829} INFO - Processing file /home/airflow/.local/lib/python3.8/site-packages/airflow/example_dags/example_sla_dag.py for tasks to queue
[2023-11-26T00:20:22.128+0000] {logging_mixin.py:154} INFO - [2023-11-26T00:20:22.125+0000] {dagbag.py:536} INFO - Filling up the DagBag from /home/airflow/.local/lib/python3.8/site-packages/airflow/example_dags/example_sla_dag.py
[2023-11-26T00:20:22.176+0000] {processor.py:839} INFO - DAG(s) dict_keys(['example_sla_dag']) retrieved from /home/airflow/.local/lib/python3.8/site-packages/airflow/example_dags/example_sla_dag.py
[2023-11-26T00:20:22.281+0000] {logging_mixin.py:154} INFO - [2023-11-26T00:20:22.280+0000] {dag.py:2941} INFO - Sync 1 DAGs
[2023-11-26T00:20:22.473+0000] {logging_mixin.py:154} INFO - [2023-11-26T00:20:22.472+0000] {dag.py:3722} INFO - Setting next_dagrun for example_sla_dag to 2023-11-26T00:18:00+00:00, run_after=2023-11-26T00:20:00+00:00
[2023-11-26T00:20:22.671+0000] {processor.py:179} INFO - Processing /home/airflow/.local/lib/python3.8/site-packages/airflow/example_dags/example_sla_dag.py took 0.589 seconds
[2023-11-26T00:20:52.990+0000] {processor.py:157} INFO - Started process (PID=357) to work on /home/airflow/.local/lib/python3.8/site-packages/airflow/example_dags/example_sla_dag.py
[2023-11-26T00:20:52.996+0000] {processor.py:829} INFO - Processing file /home/airflow/.local/lib/python3.8/site-packages/airflow/example_dags/example_sla_dag.py for tasks to queue
[2023-11-26T00:20:53.007+0000] {logging_mixin.py:154} INFO - [2023-11-26T00:20:53.005+0000] {dagbag.py:536} INFO - Filling up the DagBag from /home/airflow/.local/lib/python3.8/site-packages/airflow/example_dags/example_sla_dag.py
[2023-11-26T00:20:53.048+0000] {processor.py:839} INFO - DAG(s) dict_keys(['example_sla_dag']) retrieved from /home/airflow/.local/lib/python3.8/site-packages/airflow/example_dags/example_sla_dag.py
[2023-11-26T00:20:53.118+0000] {logging_mixin.py:154} INFO - [2023-11-26T00:20:53.116+0000] {dag.py:2941} INFO - Sync 1 DAGs
[2023-11-26T00:20:53.199+0000] {logging_mixin.py:154} INFO - [2023-11-26T00:20:53.198+0000] {dag.py:3722} INFO - Setting next_dagrun for example_sla_dag to 2023-11-26T00:18:00+00:00, run_after=2023-11-26T00:20:00+00:00
[2023-11-26T00:20:53.265+0000] {processor.py:179} INFO - Processing /home/airflow/.local/lib/python3.8/site-packages/airflow/example_dags/example_sla_dag.py took 0.284 seconds
[2023-11-26T00:21:23.734+0000] {processor.py:157} INFO - Started process (PID=411) to work on /home/airflow/.local/lib/python3.8/site-packages/airflow/example_dags/example_sla_dag.py
[2023-11-26T00:21:23.737+0000] {processor.py:829} INFO - Processing file /home/airflow/.local/lib/python3.8/site-packages/airflow/example_dags/example_sla_dag.py for tasks to queue
[2023-11-26T00:21:23.745+0000] {logging_mixin.py:154} INFO - [2023-11-26T00:21:23.744+0000] {dagbag.py:536} INFO - Filling up the DagBag from /home/airflow/.local/lib/python3.8/site-packages/airflow/example_dags/example_sla_dag.py
[2023-11-26T00:21:23.761+0000] {processor.py:839} INFO - DAG(s) dict_keys(['example_sla_dag']) retrieved from /home/airflow/.local/lib/python3.8/site-packages/airflow/example_dags/example_sla_dag.py
[2023-11-26T00:21:23.820+0000] {logging_mixin.py:154} INFO - [2023-11-26T00:21:23.819+0000] {dag.py:2941} INFO - Sync 1 DAGs
[2023-11-26T00:21:23.906+0000] {logging_mixin.py:154} INFO - [2023-11-26T00:21:23.897+0000] {dag.py:3722} INFO - Setting next_dagrun for example_sla_dag to 2023-11-26T00:18:00+00:00, run_after=2023-11-26T00:20:00+00:00
[2023-11-26T00:21:23.987+0000] {processor.py:179} INFO - Processing /home/airflow/.local/lib/python3.8/site-packages/airflow/example_dags/example_sla_dag.py took 0.259 seconds
[2023-11-26T00:21:59.650+0000] {processor.py:157} INFO - Started process (PID=465) to work on /home/airflow/.local/lib/python3.8/site-packages/airflow/example_dags/example_sla_dag.py
[2023-11-26T00:21:59.658+0000] {processor.py:829} INFO - Processing file /home/airflow/.local/lib/python3.8/site-packages/airflow/example_dags/example_sla_dag.py for tasks to queue
[2023-11-26T00:21:59.687+0000] {logging_mixin.py:154} INFO - [2023-11-26T00:21:59.685+0000] {dagbag.py:536} INFO - Filling up the DagBag from /home/airflow/.local/lib/python3.8/site-packages/airflow/example_dags/example_sla_dag.py
[2023-11-26T00:21:59.747+0000] {processor.py:839} INFO - DAG(s) dict_keys(['example_sla_dag']) retrieved from /home/airflow/.local/lib/python3.8/site-packages/airflow/example_dags/example_sla_dag.py
[2023-11-26T00:21:59.919+0000] {logging_mixin.py:154} INFO - [2023-11-26T00:21:59.918+0000] {dag.py:2941} INFO - Sync 1 DAGs
[2023-11-26T00:22:00.197+0000] {logging_mixin.py:154} INFO - [2023-11-26T00:22:00.196+0000] {dag.py:3722} INFO - Setting next_dagrun for example_sla_dag to 2023-11-26T00:20:00+00:00, run_after=2023-11-26T00:22:00+00:00
[2023-11-26T00:22:00.339+0000] {processor.py:179} INFO - Processing /home/airflow/.local/lib/python3.8/site-packages/airflow/example_dags/example_sla_dag.py took 0.725 seconds
[2023-11-26T00:22:31.326+0000] {processor.py:157} INFO - Started process (PID=518) to work on /home/airflow/.local/lib/python3.8/site-packages/airflow/example_dags/example_sla_dag.py
[2023-11-26T00:22:31.337+0000] {processor.py:829} INFO - Processing file /home/airflow/.local/lib/python3.8/site-packages/airflow/example_dags/example_sla_dag.py for tasks to queue
[2023-11-26T00:22:31.360+0000] {logging_mixin.py:154} INFO - [2023-11-26T00:22:31.358+0000] {dagbag.py:536} INFO - Filling up the DagBag from /home/airflow/.local/lib/python3.8/site-packages/airflow/example_dags/example_sla_dag.py
[2023-11-26T00:22:31.438+0000] {processor.py:839} INFO - DAG(s) dict_keys(['example_sla_dag']) retrieved from /home/airflow/.local/lib/python3.8/site-packages/airflow/example_dags/example_sla_dag.py
[2023-11-26T00:22:31.595+0000] {logging_mixin.py:154} INFO - [2023-11-26T00:22:31.594+0000] {dag.py:2941} INFO - Sync 1 DAGs
[2023-11-26T00:22:31.889+0000] {logging_mixin.py:154} INFO - [2023-11-26T00:22:31.888+0000] {dag.py:3722} INFO - Setting next_dagrun for example_sla_dag to 2023-11-26T00:20:00+00:00, run_after=2023-11-26T00:22:00+00:00
[2023-11-26T00:22:32.050+0000] {processor.py:179} INFO - Processing /home/airflow/.local/lib/python3.8/site-packages/airflow/example_dags/example_sla_dag.py took 0.743 seconds
[2023-11-26T00:23:02.767+0000] {processor.py:157} INFO - Started process (PID=573) to work on /home/airflow/.local/lib/python3.8/site-packages/airflow/example_dags/example_sla_dag.py
[2023-11-26T00:23:02.772+0000] {processor.py:829} INFO - Processing file /home/airflow/.local/lib/python3.8/site-packages/airflow/example_dags/example_sla_dag.py for tasks to queue
[2023-11-26T00:23:02.786+0000] {logging_mixin.py:154} INFO - [2023-11-26T00:23:02.785+0000] {dagbag.py:536} INFO - Filling up the DagBag from /home/airflow/.local/lib/python3.8/site-packages/airflow/example_dags/example_sla_dag.py
[2023-11-26T00:23:02.808+0000] {processor.py:839} INFO - DAG(s) dict_keys(['example_sla_dag']) retrieved from /home/airflow/.local/lib/python3.8/site-packages/airflow/example_dags/example_sla_dag.py
[2023-11-26T00:23:02.859+0000] {logging_mixin.py:154} INFO - [2023-11-26T00:23:02.859+0000] {dag.py:2941} INFO - Sync 1 DAGs
[2023-11-26T00:23:02.952+0000] {logging_mixin.py:154} INFO - [2023-11-26T00:23:02.952+0000] {dag.py:3722} INFO - Setting next_dagrun for example_sla_dag to 2023-11-26T00:20:00+00:00, run_after=2023-11-26T00:22:00+00:00
[2023-11-26T00:23:03.018+0000] {processor.py:179} INFO - Processing /home/airflow/.local/lib/python3.8/site-packages/airflow/example_dags/example_sla_dag.py took 0.258 seconds
[2023-11-26T00:23:33.515+0000] {processor.py:157} INFO - Started process (PID=627) to work on /home/airflow/.local/lib/python3.8/site-packages/airflow/example_dags/example_sla_dag.py
[2023-11-26T00:23:33.519+0000] {processor.py:829} INFO - Processing file /home/airflow/.local/lib/python3.8/site-packages/airflow/example_dags/example_sla_dag.py for tasks to queue
[2023-11-26T00:23:33.523+0000] {logging_mixin.py:154} INFO - [2023-11-26T00:23:33.523+0000] {dagbag.py:536} INFO - Filling up the DagBag from /home/airflow/.local/lib/python3.8/site-packages/airflow/example_dags/example_sla_dag.py
[2023-11-26T00:23:33.543+0000] {processor.py:839} INFO - DAG(s) dict_keys(['example_sla_dag']) retrieved from /home/airflow/.local/lib/python3.8/site-packages/airflow/example_dags/example_sla_dag.py
[2023-11-26T00:23:33.578+0000] {logging_mixin.py:154} INFO - [2023-11-26T00:23:33.577+0000] {dag.py:2941} INFO - Sync 1 DAGs
[2023-11-26T00:23:33.622+0000] {logging_mixin.py:154} INFO - [2023-11-26T00:23:33.621+0000] {dag.py:3722} INFO - Setting next_dagrun for example_sla_dag to 2023-11-26T00:20:00+00:00, run_after=2023-11-26T00:22:00+00:00
[2023-11-26T00:23:33.677+0000] {processor.py:179} INFO - Processing /home/airflow/.local/lib/python3.8/site-packages/airflow/example_dags/example_sla_dag.py took 0.168 seconds
[2023-11-26T00:24:04.500+0000] {processor.py:157} INFO - Started process (PID=681) to work on /home/airflow/.local/lib/python3.8/site-packages/airflow/example_dags/example_sla_dag.py
[2023-11-26T00:24:04.505+0000] {processor.py:829} INFO - Processing file /home/airflow/.local/lib/python3.8/site-packages/airflow/example_dags/example_sla_dag.py for tasks to queue
[2023-11-26T00:24:04.514+0000] {logging_mixin.py:154} INFO - [2023-11-26T00:24:04.513+0000] {dagbag.py:536} INFO - Filling up the DagBag from /home/airflow/.local/lib/python3.8/site-packages/airflow/example_dags/example_sla_dag.py
[2023-11-26T00:24:04.540+0000] {processor.py:839} INFO - DAG(s) dict_keys(['example_sla_dag']) retrieved from /home/airflow/.local/lib/python3.8/site-packages/airflow/example_dags/example_sla_dag.py
[2023-11-26T00:24:04.607+0000] {logging_mixin.py:154} INFO - [2023-11-26T00:24:04.607+0000] {dag.py:2941} INFO - Sync 1 DAGs
[2023-11-26T00:24:04.664+0000] {logging_mixin.py:154} INFO - [2023-11-26T00:24:04.663+0000] {dag.py:3722} INFO - Setting next_dagrun for example_sla_dag to 2023-11-26T00:22:00+00:00, run_after=2023-11-26T00:24:00+00:00
[2023-11-26T00:24:04.745+0000] {processor.py:179} INFO - Processing /home/airflow/.local/lib/python3.8/site-packages/airflow/example_dags/example_sla_dag.py took 0.251 seconds
[2023-11-26T00:24:35.299+0000] {processor.py:157} INFO - Started process (PID=735) to work on /home/airflow/.local/lib/python3.8/site-packages/airflow/example_dags/example_sla_dag.py
[2023-11-26T00:24:35.301+0000] {processor.py:829} INFO - Processing file /home/airflow/.local/lib/python3.8/site-packages/airflow/example_dags/example_sla_dag.py for tasks to queue
[2023-11-26T00:24:35.307+0000] {logging_mixin.py:154} INFO - [2023-11-26T00:24:35.306+0000] {dagbag.py:536} INFO - Filling up the DagBag from /home/airflow/.local/lib/python3.8/site-packages/airflow/example_dags/example_sla_dag.py
[2023-11-26T00:24:35.324+0000] {processor.py:839} INFO - DAG(s) dict_keys(['example_sla_dag']) retrieved from /home/airflow/.local/lib/python3.8/site-packages/airflow/example_dags/example_sla_dag.py
[2023-11-26T00:24:35.360+0000] {logging_mixin.py:154} INFO - [2023-11-26T00:24:35.360+0000] {dag.py:2941} INFO - Sync 1 DAGs
[2023-11-26T00:24:35.414+0000] {logging_mixin.py:154} INFO - [2023-11-26T00:24:35.413+0000] {dag.py:3722} INFO - Setting next_dagrun for example_sla_dag to 2023-11-26T00:22:00+00:00, run_after=2023-11-26T00:24:00+00:00
[2023-11-26T00:24:35.489+0000] {processor.py:179} INFO - Processing /home/airflow/.local/lib/python3.8/site-packages/airflow/example_dags/example_sla_dag.py took 0.198 seconds
[2023-11-26T00:25:05.929+0000] {processor.py:157} INFO - Started process (PID=789) to work on /home/airflow/.local/lib/python3.8/site-packages/airflow/example_dags/example_sla_dag.py
[2023-11-26T00:25:05.935+0000] {processor.py:829} INFO - Processing file /home/airflow/.local/lib/python3.8/site-packages/airflow/example_dags/example_sla_dag.py for tasks to queue
[2023-11-26T00:25:05.940+0000] {logging_mixin.py:154} INFO - [2023-11-26T00:25:05.940+0000] {dagbag.py:536} INFO - Filling up the DagBag from /home/airflow/.local/lib/python3.8/site-packages/airflow/example_dags/example_sla_dag.py
[2023-11-26T00:25:05.963+0000] {processor.py:839} INFO - DAG(s) dict_keys(['example_sla_dag']) retrieved from /home/airflow/.local/lib/python3.8/site-packages/airflow/example_dags/example_sla_dag.py
[2023-11-26T00:25:05.989+0000] {logging_mixin.py:154} INFO - [2023-11-26T00:25:05.989+0000] {dag.py:2941} INFO - Sync 1 DAGs
[2023-11-26T00:25:06.098+0000] {logging_mixin.py:154} INFO - [2023-11-26T00:25:06.097+0000] {dag.py:3722} INFO - Setting next_dagrun for example_sla_dag to 2023-11-26T00:22:00+00:00, run_after=2023-11-26T00:24:00+00:00
[2023-11-26T00:25:06.156+0000] {processor.py:179} INFO - Processing /home/airflow/.local/lib/python3.8/site-packages/airflow/example_dags/example_sla_dag.py took 0.236 seconds
[2023-11-26T00:25:36.942+0000] {processor.py:157} INFO - Started process (PID=843) to work on /home/airflow/.local/lib/python3.8/site-packages/airflow/example_dags/example_sla_dag.py
[2023-11-26T00:25:36.945+0000] {processor.py:829} INFO - Processing file /home/airflow/.local/lib/python3.8/site-packages/airflow/example_dags/example_sla_dag.py for tasks to queue
[2023-11-26T00:25:36.953+0000] {logging_mixin.py:154} INFO - [2023-11-26T00:25:36.951+0000] {dagbag.py:536} INFO - Filling up the DagBag from /home/airflow/.local/lib/python3.8/site-packages/airflow/example_dags/example_sla_dag.py
[2023-11-26T00:25:36.989+0000] {processor.py:839} INFO - DAG(s) dict_keys(['example_sla_dag']) retrieved from /home/airflow/.local/lib/python3.8/site-packages/airflow/example_dags/example_sla_dag.py
[2023-11-26T00:25:37.053+0000] {logging_mixin.py:154} INFO - [2023-11-26T00:25:37.052+0000] {dag.py:2941} INFO - Sync 1 DAGs
[2023-11-26T00:25:37.105+0000] {logging_mixin.py:154} INFO - [2023-11-26T00:25:37.105+0000] {dag.py:3722} INFO - Setting next_dagrun for example_sla_dag to 2023-11-26T00:22:00+00:00, run_after=2023-11-26T00:24:00+00:00
[2023-11-26T00:25:37.196+0000] {processor.py:179} INFO - Processing /home/airflow/.local/lib/python3.8/site-packages/airflow/example_dags/example_sla_dag.py took 0.259 seconds
[2023-11-26T00:26:07.624+0000] {processor.py:157} INFO - Started process (PID=897) to work on /home/airflow/.local/lib/python3.8/site-packages/airflow/example_dags/example_sla_dag.py
[2023-11-26T00:26:07.626+0000] {processor.py:829} INFO - Processing file /home/airflow/.local/lib/python3.8/site-packages/airflow/example_dags/example_sla_dag.py for tasks to queue
[2023-11-26T00:26:07.630+0000] {logging_mixin.py:154} INFO - [2023-11-26T00:26:07.630+0000] {dagbag.py:536} INFO - Filling up the DagBag from /home/airflow/.local/lib/python3.8/site-packages/airflow/example_dags/example_sla_dag.py
[2023-11-26T00:26:07.642+0000] {processor.py:839} INFO - DAG(s) dict_keys(['example_sla_dag']) retrieved from /home/airflow/.local/lib/python3.8/site-packages/airflow/example_dags/example_sla_dag.py
[2023-11-26T00:26:07.676+0000] {logging_mixin.py:154} INFO - [2023-11-26T00:26:07.676+0000] {dag.py:2941} INFO - Sync 1 DAGs
[2023-11-26T00:26:07.721+0000] {logging_mixin.py:154} INFO - [2023-11-26T00:26:07.721+0000] {dag.py:3722} INFO - Setting next_dagrun for example_sla_dag to 2023-11-26T00:24:00+00:00, run_after=2023-11-26T00:26:00+00:00
[2023-11-26T00:26:07.765+0000] {processor.py:179} INFO - Processing /home/airflow/.local/lib/python3.8/site-packages/airflow/example_dags/example_sla_dag.py took 0.145 seconds
[2023-11-26T00:26:38.499+0000] {processor.py:157} INFO - Started process (PID=951) to work on /home/airflow/.local/lib/python3.8/site-packages/airflow/example_dags/example_sla_dag.py
[2023-11-26T00:26:38.501+0000] {processor.py:829} INFO - Processing file /home/airflow/.local/lib/python3.8/site-packages/airflow/example_dags/example_sla_dag.py for tasks to queue
[2023-11-26T00:26:38.506+0000] {logging_mixin.py:154} INFO - [2023-11-26T00:26:38.505+0000] {dagbag.py:536} INFO - Filling up the DagBag from /home/airflow/.local/lib/python3.8/site-packages/airflow/example_dags/example_sla_dag.py
[2023-11-26T00:26:38.522+0000] {processor.py:839} INFO - DAG(s) dict_keys(['example_sla_dag']) retrieved from /home/airflow/.local/lib/python3.8/site-packages/airflow/example_dags/example_sla_dag.py
[2023-11-26T00:26:38.560+0000] {logging_mixin.py:154} INFO - [2023-11-26T00:26:38.559+0000] {dag.py:2941} INFO - Sync 1 DAGs
[2023-11-26T00:26:38.609+0000] {logging_mixin.py:154} INFO - [2023-11-26T00:26:38.609+0000] {dag.py:3722} INFO - Setting next_dagrun for example_sla_dag to 2023-11-26T00:24:00+00:00, run_after=2023-11-26T00:26:00+00:00
[2023-11-26T00:26:38.651+0000] {processor.py:179} INFO - Processing /home/airflow/.local/lib/python3.8/site-packages/airflow/example_dags/example_sla_dag.py took 0.157 seconds
[2023-11-26T00:27:09.264+0000] {processor.py:157} INFO - Started process (PID=1005) to work on /home/airflow/.local/lib/python3.8/site-packages/airflow/example_dags/example_sla_dag.py
[2023-11-26T00:27:09.267+0000] {processor.py:829} INFO - Processing file /home/airflow/.local/lib/python3.8/site-packages/airflow/example_dags/example_sla_dag.py for tasks to queue
[2023-11-26T00:27:09.275+0000] {logging_mixin.py:154} INFO - [2023-11-26T00:27:09.274+0000] {dagbag.py:536} INFO - Filling up the DagBag from /home/airflow/.local/lib/python3.8/site-packages/airflow/example_dags/example_sla_dag.py
[2023-11-26T00:27:09.290+0000] {processor.py:839} INFO - DAG(s) dict_keys(['example_sla_dag']) retrieved from /home/airflow/.local/lib/python3.8/site-packages/airflow/example_dags/example_sla_dag.py
[2023-11-26T00:27:09.330+0000] {logging_mixin.py:154} INFO - [2023-11-26T00:27:09.329+0000] {dag.py:2941} INFO - Sync 1 DAGs
[2023-11-26T00:27:09.372+0000] {logging_mixin.py:154} INFO - [2023-11-26T00:27:09.371+0000] {dag.py:3722} INFO - Setting next_dagrun for example_sla_dag to 2023-11-26T00:24:00+00:00, run_after=2023-11-26T00:26:00+00:00
[2023-11-26T00:27:09.406+0000] {processor.py:179} INFO - Processing /home/airflow/.local/lib/python3.8/site-packages/airflow/example_dags/example_sla_dag.py took 0.150 seconds
[2023-11-26T00:27:40.024+0000] {processor.py:157} INFO - Started process (PID=1059) to work on /home/airflow/.local/lib/python3.8/site-packages/airflow/example_dags/example_sla_dag.py
[2023-11-26T00:27:40.027+0000] {processor.py:829} INFO - Processing file /home/airflow/.local/lib/python3.8/site-packages/airflow/example_dags/example_sla_dag.py for tasks to queue
[2023-11-26T00:27:40.033+0000] {logging_mixin.py:154} INFO - [2023-11-26T00:27:40.032+0000] {dagbag.py:536} INFO - Filling up the DagBag from /home/airflow/.local/lib/python3.8/site-packages/airflow/example_dags/example_sla_dag.py
[2023-11-26T00:27:40.056+0000] {processor.py:839} INFO - DAG(s) dict_keys(['example_sla_dag']) retrieved from /home/airflow/.local/lib/python3.8/site-packages/airflow/example_dags/example_sla_dag.py
[2023-11-26T00:27:40.103+0000] {logging_mixin.py:154} INFO - [2023-11-26T00:27:40.103+0000] {dag.py:2941} INFO - Sync 1 DAGs
[2023-11-26T00:27:40.136+0000] {logging_mixin.py:154} INFO - [2023-11-26T00:27:40.135+0000] {dag.py:3722} INFO - Setting next_dagrun for example_sla_dag to 2023-11-26T00:24:00+00:00, run_after=2023-11-26T00:26:00+00:00
[2023-11-26T00:27:40.164+0000] {processor.py:179} INFO - Processing /home/airflow/.local/lib/python3.8/site-packages/airflow/example_dags/example_sla_dag.py took 0.149 seconds
[2023-11-26T00:28:10.752+0000] {processor.py:157} INFO - Started process (PID=1113) to work on /home/airflow/.local/lib/python3.8/site-packages/airflow/example_dags/example_sla_dag.py
[2023-11-26T00:28:10.754+0000] {processor.py:829} INFO - Processing file /home/airflow/.local/lib/python3.8/site-packages/airflow/example_dags/example_sla_dag.py for tasks to queue
[2023-11-26T00:28:10.757+0000] {logging_mixin.py:154} INFO - [2023-11-26T00:28:10.757+0000] {dagbag.py:536} INFO - Filling up the DagBag from /home/airflow/.local/lib/python3.8/site-packages/airflow/example_dags/example_sla_dag.py
[2023-11-26T00:28:10.772+0000] {processor.py:839} INFO - DAG(s) dict_keys(['example_sla_dag']) retrieved from /home/airflow/.local/lib/python3.8/site-packages/airflow/example_dags/example_sla_dag.py
[2023-11-26T00:28:10.843+0000] {logging_mixin.py:154} INFO - [2023-11-26T00:28:10.842+0000] {dag.py:2941} INFO - Sync 1 DAGs
[2023-11-26T00:28:10.889+0000] {logging_mixin.py:154} INFO - [2023-11-26T00:28:10.889+0000] {dag.py:3722} INFO - Setting next_dagrun for example_sla_dag to 2023-11-26T00:26:00+00:00, run_after=2023-11-26T00:28:00+00:00
[2023-11-26T00:28:10.923+0000] {processor.py:179} INFO - Processing /home/airflow/.local/lib/python3.8/site-packages/airflow/example_dags/example_sla_dag.py took 0.175 seconds
[2023-11-26T00:28:40.987+0000] {processor.py:157} INFO - Started process (PID=1165) to work on /home/airflow/.local/lib/python3.8/site-packages/airflow/example_dags/example_sla_dag.py
[2023-11-26T00:28:40.989+0000] {processor.py:829} INFO - Processing file /home/airflow/.local/lib/python3.8/site-packages/airflow/example_dags/example_sla_dag.py for tasks to queue
[2023-11-26T00:28:40.992+0000] {logging_mixin.py:154} INFO - [2023-11-26T00:28:40.992+0000] {dagbag.py:536} INFO - Filling up the DagBag from /home/airflow/.local/lib/python3.8/site-packages/airflow/example_dags/example_sla_dag.py
[2023-11-26T00:28:41.001+0000] {processor.py:839} INFO - DAG(s) dict_keys(['example_sla_dag']) retrieved from /home/airflow/.local/lib/python3.8/site-packages/airflow/example_dags/example_sla_dag.py
[2023-11-26T00:28:41.025+0000] {logging_mixin.py:154} INFO - [2023-11-26T00:28:41.025+0000] {dag.py:2941} INFO - Sync 1 DAGs
[2023-11-26T00:28:41.057+0000] {logging_mixin.py:154} INFO - [2023-11-26T00:28:41.056+0000] {dag.py:3722} INFO - Setting next_dagrun for example_sla_dag to 2023-11-26T00:26:00+00:00, run_after=2023-11-26T00:28:00+00:00
[2023-11-26T00:28:41.086+0000] {processor.py:179} INFO - Processing /home/airflow/.local/lib/python3.8/site-packages/airflow/example_dags/example_sla_dag.py took 0.102 seconds
[2023-11-26T00:29:11.449+0000] {processor.py:157} INFO - Started process (PID=1219) to work on /home/airflow/.local/lib/python3.8/site-packages/airflow/example_dags/example_sla_dag.py
[2023-11-26T00:29:11.452+0000] {processor.py:829} INFO - Processing file /home/airflow/.local/lib/python3.8/site-packages/airflow/example_dags/example_sla_dag.py for tasks to queue
[2023-11-26T00:29:11.457+0000] {logging_mixin.py:154} INFO - [2023-11-26T00:29:11.457+0000] {dagbag.py:536} INFO - Filling up the DagBag from /home/airflow/.local/lib/python3.8/site-packages/airflow/example_dags/example_sla_dag.py
[2023-11-26T00:29:11.484+0000] {processor.py:839} INFO - DAG(s) dict_keys(['example_sla_dag']) retrieved from /home/airflow/.local/lib/python3.8/site-packages/airflow/example_dags/example_sla_dag.py
[2023-11-26T00:29:11.543+0000] {logging_mixin.py:154} INFO - [2023-11-26T00:29:11.542+0000] {dag.py:2941} INFO - Sync 1 DAGs
[2023-11-26T00:29:11.581+0000] {logging_mixin.py:154} INFO - [2023-11-26T00:29:11.581+0000] {dag.py:3722} INFO - Setting next_dagrun for example_sla_dag to 2023-11-26T00:26:00+00:00, run_after=2023-11-26T00:28:00+00:00
[2023-11-26T00:29:11.612+0000] {processor.py:179} INFO - Processing /home/airflow/.local/lib/python3.8/site-packages/airflow/example_dags/example_sla_dag.py took 0.172 seconds
[2023-11-26T00:29:42.366+0000] {processor.py:157} INFO - Started process (PID=1273) to work on /home/airflow/.local/lib/python3.8/site-packages/airflow/example_dags/example_sla_dag.py
[2023-11-26T00:29:42.371+0000] {processor.py:829} INFO - Processing file /home/airflow/.local/lib/python3.8/site-packages/airflow/example_dags/example_sla_dag.py for tasks to queue
[2023-11-26T00:29:42.377+0000] {logging_mixin.py:154} INFO - [2023-11-26T00:29:42.377+0000] {dagbag.py:536} INFO - Filling up the DagBag from /home/airflow/.local/lib/python3.8/site-packages/airflow/example_dags/example_sla_dag.py
[2023-11-26T00:29:42.390+0000] {processor.py:839} INFO - DAG(s) dict_keys(['example_sla_dag']) retrieved from /home/airflow/.local/lib/python3.8/site-packages/airflow/example_dags/example_sla_dag.py
[2023-11-26T00:29:42.433+0000] {logging_mixin.py:154} INFO - [2023-11-26T00:29:42.432+0000] {dag.py:2941} INFO - Sync 1 DAGs
[2023-11-26T00:29:42.484+0000] {logging_mixin.py:154} INFO - [2023-11-26T00:29:42.483+0000] {dag.py:3722} INFO - Setting next_dagrun for example_sla_dag to 2023-11-26T00:26:00+00:00, run_after=2023-11-26T00:28:00+00:00
[2023-11-26T00:29:42.547+0000] {processor.py:179} INFO - Processing /home/airflow/.local/lib/python3.8/site-packages/airflow/example_dags/example_sla_dag.py took 0.185 seconds
[2023-11-26T00:30:12.713+0000] {processor.py:157} INFO - Started process (PID=1327) to work on /home/airflow/.local/lib/python3.8/site-packages/airflow/example_dags/example_sla_dag.py
[2023-11-26T00:30:12.715+0000] {processor.py:829} INFO - Processing file /home/airflow/.local/lib/python3.8/site-packages/airflow/example_dags/example_sla_dag.py for tasks to queue
[2023-11-26T00:30:12.719+0000] {logging_mixin.py:154} INFO - [2023-11-26T00:30:12.719+0000] {dagbag.py:536} INFO - Filling up the DagBag from /home/airflow/.local/lib/python3.8/site-packages/airflow/example_dags/example_sla_dag.py
[2023-11-26T00:30:12.728+0000] {processor.py:839} INFO - DAG(s) dict_keys(['example_sla_dag']) retrieved from /home/airflow/.local/lib/python3.8/site-packages/airflow/example_dags/example_sla_dag.py
[2023-11-26T00:30:12.754+0000] {logging_mixin.py:154} INFO - [2023-11-26T00:30:12.754+0000] {dag.py:2941} INFO - Sync 1 DAGs
[2023-11-26T00:30:12.787+0000] {logging_mixin.py:154} INFO - [2023-11-26T00:30:12.786+0000] {dag.py:3722} INFO - Setting next_dagrun for example_sla_dag to 2023-11-26T00:28:00+00:00, run_after=2023-11-26T00:30:00+00:00
[2023-11-26T00:30:12.818+0000] {processor.py:179} INFO - Processing /home/airflow/.local/lib/python3.8/site-packages/airflow/example_dags/example_sla_dag.py took 0.114 seconds
[2023-11-26T00:30:42.917+0000] {processor.py:157} INFO - Started process (PID=1381) to work on /home/airflow/.local/lib/python3.8/site-packages/airflow/example_dags/example_sla_dag.py
[2023-11-26T00:30:42.920+0000] {processor.py:829} INFO - Processing file /home/airflow/.local/lib/python3.8/site-packages/airflow/example_dags/example_sla_dag.py for tasks to queue
[2023-11-26T00:30:42.928+0000] {logging_mixin.py:154} INFO - [2023-11-26T00:30:42.927+0000] {dagbag.py:536} INFO - Filling up the DagBag from /home/airflow/.local/lib/python3.8/site-packages/airflow/example_dags/example_sla_dag.py
[2023-11-26T00:30:42.957+0000] {processor.py:839} INFO - DAG(s) dict_keys(['example_sla_dag']) retrieved from /home/airflow/.local/lib/python3.8/site-packages/airflow/example_dags/example_sla_dag.py
[2023-11-26T00:30:43.001+0000] {logging_mixin.py:154} INFO - [2023-11-26T00:30:43.001+0000] {dag.py:2941} INFO - Sync 1 DAGs
[2023-11-26T00:30:43.025+0000] {logging_mixin.py:154} INFO - [2023-11-26T00:30:43.025+0000] {dag.py:3722} INFO - Setting next_dagrun for example_sla_dag to 2023-11-26T00:28:00+00:00, run_after=2023-11-26T00:30:00+00:00
[2023-11-26T00:30:43.048+0000] {processor.py:179} INFO - Processing /home/airflow/.local/lib/python3.8/site-packages/airflow/example_dags/example_sla_dag.py took 0.139 seconds
[2023-11-26T00:31:13.407+0000] {processor.py:157} INFO - Started process (PID=1435) to work on /home/airflow/.local/lib/python3.8/site-packages/airflow/example_dags/example_sla_dag.py
[2023-11-26T00:31:13.409+0000] {processor.py:829} INFO - Processing file /home/airflow/.local/lib/python3.8/site-packages/airflow/example_dags/example_sla_dag.py for tasks to queue
[2023-11-26T00:31:13.413+0000] {logging_mixin.py:154} INFO - [2023-11-26T00:31:13.412+0000] {dagbag.py:536} INFO - Filling up the DagBag from /home/airflow/.local/lib/python3.8/site-packages/airflow/example_dags/example_sla_dag.py
[2023-11-26T00:31:13.431+0000] {processor.py:839} INFO - DAG(s) dict_keys(['example_sla_dag']) retrieved from /home/airflow/.local/lib/python3.8/site-packages/airflow/example_dags/example_sla_dag.py
[2023-11-26T00:31:13.459+0000] {logging_mixin.py:154} INFO - [2023-11-26T00:31:13.458+0000] {dag.py:2941} INFO - Sync 1 DAGs
[2023-11-26T00:31:13.491+0000] {logging_mixin.py:154} INFO - [2023-11-26T00:31:13.490+0000] {dag.py:3722} INFO - Setting next_dagrun for example_sla_dag to 2023-11-26T00:28:00+00:00, run_after=2023-11-26T00:30:00+00:00
[2023-11-26T00:31:13.520+0000] {processor.py:179} INFO - Processing /home/airflow/.local/lib/python3.8/site-packages/airflow/example_dags/example_sla_dag.py took 0.117 seconds
[2023-11-26T00:31:43.715+0000] {processor.py:157} INFO - Started process (PID=1489) to work on /home/airflow/.local/lib/python3.8/site-packages/airflow/example_dags/example_sla_dag.py
[2023-11-26T00:31:43.717+0000] {processor.py:829} INFO - Processing file /home/airflow/.local/lib/python3.8/site-packages/airflow/example_dags/example_sla_dag.py for tasks to queue
[2023-11-26T00:31:43.721+0000] {logging_mixin.py:154} INFO - [2023-11-26T00:31:43.721+0000] {dagbag.py:536} INFO - Filling up the DagBag from /home/airflow/.local/lib/python3.8/site-packages/airflow/example_dags/example_sla_dag.py
[2023-11-26T00:31:43.731+0000] {processor.py:839} INFO - DAG(s) dict_keys(['example_sla_dag']) retrieved from /home/airflow/.local/lib/python3.8/site-packages/airflow/example_dags/example_sla_dag.py
[2023-11-26T00:31:43.767+0000] {logging_mixin.py:154} INFO - [2023-11-26T00:31:43.767+0000] {dag.py:2941} INFO - Sync 1 DAGs
[2023-11-26T00:31:43.812+0000] {logging_mixin.py:154} INFO - [2023-11-26T00:31:43.812+0000] {dag.py:3722} INFO - Setting next_dagrun for example_sla_dag to 2023-11-26T00:28:00+00:00, run_after=2023-11-26T00:30:00+00:00
[2023-11-26T00:31:43.861+0000] {processor.py:179} INFO - Processing /home/airflow/.local/lib/python3.8/site-packages/airflow/example_dags/example_sla_dag.py took 0.154 seconds
[2023-11-26T00:32:13.959+0000] {processor.py:157} INFO - Started process (PID=1543) to work on /home/airflow/.local/lib/python3.8/site-packages/airflow/example_dags/example_sla_dag.py
[2023-11-26T00:32:13.961+0000] {processor.py:829} INFO - Processing file /home/airflow/.local/lib/python3.8/site-packages/airflow/example_dags/example_sla_dag.py for tasks to queue
[2023-11-26T00:32:13.965+0000] {logging_mixin.py:154} INFO - [2023-11-26T00:32:13.964+0000] {dagbag.py:536} INFO - Filling up the DagBag from /home/airflow/.local/lib/python3.8/site-packages/airflow/example_dags/example_sla_dag.py
[2023-11-26T00:32:13.974+0000] {processor.py:839} INFO - DAG(s) dict_keys(['example_sla_dag']) retrieved from /home/airflow/.local/lib/python3.8/site-packages/airflow/example_dags/example_sla_dag.py
[2023-11-26T00:32:14.014+0000] {logging_mixin.py:154} INFO - [2023-11-26T00:32:14.013+0000] {dag.py:2941} INFO - Sync 1 DAGs
[2023-11-26T00:32:14.051+0000] {logging_mixin.py:154} INFO - [2023-11-26T00:32:14.051+0000] {dag.py:3722} INFO - Setting next_dagrun for example_sla_dag to 2023-11-26T00:30:00+00:00, run_after=2023-11-26T00:32:00+00:00
[2023-11-26T00:32:14.159+0000] {processor.py:179} INFO - Processing /home/airflow/.local/lib/python3.8/site-packages/airflow/example_dags/example_sla_dag.py took 0.204 seconds
[2023-11-26T00:32:44.367+0000] {processor.py:157} INFO - Started process (PID=1597) to work on /home/airflow/.local/lib/python3.8/site-packages/airflow/example_dags/example_sla_dag.py
[2023-11-26T00:32:44.368+0000] {processor.py:829} INFO - Processing file /home/airflow/.local/lib/python3.8/site-packages/airflow/example_dags/example_sla_dag.py for tasks to queue
[2023-11-26T00:32:44.371+0000] {logging_mixin.py:154} INFO - [2023-11-26T00:32:44.371+0000] {dagbag.py:536} INFO - Filling up the DagBag from /home/airflow/.local/lib/python3.8/site-packages/airflow/example_dags/example_sla_dag.py
[2023-11-26T00:32:44.377+0000] {processor.py:839} INFO - DAG(s) dict_keys(['example_sla_dag']) retrieved from /home/airflow/.local/lib/python3.8/site-packages/airflow/example_dags/example_sla_dag.py
[2023-11-26T00:32:44.396+0000] {logging_mixin.py:154} INFO - [2023-11-26T00:32:44.396+0000] {dag.py:2941} INFO - Sync 1 DAGs
[2023-11-26T00:32:44.419+0000] {logging_mixin.py:154} INFO - [2023-11-26T00:32:44.419+0000] {dag.py:3722} INFO - Setting next_dagrun for example_sla_dag to 2023-11-26T00:30:00+00:00, run_after=2023-11-26T00:32:00+00:00
[2023-11-26T00:32:44.444+0000] {processor.py:179} INFO - Processing /home/airflow/.local/lib/python3.8/site-packages/airflow/example_dags/example_sla_dag.py took 0.080 seconds
[2023-11-26T00:33:15.058+0000] {processor.py:157} INFO - Started process (PID=1651) to work on /home/airflow/.local/lib/python3.8/site-packages/airflow/example_dags/example_sla_dag.py
[2023-11-26T00:33:15.061+0000] {processor.py:829} INFO - Processing file /home/airflow/.local/lib/python3.8/site-packages/airflow/example_dags/example_sla_dag.py for tasks to queue
[2023-11-26T00:33:15.066+0000] {logging_mixin.py:154} INFO - [2023-11-26T00:33:15.066+0000] {dagbag.py:536} INFO - Filling up the DagBag from /home/airflow/.local/lib/python3.8/site-packages/airflow/example_dags/example_sla_dag.py
[2023-11-26T00:33:15.075+0000] {processor.py:839} INFO - DAG(s) dict_keys(['example_sla_dag']) retrieved from /home/airflow/.local/lib/python3.8/site-packages/airflow/example_dags/example_sla_dag.py
[2023-11-26T00:33:15.106+0000] {logging_mixin.py:154} INFO - [2023-11-26T00:33:15.106+0000] {dag.py:2941} INFO - Sync 1 DAGs
[2023-11-26T00:33:15.145+0000] {logging_mixin.py:154} INFO - [2023-11-26T00:33:15.144+0000] {dag.py:3722} INFO - Setting next_dagrun for example_sla_dag to 2023-11-26T00:30:00+00:00, run_after=2023-11-26T00:32:00+00:00
[2023-11-26T00:33:15.182+0000] {processor.py:179} INFO - Processing /home/airflow/.local/lib/python3.8/site-packages/airflow/example_dags/example_sla_dag.py took 0.128 seconds
[2023-11-26T00:33:45.492+0000] {processor.py:157} INFO - Started process (PID=1705) to work on /home/airflow/.local/lib/python3.8/site-packages/airflow/example_dags/example_sla_dag.py
[2023-11-26T00:33:45.493+0000] {processor.py:829} INFO - Processing file /home/airflow/.local/lib/python3.8/site-packages/airflow/example_dags/example_sla_dag.py for tasks to queue
[2023-11-26T00:33:45.495+0000] {logging_mixin.py:154} INFO - [2023-11-26T00:33:45.495+0000] {dagbag.py:536} INFO - Filling up the DagBag from /home/airflow/.local/lib/python3.8/site-packages/airflow/example_dags/example_sla_dag.py
[2023-11-26T00:33:45.502+0000] {processor.py:839} INFO - DAG(s) dict_keys(['example_sla_dag']) retrieved from /home/airflow/.local/lib/python3.8/site-packages/airflow/example_dags/example_sla_dag.py
[2023-11-26T00:33:45.524+0000] {logging_mixin.py:154} INFO - [2023-11-26T00:33:45.523+0000] {dag.py:2941} INFO - Sync 1 DAGs
[2023-11-26T00:33:45.549+0000] {logging_mixin.py:154} INFO - [2023-11-26T00:33:45.549+0000] {dag.py:3722} INFO - Setting next_dagrun for example_sla_dag to 2023-11-26T00:30:00+00:00, run_after=2023-11-26T00:32:00+00:00
[2023-11-26T00:33:45.569+0000] {processor.py:179} INFO - Processing /home/airflow/.local/lib/python3.8/site-packages/airflow/example_dags/example_sla_dag.py took 0.080 seconds
[2023-11-26T00:34:16.016+0000] {processor.py:157} INFO - Started process (PID=1759) to work on /home/airflow/.local/lib/python3.8/site-packages/airflow/example_dags/example_sla_dag.py
[2023-11-26T00:34:16.018+0000] {processor.py:829} INFO - Processing file /home/airflow/.local/lib/python3.8/site-packages/airflow/example_dags/example_sla_dag.py for tasks to queue
[2023-11-26T00:34:16.021+0000] {logging_mixin.py:154} INFO - [2023-11-26T00:34:16.021+0000] {dagbag.py:536} INFO - Filling up the DagBag from /home/airflow/.local/lib/python3.8/site-packages/airflow/example_dags/example_sla_dag.py
[2023-11-26T00:34:16.030+0000] {processor.py:839} INFO - DAG(s) dict_keys(['example_sla_dag']) retrieved from /home/airflow/.local/lib/python3.8/site-packages/airflow/example_dags/example_sla_dag.py
[2023-11-26T00:34:16.049+0000] {logging_mixin.py:154} INFO - [2023-11-26T00:34:16.049+0000] {dag.py:2941} INFO - Sync 1 DAGs
[2023-11-26T00:34:16.072+0000] {logging_mixin.py:154} INFO - [2023-11-26T00:34:16.072+0000] {dag.py:3722} INFO - Setting next_dagrun for example_sla_dag to 2023-11-26T00:32:00+00:00, run_after=2023-11-26T00:34:00+00:00
[2023-11-26T00:34:16.096+0000] {processor.py:179} INFO - Processing /home/airflow/.local/lib/python3.8/site-packages/airflow/example_dags/example_sla_dag.py took 0.085 seconds
[2023-11-26T00:34:46.500+0000] {processor.py:157} INFO - Started process (PID=1813) to work on /home/airflow/.local/lib/python3.8/site-packages/airflow/example_dags/example_sla_dag.py
[2023-11-26T00:34:46.501+0000] {processor.py:829} INFO - Processing file /home/airflow/.local/lib/python3.8/site-packages/airflow/example_dags/example_sla_dag.py for tasks to queue
[2023-11-26T00:34:46.505+0000] {logging_mixin.py:154} INFO - [2023-11-26T00:34:46.505+0000] {dagbag.py:536} INFO - Filling up the DagBag from /home/airflow/.local/lib/python3.8/site-packages/airflow/example_dags/example_sla_dag.py
[2023-11-26T00:34:46.512+0000] {processor.py:839} INFO - DAG(s) dict_keys(['example_sla_dag']) retrieved from /home/airflow/.local/lib/python3.8/site-packages/airflow/example_dags/example_sla_dag.py
[2023-11-26T00:34:46.532+0000] {logging_mixin.py:154} INFO - [2023-11-26T00:34:46.531+0000] {dag.py:2941} INFO - Sync 1 DAGs
[2023-11-26T00:34:46.555+0000] {logging_mixin.py:154} INFO - [2023-11-26T00:34:46.555+0000] {dag.py:3722} INFO - Setting next_dagrun for example_sla_dag to 2023-11-26T00:32:00+00:00, run_after=2023-11-26T00:34:00+00:00
[2023-11-26T00:34:46.580+0000] {processor.py:179} INFO - Processing /home/airflow/.local/lib/python3.8/site-packages/airflow/example_dags/example_sla_dag.py took 0.086 seconds
[2023-11-26T00:35:16.797+0000] {processor.py:157} INFO - Started process (PID=1867) to work on /home/airflow/.local/lib/python3.8/site-packages/airflow/example_dags/example_sla_dag.py
[2023-11-26T00:35:16.798+0000] {processor.py:829} INFO - Processing file /home/airflow/.local/lib/python3.8/site-packages/airflow/example_dags/example_sla_dag.py for tasks to queue
[2023-11-26T00:35:16.801+0000] {logging_mixin.py:154} INFO - [2023-11-26T00:35:16.801+0000] {dagbag.py:536} INFO - Filling up the DagBag from /home/airflow/.local/lib/python3.8/site-packages/airflow/example_dags/example_sla_dag.py
[2023-11-26T00:35:16.808+0000] {processor.py:839} INFO - DAG(s) dict_keys(['example_sla_dag']) retrieved from /home/airflow/.local/lib/python3.8/site-packages/airflow/example_dags/example_sla_dag.py
[2023-11-26T00:35:16.830+0000] {logging_mixin.py:154} INFO - [2023-11-26T00:35:16.829+0000] {dag.py:2941} INFO - Sync 1 DAGs
[2023-11-26T00:35:16.852+0000] {logging_mixin.py:154} INFO - [2023-11-26T00:35:16.852+0000] {dag.py:3722} INFO - Setting next_dagrun for example_sla_dag to 2023-11-26T00:32:00+00:00, run_after=2023-11-26T00:34:00+00:00
[2023-11-26T00:35:16.873+0000] {processor.py:179} INFO - Processing /home/airflow/.local/lib/python3.8/site-packages/airflow/example_dags/example_sla_dag.py took 0.079 seconds
[2023-11-26T00:35:47.267+0000] {processor.py:157} INFO - Started process (PID=1921) to work on /home/airflow/.local/lib/python3.8/site-packages/airflow/example_dags/example_sla_dag.py
[2023-11-26T00:35:47.268+0000] {processor.py:829} INFO - Processing file /home/airflow/.local/lib/python3.8/site-packages/airflow/example_dags/example_sla_dag.py for tasks to queue
[2023-11-26T00:35:47.271+0000] {logging_mixin.py:154} INFO - [2023-11-26T00:35:47.271+0000] {dagbag.py:536} INFO - Filling up the DagBag from /home/airflow/.local/lib/python3.8/site-packages/airflow/example_dags/example_sla_dag.py
[2023-11-26T00:35:47.279+0000] {processor.py:839} INFO - DAG(s) dict_keys(['example_sla_dag']) retrieved from /home/airflow/.local/lib/python3.8/site-packages/airflow/example_dags/example_sla_dag.py
[2023-11-26T00:35:47.300+0000] {logging_mixin.py:154} INFO - [2023-11-26T00:35:47.300+0000] {dag.py:2941} INFO - Sync 1 DAGs
[2023-11-26T00:35:47.324+0000] {logging_mixin.py:154} INFO - [2023-11-26T00:35:47.323+0000] {dag.py:3722} INFO - Setting next_dagrun for example_sla_dag to 2023-11-26T00:32:00+00:00, run_after=2023-11-26T00:34:00+00:00
[2023-11-26T00:35:47.347+0000] {processor.py:179} INFO - Processing /home/airflow/.local/lib/python3.8/site-packages/airflow/example_dags/example_sla_dag.py took 0.082 seconds
[2023-11-26T00:36:17.762+0000] {processor.py:157} INFO - Started process (PID=1975) to work on /home/airflow/.local/lib/python3.8/site-packages/airflow/example_dags/example_sla_dag.py
[2023-11-26T00:36:17.764+0000] {processor.py:829} INFO - Processing file /home/airflow/.local/lib/python3.8/site-packages/airflow/example_dags/example_sla_dag.py for tasks to queue
[2023-11-26T00:36:17.768+0000] {logging_mixin.py:154} INFO - [2023-11-26T00:36:17.767+0000] {dagbag.py:536} INFO - Filling up the DagBag from /home/airflow/.local/lib/python3.8/site-packages/airflow/example_dags/example_sla_dag.py
[2023-11-26T00:36:17.777+0000] {processor.py:839} INFO - DAG(s) dict_keys(['example_sla_dag']) retrieved from /home/airflow/.local/lib/python3.8/site-packages/airflow/example_dags/example_sla_dag.py
[2023-11-26T00:36:17.800+0000] {logging_mixin.py:154} INFO - [2023-11-26T00:36:17.799+0000] {dag.py:2941} INFO - Sync 1 DAGs
[2023-11-26T00:36:17.823+0000] {logging_mixin.py:154} INFO - [2023-11-26T00:36:17.823+0000] {dag.py:3722} INFO - Setting next_dagrun for example_sla_dag to 2023-11-26T00:34:00+00:00, run_after=2023-11-26T00:36:00+00:00
[2023-11-26T00:36:17.847+0000] {processor.py:179} INFO - Processing /home/airflow/.local/lib/python3.8/site-packages/airflow/example_dags/example_sla_dag.py took 0.089 seconds
[2023-11-26T00:36:48.582+0000] {processor.py:157} INFO - Started process (PID=2029) to work on /home/airflow/.local/lib/python3.8/site-packages/airflow/example_dags/example_sla_dag.py
[2023-11-26T00:36:48.583+0000] {processor.py:829} INFO - Processing file /home/airflow/.local/lib/python3.8/site-packages/airflow/example_dags/example_sla_dag.py for tasks to queue
[2023-11-26T00:36:48.586+0000] {logging_mixin.py:154} INFO - [2023-11-26T00:36:48.585+0000] {dagbag.py:536} INFO - Filling up the DagBag from /home/airflow/.local/lib/python3.8/site-packages/airflow/example_dags/example_sla_dag.py
[2023-11-26T00:36:48.594+0000] {processor.py:839} INFO - DAG(s) dict_keys(['example_sla_dag']) retrieved from /home/airflow/.local/lib/python3.8/site-packages/airflow/example_dags/example_sla_dag.py
[2023-11-26T00:36:48.619+0000] {logging_mixin.py:154} INFO - [2023-11-26T00:36:48.619+0000] {dag.py:2941} INFO - Sync 1 DAGs
[2023-11-26T00:36:48.643+0000] {logging_mixin.py:154} INFO - [2023-11-26T00:36:48.643+0000] {dag.py:3722} INFO - Setting next_dagrun for example_sla_dag to 2023-11-26T00:34:00+00:00, run_after=2023-11-26T00:36:00+00:00
[2023-11-26T00:36:48.782+0000] {processor.py:179} INFO - Processing /home/airflow/.local/lib/python3.8/site-packages/airflow/example_dags/example_sla_dag.py took 0.203 seconds
[2023-11-26T00:37:19.254+0000] {processor.py:157} INFO - Started process (PID=2083) to work on /home/airflow/.local/lib/python3.8/site-packages/airflow/example_dags/example_sla_dag.py
[2023-11-26T00:37:19.255+0000] {processor.py:829} INFO - Processing file /home/airflow/.local/lib/python3.8/site-packages/airflow/example_dags/example_sla_dag.py for tasks to queue
[2023-11-26T00:37:19.258+0000] {logging_mixin.py:154} INFO - [2023-11-26T00:37:19.258+0000] {dagbag.py:536} INFO - Filling up the DagBag from /home/airflow/.local/lib/python3.8/site-packages/airflow/example_dags/example_sla_dag.py
[2023-11-26T00:37:19.268+0000] {processor.py:839} INFO - DAG(s) dict_keys(['example_sla_dag']) retrieved from /home/airflow/.local/lib/python3.8/site-packages/airflow/example_dags/example_sla_dag.py
[2023-11-26T00:37:19.288+0000] {logging_mixin.py:154} INFO - [2023-11-26T00:37:19.287+0000] {dag.py:2941} INFO - Sync 1 DAGs
[2023-11-26T00:37:19.314+0000] {logging_mixin.py:154} INFO - [2023-11-26T00:37:19.314+0000] {dag.py:3722} INFO - Setting next_dagrun for example_sla_dag to 2023-11-26T00:34:00+00:00, run_after=2023-11-26T00:36:00+00:00
[2023-11-26T00:37:19.340+0000] {processor.py:179} INFO - Processing /home/airflow/.local/lib/python3.8/site-packages/airflow/example_dags/example_sla_dag.py took 0.090 seconds
[2023-11-26T00:37:49.749+0000] {processor.py:157} INFO - Started process (PID=2137) to work on /home/airflow/.local/lib/python3.8/site-packages/airflow/example_dags/example_sla_dag.py
[2023-11-26T00:37:49.754+0000] {processor.py:829} INFO - Processing file /home/airflow/.local/lib/python3.8/site-packages/airflow/example_dags/example_sla_dag.py for tasks to queue
[2023-11-26T00:37:49.760+0000] {logging_mixin.py:154} INFO - [2023-11-26T00:37:49.759+0000] {dagbag.py:536} INFO - Filling up the DagBag from /home/airflow/.local/lib/python3.8/site-packages/airflow/example_dags/example_sla_dag.py
[2023-11-26T00:37:49.774+0000] {processor.py:839} INFO - DAG(s) dict_keys(['example_sla_dag']) retrieved from /home/airflow/.local/lib/python3.8/site-packages/airflow/example_dags/example_sla_dag.py
[2023-11-26T00:37:49.815+0000] {logging_mixin.py:154} INFO - [2023-11-26T00:37:49.815+0000] {dag.py:2941} INFO - Sync 1 DAGs
[2023-11-26T00:37:49.890+0000] {logging_mixin.py:154} INFO - [2023-11-26T00:37:49.890+0000] {dag.py:3722} INFO - Setting next_dagrun for example_sla_dag to 2023-11-26T00:34:00+00:00, run_after=2023-11-26T00:36:00+00:00
[2023-11-26T00:37:49.918+0000] {processor.py:179} INFO - Processing /home/airflow/.local/lib/python3.8/site-packages/airflow/example_dags/example_sla_dag.py took 0.177 seconds
[2023-11-26T00:38:20.134+0000] {processor.py:157} INFO - Started process (PID=2191) to work on /home/airflow/.local/lib/python3.8/site-packages/airflow/example_dags/example_sla_dag.py
[2023-11-26T00:38:20.136+0000] {processor.py:829} INFO - Processing file /home/airflow/.local/lib/python3.8/site-packages/airflow/example_dags/example_sla_dag.py for tasks to queue
[2023-11-26T00:38:20.139+0000] {logging_mixin.py:154} INFO - [2023-11-26T00:38:20.138+0000] {dagbag.py:536} INFO - Filling up the DagBag from /home/airflow/.local/lib/python3.8/site-packages/airflow/example_dags/example_sla_dag.py
[2023-11-26T00:38:20.150+0000] {processor.py:839} INFO - DAG(s) dict_keys(['example_sla_dag']) retrieved from /home/airflow/.local/lib/python3.8/site-packages/airflow/example_dags/example_sla_dag.py
[2023-11-26T00:38:20.179+0000] {logging_mixin.py:154} INFO - [2023-11-26T00:38:20.179+0000] {dag.py:2941} INFO - Sync 1 DAGs
[2023-11-26T00:38:20.212+0000] {logging_mixin.py:154} INFO - [2023-11-26T00:38:20.211+0000] {dag.py:3722} INFO - Setting next_dagrun for example_sla_dag to 2023-11-26T00:36:00+00:00, run_after=2023-11-26T00:38:00+00:00
[2023-11-26T00:38:20.239+0000] {processor.py:179} INFO - Processing /home/airflow/.local/lib/python3.8/site-packages/airflow/example_dags/example_sla_dag.py took 0.110 seconds
[2023-11-26T00:38:50.450+0000] {processor.py:157} INFO - Started process (PID=2245) to work on /home/airflow/.local/lib/python3.8/site-packages/airflow/example_dags/example_sla_dag.py
[2023-11-26T00:38:50.452+0000] {processor.py:829} INFO - Processing file /home/airflow/.local/lib/python3.8/site-packages/airflow/example_dags/example_sla_dag.py for tasks to queue
[2023-11-26T00:38:50.454+0000] {logging_mixin.py:154} INFO - [2023-11-26T00:38:50.454+0000] {dagbag.py:536} INFO - Filling up the DagBag from /home/airflow/.local/lib/python3.8/site-packages/airflow/example_dags/example_sla_dag.py
[2023-11-26T00:38:50.464+0000] {processor.py:839} INFO - DAG(s) dict_keys(['example_sla_dag']) retrieved from /home/airflow/.local/lib/python3.8/site-packages/airflow/example_dags/example_sla_dag.py
[2023-11-26T00:38:50.487+0000] {logging_mixin.py:154} INFO - [2023-11-26T00:38:50.487+0000] {dag.py:2941} INFO - Sync 1 DAGs
[2023-11-26T00:38:50.650+0000] {logging_mixin.py:154} INFO - [2023-11-26T00:38:50.650+0000] {dag.py:3722} INFO - Setting next_dagrun for example_sla_dag to 2023-11-26T00:36:00+00:00, run_after=2023-11-26T00:38:00+00:00
[2023-11-26T00:38:50.677+0000] {processor.py:179} INFO - Processing /home/airflow/.local/lib/python3.8/site-packages/airflow/example_dags/example_sla_dag.py took 0.230 seconds
[2023-11-26T00:39:21.601+0000] {processor.py:157} INFO - Started process (PID=2299) to work on /home/airflow/.local/lib/python3.8/site-packages/airflow/example_dags/example_sla_dag.py
[2023-11-26T00:39:21.602+0000] {processor.py:829} INFO - Processing file /home/airflow/.local/lib/python3.8/site-packages/airflow/example_dags/example_sla_dag.py for tasks to queue
[2023-11-26T00:39:21.604+0000] {logging_mixin.py:154} INFO - [2023-11-26T00:39:21.604+0000] {dagbag.py:536} INFO - Filling up the DagBag from /home/airflow/.local/lib/python3.8/site-packages/airflow/example_dags/example_sla_dag.py
[2023-11-26T00:39:21.611+0000] {processor.py:839} INFO - DAG(s) dict_keys(['example_sla_dag']) retrieved from /home/airflow/.local/lib/python3.8/site-packages/airflow/example_dags/example_sla_dag.py
[2023-11-26T00:39:21.633+0000] {logging_mixin.py:154} INFO - [2023-11-26T00:39:21.632+0000] {dag.py:2941} INFO - Sync 1 DAGs
[2023-11-26T00:39:21.658+0000] {logging_mixin.py:154} INFO - [2023-11-26T00:39:21.657+0000] {dag.py:3722} INFO - Setting next_dagrun for example_sla_dag to 2023-11-26T00:36:00+00:00, run_after=2023-11-26T00:38:00+00:00
[2023-11-26T00:39:21.681+0000] {processor.py:179} INFO - Processing /home/airflow/.local/lib/python3.8/site-packages/airflow/example_dags/example_sla_dag.py took 0.083 seconds
[2023-11-26T00:39:52.035+0000] {processor.py:157} INFO - Started process (PID=2353) to work on /home/airflow/.local/lib/python3.8/site-packages/airflow/example_dags/example_sla_dag.py
[2023-11-26T00:39:52.036+0000] {processor.py:829} INFO - Processing file /home/airflow/.local/lib/python3.8/site-packages/airflow/example_dags/example_sla_dag.py for tasks to queue
[2023-11-26T00:39:52.040+0000] {logging_mixin.py:154} INFO - [2023-11-26T00:39:52.039+0000] {dagbag.py:536} INFO - Filling up the DagBag from /home/airflow/.local/lib/python3.8/site-packages/airflow/example_dags/example_sla_dag.py
[2023-11-26T00:39:52.048+0000] {processor.py:839} INFO - DAG(s) dict_keys(['example_sla_dag']) retrieved from /home/airflow/.local/lib/python3.8/site-packages/airflow/example_dags/example_sla_dag.py
[2023-11-26T00:39:52.069+0000] {logging_mixin.py:154} INFO - [2023-11-26T00:39:52.069+0000] {dag.py:2941} INFO - Sync 1 DAGs
[2023-11-26T00:39:52.094+0000] {logging_mixin.py:154} INFO - [2023-11-26T00:39:52.094+0000] {dag.py:3722} INFO - Setting next_dagrun for example_sla_dag to 2023-11-26T00:36:00+00:00, run_after=2023-11-26T00:38:00+00:00
[2023-11-26T00:39:52.117+0000] {processor.py:179} INFO - Processing /home/airflow/.local/lib/python3.8/site-packages/airflow/example_dags/example_sla_dag.py took 0.087 seconds
[2023-11-26T00:40:22.759+0000] {processor.py:157} INFO - Started process (PID=2407) to work on /home/airflow/.local/lib/python3.8/site-packages/airflow/example_dags/example_sla_dag.py
[2023-11-26T00:40:22.761+0000] {processor.py:829} INFO - Processing file /home/airflow/.local/lib/python3.8/site-packages/airflow/example_dags/example_sla_dag.py for tasks to queue
[2023-11-26T00:40:22.763+0000] {logging_mixin.py:154} INFO - [2023-11-26T00:40:22.763+0000] {dagbag.py:536} INFO - Filling up the DagBag from /home/airflow/.local/lib/python3.8/site-packages/airflow/example_dags/example_sla_dag.py
[2023-11-26T00:40:22.771+0000] {processor.py:839} INFO - DAG(s) dict_keys(['example_sla_dag']) retrieved from /home/airflow/.local/lib/python3.8/site-packages/airflow/example_dags/example_sla_dag.py
[2023-11-26T00:40:22.795+0000] {logging_mixin.py:154} INFO - [2023-11-26T00:40:22.795+0000] {dag.py:2941} INFO - Sync 1 DAGs
[2023-11-26T00:40:22.933+0000] {logging_mixin.py:154} INFO - [2023-11-26T00:40:22.933+0000] {dag.py:3722} INFO - Setting next_dagrun for example_sla_dag to 2023-11-26T00:38:00+00:00, run_after=2023-11-26T00:40:00+00:00
[2023-11-26T00:40:22.957+0000] {processor.py:179} INFO - Processing /home/airflow/.local/lib/python3.8/site-packages/airflow/example_dags/example_sla_dag.py took 0.201 seconds
[2023-11-26T00:40:53.040+0000] {processor.py:157} INFO - Started process (PID=2461) to work on /home/airflow/.local/lib/python3.8/site-packages/airflow/example_dags/example_sla_dag.py
[2023-11-26T00:40:53.043+0000] {processor.py:829} INFO - Processing file /home/airflow/.local/lib/python3.8/site-packages/airflow/example_dags/example_sla_dag.py for tasks to queue
[2023-11-26T00:40:53.046+0000] {logging_mixin.py:154} INFO - [2023-11-26T00:40:53.045+0000] {dagbag.py:536} INFO - Filling up the DagBag from /home/airflow/.local/lib/python3.8/site-packages/airflow/example_dags/example_sla_dag.py
[2023-11-26T00:40:53.053+0000] {processor.py:839} INFO - DAG(s) dict_keys(['example_sla_dag']) retrieved from /home/airflow/.local/lib/python3.8/site-packages/airflow/example_dags/example_sla_dag.py
[2023-11-26T00:40:53.076+0000] {logging_mixin.py:154} INFO - [2023-11-26T00:40:53.076+0000] {dag.py:2941} INFO - Sync 1 DAGs
[2023-11-26T00:40:53.100+0000] {logging_mixin.py:154} INFO - [2023-11-26T00:40:53.100+0000] {dag.py:3722} INFO - Setting next_dagrun for example_sla_dag to 2023-11-26T00:38:00+00:00, run_after=2023-11-26T00:40:00+00:00
[2023-11-26T00:40:53.247+0000] {processor.py:179} INFO - Processing /home/airflow/.local/lib/python3.8/site-packages/airflow/example_dags/example_sla_dag.py took 0.211 seconds
[2023-11-26T00:41:23.783+0000] {processor.py:157} INFO - Started process (PID=2515) to work on /home/airflow/.local/lib/python3.8/site-packages/airflow/example_dags/example_sla_dag.py
[2023-11-26T00:41:23.784+0000] {processor.py:829} INFO - Processing file /home/airflow/.local/lib/python3.8/site-packages/airflow/example_dags/example_sla_dag.py for tasks to queue
[2023-11-26T00:41:23.786+0000] {logging_mixin.py:154} INFO - [2023-11-26T00:41:23.786+0000] {dagbag.py:536} INFO - Filling up the DagBag from /home/airflow/.local/lib/python3.8/site-packages/airflow/example_dags/example_sla_dag.py
[2023-11-26T00:41:23.794+0000] {processor.py:839} INFO - DAG(s) dict_keys(['example_sla_dag']) retrieved from /home/airflow/.local/lib/python3.8/site-packages/airflow/example_dags/example_sla_dag.py
[2023-11-26T00:41:23.814+0000] {logging_mixin.py:154} INFO - [2023-11-26T00:41:23.814+0000] {dag.py:2941} INFO - Sync 1 DAGs
[2023-11-26T00:41:23.837+0000] {logging_mixin.py:154} INFO - [2023-11-26T00:41:23.837+0000] {dag.py:3722} INFO - Setting next_dagrun for example_sla_dag to 2023-11-26T00:38:00+00:00, run_after=2023-11-26T00:40:00+00:00
[2023-11-26T00:41:23.858+0000] {processor.py:179} INFO - Processing /home/airflow/.local/lib/python3.8/site-packages/airflow/example_dags/example_sla_dag.py took 0.078 seconds
[2023-11-26T00:41:54.449+0000] {processor.py:157} INFO - Started process (PID=2569) to work on /home/airflow/.local/lib/python3.8/site-packages/airflow/example_dags/example_sla_dag.py
[2023-11-26T00:41:54.450+0000] {processor.py:829} INFO - Processing file /home/airflow/.local/lib/python3.8/site-packages/airflow/example_dags/example_sla_dag.py for tasks to queue
[2023-11-26T00:41:54.453+0000] {logging_mixin.py:154} INFO - [2023-11-26T00:41:54.452+0000] {dagbag.py:536} INFO - Filling up the DagBag from /home/airflow/.local/lib/python3.8/site-packages/airflow/example_dags/example_sla_dag.py
[2023-11-26T00:41:54.460+0000] {processor.py:839} INFO - DAG(s) dict_keys(['example_sla_dag']) retrieved from /home/airflow/.local/lib/python3.8/site-packages/airflow/example_dags/example_sla_dag.py
[2023-11-26T00:41:54.483+0000] {logging_mixin.py:154} INFO - [2023-11-26T00:41:54.483+0000] {dag.py:2941} INFO - Sync 1 DAGs
[2023-11-26T00:41:54.630+0000] {logging_mixin.py:154} INFO - [2023-11-26T00:41:54.630+0000] {dag.py:3722} INFO - Setting next_dagrun for example_sla_dag to 2023-11-26T00:38:00+00:00, run_after=2023-11-26T00:40:00+00:00
[2023-11-26T00:41:54.653+0000] {processor.py:179} INFO - Processing /home/airflow/.local/lib/python3.8/site-packages/airflow/example_dags/example_sla_dag.py took 0.208 seconds
[2023-11-26T00:42:25.344+0000] {processor.py:157} INFO - Started process (PID=2623) to work on /home/airflow/.local/lib/python3.8/site-packages/airflow/example_dags/example_sla_dag.py
[2023-11-26T00:42:25.346+0000] {processor.py:829} INFO - Processing file /home/airflow/.local/lib/python3.8/site-packages/airflow/example_dags/example_sla_dag.py for tasks to queue
[2023-11-26T00:42:25.348+0000] {logging_mixin.py:154} INFO - [2023-11-26T00:42:25.348+0000] {dagbag.py:536} INFO - Filling up the DagBag from /home/airflow/.local/lib/python3.8/site-packages/airflow/example_dags/example_sla_dag.py
[2023-11-26T00:42:25.357+0000] {processor.py:839} INFO - DAG(s) dict_keys(['example_sla_dag']) retrieved from /home/airflow/.local/lib/python3.8/site-packages/airflow/example_dags/example_sla_dag.py
[2023-11-26T00:42:25.381+0000] {logging_mixin.py:154} INFO - [2023-11-26T00:42:25.380+0000] {dag.py:2941} INFO - Sync 1 DAGs
[2023-11-26T00:42:25.409+0000] {logging_mixin.py:154} INFO - [2023-11-26T00:42:25.409+0000] {dag.py:3722} INFO - Setting next_dagrun for example_sla_dag to 2023-11-26T00:40:00+00:00, run_after=2023-11-26T00:42:00+00:00
[2023-11-26T00:42:25.543+0000] {processor.py:179} INFO - Processing /home/airflow/.local/lib/python3.8/site-packages/airflow/example_dags/example_sla_dag.py took 0.202 seconds
[2023-11-26T00:42:55.839+0000] {processor.py:157} INFO - Started process (PID=2677) to work on /home/airflow/.local/lib/python3.8/site-packages/airflow/example_dags/example_sla_dag.py
[2023-11-26T00:42:55.840+0000] {processor.py:829} INFO - Processing file /home/airflow/.local/lib/python3.8/site-packages/airflow/example_dags/example_sla_dag.py for tasks to queue
[2023-11-26T00:42:55.845+0000] {logging_mixin.py:154} INFO - [2023-11-26T00:42:55.844+0000] {dagbag.py:536} INFO - Filling up the DagBag from /home/airflow/.local/lib/python3.8/site-packages/airflow/example_dags/example_sla_dag.py
[2023-11-26T00:42:55.858+0000] {processor.py:839} INFO - DAG(s) dict_keys(['example_sla_dag']) retrieved from /home/airflow/.local/lib/python3.8/site-packages/airflow/example_dags/example_sla_dag.py
[2023-11-26T00:42:55.886+0000] {logging_mixin.py:154} INFO - [2023-11-26T00:42:55.885+0000] {dag.py:2941} INFO - Sync 1 DAGs
[2023-11-26T00:42:55.926+0000] {logging_mixin.py:154} INFO - [2023-11-26T00:42:55.926+0000] {dag.py:3722} INFO - Setting next_dagrun for example_sla_dag to 2023-11-26T00:40:00+00:00, run_after=2023-11-26T00:42:00+00:00
[2023-11-26T00:42:55.959+0000] {processor.py:179} INFO - Processing /home/airflow/.local/lib/python3.8/site-packages/airflow/example_dags/example_sla_dag.py took 0.123 seconds
[2023-11-26T00:43:26.050+0000] {processor.py:157} INFO - Started process (PID=2731) to work on /home/airflow/.local/lib/python3.8/site-packages/airflow/example_dags/example_sla_dag.py
[2023-11-26T00:43:26.051+0000] {processor.py:829} INFO - Processing file /home/airflow/.local/lib/python3.8/site-packages/airflow/example_dags/example_sla_dag.py for tasks to queue
[2023-11-26T00:43:26.054+0000] {logging_mixin.py:154} INFO - [2023-11-26T00:43:26.053+0000] {dagbag.py:536} INFO - Filling up the DagBag from /home/airflow/.local/lib/python3.8/site-packages/airflow/example_dags/example_sla_dag.py
[2023-11-26T00:43:26.060+0000] {processor.py:839} INFO - DAG(s) dict_keys(['example_sla_dag']) retrieved from /home/airflow/.local/lib/python3.8/site-packages/airflow/example_dags/example_sla_dag.py
[2023-11-26T00:43:26.080+0000] {logging_mixin.py:154} INFO - [2023-11-26T00:43:26.080+0000] {dag.py:2941} INFO - Sync 1 DAGs
[2023-11-26T00:43:26.200+0000] {logging_mixin.py:154} INFO - [2023-11-26T00:43:26.200+0000] {dag.py:3722} INFO - Setting next_dagrun for example_sla_dag to 2023-11-26T00:40:00+00:00, run_after=2023-11-26T00:42:00+00:00
[2023-11-26T00:43:26.221+0000] {processor.py:179} INFO - Processing /home/airflow/.local/lib/python3.8/site-packages/airflow/example_dags/example_sla_dag.py took 0.175 seconds
[2023-11-26T00:43:56.347+0000] {processor.py:157} INFO - Started process (PID=2783) to work on /home/airflow/.local/lib/python3.8/site-packages/airflow/example_dags/example_sla_dag.py
[2023-11-26T00:43:56.349+0000] {processor.py:829} INFO - Processing file /home/airflow/.local/lib/python3.8/site-packages/airflow/example_dags/example_sla_dag.py for tasks to queue
[2023-11-26T00:43:56.352+0000] {logging_mixin.py:154} INFO - [2023-11-26T00:43:56.352+0000] {dagbag.py:536} INFO - Filling up the DagBag from /home/airflow/.local/lib/python3.8/site-packages/airflow/example_dags/example_sla_dag.py
[2023-11-26T00:43:56.360+0000] {processor.py:839} INFO - DAG(s) dict_keys(['example_sla_dag']) retrieved from /home/airflow/.local/lib/python3.8/site-packages/airflow/example_dags/example_sla_dag.py
[2023-11-26T00:43:56.382+0000] {logging_mixin.py:154} INFO - [2023-11-26T00:43:56.382+0000] {dag.py:2941} INFO - Sync 1 DAGs
[2023-11-26T00:43:56.404+0000] {logging_mixin.py:154} INFO - [2023-11-26T00:43:56.404+0000] {dag.py:3722} INFO - Setting next_dagrun for example_sla_dag to 2023-11-26T00:40:00+00:00, run_after=2023-11-26T00:42:00+00:00
[2023-11-26T00:43:56.430+0000] {processor.py:179} INFO - Processing /home/airflow/.local/lib/python3.8/site-packages/airflow/example_dags/example_sla_dag.py took 0.086 seconds
[2023-11-26T00:44:26.528+0000] {processor.py:157} INFO - Started process (PID=2837) to work on /home/airflow/.local/lib/python3.8/site-packages/airflow/example_dags/example_sla_dag.py
[2023-11-26T00:44:26.529+0000] {processor.py:829} INFO - Processing file /home/airflow/.local/lib/python3.8/site-packages/airflow/example_dags/example_sla_dag.py for tasks to queue
[2023-11-26T00:44:26.531+0000] {logging_mixin.py:154} INFO - [2023-11-26T00:44:26.531+0000] {dagbag.py:536} INFO - Filling up the DagBag from /home/airflow/.local/lib/python3.8/site-packages/airflow/example_dags/example_sla_dag.py
[2023-11-26T00:44:26.541+0000] {processor.py:839} INFO - DAG(s) dict_keys(['example_sla_dag']) retrieved from /home/airflow/.local/lib/python3.8/site-packages/airflow/example_dags/example_sla_dag.py
[2023-11-26T00:44:26.569+0000] {logging_mixin.py:154} INFO - [2023-11-26T00:44:26.568+0000] {dag.py:2941} INFO - Sync 1 DAGs
[2023-11-26T00:44:26.593+0000] {logging_mixin.py:154} INFO - [2023-11-26T00:44:26.593+0000] {dag.py:3722} INFO - Setting next_dagrun for example_sla_dag to 2023-11-26T00:42:00+00:00, run_after=2023-11-26T00:44:00+00:00
[2023-11-26T00:44:26.618+0000] {processor.py:179} INFO - Processing /home/airflow/.local/lib/python3.8/site-packages/airflow/example_dags/example_sla_dag.py took 0.093 seconds
[2023-11-26T00:44:56.733+0000] {processor.py:157} INFO - Started process (PID=2891) to work on /home/airflow/.local/lib/python3.8/site-packages/airflow/example_dags/example_sla_dag.py
[2023-11-26T00:44:56.734+0000] {processor.py:829} INFO - Processing file /home/airflow/.local/lib/python3.8/site-packages/airflow/example_dags/example_sla_dag.py for tasks to queue
[2023-11-26T00:44:56.736+0000] {logging_mixin.py:154} INFO - [2023-11-26T00:44:56.735+0000] {dagbag.py:536} INFO - Filling up the DagBag from /home/airflow/.local/lib/python3.8/site-packages/airflow/example_dags/example_sla_dag.py
[2023-11-26T00:44:56.742+0000] {processor.py:839} INFO - DAG(s) dict_keys(['example_sla_dag']) retrieved from /home/airflow/.local/lib/python3.8/site-packages/airflow/example_dags/example_sla_dag.py
[2023-11-26T00:44:56.758+0000] {logging_mixin.py:154} INFO - [2023-11-26T00:44:56.758+0000] {dag.py:2941} INFO - Sync 1 DAGs
[2023-11-26T00:44:56.779+0000] {logging_mixin.py:154} INFO - [2023-11-26T00:44:56.779+0000] {dag.py:3722} INFO - Setting next_dagrun for example_sla_dag to 2023-11-26T00:42:00+00:00, run_after=2023-11-26T00:44:00+00:00
[2023-11-26T00:44:56.798+0000] {processor.py:179} INFO - Processing /home/airflow/.local/lib/python3.8/site-packages/airflow/example_dags/example_sla_dag.py took 0.068 seconds
[2023-11-26T00:45:27.086+0000] {processor.py:157} INFO - Started process (PID=2945) to work on /home/airflow/.local/lib/python3.8/site-packages/airflow/example_dags/example_sla_dag.py
[2023-11-26T00:45:27.088+0000] {processor.py:829} INFO - Processing file /home/airflow/.local/lib/python3.8/site-packages/airflow/example_dags/example_sla_dag.py for tasks to queue
[2023-11-26T00:45:27.091+0000] {logging_mixin.py:154} INFO - [2023-11-26T00:45:27.091+0000] {dagbag.py:536} INFO - Filling up the DagBag from /home/airflow/.local/lib/python3.8/site-packages/airflow/example_dags/example_sla_dag.py
[2023-11-26T00:45:27.107+0000] {processor.py:839} INFO - DAG(s) dict_keys(['example_sla_dag']) retrieved from /home/airflow/.local/lib/python3.8/site-packages/airflow/example_dags/example_sla_dag.py
[2023-11-26T00:45:27.139+0000] {logging_mixin.py:154} INFO - [2023-11-26T00:45:27.137+0000] {dag.py:2941} INFO - Sync 1 DAGs
[2023-11-26T00:45:27.177+0000] {logging_mixin.py:154} INFO - [2023-11-26T00:45:27.177+0000] {dag.py:3722} INFO - Setting next_dagrun for example_sla_dag to 2023-11-26T00:42:00+00:00, run_after=2023-11-26T00:44:00+00:00
[2023-11-26T00:45:27.215+0000] {processor.py:179} INFO - Processing /home/airflow/.local/lib/python3.8/site-packages/airflow/example_dags/example_sla_dag.py took 0.138 seconds
[2023-11-26T00:45:57.411+0000] {processor.py:157} INFO - Started process (PID=2999) to work on /home/airflow/.local/lib/python3.8/site-packages/airflow/example_dags/example_sla_dag.py
[2023-11-26T00:45:57.414+0000] {processor.py:829} INFO - Processing file /home/airflow/.local/lib/python3.8/site-packages/airflow/example_dags/example_sla_dag.py for tasks to queue
[2023-11-26T00:45:57.419+0000] {logging_mixin.py:154} INFO - [2023-11-26T00:45:57.419+0000] {dagbag.py:536} INFO - Filling up the DagBag from /home/airflow/.local/lib/python3.8/site-packages/airflow/example_dags/example_sla_dag.py
[2023-11-26T00:45:57.431+0000] {processor.py:839} INFO - DAG(s) dict_keys(['example_sla_dag']) retrieved from /home/airflow/.local/lib/python3.8/site-packages/airflow/example_dags/example_sla_dag.py
[2023-11-26T00:45:57.466+0000] {logging_mixin.py:154} INFO - [2023-11-26T00:45:57.466+0000] {dag.py:2941} INFO - Sync 1 DAGs
[2023-11-26T00:45:57.500+0000] {logging_mixin.py:154} INFO - [2023-11-26T00:45:57.499+0000] {dag.py:3722} INFO - Setting next_dagrun for example_sla_dag to 2023-11-26T00:42:00+00:00, run_after=2023-11-26T00:44:00+00:00
[2023-11-26T00:45:57.538+0000] {processor.py:179} INFO - Processing /home/airflow/.local/lib/python3.8/site-packages/airflow/example_dags/example_sla_dag.py took 0.133 seconds
[2023-11-26T00:46:28.474+0000] {processor.py:157} INFO - Started process (PID=3053) to work on /home/airflow/.local/lib/python3.8/site-packages/airflow/example_dags/example_sla_dag.py
[2023-11-26T00:46:28.476+0000] {processor.py:829} INFO - Processing file /home/airflow/.local/lib/python3.8/site-packages/airflow/example_dags/example_sla_dag.py for tasks to queue
[2023-11-26T00:46:28.478+0000] {logging_mixin.py:154} INFO - [2023-11-26T00:46:28.478+0000] {dagbag.py:536} INFO - Filling up the DagBag from /home/airflow/.local/lib/python3.8/site-packages/airflow/example_dags/example_sla_dag.py
[2023-11-26T00:46:28.487+0000] {processor.py:839} INFO - DAG(s) dict_keys(['example_sla_dag']) retrieved from /home/airflow/.local/lib/python3.8/site-packages/airflow/example_dags/example_sla_dag.py
[2023-11-26T00:46:28.507+0000] {logging_mixin.py:154} INFO - [2023-11-26T00:46:28.507+0000] {dag.py:2941} INFO - Sync 1 DAGs
[2023-11-26T00:46:28.529+0000] {logging_mixin.py:154} INFO - [2023-11-26T00:46:28.529+0000] {dag.py:3722} INFO - Setting next_dagrun for example_sla_dag to 2023-11-26T00:44:00+00:00, run_after=2023-11-26T00:46:00+00:00
[2023-11-26T00:46:28.552+0000] {processor.py:179} INFO - Processing /home/airflow/.local/lib/python3.8/site-packages/airflow/example_dags/example_sla_dag.py took 0.084 seconds
[2023-11-26T00:46:58.639+0000] {processor.py:157} INFO - Started process (PID=3108) to work on /home/airflow/.local/lib/python3.8/site-packages/airflow/example_dags/example_sla_dag.py
[2023-11-26T00:46:58.643+0000] {processor.py:829} INFO - Processing file /home/airflow/.local/lib/python3.8/site-packages/airflow/example_dags/example_sla_dag.py for tasks to queue
[2023-11-26T00:46:58.655+0000] {logging_mixin.py:154} INFO - [2023-11-26T00:46:58.654+0000] {dagbag.py:536} INFO - Filling up the DagBag from /home/airflow/.local/lib/python3.8/site-packages/airflow/example_dags/example_sla_dag.py
[2023-11-26T00:46:58.685+0000] {processor.py:839} INFO - DAG(s) dict_keys(['example_sla_dag']) retrieved from /home/airflow/.local/lib/python3.8/site-packages/airflow/example_dags/example_sla_dag.py
[2023-11-26T00:46:58.742+0000] {logging_mixin.py:154} INFO - [2023-11-26T00:46:58.741+0000] {dag.py:2941} INFO - Sync 1 DAGs
[2023-11-26T00:46:58.814+0000] {logging_mixin.py:154} INFO - [2023-11-26T00:46:58.814+0000] {dag.py:3722} INFO - Setting next_dagrun for example_sla_dag to 2023-11-26T00:44:00+00:00, run_after=2023-11-26T00:46:00+00:00
[2023-11-26T00:46:58.896+0000] {processor.py:179} INFO - Processing /home/airflow/.local/lib/python3.8/site-packages/airflow/example_dags/example_sla_dag.py took 0.265 seconds
[2023-11-26T00:47:29.102+0000] {processor.py:157} INFO - Started process (PID=3168) to work on /home/airflow/.local/lib/python3.8/site-packages/airflow/example_dags/example_sla_dag.py
[2023-11-26T00:47:29.106+0000] {processor.py:829} INFO - Processing file /home/airflow/.local/lib/python3.8/site-packages/airflow/example_dags/example_sla_dag.py for tasks to queue
[2023-11-26T00:47:29.112+0000] {logging_mixin.py:154} INFO - [2023-11-26T00:47:29.112+0000] {dagbag.py:536} INFO - Filling up the DagBag from /home/airflow/.local/lib/python3.8/site-packages/airflow/example_dags/example_sla_dag.py
[2023-11-26T00:47:29.134+0000] {processor.py:839} INFO - DAG(s) dict_keys(['example_sla_dag']) retrieved from /home/airflow/.local/lib/python3.8/site-packages/airflow/example_dags/example_sla_dag.py
[2023-11-26T00:47:29.207+0000] {logging_mixin.py:154} INFO - [2023-11-26T00:47:29.206+0000] {dag.py:2941} INFO - Sync 1 DAGs
[2023-11-26T00:47:29.278+0000] {logging_mixin.py:154} INFO - [2023-11-26T00:47:29.278+0000] {dag.py:3722} INFO - Setting next_dagrun for example_sla_dag to 2023-11-26T00:44:00+00:00, run_after=2023-11-26T00:46:00+00:00
[2023-11-26T00:47:29.349+0000] {processor.py:179} INFO - Processing /home/airflow/.local/lib/python3.8/site-packages/airflow/example_dags/example_sla_dag.py took 0.255 seconds
[2023-11-26T00:47:59.581+0000] {processor.py:157} INFO - Started process (PID=3222) to work on /home/airflow/.local/lib/python3.8/site-packages/airflow/example_dags/example_sla_dag.py
[2023-11-26T00:47:59.584+0000] {processor.py:829} INFO - Processing file /home/airflow/.local/lib/python3.8/site-packages/airflow/example_dags/example_sla_dag.py for tasks to queue
[2023-11-26T00:47:59.591+0000] {logging_mixin.py:154} INFO - [2023-11-26T00:47:59.590+0000] {dagbag.py:536} INFO - Filling up the DagBag from /home/airflow/.local/lib/python3.8/site-packages/airflow/example_dags/example_sla_dag.py
[2023-11-26T00:47:59.611+0000] {processor.py:839} INFO - DAG(s) dict_keys(['example_sla_dag']) retrieved from /home/airflow/.local/lib/python3.8/site-packages/airflow/example_dags/example_sla_dag.py
[2023-11-26T00:47:59.665+0000] {logging_mixin.py:154} INFO - [2023-11-26T00:47:59.664+0000] {dag.py:2941} INFO - Sync 1 DAGs
[2023-11-26T00:47:59.713+0000] {logging_mixin.py:154} INFO - [2023-11-26T00:47:59.713+0000] {dag.py:3722} INFO - Setting next_dagrun for example_sla_dag to 2023-11-26T00:44:00+00:00, run_after=2023-11-26T00:46:00+00:00
[2023-11-26T00:47:59.770+0000] {processor.py:179} INFO - Processing /home/airflow/.local/lib/python3.8/site-packages/airflow/example_dags/example_sla_dag.py took 0.194 seconds
[2023-11-26T00:48:29.953+0000] {processor.py:157} INFO - Started process (PID=3275) to work on /home/airflow/.local/lib/python3.8/site-packages/airflow/example_dags/example_sla_dag.py
[2023-11-26T00:48:29.956+0000] {processor.py:829} INFO - Processing file /home/airflow/.local/lib/python3.8/site-packages/airflow/example_dags/example_sla_dag.py for tasks to queue
[2023-11-26T00:48:29.961+0000] {logging_mixin.py:154} INFO - [2023-11-26T00:48:29.961+0000] {dagbag.py:536} INFO - Filling up the DagBag from /home/airflow/.local/lib/python3.8/site-packages/airflow/example_dags/example_sla_dag.py
[2023-11-26T00:48:29.975+0000] {processor.py:839} INFO - DAG(s) dict_keys(['example_sla_dag']) retrieved from /home/airflow/.local/lib/python3.8/site-packages/airflow/example_dags/example_sla_dag.py
[2023-11-26T00:48:30.031+0000] {logging_mixin.py:154} INFO - [2023-11-26T00:48:30.030+0000] {dag.py:2941} INFO - Sync 1 DAGs
[2023-11-26T00:48:30.072+0000] {logging_mixin.py:154} INFO - [2023-11-26T00:48:30.072+0000] {dag.py:3722} INFO - Setting next_dagrun for example_sla_dag to 2023-11-26T00:46:00+00:00, run_after=2023-11-26T00:48:00+00:00
[2023-11-26T00:48:30.131+0000] {processor.py:179} INFO - Processing /home/airflow/.local/lib/python3.8/site-packages/airflow/example_dags/example_sla_dag.py took 0.182 seconds
[2023-11-26T00:49:00.948+0000] {processor.py:157} INFO - Started process (PID=3329) to work on /home/airflow/.local/lib/python3.8/site-packages/airflow/example_dags/example_sla_dag.py
[2023-11-26T00:49:00.951+0000] {processor.py:829} INFO - Processing file /home/airflow/.local/lib/python3.8/site-packages/airflow/example_dags/example_sla_dag.py for tasks to queue
[2023-11-26T00:49:00.958+0000] {logging_mixin.py:154} INFO - [2023-11-26T00:49:00.958+0000] {dagbag.py:536} INFO - Filling up the DagBag from /home/airflow/.local/lib/python3.8/site-packages/airflow/example_dags/example_sla_dag.py
[2023-11-26T00:49:00.983+0000] {processor.py:839} INFO - DAG(s) dict_keys(['example_sla_dag']) retrieved from /home/airflow/.local/lib/python3.8/site-packages/airflow/example_dags/example_sla_dag.py
[2023-11-26T00:49:01.030+0000] {logging_mixin.py:154} INFO - [2023-11-26T00:49:01.030+0000] {dag.py:2941} INFO - Sync 1 DAGs
[2023-11-26T00:49:01.082+0000] {logging_mixin.py:154} INFO - [2023-11-26T00:49:01.081+0000] {dag.py:3722} INFO - Setting next_dagrun for example_sla_dag to 2023-11-26T00:46:00+00:00, run_after=2023-11-26T00:48:00+00:00
[2023-11-26T00:49:01.215+0000] {processor.py:179} INFO - Processing /home/airflow/.local/lib/python3.8/site-packages/airflow/example_dags/example_sla_dag.py took 0.273 seconds
[2023-11-26T00:49:32.093+0000] {processor.py:157} INFO - Started process (PID=3383) to work on /home/airflow/.local/lib/python3.8/site-packages/airflow/example_dags/example_sla_dag.py
[2023-11-26T00:49:32.099+0000] {processor.py:829} INFO - Processing file /home/airflow/.local/lib/python3.8/site-packages/airflow/example_dags/example_sla_dag.py for tasks to queue
[2023-11-26T00:49:32.103+0000] {logging_mixin.py:154} INFO - [2023-11-26T00:49:32.103+0000] {dagbag.py:536} INFO - Filling up the DagBag from /home/airflow/.local/lib/python3.8/site-packages/airflow/example_dags/example_sla_dag.py
[2023-11-26T00:49:32.116+0000] {processor.py:839} INFO - DAG(s) dict_keys(['example_sla_dag']) retrieved from /home/airflow/.local/lib/python3.8/site-packages/airflow/example_dags/example_sla_dag.py
[2023-11-26T00:49:32.170+0000] {logging_mixin.py:154} INFO - [2023-11-26T00:49:32.170+0000] {dag.py:2941} INFO - Sync 1 DAGs
[2023-11-26T00:49:32.245+0000] {logging_mixin.py:154} INFO - [2023-11-26T00:49:32.245+0000] {dag.py:3722} INFO - Setting next_dagrun for example_sla_dag to 2023-11-26T00:46:00+00:00, run_after=2023-11-26T00:48:00+00:00
[2023-11-26T00:49:32.313+0000] {processor.py:179} INFO - Processing /home/airflow/.local/lib/python3.8/site-packages/airflow/example_dags/example_sla_dag.py took 0.234 seconds
[2023-11-26T00:50:02.428+0000] {processor.py:157} INFO - Started process (PID=3436) to work on /home/airflow/.local/lib/python3.8/site-packages/airflow/example_dags/example_sla_dag.py
[2023-11-26T00:50:02.430+0000] {processor.py:829} INFO - Processing file /home/airflow/.local/lib/python3.8/site-packages/airflow/example_dags/example_sla_dag.py for tasks to queue
[2023-11-26T00:50:02.435+0000] {logging_mixin.py:154} INFO - [2023-11-26T00:50:02.435+0000] {dagbag.py:536} INFO - Filling up the DagBag from /home/airflow/.local/lib/python3.8/site-packages/airflow/example_dags/example_sla_dag.py
[2023-11-26T00:50:02.455+0000] {processor.py:839} INFO - DAG(s) dict_keys(['example_sla_dag']) retrieved from /home/airflow/.local/lib/python3.8/site-packages/airflow/example_dags/example_sla_dag.py
[2023-11-26T00:50:02.509+0000] {logging_mixin.py:154} INFO - [2023-11-26T00:50:02.508+0000] {dag.py:2941} INFO - Sync 1 DAGs
[2023-11-26T00:50:02.590+0000] {logging_mixin.py:154} INFO - [2023-11-26T00:50:02.590+0000] {dag.py:3722} INFO - Setting next_dagrun for example_sla_dag to 2023-11-26T00:48:00+00:00, run_after=2023-11-26T00:50:00+00:00
[2023-11-26T00:50:02.652+0000] {processor.py:179} INFO - Processing /home/airflow/.local/lib/python3.8/site-packages/airflow/example_dags/example_sla_dag.py took 0.230 seconds
[2023-11-26T00:50:33.605+0000] {processor.py:157} INFO - Started process (PID=3490) to work on /home/airflow/.local/lib/python3.8/site-packages/airflow/example_dags/example_sla_dag.py
[2023-11-26T00:50:33.609+0000] {processor.py:829} INFO - Processing file /home/airflow/.local/lib/python3.8/site-packages/airflow/example_dags/example_sla_dag.py for tasks to queue
[2023-11-26T00:50:33.617+0000] {logging_mixin.py:154} INFO - [2023-11-26T00:50:33.616+0000] {dagbag.py:536} INFO - Filling up the DagBag from /home/airflow/.local/lib/python3.8/site-packages/airflow/example_dags/example_sla_dag.py
[2023-11-26T00:50:33.640+0000] {processor.py:839} INFO - DAG(s) dict_keys(['example_sla_dag']) retrieved from /home/airflow/.local/lib/python3.8/site-packages/airflow/example_dags/example_sla_dag.py
[2023-11-26T00:50:33.676+0000] {logging_mixin.py:154} INFO - [2023-11-26T00:50:33.675+0000] {dag.py:2941} INFO - Sync 1 DAGs
[2023-11-26T00:50:33.707+0000] {logging_mixin.py:154} INFO - [2023-11-26T00:50:33.707+0000] {dag.py:3722} INFO - Setting next_dagrun for example_sla_dag to 2023-11-26T00:48:00+00:00, run_after=2023-11-26T00:50:00+00:00
[2023-11-26T00:50:33.751+0000] {processor.py:179} INFO - Processing /home/airflow/.local/lib/python3.8/site-packages/airflow/example_dags/example_sla_dag.py took 0.155 seconds
[2023-11-26T00:51:04.160+0000] {processor.py:157} INFO - Started process (PID=3544) to work on /home/airflow/.local/lib/python3.8/site-packages/airflow/example_dags/example_sla_dag.py
[2023-11-26T00:51:04.163+0000] {processor.py:829} INFO - Processing file /home/airflow/.local/lib/python3.8/site-packages/airflow/example_dags/example_sla_dag.py for tasks to queue
[2023-11-26T00:51:04.166+0000] {logging_mixin.py:154} INFO - [2023-11-26T00:51:04.166+0000] {dagbag.py:536} INFO - Filling up the DagBag from /home/airflow/.local/lib/python3.8/site-packages/airflow/example_dags/example_sla_dag.py
[2023-11-26T00:51:04.183+0000] {processor.py:839} INFO - DAG(s) dict_keys(['example_sla_dag']) retrieved from /home/airflow/.local/lib/python3.8/site-packages/airflow/example_dags/example_sla_dag.py
[2023-11-26T00:51:04.218+0000] {logging_mixin.py:154} INFO - [2023-11-26T00:51:04.217+0000] {dag.py:2941} INFO - Sync 1 DAGs
[2023-11-26T00:51:04.264+0000] {logging_mixin.py:154} INFO - [2023-11-26T00:51:04.264+0000] {dag.py:3722} INFO - Setting next_dagrun for example_sla_dag to 2023-11-26T00:48:00+00:00, run_after=2023-11-26T00:50:00+00:00
[2023-11-26T00:51:04.323+0000] {processor.py:179} INFO - Processing /home/airflow/.local/lib/python3.8/site-packages/airflow/example_dags/example_sla_dag.py took 0.166 seconds
[2023-11-26T00:51:34.429+0000] {processor.py:157} INFO - Started process (PID=3598) to work on /home/airflow/.local/lib/python3.8/site-packages/airflow/example_dags/example_sla_dag.py
[2023-11-26T00:51:34.431+0000] {processor.py:829} INFO - Processing file /home/airflow/.local/lib/python3.8/site-packages/airflow/example_dags/example_sla_dag.py for tasks to queue
[2023-11-26T00:51:34.437+0000] {logging_mixin.py:154} INFO - [2023-11-26T00:51:34.437+0000] {dagbag.py:536} INFO - Filling up the DagBag from /home/airflow/.local/lib/python3.8/site-packages/airflow/example_dags/example_sla_dag.py
[2023-11-26T00:51:34.449+0000] {processor.py:839} INFO - DAG(s) dict_keys(['example_sla_dag']) retrieved from /home/airflow/.local/lib/python3.8/site-packages/airflow/example_dags/example_sla_dag.py
[2023-11-26T00:51:34.494+0000] {logging_mixin.py:154} INFO - [2023-11-26T00:51:34.494+0000] {dag.py:2941} INFO - Sync 1 DAGs
[2023-11-26T00:51:34.549+0000] {logging_mixin.py:154} INFO - [2023-11-26T00:51:34.548+0000] {dag.py:3722} INFO - Setting next_dagrun for example_sla_dag to 2023-11-26T00:48:00+00:00, run_after=2023-11-26T00:50:00+00:00
[2023-11-26T00:51:34.617+0000] {processor.py:179} INFO - Processing /home/airflow/.local/lib/python3.8/site-packages/airflow/example_dags/example_sla_dag.py took 0.192 seconds
[2023-11-26T00:52:04.737+0000] {processor.py:157} INFO - Started process (PID=3652) to work on /home/airflow/.local/lib/python3.8/site-packages/airflow/example_dags/example_sla_dag.py
[2023-11-26T00:52:04.739+0000] {processor.py:829} INFO - Processing file /home/airflow/.local/lib/python3.8/site-packages/airflow/example_dags/example_sla_dag.py for tasks to queue
[2023-11-26T00:52:04.741+0000] {logging_mixin.py:154} INFO - [2023-11-26T00:52:04.741+0000] {dagbag.py:536} INFO - Filling up the DagBag from /home/airflow/.local/lib/python3.8/site-packages/airflow/example_dags/example_sla_dag.py
[2023-11-26T00:52:04.749+0000] {processor.py:839} INFO - DAG(s) dict_keys(['example_sla_dag']) retrieved from /home/airflow/.local/lib/python3.8/site-packages/airflow/example_dags/example_sla_dag.py
[2023-11-26T00:52:04.771+0000] {logging_mixin.py:154} INFO - [2023-11-26T00:52:04.771+0000] {dag.py:2941} INFO - Sync 1 DAGs
[2023-11-26T00:52:04.796+0000] {logging_mixin.py:154} INFO - [2023-11-26T00:52:04.796+0000] {dag.py:3722} INFO - Setting next_dagrun for example_sla_dag to 2023-11-26T00:50:00+00:00, run_after=2023-11-26T00:52:00+00:00
[2023-11-26T00:52:04.822+0000] {processor.py:179} INFO - Processing /home/airflow/.local/lib/python3.8/site-packages/airflow/example_dags/example_sla_dag.py took 0.089 seconds
[2023-11-26T00:52:34.919+0000] {processor.py:157} INFO - Started process (PID=3707) to work on /home/airflow/.local/lib/python3.8/site-packages/airflow/example_dags/example_sla_dag.py
[2023-11-26T00:52:34.921+0000] {processor.py:829} INFO - Processing file /home/airflow/.local/lib/python3.8/site-packages/airflow/example_dags/example_sla_dag.py for tasks to queue
[2023-11-26T00:52:34.924+0000] {logging_mixin.py:154} INFO - [2023-11-26T00:52:34.923+0000] {dagbag.py:536} INFO - Filling up the DagBag from /home/airflow/.local/lib/python3.8/site-packages/airflow/example_dags/example_sla_dag.py
[2023-11-26T00:52:34.931+0000] {processor.py:839} INFO - DAG(s) dict_keys(['example_sla_dag']) retrieved from /home/airflow/.local/lib/python3.8/site-packages/airflow/example_dags/example_sla_dag.py
[2023-11-26T00:52:34.954+0000] {logging_mixin.py:154} INFO - [2023-11-26T00:52:34.954+0000] {dag.py:2941} INFO - Sync 1 DAGs
[2023-11-26T00:52:34.982+0000] {logging_mixin.py:154} INFO - [2023-11-26T00:52:34.982+0000] {dag.py:3722} INFO - Setting next_dagrun for example_sla_dag to 2023-11-26T00:50:00+00:00, run_after=2023-11-26T00:52:00+00:00
[2023-11-26T00:52:35.008+0000] {processor.py:179} INFO - Processing /home/airflow/.local/lib/python3.8/site-packages/airflow/example_dags/example_sla_dag.py took 0.091 seconds
