[2023-11-26T00:15:43.320+0000] {processor.py:157} INFO - Started process (PID=61) to work on /home/airflow/.local/lib/python3.8/site-packages/airflow/example_dags/example_branch_labels.py
[2023-11-26T00:15:43.358+0000] {processor.py:829} INFO - Processing file /home/airflow/.local/lib/python3.8/site-packages/airflow/example_dags/example_branch_labels.py for tasks to queue
[2023-11-26T00:15:43.407+0000] {logging_mixin.py:154} INFO - [2023-11-26T00:15:43.406+0000] {dagbag.py:536} INFO - Filling up the DagBag from /home/airflow/.local/lib/python3.8/site-packages/airflow/example_dags/example_branch_labels.py
[2023-11-26T00:15:43.717+0000] {processor.py:839} INFO - DAG(s) dict_keys(['example_branch_labels']) retrieved from /home/airflow/.local/lib/python3.8/site-packages/airflow/example_dags/example_branch_labels.py
[2023-11-26T00:15:44.295+0000] {logging_mixin.py:154} INFO - [2023-11-26T00:15:44.294+0000] {dag.py:2941} INFO - Sync 1 DAGs
[2023-11-26T00:15:44.798+0000] {logging_mixin.py:154} INFO - [2023-11-26T00:15:44.797+0000] {dag.py:3722} INFO - Setting next_dagrun for example_branch_labels to 2023-11-25T00:00:00+00:00, run_after=2023-11-26T00:00:00+00:00
[2023-11-26T00:15:45.083+0000] {processor.py:179} INFO - Processing /home/airflow/.local/lib/python3.8/site-packages/airflow/example_dags/example_branch_labels.py took 1.819 seconds
[2023-11-26T00:16:44.040+0000] {processor.py:157} INFO - Started process (PID=47) to work on /home/airflow/.local/lib/python3.8/site-packages/airflow/example_dags/example_branch_labels.py
[2023-11-26T00:16:44.043+0000] {processor.py:829} INFO - Processing file /home/airflow/.local/lib/python3.8/site-packages/airflow/example_dags/example_branch_labels.py for tasks to queue
[2023-11-26T00:16:44.049+0000] {logging_mixin.py:154} INFO - [2023-11-26T00:16:44.048+0000] {dagbag.py:536} INFO - Filling up the DagBag from /home/airflow/.local/lib/python3.8/site-packages/airflow/example_dags/example_branch_labels.py
[2023-11-26T00:16:44.065+0000] {processor.py:839} INFO - DAG(s) dict_keys(['example_branch_labels']) retrieved from /home/airflow/.local/lib/python3.8/site-packages/airflow/example_dags/example_branch_labels.py
[2023-11-26T00:16:44.133+0000] {logging_mixin.py:154} INFO - [2023-11-26T00:16:44.133+0000] {dag.py:2941} INFO - Sync 1 DAGs
[2023-11-26T00:16:44.210+0000] {logging_mixin.py:154} INFO - [2023-11-26T00:16:44.210+0000] {dag.py:3722} INFO - Setting next_dagrun for example_branch_labels to 2023-11-25T00:00:00+00:00, run_after=2023-11-26T00:00:00+00:00
[2023-11-26T00:16:44.283+0000] {processor.py:179} INFO - Processing /home/airflow/.local/lib/python3.8/site-packages/airflow/example_dags/example_branch_labels.py took 0.249 seconds
[2023-11-26T00:17:57.922+0000] {processor.py:157} INFO - Started process (PID=48) to work on /home/airflow/.local/lib/python3.8/site-packages/airflow/example_dags/example_branch_labels.py
[2023-11-26T00:17:57.931+0000] {processor.py:829} INFO - Processing file /home/airflow/.local/lib/python3.8/site-packages/airflow/example_dags/example_branch_labels.py for tasks to queue
[2023-11-26T00:17:57.957+0000] {logging_mixin.py:154} INFO - [2023-11-26T00:17:57.952+0000] {dagbag.py:536} INFO - Filling up the DagBag from /home/airflow/.local/lib/python3.8/site-packages/airflow/example_dags/example_branch_labels.py
[2023-11-26T00:17:58.092+0000] {processor.py:839} INFO - DAG(s) dict_keys(['example_branch_labels']) retrieved from /home/airflow/.local/lib/python3.8/site-packages/airflow/example_dags/example_branch_labels.py
[2023-11-26T00:17:58.348+0000] {logging_mixin.py:154} INFO - [2023-11-26T00:17:58.335+0000] {dag.py:2941} INFO - Sync 1 DAGs
[2023-11-26T00:17:58.598+0000] {logging_mixin.py:154} INFO - [2023-11-26T00:17:58.596+0000] {dag.py:3722} INFO - Setting next_dagrun for example_branch_labels to 2023-11-25T00:00:00+00:00, run_after=2023-11-26T00:00:00+00:00
[2023-11-26T00:17:58.769+0000] {processor.py:179} INFO - Processing /home/airflow/.local/lib/python3.8/site-packages/airflow/example_dags/example_branch_labels.py took 0.894 seconds
[2023-11-26T00:18:29.345+0000] {processor.py:157} INFO - Started process (PID=103) to work on /home/airflow/.local/lib/python3.8/site-packages/airflow/example_dags/example_branch_labels.py
[2023-11-26T00:18:29.349+0000] {processor.py:829} INFO - Processing file /home/airflow/.local/lib/python3.8/site-packages/airflow/example_dags/example_branch_labels.py for tasks to queue
[2023-11-26T00:18:29.363+0000] {logging_mixin.py:154} INFO - [2023-11-26T00:18:29.359+0000] {dagbag.py:536} INFO - Filling up the DagBag from /home/airflow/.local/lib/python3.8/site-packages/airflow/example_dags/example_branch_labels.py
[2023-11-26T00:18:29.400+0000] {processor.py:839} INFO - DAG(s) dict_keys(['example_branch_labels']) retrieved from /home/airflow/.local/lib/python3.8/site-packages/airflow/example_dags/example_branch_labels.py
[2023-11-26T00:18:29.534+0000] {logging_mixin.py:154} INFO - [2023-11-26T00:18:29.530+0000] {dag.py:2941} INFO - Sync 1 DAGs
[2023-11-26T00:18:29.655+0000] {logging_mixin.py:154} INFO - [2023-11-26T00:18:29.654+0000] {dag.py:3722} INFO - Setting next_dagrun for example_branch_labels to 2023-11-25T00:00:00+00:00, run_after=2023-11-26T00:00:00+00:00
[2023-11-26T00:18:29.772+0000] {processor.py:179} INFO - Processing /home/airflow/.local/lib/python3.8/site-packages/airflow/example_dags/example_branch_labels.py took 0.435 seconds
[2023-11-26T00:19:00.118+0000] {processor.py:157} INFO - Started process (PID=157) to work on /home/airflow/.local/lib/python3.8/site-packages/airflow/example_dags/example_branch_labels.py
[2023-11-26T00:19:00.131+0000] {processor.py:829} INFO - Processing file /home/airflow/.local/lib/python3.8/site-packages/airflow/example_dags/example_branch_labels.py for tasks to queue
[2023-11-26T00:19:00.147+0000] {logging_mixin.py:154} INFO - [2023-11-26T00:19:00.145+0000] {dagbag.py:536} INFO - Filling up the DagBag from /home/airflow/.local/lib/python3.8/site-packages/airflow/example_dags/example_branch_labels.py
[2023-11-26T00:19:00.175+0000] {processor.py:839} INFO - DAG(s) dict_keys(['example_branch_labels']) retrieved from /home/airflow/.local/lib/python3.8/site-packages/airflow/example_dags/example_branch_labels.py
[2023-11-26T00:19:00.259+0000] {logging_mixin.py:154} INFO - [2023-11-26T00:19:00.258+0000] {dag.py:2941} INFO - Sync 1 DAGs
[2023-11-26T00:19:00.330+0000] {logging_mixin.py:154} INFO - [2023-11-26T00:19:00.330+0000] {dag.py:3722} INFO - Setting next_dagrun for example_branch_labels to 2023-11-25T00:00:00+00:00, run_after=2023-11-26T00:00:00+00:00
[2023-11-26T00:19:00.448+0000] {processor.py:179} INFO - Processing /home/airflow/.local/lib/python3.8/site-packages/airflow/example_dags/example_branch_labels.py took 0.349 seconds
[2023-11-26T00:19:31.019+0000] {processor.py:157} INFO - Started process (PID=211) to work on /home/airflow/.local/lib/python3.8/site-packages/airflow/example_dags/example_branch_labels.py
[2023-11-26T00:19:31.021+0000] {processor.py:829} INFO - Processing file /home/airflow/.local/lib/python3.8/site-packages/airflow/example_dags/example_branch_labels.py for tasks to queue
[2023-11-26T00:19:31.027+0000] {logging_mixin.py:154} INFO - [2023-11-26T00:19:31.026+0000] {dagbag.py:536} INFO - Filling up the DagBag from /home/airflow/.local/lib/python3.8/site-packages/airflow/example_dags/example_branch_labels.py
[2023-11-26T00:19:31.052+0000] {processor.py:839} INFO - DAG(s) dict_keys(['example_branch_labels']) retrieved from /home/airflow/.local/lib/python3.8/site-packages/airflow/example_dags/example_branch_labels.py
[2023-11-26T00:19:31.190+0000] {logging_mixin.py:154} INFO - [2023-11-26T00:19:31.190+0000] {dag.py:2941} INFO - Sync 1 DAGs
[2023-11-26T00:19:31.268+0000] {logging_mixin.py:154} INFO - [2023-11-26T00:19:31.268+0000] {dag.py:3722} INFO - Setting next_dagrun for example_branch_labels to 2023-11-25T00:00:00+00:00, run_after=2023-11-26T00:00:00+00:00
[2023-11-26T00:19:31.357+0000] {processor.py:179} INFO - Processing /home/airflow/.local/lib/python3.8/site-packages/airflow/example_dags/example_branch_labels.py took 0.342 seconds
[2023-11-26T00:20:01.695+0000] {processor.py:157} INFO - Started process (PID=265) to work on /home/airflow/.local/lib/python3.8/site-packages/airflow/example_dags/example_branch_labels.py
[2023-11-26T00:20:01.699+0000] {processor.py:829} INFO - Processing file /home/airflow/.local/lib/python3.8/site-packages/airflow/example_dags/example_branch_labels.py for tasks to queue
[2023-11-26T00:20:01.707+0000] {logging_mixin.py:154} INFO - [2023-11-26T00:20:01.706+0000] {dagbag.py:536} INFO - Filling up the DagBag from /home/airflow/.local/lib/python3.8/site-packages/airflow/example_dags/example_branch_labels.py
[2023-11-26T00:20:01.745+0000] {processor.py:839} INFO - DAG(s) dict_keys(['example_branch_labels']) retrieved from /home/airflow/.local/lib/python3.8/site-packages/airflow/example_dags/example_branch_labels.py
[2023-11-26T00:20:01.908+0000] {logging_mixin.py:154} INFO - [2023-11-26T00:20:01.907+0000] {dag.py:2941} INFO - Sync 1 DAGs
[2023-11-26T00:20:02.173+0000] {logging_mixin.py:154} INFO - [2023-11-26T00:20:02.172+0000] {dag.py:3722} INFO - Setting next_dagrun for example_branch_labels to 2023-11-25T00:00:00+00:00, run_after=2023-11-26T00:00:00+00:00
[2023-11-26T00:20:02.442+0000] {processor.py:179} INFO - Processing /home/airflow/.local/lib/python3.8/site-packages/airflow/example_dags/example_branch_labels.py took 0.767 seconds
[2023-11-26T00:20:32.872+0000] {processor.py:157} INFO - Started process (PID=319) to work on /home/airflow/.local/lib/python3.8/site-packages/airflow/example_dags/example_branch_labels.py
[2023-11-26T00:20:32.892+0000] {processor.py:829} INFO - Processing file /home/airflow/.local/lib/python3.8/site-packages/airflow/example_dags/example_branch_labels.py for tasks to queue
[2023-11-26T00:20:32.917+0000] {logging_mixin.py:154} INFO - [2023-11-26T00:20:32.913+0000] {dagbag.py:536} INFO - Filling up the DagBag from /home/airflow/.local/lib/python3.8/site-packages/airflow/example_dags/example_branch_labels.py
[2023-11-26T00:20:33.007+0000] {processor.py:839} INFO - DAG(s) dict_keys(['example_branch_labels']) retrieved from /home/airflow/.local/lib/python3.8/site-packages/airflow/example_dags/example_branch_labels.py
[2023-11-26T00:20:33.190+0000] {logging_mixin.py:154} INFO - [2023-11-26T00:20:33.181+0000] {dag.py:2941} INFO - Sync 1 DAGs
[2023-11-26T00:20:33.356+0000] {logging_mixin.py:154} INFO - [2023-11-26T00:20:33.355+0000] {dag.py:3722} INFO - Setting next_dagrun for example_branch_labels to 2023-11-25T00:00:00+00:00, run_after=2023-11-26T00:00:00+00:00
[2023-11-26T00:20:33.483+0000] {processor.py:179} INFO - Processing /home/airflow/.local/lib/python3.8/site-packages/airflow/example_dags/example_branch_labels.py took 0.650 seconds
[2023-11-26T00:21:04.055+0000] {processor.py:157} INFO - Started process (PID=371) to work on /home/airflow/.local/lib/python3.8/site-packages/airflow/example_dags/example_branch_labels.py
[2023-11-26T00:21:04.057+0000] {processor.py:829} INFO - Processing file /home/airflow/.local/lib/python3.8/site-packages/airflow/example_dags/example_branch_labels.py for tasks to queue
[2023-11-26T00:21:04.064+0000] {logging_mixin.py:154} INFO - [2023-11-26T00:21:04.063+0000] {dagbag.py:536} INFO - Filling up the DagBag from /home/airflow/.local/lib/python3.8/site-packages/airflow/example_dags/example_branch_labels.py
[2023-11-26T00:21:04.080+0000] {processor.py:839} INFO - DAG(s) dict_keys(['example_branch_labels']) retrieved from /home/airflow/.local/lib/python3.8/site-packages/airflow/example_dags/example_branch_labels.py
[2023-11-26T00:21:04.129+0000] {logging_mixin.py:154} INFO - [2023-11-26T00:21:04.129+0000] {dag.py:2941} INFO - Sync 1 DAGs
[2023-11-26T00:21:04.182+0000] {logging_mixin.py:154} INFO - [2023-11-26T00:21:04.181+0000] {dag.py:3722} INFO - Setting next_dagrun for example_branch_labels to 2023-11-25T00:00:00+00:00, run_after=2023-11-26T00:00:00+00:00
[2023-11-26T00:21:04.233+0000] {processor.py:179} INFO - Processing /home/airflow/.local/lib/python3.8/site-packages/airflow/example_dags/example_branch_labels.py took 0.184 seconds
[2023-11-26T00:21:34.587+0000] {processor.py:157} INFO - Started process (PID=425) to work on /home/airflow/.local/lib/python3.8/site-packages/airflow/example_dags/example_branch_labels.py
[2023-11-26T00:21:34.593+0000] {processor.py:829} INFO - Processing file /home/airflow/.local/lib/python3.8/site-packages/airflow/example_dags/example_branch_labels.py for tasks to queue
[2023-11-26T00:21:34.598+0000] {logging_mixin.py:154} INFO - [2023-11-26T00:21:34.598+0000] {dagbag.py:536} INFO - Filling up the DagBag from /home/airflow/.local/lib/python3.8/site-packages/airflow/example_dags/example_branch_labels.py
[2023-11-26T00:21:34.617+0000] {processor.py:839} INFO - DAG(s) dict_keys(['example_branch_labels']) retrieved from /home/airflow/.local/lib/python3.8/site-packages/airflow/example_dags/example_branch_labels.py
[2023-11-26T00:21:34.684+0000] {logging_mixin.py:154} INFO - [2023-11-26T00:21:34.683+0000] {dag.py:2941} INFO - Sync 1 DAGs
[2023-11-26T00:21:34.742+0000] {logging_mixin.py:154} INFO - [2023-11-26T00:21:34.742+0000] {dag.py:3722} INFO - Setting next_dagrun for example_branch_labels to 2023-11-25T00:00:00+00:00, run_after=2023-11-26T00:00:00+00:00
[2023-11-26T00:21:34.889+0000] {processor.py:179} INFO - Processing /home/airflow/.local/lib/python3.8/site-packages/airflow/example_dags/example_branch_labels.py took 0.312 seconds
[2023-11-26T00:22:07.404+0000] {processor.py:157} INFO - Started process (PID=479) to work on /home/airflow/.local/lib/python3.8/site-packages/airflow/example_dags/example_branch_labels.py
[2023-11-26T00:22:07.409+0000] {processor.py:829} INFO - Processing file /home/airflow/.local/lib/python3.8/site-packages/airflow/example_dags/example_branch_labels.py for tasks to queue
[2023-11-26T00:22:07.425+0000] {logging_mixin.py:154} INFO - [2023-11-26T00:22:07.423+0000] {dagbag.py:536} INFO - Filling up the DagBag from /home/airflow/.local/lib/python3.8/site-packages/airflow/example_dags/example_branch_labels.py
[2023-11-26T00:22:07.487+0000] {processor.py:839} INFO - DAG(s) dict_keys(['example_branch_labels']) retrieved from /home/airflow/.local/lib/python3.8/site-packages/airflow/example_dags/example_branch_labels.py
[2023-11-26T00:22:07.645+0000] {logging_mixin.py:154} INFO - [2023-11-26T00:22:07.634+0000] {dag.py:2941} INFO - Sync 1 DAGs
[2023-11-26T00:22:07.922+0000] {logging_mixin.py:154} INFO - [2023-11-26T00:22:07.920+0000] {dag.py:3722} INFO - Setting next_dagrun for example_branch_labels to 2023-11-25T00:00:00+00:00, run_after=2023-11-26T00:00:00+00:00
[2023-11-26T00:22:08.064+0000] {processor.py:179} INFO - Processing /home/airflow/.local/lib/python3.8/site-packages/airflow/example_dags/example_branch_labels.py took 0.674 seconds
[2023-11-26T00:22:38.723+0000] {processor.py:157} INFO - Started process (PID=532) to work on /home/airflow/.local/lib/python3.8/site-packages/airflow/example_dags/example_branch_labels.py
[2023-11-26T00:22:38.734+0000] {processor.py:829} INFO - Processing file /home/airflow/.local/lib/python3.8/site-packages/airflow/example_dags/example_branch_labels.py for tasks to queue
[2023-11-26T00:22:38.751+0000] {logging_mixin.py:154} INFO - [2023-11-26T00:22:38.748+0000] {dagbag.py:536} INFO - Filling up the DagBag from /home/airflow/.local/lib/python3.8/site-packages/airflow/example_dags/example_branch_labels.py
[2023-11-26T00:22:38.799+0000] {processor.py:839} INFO - DAG(s) dict_keys(['example_branch_labels']) retrieved from /home/airflow/.local/lib/python3.8/site-packages/airflow/example_dags/example_branch_labels.py
[2023-11-26T00:22:39.005+0000] {logging_mixin.py:154} INFO - [2023-11-26T00:22:39.004+0000] {dag.py:2941} INFO - Sync 1 DAGs
[2023-11-26T00:22:39.234+0000] {logging_mixin.py:154} INFO - [2023-11-26T00:22:39.232+0000] {dag.py:3722} INFO - Setting next_dagrun for example_branch_labels to 2023-11-25T00:00:00+00:00, run_after=2023-11-26T00:00:00+00:00
[2023-11-26T00:22:39.482+0000] {processor.py:179} INFO - Processing /home/airflow/.local/lib/python3.8/site-packages/airflow/example_dags/example_branch_labels.py took 0.776 seconds
[2023-11-26T00:23:09.592+0000] {processor.py:157} INFO - Started process (PID=587) to work on /home/airflow/.local/lib/python3.8/site-packages/airflow/example_dags/example_branch_labels.py
[2023-11-26T00:23:09.595+0000] {processor.py:829} INFO - Processing file /home/airflow/.local/lib/python3.8/site-packages/airflow/example_dags/example_branch_labels.py for tasks to queue
[2023-11-26T00:23:09.601+0000] {logging_mixin.py:154} INFO - [2023-11-26T00:23:09.600+0000] {dagbag.py:536} INFO - Filling up the DagBag from /home/airflow/.local/lib/python3.8/site-packages/airflow/example_dags/example_branch_labels.py
[2023-11-26T00:23:09.616+0000] {processor.py:839} INFO - DAG(s) dict_keys(['example_branch_labels']) retrieved from /home/airflow/.local/lib/python3.8/site-packages/airflow/example_dags/example_branch_labels.py
[2023-11-26T00:23:09.667+0000] {logging_mixin.py:154} INFO - [2023-11-26T00:23:09.666+0000] {dag.py:2941} INFO - Sync 1 DAGs
[2023-11-26T00:23:09.725+0000] {logging_mixin.py:154} INFO - [2023-11-26T00:23:09.724+0000] {dag.py:3722} INFO - Setting next_dagrun for example_branch_labels to 2023-11-25T00:00:00+00:00, run_after=2023-11-26T00:00:00+00:00
[2023-11-26T00:23:09.780+0000] {processor.py:179} INFO - Processing /home/airflow/.local/lib/python3.8/site-packages/airflow/example_dags/example_branch_labels.py took 0.192 seconds
[2023-11-26T00:23:40.071+0000] {processor.py:157} INFO - Started process (PID=640) to work on /home/airflow/.local/lib/python3.8/site-packages/airflow/example_dags/example_branch_labels.py
[2023-11-26T00:23:40.073+0000] {processor.py:829} INFO - Processing file /home/airflow/.local/lib/python3.8/site-packages/airflow/example_dags/example_branch_labels.py for tasks to queue
[2023-11-26T00:23:40.080+0000] {logging_mixin.py:154} INFO - [2023-11-26T00:23:40.079+0000] {dagbag.py:536} INFO - Filling up the DagBag from /home/airflow/.local/lib/python3.8/site-packages/airflow/example_dags/example_branch_labels.py
[2023-11-26T00:23:40.094+0000] {processor.py:839} INFO - DAG(s) dict_keys(['example_branch_labels']) retrieved from /home/airflow/.local/lib/python3.8/site-packages/airflow/example_dags/example_branch_labels.py
[2023-11-26T00:23:40.136+0000] {logging_mixin.py:154} INFO - [2023-11-26T00:23:40.136+0000] {dag.py:2941} INFO - Sync 1 DAGs
[2023-11-26T00:23:40.185+0000] {logging_mixin.py:154} INFO - [2023-11-26T00:23:40.184+0000] {dag.py:3722} INFO - Setting next_dagrun for example_branch_labels to 2023-11-25T00:00:00+00:00, run_after=2023-11-26T00:00:00+00:00
[2023-11-26T00:23:40.227+0000] {processor.py:179} INFO - Processing /home/airflow/.local/lib/python3.8/site-packages/airflow/example_dags/example_branch_labels.py took 0.163 seconds
[2023-11-26T00:24:10.562+0000] {processor.py:157} INFO - Started process (PID=694) to work on /home/airflow/.local/lib/python3.8/site-packages/airflow/example_dags/example_branch_labels.py
[2023-11-26T00:24:10.570+0000] {processor.py:829} INFO - Processing file /home/airflow/.local/lib/python3.8/site-packages/airflow/example_dags/example_branch_labels.py for tasks to queue
[2023-11-26T00:24:10.596+0000] {logging_mixin.py:154} INFO - [2023-11-26T00:24:10.594+0000] {dagbag.py:536} INFO - Filling up the DagBag from /home/airflow/.local/lib/python3.8/site-packages/airflow/example_dags/example_branch_labels.py
[2023-11-26T00:24:10.728+0000] {processor.py:839} INFO - DAG(s) dict_keys(['example_branch_labels']) retrieved from /home/airflow/.local/lib/python3.8/site-packages/airflow/example_dags/example_branch_labels.py
[2023-11-26T00:24:10.841+0000] {logging_mixin.py:154} INFO - [2023-11-26T00:24:10.840+0000] {dag.py:2941} INFO - Sync 1 DAGs
[2023-11-26T00:24:10.920+0000] {logging_mixin.py:154} INFO - [2023-11-26T00:24:10.920+0000] {dag.py:3722} INFO - Setting next_dagrun for example_branch_labels to 2023-11-25T00:00:00+00:00, run_after=2023-11-26T00:00:00+00:00
[2023-11-26T00:24:10.968+0000] {processor.py:179} INFO - Processing /home/airflow/.local/lib/python3.8/site-packages/airflow/example_dags/example_branch_labels.py took 0.464 seconds
[2023-11-26T00:24:41.621+0000] {processor.py:157} INFO - Started process (PID=748) to work on /home/airflow/.local/lib/python3.8/site-packages/airflow/example_dags/example_branch_labels.py
[2023-11-26T00:24:41.624+0000] {processor.py:829} INFO - Processing file /home/airflow/.local/lib/python3.8/site-packages/airflow/example_dags/example_branch_labels.py for tasks to queue
[2023-11-26T00:24:41.632+0000] {logging_mixin.py:154} INFO - [2023-11-26T00:24:41.632+0000] {dagbag.py:536} INFO - Filling up the DagBag from /home/airflow/.local/lib/python3.8/site-packages/airflow/example_dags/example_branch_labels.py
[2023-11-26T00:24:41.658+0000] {processor.py:839} INFO - DAG(s) dict_keys(['example_branch_labels']) retrieved from /home/airflow/.local/lib/python3.8/site-packages/airflow/example_dags/example_branch_labels.py
[2023-11-26T00:24:41.703+0000] {logging_mixin.py:154} INFO - [2023-11-26T00:24:41.703+0000] {dag.py:2941} INFO - Sync 1 DAGs
[2023-11-26T00:24:41.761+0000] {logging_mixin.py:154} INFO - [2023-11-26T00:24:41.760+0000] {dag.py:3722} INFO - Setting next_dagrun for example_branch_labels to 2023-11-25T00:00:00+00:00, run_after=2023-11-26T00:00:00+00:00
[2023-11-26T00:24:41.811+0000] {processor.py:179} INFO - Processing /home/airflow/.local/lib/python3.8/site-packages/airflow/example_dags/example_branch_labels.py took 0.196 seconds
[2023-11-26T00:25:12.270+0000] {processor.py:157} INFO - Started process (PID=802) to work on /home/airflow/.local/lib/python3.8/site-packages/airflow/example_dags/example_branch_labels.py
[2023-11-26T00:25:12.273+0000] {processor.py:829} INFO - Processing file /home/airflow/.local/lib/python3.8/site-packages/airflow/example_dags/example_branch_labels.py for tasks to queue
[2023-11-26T00:25:12.279+0000] {logging_mixin.py:154} INFO - [2023-11-26T00:25:12.278+0000] {dagbag.py:536} INFO - Filling up the DagBag from /home/airflow/.local/lib/python3.8/site-packages/airflow/example_dags/example_branch_labels.py
[2023-11-26T00:25:12.308+0000] {processor.py:839} INFO - DAG(s) dict_keys(['example_branch_labels']) retrieved from /home/airflow/.local/lib/python3.8/site-packages/airflow/example_dags/example_branch_labels.py
[2023-11-26T00:25:12.351+0000] {logging_mixin.py:154} INFO - [2023-11-26T00:25:12.351+0000] {dag.py:2941} INFO - Sync 1 DAGs
[2023-11-26T00:25:12.415+0000] {logging_mixin.py:154} INFO - [2023-11-26T00:25:12.415+0000] {dag.py:3722} INFO - Setting next_dagrun for example_branch_labels to 2023-11-25T00:00:00+00:00, run_after=2023-11-26T00:00:00+00:00
[2023-11-26T00:25:12.469+0000] {processor.py:179} INFO - Processing /home/airflow/.local/lib/python3.8/site-packages/airflow/example_dags/example_branch_labels.py took 0.210 seconds
[2023-11-26T00:25:42.720+0000] {processor.py:157} INFO - Started process (PID=856) to work on /home/airflow/.local/lib/python3.8/site-packages/airflow/example_dags/example_branch_labels.py
[2023-11-26T00:25:42.722+0000] {processor.py:829} INFO - Processing file /home/airflow/.local/lib/python3.8/site-packages/airflow/example_dags/example_branch_labels.py for tasks to queue
[2023-11-26T00:25:42.726+0000] {logging_mixin.py:154} INFO - [2023-11-26T00:25:42.725+0000] {dagbag.py:536} INFO - Filling up the DagBag from /home/airflow/.local/lib/python3.8/site-packages/airflow/example_dags/example_branch_labels.py
[2023-11-26T00:25:42.741+0000] {processor.py:839} INFO - DAG(s) dict_keys(['example_branch_labels']) retrieved from /home/airflow/.local/lib/python3.8/site-packages/airflow/example_dags/example_branch_labels.py
[2023-11-26T00:25:42.785+0000] {logging_mixin.py:154} INFO - [2023-11-26T00:25:42.785+0000] {dag.py:2941} INFO - Sync 1 DAGs
[2023-11-26T00:25:42.823+0000] {logging_mixin.py:154} INFO - [2023-11-26T00:25:42.823+0000] {dag.py:3722} INFO - Setting next_dagrun for example_branch_labels to 2023-11-25T00:00:00+00:00, run_after=2023-11-26T00:00:00+00:00
[2023-11-26T00:25:42.873+0000] {processor.py:179} INFO - Processing /home/airflow/.local/lib/python3.8/site-packages/airflow/example_dags/example_branch_labels.py took 0.159 seconds
[2023-11-26T00:26:13.074+0000] {processor.py:157} INFO - Started process (PID=910) to work on /home/airflow/.local/lib/python3.8/site-packages/airflow/example_dags/example_branch_labels.py
[2023-11-26T00:26:13.076+0000] {processor.py:829} INFO - Processing file /home/airflow/.local/lib/python3.8/site-packages/airflow/example_dags/example_branch_labels.py for tasks to queue
[2023-11-26T00:26:13.079+0000] {logging_mixin.py:154} INFO - [2023-11-26T00:26:13.079+0000] {dagbag.py:536} INFO - Filling up the DagBag from /home/airflow/.local/lib/python3.8/site-packages/airflow/example_dags/example_branch_labels.py
[2023-11-26T00:26:13.092+0000] {processor.py:839} INFO - DAG(s) dict_keys(['example_branch_labels']) retrieved from /home/airflow/.local/lib/python3.8/site-packages/airflow/example_dags/example_branch_labels.py
[2023-11-26T00:26:13.142+0000] {logging_mixin.py:154} INFO - [2023-11-26T00:26:13.142+0000] {dag.py:2941} INFO - Sync 1 DAGs
[2023-11-26T00:26:13.188+0000] {logging_mixin.py:154} INFO - [2023-11-26T00:26:13.188+0000] {dag.py:3722} INFO - Setting next_dagrun for example_branch_labels to 2023-11-25T00:00:00+00:00, run_after=2023-11-26T00:00:00+00:00
[2023-11-26T00:26:13.229+0000] {processor.py:179} INFO - Processing /home/airflow/.local/lib/python3.8/site-packages/airflow/example_dags/example_branch_labels.py took 0.160 seconds
[2023-11-26T00:26:43.656+0000] {processor.py:157} INFO - Started process (PID=964) to work on /home/airflow/.local/lib/python3.8/site-packages/airflow/example_dags/example_branch_labels.py
[2023-11-26T00:26:43.658+0000] {processor.py:829} INFO - Processing file /home/airflow/.local/lib/python3.8/site-packages/airflow/example_dags/example_branch_labels.py for tasks to queue
[2023-11-26T00:26:43.662+0000] {logging_mixin.py:154} INFO - [2023-11-26T00:26:43.661+0000] {dagbag.py:536} INFO - Filling up the DagBag from /home/airflow/.local/lib/python3.8/site-packages/airflow/example_dags/example_branch_labels.py
[2023-11-26T00:26:43.675+0000] {processor.py:839} INFO - DAG(s) dict_keys(['example_branch_labels']) retrieved from /home/airflow/.local/lib/python3.8/site-packages/airflow/example_dags/example_branch_labels.py
[2023-11-26T00:26:43.719+0000] {logging_mixin.py:154} INFO - [2023-11-26T00:26:43.719+0000] {dag.py:2941} INFO - Sync 1 DAGs
[2023-11-26T00:26:43.764+0000] {logging_mixin.py:154} INFO - [2023-11-26T00:26:43.764+0000] {dag.py:3722} INFO - Setting next_dagrun for example_branch_labels to 2023-11-25T00:00:00+00:00, run_after=2023-11-26T00:00:00+00:00
[2023-11-26T00:26:43.803+0000] {processor.py:179} INFO - Processing /home/airflow/.local/lib/python3.8/site-packages/airflow/example_dags/example_branch_labels.py took 0.157 seconds
[2023-11-26T00:27:14.621+0000] {processor.py:157} INFO - Started process (PID=1018) to work on /home/airflow/.local/lib/python3.8/site-packages/airflow/example_dags/example_branch_labels.py
[2023-11-26T00:27:14.623+0000] {processor.py:829} INFO - Processing file /home/airflow/.local/lib/python3.8/site-packages/airflow/example_dags/example_branch_labels.py for tasks to queue
[2023-11-26T00:27:14.627+0000] {logging_mixin.py:154} INFO - [2023-11-26T00:27:14.626+0000] {dagbag.py:536} INFO - Filling up the DagBag from /home/airflow/.local/lib/python3.8/site-packages/airflow/example_dags/example_branch_labels.py
[2023-11-26T00:27:14.645+0000] {processor.py:839} INFO - DAG(s) dict_keys(['example_branch_labels']) retrieved from /home/airflow/.local/lib/python3.8/site-packages/airflow/example_dags/example_branch_labels.py
[2023-11-26T00:27:14.680+0000] {logging_mixin.py:154} INFO - [2023-11-26T00:27:14.680+0000] {dag.py:2941} INFO - Sync 1 DAGs
[2023-11-26T00:27:14.723+0000] {logging_mixin.py:154} INFO - [2023-11-26T00:27:14.723+0000] {dag.py:3722} INFO - Setting next_dagrun for example_branch_labels to 2023-11-25T00:00:00+00:00, run_after=2023-11-26T00:00:00+00:00
[2023-11-26T00:27:14.761+0000] {processor.py:179} INFO - Processing /home/airflow/.local/lib/python3.8/site-packages/airflow/example_dags/example_branch_labels.py took 0.145 seconds
[2023-11-26T00:27:45.252+0000] {processor.py:157} INFO - Started process (PID=1072) to work on /home/airflow/.local/lib/python3.8/site-packages/airflow/example_dags/example_branch_labels.py
[2023-11-26T00:27:45.255+0000] {processor.py:829} INFO - Processing file /home/airflow/.local/lib/python3.8/site-packages/airflow/example_dags/example_branch_labels.py for tasks to queue
[2023-11-26T00:27:45.262+0000] {logging_mixin.py:154} INFO - [2023-11-26T00:27:45.261+0000] {dagbag.py:536} INFO - Filling up the DagBag from /home/airflow/.local/lib/python3.8/site-packages/airflow/example_dags/example_branch_labels.py
[2023-11-26T00:27:45.277+0000] {processor.py:839} INFO - DAG(s) dict_keys(['example_branch_labels']) retrieved from /home/airflow/.local/lib/python3.8/site-packages/airflow/example_dags/example_branch_labels.py
[2023-11-26T00:27:45.309+0000] {logging_mixin.py:154} INFO - [2023-11-26T00:27:45.309+0000] {dag.py:2941} INFO - Sync 1 DAGs
[2023-11-26T00:27:45.343+0000] {logging_mixin.py:154} INFO - [2023-11-26T00:27:45.342+0000] {dag.py:3722} INFO - Setting next_dagrun for example_branch_labels to 2023-11-25T00:00:00+00:00, run_after=2023-11-26T00:00:00+00:00
[2023-11-26T00:27:45.381+0000] {processor.py:179} INFO - Processing /home/airflow/.local/lib/python3.8/site-packages/airflow/example_dags/example_branch_labels.py took 0.138 seconds
[2023-11-26T00:28:15.876+0000] {processor.py:157} INFO - Started process (PID=1126) to work on /home/airflow/.local/lib/python3.8/site-packages/airflow/example_dags/example_branch_labels.py
[2023-11-26T00:28:15.878+0000] {processor.py:829} INFO - Processing file /home/airflow/.local/lib/python3.8/site-packages/airflow/example_dags/example_branch_labels.py for tasks to queue
[2023-11-26T00:28:15.884+0000] {logging_mixin.py:154} INFO - [2023-11-26T00:28:15.883+0000] {dagbag.py:536} INFO - Filling up the DagBag from /home/airflow/.local/lib/python3.8/site-packages/airflow/example_dags/example_branch_labels.py
[2023-11-26T00:28:15.908+0000] {processor.py:839} INFO - DAG(s) dict_keys(['example_branch_labels']) retrieved from /home/airflow/.local/lib/python3.8/site-packages/airflow/example_dags/example_branch_labels.py
[2023-11-26T00:28:15.959+0000] {logging_mixin.py:154} INFO - [2023-11-26T00:28:15.958+0000] {dag.py:2941} INFO - Sync 1 DAGs
[2023-11-26T00:28:15.992+0000] {logging_mixin.py:154} INFO - [2023-11-26T00:28:15.992+0000] {dag.py:3722} INFO - Setting next_dagrun for example_branch_labels to 2023-11-25T00:00:00+00:00, run_after=2023-11-26T00:00:00+00:00
[2023-11-26T00:28:16.019+0000] {processor.py:179} INFO - Processing /home/airflow/.local/lib/python3.8/site-packages/airflow/example_dags/example_branch_labels.py took 0.151 seconds
[2023-11-26T00:28:46.411+0000] {processor.py:157} INFO - Started process (PID=1179) to work on /home/airflow/.local/lib/python3.8/site-packages/airflow/example_dags/example_branch_labels.py
[2023-11-26T00:28:46.414+0000] {processor.py:829} INFO - Processing file /home/airflow/.local/lib/python3.8/site-packages/airflow/example_dags/example_branch_labels.py for tasks to queue
[2023-11-26T00:28:46.421+0000] {logging_mixin.py:154} INFO - [2023-11-26T00:28:46.420+0000] {dagbag.py:536} INFO - Filling up the DagBag from /home/airflow/.local/lib/python3.8/site-packages/airflow/example_dags/example_branch_labels.py
[2023-11-26T00:28:46.438+0000] {processor.py:839} INFO - DAG(s) dict_keys(['example_branch_labels']) retrieved from /home/airflow/.local/lib/python3.8/site-packages/airflow/example_dags/example_branch_labels.py
[2023-11-26T00:28:46.481+0000] {logging_mixin.py:154} INFO - [2023-11-26T00:28:46.480+0000] {dag.py:2941} INFO - Sync 1 DAGs
[2023-11-26T00:28:46.519+0000] {logging_mixin.py:154} INFO - [2023-11-26T00:28:46.519+0000] {dag.py:3722} INFO - Setting next_dagrun for example_branch_labels to 2023-11-25T00:00:00+00:00, run_after=2023-11-26T00:00:00+00:00
[2023-11-26T00:28:46.562+0000] {processor.py:179} INFO - Processing /home/airflow/.local/lib/python3.8/site-packages/airflow/example_dags/example_branch_labels.py took 0.159 seconds
[2023-11-26T00:29:16.910+0000] {processor.py:157} INFO - Started process (PID=1233) to work on /home/airflow/.local/lib/python3.8/site-packages/airflow/example_dags/example_branch_labels.py
[2023-11-26T00:29:16.913+0000] {processor.py:829} INFO - Processing file /home/airflow/.local/lib/python3.8/site-packages/airflow/example_dags/example_branch_labels.py for tasks to queue
[2023-11-26T00:29:16.919+0000] {logging_mixin.py:154} INFO - [2023-11-26T00:29:16.919+0000] {dagbag.py:536} INFO - Filling up the DagBag from /home/airflow/.local/lib/python3.8/site-packages/airflow/example_dags/example_branch_labels.py
[2023-11-26T00:29:16.933+0000] {processor.py:839} INFO - DAG(s) dict_keys(['example_branch_labels']) retrieved from /home/airflow/.local/lib/python3.8/site-packages/airflow/example_dags/example_branch_labels.py
[2023-11-26T00:29:16.977+0000] {logging_mixin.py:154} INFO - [2023-11-26T00:29:16.976+0000] {dag.py:2941} INFO - Sync 1 DAGs
[2023-11-26T00:29:17.020+0000] {logging_mixin.py:154} INFO - [2023-11-26T00:29:17.020+0000] {dag.py:3722} INFO - Setting next_dagrun for example_branch_labels to 2023-11-25T00:00:00+00:00, run_after=2023-11-26T00:00:00+00:00
[2023-11-26T00:29:17.061+0000] {processor.py:179} INFO - Processing /home/airflow/.local/lib/python3.8/site-packages/airflow/example_dags/example_branch_labels.py took 0.160 seconds
[2023-11-26T00:29:47.726+0000] {processor.py:157} INFO - Started process (PID=1287) to work on /home/airflow/.local/lib/python3.8/site-packages/airflow/example_dags/example_branch_labels.py
[2023-11-26T00:29:47.728+0000] {processor.py:829} INFO - Processing file /home/airflow/.local/lib/python3.8/site-packages/airflow/example_dags/example_branch_labels.py for tasks to queue
[2023-11-26T00:29:47.732+0000] {logging_mixin.py:154} INFO - [2023-11-26T00:29:47.732+0000] {dagbag.py:536} INFO - Filling up the DagBag from /home/airflow/.local/lib/python3.8/site-packages/airflow/example_dags/example_branch_labels.py
[2023-11-26T00:29:47.746+0000] {processor.py:839} INFO - DAG(s) dict_keys(['example_branch_labels']) retrieved from /home/airflow/.local/lib/python3.8/site-packages/airflow/example_dags/example_branch_labels.py
[2023-11-26T00:29:47.785+0000] {logging_mixin.py:154} INFO - [2023-11-26T00:29:47.784+0000] {dag.py:2941} INFO - Sync 1 DAGs
[2023-11-26T00:29:47.821+0000] {logging_mixin.py:154} INFO - [2023-11-26T00:29:47.821+0000] {dag.py:3722} INFO - Setting next_dagrun for example_branch_labels to 2023-11-25T00:00:00+00:00, run_after=2023-11-26T00:00:00+00:00
[2023-11-26T00:29:47.870+0000] {processor.py:179} INFO - Processing /home/airflow/.local/lib/python3.8/site-packages/airflow/example_dags/example_branch_labels.py took 0.150 seconds
[2023-11-26T00:30:18.149+0000] {processor.py:157} INFO - Started process (PID=1341) to work on /home/airflow/.local/lib/python3.8/site-packages/airflow/example_dags/example_branch_labels.py
[2023-11-26T00:30:18.151+0000] {processor.py:829} INFO - Processing file /home/airflow/.local/lib/python3.8/site-packages/airflow/example_dags/example_branch_labels.py for tasks to queue
[2023-11-26T00:30:18.154+0000] {logging_mixin.py:154} INFO - [2023-11-26T00:30:18.154+0000] {dagbag.py:536} INFO - Filling up the DagBag from /home/airflow/.local/lib/python3.8/site-packages/airflow/example_dags/example_branch_labels.py
[2023-11-26T00:30:18.163+0000] {processor.py:839} INFO - DAG(s) dict_keys(['example_branch_labels']) retrieved from /home/airflow/.local/lib/python3.8/site-packages/airflow/example_dags/example_branch_labels.py
[2023-11-26T00:30:18.185+0000] {logging_mixin.py:154} INFO - [2023-11-26T00:30:18.185+0000] {dag.py:2941} INFO - Sync 1 DAGs
[2023-11-26T00:30:18.209+0000] {logging_mixin.py:154} INFO - [2023-11-26T00:30:18.209+0000] {dag.py:3722} INFO - Setting next_dagrun for example_branch_labels to 2023-11-25T00:00:00+00:00, run_after=2023-11-26T00:00:00+00:00
[2023-11-26T00:30:18.234+0000] {processor.py:179} INFO - Processing /home/airflow/.local/lib/python3.8/site-packages/airflow/example_dags/example_branch_labels.py took 0.089 seconds
[2023-11-26T00:30:49.048+0000] {processor.py:157} INFO - Started process (PID=1395) to work on /home/airflow/.local/lib/python3.8/site-packages/airflow/example_dags/example_branch_labels.py
[2023-11-26T00:30:49.049+0000] {processor.py:829} INFO - Processing file /home/airflow/.local/lib/python3.8/site-packages/airflow/example_dags/example_branch_labels.py for tasks to queue
[2023-11-26T00:30:49.051+0000] {logging_mixin.py:154} INFO - [2023-11-26T00:30:49.051+0000] {dagbag.py:536} INFO - Filling up the DagBag from /home/airflow/.local/lib/python3.8/site-packages/airflow/example_dags/example_branch_labels.py
[2023-11-26T00:30:49.059+0000] {processor.py:839} INFO - DAG(s) dict_keys(['example_branch_labels']) retrieved from /home/airflow/.local/lib/python3.8/site-packages/airflow/example_dags/example_branch_labels.py
[2023-11-26T00:30:49.081+0000] {logging_mixin.py:154} INFO - [2023-11-26T00:30:49.081+0000] {dag.py:2941} INFO - Sync 1 DAGs
[2023-11-26T00:30:49.101+0000] {logging_mixin.py:154} INFO - [2023-11-26T00:30:49.101+0000] {dag.py:3722} INFO - Setting next_dagrun for example_branch_labels to 2023-11-25T00:00:00+00:00, run_after=2023-11-26T00:00:00+00:00
[2023-11-26T00:30:49.123+0000] {processor.py:179} INFO - Processing /home/airflow/.local/lib/python3.8/site-packages/airflow/example_dags/example_branch_labels.py took 0.078 seconds
[2023-11-26T00:31:19.217+0000] {processor.py:157} INFO - Started process (PID=1449) to work on /home/airflow/.local/lib/python3.8/site-packages/airflow/example_dags/example_branch_labels.py
[2023-11-26T00:31:19.219+0000] {processor.py:829} INFO - Processing file /home/airflow/.local/lib/python3.8/site-packages/airflow/example_dags/example_branch_labels.py for tasks to queue
[2023-11-26T00:31:19.221+0000] {logging_mixin.py:154} INFO - [2023-11-26T00:31:19.221+0000] {dagbag.py:536} INFO - Filling up the DagBag from /home/airflow/.local/lib/python3.8/site-packages/airflow/example_dags/example_branch_labels.py
[2023-11-26T00:31:19.229+0000] {processor.py:839} INFO - DAG(s) dict_keys(['example_branch_labels']) retrieved from /home/airflow/.local/lib/python3.8/site-packages/airflow/example_dags/example_branch_labels.py
[2023-11-26T00:31:19.251+0000] {logging_mixin.py:154} INFO - [2023-11-26T00:31:19.251+0000] {dag.py:2941} INFO - Sync 1 DAGs
[2023-11-26T00:31:19.274+0000] {logging_mixin.py:154} INFO - [2023-11-26T00:31:19.274+0000] {dag.py:3722} INFO - Setting next_dagrun for example_branch_labels to 2023-11-25T00:00:00+00:00, run_after=2023-11-26T00:00:00+00:00
[2023-11-26T00:31:19.298+0000] {processor.py:179} INFO - Processing /home/airflow/.local/lib/python3.8/site-packages/airflow/example_dags/example_branch_labels.py took 0.085 seconds
[2023-11-26T00:31:49.916+0000] {processor.py:157} INFO - Started process (PID=1503) to work on /home/airflow/.local/lib/python3.8/site-packages/airflow/example_dags/example_branch_labels.py
[2023-11-26T00:31:49.917+0000] {processor.py:829} INFO - Processing file /home/airflow/.local/lib/python3.8/site-packages/airflow/example_dags/example_branch_labels.py for tasks to queue
[2023-11-26T00:31:49.921+0000] {logging_mixin.py:154} INFO - [2023-11-26T00:31:49.921+0000] {dagbag.py:536} INFO - Filling up the DagBag from /home/airflow/.local/lib/python3.8/site-packages/airflow/example_dags/example_branch_labels.py
[2023-11-26T00:31:49.934+0000] {processor.py:839} INFO - DAG(s) dict_keys(['example_branch_labels']) retrieved from /home/airflow/.local/lib/python3.8/site-packages/airflow/example_dags/example_branch_labels.py
[2023-11-26T00:31:49.976+0000] {logging_mixin.py:154} INFO - [2023-11-26T00:31:49.976+0000] {dag.py:2941} INFO - Sync 1 DAGs
[2023-11-26T00:31:50.014+0000] {logging_mixin.py:154} INFO - [2023-11-26T00:31:50.014+0000] {dag.py:3722} INFO - Setting next_dagrun for example_branch_labels to 2023-11-25T00:00:00+00:00, run_after=2023-11-26T00:00:00+00:00
[2023-11-26T00:31:50.053+0000] {processor.py:179} INFO - Processing /home/airflow/.local/lib/python3.8/site-packages/airflow/example_dags/example_branch_labels.py took 0.143 seconds
[2023-11-26T00:32:20.288+0000] {processor.py:157} INFO - Started process (PID=1557) to work on /home/airflow/.local/lib/python3.8/site-packages/airflow/example_dags/example_branch_labels.py
[2023-11-26T00:32:20.291+0000] {processor.py:829} INFO - Processing file /home/airflow/.local/lib/python3.8/site-packages/airflow/example_dags/example_branch_labels.py for tasks to queue
[2023-11-26T00:32:20.295+0000] {logging_mixin.py:154} INFO - [2023-11-26T00:32:20.294+0000] {dagbag.py:536} INFO - Filling up the DagBag from /home/airflow/.local/lib/python3.8/site-packages/airflow/example_dags/example_branch_labels.py
[2023-11-26T00:32:20.322+0000] {processor.py:839} INFO - DAG(s) dict_keys(['example_branch_labels']) retrieved from /home/airflow/.local/lib/python3.8/site-packages/airflow/example_dags/example_branch_labels.py
[2023-11-26T00:32:20.361+0000] {logging_mixin.py:154} INFO - [2023-11-26T00:32:20.361+0000] {dag.py:2941} INFO - Sync 1 DAGs
[2023-11-26T00:32:20.400+0000] {logging_mixin.py:154} INFO - [2023-11-26T00:32:20.400+0000] {dag.py:3722} INFO - Setting next_dagrun for example_branch_labels to 2023-11-25T00:00:00+00:00, run_after=2023-11-26T00:00:00+00:00
[2023-11-26T00:32:20.436+0000] {processor.py:179} INFO - Processing /home/airflow/.local/lib/python3.8/site-packages/airflow/example_dags/example_branch_labels.py took 0.154 seconds
[2023-11-26T00:32:51.068+0000] {processor.py:157} INFO - Started process (PID=1611) to work on /home/airflow/.local/lib/python3.8/site-packages/airflow/example_dags/example_branch_labels.py
[2023-11-26T00:32:51.069+0000] {processor.py:829} INFO - Processing file /home/airflow/.local/lib/python3.8/site-packages/airflow/example_dags/example_branch_labels.py for tasks to queue
[2023-11-26T00:32:51.071+0000] {logging_mixin.py:154} INFO - [2023-11-26T00:32:51.071+0000] {dagbag.py:536} INFO - Filling up the DagBag from /home/airflow/.local/lib/python3.8/site-packages/airflow/example_dags/example_branch_labels.py
[2023-11-26T00:32:51.078+0000] {processor.py:839} INFO - DAG(s) dict_keys(['example_branch_labels']) retrieved from /home/airflow/.local/lib/python3.8/site-packages/airflow/example_dags/example_branch_labels.py
[2023-11-26T00:32:51.099+0000] {logging_mixin.py:154} INFO - [2023-11-26T00:32:51.099+0000] {dag.py:2941} INFO - Sync 1 DAGs
[2023-11-26T00:32:51.119+0000] {logging_mixin.py:154} INFO - [2023-11-26T00:32:51.119+0000] {dag.py:3722} INFO - Setting next_dagrun for example_branch_labels to 2023-11-25T00:00:00+00:00, run_after=2023-11-26T00:00:00+00:00
[2023-11-26T00:32:51.139+0000] {processor.py:179} INFO - Processing /home/airflow/.local/lib/python3.8/site-packages/airflow/example_dags/example_branch_labels.py took 0.074 seconds
[2023-11-26T00:33:21.278+0000] {processor.py:157} INFO - Started process (PID=1665) to work on /home/airflow/.local/lib/python3.8/site-packages/airflow/example_dags/example_branch_labels.py
[2023-11-26T00:33:21.280+0000] {processor.py:829} INFO - Processing file /home/airflow/.local/lib/python3.8/site-packages/airflow/example_dags/example_branch_labels.py for tasks to queue
[2023-11-26T00:33:21.286+0000] {logging_mixin.py:154} INFO - [2023-11-26T00:33:21.285+0000] {dagbag.py:536} INFO - Filling up the DagBag from /home/airflow/.local/lib/python3.8/site-packages/airflow/example_dags/example_branch_labels.py
[2023-11-26T00:33:21.296+0000] {processor.py:839} INFO - DAG(s) dict_keys(['example_branch_labels']) retrieved from /home/airflow/.local/lib/python3.8/site-packages/airflow/example_dags/example_branch_labels.py
[2023-11-26T00:33:21.342+0000] {logging_mixin.py:154} INFO - [2023-11-26T00:33:21.342+0000] {dag.py:2941} INFO - Sync 1 DAGs
[2023-11-26T00:33:21.379+0000] {logging_mixin.py:154} INFO - [2023-11-26T00:33:21.379+0000] {dag.py:3722} INFO - Setting next_dagrun for example_branch_labels to 2023-11-25T00:00:00+00:00, run_after=2023-11-26T00:00:00+00:00
[2023-11-26T00:33:21.426+0000] {processor.py:179} INFO - Processing /home/airflow/.local/lib/python3.8/site-packages/airflow/example_dags/example_branch_labels.py took 0.152 seconds
[2023-11-26T00:33:51.930+0000] {processor.py:157} INFO - Started process (PID=1714) to work on /home/airflow/.local/lib/python3.8/site-packages/airflow/example_dags/example_branch_labels.py
[2023-11-26T00:33:51.932+0000] {processor.py:829} INFO - Processing file /home/airflow/.local/lib/python3.8/site-packages/airflow/example_dags/example_branch_labels.py for tasks to queue
[2023-11-26T00:33:51.934+0000] {logging_mixin.py:154} INFO - [2023-11-26T00:33:51.934+0000] {dagbag.py:536} INFO - Filling up the DagBag from /home/airflow/.local/lib/python3.8/site-packages/airflow/example_dags/example_branch_labels.py
[2023-11-26T00:33:51.943+0000] {processor.py:839} INFO - DAG(s) dict_keys(['example_branch_labels']) retrieved from /home/airflow/.local/lib/python3.8/site-packages/airflow/example_dags/example_branch_labels.py
[2023-11-26T00:33:51.965+0000] {logging_mixin.py:154} INFO - [2023-11-26T00:33:51.965+0000] {dag.py:2941} INFO - Sync 1 DAGs
[2023-11-26T00:33:51.987+0000] {logging_mixin.py:154} INFO - [2023-11-26T00:33:51.986+0000] {dag.py:3722} INFO - Setting next_dagrun for example_branch_labels to 2023-11-25T00:00:00+00:00, run_after=2023-11-26T00:00:00+00:00
[2023-11-26T00:33:52.010+0000] {processor.py:179} INFO - Processing /home/airflow/.local/lib/python3.8/site-packages/airflow/example_dags/example_branch_labels.py took 0.082 seconds
[2023-11-26T00:34:22.376+0000] {processor.py:157} INFO - Started process (PID=1768) to work on /home/airflow/.local/lib/python3.8/site-packages/airflow/example_dags/example_branch_labels.py
[2023-11-26T00:34:22.377+0000] {processor.py:829} INFO - Processing file /home/airflow/.local/lib/python3.8/site-packages/airflow/example_dags/example_branch_labels.py for tasks to queue
[2023-11-26T00:34:22.380+0000] {logging_mixin.py:154} INFO - [2023-11-26T00:34:22.380+0000] {dagbag.py:536} INFO - Filling up the DagBag from /home/airflow/.local/lib/python3.8/site-packages/airflow/example_dags/example_branch_labels.py
[2023-11-26T00:34:22.386+0000] {processor.py:839} INFO - DAG(s) dict_keys(['example_branch_labels']) retrieved from /home/airflow/.local/lib/python3.8/site-packages/airflow/example_dags/example_branch_labels.py
[2023-11-26T00:34:22.408+0000] {logging_mixin.py:154} INFO - [2023-11-26T00:34:22.408+0000] {dag.py:2941} INFO - Sync 1 DAGs
[2023-11-26T00:34:22.432+0000] {logging_mixin.py:154} INFO - [2023-11-26T00:34:22.432+0000] {dag.py:3722} INFO - Setting next_dagrun for example_branch_labels to 2023-11-25T00:00:00+00:00, run_after=2023-11-26T00:00:00+00:00
[2023-11-26T00:34:22.458+0000] {processor.py:179} INFO - Processing /home/airflow/.local/lib/python3.8/site-packages/airflow/example_dags/example_branch_labels.py took 0.085 seconds
[2023-11-26T00:34:52.887+0000] {processor.py:157} INFO - Started process (PID=1822) to work on /home/airflow/.local/lib/python3.8/site-packages/airflow/example_dags/example_branch_labels.py
[2023-11-26T00:34:52.888+0000] {processor.py:829} INFO - Processing file /home/airflow/.local/lib/python3.8/site-packages/airflow/example_dags/example_branch_labels.py for tasks to queue
[2023-11-26T00:34:52.891+0000] {logging_mixin.py:154} INFO - [2023-11-26T00:34:52.891+0000] {dagbag.py:536} INFO - Filling up the DagBag from /home/airflow/.local/lib/python3.8/site-packages/airflow/example_dags/example_branch_labels.py
[2023-11-26T00:34:52.901+0000] {processor.py:839} INFO - DAG(s) dict_keys(['example_branch_labels']) retrieved from /home/airflow/.local/lib/python3.8/site-packages/airflow/example_dags/example_branch_labels.py
[2023-11-26T00:34:52.921+0000] {logging_mixin.py:154} INFO - [2023-11-26T00:34:52.921+0000] {dag.py:2941} INFO - Sync 1 DAGs
[2023-11-26T00:34:52.943+0000] {logging_mixin.py:154} INFO - [2023-11-26T00:34:52.943+0000] {dag.py:3722} INFO - Setting next_dagrun for example_branch_labels to 2023-11-25T00:00:00+00:00, run_after=2023-11-26T00:00:00+00:00
[2023-11-26T00:34:52.967+0000] {processor.py:179} INFO - Processing /home/airflow/.local/lib/python3.8/site-packages/airflow/example_dags/example_branch_labels.py took 0.086 seconds
[2023-11-26T00:35:23.229+0000] {processor.py:157} INFO - Started process (PID=1876) to work on /home/airflow/.local/lib/python3.8/site-packages/airflow/example_dags/example_branch_labels.py
[2023-11-26T00:35:23.231+0000] {processor.py:829} INFO - Processing file /home/airflow/.local/lib/python3.8/site-packages/airflow/example_dags/example_branch_labels.py for tasks to queue
[2023-11-26T00:35:23.234+0000] {logging_mixin.py:154} INFO - [2023-11-26T00:35:23.234+0000] {dagbag.py:536} INFO - Filling up the DagBag from /home/airflow/.local/lib/python3.8/site-packages/airflow/example_dags/example_branch_labels.py
[2023-11-26T00:35:23.243+0000] {processor.py:839} INFO - DAG(s) dict_keys(['example_branch_labels']) retrieved from /home/airflow/.local/lib/python3.8/site-packages/airflow/example_dags/example_branch_labels.py
[2023-11-26T00:35:23.265+0000] {logging_mixin.py:154} INFO - [2023-11-26T00:35:23.265+0000] {dag.py:2941} INFO - Sync 1 DAGs
[2023-11-26T00:35:23.286+0000] {logging_mixin.py:154} INFO - [2023-11-26T00:35:23.286+0000] {dag.py:3722} INFO - Setting next_dagrun for example_branch_labels to 2023-11-25T00:00:00+00:00, run_after=2023-11-26T00:00:00+00:00
[2023-11-26T00:35:23.311+0000] {processor.py:179} INFO - Processing /home/airflow/.local/lib/python3.8/site-packages/airflow/example_dags/example_branch_labels.py took 0.088 seconds
[2023-11-26T00:35:53.662+0000] {processor.py:157} INFO - Started process (PID=1930) to work on /home/airflow/.local/lib/python3.8/site-packages/airflow/example_dags/example_branch_labels.py
[2023-11-26T00:35:53.664+0000] {processor.py:829} INFO - Processing file /home/airflow/.local/lib/python3.8/site-packages/airflow/example_dags/example_branch_labels.py for tasks to queue
[2023-11-26T00:35:53.666+0000] {logging_mixin.py:154} INFO - [2023-11-26T00:35:53.666+0000] {dagbag.py:536} INFO - Filling up the DagBag from /home/airflow/.local/lib/python3.8/site-packages/airflow/example_dags/example_branch_labels.py
[2023-11-26T00:35:53.673+0000] {processor.py:839} INFO - DAG(s) dict_keys(['example_branch_labels']) retrieved from /home/airflow/.local/lib/python3.8/site-packages/airflow/example_dags/example_branch_labels.py
[2023-11-26T00:35:53.694+0000] {logging_mixin.py:154} INFO - [2023-11-26T00:35:53.694+0000] {dag.py:2941} INFO - Sync 1 DAGs
[2023-11-26T00:35:53.715+0000] {logging_mixin.py:154} INFO - [2023-11-26T00:35:53.715+0000] {dag.py:3722} INFO - Setting next_dagrun for example_branch_labels to 2023-11-25T00:00:00+00:00, run_after=2023-11-26T00:00:00+00:00
[2023-11-26T00:35:53.737+0000] {processor.py:179} INFO - Processing /home/airflow/.local/lib/python3.8/site-packages/airflow/example_dags/example_branch_labels.py took 0.078 seconds
[2023-11-26T00:36:24.159+0000] {processor.py:157} INFO - Started process (PID=1984) to work on /home/airflow/.local/lib/python3.8/site-packages/airflow/example_dags/example_branch_labels.py
[2023-11-26T00:36:24.161+0000] {processor.py:829} INFO - Processing file /home/airflow/.local/lib/python3.8/site-packages/airflow/example_dags/example_branch_labels.py for tasks to queue
[2023-11-26T00:36:24.163+0000] {logging_mixin.py:154} INFO - [2023-11-26T00:36:24.163+0000] {dagbag.py:536} INFO - Filling up the DagBag from /home/airflow/.local/lib/python3.8/site-packages/airflow/example_dags/example_branch_labels.py
[2023-11-26T00:36:24.170+0000] {processor.py:839} INFO - DAG(s) dict_keys(['example_branch_labels']) retrieved from /home/airflow/.local/lib/python3.8/site-packages/airflow/example_dags/example_branch_labels.py
[2023-11-26T00:36:24.195+0000] {logging_mixin.py:154} INFO - [2023-11-26T00:36:24.194+0000] {dag.py:2941} INFO - Sync 1 DAGs
[2023-11-26T00:36:24.218+0000] {logging_mixin.py:154} INFO - [2023-11-26T00:36:24.218+0000] {dag.py:3722} INFO - Setting next_dagrun for example_branch_labels to 2023-11-25T00:00:00+00:00, run_after=2023-11-26T00:00:00+00:00
[2023-11-26T00:36:24.246+0000] {processor.py:179} INFO - Processing /home/airflow/.local/lib/python3.8/site-packages/airflow/example_dags/example_branch_labels.py took 0.090 seconds
[2023-11-26T00:36:54.389+0000] {processor.py:157} INFO - Started process (PID=2038) to work on /home/airflow/.local/lib/python3.8/site-packages/airflow/example_dags/example_branch_labels.py
[2023-11-26T00:36:54.390+0000] {processor.py:829} INFO - Processing file /home/airflow/.local/lib/python3.8/site-packages/airflow/example_dags/example_branch_labels.py for tasks to queue
[2023-11-26T00:36:54.393+0000] {logging_mixin.py:154} INFO - [2023-11-26T00:36:54.392+0000] {dagbag.py:536} INFO - Filling up the DagBag from /home/airflow/.local/lib/python3.8/site-packages/airflow/example_dags/example_branch_labels.py
[2023-11-26T00:36:54.400+0000] {processor.py:839} INFO - DAG(s) dict_keys(['example_branch_labels']) retrieved from /home/airflow/.local/lib/python3.8/site-packages/airflow/example_dags/example_branch_labels.py
[2023-11-26T00:36:54.419+0000] {logging_mixin.py:154} INFO - [2023-11-26T00:36:54.419+0000] {dag.py:2941} INFO - Sync 1 DAGs
[2023-11-26T00:36:54.442+0000] {logging_mixin.py:154} INFO - [2023-11-26T00:36:54.442+0000] {dag.py:3722} INFO - Setting next_dagrun for example_branch_labels to 2023-11-25T00:00:00+00:00, run_after=2023-11-26T00:00:00+00:00
[2023-11-26T00:36:54.464+0000] {processor.py:179} INFO - Processing /home/airflow/.local/lib/python3.8/site-packages/airflow/example_dags/example_branch_labels.py took 0.079 seconds
[2023-11-26T00:37:24.737+0000] {processor.py:157} INFO - Started process (PID=2091) to work on /home/airflow/.local/lib/python3.8/site-packages/airflow/example_dags/example_branch_labels.py
[2023-11-26T00:37:24.739+0000] {processor.py:829} INFO - Processing file /home/airflow/.local/lib/python3.8/site-packages/airflow/example_dags/example_branch_labels.py for tasks to queue
[2023-11-26T00:37:24.741+0000] {logging_mixin.py:154} INFO - [2023-11-26T00:37:24.741+0000] {dagbag.py:536} INFO - Filling up the DagBag from /home/airflow/.local/lib/python3.8/site-packages/airflow/example_dags/example_branch_labels.py
[2023-11-26T00:37:24.747+0000] {processor.py:839} INFO - DAG(s) dict_keys(['example_branch_labels']) retrieved from /home/airflow/.local/lib/python3.8/site-packages/airflow/example_dags/example_branch_labels.py
[2023-11-26T00:37:24.767+0000] {logging_mixin.py:154} INFO - [2023-11-26T00:37:24.767+0000] {dag.py:2941} INFO - Sync 1 DAGs
[2023-11-26T00:37:24.787+0000] {logging_mixin.py:154} INFO - [2023-11-26T00:37:24.787+0000] {dag.py:3722} INFO - Setting next_dagrun for example_branch_labels to 2023-11-25T00:00:00+00:00, run_after=2023-11-26T00:00:00+00:00
[2023-11-26T00:37:24.809+0000] {processor.py:179} INFO - Processing /home/airflow/.local/lib/python3.8/site-packages/airflow/example_dags/example_branch_labels.py took 0.074 seconds
[2023-11-26T00:37:55.376+0000] {processor.py:157} INFO - Started process (PID=2145) to work on /home/airflow/.local/lib/python3.8/site-packages/airflow/example_dags/example_branch_labels.py
[2023-11-26T00:37:55.378+0000] {processor.py:829} INFO - Processing file /home/airflow/.local/lib/python3.8/site-packages/airflow/example_dags/example_branch_labels.py for tasks to queue
[2023-11-26T00:37:55.382+0000] {logging_mixin.py:154} INFO - [2023-11-26T00:37:55.381+0000] {dagbag.py:536} INFO - Filling up the DagBag from /home/airflow/.local/lib/python3.8/site-packages/airflow/example_dags/example_branch_labels.py
[2023-11-26T00:37:55.391+0000] {processor.py:839} INFO - DAG(s) dict_keys(['example_branch_labels']) retrieved from /home/airflow/.local/lib/python3.8/site-packages/airflow/example_dags/example_branch_labels.py
[2023-11-26T00:37:55.415+0000] {logging_mixin.py:154} INFO - [2023-11-26T00:37:55.415+0000] {dag.py:2941} INFO - Sync 1 DAGs
[2023-11-26T00:37:55.444+0000] {logging_mixin.py:154} INFO - [2023-11-26T00:37:55.444+0000] {dag.py:3722} INFO - Setting next_dagrun for example_branch_labels to 2023-11-25T00:00:00+00:00, run_after=2023-11-26T00:00:00+00:00
[2023-11-26T00:37:55.468+0000] {processor.py:179} INFO - Processing /home/airflow/.local/lib/python3.8/site-packages/airflow/example_dags/example_branch_labels.py took 0.096 seconds
[2023-11-26T00:38:25.815+0000] {processor.py:157} INFO - Started process (PID=2199) to work on /home/airflow/.local/lib/python3.8/site-packages/airflow/example_dags/example_branch_labels.py
[2023-11-26T00:38:25.817+0000] {processor.py:829} INFO - Processing file /home/airflow/.local/lib/python3.8/site-packages/airflow/example_dags/example_branch_labels.py for tasks to queue
[2023-11-26T00:38:25.820+0000] {logging_mixin.py:154} INFO - [2023-11-26T00:38:25.820+0000] {dagbag.py:536} INFO - Filling up the DagBag from /home/airflow/.local/lib/python3.8/site-packages/airflow/example_dags/example_branch_labels.py
[2023-11-26T00:38:25.829+0000] {processor.py:839} INFO - DAG(s) dict_keys(['example_branch_labels']) retrieved from /home/airflow/.local/lib/python3.8/site-packages/airflow/example_dags/example_branch_labels.py
[2023-11-26T00:38:25.853+0000] {logging_mixin.py:154} INFO - [2023-11-26T00:38:25.853+0000] {dag.py:2941} INFO - Sync 1 DAGs
[2023-11-26T00:38:25.881+0000] {logging_mixin.py:154} INFO - [2023-11-26T00:38:25.881+0000] {dag.py:3722} INFO - Setting next_dagrun for example_branch_labels to 2023-11-25T00:00:00+00:00, run_after=2023-11-26T00:00:00+00:00
[2023-11-26T00:38:25.909+0000] {processor.py:179} INFO - Processing /home/airflow/.local/lib/python3.8/site-packages/airflow/example_dags/example_branch_labels.py took 0.098 seconds
[2023-11-26T00:38:56.637+0000] {processor.py:157} INFO - Started process (PID=2253) to work on /home/airflow/.local/lib/python3.8/site-packages/airflow/example_dags/example_branch_labels.py
[2023-11-26T00:38:56.639+0000] {processor.py:829} INFO - Processing file /home/airflow/.local/lib/python3.8/site-packages/airflow/example_dags/example_branch_labels.py for tasks to queue
[2023-11-26T00:38:56.646+0000] {logging_mixin.py:154} INFO - [2023-11-26T00:38:56.645+0000] {dagbag.py:536} INFO - Filling up the DagBag from /home/airflow/.local/lib/python3.8/site-packages/airflow/example_dags/example_branch_labels.py
[2023-11-26T00:38:56.661+0000] {processor.py:839} INFO - DAG(s) dict_keys(['example_branch_labels']) retrieved from /home/airflow/.local/lib/python3.8/site-packages/airflow/example_dags/example_branch_labels.py
[2023-11-26T00:38:56.704+0000] {logging_mixin.py:154} INFO - [2023-11-26T00:38:56.704+0000] {dag.py:2941} INFO - Sync 1 DAGs
[2023-11-26T00:38:56.890+0000] {logging_mixin.py:154} INFO - [2023-11-26T00:38:56.890+0000] {dag.py:3722} INFO - Setting next_dagrun for example_branch_labels to 2023-11-25T00:00:00+00:00, run_after=2023-11-26T00:00:00+00:00
[2023-11-26T00:38:56.913+0000] {processor.py:179} INFO - Processing /home/airflow/.local/lib/python3.8/site-packages/airflow/example_dags/example_branch_labels.py took 0.286 seconds
[2023-11-26T00:39:27.110+0000] {processor.py:157} INFO - Started process (PID=2307) to work on /home/airflow/.local/lib/python3.8/site-packages/airflow/example_dags/example_branch_labels.py
[2023-11-26T00:39:27.111+0000] {processor.py:829} INFO - Processing file /home/airflow/.local/lib/python3.8/site-packages/airflow/example_dags/example_branch_labels.py for tasks to queue
[2023-11-26T00:39:27.115+0000] {logging_mixin.py:154} INFO - [2023-11-26T00:39:27.114+0000] {dagbag.py:536} INFO - Filling up the DagBag from /home/airflow/.local/lib/python3.8/site-packages/airflow/example_dags/example_branch_labels.py
[2023-11-26T00:39:27.126+0000] {processor.py:839} INFO - DAG(s) dict_keys(['example_branch_labels']) retrieved from /home/airflow/.local/lib/python3.8/site-packages/airflow/example_dags/example_branch_labels.py
[2023-11-26T00:39:27.162+0000] {logging_mixin.py:154} INFO - [2023-11-26T00:39:27.162+0000] {dag.py:2941} INFO - Sync 1 DAGs
[2023-11-26T00:39:27.204+0000] {logging_mixin.py:154} INFO - [2023-11-26T00:39:27.204+0000] {dag.py:3722} INFO - Setting next_dagrun for example_branch_labels to 2023-11-25T00:00:00+00:00, run_after=2023-11-26T00:00:00+00:00
[2023-11-26T00:39:27.241+0000] {processor.py:179} INFO - Processing /home/airflow/.local/lib/python3.8/site-packages/airflow/example_dags/example_branch_labels.py took 0.136 seconds
[2023-11-26T00:39:57.529+0000] {processor.py:157} INFO - Started process (PID=2361) to work on /home/airflow/.local/lib/python3.8/site-packages/airflow/example_dags/example_branch_labels.py
[2023-11-26T00:39:57.531+0000] {processor.py:829} INFO - Processing file /home/airflow/.local/lib/python3.8/site-packages/airflow/example_dags/example_branch_labels.py for tasks to queue
[2023-11-26T00:39:57.533+0000] {logging_mixin.py:154} INFO - [2023-11-26T00:39:57.533+0000] {dagbag.py:536} INFO - Filling up the DagBag from /home/airflow/.local/lib/python3.8/site-packages/airflow/example_dags/example_branch_labels.py
[2023-11-26T00:39:57.540+0000] {processor.py:839} INFO - DAG(s) dict_keys(['example_branch_labels']) retrieved from /home/airflow/.local/lib/python3.8/site-packages/airflow/example_dags/example_branch_labels.py
[2023-11-26T00:39:57.564+0000] {logging_mixin.py:154} INFO - [2023-11-26T00:39:57.564+0000] {dag.py:2941} INFO - Sync 1 DAGs
[2023-11-26T00:39:57.590+0000] {logging_mixin.py:154} INFO - [2023-11-26T00:39:57.590+0000] {dag.py:3722} INFO - Setting next_dagrun for example_branch_labels to 2023-11-25T00:00:00+00:00, run_after=2023-11-26T00:00:00+00:00
[2023-11-26T00:39:57.616+0000] {processor.py:179} INFO - Processing /home/airflow/.local/lib/python3.8/site-packages/airflow/example_dags/example_branch_labels.py took 0.090 seconds
[2023-11-26T00:40:28.727+0000] {processor.py:157} INFO - Started process (PID=2422) to work on /home/airflow/.local/lib/python3.8/site-packages/airflow/example_dags/example_branch_labels.py
[2023-11-26T00:40:28.729+0000] {processor.py:829} INFO - Processing file /home/airflow/.local/lib/python3.8/site-packages/airflow/example_dags/example_branch_labels.py for tasks to queue
[2023-11-26T00:40:28.731+0000] {logging_mixin.py:154} INFO - [2023-11-26T00:40:28.731+0000] {dagbag.py:536} INFO - Filling up the DagBag from /home/airflow/.local/lib/python3.8/site-packages/airflow/example_dags/example_branch_labels.py
[2023-11-26T00:40:28.737+0000] {processor.py:839} INFO - DAG(s) dict_keys(['example_branch_labels']) retrieved from /home/airflow/.local/lib/python3.8/site-packages/airflow/example_dags/example_branch_labels.py
[2023-11-26T00:40:28.760+0000] {logging_mixin.py:154} INFO - [2023-11-26T00:40:28.760+0000] {dag.py:2941} INFO - Sync 1 DAGs
[2023-11-26T00:40:28.784+0000] {logging_mixin.py:154} INFO - [2023-11-26T00:40:28.784+0000] {dag.py:3722} INFO - Setting next_dagrun for example_branch_labels to 2023-11-25T00:00:00+00:00, run_after=2023-11-26T00:00:00+00:00
[2023-11-26T00:40:28.814+0000] {processor.py:179} INFO - Processing /home/airflow/.local/lib/python3.8/site-packages/airflow/example_dags/example_branch_labels.py took 0.090 seconds
[2023-11-26T00:40:59.917+0000] {processor.py:157} INFO - Started process (PID=2476) to work on /home/airflow/.local/lib/python3.8/site-packages/airflow/example_dags/example_branch_labels.py
[2023-11-26T00:40:59.918+0000] {processor.py:829} INFO - Processing file /home/airflow/.local/lib/python3.8/site-packages/airflow/example_dags/example_branch_labels.py for tasks to queue
[2023-11-26T00:40:59.921+0000] {logging_mixin.py:154} INFO - [2023-11-26T00:40:59.921+0000] {dagbag.py:536} INFO - Filling up the DagBag from /home/airflow/.local/lib/python3.8/site-packages/airflow/example_dags/example_branch_labels.py
[2023-11-26T00:40:59.930+0000] {processor.py:839} INFO - DAG(s) dict_keys(['example_branch_labels']) retrieved from /home/airflow/.local/lib/python3.8/site-packages/airflow/example_dags/example_branch_labels.py
[2023-11-26T00:40:59.956+0000] {logging_mixin.py:154} INFO - [2023-11-26T00:40:59.955+0000] {dag.py:2941} INFO - Sync 1 DAGs
[2023-11-26T00:40:59.976+0000] {logging_mixin.py:154} INFO - [2023-11-26T00:40:59.976+0000] {dag.py:3722} INFO - Setting next_dagrun for example_branch_labels to 2023-11-25T00:00:00+00:00, run_after=2023-11-26T00:00:00+00:00
[2023-11-26T00:41:00.102+0000] {processor.py:179} INFO - Processing /home/airflow/.local/lib/python3.8/site-packages/airflow/example_dags/example_branch_labels.py took 0.189 seconds
[2023-11-26T00:41:30.279+0000] {processor.py:157} INFO - Started process (PID=2530) to work on /home/airflow/.local/lib/python3.8/site-packages/airflow/example_dags/example_branch_labels.py
[2023-11-26T00:41:30.280+0000] {processor.py:829} INFO - Processing file /home/airflow/.local/lib/python3.8/site-packages/airflow/example_dags/example_branch_labels.py for tasks to queue
[2023-11-26T00:41:30.282+0000] {logging_mixin.py:154} INFO - [2023-11-26T00:41:30.282+0000] {dagbag.py:536} INFO - Filling up the DagBag from /home/airflow/.local/lib/python3.8/site-packages/airflow/example_dags/example_branch_labels.py
[2023-11-26T00:41:30.291+0000] {processor.py:839} INFO - DAG(s) dict_keys(['example_branch_labels']) retrieved from /home/airflow/.local/lib/python3.8/site-packages/airflow/example_dags/example_branch_labels.py
[2023-11-26T00:41:30.312+0000] {logging_mixin.py:154} INFO - [2023-11-26T00:41:30.312+0000] {dag.py:2941} INFO - Sync 1 DAGs
[2023-11-26T00:41:30.333+0000] {logging_mixin.py:154} INFO - [2023-11-26T00:41:30.333+0000] {dag.py:3722} INFO - Setting next_dagrun for example_branch_labels to 2023-11-25T00:00:00+00:00, run_after=2023-11-26T00:00:00+00:00
[2023-11-26T00:41:30.355+0000] {processor.py:179} INFO - Processing /home/airflow/.local/lib/python3.8/site-packages/airflow/example_dags/example_branch_labels.py took 0.079 seconds
[2023-11-26T00:42:01.178+0000] {processor.py:157} INFO - Started process (PID=2584) to work on /home/airflow/.local/lib/python3.8/site-packages/airflow/example_dags/example_branch_labels.py
[2023-11-26T00:42:01.180+0000] {processor.py:829} INFO - Processing file /home/airflow/.local/lib/python3.8/site-packages/airflow/example_dags/example_branch_labels.py for tasks to queue
[2023-11-26T00:42:01.182+0000] {logging_mixin.py:154} INFO - [2023-11-26T00:42:01.182+0000] {dagbag.py:536} INFO - Filling up the DagBag from /home/airflow/.local/lib/python3.8/site-packages/airflow/example_dags/example_branch_labels.py
[2023-11-26T00:42:01.189+0000] {processor.py:839} INFO - DAG(s) dict_keys(['example_branch_labels']) retrieved from /home/airflow/.local/lib/python3.8/site-packages/airflow/example_dags/example_branch_labels.py
[2023-11-26T00:42:01.209+0000] {logging_mixin.py:154} INFO - [2023-11-26T00:42:01.209+0000] {dag.py:2941} INFO - Sync 1 DAGs
[2023-11-26T00:42:01.338+0000] {logging_mixin.py:154} INFO - [2023-11-26T00:42:01.338+0000] {dag.py:3722} INFO - Setting next_dagrun for example_branch_labels to 2023-11-25T00:00:00+00:00, run_after=2023-11-26T00:00:00+00:00
[2023-11-26T00:42:01.363+0000] {processor.py:179} INFO - Processing /home/airflow/.local/lib/python3.8/site-packages/airflow/example_dags/example_branch_labels.py took 0.187 seconds
[2023-11-26T00:42:32.028+0000] {processor.py:157} INFO - Started process (PID=2638) to work on /home/airflow/.local/lib/python3.8/site-packages/airflow/example_dags/example_branch_labels.py
[2023-11-26T00:42:32.029+0000] {processor.py:829} INFO - Processing file /home/airflow/.local/lib/python3.8/site-packages/airflow/example_dags/example_branch_labels.py for tasks to queue
[2023-11-26T00:42:32.032+0000] {logging_mixin.py:154} INFO - [2023-11-26T00:42:32.032+0000] {dagbag.py:536} INFO - Filling up the DagBag from /home/airflow/.local/lib/python3.8/site-packages/airflow/example_dags/example_branch_labels.py
[2023-11-26T00:42:32.040+0000] {processor.py:839} INFO - DAG(s) dict_keys(['example_branch_labels']) retrieved from /home/airflow/.local/lib/python3.8/site-packages/airflow/example_dags/example_branch_labels.py
[2023-11-26T00:42:32.058+0000] {logging_mixin.py:154} INFO - [2023-11-26T00:42:32.058+0000] {dag.py:2941} INFO - Sync 1 DAGs
[2023-11-26T00:42:32.078+0000] {logging_mixin.py:154} INFO - [2023-11-26T00:42:32.078+0000] {dag.py:3722} INFO - Setting next_dagrun for example_branch_labels to 2023-11-25T00:00:00+00:00, run_after=2023-11-26T00:00:00+00:00
[2023-11-26T00:42:32.209+0000] {processor.py:179} INFO - Processing /home/airflow/.local/lib/python3.8/site-packages/airflow/example_dags/example_branch_labels.py took 0.184 seconds
[2023-11-26T00:43:02.390+0000] {processor.py:157} INFO - Started process (PID=2692) to work on /home/airflow/.local/lib/python3.8/site-packages/airflow/example_dags/example_branch_labels.py
[2023-11-26T00:43:02.391+0000] {processor.py:829} INFO - Processing file /home/airflow/.local/lib/python3.8/site-packages/airflow/example_dags/example_branch_labels.py for tasks to queue
[2023-11-26T00:43:02.394+0000] {logging_mixin.py:154} INFO - [2023-11-26T00:43:02.394+0000] {dagbag.py:536} INFO - Filling up the DagBag from /home/airflow/.local/lib/python3.8/site-packages/airflow/example_dags/example_branch_labels.py
[2023-11-26T00:43:02.400+0000] {processor.py:839} INFO - DAG(s) dict_keys(['example_branch_labels']) retrieved from /home/airflow/.local/lib/python3.8/site-packages/airflow/example_dags/example_branch_labels.py
[2023-11-26T00:43:02.418+0000] {logging_mixin.py:154} INFO - [2023-11-26T00:43:02.418+0000] {dag.py:2941} INFO - Sync 1 DAGs
[2023-11-26T00:43:02.438+0000] {logging_mixin.py:154} INFO - [2023-11-26T00:43:02.438+0000] {dag.py:3722} INFO - Setting next_dagrun for example_branch_labels to 2023-11-25T00:00:00+00:00, run_after=2023-11-26T00:00:00+00:00
[2023-11-26T00:43:02.458+0000] {processor.py:179} INFO - Processing /home/airflow/.local/lib/python3.8/site-packages/airflow/example_dags/example_branch_labels.py took 0.071 seconds
[2023-11-26T00:43:32.768+0000] {processor.py:157} INFO - Started process (PID=2746) to work on /home/airflow/.local/lib/python3.8/site-packages/airflow/example_dags/example_branch_labels.py
[2023-11-26T00:43:32.769+0000] {processor.py:829} INFO - Processing file /home/airflow/.local/lib/python3.8/site-packages/airflow/example_dags/example_branch_labels.py for tasks to queue
[2023-11-26T00:43:32.771+0000] {logging_mixin.py:154} INFO - [2023-11-26T00:43:32.771+0000] {dagbag.py:536} INFO - Filling up the DagBag from /home/airflow/.local/lib/python3.8/site-packages/airflow/example_dags/example_branch_labels.py
[2023-11-26T00:43:32.777+0000] {processor.py:839} INFO - DAG(s) dict_keys(['example_branch_labels']) retrieved from /home/airflow/.local/lib/python3.8/site-packages/airflow/example_dags/example_branch_labels.py
[2023-11-26T00:43:32.796+0000] {logging_mixin.py:154} INFO - [2023-11-26T00:43:32.796+0000] {dag.py:2941} INFO - Sync 1 DAGs
[2023-11-26T00:43:32.916+0000] {logging_mixin.py:154} INFO - [2023-11-26T00:43:32.916+0000] {dag.py:3722} INFO - Setting next_dagrun for example_branch_labels to 2023-11-25T00:00:00+00:00, run_after=2023-11-26T00:00:00+00:00
[2023-11-26T00:43:32.937+0000] {processor.py:179} INFO - Processing /home/airflow/.local/lib/python3.8/site-packages/airflow/example_dags/example_branch_labels.py took 0.171 seconds
[2023-11-26T00:44:03.957+0000] {processor.py:157} INFO - Started process (PID=2800) to work on /home/airflow/.local/lib/python3.8/site-packages/airflow/example_dags/example_branch_labels.py
[2023-11-26T00:44:03.958+0000] {processor.py:829} INFO - Processing file /home/airflow/.local/lib/python3.8/site-packages/airflow/example_dags/example_branch_labels.py for tasks to queue
[2023-11-26T00:44:03.961+0000] {logging_mixin.py:154} INFO - [2023-11-26T00:44:03.961+0000] {dagbag.py:536} INFO - Filling up the DagBag from /home/airflow/.local/lib/python3.8/site-packages/airflow/example_dags/example_branch_labels.py
[2023-11-26T00:44:03.968+0000] {processor.py:839} INFO - DAG(s) dict_keys(['example_branch_labels']) retrieved from /home/airflow/.local/lib/python3.8/site-packages/airflow/example_dags/example_branch_labels.py
[2023-11-26T00:44:03.988+0000] {logging_mixin.py:154} INFO - [2023-11-26T00:44:03.988+0000] {dag.py:2941} INFO - Sync 1 DAGs
[2023-11-26T00:44:04.009+0000] {logging_mixin.py:154} INFO - [2023-11-26T00:44:04.009+0000] {dag.py:3722} INFO - Setting next_dagrun for example_branch_labels to 2023-11-25T00:00:00+00:00, run_after=2023-11-26T00:00:00+00:00
[2023-11-26T00:44:04.031+0000] {processor.py:179} INFO - Processing /home/airflow/.local/lib/python3.8/site-packages/airflow/example_dags/example_branch_labels.py took 0.079 seconds
[2023-11-26T00:44:34.314+0000] {processor.py:157} INFO - Started process (PID=2854) to work on /home/airflow/.local/lib/python3.8/site-packages/airflow/example_dags/example_branch_labels.py
[2023-11-26T00:44:34.315+0000] {processor.py:829} INFO - Processing file /home/airflow/.local/lib/python3.8/site-packages/airflow/example_dags/example_branch_labels.py for tasks to queue
[2023-11-26T00:44:34.321+0000] {logging_mixin.py:154} INFO - [2023-11-26T00:44:34.321+0000] {dagbag.py:536} INFO - Filling up the DagBag from /home/airflow/.local/lib/python3.8/site-packages/airflow/example_dags/example_branch_labels.py
[2023-11-26T00:44:34.331+0000] {processor.py:839} INFO - DAG(s) dict_keys(['example_branch_labels']) retrieved from /home/airflow/.local/lib/python3.8/site-packages/airflow/example_dags/example_branch_labels.py
[2023-11-26T00:44:34.373+0000] {logging_mixin.py:154} INFO - [2023-11-26T00:44:34.372+0000] {dag.py:2941} INFO - Sync 1 DAGs
[2023-11-26T00:44:34.425+0000] {logging_mixin.py:154} INFO - [2023-11-26T00:44:34.424+0000] {dag.py:3722} INFO - Setting next_dagrun for example_branch_labels to 2023-11-25T00:00:00+00:00, run_after=2023-11-26T00:00:00+00:00
[2023-11-26T00:44:34.478+0000] {processor.py:179} INFO - Processing /home/airflow/.local/lib/python3.8/site-packages/airflow/example_dags/example_branch_labels.py took 0.168 seconds
[2023-11-26T00:45:05.487+0000] {processor.py:157} INFO - Started process (PID=2908) to work on /home/airflow/.local/lib/python3.8/site-packages/airflow/example_dags/example_branch_labels.py
[2023-11-26T00:45:05.489+0000] {processor.py:829} INFO - Processing file /home/airflow/.local/lib/python3.8/site-packages/airflow/example_dags/example_branch_labels.py for tasks to queue
[2023-11-26T00:45:05.492+0000] {logging_mixin.py:154} INFO - [2023-11-26T00:45:05.492+0000] {dagbag.py:536} INFO - Filling up the DagBag from /home/airflow/.local/lib/python3.8/site-packages/airflow/example_dags/example_branch_labels.py
[2023-11-26T00:45:05.504+0000] {processor.py:839} INFO - DAG(s) dict_keys(['example_branch_labels']) retrieved from /home/airflow/.local/lib/python3.8/site-packages/airflow/example_dags/example_branch_labels.py
[2023-11-26T00:45:05.531+0000] {logging_mixin.py:154} INFO - [2023-11-26T00:45:05.531+0000] {dag.py:2941} INFO - Sync 1 DAGs
[2023-11-26T00:45:05.566+0000] {logging_mixin.py:154} INFO - [2023-11-26T00:45:05.565+0000] {dag.py:3722} INFO - Setting next_dagrun for example_branch_labels to 2023-11-25T00:00:00+00:00, run_after=2023-11-26T00:00:00+00:00
[2023-11-26T00:45:05.594+0000] {processor.py:179} INFO - Processing /home/airflow/.local/lib/python3.8/site-packages/airflow/example_dags/example_branch_labels.py took 0.111 seconds
[2023-11-26T00:45:36.069+0000] {processor.py:157} INFO - Started process (PID=2962) to work on /home/airflow/.local/lib/python3.8/site-packages/airflow/example_dags/example_branch_labels.py
[2023-11-26T00:45:36.070+0000] {processor.py:829} INFO - Processing file /home/airflow/.local/lib/python3.8/site-packages/airflow/example_dags/example_branch_labels.py for tasks to queue
[2023-11-26T00:45:36.073+0000] {logging_mixin.py:154} INFO - [2023-11-26T00:45:36.073+0000] {dagbag.py:536} INFO - Filling up the DagBag from /home/airflow/.local/lib/python3.8/site-packages/airflow/example_dags/example_branch_labels.py
[2023-11-26T00:45:36.081+0000] {processor.py:839} INFO - DAG(s) dict_keys(['example_branch_labels']) retrieved from /home/airflow/.local/lib/python3.8/site-packages/airflow/example_dags/example_branch_labels.py
[2023-11-26T00:45:36.102+0000] {logging_mixin.py:154} INFO - [2023-11-26T00:45:36.102+0000] {dag.py:2941} INFO - Sync 1 DAGs
[2023-11-26T00:45:36.126+0000] {logging_mixin.py:154} INFO - [2023-11-26T00:45:36.126+0000] {dag.py:3722} INFO - Setting next_dagrun for example_branch_labels to 2023-11-25T00:00:00+00:00, run_after=2023-11-26T00:00:00+00:00
[2023-11-26T00:45:36.148+0000] {processor.py:179} INFO - Processing /home/airflow/.local/lib/python3.8/site-packages/airflow/example_dags/example_branch_labels.py took 0.082 seconds
[2023-11-26T00:46:06.575+0000] {processor.py:157} INFO - Started process (PID=3016) to work on /home/airflow/.local/lib/python3.8/site-packages/airflow/example_dags/example_branch_labels.py
[2023-11-26T00:46:06.577+0000] {processor.py:829} INFO - Processing file /home/airflow/.local/lib/python3.8/site-packages/airflow/example_dags/example_branch_labels.py for tasks to queue
[2023-11-26T00:46:06.583+0000] {logging_mixin.py:154} INFO - [2023-11-26T00:46:06.582+0000] {dagbag.py:536} INFO - Filling up the DagBag from /home/airflow/.local/lib/python3.8/site-packages/airflow/example_dags/example_branch_labels.py
[2023-11-26T00:46:06.592+0000] {processor.py:839} INFO - DAG(s) dict_keys(['example_branch_labels']) retrieved from /home/airflow/.local/lib/python3.8/site-packages/airflow/example_dags/example_branch_labels.py
[2023-11-26T00:46:06.629+0000] {logging_mixin.py:154} INFO - [2023-11-26T00:46:06.629+0000] {dag.py:2941} INFO - Sync 1 DAGs
[2023-11-26T00:46:06.666+0000] {logging_mixin.py:154} INFO - [2023-11-26T00:46:06.665+0000] {dag.py:3722} INFO - Setting next_dagrun for example_branch_labels to 2023-11-25T00:00:00+00:00, run_after=2023-11-26T00:00:00+00:00
[2023-11-26T00:46:06.704+0000] {processor.py:179} INFO - Processing /home/airflow/.local/lib/python3.8/site-packages/airflow/example_dags/example_branch_labels.py took 0.133 seconds
[2023-11-26T00:46:37.054+0000] {processor.py:157} INFO - Started process (PID=3071) to work on /home/airflow/.local/lib/python3.8/site-packages/airflow/example_dags/example_branch_labels.py
[2023-11-26T00:46:37.056+0000] {processor.py:829} INFO - Processing file /home/airflow/.local/lib/python3.8/site-packages/airflow/example_dags/example_branch_labels.py for tasks to queue
[2023-11-26T00:46:37.058+0000] {logging_mixin.py:154} INFO - [2023-11-26T00:46:37.058+0000] {dagbag.py:536} INFO - Filling up the DagBag from /home/airflow/.local/lib/python3.8/site-packages/airflow/example_dags/example_branch_labels.py
[2023-11-26T00:46:37.063+0000] {processor.py:839} INFO - DAG(s) dict_keys(['example_branch_labels']) retrieved from /home/airflow/.local/lib/python3.8/site-packages/airflow/example_dags/example_branch_labels.py
[2023-11-26T00:46:37.083+0000] {logging_mixin.py:154} INFO - [2023-11-26T00:46:37.083+0000] {dag.py:2941} INFO - Sync 1 DAGs
[2023-11-26T00:46:37.105+0000] {logging_mixin.py:154} INFO - [2023-11-26T00:46:37.105+0000] {dag.py:3722} INFO - Setting next_dagrun for example_branch_labels to 2023-11-25T00:00:00+00:00, run_after=2023-11-26T00:00:00+00:00
[2023-11-26T00:46:37.123+0000] {processor.py:179} INFO - Processing /home/airflow/.local/lib/python3.8/site-packages/airflow/example_dags/example_branch_labels.py took 0.071 seconds
[2023-11-26T00:47:07.635+0000] {processor.py:157} INFO - Started process (PID=3125) to work on /home/airflow/.local/lib/python3.8/site-packages/airflow/example_dags/example_branch_labels.py
[2023-11-26T00:47:07.639+0000] {processor.py:829} INFO - Processing file /home/airflow/.local/lib/python3.8/site-packages/airflow/example_dags/example_branch_labels.py for tasks to queue
[2023-11-26T00:47:07.645+0000] {logging_mixin.py:154} INFO - [2023-11-26T00:47:07.645+0000] {dagbag.py:536} INFO - Filling up the DagBag from /home/airflow/.local/lib/python3.8/site-packages/airflow/example_dags/example_branch_labels.py
[2023-11-26T00:47:07.660+0000] {processor.py:839} INFO - DAG(s) dict_keys(['example_branch_labels']) retrieved from /home/airflow/.local/lib/python3.8/site-packages/airflow/example_dags/example_branch_labels.py
[2023-11-26T00:47:07.721+0000] {logging_mixin.py:154} INFO - [2023-11-26T00:47:07.719+0000] {dag.py:2941} INFO - Sync 1 DAGs
[2023-11-26T00:47:07.797+0000] {logging_mixin.py:154} INFO - [2023-11-26T00:47:07.796+0000] {dag.py:3722} INFO - Setting next_dagrun for example_branch_labels to 2023-11-25T00:00:00+00:00, run_after=2023-11-26T00:00:00+00:00
[2023-11-26T00:47:07.872+0000] {processor.py:179} INFO - Processing /home/airflow/.local/lib/python3.8/site-packages/airflow/example_dags/example_branch_labels.py took 0.241 seconds
[2023-11-26T00:47:38.056+0000] {processor.py:157} INFO - Started process (PID=3178) to work on /home/airflow/.local/lib/python3.8/site-packages/airflow/example_dags/example_branch_labels.py
[2023-11-26T00:47:38.058+0000] {processor.py:829} INFO - Processing file /home/airflow/.local/lib/python3.8/site-packages/airflow/example_dags/example_branch_labels.py for tasks to queue
[2023-11-26T00:47:38.063+0000] {logging_mixin.py:154} INFO - [2023-11-26T00:47:38.062+0000] {dagbag.py:536} INFO - Filling up the DagBag from /home/airflow/.local/lib/python3.8/site-packages/airflow/example_dags/example_branch_labels.py
[2023-11-26T00:47:38.075+0000] {processor.py:839} INFO - DAG(s) dict_keys(['example_branch_labels']) retrieved from /home/airflow/.local/lib/python3.8/site-packages/airflow/example_dags/example_branch_labels.py
[2023-11-26T00:47:38.115+0000] {logging_mixin.py:154} INFO - [2023-11-26T00:47:38.114+0000] {dag.py:2941} INFO - Sync 1 DAGs
[2023-11-26T00:47:38.151+0000] {logging_mixin.py:154} INFO - [2023-11-26T00:47:38.150+0000] {dag.py:3722} INFO - Setting next_dagrun for example_branch_labels to 2023-11-25T00:00:00+00:00, run_after=2023-11-26T00:00:00+00:00
[2023-11-26T00:47:38.192+0000] {processor.py:179} INFO - Processing /home/airflow/.local/lib/python3.8/site-packages/airflow/example_dags/example_branch_labels.py took 0.140 seconds
[2023-11-26T00:48:08.363+0000] {processor.py:157} INFO - Started process (PID=3232) to work on /home/airflow/.local/lib/python3.8/site-packages/airflow/example_dags/example_branch_labels.py
[2023-11-26T00:48:08.366+0000] {processor.py:829} INFO - Processing file /home/airflow/.local/lib/python3.8/site-packages/airflow/example_dags/example_branch_labels.py for tasks to queue
[2023-11-26T00:48:08.375+0000] {logging_mixin.py:154} INFO - [2023-11-26T00:48:08.375+0000] {dagbag.py:536} INFO - Filling up the DagBag from /home/airflow/.local/lib/python3.8/site-packages/airflow/example_dags/example_branch_labels.py
[2023-11-26T00:48:08.392+0000] {processor.py:839} INFO - DAG(s) dict_keys(['example_branch_labels']) retrieved from /home/airflow/.local/lib/python3.8/site-packages/airflow/example_dags/example_branch_labels.py
[2023-11-26T00:48:08.435+0000] {logging_mixin.py:154} INFO - [2023-11-26T00:48:08.434+0000] {dag.py:2941} INFO - Sync 1 DAGs
[2023-11-26T00:48:08.477+0000] {logging_mixin.py:154} INFO - [2023-11-26T00:48:08.476+0000] {dag.py:3722} INFO - Setting next_dagrun for example_branch_labels to 2023-11-25T00:00:00+00:00, run_after=2023-11-26T00:00:00+00:00
[2023-11-26T00:48:08.551+0000] {processor.py:179} INFO - Processing /home/airflow/.local/lib/python3.8/site-packages/airflow/example_dags/example_branch_labels.py took 0.192 seconds
[2023-11-26T00:48:39.150+0000] {processor.py:157} INFO - Started process (PID=3285) to work on /home/airflow/.local/lib/python3.8/site-packages/airflow/example_dags/example_branch_labels.py
[2023-11-26T00:48:39.155+0000] {processor.py:829} INFO - Processing file /home/airflow/.local/lib/python3.8/site-packages/airflow/example_dags/example_branch_labels.py for tasks to queue
[2023-11-26T00:48:39.160+0000] {logging_mixin.py:154} INFO - [2023-11-26T00:48:39.160+0000] {dagbag.py:536} INFO - Filling up the DagBag from /home/airflow/.local/lib/python3.8/site-packages/airflow/example_dags/example_branch_labels.py
[2023-11-26T00:48:39.188+0000] {processor.py:839} INFO - DAG(s) dict_keys(['example_branch_labels']) retrieved from /home/airflow/.local/lib/python3.8/site-packages/airflow/example_dags/example_branch_labels.py
[2023-11-26T00:48:39.243+0000] {logging_mixin.py:154} INFO - [2023-11-26T00:48:39.242+0000] {dag.py:2941} INFO - Sync 1 DAGs
[2023-11-26T00:48:39.298+0000] {logging_mixin.py:154} INFO - [2023-11-26T00:48:39.297+0000] {dag.py:3722} INFO - Setting next_dagrun for example_branch_labels to 2023-11-25T00:00:00+00:00, run_after=2023-11-26T00:00:00+00:00
[2023-11-26T00:48:39.349+0000] {processor.py:179} INFO - Processing /home/airflow/.local/lib/python3.8/site-packages/airflow/example_dags/example_branch_labels.py took 0.202 seconds
[2023-11-26T00:49:09.468+0000] {processor.py:157} INFO - Started process (PID=3339) to work on /home/airflow/.local/lib/python3.8/site-packages/airflow/example_dags/example_branch_labels.py
[2023-11-26T00:49:09.471+0000] {processor.py:829} INFO - Processing file /home/airflow/.local/lib/python3.8/site-packages/airflow/example_dags/example_branch_labels.py for tasks to queue
[2023-11-26T00:49:09.476+0000] {logging_mixin.py:154} INFO - [2023-11-26T00:49:09.476+0000] {dagbag.py:536} INFO - Filling up the DagBag from /home/airflow/.local/lib/python3.8/site-packages/airflow/example_dags/example_branch_labels.py
[2023-11-26T00:49:09.493+0000] {processor.py:839} INFO - DAG(s) dict_keys(['example_branch_labels']) retrieved from /home/airflow/.local/lib/python3.8/site-packages/airflow/example_dags/example_branch_labels.py
[2023-11-26T00:49:09.549+0000] {logging_mixin.py:154} INFO - [2023-11-26T00:49:09.549+0000] {dag.py:2941} INFO - Sync 1 DAGs
[2023-11-26T00:49:09.592+0000] {logging_mixin.py:154} INFO - [2023-11-26T00:49:09.591+0000] {dag.py:3722} INFO - Setting next_dagrun for example_branch_labels to 2023-11-25T00:00:00+00:00, run_after=2023-11-26T00:00:00+00:00
[2023-11-26T00:49:09.646+0000] {processor.py:179} INFO - Processing /home/airflow/.local/lib/python3.8/site-packages/airflow/example_dags/example_branch_labels.py took 0.187 seconds
[2023-11-26T00:49:40.280+0000] {processor.py:157} INFO - Started process (PID=3393) to work on /home/airflow/.local/lib/python3.8/site-packages/airflow/example_dags/example_branch_labels.py
[2023-11-26T00:49:40.283+0000] {processor.py:829} INFO - Processing file /home/airflow/.local/lib/python3.8/site-packages/airflow/example_dags/example_branch_labels.py for tasks to queue
[2023-11-26T00:49:40.287+0000] {logging_mixin.py:154} INFO - [2023-11-26T00:49:40.287+0000] {dagbag.py:536} INFO - Filling up the DagBag from /home/airflow/.local/lib/python3.8/site-packages/airflow/example_dags/example_branch_labels.py
[2023-11-26T00:49:40.308+0000] {processor.py:839} INFO - DAG(s) dict_keys(['example_branch_labels']) retrieved from /home/airflow/.local/lib/python3.8/site-packages/airflow/example_dags/example_branch_labels.py
[2023-11-26T00:49:40.353+0000] {logging_mixin.py:154} INFO - [2023-11-26T00:49:40.352+0000] {dag.py:2941} INFO - Sync 1 DAGs
[2023-11-26T00:49:40.404+0000] {logging_mixin.py:154} INFO - [2023-11-26T00:49:40.404+0000] {dag.py:3722} INFO - Setting next_dagrun for example_branch_labels to 2023-11-25T00:00:00+00:00, run_after=2023-11-26T00:00:00+00:00
[2023-11-26T00:49:40.460+0000] {processor.py:179} INFO - Processing /home/airflow/.local/lib/python3.8/site-packages/airflow/example_dags/example_branch_labels.py took 0.185 seconds
[2023-11-26T00:50:11.216+0000] {processor.py:157} INFO - Started process (PID=3446) to work on /home/airflow/.local/lib/python3.8/site-packages/airflow/example_dags/example_branch_labels.py
[2023-11-26T00:50:11.218+0000] {processor.py:829} INFO - Processing file /home/airflow/.local/lib/python3.8/site-packages/airflow/example_dags/example_branch_labels.py for tasks to queue
[2023-11-26T00:50:11.223+0000] {logging_mixin.py:154} INFO - [2023-11-26T00:50:11.222+0000] {dagbag.py:536} INFO - Filling up the DagBag from /home/airflow/.local/lib/python3.8/site-packages/airflow/example_dags/example_branch_labels.py
[2023-11-26T00:50:11.266+0000] {processor.py:839} INFO - DAG(s) dict_keys(['example_branch_labels']) retrieved from /home/airflow/.local/lib/python3.8/site-packages/airflow/example_dags/example_branch_labels.py
[2023-11-26T00:50:11.311+0000] {logging_mixin.py:154} INFO - [2023-11-26T00:50:11.311+0000] {dag.py:2941} INFO - Sync 1 DAGs
[2023-11-26T00:50:11.349+0000] {logging_mixin.py:154} INFO - [2023-11-26T00:50:11.349+0000] {dag.py:3722} INFO - Setting next_dagrun for example_branch_labels to 2023-11-25T00:00:00+00:00, run_after=2023-11-26T00:00:00+00:00
[2023-11-26T00:50:11.397+0000] {processor.py:179} INFO - Processing /home/airflow/.local/lib/python3.8/site-packages/airflow/example_dags/example_branch_labels.py took 0.191 seconds
[2023-11-26T00:50:41.810+0000] {processor.py:157} INFO - Started process (PID=3500) to work on /home/airflow/.local/lib/python3.8/site-packages/airflow/example_dags/example_branch_labels.py
[2023-11-26T00:50:41.813+0000] {processor.py:829} INFO - Processing file /home/airflow/.local/lib/python3.8/site-packages/airflow/example_dags/example_branch_labels.py for tasks to queue
[2023-11-26T00:50:41.816+0000] {logging_mixin.py:154} INFO - [2023-11-26T00:50:41.816+0000] {dagbag.py:536} INFO - Filling up the DagBag from /home/airflow/.local/lib/python3.8/site-packages/airflow/example_dags/example_branch_labels.py
[2023-11-26T00:50:41.834+0000] {processor.py:839} INFO - DAG(s) dict_keys(['example_branch_labels']) retrieved from /home/airflow/.local/lib/python3.8/site-packages/airflow/example_dags/example_branch_labels.py
[2023-11-26T00:50:41.873+0000] {logging_mixin.py:154} INFO - [2023-11-26T00:50:41.872+0000] {dag.py:2941} INFO - Sync 1 DAGs
[2023-11-26T00:50:41.915+0000] {logging_mixin.py:154} INFO - [2023-11-26T00:50:41.914+0000] {dag.py:3722} INFO - Setting next_dagrun for example_branch_labels to 2023-11-25T00:00:00+00:00, run_after=2023-11-26T00:00:00+00:00
[2023-11-26T00:50:41.944+0000] {processor.py:179} INFO - Processing /home/airflow/.local/lib/python3.8/site-packages/airflow/example_dags/example_branch_labels.py took 0.142 seconds
[2023-11-26T00:51:12.410+0000] {processor.py:157} INFO - Started process (PID=3554) to work on /home/airflow/.local/lib/python3.8/site-packages/airflow/example_dags/example_branch_labels.py
[2023-11-26T00:51:12.413+0000] {processor.py:829} INFO - Processing file /home/airflow/.local/lib/python3.8/site-packages/airflow/example_dags/example_branch_labels.py for tasks to queue
[2023-11-26T00:51:12.417+0000] {logging_mixin.py:154} INFO - [2023-11-26T00:51:12.416+0000] {dagbag.py:536} INFO - Filling up the DagBag from /home/airflow/.local/lib/python3.8/site-packages/airflow/example_dags/example_branch_labels.py
[2023-11-26T00:51:12.434+0000] {processor.py:839} INFO - DAG(s) dict_keys(['example_branch_labels']) retrieved from /home/airflow/.local/lib/python3.8/site-packages/airflow/example_dags/example_branch_labels.py
[2023-11-26T00:51:12.479+0000] {logging_mixin.py:154} INFO - [2023-11-26T00:51:12.478+0000] {dag.py:2941} INFO - Sync 1 DAGs
[2023-11-26T00:51:12.523+0000] {logging_mixin.py:154} INFO - [2023-11-26T00:51:12.523+0000] {dag.py:3722} INFO - Setting next_dagrun for example_branch_labels to 2023-11-25T00:00:00+00:00, run_after=2023-11-26T00:00:00+00:00
[2023-11-26T00:51:12.574+0000] {processor.py:179} INFO - Processing /home/airflow/.local/lib/python3.8/site-packages/airflow/example_dags/example_branch_labels.py took 0.168 seconds
[2023-11-26T00:51:42.856+0000] {processor.py:157} INFO - Started process (PID=3608) to work on /home/airflow/.local/lib/python3.8/site-packages/airflow/example_dags/example_branch_labels.py
[2023-11-26T00:51:42.859+0000] {processor.py:829} INFO - Processing file /home/airflow/.local/lib/python3.8/site-packages/airflow/example_dags/example_branch_labels.py for tasks to queue
[2023-11-26T00:51:42.867+0000] {logging_mixin.py:154} INFO - [2023-11-26T00:51:42.866+0000] {dagbag.py:536} INFO - Filling up the DagBag from /home/airflow/.local/lib/python3.8/site-packages/airflow/example_dags/example_branch_labels.py
[2023-11-26T00:51:42.879+0000] {processor.py:839} INFO - DAG(s) dict_keys(['example_branch_labels']) retrieved from /home/airflow/.local/lib/python3.8/site-packages/airflow/example_dags/example_branch_labels.py
[2023-11-26T00:51:42.919+0000] {logging_mixin.py:154} INFO - [2023-11-26T00:51:42.918+0000] {dag.py:2941} INFO - Sync 1 DAGs
[2023-11-26T00:51:42.951+0000] {logging_mixin.py:154} INFO - [2023-11-26T00:51:42.951+0000] {dag.py:3722} INFO - Setting next_dagrun for example_branch_labels to 2023-11-25T00:00:00+00:00, run_after=2023-11-26T00:00:00+00:00
[2023-11-26T00:51:43.014+0000] {processor.py:179} INFO - Processing /home/airflow/.local/lib/python3.8/site-packages/airflow/example_dags/example_branch_labels.py took 0.164 seconds
[2023-11-26T00:52:13.587+0000] {processor.py:157} INFO - Started process (PID=3662) to work on /home/airflow/.local/lib/python3.8/site-packages/airflow/example_dags/example_branch_labels.py
[2023-11-26T00:52:13.589+0000] {processor.py:829} INFO - Processing file /home/airflow/.local/lib/python3.8/site-packages/airflow/example_dags/example_branch_labels.py for tasks to queue
[2023-11-26T00:52:13.592+0000] {logging_mixin.py:154} INFO - [2023-11-26T00:52:13.591+0000] {dagbag.py:536} INFO - Filling up the DagBag from /home/airflow/.local/lib/python3.8/site-packages/airflow/example_dags/example_branch_labels.py
[2023-11-26T00:52:13.600+0000] {processor.py:839} INFO - DAG(s) dict_keys(['example_branch_labels']) retrieved from /home/airflow/.local/lib/python3.8/site-packages/airflow/example_dags/example_branch_labels.py
[2023-11-26T00:52:13.627+0000] {logging_mixin.py:154} INFO - [2023-11-26T00:52:13.627+0000] {dag.py:2941} INFO - Sync 1 DAGs
[2023-11-26T00:52:13.648+0000] {logging_mixin.py:154} INFO - [2023-11-26T00:52:13.648+0000] {dag.py:3722} INFO - Setting next_dagrun for example_branch_labels to 2023-11-25T00:00:00+00:00, run_after=2023-11-26T00:00:00+00:00
[2023-11-26T00:52:13.674+0000] {processor.py:179} INFO - Processing /home/airflow/.local/lib/python3.8/site-packages/airflow/example_dags/example_branch_labels.py took 0.091 seconds
[2023-11-26T00:52:44.118+0000] {processor.py:157} INFO - Started process (PID=3717) to work on /home/airflow/.local/lib/python3.8/site-packages/airflow/example_dags/example_branch_labels.py
[2023-11-26T00:52:44.121+0000] {processor.py:829} INFO - Processing file /home/airflow/.local/lib/python3.8/site-packages/airflow/example_dags/example_branch_labels.py for tasks to queue
[2023-11-26T00:52:44.125+0000] {logging_mixin.py:154} INFO - [2023-11-26T00:52:44.124+0000] {dagbag.py:536} INFO - Filling up the DagBag from /home/airflow/.local/lib/python3.8/site-packages/airflow/example_dags/example_branch_labels.py
[2023-11-26T00:52:44.136+0000] {processor.py:839} INFO - DAG(s) dict_keys(['example_branch_labels']) retrieved from /home/airflow/.local/lib/python3.8/site-packages/airflow/example_dags/example_branch_labels.py
[2023-11-26T00:52:44.178+0000] {logging_mixin.py:154} INFO - [2023-11-26T00:52:44.178+0000] {dag.py:2941} INFO - Sync 1 DAGs
[2023-11-26T00:52:44.232+0000] {logging_mixin.py:154} INFO - [2023-11-26T00:52:44.232+0000] {dag.py:3722} INFO - Setting next_dagrun for example_branch_labels to 2023-11-25T00:00:00+00:00, run_after=2023-11-26T00:00:00+00:00
[2023-11-26T00:52:44.273+0000] {processor.py:179} INFO - Processing /home/airflow/.local/lib/python3.8/site-packages/airflow/example_dags/example_branch_labels.py took 0.161 seconds
