[2023-11-26T00:16:00.726+0000] {processor.py:157} INFO - Started process (PID=81) to work on /home/airflow/.local/lib/python3.8/site-packages/airflow/example_dags/example_task_group_decorator.py
[2023-11-26T00:16:00.737+0000] {processor.py:829} INFO - Processing file /home/airflow/.local/lib/python3.8/site-packages/airflow/example_dags/example_task_group_decorator.py for tasks to queue
[2023-11-26T00:16:00.760+0000] {logging_mixin.py:154} INFO - [2023-11-26T00:16:00.759+0000] {dagbag.py:536} INFO - Filling up the DagBag from /home/airflow/.local/lib/python3.8/site-packages/airflow/example_dags/example_task_group_decorator.py
[2023-11-26T00:16:00.949+0000] {processor.py:839} INFO - DAG(s) dict_keys(['example_task_group_decorator']) retrieved from /home/airflow/.local/lib/python3.8/site-packages/airflow/example_dags/example_task_group_decorator.py
[2023-11-26T00:16:01.268+0000] {logging_mixin.py:154} INFO - [2023-11-26T00:16:01.266+0000] {dag.py:2941} INFO - Sync 1 DAGs
[2023-11-26T00:16:01.481+0000] {logging_mixin.py:154} INFO - [2023-11-26T00:16:01.480+0000] {dag.py:3722} INFO - Setting next_dagrun for example_task_group_decorator to 2023-11-25T00:16:01.480074+00:00, run_after=2023-11-26T00:16:01.480074+00:00
[2023-11-26T00:16:01.753+0000] {processor.py:179} INFO - Processing /home/airflow/.local/lib/python3.8/site-packages/airflow/example_dags/example_task_group_decorator.py took 1.048 seconds
[2023-11-26T00:16:47.250+0000] {processor.py:157} INFO - Started process (PID=67) to work on /home/airflow/.local/lib/python3.8/site-packages/airflow/example_dags/example_task_group_decorator.py
[2023-11-26T00:16:47.254+0000] {processor.py:829} INFO - Processing file /home/airflow/.local/lib/python3.8/site-packages/airflow/example_dags/example_task_group_decorator.py for tasks to queue
[2023-11-26T00:16:47.262+0000] {logging_mixin.py:154} INFO - [2023-11-26T00:16:47.261+0000] {dagbag.py:536} INFO - Filling up the DagBag from /home/airflow/.local/lib/python3.8/site-packages/airflow/example_dags/example_task_group_decorator.py
[2023-11-26T00:16:47.294+0000] {processor.py:839} INFO - DAG(s) dict_keys(['example_task_group_decorator']) retrieved from /home/airflow/.local/lib/python3.8/site-packages/airflow/example_dags/example_task_group_decorator.py
[2023-11-26T00:16:47.358+0000] {logging_mixin.py:154} INFO - [2023-11-26T00:16:47.357+0000] {dag.py:2941} INFO - Sync 1 DAGs
[2023-11-26T00:16:47.409+0000] {logging_mixin.py:154} INFO - [2023-11-26T00:16:47.409+0000] {dag.py:3722} INFO - Setting next_dagrun for example_task_group_decorator to 2023-11-25T00:16:47.408867+00:00, run_after=2023-11-26T00:16:47.408867+00:00
[2023-11-26T00:16:47.469+0000] {processor.py:179} INFO - Processing /home/airflow/.local/lib/python3.8/site-packages/airflow/example_dags/example_task_group_decorator.py took 0.224 seconds
[2023-11-26T00:18:09.969+0000] {processor.py:157} INFO - Started process (PID=68) to work on /home/airflow/.local/lib/python3.8/site-packages/airflow/example_dags/example_task_group_decorator.py
[2023-11-26T00:18:09.978+0000] {processor.py:829} INFO - Processing file /home/airflow/.local/lib/python3.8/site-packages/airflow/example_dags/example_task_group_decorator.py for tasks to queue
[2023-11-26T00:18:09.996+0000] {logging_mixin.py:154} INFO - [2023-11-26T00:18:09.995+0000] {dagbag.py:536} INFO - Filling up the DagBag from /home/airflow/.local/lib/python3.8/site-packages/airflow/example_dags/example_task_group_decorator.py
[2023-11-26T00:18:10.132+0000] {processor.py:839} INFO - DAG(s) dict_keys(['example_task_group_decorator']) retrieved from /home/airflow/.local/lib/python3.8/site-packages/airflow/example_dags/example_task_group_decorator.py
[2023-11-26T00:18:10.399+0000] {logging_mixin.py:154} INFO - [2023-11-26T00:18:10.397+0000] {dag.py:2941} INFO - Sync 1 DAGs
[2023-11-26T00:18:10.602+0000] {logging_mixin.py:154} INFO - [2023-11-26T00:18:10.596+0000] {dag.py:3722} INFO - Setting next_dagrun for example_task_group_decorator to 2023-11-25T00:18:10.594789+00:00, run_after=2023-11-26T00:18:10.594789+00:00
[2023-11-26T00:18:10.783+0000] {processor.py:179} INFO - Processing /home/airflow/.local/lib/python3.8/site-packages/airflow/example_dags/example_task_group_decorator.py took 0.831 seconds
[2023-11-26T00:18:42.111+0000] {processor.py:157} INFO - Started process (PID=122) to work on /home/airflow/.local/lib/python3.8/site-packages/airflow/example_dags/example_task_group_decorator.py
[2023-11-26T00:18:42.233+0000] {processor.py:829} INFO - Processing file /home/airflow/.local/lib/python3.8/site-packages/airflow/example_dags/example_task_group_decorator.py for tasks to queue
[2023-11-26T00:18:42.287+0000] {logging_mixin.py:154} INFO - [2023-11-26T00:18:42.286+0000] {dagbag.py:536} INFO - Filling up the DagBag from /home/airflow/.local/lib/python3.8/site-packages/airflow/example_dags/example_task_group_decorator.py
[2023-11-26T00:18:42.396+0000] {processor.py:839} INFO - DAG(s) dict_keys(['example_task_group_decorator']) retrieved from /home/airflow/.local/lib/python3.8/site-packages/airflow/example_dags/example_task_group_decorator.py
[2023-11-26T00:18:42.547+0000] {logging_mixin.py:154} INFO - [2023-11-26T00:18:42.546+0000] {dag.py:2941} INFO - Sync 1 DAGs
[2023-11-26T00:18:42.669+0000] {logging_mixin.py:154} INFO - [2023-11-26T00:18:42.668+0000] {dag.py:3722} INFO - Setting next_dagrun for example_task_group_decorator to 2023-11-25T00:18:42.667225+00:00, run_after=2023-11-26T00:18:42.667225+00:00
[2023-11-26T00:18:42.794+0000] {processor.py:179} INFO - Processing /home/airflow/.local/lib/python3.8/site-packages/airflow/example_dags/example_task_group_decorator.py took 0.715 seconds
[2023-11-26T00:19:13.623+0000] {processor.py:157} INFO - Started process (PID=176) to work on /home/airflow/.local/lib/python3.8/site-packages/airflow/example_dags/example_task_group_decorator.py
[2023-11-26T00:19:13.628+0000] {processor.py:829} INFO - Processing file /home/airflow/.local/lib/python3.8/site-packages/airflow/example_dags/example_task_group_decorator.py for tasks to queue
[2023-11-26T00:19:13.647+0000] {logging_mixin.py:154} INFO - [2023-11-26T00:19:13.644+0000] {dagbag.py:536} INFO - Filling up the DagBag from /home/airflow/.local/lib/python3.8/site-packages/airflow/example_dags/example_task_group_decorator.py
[2023-11-26T00:19:13.756+0000] {processor.py:839} INFO - DAG(s) dict_keys(['example_task_group_decorator']) retrieved from /home/airflow/.local/lib/python3.8/site-packages/airflow/example_dags/example_task_group_decorator.py
[2023-11-26T00:19:13.827+0000] {logging_mixin.py:154} INFO - [2023-11-26T00:19:13.826+0000] {dag.py:2941} INFO - Sync 1 DAGs
[2023-11-26T00:19:13.971+0000] {logging_mixin.py:154} INFO - [2023-11-26T00:19:13.971+0000] {dag.py:3722} INFO - Setting next_dagrun for example_task_group_decorator to 2023-11-25T00:19:13.970281+00:00, run_after=2023-11-26T00:19:13.970281+00:00
[2023-11-26T00:19:14.084+0000] {processor.py:179} INFO - Processing /home/airflow/.local/lib/python3.8/site-packages/airflow/example_dags/example_task_group_decorator.py took 0.480 seconds
[2023-11-26T00:19:44.440+0000] {processor.py:157} INFO - Started process (PID=230) to work on /home/airflow/.local/lib/python3.8/site-packages/airflow/example_dags/example_task_group_decorator.py
[2023-11-26T00:19:44.452+0000] {processor.py:829} INFO - Processing file /home/airflow/.local/lib/python3.8/site-packages/airflow/example_dags/example_task_group_decorator.py for tasks to queue
[2023-11-26T00:19:44.475+0000] {logging_mixin.py:154} INFO - [2023-11-26T00:19:44.470+0000] {dagbag.py:536} INFO - Filling up the DagBag from /home/airflow/.local/lib/python3.8/site-packages/airflow/example_dags/example_task_group_decorator.py
[2023-11-26T00:19:44.585+0000] {processor.py:839} INFO - DAG(s) dict_keys(['example_task_group_decorator']) retrieved from /home/airflow/.local/lib/python3.8/site-packages/airflow/example_dags/example_task_group_decorator.py
[2023-11-26T00:19:44.716+0000] {logging_mixin.py:154} INFO - [2023-11-26T00:19:44.715+0000] {dag.py:2941} INFO - Sync 1 DAGs
[2023-11-26T00:19:44.835+0000] {logging_mixin.py:154} INFO - [2023-11-26T00:19:44.834+0000] {dag.py:3722} INFO - Setting next_dagrun for example_task_group_decorator to 2023-11-25T00:19:44.833723+00:00, run_after=2023-11-26T00:19:44.833723+00:00
[2023-11-26T00:19:44.951+0000] {processor.py:179} INFO - Processing /home/airflow/.local/lib/python3.8/site-packages/airflow/example_dags/example_task_group_decorator.py took 0.549 seconds
[2023-11-26T00:20:15.440+0000] {processor.py:157} INFO - Started process (PID=284) to work on /home/airflow/.local/lib/python3.8/site-packages/airflow/example_dags/example_task_group_decorator.py
[2023-11-26T00:20:15.443+0000] {processor.py:829} INFO - Processing file /home/airflow/.local/lib/python3.8/site-packages/airflow/example_dags/example_task_group_decorator.py for tasks to queue
[2023-11-26T00:20:15.456+0000] {logging_mixin.py:154} INFO - [2023-11-26T00:20:15.455+0000] {dagbag.py:536} INFO - Filling up the DagBag from /home/airflow/.local/lib/python3.8/site-packages/airflow/example_dags/example_task_group_decorator.py
[2023-11-26T00:20:15.546+0000] {processor.py:839} INFO - DAG(s) dict_keys(['example_task_group_decorator']) retrieved from /home/airflow/.local/lib/python3.8/site-packages/airflow/example_dags/example_task_group_decorator.py
[2023-11-26T00:20:15.668+0000] {logging_mixin.py:154} INFO - [2023-11-26T00:20:15.663+0000] {dag.py:2941} INFO - Sync 1 DAGs
[2023-11-26T00:20:15.792+0000] {logging_mixin.py:154} INFO - [2023-11-26T00:20:15.791+0000] {dag.py:3722} INFO - Setting next_dagrun for example_task_group_decorator to 2023-11-25T00:20:15.790743+00:00, run_after=2023-11-26T00:20:15.790743+00:00
[2023-11-26T00:20:15.935+0000] {processor.py:179} INFO - Processing /home/airflow/.local/lib/python3.8/site-packages/airflow/example_dags/example_task_group_decorator.py took 0.510 seconds
[2023-11-26T00:20:46.272+0000] {processor.py:157} INFO - Started process (PID=338) to work on /home/airflow/.local/lib/python3.8/site-packages/airflow/example_dags/example_task_group_decorator.py
[2023-11-26T00:20:46.279+0000] {processor.py:829} INFO - Processing file /home/airflow/.local/lib/python3.8/site-packages/airflow/example_dags/example_task_group_decorator.py for tasks to queue
[2023-11-26T00:20:46.298+0000] {logging_mixin.py:154} INFO - [2023-11-26T00:20:46.296+0000] {dagbag.py:536} INFO - Filling up the DagBag from /home/airflow/.local/lib/python3.8/site-packages/airflow/example_dags/example_task_group_decorator.py
[2023-11-26T00:20:46.394+0000] {processor.py:839} INFO - DAG(s) dict_keys(['example_task_group_decorator']) retrieved from /home/airflow/.local/lib/python3.8/site-packages/airflow/example_dags/example_task_group_decorator.py
[2023-11-26T00:20:46.556+0000] {logging_mixin.py:154} INFO - [2023-11-26T00:20:46.555+0000] {dag.py:2941} INFO - Sync 1 DAGs
[2023-11-26T00:20:46.714+0000] {logging_mixin.py:154} INFO - [2023-11-26T00:20:46.712+0000] {dag.py:3722} INFO - Setting next_dagrun for example_task_group_decorator to 2023-11-25T00:20:46.711745+00:00, run_after=2023-11-26T00:20:46.711745+00:00
[2023-11-26T00:20:46.955+0000] {processor.py:179} INFO - Processing /home/airflow/.local/lib/python3.8/site-packages/airflow/example_dags/example_task_group_decorator.py took 0.701 seconds
[2023-11-26T00:21:17.565+0000] {processor.py:157} INFO - Started process (PID=392) to work on /home/airflow/.local/lib/python3.8/site-packages/airflow/example_dags/example_task_group_decorator.py
[2023-11-26T00:21:17.571+0000] {processor.py:829} INFO - Processing file /home/airflow/.local/lib/python3.8/site-packages/airflow/example_dags/example_task_group_decorator.py for tasks to queue
[2023-11-26T00:21:17.585+0000] {logging_mixin.py:154} INFO - [2023-11-26T00:21:17.584+0000] {dagbag.py:536} INFO - Filling up the DagBag from /home/airflow/.local/lib/python3.8/site-packages/airflow/example_dags/example_task_group_decorator.py
[2023-11-26T00:21:17.642+0000] {processor.py:839} INFO - DAG(s) dict_keys(['example_task_group_decorator']) retrieved from /home/airflow/.local/lib/python3.8/site-packages/airflow/example_dags/example_task_group_decorator.py
[2023-11-26T00:21:17.774+0000] {logging_mixin.py:154} INFO - [2023-11-26T00:21:17.773+0000] {dag.py:2941} INFO - Sync 1 DAGs
[2023-11-26T00:21:17.878+0000] {logging_mixin.py:154} INFO - [2023-11-26T00:21:17.877+0000] {dag.py:3722} INFO - Setting next_dagrun for example_task_group_decorator to 2023-11-25T00:21:17.875911+00:00, run_after=2023-11-26T00:21:17.875911+00:00
[2023-11-26T00:21:17.965+0000] {processor.py:179} INFO - Processing /home/airflow/.local/lib/python3.8/site-packages/airflow/example_dags/example_task_group_decorator.py took 0.414 seconds
[2023-11-26T00:21:48.466+0000] {processor.py:157} INFO - Started process (PID=446) to work on /home/airflow/.local/lib/python3.8/site-packages/airflow/example_dags/example_task_group_decorator.py
[2023-11-26T00:21:48.470+0000] {processor.py:829} INFO - Processing file /home/airflow/.local/lib/python3.8/site-packages/airflow/example_dags/example_task_group_decorator.py for tasks to queue
[2023-11-26T00:21:48.483+0000] {logging_mixin.py:154} INFO - [2023-11-26T00:21:48.482+0000] {dagbag.py:536} INFO - Filling up the DagBag from /home/airflow/.local/lib/python3.8/site-packages/airflow/example_dags/example_task_group_decorator.py
[2023-11-26T00:21:48.593+0000] {processor.py:839} INFO - DAG(s) dict_keys(['example_task_group_decorator']) retrieved from /home/airflow/.local/lib/python3.8/site-packages/airflow/example_dags/example_task_group_decorator.py
[2023-11-26T00:21:48.768+0000] {logging_mixin.py:154} INFO - [2023-11-26T00:21:48.767+0000] {dag.py:2941} INFO - Sync 1 DAGs
[2023-11-26T00:21:48.964+0000] {logging_mixin.py:154} INFO - [2023-11-26T00:21:48.963+0000] {dag.py:3722} INFO - Setting next_dagrun for example_task_group_decorator to 2023-11-25T00:21:48.963176+00:00, run_after=2023-11-26T00:21:48.963176+00:00
[2023-11-26T00:21:49.100+0000] {processor.py:179} INFO - Processing /home/airflow/.local/lib/python3.8/site-packages/airflow/example_dags/example_task_group_decorator.py took 0.650 seconds
[2023-11-26T00:22:20.646+0000] {processor.py:157} INFO - Started process (PID=500) to work on /home/airflow/.local/lib/python3.8/site-packages/airflow/example_dags/example_task_group_decorator.py
[2023-11-26T00:22:20.657+0000] {processor.py:829} INFO - Processing file /home/airflow/.local/lib/python3.8/site-packages/airflow/example_dags/example_task_group_decorator.py for tasks to queue
[2023-11-26T00:22:20.669+0000] {logging_mixin.py:154} INFO - [2023-11-26T00:22:20.667+0000] {dagbag.py:536} INFO - Filling up the DagBag from /home/airflow/.local/lib/python3.8/site-packages/airflow/example_dags/example_task_group_decorator.py
[2023-11-26T00:22:20.802+0000] {processor.py:839} INFO - DAG(s) dict_keys(['example_task_group_decorator']) retrieved from /home/airflow/.local/lib/python3.8/site-packages/airflow/example_dags/example_task_group_decorator.py
[2023-11-26T00:22:21.083+0000] {logging_mixin.py:154} INFO - [2023-11-26T00:22:21.082+0000] {dag.py:2941} INFO - Sync 1 DAGs
[2023-11-26T00:22:21.421+0000] {logging_mixin.py:154} INFO - [2023-11-26T00:22:21.419+0000] {dag.py:3722} INFO - Setting next_dagrun for example_task_group_decorator to 2023-11-25T00:22:21.417892+00:00, run_after=2023-11-26T00:22:21.417892+00:00
[2023-11-26T00:22:21.747+0000] {processor.py:179} INFO - Processing /home/airflow/.local/lib/python3.8/site-packages/airflow/example_dags/example_task_group_decorator.py took 1.119 seconds
[2023-11-26T00:22:52.315+0000] {processor.py:157} INFO - Started process (PID=553) to work on /home/airflow/.local/lib/python3.8/site-packages/airflow/example_dags/example_task_group_decorator.py
[2023-11-26T00:22:52.318+0000] {processor.py:829} INFO - Processing file /home/airflow/.local/lib/python3.8/site-packages/airflow/example_dags/example_task_group_decorator.py for tasks to queue
[2023-11-26T00:22:52.336+0000] {logging_mixin.py:154} INFO - [2023-11-26T00:22:52.334+0000] {dagbag.py:536} INFO - Filling up the DagBag from /home/airflow/.local/lib/python3.8/site-packages/airflow/example_dags/example_task_group_decorator.py
[2023-11-26T00:22:52.406+0000] {processor.py:839} INFO - DAG(s) dict_keys(['example_task_group_decorator']) retrieved from /home/airflow/.local/lib/python3.8/site-packages/airflow/example_dags/example_task_group_decorator.py
[2023-11-26T00:22:52.530+0000] {logging_mixin.py:154} INFO - [2023-11-26T00:22:52.528+0000] {dag.py:2941} INFO - Sync 1 DAGs
[2023-11-26T00:22:52.624+0000] {logging_mixin.py:154} INFO - [2023-11-26T00:22:52.624+0000] {dag.py:3722} INFO - Setting next_dagrun for example_task_group_decorator to 2023-11-25T00:22:52.623551+00:00, run_after=2023-11-26T00:22:52.623551+00:00
[2023-11-26T00:22:52.736+0000] {processor.py:179} INFO - Processing /home/airflow/.local/lib/python3.8/site-packages/airflow/example_dags/example_task_group_decorator.py took 0.441 seconds
[2023-11-26T00:23:23.681+0000] {processor.py:157} INFO - Started process (PID=608) to work on /home/airflow/.local/lib/python3.8/site-packages/airflow/example_dags/example_task_group_decorator.py
[2023-11-26T00:23:23.684+0000] {processor.py:829} INFO - Processing file /home/airflow/.local/lib/python3.8/site-packages/airflow/example_dags/example_task_group_decorator.py for tasks to queue
[2023-11-26T00:23:23.690+0000] {logging_mixin.py:154} INFO - [2023-11-26T00:23:23.690+0000] {dagbag.py:536} INFO - Filling up the DagBag from /home/airflow/.local/lib/python3.8/site-packages/airflow/example_dags/example_task_group_decorator.py
[2023-11-26T00:23:23.720+0000] {processor.py:839} INFO - DAG(s) dict_keys(['example_task_group_decorator']) retrieved from /home/airflow/.local/lib/python3.8/site-packages/airflow/example_dags/example_task_group_decorator.py
[2023-11-26T00:23:23.756+0000] {logging_mixin.py:154} INFO - [2023-11-26T00:23:23.756+0000] {dag.py:2941} INFO - Sync 1 DAGs
[2023-11-26T00:23:23.802+0000] {logging_mixin.py:154} INFO - [2023-11-26T00:23:23.801+0000] {dag.py:3722} INFO - Setting next_dagrun for example_task_group_decorator to 2023-11-25T00:23:23.801236+00:00, run_after=2023-11-26T00:23:23.801236+00:00
[2023-11-26T00:23:23.837+0000] {processor.py:179} INFO - Processing /home/airflow/.local/lib/python3.8/site-packages/airflow/example_dags/example_task_group_decorator.py took 0.161 seconds
[2023-11-26T00:23:54.191+0000] {processor.py:157} INFO - Started process (PID=662) to work on /home/airflow/.local/lib/python3.8/site-packages/airflow/example_dags/example_task_group_decorator.py
[2023-11-26T00:23:54.193+0000] {processor.py:829} INFO - Processing file /home/airflow/.local/lib/python3.8/site-packages/airflow/example_dags/example_task_group_decorator.py for tasks to queue
[2023-11-26T00:23:54.200+0000] {logging_mixin.py:154} INFO - [2023-11-26T00:23:54.199+0000] {dagbag.py:536} INFO - Filling up the DagBag from /home/airflow/.local/lib/python3.8/site-packages/airflow/example_dags/example_task_group_decorator.py
[2023-11-26T00:23:54.239+0000] {processor.py:839} INFO - DAG(s) dict_keys(['example_task_group_decorator']) retrieved from /home/airflow/.local/lib/python3.8/site-packages/airflow/example_dags/example_task_group_decorator.py
[2023-11-26T00:23:54.303+0000] {logging_mixin.py:154} INFO - [2023-11-26T00:23:54.303+0000] {dag.py:2941} INFO - Sync 1 DAGs
[2023-11-26T00:23:54.360+0000] {logging_mixin.py:154} INFO - [2023-11-26T00:23:54.360+0000] {dag.py:3722} INFO - Setting next_dagrun for example_task_group_decorator to 2023-11-25T00:23:54.359431+00:00, run_after=2023-11-26T00:23:54.359431+00:00
[2023-11-26T00:23:54.432+0000] {processor.py:179} INFO - Processing /home/airflow/.local/lib/python3.8/site-packages/airflow/example_dags/example_task_group_decorator.py took 0.247 seconds
[2023-11-26T00:24:24.788+0000] {processor.py:157} INFO - Started process (PID=723) to work on /home/airflow/.local/lib/python3.8/site-packages/airflow/example_dags/example_task_group_decorator.py
[2023-11-26T00:24:24.790+0000] {processor.py:829} INFO - Processing file /home/airflow/.local/lib/python3.8/site-packages/airflow/example_dags/example_task_group_decorator.py for tasks to queue
[2023-11-26T00:24:24.793+0000] {logging_mixin.py:154} INFO - [2023-11-26T00:24:24.792+0000] {dagbag.py:536} INFO - Filling up the DagBag from /home/airflow/.local/lib/python3.8/site-packages/airflow/example_dags/example_task_group_decorator.py
[2023-11-26T00:24:24.811+0000] {processor.py:839} INFO - DAG(s) dict_keys(['example_task_group_decorator']) retrieved from /home/airflow/.local/lib/python3.8/site-packages/airflow/example_dags/example_task_group_decorator.py
[2023-11-26T00:24:24.834+0000] {logging_mixin.py:154} INFO - [2023-11-26T00:24:24.834+0000] {dag.py:2941} INFO - Sync 1 DAGs
[2023-11-26T00:24:24.855+0000] {logging_mixin.py:154} INFO - [2023-11-26T00:24:24.855+0000] {dag.py:3722} INFO - Setting next_dagrun for example_task_group_decorator to 2023-11-25T00:24:24.855503+00:00, run_after=2023-11-26T00:24:24.855503+00:00
[2023-11-26T00:24:24.877+0000] {processor.py:179} INFO - Processing /home/airflow/.local/lib/python3.8/site-packages/airflow/example_dags/example_task_group_decorator.py took 0.093 seconds
[2023-11-26T00:24:55.162+0000] {processor.py:157} INFO - Started process (PID=777) to work on /home/airflow/.local/lib/python3.8/site-packages/airflow/example_dags/example_task_group_decorator.py
[2023-11-26T00:24:55.171+0000] {processor.py:829} INFO - Processing file /home/airflow/.local/lib/python3.8/site-packages/airflow/example_dags/example_task_group_decorator.py for tasks to queue
[2023-11-26T00:24:55.180+0000] {logging_mixin.py:154} INFO - [2023-11-26T00:24:55.180+0000] {dagbag.py:536} INFO - Filling up the DagBag from /home/airflow/.local/lib/python3.8/site-packages/airflow/example_dags/example_task_group_decorator.py
[2023-11-26T00:24:55.222+0000] {processor.py:839} INFO - DAG(s) dict_keys(['example_task_group_decorator']) retrieved from /home/airflow/.local/lib/python3.8/site-packages/airflow/example_dags/example_task_group_decorator.py
[2023-11-26T00:24:55.277+0000] {logging_mixin.py:154} INFO - [2023-11-26T00:24:55.276+0000] {dag.py:2941} INFO - Sync 1 DAGs
[2023-11-26T00:24:55.383+0000] {logging_mixin.py:154} INFO - [2023-11-26T00:24:55.383+0000] {dag.py:3722} INFO - Setting next_dagrun for example_task_group_decorator to 2023-11-25T00:24:55.382819+00:00, run_after=2023-11-26T00:24:55.382819+00:00
[2023-11-26T00:24:55.470+0000] {processor.py:179} INFO - Processing /home/airflow/.local/lib/python3.8/site-packages/airflow/example_dags/example_task_group_decorator.py took 0.322 seconds
[2023-11-26T00:25:26.183+0000] {processor.py:157} INFO - Started process (PID=831) to work on /home/airflow/.local/lib/python3.8/site-packages/airflow/example_dags/example_task_group_decorator.py
[2023-11-26T00:25:26.187+0000] {processor.py:829} INFO - Processing file /home/airflow/.local/lib/python3.8/site-packages/airflow/example_dags/example_task_group_decorator.py for tasks to queue
[2023-11-26T00:25:26.198+0000] {logging_mixin.py:154} INFO - [2023-11-26T00:25:26.197+0000] {dagbag.py:536} INFO - Filling up the DagBag from /home/airflow/.local/lib/python3.8/site-packages/airflow/example_dags/example_task_group_decorator.py
[2023-11-26T00:25:26.223+0000] {processor.py:839} INFO - DAG(s) dict_keys(['example_task_group_decorator']) retrieved from /home/airflow/.local/lib/python3.8/site-packages/airflow/example_dags/example_task_group_decorator.py
[2023-11-26T00:25:26.275+0000] {logging_mixin.py:154} INFO - [2023-11-26T00:25:26.275+0000] {dag.py:2941} INFO - Sync 1 DAGs
[2023-11-26T00:25:26.310+0000] {logging_mixin.py:154} INFO - [2023-11-26T00:25:26.309+0000] {dag.py:3722} INFO - Setting next_dagrun for example_task_group_decorator to 2023-11-25T00:25:26.308404+00:00, run_after=2023-11-26T00:25:26.308404+00:00
[2023-11-26T00:25:26.369+0000] {processor.py:179} INFO - Processing /home/airflow/.local/lib/python3.8/site-packages/airflow/example_dags/example_task_group_decorator.py took 0.190 seconds
[2023-11-26T00:25:57.234+0000] {processor.py:157} INFO - Started process (PID=885) to work on /home/airflow/.local/lib/python3.8/site-packages/airflow/example_dags/example_task_group_decorator.py
[2023-11-26T00:25:57.237+0000] {processor.py:829} INFO - Processing file /home/airflow/.local/lib/python3.8/site-packages/airflow/example_dags/example_task_group_decorator.py for tasks to queue
[2023-11-26T00:25:57.242+0000] {logging_mixin.py:154} INFO - [2023-11-26T00:25:57.241+0000] {dagbag.py:536} INFO - Filling up the DagBag from /home/airflow/.local/lib/python3.8/site-packages/airflow/example_dags/example_task_group_decorator.py
[2023-11-26T00:25:57.269+0000] {processor.py:839} INFO - DAG(s) dict_keys(['example_task_group_decorator']) retrieved from /home/airflow/.local/lib/python3.8/site-packages/airflow/example_dags/example_task_group_decorator.py
[2023-11-26T00:25:57.361+0000] {logging_mixin.py:154} INFO - [2023-11-26T00:25:57.359+0000] {dag.py:2941} INFO - Sync 1 DAGs
[2023-11-26T00:25:57.407+0000] {logging_mixin.py:154} INFO - [2023-11-26T00:25:57.406+0000] {dag.py:3722} INFO - Setting next_dagrun for example_task_group_decorator to 2023-11-25T00:25:57.406440+00:00, run_after=2023-11-26T00:25:57.406440+00:00
[2023-11-26T00:25:57.484+0000] {processor.py:179} INFO - Processing /home/airflow/.local/lib/python3.8/site-packages/airflow/example_dags/example_task_group_decorator.py took 0.255 seconds
[2023-11-26T00:26:27.619+0000] {processor.py:157} INFO - Started process (PID=937) to work on /home/airflow/.local/lib/python3.8/site-packages/airflow/example_dags/example_task_group_decorator.py
[2023-11-26T00:26:27.621+0000] {processor.py:829} INFO - Processing file /home/airflow/.local/lib/python3.8/site-packages/airflow/example_dags/example_task_group_decorator.py for tasks to queue
[2023-11-26T00:26:27.626+0000] {logging_mixin.py:154} INFO - [2023-11-26T00:26:27.625+0000] {dagbag.py:536} INFO - Filling up the DagBag from /home/airflow/.local/lib/python3.8/site-packages/airflow/example_dags/example_task_group_decorator.py
[2023-11-26T00:26:27.649+0000] {processor.py:839} INFO - DAG(s) dict_keys(['example_task_group_decorator']) retrieved from /home/airflow/.local/lib/python3.8/site-packages/airflow/example_dags/example_task_group_decorator.py
[2023-11-26T00:26:27.710+0000] {logging_mixin.py:154} INFO - [2023-11-26T00:26:27.709+0000] {dag.py:2941} INFO - Sync 1 DAGs
[2023-11-26T00:26:27.753+0000] {logging_mixin.py:154} INFO - [2023-11-26T00:26:27.753+0000] {dag.py:3722} INFO - Setting next_dagrun for example_task_group_decorator to 2023-11-25T00:26:27.752556+00:00, run_after=2023-11-26T00:26:27.752556+00:00
[2023-11-26T00:26:27.795+0000] {processor.py:179} INFO - Processing /home/airflow/.local/lib/python3.8/site-packages/airflow/example_dags/example_task_group_decorator.py took 0.182 seconds
[2023-11-26T00:26:58.580+0000] {processor.py:157} INFO - Started process (PID=991) to work on /home/airflow/.local/lib/python3.8/site-packages/airflow/example_dags/example_task_group_decorator.py
[2023-11-26T00:26:58.582+0000] {processor.py:829} INFO - Processing file /home/airflow/.local/lib/python3.8/site-packages/airflow/example_dags/example_task_group_decorator.py for tasks to queue
[2023-11-26T00:26:58.586+0000] {logging_mixin.py:154} INFO - [2023-11-26T00:26:58.586+0000] {dagbag.py:536} INFO - Filling up the DagBag from /home/airflow/.local/lib/python3.8/site-packages/airflow/example_dags/example_task_group_decorator.py
[2023-11-26T00:26:58.607+0000] {processor.py:839} INFO - DAG(s) dict_keys(['example_task_group_decorator']) retrieved from /home/airflow/.local/lib/python3.8/site-packages/airflow/example_dags/example_task_group_decorator.py
[2023-11-26T00:26:58.649+0000] {logging_mixin.py:154} INFO - [2023-11-26T00:26:58.649+0000] {dag.py:2941} INFO - Sync 1 DAGs
[2023-11-26T00:26:58.685+0000] {logging_mixin.py:154} INFO - [2023-11-26T00:26:58.685+0000] {dag.py:3722} INFO - Setting next_dagrun for example_task_group_decorator to 2023-11-25T00:26:58.685065+00:00, run_after=2023-11-26T00:26:58.685065+00:00
[2023-11-26T00:26:58.722+0000] {processor.py:179} INFO - Processing /home/airflow/.local/lib/python3.8/site-packages/airflow/example_dags/example_task_group_decorator.py took 0.148 seconds
[2023-11-26T00:27:29.388+0000] {processor.py:157} INFO - Started process (PID=1045) to work on /home/airflow/.local/lib/python3.8/site-packages/airflow/example_dags/example_task_group_decorator.py
[2023-11-26T00:27:29.391+0000] {processor.py:829} INFO - Processing file /home/airflow/.local/lib/python3.8/site-packages/airflow/example_dags/example_task_group_decorator.py for tasks to queue
[2023-11-26T00:27:29.397+0000] {logging_mixin.py:154} INFO - [2023-11-26T00:27:29.397+0000] {dagbag.py:536} INFO - Filling up the DagBag from /home/airflow/.local/lib/python3.8/site-packages/airflow/example_dags/example_task_group_decorator.py
[2023-11-26T00:27:29.417+0000] {processor.py:839} INFO - DAG(s) dict_keys(['example_task_group_decorator']) retrieved from /home/airflow/.local/lib/python3.8/site-packages/airflow/example_dags/example_task_group_decorator.py
[2023-11-26T00:27:29.455+0000] {logging_mixin.py:154} INFO - [2023-11-26T00:27:29.454+0000] {dag.py:2941} INFO - Sync 1 DAGs
[2023-11-26T00:27:29.486+0000] {logging_mixin.py:154} INFO - [2023-11-26T00:27:29.485+0000] {dag.py:3722} INFO - Setting next_dagrun for example_task_group_decorator to 2023-11-25T00:27:29.485604+00:00, run_after=2023-11-26T00:27:29.485604+00:00
[2023-11-26T00:27:29.517+0000] {processor.py:179} INFO - Processing /home/airflow/.local/lib/python3.8/site-packages/airflow/example_dags/example_task_group_decorator.py took 0.137 seconds
[2023-11-26T00:28:00.177+0000] {processor.py:157} INFO - Started process (PID=1099) to work on /home/airflow/.local/lib/python3.8/site-packages/airflow/example_dags/example_task_group_decorator.py
[2023-11-26T00:28:00.180+0000] {processor.py:829} INFO - Processing file /home/airflow/.local/lib/python3.8/site-packages/airflow/example_dags/example_task_group_decorator.py for tasks to queue
[2023-11-26T00:28:00.188+0000] {logging_mixin.py:154} INFO - [2023-11-26T00:28:00.185+0000] {dagbag.py:536} INFO - Filling up the DagBag from /home/airflow/.local/lib/python3.8/site-packages/airflow/example_dags/example_task_group_decorator.py
[2023-11-26T00:28:00.212+0000] {processor.py:839} INFO - DAG(s) dict_keys(['example_task_group_decorator']) retrieved from /home/airflow/.local/lib/python3.8/site-packages/airflow/example_dags/example_task_group_decorator.py
[2023-11-26T00:28:00.248+0000] {logging_mixin.py:154} INFO - [2023-11-26T00:28:00.247+0000] {dag.py:2941} INFO - Sync 1 DAGs
[2023-11-26T00:28:00.275+0000] {logging_mixin.py:154} INFO - [2023-11-26T00:28:00.275+0000] {dag.py:3722} INFO - Setting next_dagrun for example_task_group_decorator to 2023-11-25T00:28:00.275434+00:00, run_after=2023-11-26T00:28:00.275434+00:00
[2023-11-26T00:28:00.304+0000] {processor.py:179} INFO - Processing /home/airflow/.local/lib/python3.8/site-packages/airflow/example_dags/example_task_group_decorator.py took 0.133 seconds
[2023-11-26T00:28:30.538+0000] {processor.py:157} INFO - Started process (PID=1152) to work on /home/airflow/.local/lib/python3.8/site-packages/airflow/example_dags/example_task_group_decorator.py
[2023-11-26T00:28:30.540+0000] {processor.py:829} INFO - Processing file /home/airflow/.local/lib/python3.8/site-packages/airflow/example_dags/example_task_group_decorator.py for tasks to queue
[2023-11-26T00:28:30.545+0000] {logging_mixin.py:154} INFO - [2023-11-26T00:28:30.545+0000] {dagbag.py:536} INFO - Filling up the DagBag from /home/airflow/.local/lib/python3.8/site-packages/airflow/example_dags/example_task_group_decorator.py
[2023-11-26T00:28:30.570+0000] {processor.py:839} INFO - DAG(s) dict_keys(['example_task_group_decorator']) retrieved from /home/airflow/.local/lib/python3.8/site-packages/airflow/example_dags/example_task_group_decorator.py
[2023-11-26T00:28:30.608+0000] {logging_mixin.py:154} INFO - [2023-11-26T00:28:30.607+0000] {dag.py:2941} INFO - Sync 1 DAGs
[2023-11-26T00:28:30.639+0000] {logging_mixin.py:154} INFO - [2023-11-26T00:28:30.638+0000] {dag.py:3722} INFO - Setting next_dagrun for example_task_group_decorator to 2023-11-25T00:28:30.638651+00:00, run_after=2023-11-26T00:28:30.638651+00:00
[2023-11-26T00:28:30.667+0000] {processor.py:179} INFO - Processing /home/airflow/.local/lib/python3.8/site-packages/airflow/example_dags/example_task_group_decorator.py took 0.139 seconds
[2023-11-26T00:29:01.456+0000] {processor.py:157} INFO - Started process (PID=1206) to work on /home/airflow/.local/lib/python3.8/site-packages/airflow/example_dags/example_task_group_decorator.py
[2023-11-26T00:29:01.460+0000] {processor.py:829} INFO - Processing file /home/airflow/.local/lib/python3.8/site-packages/airflow/example_dags/example_task_group_decorator.py for tasks to queue
[2023-11-26T00:29:01.467+0000] {logging_mixin.py:154} INFO - [2023-11-26T00:29:01.466+0000] {dagbag.py:536} INFO - Filling up the DagBag from /home/airflow/.local/lib/python3.8/site-packages/airflow/example_dags/example_task_group_decorator.py
[2023-11-26T00:29:01.501+0000] {processor.py:839} INFO - DAG(s) dict_keys(['example_task_group_decorator']) retrieved from /home/airflow/.local/lib/python3.8/site-packages/airflow/example_dags/example_task_group_decorator.py
[2023-11-26T00:29:01.547+0000] {logging_mixin.py:154} INFO - [2023-11-26T00:29:01.546+0000] {dag.py:2941} INFO - Sync 1 DAGs
[2023-11-26T00:29:01.573+0000] {logging_mixin.py:154} INFO - [2023-11-26T00:29:01.573+0000] {dag.py:3722} INFO - Setting next_dagrun for example_task_group_decorator to 2023-11-25T00:29:01.573493+00:00, run_after=2023-11-26T00:29:01.573493+00:00
[2023-11-26T00:29:01.608+0000] {processor.py:179} INFO - Processing /home/airflow/.local/lib/python3.8/site-packages/airflow/example_dags/example_task_group_decorator.py took 0.162 seconds
[2023-11-26T00:29:31.726+0000] {processor.py:157} INFO - Started process (PID=1260) to work on /home/airflow/.local/lib/python3.8/site-packages/airflow/example_dags/example_task_group_decorator.py
[2023-11-26T00:29:31.732+0000] {processor.py:829} INFO - Processing file /home/airflow/.local/lib/python3.8/site-packages/airflow/example_dags/example_task_group_decorator.py for tasks to queue
[2023-11-26T00:29:31.744+0000] {logging_mixin.py:154} INFO - [2023-11-26T00:29:31.742+0000] {dagbag.py:536} INFO - Filling up the DagBag from /home/airflow/.local/lib/python3.8/site-packages/airflow/example_dags/example_task_group_decorator.py
[2023-11-26T00:29:31.783+0000] {processor.py:839} INFO - DAG(s) dict_keys(['example_task_group_decorator']) retrieved from /home/airflow/.local/lib/python3.8/site-packages/airflow/example_dags/example_task_group_decorator.py
[2023-11-26T00:29:31.874+0000] {logging_mixin.py:154} INFO - [2023-11-26T00:29:31.873+0000] {dag.py:2941} INFO - Sync 1 DAGs
[2023-11-26T00:29:31.916+0000] {logging_mixin.py:154} INFO - [2023-11-26T00:29:31.915+0000] {dag.py:3722} INFO - Setting next_dagrun for example_task_group_decorator to 2023-11-25T00:29:31.915418+00:00, run_after=2023-11-26T00:29:31.915418+00:00
[2023-11-26T00:29:31.993+0000] {processor.py:179} INFO - Processing /home/airflow/.local/lib/python3.8/site-packages/airflow/example_dags/example_task_group_decorator.py took 0.284 seconds
[2023-11-26T00:30:02.702+0000] {processor.py:157} INFO - Started process (PID=1314) to work on /home/airflow/.local/lib/python3.8/site-packages/airflow/example_dags/example_task_group_decorator.py
[2023-11-26T00:30:02.704+0000] {processor.py:829} INFO - Processing file /home/airflow/.local/lib/python3.8/site-packages/airflow/example_dags/example_task_group_decorator.py for tasks to queue
[2023-11-26T00:30:02.708+0000] {logging_mixin.py:154} INFO - [2023-11-26T00:30:02.707+0000] {dagbag.py:536} INFO - Filling up the DagBag from /home/airflow/.local/lib/python3.8/site-packages/airflow/example_dags/example_task_group_decorator.py
[2023-11-26T00:30:02.727+0000] {processor.py:839} INFO - DAG(s) dict_keys(['example_task_group_decorator']) retrieved from /home/airflow/.local/lib/python3.8/site-packages/airflow/example_dags/example_task_group_decorator.py
[2023-11-26T00:30:02.768+0000] {logging_mixin.py:154} INFO - [2023-11-26T00:30:02.767+0000] {dag.py:2941} INFO - Sync 1 DAGs
[2023-11-26T00:30:02.810+0000] {logging_mixin.py:154} INFO - [2023-11-26T00:30:02.809+0000] {dag.py:3722} INFO - Setting next_dagrun for example_task_group_decorator to 2023-11-25T00:30:02.809574+00:00, run_after=2023-11-26T00:30:02.809574+00:00
[2023-11-26T00:30:02.845+0000] {processor.py:179} INFO - Processing /home/airflow/.local/lib/python3.8/site-packages/airflow/example_dags/example_task_group_decorator.py took 0.147 seconds
[2023-11-26T00:30:32.940+0000] {processor.py:157} INFO - Started process (PID=1368) to work on /home/airflow/.local/lib/python3.8/site-packages/airflow/example_dags/example_task_group_decorator.py
[2023-11-26T00:30:32.941+0000] {processor.py:829} INFO - Processing file /home/airflow/.local/lib/python3.8/site-packages/airflow/example_dags/example_task_group_decorator.py for tasks to queue
[2023-11-26T00:30:32.945+0000] {logging_mixin.py:154} INFO - [2023-11-26T00:30:32.944+0000] {dagbag.py:536} INFO - Filling up the DagBag from /home/airflow/.local/lib/python3.8/site-packages/airflow/example_dags/example_task_group_decorator.py
[2023-11-26T00:30:32.957+0000] {processor.py:839} INFO - DAG(s) dict_keys(['example_task_group_decorator']) retrieved from /home/airflow/.local/lib/python3.8/site-packages/airflow/example_dags/example_task_group_decorator.py
[2023-11-26T00:30:32.983+0000] {logging_mixin.py:154} INFO - [2023-11-26T00:30:32.982+0000] {dag.py:2941} INFO - Sync 1 DAGs
[2023-11-26T00:30:33.002+0000] {logging_mixin.py:154} INFO - [2023-11-26T00:30:33.002+0000] {dag.py:3722} INFO - Setting next_dagrun for example_task_group_decorator to 2023-11-25T00:30:33.002014+00:00, run_after=2023-11-26T00:30:33.002014+00:00
[2023-11-26T00:30:33.026+0000] {processor.py:179} INFO - Processing /home/airflow/.local/lib/python3.8/site-packages/airflow/example_dags/example_task_group_decorator.py took 0.092 seconds
[2023-11-26T00:31:03.518+0000] {processor.py:157} INFO - Started process (PID=1422) to work on /home/airflow/.local/lib/python3.8/site-packages/airflow/example_dags/example_task_group_decorator.py
[2023-11-26T00:31:03.520+0000] {processor.py:829} INFO - Processing file /home/airflow/.local/lib/python3.8/site-packages/airflow/example_dags/example_task_group_decorator.py for tasks to queue
[2023-11-26T00:31:03.524+0000] {logging_mixin.py:154} INFO - [2023-11-26T00:31:03.524+0000] {dagbag.py:536} INFO - Filling up the DagBag from /home/airflow/.local/lib/python3.8/site-packages/airflow/example_dags/example_task_group_decorator.py
[2023-11-26T00:31:03.552+0000] {processor.py:839} INFO - DAG(s) dict_keys(['example_task_group_decorator']) retrieved from /home/airflow/.local/lib/python3.8/site-packages/airflow/example_dags/example_task_group_decorator.py
[2023-11-26T00:31:03.602+0000] {logging_mixin.py:154} INFO - [2023-11-26T00:31:03.602+0000] {dag.py:2941} INFO - Sync 1 DAGs
[2023-11-26T00:31:03.685+0000] {logging_mixin.py:154} INFO - [2023-11-26T00:31:03.685+0000] {dag.py:3722} INFO - Setting next_dagrun for example_task_group_decorator to 2023-11-25T00:31:03.685118+00:00, run_after=2023-11-26T00:31:03.685118+00:00
[2023-11-26T00:31:03.729+0000] {processor.py:179} INFO - Processing /home/airflow/.local/lib/python3.8/site-packages/airflow/example_dags/example_task_group_decorator.py took 0.217 seconds
[2023-11-26T00:31:33.940+0000] {processor.py:157} INFO - Started process (PID=1476) to work on /home/airflow/.local/lib/python3.8/site-packages/airflow/example_dags/example_task_group_decorator.py
[2023-11-26T00:31:33.942+0000] {processor.py:829} INFO - Processing file /home/airflow/.local/lib/python3.8/site-packages/airflow/example_dags/example_task_group_decorator.py for tasks to queue
[2023-11-26T00:31:33.946+0000] {logging_mixin.py:154} INFO - [2023-11-26T00:31:33.946+0000] {dagbag.py:536} INFO - Filling up the DagBag from /home/airflow/.local/lib/python3.8/site-packages/airflow/example_dags/example_task_group_decorator.py
[2023-11-26T00:31:33.967+0000] {processor.py:839} INFO - DAG(s) dict_keys(['example_task_group_decorator']) retrieved from /home/airflow/.local/lib/python3.8/site-packages/airflow/example_dags/example_task_group_decorator.py
[2023-11-26T00:31:34.021+0000] {logging_mixin.py:154} INFO - [2023-11-26T00:31:34.021+0000] {dag.py:2941} INFO - Sync 1 DAGs
[2023-11-26T00:31:34.057+0000] {logging_mixin.py:154} INFO - [2023-11-26T00:31:34.057+0000] {dag.py:3722} INFO - Setting next_dagrun for example_task_group_decorator to 2023-11-25T00:31:34.056590+00:00, run_after=2023-11-26T00:31:34.056590+00:00
[2023-11-26T00:31:34.092+0000] {processor.py:179} INFO - Processing /home/airflow/.local/lib/python3.8/site-packages/airflow/example_dags/example_task_group_decorator.py took 0.155 seconds
[2023-11-26T00:32:04.522+0000] {processor.py:157} INFO - Started process (PID=1530) to work on /home/airflow/.local/lib/python3.8/site-packages/airflow/example_dags/example_task_group_decorator.py
[2023-11-26T00:32:04.524+0000] {processor.py:829} INFO - Processing file /home/airflow/.local/lib/python3.8/site-packages/airflow/example_dags/example_task_group_decorator.py for tasks to queue
[2023-11-26T00:32:04.530+0000] {logging_mixin.py:154} INFO - [2023-11-26T00:32:04.528+0000] {dagbag.py:536} INFO - Filling up the DagBag from /home/airflow/.local/lib/python3.8/site-packages/airflow/example_dags/example_task_group_decorator.py
[2023-11-26T00:32:04.556+0000] {processor.py:839} INFO - DAG(s) dict_keys(['example_task_group_decorator']) retrieved from /home/airflow/.local/lib/python3.8/site-packages/airflow/example_dags/example_task_group_decorator.py
[2023-11-26T00:32:04.602+0000] {logging_mixin.py:154} INFO - [2023-11-26T00:32:04.602+0000] {dag.py:2941} INFO - Sync 1 DAGs
[2023-11-26T00:32:04.643+0000] {logging_mixin.py:154} INFO - [2023-11-26T00:32:04.642+0000] {dag.py:3722} INFO - Setting next_dagrun for example_task_group_decorator to 2023-11-25T00:32:04.642132+00:00, run_after=2023-11-26T00:32:04.642132+00:00
[2023-11-26T00:32:04.678+0000] {processor.py:179} INFO - Processing /home/airflow/.local/lib/python3.8/site-packages/airflow/example_dags/example_task_group_decorator.py took 0.161 seconds
[2023-11-26T00:32:34.731+0000] {processor.py:157} INFO - Started process (PID=1584) to work on /home/airflow/.local/lib/python3.8/site-packages/airflow/example_dags/example_task_group_decorator.py
[2023-11-26T00:32:34.733+0000] {processor.py:829} INFO - Processing file /home/airflow/.local/lib/python3.8/site-packages/airflow/example_dags/example_task_group_decorator.py for tasks to queue
[2023-11-26T00:32:34.735+0000] {logging_mixin.py:154} INFO - [2023-11-26T00:32:34.734+0000] {dagbag.py:536} INFO - Filling up the DagBag from /home/airflow/.local/lib/python3.8/site-packages/airflow/example_dags/example_task_group_decorator.py
[2023-11-26T00:32:34.745+0000] {processor.py:839} INFO - DAG(s) dict_keys(['example_task_group_decorator']) retrieved from /home/airflow/.local/lib/python3.8/site-packages/airflow/example_dags/example_task_group_decorator.py
[2023-11-26T00:32:34.766+0000] {logging_mixin.py:154} INFO - [2023-11-26T00:32:34.766+0000] {dag.py:2941} INFO - Sync 1 DAGs
[2023-11-26T00:32:34.785+0000] {logging_mixin.py:154} INFO - [2023-11-26T00:32:34.785+0000] {dag.py:3722} INFO - Setting next_dagrun for example_task_group_decorator to 2023-11-25T00:32:34.784897+00:00, run_after=2023-11-26T00:32:34.784897+00:00
[2023-11-26T00:32:34.806+0000] {processor.py:179} INFO - Processing /home/airflow/.local/lib/python3.8/site-packages/airflow/example_dags/example_task_group_decorator.py took 0.079 seconds
[2023-11-26T00:33:05.112+0000] {processor.py:157} INFO - Started process (PID=1638) to work on /home/airflow/.local/lib/python3.8/site-packages/airflow/example_dags/example_task_group_decorator.py
[2023-11-26T00:33:05.113+0000] {processor.py:829} INFO - Processing file /home/airflow/.local/lib/python3.8/site-packages/airflow/example_dags/example_task_group_decorator.py for tasks to queue
[2023-11-26T00:33:05.116+0000] {logging_mixin.py:154} INFO - [2023-11-26T00:33:05.115+0000] {dagbag.py:536} INFO - Filling up the DagBag from /home/airflow/.local/lib/python3.8/site-packages/airflow/example_dags/example_task_group_decorator.py
[2023-11-26T00:33:05.127+0000] {processor.py:839} INFO - DAG(s) dict_keys(['example_task_group_decorator']) retrieved from /home/airflow/.local/lib/python3.8/site-packages/airflow/example_dags/example_task_group_decorator.py
[2023-11-26T00:33:05.149+0000] {logging_mixin.py:154} INFO - [2023-11-26T00:33:05.148+0000] {dag.py:2941} INFO - Sync 1 DAGs
[2023-11-26T00:33:05.167+0000] {logging_mixin.py:154} INFO - [2023-11-26T00:33:05.167+0000] {dag.py:3722} INFO - Setting next_dagrun for example_task_group_decorator to 2023-11-25T00:33:05.167305+00:00, run_after=2023-11-26T00:33:05.167305+00:00
[2023-11-26T00:33:05.189+0000] {processor.py:179} INFO - Processing /home/airflow/.local/lib/python3.8/site-packages/airflow/example_dags/example_task_group_decorator.py took 0.079 seconds
[2023-11-26T00:33:35.429+0000] {processor.py:157} INFO - Started process (PID=1692) to work on /home/airflow/.local/lib/python3.8/site-packages/airflow/example_dags/example_task_group_decorator.py
[2023-11-26T00:33:35.431+0000] {processor.py:829} INFO - Processing file /home/airflow/.local/lib/python3.8/site-packages/airflow/example_dags/example_task_group_decorator.py for tasks to queue
[2023-11-26T00:33:35.436+0000] {logging_mixin.py:154} INFO - [2023-11-26T00:33:35.436+0000] {dagbag.py:536} INFO - Filling up the DagBag from /home/airflow/.local/lib/python3.8/site-packages/airflow/example_dags/example_task_group_decorator.py
[2023-11-26T00:33:35.470+0000] {processor.py:839} INFO - DAG(s) dict_keys(['example_task_group_decorator']) retrieved from /home/airflow/.local/lib/python3.8/site-packages/airflow/example_dags/example_task_group_decorator.py
[2023-11-26T00:33:35.547+0000] {logging_mixin.py:154} INFO - [2023-11-26T00:33:35.546+0000] {dag.py:2941} INFO - Sync 1 DAGs
[2023-11-26T00:33:35.589+0000] {logging_mixin.py:154} INFO - [2023-11-26T00:33:35.589+0000] {dag.py:3722} INFO - Setting next_dagrun for example_task_group_decorator to 2023-11-25T00:33:35.589159+00:00, run_after=2023-11-26T00:33:35.589159+00:00
[2023-11-26T00:33:35.660+0000] {processor.py:179} INFO - Processing /home/airflow/.local/lib/python3.8/site-packages/airflow/example_dags/example_task_group_decorator.py took 0.237 seconds
[2023-11-26T00:34:06.519+0000] {processor.py:157} INFO - Started process (PID=1746) to work on /home/airflow/.local/lib/python3.8/site-packages/airflow/example_dags/example_task_group_decorator.py
[2023-11-26T00:34:06.520+0000] {processor.py:829} INFO - Processing file /home/airflow/.local/lib/python3.8/site-packages/airflow/example_dags/example_task_group_decorator.py for tasks to queue
[2023-11-26T00:34:06.522+0000] {logging_mixin.py:154} INFO - [2023-11-26T00:34:06.522+0000] {dagbag.py:536} INFO - Filling up the DagBag from /home/airflow/.local/lib/python3.8/site-packages/airflow/example_dags/example_task_group_decorator.py
[2023-11-26T00:34:06.533+0000] {processor.py:839} INFO - DAG(s) dict_keys(['example_task_group_decorator']) retrieved from /home/airflow/.local/lib/python3.8/site-packages/airflow/example_dags/example_task_group_decorator.py
[2023-11-26T00:34:06.555+0000] {logging_mixin.py:154} INFO - [2023-11-26T00:34:06.555+0000] {dag.py:2941} INFO - Sync 1 DAGs
[2023-11-26T00:34:06.574+0000] {logging_mixin.py:154} INFO - [2023-11-26T00:34:06.574+0000] {dag.py:3722} INFO - Setting next_dagrun for example_task_group_decorator to 2023-11-25T00:34:06.574015+00:00, run_after=2023-11-26T00:34:06.574015+00:00
[2023-11-26T00:34:06.598+0000] {processor.py:179} INFO - Processing /home/airflow/.local/lib/python3.8/site-packages/airflow/example_dags/example_task_group_decorator.py took 0.082 seconds
[2023-11-26T00:34:36.908+0000] {processor.py:157} INFO - Started process (PID=1800) to work on /home/airflow/.local/lib/python3.8/site-packages/airflow/example_dags/example_task_group_decorator.py
[2023-11-26T00:34:36.910+0000] {processor.py:829} INFO - Processing file /home/airflow/.local/lib/python3.8/site-packages/airflow/example_dags/example_task_group_decorator.py for tasks to queue
[2023-11-26T00:34:36.913+0000] {logging_mixin.py:154} INFO - [2023-11-26T00:34:36.913+0000] {dagbag.py:536} INFO - Filling up the DagBag from /home/airflow/.local/lib/python3.8/site-packages/airflow/example_dags/example_task_group_decorator.py
[2023-11-26T00:34:36.926+0000] {processor.py:839} INFO - DAG(s) dict_keys(['example_task_group_decorator']) retrieved from /home/airflow/.local/lib/python3.8/site-packages/airflow/example_dags/example_task_group_decorator.py
[2023-11-26T00:34:36.948+0000] {logging_mixin.py:154} INFO - [2023-11-26T00:34:36.948+0000] {dag.py:2941} INFO - Sync 1 DAGs
[2023-11-26T00:34:36.966+0000] {logging_mixin.py:154} INFO - [2023-11-26T00:34:36.966+0000] {dag.py:3722} INFO - Setting next_dagrun for example_task_group_decorator to 2023-11-25T00:34:36.966017+00:00, run_after=2023-11-26T00:34:36.966017+00:00
[2023-11-26T00:34:36.987+0000] {processor.py:179} INFO - Processing /home/airflow/.local/lib/python3.8/site-packages/airflow/example_dags/example_task_group_decorator.py took 0.083 seconds
[2023-11-26T00:35:07.301+0000] {processor.py:157} INFO - Started process (PID=1854) to work on /home/airflow/.local/lib/python3.8/site-packages/airflow/example_dags/example_task_group_decorator.py
[2023-11-26T00:35:07.302+0000] {processor.py:829} INFO - Processing file /home/airflow/.local/lib/python3.8/site-packages/airflow/example_dags/example_task_group_decorator.py for tasks to queue
[2023-11-26T00:35:07.305+0000] {logging_mixin.py:154} INFO - [2023-11-26T00:35:07.305+0000] {dagbag.py:536} INFO - Filling up the DagBag from /home/airflow/.local/lib/python3.8/site-packages/airflow/example_dags/example_task_group_decorator.py
[2023-11-26T00:35:07.316+0000] {processor.py:839} INFO - DAG(s) dict_keys(['example_task_group_decorator']) retrieved from /home/airflow/.local/lib/python3.8/site-packages/airflow/example_dags/example_task_group_decorator.py
[2023-11-26T00:35:07.341+0000] {logging_mixin.py:154} INFO - [2023-11-26T00:35:07.340+0000] {dag.py:2941} INFO - Sync 1 DAGs
[2023-11-26T00:35:07.363+0000] {logging_mixin.py:154} INFO - [2023-11-26T00:35:07.362+0000] {dag.py:3722} INFO - Setting next_dagrun for example_task_group_decorator to 2023-11-25T00:35:07.362713+00:00, run_after=2023-11-26T00:35:07.362713+00:00
[2023-11-26T00:35:07.388+0000] {processor.py:179} INFO - Processing /home/airflow/.local/lib/python3.8/site-packages/airflow/example_dags/example_task_group_decorator.py took 0.090 seconds
[2023-11-26T00:35:37.683+0000] {processor.py:157} INFO - Started process (PID=1908) to work on /home/airflow/.local/lib/python3.8/site-packages/airflow/example_dags/example_task_group_decorator.py
[2023-11-26T00:35:37.685+0000] {processor.py:829} INFO - Processing file /home/airflow/.local/lib/python3.8/site-packages/airflow/example_dags/example_task_group_decorator.py for tasks to queue
[2023-11-26T00:35:37.687+0000] {logging_mixin.py:154} INFO - [2023-11-26T00:35:37.686+0000] {dagbag.py:536} INFO - Filling up the DagBag from /home/airflow/.local/lib/python3.8/site-packages/airflow/example_dags/example_task_group_decorator.py
[2023-11-26T00:35:37.697+0000] {processor.py:839} INFO - DAG(s) dict_keys(['example_task_group_decorator']) retrieved from /home/airflow/.local/lib/python3.8/site-packages/airflow/example_dags/example_task_group_decorator.py
[2023-11-26T00:35:37.718+0000] {logging_mixin.py:154} INFO - [2023-11-26T00:35:37.717+0000] {dag.py:2941} INFO - Sync 1 DAGs
[2023-11-26T00:35:37.737+0000] {logging_mixin.py:154} INFO - [2023-11-26T00:35:37.737+0000] {dag.py:3722} INFO - Setting next_dagrun for example_task_group_decorator to 2023-11-25T00:35:37.737175+00:00, run_after=2023-11-26T00:35:37.737175+00:00
[2023-11-26T00:35:37.759+0000] {processor.py:179} INFO - Processing /home/airflow/.local/lib/python3.8/site-packages/airflow/example_dags/example_task_group_decorator.py took 0.079 seconds
[2023-11-26T00:36:08.030+0000] {processor.py:157} INFO - Started process (PID=1962) to work on /home/airflow/.local/lib/python3.8/site-packages/airflow/example_dags/example_task_group_decorator.py
[2023-11-26T00:36:08.032+0000] {processor.py:829} INFO - Processing file /home/airflow/.local/lib/python3.8/site-packages/airflow/example_dags/example_task_group_decorator.py for tasks to queue
[2023-11-26T00:36:08.034+0000] {logging_mixin.py:154} INFO - [2023-11-26T00:36:08.034+0000] {dagbag.py:536} INFO - Filling up the DagBag from /home/airflow/.local/lib/python3.8/site-packages/airflow/example_dags/example_task_group_decorator.py
[2023-11-26T00:36:08.045+0000] {processor.py:839} INFO - DAG(s) dict_keys(['example_task_group_decorator']) retrieved from /home/airflow/.local/lib/python3.8/site-packages/airflow/example_dags/example_task_group_decorator.py
[2023-11-26T00:36:08.067+0000] {logging_mixin.py:154} INFO - [2023-11-26T00:36:08.067+0000] {dag.py:2941} INFO - Sync 1 DAGs
[2023-11-26T00:36:08.087+0000] {logging_mixin.py:154} INFO - [2023-11-26T00:36:08.087+0000] {dag.py:3722} INFO - Setting next_dagrun for example_task_group_decorator to 2023-11-25T00:36:08.086782+00:00, run_after=2023-11-26T00:36:08.086782+00:00
[2023-11-26T00:36:08.111+0000] {processor.py:179} INFO - Processing /home/airflow/.local/lib/python3.8/site-packages/airflow/example_dags/example_task_group_decorator.py took 0.085 seconds
[2023-11-26T00:36:38.845+0000] {processor.py:157} INFO - Started process (PID=2016) to work on /home/airflow/.local/lib/python3.8/site-packages/airflow/example_dags/example_task_group_decorator.py
[2023-11-26T00:36:38.848+0000] {processor.py:829} INFO - Processing file /home/airflow/.local/lib/python3.8/site-packages/airflow/example_dags/example_task_group_decorator.py for tasks to queue
[2023-11-26T00:36:38.853+0000] {logging_mixin.py:154} INFO - [2023-11-26T00:36:38.852+0000] {dagbag.py:536} INFO - Filling up the DagBag from /home/airflow/.local/lib/python3.8/site-packages/airflow/example_dags/example_task_group_decorator.py
[2023-11-26T00:36:38.873+0000] {processor.py:839} INFO - DAG(s) dict_keys(['example_task_group_decorator']) retrieved from /home/airflow/.local/lib/python3.8/site-packages/airflow/example_dags/example_task_group_decorator.py
[2023-11-26T00:36:38.906+0000] {logging_mixin.py:154} INFO - [2023-11-26T00:36:38.906+0000] {dag.py:2941} INFO - Sync 1 DAGs
[2023-11-26T00:36:38.931+0000] {logging_mixin.py:154} INFO - [2023-11-26T00:36:38.930+0000] {dag.py:3722} INFO - Setting next_dagrun for example_task_group_decorator to 2023-11-25T00:36:38.930240+00:00, run_after=2023-11-26T00:36:38.930240+00:00
[2023-11-26T00:36:38.963+0000] {processor.py:179} INFO - Processing /home/airflow/.local/lib/python3.8/site-packages/airflow/example_dags/example_task_group_decorator.py took 0.123 seconds
[2023-11-26T00:37:09.687+0000] {processor.py:157} INFO - Started process (PID=2070) to work on /home/airflow/.local/lib/python3.8/site-packages/airflow/example_dags/example_task_group_decorator.py
[2023-11-26T00:37:09.688+0000] {processor.py:829} INFO - Processing file /home/airflow/.local/lib/python3.8/site-packages/airflow/example_dags/example_task_group_decorator.py for tasks to queue
[2023-11-26T00:37:09.691+0000] {logging_mixin.py:154} INFO - [2023-11-26T00:37:09.691+0000] {dagbag.py:536} INFO - Filling up the DagBag from /home/airflow/.local/lib/python3.8/site-packages/airflow/example_dags/example_task_group_decorator.py
[2023-11-26T00:37:09.702+0000] {processor.py:839} INFO - DAG(s) dict_keys(['example_task_group_decorator']) retrieved from /home/airflow/.local/lib/python3.8/site-packages/airflow/example_dags/example_task_group_decorator.py
[2023-11-26T00:37:09.725+0000] {logging_mixin.py:154} INFO - [2023-11-26T00:37:09.724+0000] {dag.py:2941} INFO - Sync 1 DAGs
[2023-11-26T00:37:09.745+0000] {logging_mixin.py:154} INFO - [2023-11-26T00:37:09.745+0000] {dag.py:3722} INFO - Setting next_dagrun for example_task_group_decorator to 2023-11-25T00:37:09.745417+00:00, run_after=2023-11-26T00:37:09.745417+00:00
[2023-11-26T00:37:09.767+0000] {processor.py:179} INFO - Processing /home/airflow/.local/lib/python3.8/site-packages/airflow/example_dags/example_task_group_decorator.py took 0.084 seconds
[2023-11-26T00:37:40.190+0000] {processor.py:157} INFO - Started process (PID=2124) to work on /home/airflow/.local/lib/python3.8/site-packages/airflow/example_dags/example_task_group_decorator.py
[2023-11-26T00:37:40.192+0000] {processor.py:829} INFO - Processing file /home/airflow/.local/lib/python3.8/site-packages/airflow/example_dags/example_task_group_decorator.py for tasks to queue
[2023-11-26T00:37:40.198+0000] {logging_mixin.py:154} INFO - [2023-11-26T00:37:40.196+0000] {dagbag.py:536} INFO - Filling up the DagBag from /home/airflow/.local/lib/python3.8/site-packages/airflow/example_dags/example_task_group_decorator.py
[2023-11-26T00:37:40.214+0000] {processor.py:839} INFO - DAG(s) dict_keys(['example_task_group_decorator']) retrieved from /home/airflow/.local/lib/python3.8/site-packages/airflow/example_dags/example_task_group_decorator.py
[2023-11-26T00:37:40.240+0000] {logging_mixin.py:154} INFO - [2023-11-26T00:37:40.240+0000] {dag.py:2941} INFO - Sync 1 DAGs
[2023-11-26T00:37:40.259+0000] {logging_mixin.py:154} INFO - [2023-11-26T00:37:40.259+0000] {dag.py:3722} INFO - Setting next_dagrun for example_task_group_decorator to 2023-11-25T00:37:40.259325+00:00, run_after=2023-11-26T00:37:40.259325+00:00
[2023-11-26T00:37:40.282+0000] {processor.py:179} INFO - Processing /home/airflow/.local/lib/python3.8/site-packages/airflow/example_dags/example_task_group_decorator.py took 0.098 seconds
[2023-11-26T00:38:11.224+0000] {processor.py:157} INFO - Started process (PID=2178) to work on /home/airflow/.local/lib/python3.8/site-packages/airflow/example_dags/example_task_group_decorator.py
[2023-11-26T00:38:11.226+0000] {processor.py:829} INFO - Processing file /home/airflow/.local/lib/python3.8/site-packages/airflow/example_dags/example_task_group_decorator.py for tasks to queue
[2023-11-26T00:38:11.230+0000] {logging_mixin.py:154} INFO - [2023-11-26T00:38:11.229+0000] {dagbag.py:536} INFO - Filling up the DagBag from /home/airflow/.local/lib/python3.8/site-packages/airflow/example_dags/example_task_group_decorator.py
[2023-11-26T00:38:11.246+0000] {processor.py:839} INFO - DAG(s) dict_keys(['example_task_group_decorator']) retrieved from /home/airflow/.local/lib/python3.8/site-packages/airflow/example_dags/example_task_group_decorator.py
[2023-11-26T00:38:11.273+0000] {logging_mixin.py:154} INFO - [2023-11-26T00:38:11.273+0000] {dag.py:2941} INFO - Sync 1 DAGs
[2023-11-26T00:38:11.294+0000] {logging_mixin.py:154} INFO - [2023-11-26T00:38:11.293+0000] {dag.py:3722} INFO - Setting next_dagrun for example_task_group_decorator to 2023-11-25T00:38:11.293588+00:00, run_after=2023-11-26T00:38:11.293588+00:00
[2023-11-26T00:38:11.318+0000] {processor.py:179} INFO - Processing /home/airflow/.local/lib/python3.8/site-packages/airflow/example_dags/example_task_group_decorator.py took 0.097 seconds
[2023-11-26T00:38:41.514+0000] {processor.py:157} INFO - Started process (PID=2232) to work on /home/airflow/.local/lib/python3.8/site-packages/airflow/example_dags/example_task_group_decorator.py
[2023-11-26T00:38:41.516+0000] {processor.py:829} INFO - Processing file /home/airflow/.local/lib/python3.8/site-packages/airflow/example_dags/example_task_group_decorator.py for tasks to queue
[2023-11-26T00:38:41.520+0000] {logging_mixin.py:154} INFO - [2023-11-26T00:38:41.520+0000] {dagbag.py:536} INFO - Filling up the DagBag from /home/airflow/.local/lib/python3.8/site-packages/airflow/example_dags/example_task_group_decorator.py
[2023-11-26T00:38:41.536+0000] {processor.py:839} INFO - DAG(s) dict_keys(['example_task_group_decorator']) retrieved from /home/airflow/.local/lib/python3.8/site-packages/airflow/example_dags/example_task_group_decorator.py
[2023-11-26T00:38:41.565+0000] {logging_mixin.py:154} INFO - [2023-11-26T00:38:41.565+0000] {dag.py:2941} INFO - Sync 1 DAGs
[2023-11-26T00:38:41.589+0000] {logging_mixin.py:154} INFO - [2023-11-26T00:38:41.588+0000] {dag.py:3722} INFO - Setting next_dagrun for example_task_group_decorator to 2023-11-25T00:38:41.588373+00:00, run_after=2023-11-26T00:38:41.588373+00:00
[2023-11-26T00:38:41.789+0000] {processor.py:179} INFO - Processing /home/airflow/.local/lib/python3.8/site-packages/airflow/example_dags/example_task_group_decorator.py took 0.279 seconds
[2023-11-26T00:39:12.740+0000] {processor.py:157} INFO - Started process (PID=2286) to work on /home/airflow/.local/lib/python3.8/site-packages/airflow/example_dags/example_task_group_decorator.py
[2023-11-26T00:39:12.741+0000] {processor.py:829} INFO - Processing file /home/airflow/.local/lib/python3.8/site-packages/airflow/example_dags/example_task_group_decorator.py for tasks to queue
[2023-11-26T00:39:12.744+0000] {logging_mixin.py:154} INFO - [2023-11-26T00:39:12.744+0000] {dagbag.py:536} INFO - Filling up the DagBag from /home/airflow/.local/lib/python3.8/site-packages/airflow/example_dags/example_task_group_decorator.py
[2023-11-26T00:39:12.755+0000] {processor.py:839} INFO - DAG(s) dict_keys(['example_task_group_decorator']) retrieved from /home/airflow/.local/lib/python3.8/site-packages/airflow/example_dags/example_task_group_decorator.py
[2023-11-26T00:39:12.781+0000] {logging_mixin.py:154} INFO - [2023-11-26T00:39:12.781+0000] {dag.py:2941} INFO - Sync 1 DAGs
[2023-11-26T00:39:12.808+0000] {logging_mixin.py:154} INFO - [2023-11-26T00:39:12.808+0000] {dag.py:3722} INFO - Setting next_dagrun for example_task_group_decorator to 2023-11-25T00:39:12.807849+00:00, run_after=2023-11-26T00:39:12.807849+00:00
[2023-11-26T00:39:12.832+0000] {processor.py:179} INFO - Processing /home/airflow/.local/lib/python3.8/site-packages/airflow/example_dags/example_task_group_decorator.py took 0.095 seconds
[2023-11-26T00:39:43.004+0000] {processor.py:157} INFO - Started process (PID=2340) to work on /home/airflow/.local/lib/python3.8/site-packages/airflow/example_dags/example_task_group_decorator.py
[2023-11-26T00:39:43.006+0000] {processor.py:829} INFO - Processing file /home/airflow/.local/lib/python3.8/site-packages/airflow/example_dags/example_task_group_decorator.py for tasks to queue
[2023-11-26T00:39:43.009+0000] {logging_mixin.py:154} INFO - [2023-11-26T00:39:43.009+0000] {dagbag.py:536} INFO - Filling up the DagBag from /home/airflow/.local/lib/python3.8/site-packages/airflow/example_dags/example_task_group_decorator.py
[2023-11-26T00:39:43.023+0000] {processor.py:839} INFO - DAG(s) dict_keys(['example_task_group_decorator']) retrieved from /home/airflow/.local/lib/python3.8/site-packages/airflow/example_dags/example_task_group_decorator.py
[2023-11-26T00:39:43.048+0000] {logging_mixin.py:154} INFO - [2023-11-26T00:39:43.048+0000] {dag.py:2941} INFO - Sync 1 DAGs
[2023-11-26T00:39:43.068+0000] {logging_mixin.py:154} INFO - [2023-11-26T00:39:43.067+0000] {dag.py:3722} INFO - Setting next_dagrun for example_task_group_decorator to 2023-11-25T00:39:43.067484+00:00, run_after=2023-11-26T00:39:43.067484+00:00
[2023-11-26T00:39:43.089+0000] {processor.py:179} INFO - Processing /home/airflow/.local/lib/python3.8/site-packages/airflow/example_dags/example_task_group_decorator.py took 0.093 seconds
[2023-11-26T00:40:13.430+0000] {processor.py:157} INFO - Started process (PID=2394) to work on /home/airflow/.local/lib/python3.8/site-packages/airflow/example_dags/example_task_group_decorator.py
[2023-11-26T00:40:13.431+0000] {processor.py:829} INFO - Processing file /home/airflow/.local/lib/python3.8/site-packages/airflow/example_dags/example_task_group_decorator.py for tasks to queue
[2023-11-26T00:40:13.433+0000] {logging_mixin.py:154} INFO - [2023-11-26T00:40:13.433+0000] {dagbag.py:536} INFO - Filling up the DagBag from /home/airflow/.local/lib/python3.8/site-packages/airflow/example_dags/example_task_group_decorator.py
[2023-11-26T00:40:13.444+0000] {processor.py:839} INFO - DAG(s) dict_keys(['example_task_group_decorator']) retrieved from /home/airflow/.local/lib/python3.8/site-packages/airflow/example_dags/example_task_group_decorator.py
[2023-11-26T00:40:13.467+0000] {logging_mixin.py:154} INFO - [2023-11-26T00:40:13.467+0000] {dag.py:2941} INFO - Sync 1 DAGs
[2023-11-26T00:40:13.486+0000] {logging_mixin.py:154} INFO - [2023-11-26T00:40:13.486+0000] {dag.py:3722} INFO - Setting next_dagrun for example_task_group_decorator to 2023-11-25T00:40:13.486479+00:00, run_after=2023-11-26T00:40:13.486479+00:00
[2023-11-26T00:40:13.614+0000] {processor.py:179} INFO - Processing /home/airflow/.local/lib/python3.8/site-packages/airflow/example_dags/example_task_group_decorator.py took 0.188 seconds
[2023-11-26T00:40:43.809+0000] {processor.py:157} INFO - Started process (PID=2448) to work on /home/airflow/.local/lib/python3.8/site-packages/airflow/example_dags/example_task_group_decorator.py
[2023-11-26T00:40:43.811+0000] {processor.py:829} INFO - Processing file /home/airflow/.local/lib/python3.8/site-packages/airflow/example_dags/example_task_group_decorator.py for tasks to queue
[2023-11-26T00:40:43.813+0000] {logging_mixin.py:154} INFO - [2023-11-26T00:40:43.813+0000] {dagbag.py:536} INFO - Filling up the DagBag from /home/airflow/.local/lib/python3.8/site-packages/airflow/example_dags/example_task_group_decorator.py
[2023-11-26T00:40:43.825+0000] {processor.py:839} INFO - DAG(s) dict_keys(['example_task_group_decorator']) retrieved from /home/airflow/.local/lib/python3.8/site-packages/airflow/example_dags/example_task_group_decorator.py
[2023-11-26T00:40:43.850+0000] {logging_mixin.py:154} INFO - [2023-11-26T00:40:43.850+0000] {dag.py:2941} INFO - Sync 1 DAGs
[2023-11-26T00:40:43.870+0000] {logging_mixin.py:154} INFO - [2023-11-26T00:40:43.870+0000] {dag.py:3722} INFO - Setting next_dagrun for example_task_group_decorator to 2023-11-25T00:40:43.869862+00:00, run_after=2023-11-26T00:40:43.869862+00:00
[2023-11-26T00:40:43.895+0000] {processor.py:179} INFO - Processing /home/airflow/.local/lib/python3.8/site-packages/airflow/example_dags/example_task_group_decorator.py took 0.090 seconds
[2023-11-26T00:41:14.183+0000] {processor.py:157} INFO - Started process (PID=2502) to work on /home/airflow/.local/lib/python3.8/site-packages/airflow/example_dags/example_task_group_decorator.py
[2023-11-26T00:41:14.185+0000] {processor.py:829} INFO - Processing file /home/airflow/.local/lib/python3.8/site-packages/airflow/example_dags/example_task_group_decorator.py for tasks to queue
[2023-11-26T00:41:14.188+0000] {logging_mixin.py:154} INFO - [2023-11-26T00:41:14.188+0000] {dagbag.py:536} INFO - Filling up the DagBag from /home/airflow/.local/lib/python3.8/site-packages/airflow/example_dags/example_task_group_decorator.py
[2023-11-26T00:41:14.199+0000] {processor.py:839} INFO - DAG(s) dict_keys(['example_task_group_decorator']) retrieved from /home/airflow/.local/lib/python3.8/site-packages/airflow/example_dags/example_task_group_decorator.py
[2023-11-26T00:41:14.222+0000] {logging_mixin.py:154} INFO - [2023-11-26T00:41:14.222+0000] {dag.py:2941} INFO - Sync 1 DAGs
[2023-11-26T00:41:14.241+0000] {logging_mixin.py:154} INFO - [2023-11-26T00:41:14.241+0000] {dag.py:3722} INFO - Setting next_dagrun for example_task_group_decorator to 2023-11-25T00:41:14.241208+00:00, run_after=2023-11-26T00:41:14.241208+00:00
[2023-11-26T00:41:14.263+0000] {processor.py:179} INFO - Processing /home/airflow/.local/lib/python3.8/site-packages/airflow/example_dags/example_task_group_decorator.py took 0.082 seconds
[2023-11-26T00:41:44.405+0000] {processor.py:157} INFO - Started process (PID=2556) to work on /home/airflow/.local/lib/python3.8/site-packages/airflow/example_dags/example_task_group_decorator.py
[2023-11-26T00:41:44.406+0000] {processor.py:829} INFO - Processing file /home/airflow/.local/lib/python3.8/site-packages/airflow/example_dags/example_task_group_decorator.py for tasks to queue
[2023-11-26T00:41:44.410+0000] {logging_mixin.py:154} INFO - [2023-11-26T00:41:44.410+0000] {dagbag.py:536} INFO - Filling up the DagBag from /home/airflow/.local/lib/python3.8/site-packages/airflow/example_dags/example_task_group_decorator.py
[2023-11-26T00:41:44.422+0000] {processor.py:839} INFO - DAG(s) dict_keys(['example_task_group_decorator']) retrieved from /home/airflow/.local/lib/python3.8/site-packages/airflow/example_dags/example_task_group_decorator.py
[2023-11-26T00:41:44.444+0000] {logging_mixin.py:154} INFO - [2023-11-26T00:41:44.444+0000] {dag.py:2941} INFO - Sync 1 DAGs
[2023-11-26T00:41:44.579+0000] {logging_mixin.py:154} INFO - [2023-11-26T00:41:44.579+0000] {dag.py:3722} INFO - Setting next_dagrun for example_task_group_decorator to 2023-11-25T00:41:44.579407+00:00, run_after=2023-11-26T00:41:44.579407+00:00
[2023-11-26T00:41:44.601+0000] {processor.py:179} INFO - Processing /home/airflow/.local/lib/python3.8/site-packages/airflow/example_dags/example_task_group_decorator.py took 0.198 seconds
[2023-11-26T00:42:15.394+0000] {processor.py:157} INFO - Started process (PID=2610) to work on /home/airflow/.local/lib/python3.8/site-packages/airflow/example_dags/example_task_group_decorator.py
[2023-11-26T00:42:15.396+0000] {processor.py:829} INFO - Processing file /home/airflow/.local/lib/python3.8/site-packages/airflow/example_dags/example_task_group_decorator.py for tasks to queue
[2023-11-26T00:42:15.400+0000] {logging_mixin.py:154} INFO - [2023-11-26T00:42:15.400+0000] {dagbag.py:536} INFO - Filling up the DagBag from /home/airflow/.local/lib/python3.8/site-packages/airflow/example_dags/example_task_group_decorator.py
[2023-11-26T00:42:15.416+0000] {processor.py:839} INFO - DAG(s) dict_keys(['example_task_group_decorator']) retrieved from /home/airflow/.local/lib/python3.8/site-packages/airflow/example_dags/example_task_group_decorator.py
[2023-11-26T00:42:15.450+0000] {logging_mixin.py:154} INFO - [2023-11-26T00:42:15.449+0000] {dag.py:2941} INFO - Sync 1 DAGs
[2023-11-26T00:42:15.484+0000] {logging_mixin.py:154} INFO - [2023-11-26T00:42:15.484+0000] {dag.py:3722} INFO - Setting next_dagrun for example_task_group_decorator to 2023-11-25T00:42:15.484005+00:00, run_after=2023-11-26T00:42:15.484005+00:00
[2023-11-26T00:42:15.517+0000] {processor.py:179} INFO - Processing /home/airflow/.local/lib/python3.8/site-packages/airflow/example_dags/example_task_group_decorator.py took 0.126 seconds
[2023-11-26T00:42:45.720+0000] {processor.py:157} INFO - Started process (PID=2664) to work on /home/airflow/.local/lib/python3.8/site-packages/airflow/example_dags/example_task_group_decorator.py
[2023-11-26T00:42:45.722+0000] {processor.py:829} INFO - Processing file /home/airflow/.local/lib/python3.8/site-packages/airflow/example_dags/example_task_group_decorator.py for tasks to queue
[2023-11-26T00:42:45.726+0000] {logging_mixin.py:154} INFO - [2023-11-26T00:42:45.726+0000] {dagbag.py:536} INFO - Filling up the DagBag from /home/airflow/.local/lib/python3.8/site-packages/airflow/example_dags/example_task_group_decorator.py
[2023-11-26T00:42:45.746+0000] {processor.py:839} INFO - DAG(s) dict_keys(['example_task_group_decorator']) retrieved from /home/airflow/.local/lib/python3.8/site-packages/airflow/example_dags/example_task_group_decorator.py
[2023-11-26T00:42:45.975+0000] {logging_mixin.py:154} INFO - [2023-11-26T00:42:45.975+0000] {dag.py:2941} INFO - Sync 1 DAGs
[2023-11-26T00:42:46.010+0000] {logging_mixin.py:154} INFO - [2023-11-26T00:42:46.009+0000] {dag.py:3722} INFO - Setting next_dagrun for example_task_group_decorator to 2023-11-25T00:42:46.009240+00:00, run_after=2023-11-26T00:42:46.009240+00:00
[2023-11-26T00:42:46.042+0000] {processor.py:179} INFO - Processing /home/airflow/.local/lib/python3.8/site-packages/airflow/example_dags/example_task_group_decorator.py took 0.328 seconds
[2023-11-26T00:43:16.821+0000] {processor.py:157} INFO - Started process (PID=2718) to work on /home/airflow/.local/lib/python3.8/site-packages/airflow/example_dags/example_task_group_decorator.py
[2023-11-26T00:43:16.822+0000] {processor.py:829} INFO - Processing file /home/airflow/.local/lib/python3.8/site-packages/airflow/example_dags/example_task_group_decorator.py for tasks to queue
[2023-11-26T00:43:16.825+0000] {logging_mixin.py:154} INFO - [2023-11-26T00:43:16.825+0000] {dagbag.py:536} INFO - Filling up the DagBag from /home/airflow/.local/lib/python3.8/site-packages/airflow/example_dags/example_task_group_decorator.py
[2023-11-26T00:43:16.838+0000] {processor.py:839} INFO - DAG(s) dict_keys(['example_task_group_decorator']) retrieved from /home/airflow/.local/lib/python3.8/site-packages/airflow/example_dags/example_task_group_decorator.py
[2023-11-26T00:43:16.861+0000] {logging_mixin.py:154} INFO - [2023-11-26T00:43:16.861+0000] {dag.py:2941} INFO - Sync 1 DAGs
[2023-11-26T00:43:16.988+0000] {logging_mixin.py:154} INFO - [2023-11-26T00:43:16.988+0000] {dag.py:3722} INFO - Setting next_dagrun for example_task_group_decorator to 2023-11-25T00:43:16.987849+00:00, run_after=2023-11-26T00:43:16.987849+00:00
[2023-11-26T00:43:17.009+0000] {processor.py:179} INFO - Processing /home/airflow/.local/lib/python3.8/site-packages/airflow/example_dags/example_task_group_decorator.py took 0.194 seconds
[2023-11-26T00:43:47.476+0000] {processor.py:157} INFO - Started process (PID=2772) to work on /home/airflow/.local/lib/python3.8/site-packages/airflow/example_dags/example_task_group_decorator.py
[2023-11-26T00:43:47.477+0000] {processor.py:829} INFO - Processing file /home/airflow/.local/lib/python3.8/site-packages/airflow/example_dags/example_task_group_decorator.py for tasks to queue
[2023-11-26T00:43:47.588+0000] {logging_mixin.py:154} INFO - [2023-11-26T00:43:47.587+0000] {dagbag.py:536} INFO - Filling up the DagBag from /home/airflow/.local/lib/python3.8/site-packages/airflow/example_dags/example_task_group_decorator.py
[2023-11-26T00:43:47.598+0000] {processor.py:839} INFO - DAG(s) dict_keys(['example_task_group_decorator']) retrieved from /home/airflow/.local/lib/python3.8/site-packages/airflow/example_dags/example_task_group_decorator.py
[2023-11-26T00:43:47.618+0000] {logging_mixin.py:154} INFO - [2023-11-26T00:43:47.618+0000] {dag.py:2941} INFO - Sync 1 DAGs
[2023-11-26T00:43:47.634+0000] {logging_mixin.py:154} INFO - [2023-11-26T00:43:47.634+0000] {dag.py:3722} INFO - Setting next_dagrun for example_task_group_decorator to 2023-11-25T00:43:47.634096+00:00, run_after=2023-11-26T00:43:47.634096+00:00
[2023-11-26T00:43:47.654+0000] {processor.py:179} INFO - Processing /home/airflow/.local/lib/python3.8/site-packages/airflow/example_dags/example_task_group_decorator.py took 0.183 seconds
[2023-11-26T00:44:17.788+0000] {processor.py:157} INFO - Started process (PID=2826) to work on /home/airflow/.local/lib/python3.8/site-packages/airflow/example_dags/example_task_group_decorator.py
[2023-11-26T00:44:17.789+0000] {processor.py:829} INFO - Processing file /home/airflow/.local/lib/python3.8/site-packages/airflow/example_dags/example_task_group_decorator.py for tasks to queue
[2023-11-26T00:44:17.793+0000] {logging_mixin.py:154} INFO - [2023-11-26T00:44:17.792+0000] {dagbag.py:536} INFO - Filling up the DagBag from /home/airflow/.local/lib/python3.8/site-packages/airflow/example_dags/example_task_group_decorator.py
[2023-11-26T00:44:17.806+0000] {processor.py:839} INFO - DAG(s) dict_keys(['example_task_group_decorator']) retrieved from /home/airflow/.local/lib/python3.8/site-packages/airflow/example_dags/example_task_group_decorator.py
[2023-11-26T00:44:17.830+0000] {logging_mixin.py:154} INFO - [2023-11-26T00:44:17.830+0000] {dag.py:2941} INFO - Sync 1 DAGs
[2023-11-26T00:44:17.849+0000] {logging_mixin.py:154} INFO - [2023-11-26T00:44:17.849+0000] {dag.py:3722} INFO - Setting next_dagrun for example_task_group_decorator to 2023-11-25T00:44:17.849441+00:00, run_after=2023-11-26T00:44:17.849441+00:00
[2023-11-26T00:44:17.871+0000] {processor.py:179} INFO - Processing /home/airflow/.local/lib/python3.8/site-packages/airflow/example_dags/example_task_group_decorator.py took 0.089 seconds
[2023-11-26T00:44:48.037+0000] {processor.py:157} INFO - Started process (PID=2880) to work on /home/airflow/.local/lib/python3.8/site-packages/airflow/example_dags/example_task_group_decorator.py
[2023-11-26T00:44:48.039+0000] {processor.py:829} INFO - Processing file /home/airflow/.local/lib/python3.8/site-packages/airflow/example_dags/example_task_group_decorator.py for tasks to queue
[2023-11-26T00:44:48.042+0000] {logging_mixin.py:154} INFO - [2023-11-26T00:44:48.042+0000] {dagbag.py:536} INFO - Filling up the DagBag from /home/airflow/.local/lib/python3.8/site-packages/airflow/example_dags/example_task_group_decorator.py
[2023-11-26T00:44:48.054+0000] {processor.py:839} INFO - DAG(s) dict_keys(['example_task_group_decorator']) retrieved from /home/airflow/.local/lib/python3.8/site-packages/airflow/example_dags/example_task_group_decorator.py
[2023-11-26T00:44:48.085+0000] {logging_mixin.py:154} INFO - [2023-11-26T00:44:48.085+0000] {dag.py:2941} INFO - Sync 1 DAGs
[2023-11-26T00:44:48.105+0000] {logging_mixin.py:154} INFO - [2023-11-26T00:44:48.105+0000] {dag.py:3722} INFO - Setting next_dagrun for example_task_group_decorator to 2023-11-25T00:44:48.105051+00:00, run_after=2023-11-26T00:44:48.105051+00:00
[2023-11-26T00:44:48.130+0000] {processor.py:179} INFO - Processing /home/airflow/.local/lib/python3.8/site-packages/airflow/example_dags/example_task_group_decorator.py took 0.095 seconds
[2023-11-26T00:45:18.938+0000] {processor.py:157} INFO - Started process (PID=2934) to work on /home/airflow/.local/lib/python3.8/site-packages/airflow/example_dags/example_task_group_decorator.py
[2023-11-26T00:45:18.940+0000] {processor.py:829} INFO - Processing file /home/airflow/.local/lib/python3.8/site-packages/airflow/example_dags/example_task_group_decorator.py for tasks to queue
[2023-11-26T00:45:18.948+0000] {logging_mixin.py:154} INFO - [2023-11-26T00:45:18.945+0000] {dagbag.py:536} INFO - Filling up the DagBag from /home/airflow/.local/lib/python3.8/site-packages/airflow/example_dags/example_task_group_decorator.py
[2023-11-26T00:45:18.983+0000] {processor.py:839} INFO - DAG(s) dict_keys(['example_task_group_decorator']) retrieved from /home/airflow/.local/lib/python3.8/site-packages/airflow/example_dags/example_task_group_decorator.py
[2023-11-26T00:45:19.014+0000] {logging_mixin.py:154} INFO - [2023-11-26T00:45:19.013+0000] {dag.py:2941} INFO - Sync 1 DAGs
[2023-11-26T00:45:19.039+0000] {logging_mixin.py:154} INFO - [2023-11-26T00:45:19.038+0000] {dag.py:3722} INFO - Setting next_dagrun for example_task_group_decorator to 2023-11-25T00:45:19.038598+00:00, run_after=2023-11-26T00:45:19.038598+00:00
[2023-11-26T00:45:19.064+0000] {processor.py:179} INFO - Processing /home/airflow/.local/lib/python3.8/site-packages/airflow/example_dags/example_task_group_decorator.py took 0.131 seconds
[2023-11-26T00:45:49.173+0000] {processor.py:157} INFO - Started process (PID=2988) to work on /home/airflow/.local/lib/python3.8/site-packages/airflow/example_dags/example_task_group_decorator.py
[2023-11-26T00:45:49.175+0000] {processor.py:829} INFO - Processing file /home/airflow/.local/lib/python3.8/site-packages/airflow/example_dags/example_task_group_decorator.py for tasks to queue
[2023-11-26T00:45:49.179+0000] {logging_mixin.py:154} INFO - [2023-11-26T00:45:49.178+0000] {dagbag.py:536} INFO - Filling up the DagBag from /home/airflow/.local/lib/python3.8/site-packages/airflow/example_dags/example_task_group_decorator.py
[2023-11-26T00:45:49.206+0000] {processor.py:839} INFO - DAG(s) dict_keys(['example_task_group_decorator']) retrieved from /home/airflow/.local/lib/python3.8/site-packages/airflow/example_dags/example_task_group_decorator.py
[2023-11-26T00:45:49.242+0000] {logging_mixin.py:154} INFO - [2023-11-26T00:45:49.242+0000] {dag.py:2941} INFO - Sync 1 DAGs
[2023-11-26T00:45:49.282+0000] {logging_mixin.py:154} INFO - [2023-11-26T00:45:49.282+0000] {dag.py:3722} INFO - Setting next_dagrun for example_task_group_decorator to 2023-11-25T00:45:49.281903+00:00, run_after=2023-11-26T00:45:49.281903+00:00
[2023-11-26T00:45:49.319+0000] {processor.py:179} INFO - Processing /home/airflow/.local/lib/python3.8/site-packages/airflow/example_dags/example_task_group_decorator.py took 0.150 seconds
[2023-11-26T00:46:19.730+0000] {processor.py:157} INFO - Started process (PID=3042) to work on /home/airflow/.local/lib/python3.8/site-packages/airflow/example_dags/example_task_group_decorator.py
[2023-11-26T00:46:19.733+0000] {processor.py:829} INFO - Processing file /home/airflow/.local/lib/python3.8/site-packages/airflow/example_dags/example_task_group_decorator.py for tasks to queue
[2023-11-26T00:46:19.736+0000] {logging_mixin.py:154} INFO - [2023-11-26T00:46:19.736+0000] {dagbag.py:536} INFO - Filling up the DagBag from /home/airflow/.local/lib/python3.8/site-packages/airflow/example_dags/example_task_group_decorator.py
[2023-11-26T00:46:19.758+0000] {processor.py:839} INFO - DAG(s) dict_keys(['example_task_group_decorator']) retrieved from /home/airflow/.local/lib/python3.8/site-packages/airflow/example_dags/example_task_group_decorator.py
[2023-11-26T00:46:19.782+0000] {logging_mixin.py:154} INFO - [2023-11-26T00:46:19.781+0000] {dag.py:2941} INFO - Sync 1 DAGs
[2023-11-26T00:46:19.801+0000] {logging_mixin.py:154} INFO - [2023-11-26T00:46:19.801+0000] {dag.py:3722} INFO - Setting next_dagrun for example_task_group_decorator to 2023-11-25T00:46:19.801384+00:00, run_after=2023-11-26T00:46:19.801384+00:00
[2023-11-26T00:46:19.823+0000] {processor.py:179} INFO - Processing /home/airflow/.local/lib/python3.8/site-packages/airflow/example_dags/example_task_group_decorator.py took 0.103 seconds
[2023-11-26T00:46:50.833+0000] {processor.py:157} INFO - Started process (PID=3097) to work on /home/airflow/.local/lib/python3.8/site-packages/airflow/example_dags/example_task_group_decorator.py
[2023-11-26T00:46:50.836+0000] {processor.py:829} INFO - Processing file /home/airflow/.local/lib/python3.8/site-packages/airflow/example_dags/example_task_group_decorator.py for tasks to queue
[2023-11-26T00:46:50.840+0000] {logging_mixin.py:154} INFO - [2023-11-26T00:46:50.839+0000] {dagbag.py:536} INFO - Filling up the DagBag from /home/airflow/.local/lib/python3.8/site-packages/airflow/example_dags/example_task_group_decorator.py
[2023-11-26T00:46:50.857+0000] {processor.py:839} INFO - DAG(s) dict_keys(['example_task_group_decorator']) retrieved from /home/airflow/.local/lib/python3.8/site-packages/airflow/example_dags/example_task_group_decorator.py
[2023-11-26T00:46:50.902+0000] {logging_mixin.py:154} INFO - [2023-11-26T00:46:50.902+0000] {dag.py:2941} INFO - Sync 1 DAGs
[2023-11-26T00:46:50.940+0000] {logging_mixin.py:154} INFO - [2023-11-26T00:46:50.939+0000] {dag.py:3722} INFO - Setting next_dagrun for example_task_group_decorator to 2023-11-25T00:46:50.939705+00:00, run_after=2023-11-26T00:46:50.939705+00:00
[2023-11-26T00:46:50.982+0000] {processor.py:179} INFO - Processing /home/airflow/.local/lib/python3.8/site-packages/airflow/example_dags/example_task_group_decorator.py took 0.153 seconds
[2023-11-26T00:47:21.644+0000] {processor.py:157} INFO - Started process (PID=3151) to work on /home/airflow/.local/lib/python3.8/site-packages/airflow/example_dags/example_task_group_decorator.py
[2023-11-26T00:47:21.646+0000] {processor.py:829} INFO - Processing file /home/airflow/.local/lib/python3.8/site-packages/airflow/example_dags/example_task_group_decorator.py for tasks to queue
[2023-11-26T00:47:21.649+0000] {logging_mixin.py:154} INFO - [2023-11-26T00:47:21.649+0000] {dagbag.py:536} INFO - Filling up the DagBag from /home/airflow/.local/lib/python3.8/site-packages/airflow/example_dags/example_task_group_decorator.py
[2023-11-26T00:47:21.668+0000] {processor.py:839} INFO - DAG(s) dict_keys(['example_task_group_decorator']) retrieved from /home/airflow/.local/lib/python3.8/site-packages/airflow/example_dags/example_task_group_decorator.py
[2023-11-26T00:47:21.705+0000] {logging_mixin.py:154} INFO - [2023-11-26T00:47:21.705+0000] {dag.py:2941} INFO - Sync 1 DAGs
[2023-11-26T00:47:21.740+0000] {logging_mixin.py:154} INFO - [2023-11-26T00:47:21.740+0000] {dag.py:3722} INFO - Setting next_dagrun for example_task_group_decorator to 2023-11-25T00:47:21.740110+00:00, run_after=2023-11-26T00:47:21.740110+00:00
[2023-11-26T00:47:21.778+0000] {processor.py:179} INFO - Processing /home/airflow/.local/lib/python3.8/site-packages/airflow/example_dags/example_task_group_decorator.py took 0.143 seconds
[2023-11-26T00:47:51.980+0000] {processor.py:157} INFO - Started process (PID=3204) to work on /home/airflow/.local/lib/python3.8/site-packages/airflow/example_dags/example_task_group_decorator.py
[2023-11-26T00:47:51.989+0000] {processor.py:829} INFO - Processing file /home/airflow/.local/lib/python3.8/site-packages/airflow/example_dags/example_task_group_decorator.py for tasks to queue
[2023-11-26T00:47:52.005+0000] {logging_mixin.py:154} INFO - [2023-11-26T00:47:52.003+0000] {dagbag.py:536} INFO - Filling up the DagBag from /home/airflow/.local/lib/python3.8/site-packages/airflow/example_dags/example_task_group_decorator.py
[2023-11-26T00:47:52.027+0000] {processor.py:839} INFO - DAG(s) dict_keys(['example_task_group_decorator']) retrieved from /home/airflow/.local/lib/python3.8/site-packages/airflow/example_dags/example_task_group_decorator.py
[2023-11-26T00:47:52.118+0000] {logging_mixin.py:154} INFO - [2023-11-26T00:47:52.117+0000] {dag.py:2941} INFO - Sync 1 DAGs
[2023-11-26T00:47:52.175+0000] {logging_mixin.py:154} INFO - [2023-11-26T00:47:52.175+0000] {dag.py:3722} INFO - Setting next_dagrun for example_task_group_decorator to 2023-11-25T00:47:52.175183+00:00, run_after=2023-11-26T00:47:52.175183+00:00
[2023-11-26T00:47:52.254+0000] {processor.py:179} INFO - Processing /home/airflow/.local/lib/python3.8/site-packages/airflow/example_dags/example_task_group_decorator.py took 0.279 seconds
[2023-11-26T00:48:22.738+0000] {processor.py:157} INFO - Started process (PID=3258) to work on /home/airflow/.local/lib/python3.8/site-packages/airflow/example_dags/example_task_group_decorator.py
[2023-11-26T00:48:22.741+0000] {processor.py:829} INFO - Processing file /home/airflow/.local/lib/python3.8/site-packages/airflow/example_dags/example_task_group_decorator.py for tasks to queue
[2023-11-26T00:48:22.745+0000] {logging_mixin.py:154} INFO - [2023-11-26T00:48:22.745+0000] {dagbag.py:536} INFO - Filling up the DagBag from /home/airflow/.local/lib/python3.8/site-packages/airflow/example_dags/example_task_group_decorator.py
[2023-11-26T00:48:22.764+0000] {processor.py:839} INFO - DAG(s) dict_keys(['example_task_group_decorator']) retrieved from /home/airflow/.local/lib/python3.8/site-packages/airflow/example_dags/example_task_group_decorator.py
[2023-11-26T00:48:22.826+0000] {logging_mixin.py:154} INFO - [2023-11-26T00:48:22.826+0000] {dag.py:2941} INFO - Sync 1 DAGs
[2023-11-26T00:48:22.868+0000] {logging_mixin.py:154} INFO - [2023-11-26T00:48:22.868+0000] {dag.py:3722} INFO - Setting next_dagrun for example_task_group_decorator to 2023-11-25T00:48:22.867944+00:00, run_after=2023-11-26T00:48:22.867944+00:00
[2023-11-26T00:48:22.938+0000] {processor.py:179} INFO - Processing /home/airflow/.local/lib/python3.8/site-packages/airflow/example_dags/example_task_group_decorator.py took 0.207 seconds
[2023-11-26T00:48:53.040+0000] {processor.py:157} INFO - Started process (PID=3311) to work on /home/airflow/.local/lib/python3.8/site-packages/airflow/example_dags/example_task_group_decorator.py
[2023-11-26T00:48:53.042+0000] {processor.py:829} INFO - Processing file /home/airflow/.local/lib/python3.8/site-packages/airflow/example_dags/example_task_group_decorator.py for tasks to queue
[2023-11-26T00:48:53.045+0000] {logging_mixin.py:154} INFO - [2023-11-26T00:48:53.045+0000] {dagbag.py:536} INFO - Filling up the DagBag from /home/airflow/.local/lib/python3.8/site-packages/airflow/example_dags/example_task_group_decorator.py
[2023-11-26T00:48:53.062+0000] {processor.py:839} INFO - DAG(s) dict_keys(['example_task_group_decorator']) retrieved from /home/airflow/.local/lib/python3.8/site-packages/airflow/example_dags/example_task_group_decorator.py
[2023-11-26T00:48:53.095+0000] {logging_mixin.py:154} INFO - [2023-11-26T00:48:53.095+0000] {dag.py:2941} INFO - Sync 1 DAGs
[2023-11-26T00:48:53.127+0000] {logging_mixin.py:154} INFO - [2023-11-26T00:48:53.127+0000] {dag.py:3722} INFO - Setting next_dagrun for example_task_group_decorator to 2023-11-25T00:48:53.127086+00:00, run_after=2023-11-26T00:48:53.127086+00:00
[2023-11-26T00:48:53.204+0000] {processor.py:179} INFO - Processing /home/airflow/.local/lib/python3.8/site-packages/airflow/example_dags/example_task_group_decorator.py took 0.167 seconds
[2023-11-26T00:49:23.495+0000] {processor.py:157} INFO - Started process (PID=3364) to work on /home/airflow/.local/lib/python3.8/site-packages/airflow/example_dags/example_task_group_decorator.py
[2023-11-26T00:49:23.498+0000] {processor.py:829} INFO - Processing file /home/airflow/.local/lib/python3.8/site-packages/airflow/example_dags/example_task_group_decorator.py for tasks to queue
[2023-11-26T00:49:23.505+0000] {logging_mixin.py:154} INFO - [2023-11-26T00:49:23.504+0000] {dagbag.py:536} INFO - Filling up the DagBag from /home/airflow/.local/lib/python3.8/site-packages/airflow/example_dags/example_task_group_decorator.py
[2023-11-26T00:49:23.543+0000] {processor.py:839} INFO - DAG(s) dict_keys(['example_task_group_decorator']) retrieved from /home/airflow/.local/lib/python3.8/site-packages/airflow/example_dags/example_task_group_decorator.py
[2023-11-26T00:49:23.622+0000] {logging_mixin.py:154} INFO - [2023-11-26T00:49:23.622+0000] {dag.py:2941} INFO - Sync 1 DAGs
[2023-11-26T00:49:23.680+0000] {logging_mixin.py:154} INFO - [2023-11-26T00:49:23.680+0000] {dag.py:3722} INFO - Setting next_dagrun for example_task_group_decorator to 2023-11-25T00:49:23.679713+00:00, run_after=2023-11-26T00:49:23.679713+00:00
[2023-11-26T00:49:23.726+0000] {processor.py:179} INFO - Processing /home/airflow/.local/lib/python3.8/site-packages/airflow/example_dags/example_task_group_decorator.py took 0.249 seconds
[2023-11-26T00:49:54.324+0000] {processor.py:157} INFO - Started process (PID=3419) to work on /home/airflow/.local/lib/python3.8/site-packages/airflow/example_dags/example_task_group_decorator.py
[2023-11-26T00:49:54.327+0000] {processor.py:829} INFO - Processing file /home/airflow/.local/lib/python3.8/site-packages/airflow/example_dags/example_task_group_decorator.py for tasks to queue
[2023-11-26T00:49:54.331+0000] {logging_mixin.py:154} INFO - [2023-11-26T00:49:54.330+0000] {dagbag.py:536} INFO - Filling up the DagBag from /home/airflow/.local/lib/python3.8/site-packages/airflow/example_dags/example_task_group_decorator.py
[2023-11-26T00:49:54.348+0000] {processor.py:839} INFO - DAG(s) dict_keys(['example_task_group_decorator']) retrieved from /home/airflow/.local/lib/python3.8/site-packages/airflow/example_dags/example_task_group_decorator.py
[2023-11-26T00:49:54.382+0000] {logging_mixin.py:154} INFO - [2023-11-26T00:49:54.381+0000] {dag.py:2941} INFO - Sync 1 DAGs
[2023-11-26T00:49:54.424+0000] {logging_mixin.py:154} INFO - [2023-11-26T00:49:54.424+0000] {dag.py:3722} INFO - Setting next_dagrun for example_task_group_decorator to 2023-11-25T00:49:54.423568+00:00, run_after=2023-11-26T00:49:54.423568+00:00
[2023-11-26T00:49:54.473+0000] {processor.py:179} INFO - Processing /home/airflow/.local/lib/python3.8/site-packages/airflow/example_dags/example_task_group_decorator.py took 0.153 seconds
[2023-11-26T00:50:24.614+0000] {processor.py:157} INFO - Started process (PID=3472) to work on /home/airflow/.local/lib/python3.8/site-packages/airflow/example_dags/example_task_group_decorator.py
[2023-11-26T00:50:24.615+0000] {processor.py:829} INFO - Processing file /home/airflow/.local/lib/python3.8/site-packages/airflow/example_dags/example_task_group_decorator.py for tasks to queue
[2023-11-26T00:50:24.619+0000] {logging_mixin.py:154} INFO - [2023-11-26T00:50:24.618+0000] {dagbag.py:536} INFO - Filling up the DagBag from /home/airflow/.local/lib/python3.8/site-packages/airflow/example_dags/example_task_group_decorator.py
[2023-11-26T00:50:24.635+0000] {processor.py:839} INFO - DAG(s) dict_keys(['example_task_group_decorator']) retrieved from /home/airflow/.local/lib/python3.8/site-packages/airflow/example_dags/example_task_group_decorator.py
[2023-11-26T00:50:24.672+0000] {logging_mixin.py:154} INFO - [2023-11-26T00:50:24.672+0000] {dag.py:2941} INFO - Sync 1 DAGs
[2023-11-26T00:50:24.701+0000] {logging_mixin.py:154} INFO - [2023-11-26T00:50:24.700+0000] {dag.py:3722} INFO - Setting next_dagrun for example_task_group_decorator to 2023-11-25T00:50:24.700707+00:00, run_after=2023-11-26T00:50:24.700707+00:00
[2023-11-26T00:50:24.732+0000] {processor.py:179} INFO - Processing /home/airflow/.local/lib/python3.8/site-packages/airflow/example_dags/example_task_group_decorator.py took 0.124 seconds
[2023-11-26T00:50:54.859+0000] {processor.py:157} INFO - Started process (PID=3526) to work on /home/airflow/.local/lib/python3.8/site-packages/airflow/example_dags/example_task_group_decorator.py
[2023-11-26T00:50:54.862+0000] {processor.py:829} INFO - Processing file /home/airflow/.local/lib/python3.8/site-packages/airflow/example_dags/example_task_group_decorator.py for tasks to queue
[2023-11-26T00:50:54.865+0000] {logging_mixin.py:154} INFO - [2023-11-26T00:50:54.865+0000] {dagbag.py:536} INFO - Filling up the DagBag from /home/airflow/.local/lib/python3.8/site-packages/airflow/example_dags/example_task_group_decorator.py
[2023-11-26T00:50:54.899+0000] {processor.py:839} INFO - DAG(s) dict_keys(['example_task_group_decorator']) retrieved from /home/airflow/.local/lib/python3.8/site-packages/airflow/example_dags/example_task_group_decorator.py
[2023-11-26T00:50:54.946+0000] {logging_mixin.py:154} INFO - [2023-11-26T00:50:54.945+0000] {dag.py:2941} INFO - Sync 1 DAGs
[2023-11-26T00:50:54.984+0000] {logging_mixin.py:154} INFO - [2023-11-26T00:50:54.983+0000] {dag.py:3722} INFO - Setting next_dagrun for example_task_group_decorator to 2023-11-25T00:50:54.983663+00:00, run_after=2023-11-26T00:50:54.983663+00:00
[2023-11-26T00:50:55.019+0000] {processor.py:179} INFO - Processing /home/airflow/.local/lib/python3.8/site-packages/airflow/example_dags/example_task_group_decorator.py took 0.163 seconds
[2023-11-26T00:51:25.125+0000] {processor.py:157} INFO - Started process (PID=3580) to work on /home/airflow/.local/lib/python3.8/site-packages/airflow/example_dags/example_task_group_decorator.py
[2023-11-26T00:51:25.129+0000] {processor.py:829} INFO - Processing file /home/airflow/.local/lib/python3.8/site-packages/airflow/example_dags/example_task_group_decorator.py for tasks to queue
[2023-11-26T00:51:25.136+0000] {logging_mixin.py:154} INFO - [2023-11-26T00:51:25.136+0000] {dagbag.py:536} INFO - Filling up the DagBag from /home/airflow/.local/lib/python3.8/site-packages/airflow/example_dags/example_task_group_decorator.py
[2023-11-26T00:51:25.166+0000] {processor.py:839} INFO - DAG(s) dict_keys(['example_task_group_decorator']) retrieved from /home/airflow/.local/lib/python3.8/site-packages/airflow/example_dags/example_task_group_decorator.py
[2023-11-26T00:51:25.238+0000] {logging_mixin.py:154} INFO - [2023-11-26T00:51:25.238+0000] {dag.py:2941} INFO - Sync 1 DAGs
[2023-11-26T00:51:25.303+0000] {logging_mixin.py:154} INFO - [2023-11-26T00:51:25.303+0000] {dag.py:3722} INFO - Setting next_dagrun for example_task_group_decorator to 2023-11-25T00:51:25.302939+00:00, run_after=2023-11-26T00:51:25.302939+00:00
[2023-11-26T00:51:25.371+0000] {processor.py:179} INFO - Processing /home/airflow/.local/lib/python3.8/site-packages/airflow/example_dags/example_task_group_decorator.py took 0.253 seconds
[2023-11-26T00:51:56.032+0000] {processor.py:157} INFO - Started process (PID=3634) to work on /home/airflow/.local/lib/python3.8/site-packages/airflow/example_dags/example_task_group_decorator.py
[2023-11-26T00:51:56.035+0000] {processor.py:829} INFO - Processing file /home/airflow/.local/lib/python3.8/site-packages/airflow/example_dags/example_task_group_decorator.py for tasks to queue
[2023-11-26T00:51:56.041+0000] {logging_mixin.py:154} INFO - [2023-11-26T00:51:56.041+0000] {dagbag.py:536} INFO - Filling up the DagBag from /home/airflow/.local/lib/python3.8/site-packages/airflow/example_dags/example_task_group_decorator.py
[2023-11-26T00:51:56.061+0000] {processor.py:839} INFO - DAG(s) dict_keys(['example_task_group_decorator']) retrieved from /home/airflow/.local/lib/python3.8/site-packages/airflow/example_dags/example_task_group_decorator.py
[2023-11-26T00:51:56.129+0000] {logging_mixin.py:154} INFO - [2023-11-26T00:51:56.129+0000] {dag.py:2941} INFO - Sync 1 DAGs
[2023-11-26T00:51:56.184+0000] {logging_mixin.py:154} INFO - [2023-11-26T00:51:56.184+0000] {dag.py:3722} INFO - Setting next_dagrun for example_task_group_decorator to 2023-11-25T00:51:56.184183+00:00, run_after=2023-11-26T00:51:56.184183+00:00
[2023-11-26T00:51:56.252+0000] {processor.py:179} INFO - Processing /home/airflow/.local/lib/python3.8/site-packages/airflow/example_dags/example_task_group_decorator.py took 0.226 seconds
[2023-11-26T00:52:26.983+0000] {processor.py:157} INFO - Started process (PID=3688) to work on /home/airflow/.local/lib/python3.8/site-packages/airflow/example_dags/example_task_group_decorator.py
[2023-11-26T00:52:26.984+0000] {processor.py:829} INFO - Processing file /home/airflow/.local/lib/python3.8/site-packages/airflow/example_dags/example_task_group_decorator.py for tasks to queue
[2023-11-26T00:52:26.989+0000] {logging_mixin.py:154} INFO - [2023-11-26T00:52:26.987+0000] {dagbag.py:536} INFO - Filling up the DagBag from /home/airflow/.local/lib/python3.8/site-packages/airflow/example_dags/example_task_group_decorator.py
[2023-11-26T00:52:27.001+0000] {processor.py:839} INFO - DAG(s) dict_keys(['example_task_group_decorator']) retrieved from /home/airflow/.local/lib/python3.8/site-packages/airflow/example_dags/example_task_group_decorator.py
[2023-11-26T00:52:27.028+0000] {logging_mixin.py:154} INFO - [2023-11-26T00:52:27.027+0000] {dag.py:2941} INFO - Sync 1 DAGs
[2023-11-26T00:52:27.051+0000] {logging_mixin.py:154} INFO - [2023-11-26T00:52:27.051+0000] {dag.py:3722} INFO - Setting next_dagrun for example_task_group_decorator to 2023-11-25T00:52:27.050743+00:00, run_after=2023-11-26T00:52:27.050743+00:00
[2023-11-26T00:52:27.077+0000] {processor.py:179} INFO - Processing /home/airflow/.local/lib/python3.8/site-packages/airflow/example_dags/example_task_group_decorator.py took 0.098 seconds
