[2023-11-26T00:15:53.184+0000] {processor.py:157} INFO - Started process (PID=71) to work on /home/airflow/.local/lib/python3.8/site-packages/airflow/example_dags/example_task_group.py
[2023-11-26T00:15:53.201+0000] {processor.py:829} INFO - Processing file /home/airflow/.local/lib/python3.8/site-packages/airflow/example_dags/example_task_group.py for tasks to queue
[2023-11-26T00:15:53.229+0000] {logging_mixin.py:154} INFO - [2023-11-26T00:15:53.219+0000] {dagbag.py:536} INFO - Filling up the DagBag from /home/airflow/.local/lib/python3.8/site-packages/airflow/example_dags/example_task_group.py
[2023-11-26T00:15:53.406+0000] {processor.py:839} INFO - DAG(s) dict_keys(['example_task_group']) retrieved from /home/airflow/.local/lib/python3.8/site-packages/airflow/example_dags/example_task_group.py
[2023-11-26T00:15:53.880+0000] {logging_mixin.py:154} INFO - [2023-11-26T00:15:53.878+0000] {dag.py:2941} INFO - Sync 1 DAGs
[2023-11-26T00:15:54.235+0000] {logging_mixin.py:154} INFO - [2023-11-26T00:15:54.234+0000] {dag.py:3722} INFO - Setting next_dagrun for example_task_group to 2023-11-25T00:15:54.233954+00:00, run_after=2023-11-26T00:15:54.233954+00:00
[2023-11-26T00:15:54.468+0000] {processor.py:179} INFO - Processing /home/airflow/.local/lib/python3.8/site-packages/airflow/example_dags/example_task_group.py took 1.327 seconds
[2023-11-26T00:16:45.447+0000] {processor.py:157} INFO - Started process (PID=57) to work on /home/airflow/.local/lib/python3.8/site-packages/airflow/example_dags/example_task_group.py
[2023-11-26T00:16:45.451+0000] {processor.py:829} INFO - Processing file /home/airflow/.local/lib/python3.8/site-packages/airflow/example_dags/example_task_group.py for tasks to queue
[2023-11-26T00:16:45.456+0000] {logging_mixin.py:154} INFO - [2023-11-26T00:16:45.455+0000] {dagbag.py:536} INFO - Filling up the DagBag from /home/airflow/.local/lib/python3.8/site-packages/airflow/example_dags/example_task_group.py
[2023-11-26T00:16:45.473+0000] {processor.py:839} INFO - DAG(s) dict_keys(['example_task_group']) retrieved from /home/airflow/.local/lib/python3.8/site-packages/airflow/example_dags/example_task_group.py
[2023-11-26T00:16:45.542+0000] {logging_mixin.py:154} INFO - [2023-11-26T00:16:45.541+0000] {dag.py:2941} INFO - Sync 1 DAGs
[2023-11-26T00:16:45.636+0000] {logging_mixin.py:154} INFO - [2023-11-26T00:16:45.636+0000] {dag.py:3722} INFO - Setting next_dagrun for example_task_group to 2023-11-25T00:16:45.635350+00:00, run_after=2023-11-26T00:16:45.635350+00:00
[2023-11-26T00:16:45.698+0000] {processor.py:179} INFO - Processing /home/airflow/.local/lib/python3.8/site-packages/airflow/example_dags/example_task_group.py took 0.257 seconds
[2023-11-26T00:18:03.454+0000] {processor.py:157} INFO - Started process (PID=58) to work on /home/airflow/.local/lib/python3.8/site-packages/airflow/example_dags/example_task_group.py
[2023-11-26T00:18:03.509+0000] {processor.py:829} INFO - Processing file /home/airflow/.local/lib/python3.8/site-packages/airflow/example_dags/example_task_group.py for tasks to queue
[2023-11-26T00:18:03.530+0000] {logging_mixin.py:154} INFO - [2023-11-26T00:18:03.529+0000] {dagbag.py:536} INFO - Filling up the DagBag from /home/airflow/.local/lib/python3.8/site-packages/airflow/example_dags/example_task_group.py
[2023-11-26T00:18:03.598+0000] {processor.py:839} INFO - DAG(s) dict_keys(['example_task_group']) retrieved from /home/airflow/.local/lib/python3.8/site-packages/airflow/example_dags/example_task_group.py
[2023-11-26T00:18:03.925+0000] {logging_mixin.py:154} INFO - [2023-11-26T00:18:03.924+0000] {dag.py:2941} INFO - Sync 1 DAGs
[2023-11-26T00:18:04.099+0000] {logging_mixin.py:154} INFO - [2023-11-26T00:18:04.097+0000] {dag.py:3722} INFO - Setting next_dagrun for example_task_group to 2023-11-25T00:18:04.095147+00:00, run_after=2023-11-26T00:18:04.095147+00:00
[2023-11-26T00:18:04.230+0000] {processor.py:179} INFO - Processing /home/airflow/.local/lib/python3.8/site-packages/airflow/example_dags/example_task_group.py took 0.824 seconds
[2023-11-26T00:18:35.282+0000] {processor.py:157} INFO - Started process (PID=113) to work on /home/airflow/.local/lib/python3.8/site-packages/airflow/example_dags/example_task_group.py
[2023-11-26T00:18:35.291+0000] {processor.py:829} INFO - Processing file /home/airflow/.local/lib/python3.8/site-packages/airflow/example_dags/example_task_group.py for tasks to queue
[2023-11-26T00:18:35.305+0000] {logging_mixin.py:154} INFO - [2023-11-26T00:18:35.304+0000] {dagbag.py:536} INFO - Filling up the DagBag from /home/airflow/.local/lib/python3.8/site-packages/airflow/example_dags/example_task_group.py
[2023-11-26T00:18:35.400+0000] {processor.py:839} INFO - DAG(s) dict_keys(['example_task_group']) retrieved from /home/airflow/.local/lib/python3.8/site-packages/airflow/example_dags/example_task_group.py
[2023-11-26T00:18:35.574+0000] {logging_mixin.py:154} INFO - [2023-11-26T00:18:35.573+0000] {dag.py:2941} INFO - Sync 1 DAGs
[2023-11-26T00:18:35.679+0000] {logging_mixin.py:154} INFO - [2023-11-26T00:18:35.678+0000] {dag.py:3722} INFO - Setting next_dagrun for example_task_group to 2023-11-25T00:18:35.677975+00:00, run_after=2023-11-26T00:18:35.677975+00:00
[2023-11-26T00:18:35.774+0000] {processor.py:179} INFO - Processing /home/airflow/.local/lib/python3.8/site-packages/airflow/example_dags/example_task_group.py took 0.528 seconds
[2023-11-26T00:19:06.619+0000] {processor.py:157} INFO - Started process (PID=167) to work on /home/airflow/.local/lib/python3.8/site-packages/airflow/example_dags/example_task_group.py
[2023-11-26T00:19:06.626+0000] {processor.py:829} INFO - Processing file /home/airflow/.local/lib/python3.8/site-packages/airflow/example_dags/example_task_group.py for tasks to queue
[2023-11-26T00:19:06.636+0000] {logging_mixin.py:154} INFO - [2023-11-26T00:19:06.634+0000] {dagbag.py:536} INFO - Filling up the DagBag from /home/airflow/.local/lib/python3.8/site-packages/airflow/example_dags/example_task_group.py
[2023-11-26T00:19:06.671+0000] {processor.py:839} INFO - DAG(s) dict_keys(['example_task_group']) retrieved from /home/airflow/.local/lib/python3.8/site-packages/airflow/example_dags/example_task_group.py
[2023-11-26T00:19:06.764+0000] {logging_mixin.py:154} INFO - [2023-11-26T00:19:06.763+0000] {dag.py:2941} INFO - Sync 1 DAGs
[2023-11-26T00:19:06.864+0000] {logging_mixin.py:154} INFO - [2023-11-26T00:19:06.864+0000] {dag.py:3722} INFO - Setting next_dagrun for example_task_group to 2023-11-25T00:19:06.863572+00:00, run_after=2023-11-26T00:19:06.863572+00:00
[2023-11-26T00:19:06.983+0000] {processor.py:179} INFO - Processing /home/airflow/.local/lib/python3.8/site-packages/airflow/example_dags/example_task_group.py took 0.388 seconds
[2023-11-26T00:19:37.614+0000] {processor.py:157} INFO - Started process (PID=221) to work on /home/airflow/.local/lib/python3.8/site-packages/airflow/example_dags/example_task_group.py
[2023-11-26T00:19:37.619+0000] {processor.py:829} INFO - Processing file /home/airflow/.local/lib/python3.8/site-packages/airflow/example_dags/example_task_group.py for tasks to queue
[2023-11-26T00:19:37.633+0000] {logging_mixin.py:154} INFO - [2023-11-26T00:19:37.632+0000] {dagbag.py:536} INFO - Filling up the DagBag from /home/airflow/.local/lib/python3.8/site-packages/airflow/example_dags/example_task_group.py
[2023-11-26T00:19:37.665+0000] {processor.py:839} INFO - DAG(s) dict_keys(['example_task_group']) retrieved from /home/airflow/.local/lib/python3.8/site-packages/airflow/example_dags/example_task_group.py
[2023-11-26T00:19:37.748+0000] {logging_mixin.py:154} INFO - [2023-11-26T00:19:37.748+0000] {dag.py:2941} INFO - Sync 1 DAGs
[2023-11-26T00:19:37.810+0000] {logging_mixin.py:154} INFO - [2023-11-26T00:19:37.808+0000] {dag.py:3722} INFO - Setting next_dagrun for example_task_group to 2023-11-25T00:19:37.805845+00:00, run_after=2023-11-26T00:19:37.805845+00:00
[2023-11-26T00:19:37.983+0000] {processor.py:179} INFO - Processing /home/airflow/.local/lib/python3.8/site-packages/airflow/example_dags/example_task_group.py took 0.374 seconds
[2023-11-26T00:20:08.122+0000] {processor.py:157} INFO - Started process (PID=274) to work on /home/airflow/.local/lib/python3.8/site-packages/airflow/example_dags/example_task_group.py
[2023-11-26T00:20:08.125+0000] {processor.py:829} INFO - Processing file /home/airflow/.local/lib/python3.8/site-packages/airflow/example_dags/example_task_group.py for tasks to queue
[2023-11-26T00:20:08.137+0000] {logging_mixin.py:154} INFO - [2023-11-26T00:20:08.136+0000] {dagbag.py:536} INFO - Filling up the DagBag from /home/airflow/.local/lib/python3.8/site-packages/airflow/example_dags/example_task_group.py
[2023-11-26T00:20:08.158+0000] {processor.py:839} INFO - DAG(s) dict_keys(['example_task_group']) retrieved from /home/airflow/.local/lib/python3.8/site-packages/airflow/example_dags/example_task_group.py
[2023-11-26T00:20:08.267+0000] {logging_mixin.py:154} INFO - [2023-11-26T00:20:08.266+0000] {dag.py:2941} INFO - Sync 1 DAGs
[2023-11-26T00:20:08.378+0000] {logging_mixin.py:154} INFO - [2023-11-26T00:20:08.376+0000] {dag.py:3722} INFO - Setting next_dagrun for example_task_group to 2023-11-25T00:20:08.374736+00:00, run_after=2023-11-26T00:20:08.374736+00:00
[2023-11-26T00:20:08.541+0000] {processor.py:179} INFO - Processing /home/airflow/.local/lib/python3.8/site-packages/airflow/example_dags/example_task_group.py took 0.431 seconds
[2023-11-26T00:20:38.761+0000] {processor.py:157} INFO - Started process (PID=328) to work on /home/airflow/.local/lib/python3.8/site-packages/airflow/example_dags/example_task_group.py
[2023-11-26T00:20:38.764+0000] {processor.py:829} INFO - Processing file /home/airflow/.local/lib/python3.8/site-packages/airflow/example_dags/example_task_group.py for tasks to queue
[2023-11-26T00:20:38.773+0000] {logging_mixin.py:154} INFO - [2023-11-26T00:20:38.771+0000] {dagbag.py:536} INFO - Filling up the DagBag from /home/airflow/.local/lib/python3.8/site-packages/airflow/example_dags/example_task_group.py
[2023-11-26T00:20:38.795+0000] {processor.py:839} INFO - DAG(s) dict_keys(['example_task_group']) retrieved from /home/airflow/.local/lib/python3.8/site-packages/airflow/example_dags/example_task_group.py
[2023-11-26T00:20:38.867+0000] {logging_mixin.py:154} INFO - [2023-11-26T00:20:38.867+0000] {dag.py:2941} INFO - Sync 1 DAGs
[2023-11-26T00:20:38.944+0000] {logging_mixin.py:154} INFO - [2023-11-26T00:20:38.943+0000] {dag.py:3722} INFO - Setting next_dagrun for example_task_group to 2023-11-25T00:20:38.942161+00:00, run_after=2023-11-26T00:20:38.942161+00:00
[2023-11-26T00:20:39.042+0000] {processor.py:179} INFO - Processing /home/airflow/.local/lib/python3.8/site-packages/airflow/example_dags/example_task_group.py took 0.290 seconds
[2023-11-26T00:21:09.971+0000] {processor.py:157} INFO - Started process (PID=382) to work on /home/airflow/.local/lib/python3.8/site-packages/airflow/example_dags/example_task_group.py
[2023-11-26T00:21:09.975+0000] {processor.py:829} INFO - Processing file /home/airflow/.local/lib/python3.8/site-packages/airflow/example_dags/example_task_group.py for tasks to queue
[2023-11-26T00:21:09.983+0000] {logging_mixin.py:154} INFO - [2023-11-26T00:21:09.983+0000] {dagbag.py:536} INFO - Filling up the DagBag from /home/airflow/.local/lib/python3.8/site-packages/airflow/example_dags/example_task_group.py
[2023-11-26T00:21:09.997+0000] {processor.py:839} INFO - DAG(s) dict_keys(['example_task_group']) retrieved from /home/airflow/.local/lib/python3.8/site-packages/airflow/example_dags/example_task_group.py
[2023-11-26T00:21:10.073+0000] {logging_mixin.py:154} INFO - [2023-11-26T00:21:10.070+0000] {dag.py:2941} INFO - Sync 1 DAGs
[2023-11-26T00:21:10.150+0000] {logging_mixin.py:154} INFO - [2023-11-26T00:21:10.149+0000] {dag.py:3722} INFO - Setting next_dagrun for example_task_group to 2023-11-25T00:21:10.149340+00:00, run_after=2023-11-26T00:21:10.149340+00:00
[2023-11-26T00:21:10.229+0000] {processor.py:179} INFO - Processing /home/airflow/.local/lib/python3.8/site-packages/airflow/example_dags/example_task_group.py took 0.264 seconds
[2023-11-26T00:21:41.980+0000] {processor.py:157} INFO - Started process (PID=436) to work on /home/airflow/.local/lib/python3.8/site-packages/airflow/example_dags/example_task_group.py
[2023-11-26T00:21:42.018+0000] {processor.py:829} INFO - Processing file /home/airflow/.local/lib/python3.8/site-packages/airflow/example_dags/example_task_group.py for tasks to queue
[2023-11-26T00:21:42.073+0000] {logging_mixin.py:154} INFO - [2023-11-26T00:21:42.071+0000] {dagbag.py:536} INFO - Filling up the DagBag from /home/airflow/.local/lib/python3.8/site-packages/airflow/example_dags/example_task_group.py
[2023-11-26T00:21:42.254+0000] {processor.py:839} INFO - DAG(s) dict_keys(['example_task_group']) retrieved from /home/airflow/.local/lib/python3.8/site-packages/airflow/example_dags/example_task_group.py
[2023-11-26T00:21:42.699+0000] {logging_mixin.py:154} INFO - [2023-11-26T00:21:42.697+0000] {dag.py:2941} INFO - Sync 1 DAGs
[2023-11-26T00:21:43.112+0000] {logging_mixin.py:154} INFO - [2023-11-26T00:21:43.111+0000] {dag.py:3722} INFO - Setting next_dagrun for example_task_group to 2023-11-25T00:21:43.110529+00:00, run_after=2023-11-26T00:21:43.110529+00:00
[2023-11-26T00:21:43.406+0000] {processor.py:179} INFO - Processing /home/airflow/.local/lib/python3.8/site-packages/airflow/example_dags/example_task_group.py took 1.508 seconds
[2023-11-26T00:22:14.935+0000] {processor.py:157} INFO - Started process (PID=491) to work on /home/airflow/.local/lib/python3.8/site-packages/airflow/example_dags/example_task_group.py
[2023-11-26T00:22:14.945+0000] {processor.py:829} INFO - Processing file /home/airflow/.local/lib/python3.8/site-packages/airflow/example_dags/example_task_group.py for tasks to queue
[2023-11-26T00:22:14.973+0000] {logging_mixin.py:154} INFO - [2023-11-26T00:22:14.971+0000] {dagbag.py:536} INFO - Filling up the DagBag from /home/airflow/.local/lib/python3.8/site-packages/airflow/example_dags/example_task_group.py
[2023-11-26T00:22:15.020+0000] {processor.py:839} INFO - DAG(s) dict_keys(['example_task_group']) retrieved from /home/airflow/.local/lib/python3.8/site-packages/airflow/example_dags/example_task_group.py
[2023-11-26T00:22:15.268+0000] {logging_mixin.py:154} INFO - [2023-11-26T00:22:15.267+0000] {dag.py:2941} INFO - Sync 1 DAGs
[2023-11-26T00:22:15.504+0000] {logging_mixin.py:154} INFO - [2023-11-26T00:22:15.496+0000] {dag.py:3722} INFO - Setting next_dagrun for example_task_group to 2023-11-25T00:22:15.494012+00:00, run_after=2023-11-26T00:22:15.494012+00:00
[2023-11-26T00:22:15.686+0000] {processor.py:179} INFO - Processing /home/airflow/.local/lib/python3.8/site-packages/airflow/example_dags/example_task_group.py took 0.780 seconds
[2023-11-26T00:22:47.255+0000] {processor.py:157} INFO - Started process (PID=544) to work on /home/airflow/.local/lib/python3.8/site-packages/airflow/example_dags/example_task_group.py
[2023-11-26T00:22:47.262+0000] {processor.py:829} INFO - Processing file /home/airflow/.local/lib/python3.8/site-packages/airflow/example_dags/example_task_group.py for tasks to queue
[2023-11-26T00:22:47.279+0000] {logging_mixin.py:154} INFO - [2023-11-26T00:22:47.273+0000] {dagbag.py:536} INFO - Filling up the DagBag from /home/airflow/.local/lib/python3.8/site-packages/airflow/example_dags/example_task_group.py
[2023-11-26T00:22:47.334+0000] {processor.py:839} INFO - DAG(s) dict_keys(['example_task_group']) retrieved from /home/airflow/.local/lib/python3.8/site-packages/airflow/example_dags/example_task_group.py
[2023-11-26T00:22:47.481+0000] {logging_mixin.py:154} INFO - [2023-11-26T00:22:47.480+0000] {dag.py:2941} INFO - Sync 1 DAGs
[2023-11-26T00:22:47.614+0000] {logging_mixin.py:154} INFO - [2023-11-26T00:22:47.613+0000] {dag.py:3722} INFO - Setting next_dagrun for example_task_group to 2023-11-25T00:22:47.612489+00:00, run_after=2023-11-26T00:22:47.612489+00:00
[2023-11-26T00:22:47.746+0000] {processor.py:179} INFO - Processing /home/airflow/.local/lib/python3.8/site-packages/airflow/example_dags/example_task_group.py took 0.516 seconds
[2023-11-26T00:23:18.557+0000] {processor.py:157} INFO - Started process (PID=597) to work on /home/airflow/.local/lib/python3.8/site-packages/airflow/example_dags/example_task_group.py
[2023-11-26T00:23:18.559+0000] {processor.py:829} INFO - Processing file /home/airflow/.local/lib/python3.8/site-packages/airflow/example_dags/example_task_group.py for tasks to queue
[2023-11-26T00:23:18.563+0000] {logging_mixin.py:154} INFO - [2023-11-26T00:23:18.562+0000] {dagbag.py:536} INFO - Filling up the DagBag from /home/airflow/.local/lib/python3.8/site-packages/airflow/example_dags/example_task_group.py
[2023-11-26T00:23:18.578+0000] {processor.py:839} INFO - DAG(s) dict_keys(['example_task_group']) retrieved from /home/airflow/.local/lib/python3.8/site-packages/airflow/example_dags/example_task_group.py
[2023-11-26T00:23:18.635+0000] {logging_mixin.py:154} INFO - [2023-11-26T00:23:18.635+0000] {dag.py:2941} INFO - Sync 1 DAGs
[2023-11-26T00:23:18.695+0000] {logging_mixin.py:154} INFO - [2023-11-26T00:23:18.694+0000] {dag.py:3722} INFO - Setting next_dagrun for example_task_group to 2023-11-25T00:23:18.693637+00:00, run_after=2023-11-26T00:23:18.693637+00:00
[2023-11-26T00:23:18.751+0000] {processor.py:179} INFO - Processing /home/airflow/.local/lib/python3.8/site-packages/airflow/example_dags/example_task_group.py took 0.197 seconds
[2023-11-26T00:23:49.260+0000] {processor.py:157} INFO - Started process (PID=651) to work on /home/airflow/.local/lib/python3.8/site-packages/airflow/example_dags/example_task_group.py
[2023-11-26T00:23:49.263+0000] {processor.py:829} INFO - Processing file /home/airflow/.local/lib/python3.8/site-packages/airflow/example_dags/example_task_group.py for tasks to queue
[2023-11-26T00:23:49.268+0000] {logging_mixin.py:154} INFO - [2023-11-26T00:23:49.267+0000] {dagbag.py:536} INFO - Filling up the DagBag from /home/airflow/.local/lib/python3.8/site-packages/airflow/example_dags/example_task_group.py
[2023-11-26T00:23:49.281+0000] {processor.py:839} INFO - DAG(s) dict_keys(['example_task_group']) retrieved from /home/airflow/.local/lib/python3.8/site-packages/airflow/example_dags/example_task_group.py
[2023-11-26T00:23:49.340+0000] {logging_mixin.py:154} INFO - [2023-11-26T00:23:49.339+0000] {dag.py:2941} INFO - Sync 1 DAGs
[2023-11-26T00:23:49.453+0000] {logging_mixin.py:154} INFO - [2023-11-26T00:23:49.452+0000] {dag.py:3722} INFO - Setting next_dagrun for example_task_group to 2023-11-25T00:23:49.450251+00:00, run_after=2023-11-26T00:23:49.450251+00:00
[2023-11-26T00:23:49.555+0000] {processor.py:179} INFO - Processing /home/airflow/.local/lib/python3.8/site-packages/airflow/example_dags/example_task_group.py took 0.303 seconds
[2023-11-26T00:24:20.306+0000] {processor.py:157} INFO - Started process (PID=705) to work on /home/airflow/.local/lib/python3.8/site-packages/airflow/example_dags/example_task_group.py
[2023-11-26T00:24:20.309+0000] {processor.py:829} INFO - Processing file /home/airflow/.local/lib/python3.8/site-packages/airflow/example_dags/example_task_group.py for tasks to queue
[2023-11-26T00:24:20.315+0000] {logging_mixin.py:154} INFO - [2023-11-26T00:24:20.314+0000] {dagbag.py:536} INFO - Filling up the DagBag from /home/airflow/.local/lib/python3.8/site-packages/airflow/example_dags/example_task_group.py
[2023-11-26T00:24:20.327+0000] {processor.py:839} INFO - DAG(s) dict_keys(['example_task_group']) retrieved from /home/airflow/.local/lib/python3.8/site-packages/airflow/example_dags/example_task_group.py
[2023-11-26T00:24:20.404+0000] {logging_mixin.py:154} INFO - [2023-11-26T00:24:20.404+0000] {dag.py:2941} INFO - Sync 1 DAGs
[2023-11-26T00:24:20.454+0000] {logging_mixin.py:154} INFO - [2023-11-26T00:24:20.453+0000] {dag.py:3722} INFO - Setting next_dagrun for example_task_group to 2023-11-25T00:24:20.453276+00:00, run_after=2023-11-26T00:24:20.453276+00:00
[2023-11-26T00:24:20.505+0000] {processor.py:179} INFO - Processing /home/airflow/.local/lib/python3.8/site-packages/airflow/example_dags/example_task_group.py took 0.207 seconds
[2023-11-26T00:24:51.120+0000] {processor.py:157} INFO - Started process (PID=759) to work on /home/airflow/.local/lib/python3.8/site-packages/airflow/example_dags/example_task_group.py
[2023-11-26T00:24:51.136+0000] {processor.py:829} INFO - Processing file /home/airflow/.local/lib/python3.8/site-packages/airflow/example_dags/example_task_group.py for tasks to queue
[2023-11-26T00:24:51.162+0000] {logging_mixin.py:154} INFO - [2023-11-26T00:24:51.160+0000] {dagbag.py:536} INFO - Filling up the DagBag from /home/airflow/.local/lib/python3.8/site-packages/airflow/example_dags/example_task_group.py
[2023-11-26T00:24:51.193+0000] {processor.py:839} INFO - DAG(s) dict_keys(['example_task_group']) retrieved from /home/airflow/.local/lib/python3.8/site-packages/airflow/example_dags/example_task_group.py
[2023-11-26T00:24:51.317+0000] {logging_mixin.py:154} INFO - [2023-11-26T00:24:51.316+0000] {dag.py:2941} INFO - Sync 1 DAGs
[2023-11-26T00:24:51.417+0000] {logging_mixin.py:154} INFO - [2023-11-26T00:24:51.417+0000] {dag.py:3722} INFO - Setting next_dagrun for example_task_group to 2023-11-25T00:24:51.416679+00:00, run_after=2023-11-26T00:24:51.416679+00:00
[2023-11-26T00:24:51.515+0000] {processor.py:179} INFO - Processing /home/airflow/.local/lib/python3.8/site-packages/airflow/example_dags/example_task_group.py took 0.408 seconds
[2023-11-26T00:25:21.759+0000] {processor.py:157} INFO - Started process (PID=813) to work on /home/airflow/.local/lib/python3.8/site-packages/airflow/example_dags/example_task_group.py
[2023-11-26T00:25:21.761+0000] {processor.py:829} INFO - Processing file /home/airflow/.local/lib/python3.8/site-packages/airflow/example_dags/example_task_group.py for tasks to queue
[2023-11-26T00:25:21.768+0000] {logging_mixin.py:154} INFO - [2023-11-26T00:25:21.768+0000] {dagbag.py:536} INFO - Filling up the DagBag from /home/airflow/.local/lib/python3.8/site-packages/airflow/example_dags/example_task_group.py
[2023-11-26T00:25:21.789+0000] {processor.py:839} INFO - DAG(s) dict_keys(['example_task_group']) retrieved from /home/airflow/.local/lib/python3.8/site-packages/airflow/example_dags/example_task_group.py
[2023-11-26T00:25:21.867+0000] {logging_mixin.py:154} INFO - [2023-11-26T00:25:21.867+0000] {dag.py:2941} INFO - Sync 1 DAGs
[2023-11-26T00:25:22.018+0000] {logging_mixin.py:154} INFO - [2023-11-26T00:25:22.016+0000] {dag.py:3722} INFO - Setting next_dagrun for example_task_group to 2023-11-25T00:25:22.014484+00:00, run_after=2023-11-26T00:25:22.014484+00:00
[2023-11-26T00:25:22.112+0000] {processor.py:179} INFO - Processing /home/airflow/.local/lib/python3.8/site-packages/airflow/example_dags/example_task_group.py took 0.362 seconds
[2023-11-26T00:25:52.362+0000] {processor.py:157} INFO - Started process (PID=868) to work on /home/airflow/.local/lib/python3.8/site-packages/airflow/example_dags/example_task_group.py
[2023-11-26T00:25:52.364+0000] {processor.py:829} INFO - Processing file /home/airflow/.local/lib/python3.8/site-packages/airflow/example_dags/example_task_group.py for tasks to queue
[2023-11-26T00:25:52.369+0000] {logging_mixin.py:154} INFO - [2023-11-26T00:25:52.369+0000] {dagbag.py:536} INFO - Filling up the DagBag from /home/airflow/.local/lib/python3.8/site-packages/airflow/example_dags/example_task_group.py
[2023-11-26T00:25:52.388+0000] {processor.py:839} INFO - DAG(s) dict_keys(['example_task_group']) retrieved from /home/airflow/.local/lib/python3.8/site-packages/airflow/example_dags/example_task_group.py
[2023-11-26T00:25:52.449+0000] {logging_mixin.py:154} INFO - [2023-11-26T00:25:52.449+0000] {dag.py:2941} INFO - Sync 1 DAGs
[2023-11-26T00:25:52.509+0000] {logging_mixin.py:154} INFO - [2023-11-26T00:25:52.509+0000] {dag.py:3722} INFO - Setting next_dagrun for example_task_group to 2023-11-25T00:25:52.508978+00:00, run_after=2023-11-26T00:25:52.508978+00:00
[2023-11-26T00:25:52.561+0000] {processor.py:179} INFO - Processing /home/airflow/.local/lib/python3.8/site-packages/airflow/example_dags/example_task_group.py took 0.204 seconds
[2023-11-26T00:26:22.711+0000] {processor.py:157} INFO - Started process (PID=922) to work on /home/airflow/.local/lib/python3.8/site-packages/airflow/example_dags/example_task_group.py
[2023-11-26T00:26:22.713+0000] {processor.py:829} INFO - Processing file /home/airflow/.local/lib/python3.8/site-packages/airflow/example_dags/example_task_group.py for tasks to queue
[2023-11-26T00:26:22.717+0000] {logging_mixin.py:154} INFO - [2023-11-26T00:26:22.717+0000] {dagbag.py:536} INFO - Filling up the DagBag from /home/airflow/.local/lib/python3.8/site-packages/airflow/example_dags/example_task_group.py
[2023-11-26T00:26:22.731+0000] {processor.py:839} INFO - DAG(s) dict_keys(['example_task_group']) retrieved from /home/airflow/.local/lib/python3.8/site-packages/airflow/example_dags/example_task_group.py
[2023-11-26T00:26:22.780+0000] {logging_mixin.py:154} INFO - [2023-11-26T00:26:22.779+0000] {dag.py:2941} INFO - Sync 1 DAGs
[2023-11-26T00:26:22.820+0000] {logging_mixin.py:154} INFO - [2023-11-26T00:26:22.819+0000] {dag.py:3722} INFO - Setting next_dagrun for example_task_group to 2023-11-25T00:26:22.818796+00:00, run_after=2023-11-26T00:26:22.818796+00:00
[2023-11-26T00:26:22.865+0000] {processor.py:179} INFO - Processing /home/airflow/.local/lib/python3.8/site-packages/airflow/example_dags/example_task_group.py took 0.159 seconds
[2023-11-26T00:26:53.815+0000] {processor.py:157} INFO - Started process (PID=976) to work on /home/airflow/.local/lib/python3.8/site-packages/airflow/example_dags/example_task_group.py
[2023-11-26T00:26:53.817+0000] {processor.py:829} INFO - Processing file /home/airflow/.local/lib/python3.8/site-packages/airflow/example_dags/example_task_group.py for tasks to queue
[2023-11-26T00:26:53.820+0000] {logging_mixin.py:154} INFO - [2023-11-26T00:26:53.820+0000] {dagbag.py:536} INFO - Filling up the DagBag from /home/airflow/.local/lib/python3.8/site-packages/airflow/example_dags/example_task_group.py
[2023-11-26T00:26:53.831+0000] {processor.py:839} INFO - DAG(s) dict_keys(['example_task_group']) retrieved from /home/airflow/.local/lib/python3.8/site-packages/airflow/example_dags/example_task_group.py
[2023-11-26T00:26:53.869+0000] {logging_mixin.py:154} INFO - [2023-11-26T00:26:53.868+0000] {dag.py:2941} INFO - Sync 1 DAGs
[2023-11-26T00:26:53.907+0000] {logging_mixin.py:154} INFO - [2023-11-26T00:26:53.906+0000] {dag.py:3722} INFO - Setting next_dagrun for example_task_group to 2023-11-25T00:26:53.906298+00:00, run_after=2023-11-26T00:26:53.906298+00:00
[2023-11-26T00:26:53.944+0000] {processor.py:179} INFO - Processing /home/airflow/.local/lib/python3.8/site-packages/airflow/example_dags/example_task_group.py took 0.133 seconds
[2023-11-26T00:27:24.723+0000] {processor.py:157} INFO - Started process (PID=1030) to work on /home/airflow/.local/lib/python3.8/site-packages/airflow/example_dags/example_task_group.py
[2023-11-26T00:27:24.727+0000] {processor.py:829} INFO - Processing file /home/airflow/.local/lib/python3.8/site-packages/airflow/example_dags/example_task_group.py for tasks to queue
[2023-11-26T00:27:24.734+0000] {logging_mixin.py:154} INFO - [2023-11-26T00:27:24.733+0000] {dagbag.py:536} INFO - Filling up the DagBag from /home/airflow/.local/lib/python3.8/site-packages/airflow/example_dags/example_task_group.py
[2023-11-26T00:27:24.754+0000] {processor.py:839} INFO - DAG(s) dict_keys(['example_task_group']) retrieved from /home/airflow/.local/lib/python3.8/site-packages/airflow/example_dags/example_task_group.py
[2023-11-26T00:27:24.822+0000] {logging_mixin.py:154} INFO - [2023-11-26T00:27:24.821+0000] {dag.py:2941} INFO - Sync 1 DAGs
[2023-11-26T00:27:24.857+0000] {logging_mixin.py:154} INFO - [2023-11-26T00:27:24.857+0000] {dag.py:3722} INFO - Setting next_dagrun for example_task_group to 2023-11-25T00:27:24.856912+00:00, run_after=2023-11-26T00:27:24.856912+00:00
[2023-11-26T00:27:24.901+0000] {processor.py:179} INFO - Processing /home/airflow/.local/lib/python3.8/site-packages/airflow/example_dags/example_task_group.py took 0.186 seconds
[2023-11-26T00:27:55.367+0000] {processor.py:157} INFO - Started process (PID=1084) to work on /home/airflow/.local/lib/python3.8/site-packages/airflow/example_dags/example_task_group.py
[2023-11-26T00:27:55.370+0000] {processor.py:829} INFO - Processing file /home/airflow/.local/lib/python3.8/site-packages/airflow/example_dags/example_task_group.py for tasks to queue
[2023-11-26T00:27:55.375+0000] {logging_mixin.py:154} INFO - [2023-11-26T00:27:55.374+0000] {dagbag.py:536} INFO - Filling up the DagBag from /home/airflow/.local/lib/python3.8/site-packages/airflow/example_dags/example_task_group.py
[2023-11-26T00:27:55.392+0000] {processor.py:839} INFO - DAG(s) dict_keys(['example_task_group']) retrieved from /home/airflow/.local/lib/python3.8/site-packages/airflow/example_dags/example_task_group.py
[2023-11-26T00:27:55.443+0000] {logging_mixin.py:154} INFO - [2023-11-26T00:27:55.443+0000] {dag.py:2941} INFO - Sync 1 DAGs
[2023-11-26T00:27:55.483+0000] {logging_mixin.py:154} INFO - [2023-11-26T00:27:55.483+0000] {dag.py:3722} INFO - Setting next_dagrun for example_task_group to 2023-11-25T00:27:55.480328+00:00, run_after=2023-11-26T00:27:55.480328+00:00
[2023-11-26T00:27:55.507+0000] {processor.py:179} INFO - Processing /home/airflow/.local/lib/python3.8/site-packages/airflow/example_dags/example_task_group.py took 0.148 seconds
[2023-11-26T00:28:25.925+0000] {processor.py:157} INFO - Started process (PID=1144) to work on /home/airflow/.local/lib/python3.8/site-packages/airflow/example_dags/example_task_group.py
[2023-11-26T00:28:25.926+0000] {processor.py:829} INFO - Processing file /home/airflow/.local/lib/python3.8/site-packages/airflow/example_dags/example_task_group.py for tasks to queue
[2023-11-26T00:28:25.931+0000] {logging_mixin.py:154} INFO - [2023-11-26T00:28:25.930+0000] {dagbag.py:536} INFO - Filling up the DagBag from /home/airflow/.local/lib/python3.8/site-packages/airflow/example_dags/example_task_group.py
[2023-11-26T00:28:25.943+0000] {processor.py:839} INFO - DAG(s) dict_keys(['example_task_group']) retrieved from /home/airflow/.local/lib/python3.8/site-packages/airflow/example_dags/example_task_group.py
[2023-11-26T00:28:25.979+0000] {logging_mixin.py:154} INFO - [2023-11-26T00:28:25.978+0000] {dag.py:2941} INFO - Sync 1 DAGs
[2023-11-26T00:28:26.010+0000] {logging_mixin.py:154} INFO - [2023-11-26T00:28:26.009+0000] {dag.py:3722} INFO - Setting next_dagrun for example_task_group to 2023-11-25T00:28:26.009664+00:00, run_after=2023-11-26T00:28:26.009664+00:00
[2023-11-26T00:28:26.042+0000] {processor.py:179} INFO - Processing /home/airflow/.local/lib/python3.8/site-packages/airflow/example_dags/example_task_group.py took 0.122 seconds
[2023-11-26T00:28:56.701+0000] {processor.py:157} INFO - Started process (PID=1198) to work on /home/airflow/.local/lib/python3.8/site-packages/airflow/example_dags/example_task_group.py
[2023-11-26T00:28:56.703+0000] {processor.py:829} INFO - Processing file /home/airflow/.local/lib/python3.8/site-packages/airflow/example_dags/example_task_group.py for tasks to queue
[2023-11-26T00:28:56.707+0000] {logging_mixin.py:154} INFO - [2023-11-26T00:28:56.706+0000] {dagbag.py:536} INFO - Filling up the DagBag from /home/airflow/.local/lib/python3.8/site-packages/airflow/example_dags/example_task_group.py
[2023-11-26T00:28:56.716+0000] {processor.py:839} INFO - DAG(s) dict_keys(['example_task_group']) retrieved from /home/airflow/.local/lib/python3.8/site-packages/airflow/example_dags/example_task_group.py
[2023-11-26T00:28:56.749+0000] {logging_mixin.py:154} INFO - [2023-11-26T00:28:56.748+0000] {dag.py:2941} INFO - Sync 1 DAGs
[2023-11-26T00:28:56.779+0000] {logging_mixin.py:154} INFO - [2023-11-26T00:28:56.779+0000] {dag.py:3722} INFO - Setting next_dagrun for example_task_group to 2023-11-25T00:28:56.778921+00:00, run_after=2023-11-26T00:28:56.778921+00:00
[2023-11-26T00:28:56.812+0000] {processor.py:179} INFO - Processing /home/airflow/.local/lib/python3.8/site-packages/airflow/example_dags/example_task_group.py took 0.115 seconds
[2023-11-26T00:29:26.970+0000] {processor.py:157} INFO - Started process (PID=1252) to work on /home/airflow/.local/lib/python3.8/site-packages/airflow/example_dags/example_task_group.py
[2023-11-26T00:29:26.973+0000] {processor.py:829} INFO - Processing file /home/airflow/.local/lib/python3.8/site-packages/airflow/example_dags/example_task_group.py for tasks to queue
[2023-11-26T00:29:26.978+0000] {logging_mixin.py:154} INFO - [2023-11-26T00:29:26.977+0000] {dagbag.py:536} INFO - Filling up the DagBag from /home/airflow/.local/lib/python3.8/site-packages/airflow/example_dags/example_task_group.py
[2023-11-26T00:29:26.993+0000] {processor.py:839} INFO - DAG(s) dict_keys(['example_task_group']) retrieved from /home/airflow/.local/lib/python3.8/site-packages/airflow/example_dags/example_task_group.py
[2023-11-26T00:29:27.032+0000] {logging_mixin.py:154} INFO - [2023-11-26T00:29:27.032+0000] {dag.py:2941} INFO - Sync 1 DAGs
[2023-11-26T00:29:27.060+0000] {logging_mixin.py:154} INFO - [2023-11-26T00:29:27.059+0000] {dag.py:3722} INFO - Setting next_dagrun for example_task_group to 2023-11-25T00:29:27.059537+00:00, run_after=2023-11-26T00:29:27.059537+00:00
[2023-11-26T00:29:27.086+0000] {processor.py:179} INFO - Processing /home/airflow/.local/lib/python3.8/site-packages/airflow/example_dags/example_task_group.py took 0.123 seconds
[2023-11-26T00:29:57.936+0000] {processor.py:157} INFO - Started process (PID=1306) to work on /home/airflow/.local/lib/python3.8/site-packages/airflow/example_dags/example_task_group.py
[2023-11-26T00:29:57.938+0000] {processor.py:829} INFO - Processing file /home/airflow/.local/lib/python3.8/site-packages/airflow/example_dags/example_task_group.py for tasks to queue
[2023-11-26T00:29:57.942+0000] {logging_mixin.py:154} INFO - [2023-11-26T00:29:57.942+0000] {dagbag.py:536} INFO - Filling up the DagBag from /home/airflow/.local/lib/python3.8/site-packages/airflow/example_dags/example_task_group.py
[2023-11-26T00:29:57.959+0000] {processor.py:839} INFO - DAG(s) dict_keys(['example_task_group']) retrieved from /home/airflow/.local/lib/python3.8/site-packages/airflow/example_dags/example_task_group.py
[2023-11-26T00:29:57.990+0000] {logging_mixin.py:154} INFO - [2023-11-26T00:29:57.990+0000] {dag.py:2941} INFO - Sync 1 DAGs
[2023-11-26T00:29:58.023+0000] {logging_mixin.py:154} INFO - [2023-11-26T00:29:58.023+0000] {dag.py:3722} INFO - Setting next_dagrun for example_task_group to 2023-11-25T00:29:58.023273+00:00, run_after=2023-11-26T00:29:58.023273+00:00
[2023-11-26T00:29:58.055+0000] {processor.py:179} INFO - Processing /home/airflow/.local/lib/python3.8/site-packages/airflow/example_dags/example_task_group.py took 0.124 seconds
[2023-11-26T00:30:28.131+0000] {processor.py:157} INFO - Started process (PID=1360) to work on /home/airflow/.local/lib/python3.8/site-packages/airflow/example_dags/example_task_group.py
[2023-11-26T00:30:28.134+0000] {processor.py:829} INFO - Processing file /home/airflow/.local/lib/python3.8/site-packages/airflow/example_dags/example_task_group.py for tasks to queue
[2023-11-26T00:30:28.137+0000] {logging_mixin.py:154} INFO - [2023-11-26T00:30:28.137+0000] {dagbag.py:536} INFO - Filling up the DagBag from /home/airflow/.local/lib/python3.8/site-packages/airflow/example_dags/example_task_group.py
[2023-11-26T00:30:28.147+0000] {processor.py:839} INFO - DAG(s) dict_keys(['example_task_group']) retrieved from /home/airflow/.local/lib/python3.8/site-packages/airflow/example_dags/example_task_group.py
[2023-11-26T00:30:28.172+0000] {logging_mixin.py:154} INFO - [2023-11-26T00:30:28.172+0000] {dag.py:2941} INFO - Sync 1 DAGs
[2023-11-26T00:30:28.193+0000] {logging_mixin.py:154} INFO - [2023-11-26T00:30:28.193+0000] {dag.py:3722} INFO - Setting next_dagrun for example_task_group to 2023-11-25T00:30:28.193503+00:00, run_after=2023-11-26T00:30:28.193503+00:00
[2023-11-26T00:30:28.217+0000] {processor.py:179} INFO - Processing /home/airflow/.local/lib/python3.8/site-packages/airflow/example_dags/example_task_group.py took 0.091 seconds
[2023-11-26T00:30:58.791+0000] {processor.py:157} INFO - Started process (PID=1414) to work on /home/airflow/.local/lib/python3.8/site-packages/airflow/example_dags/example_task_group.py
[2023-11-26T00:30:58.794+0000] {processor.py:829} INFO - Processing file /home/airflow/.local/lib/python3.8/site-packages/airflow/example_dags/example_task_group.py for tasks to queue
[2023-11-26T00:30:58.799+0000] {logging_mixin.py:154} INFO - [2023-11-26T00:30:58.799+0000] {dagbag.py:536} INFO - Filling up the DagBag from /home/airflow/.local/lib/python3.8/site-packages/airflow/example_dags/example_task_group.py
[2023-11-26T00:30:58.814+0000] {processor.py:839} INFO - DAG(s) dict_keys(['example_task_group']) retrieved from /home/airflow/.local/lib/python3.8/site-packages/airflow/example_dags/example_task_group.py
[2023-11-26T00:30:58.854+0000] {logging_mixin.py:154} INFO - [2023-11-26T00:30:58.854+0000] {dag.py:2941} INFO - Sync 1 DAGs
[2023-11-26T00:30:58.880+0000] {logging_mixin.py:154} INFO - [2023-11-26T00:30:58.879+0000] {dag.py:3722} INFO - Setting next_dagrun for example_task_group to 2023-11-25T00:30:58.879669+00:00, run_after=2023-11-26T00:30:58.879669+00:00
[2023-11-26T00:30:58.909+0000] {processor.py:179} INFO - Processing /home/airflow/.local/lib/python3.8/site-packages/airflow/example_dags/example_task_group.py took 0.124 seconds
[2023-11-26T00:31:29.146+0000] {processor.py:157} INFO - Started process (PID=1468) to work on /home/airflow/.local/lib/python3.8/site-packages/airflow/example_dags/example_task_group.py
[2023-11-26T00:31:29.148+0000] {processor.py:829} INFO - Processing file /home/airflow/.local/lib/python3.8/site-packages/airflow/example_dags/example_task_group.py for tasks to queue
[2023-11-26T00:31:29.151+0000] {logging_mixin.py:154} INFO - [2023-11-26T00:31:29.151+0000] {dagbag.py:536} INFO - Filling up the DagBag from /home/airflow/.local/lib/python3.8/site-packages/airflow/example_dags/example_task_group.py
[2023-11-26T00:31:29.162+0000] {processor.py:839} INFO - DAG(s) dict_keys(['example_task_group']) retrieved from /home/airflow/.local/lib/python3.8/site-packages/airflow/example_dags/example_task_group.py
[2023-11-26T00:31:29.193+0000] {logging_mixin.py:154} INFO - [2023-11-26T00:31:29.193+0000] {dag.py:2941} INFO - Sync 1 DAGs
[2023-11-26T00:31:29.222+0000] {logging_mixin.py:154} INFO - [2023-11-26T00:31:29.222+0000] {dag.py:3722} INFO - Setting next_dagrun for example_task_group to 2023-11-25T00:31:29.222083+00:00, run_after=2023-11-26T00:31:29.222083+00:00
[2023-11-26T00:31:29.255+0000] {processor.py:179} INFO - Processing /home/airflow/.local/lib/python3.8/site-packages/airflow/example_dags/example_task_group.py took 0.112 seconds
[2023-11-26T00:31:59.844+0000] {processor.py:157} INFO - Started process (PID=1522) to work on /home/airflow/.local/lib/python3.8/site-packages/airflow/example_dags/example_task_group.py
[2023-11-26T00:31:59.846+0000] {processor.py:829} INFO - Processing file /home/airflow/.local/lib/python3.8/site-packages/airflow/example_dags/example_task_group.py for tasks to queue
[2023-11-26T00:31:59.851+0000] {logging_mixin.py:154} INFO - [2023-11-26T00:31:59.850+0000] {dagbag.py:536} INFO - Filling up the DagBag from /home/airflow/.local/lib/python3.8/site-packages/airflow/example_dags/example_task_group.py
[2023-11-26T00:31:59.867+0000] {processor.py:839} INFO - DAG(s) dict_keys(['example_task_group']) retrieved from /home/airflow/.local/lib/python3.8/site-packages/airflow/example_dags/example_task_group.py
[2023-11-26T00:31:59.919+0000] {logging_mixin.py:154} INFO - [2023-11-26T00:31:59.919+0000] {dag.py:2941} INFO - Sync 1 DAGs
[2023-11-26T00:31:59.955+0000] {logging_mixin.py:154} INFO - [2023-11-26T00:31:59.955+0000] {dag.py:3722} INFO - Setting next_dagrun for example_task_group to 2023-11-25T00:31:59.955365+00:00, run_after=2023-11-26T00:31:59.955365+00:00
[2023-11-26T00:31:59.991+0000] {processor.py:179} INFO - Processing /home/airflow/.local/lib/python3.8/site-packages/airflow/example_dags/example_task_group.py took 0.152 seconds
[2023-11-26T00:32:30.295+0000] {processor.py:157} INFO - Started process (PID=1576) to work on /home/airflow/.local/lib/python3.8/site-packages/airflow/example_dags/example_task_group.py
[2023-11-26T00:32:30.297+0000] {processor.py:829} INFO - Processing file /home/airflow/.local/lib/python3.8/site-packages/airflow/example_dags/example_task_group.py for tasks to queue
[2023-11-26T00:32:30.299+0000] {logging_mixin.py:154} INFO - [2023-11-26T00:32:30.299+0000] {dagbag.py:536} INFO - Filling up the DagBag from /home/airflow/.local/lib/python3.8/site-packages/airflow/example_dags/example_task_group.py
[2023-11-26T00:32:30.305+0000] {processor.py:839} INFO - DAG(s) dict_keys(['example_task_group']) retrieved from /home/airflow/.local/lib/python3.8/site-packages/airflow/example_dags/example_task_group.py
[2023-11-26T00:32:30.324+0000] {logging_mixin.py:154} INFO - [2023-11-26T00:32:30.324+0000] {dag.py:2941} INFO - Sync 1 DAGs
[2023-11-26T00:32:30.342+0000] {logging_mixin.py:154} INFO - [2023-11-26T00:32:30.342+0000] {dag.py:3722} INFO - Setting next_dagrun for example_task_group to 2023-11-25T00:32:30.341970+00:00, run_after=2023-11-26T00:32:30.341970+00:00
[2023-11-26T00:32:30.362+0000] {processor.py:179} INFO - Processing /home/airflow/.local/lib/python3.8/site-packages/airflow/example_dags/example_task_group.py took 0.069 seconds
[2023-11-26T00:33:00.636+0000] {processor.py:157} INFO - Started process (PID=1630) to work on /home/airflow/.local/lib/python3.8/site-packages/airflow/example_dags/example_task_group.py
[2023-11-26T00:33:00.637+0000] {processor.py:829} INFO - Processing file /home/airflow/.local/lib/python3.8/site-packages/airflow/example_dags/example_task_group.py for tasks to queue
[2023-11-26T00:33:00.641+0000] {logging_mixin.py:154} INFO - [2023-11-26T00:33:00.640+0000] {dagbag.py:536} INFO - Filling up the DagBag from /home/airflow/.local/lib/python3.8/site-packages/airflow/example_dags/example_task_group.py
[2023-11-26T00:33:00.648+0000] {processor.py:839} INFO - DAG(s) dict_keys(['example_task_group']) retrieved from /home/airflow/.local/lib/python3.8/site-packages/airflow/example_dags/example_task_group.py
[2023-11-26T00:33:00.670+0000] {logging_mixin.py:154} INFO - [2023-11-26T00:33:00.670+0000] {dag.py:2941} INFO - Sync 1 DAGs
[2023-11-26T00:33:00.689+0000] {logging_mixin.py:154} INFO - [2023-11-26T00:33:00.688+0000] {dag.py:3722} INFO - Setting next_dagrun for example_task_group to 2023-11-25T00:33:00.688675+00:00, run_after=2023-11-26T00:33:00.688675+00:00
[2023-11-26T00:33:00.714+0000] {processor.py:179} INFO - Processing /home/airflow/.local/lib/python3.8/site-packages/airflow/example_dags/example_task_group.py took 0.082 seconds
[2023-11-26T00:33:31.369+0000] {processor.py:157} INFO - Started process (PID=1684) to work on /home/airflow/.local/lib/python3.8/site-packages/airflow/example_dags/example_task_group.py
[2023-11-26T00:33:31.371+0000] {processor.py:829} INFO - Processing file /home/airflow/.local/lib/python3.8/site-packages/airflow/example_dags/example_task_group.py for tasks to queue
[2023-11-26T00:33:31.374+0000] {logging_mixin.py:154} INFO - [2023-11-26T00:33:31.374+0000] {dagbag.py:536} INFO - Filling up the DagBag from /home/airflow/.local/lib/python3.8/site-packages/airflow/example_dags/example_task_group.py
[2023-11-26T00:33:31.382+0000] {processor.py:839} INFO - DAG(s) dict_keys(['example_task_group']) retrieved from /home/airflow/.local/lib/python3.8/site-packages/airflow/example_dags/example_task_group.py
[2023-11-26T00:33:31.448+0000] {logging_mixin.py:154} INFO - [2023-11-26T00:33:31.448+0000] {dag.py:2941} INFO - Sync 1 DAGs
[2023-11-26T00:33:31.477+0000] {logging_mixin.py:154} INFO - [2023-11-26T00:33:31.477+0000] {dag.py:3722} INFO - Setting next_dagrun for example_task_group to 2023-11-25T00:33:31.476309+00:00, run_after=2023-11-26T00:33:31.476309+00:00
[2023-11-26T00:33:31.511+0000] {processor.py:179} INFO - Processing /home/airflow/.local/lib/python3.8/site-packages/airflow/example_dags/example_task_group.py took 0.147 seconds
[2023-11-26T00:34:02.028+0000] {processor.py:157} INFO - Started process (PID=1738) to work on /home/airflow/.local/lib/python3.8/site-packages/airflow/example_dags/example_task_group.py
[2023-11-26T00:34:02.030+0000] {processor.py:829} INFO - Processing file /home/airflow/.local/lib/python3.8/site-packages/airflow/example_dags/example_task_group.py for tasks to queue
[2023-11-26T00:34:02.033+0000] {logging_mixin.py:154} INFO - [2023-11-26T00:34:02.033+0000] {dagbag.py:536} INFO - Filling up the DagBag from /home/airflow/.local/lib/python3.8/site-packages/airflow/example_dags/example_task_group.py
[2023-11-26T00:34:02.039+0000] {processor.py:839} INFO - DAG(s) dict_keys(['example_task_group']) retrieved from /home/airflow/.local/lib/python3.8/site-packages/airflow/example_dags/example_task_group.py
[2023-11-26T00:34:02.059+0000] {logging_mixin.py:154} INFO - [2023-11-26T00:34:02.059+0000] {dag.py:2941} INFO - Sync 1 DAGs
[2023-11-26T00:34:02.077+0000] {logging_mixin.py:154} INFO - [2023-11-26T00:34:02.076+0000] {dag.py:3722} INFO - Setting next_dagrun for example_task_group to 2023-11-25T00:34:02.076818+00:00, run_after=2023-11-26T00:34:02.076818+00:00
[2023-11-26T00:34:02.099+0000] {processor.py:179} INFO - Processing /home/airflow/.local/lib/python3.8/site-packages/airflow/example_dags/example_task_group.py took 0.076 seconds
[2023-11-26T00:34:32.406+0000] {processor.py:157} INFO - Started process (PID=1792) to work on /home/airflow/.local/lib/python3.8/site-packages/airflow/example_dags/example_task_group.py
[2023-11-26T00:34:32.407+0000] {processor.py:829} INFO - Processing file /home/airflow/.local/lib/python3.8/site-packages/airflow/example_dags/example_task_group.py for tasks to queue
[2023-11-26T00:34:32.410+0000] {logging_mixin.py:154} INFO - [2023-11-26T00:34:32.410+0000] {dagbag.py:536} INFO - Filling up the DagBag from /home/airflow/.local/lib/python3.8/site-packages/airflow/example_dags/example_task_group.py
[2023-11-26T00:34:32.416+0000] {processor.py:839} INFO - DAG(s) dict_keys(['example_task_group']) retrieved from /home/airflow/.local/lib/python3.8/site-packages/airflow/example_dags/example_task_group.py
[2023-11-26T00:34:32.438+0000] {logging_mixin.py:154} INFO - [2023-11-26T00:34:32.438+0000] {dag.py:2941} INFO - Sync 1 DAGs
[2023-11-26T00:34:32.458+0000] {logging_mixin.py:154} INFO - [2023-11-26T00:34:32.458+0000] {dag.py:3722} INFO - Setting next_dagrun for example_task_group to 2023-11-25T00:34:32.458141+00:00, run_after=2023-11-26T00:34:32.458141+00:00
[2023-11-26T00:34:32.486+0000] {processor.py:179} INFO - Processing /home/airflow/.local/lib/python3.8/site-packages/airflow/example_dags/example_task_group.py took 0.083 seconds
[2023-11-26T00:35:02.889+0000] {processor.py:157} INFO - Started process (PID=1846) to work on /home/airflow/.local/lib/python3.8/site-packages/airflow/example_dags/example_task_group.py
[2023-11-26T00:35:02.890+0000] {processor.py:829} INFO - Processing file /home/airflow/.local/lib/python3.8/site-packages/airflow/example_dags/example_task_group.py for tasks to queue
[2023-11-26T00:35:02.892+0000] {logging_mixin.py:154} INFO - [2023-11-26T00:35:02.892+0000] {dagbag.py:536} INFO - Filling up the DagBag from /home/airflow/.local/lib/python3.8/site-packages/airflow/example_dags/example_task_group.py
[2023-11-26T00:35:02.898+0000] {processor.py:839} INFO - DAG(s) dict_keys(['example_task_group']) retrieved from /home/airflow/.local/lib/python3.8/site-packages/airflow/example_dags/example_task_group.py
[2023-11-26T00:35:02.917+0000] {logging_mixin.py:154} INFO - [2023-11-26T00:35:02.917+0000] {dag.py:2941} INFO - Sync 1 DAGs
[2023-11-26T00:35:02.935+0000] {logging_mixin.py:154} INFO - [2023-11-26T00:35:02.935+0000] {dag.py:3722} INFO - Setting next_dagrun for example_task_group to 2023-11-25T00:35:02.935639+00:00, run_after=2023-11-26T00:35:02.935639+00:00
[2023-11-26T00:35:02.957+0000] {processor.py:179} INFO - Processing /home/airflow/.local/lib/python3.8/site-packages/airflow/example_dags/example_task_group.py took 0.071 seconds
[2023-11-26T00:35:33.294+0000] {processor.py:157} INFO - Started process (PID=1900) to work on /home/airflow/.local/lib/python3.8/site-packages/airflow/example_dags/example_task_group.py
[2023-11-26T00:35:33.295+0000] {processor.py:829} INFO - Processing file /home/airflow/.local/lib/python3.8/site-packages/airflow/example_dags/example_task_group.py for tasks to queue
[2023-11-26T00:35:33.298+0000] {logging_mixin.py:154} INFO - [2023-11-26T00:35:33.298+0000] {dagbag.py:536} INFO - Filling up the DagBag from /home/airflow/.local/lib/python3.8/site-packages/airflow/example_dags/example_task_group.py
[2023-11-26T00:35:33.304+0000] {processor.py:839} INFO - DAG(s) dict_keys(['example_task_group']) retrieved from /home/airflow/.local/lib/python3.8/site-packages/airflow/example_dags/example_task_group.py
[2023-11-26T00:35:33.323+0000] {logging_mixin.py:154} INFO - [2023-11-26T00:35:33.323+0000] {dag.py:2941} INFO - Sync 1 DAGs
[2023-11-26T00:35:33.342+0000] {logging_mixin.py:154} INFO - [2023-11-26T00:35:33.342+0000] {dag.py:3722} INFO - Setting next_dagrun for example_task_group to 2023-11-25T00:35:33.342001+00:00, run_after=2023-11-26T00:35:33.342001+00:00
[2023-11-26T00:35:33.363+0000] {processor.py:179} INFO - Processing /home/airflow/.local/lib/python3.8/site-packages/airflow/example_dags/example_task_group.py took 0.072 seconds
[2023-11-26T00:36:03.583+0000] {processor.py:157} INFO - Started process (PID=1954) to work on /home/airflow/.local/lib/python3.8/site-packages/airflow/example_dags/example_task_group.py
[2023-11-26T00:36:03.584+0000] {processor.py:829} INFO - Processing file /home/airflow/.local/lib/python3.8/site-packages/airflow/example_dags/example_task_group.py for tasks to queue
[2023-11-26T00:36:03.588+0000] {logging_mixin.py:154} INFO - [2023-11-26T00:36:03.588+0000] {dagbag.py:536} INFO - Filling up the DagBag from /home/airflow/.local/lib/python3.8/site-packages/airflow/example_dags/example_task_group.py
[2023-11-26T00:36:03.595+0000] {processor.py:839} INFO - DAG(s) dict_keys(['example_task_group']) retrieved from /home/airflow/.local/lib/python3.8/site-packages/airflow/example_dags/example_task_group.py
[2023-11-26T00:36:03.616+0000] {logging_mixin.py:154} INFO - [2023-11-26T00:36:03.616+0000] {dag.py:2941} INFO - Sync 1 DAGs
[2023-11-26T00:36:03.634+0000] {logging_mixin.py:154} INFO - [2023-11-26T00:36:03.634+0000] {dag.py:3722} INFO - Setting next_dagrun for example_task_group to 2023-11-25T00:36:03.633836+00:00, run_after=2023-11-26T00:36:03.633836+00:00
[2023-11-26T00:36:03.652+0000] {processor.py:179} INFO - Processing /home/airflow/.local/lib/python3.8/site-packages/airflow/example_dags/example_task_group.py took 0.074 seconds
[2023-11-26T00:36:34.278+0000] {processor.py:157} INFO - Started process (PID=2008) to work on /home/airflow/.local/lib/python3.8/site-packages/airflow/example_dags/example_task_group.py
[2023-11-26T00:36:34.279+0000] {processor.py:829} INFO - Processing file /home/airflow/.local/lib/python3.8/site-packages/airflow/example_dags/example_task_group.py for tasks to queue
[2023-11-26T00:36:34.282+0000] {logging_mixin.py:154} INFO - [2023-11-26T00:36:34.282+0000] {dagbag.py:536} INFO - Filling up the DagBag from /home/airflow/.local/lib/python3.8/site-packages/airflow/example_dags/example_task_group.py
[2023-11-26T00:36:34.291+0000] {processor.py:839} INFO - DAG(s) dict_keys(['example_task_group']) retrieved from /home/airflow/.local/lib/python3.8/site-packages/airflow/example_dags/example_task_group.py
[2023-11-26T00:36:34.317+0000] {logging_mixin.py:154} INFO - [2023-11-26T00:36:34.317+0000] {dag.py:2941} INFO - Sync 1 DAGs
[2023-11-26T00:36:34.341+0000] {logging_mixin.py:154} INFO - [2023-11-26T00:36:34.341+0000] {dag.py:3722} INFO - Setting next_dagrun for example_task_group to 2023-11-25T00:36:34.341492+00:00, run_after=2023-11-26T00:36:34.341492+00:00
[2023-11-26T00:36:34.369+0000] {processor.py:179} INFO - Processing /home/airflow/.local/lib/python3.8/site-packages/airflow/example_dags/example_task_group.py took 0.097 seconds
[2023-11-26T00:37:05.181+0000] {processor.py:157} INFO - Started process (PID=2062) to work on /home/airflow/.local/lib/python3.8/site-packages/airflow/example_dags/example_task_group.py
[2023-11-26T00:37:05.182+0000] {processor.py:829} INFO - Processing file /home/airflow/.local/lib/python3.8/site-packages/airflow/example_dags/example_task_group.py for tasks to queue
[2023-11-26T00:37:05.184+0000] {logging_mixin.py:154} INFO - [2023-11-26T00:37:05.184+0000] {dagbag.py:536} INFO - Filling up the DagBag from /home/airflow/.local/lib/python3.8/site-packages/airflow/example_dags/example_task_group.py
[2023-11-26T00:37:05.191+0000] {processor.py:839} INFO - DAG(s) dict_keys(['example_task_group']) retrieved from /home/airflow/.local/lib/python3.8/site-packages/airflow/example_dags/example_task_group.py
[2023-11-26T00:37:05.212+0000] {logging_mixin.py:154} INFO - [2023-11-26T00:37:05.212+0000] {dag.py:2941} INFO - Sync 1 DAGs
[2023-11-26T00:37:05.235+0000] {logging_mixin.py:154} INFO - [2023-11-26T00:37:05.234+0000] {dag.py:3722} INFO - Setting next_dagrun for example_task_group to 2023-11-25T00:37:05.234558+00:00, run_after=2023-11-26T00:37:05.234558+00:00
[2023-11-26T00:37:05.259+0000] {processor.py:179} INFO - Processing /home/airflow/.local/lib/python3.8/site-packages/airflow/example_dags/example_task_group.py took 0.081 seconds
[2023-11-26T00:37:35.715+0000] {processor.py:157} INFO - Started process (PID=2116) to work on /home/airflow/.local/lib/python3.8/site-packages/airflow/example_dags/example_task_group.py
[2023-11-26T00:37:35.716+0000] {processor.py:829} INFO - Processing file /home/airflow/.local/lib/python3.8/site-packages/airflow/example_dags/example_task_group.py for tasks to queue
[2023-11-26T00:37:35.718+0000] {logging_mixin.py:154} INFO - [2023-11-26T00:37:35.717+0000] {dagbag.py:536} INFO - Filling up the DagBag from /home/airflow/.local/lib/python3.8/site-packages/airflow/example_dags/example_task_group.py
[2023-11-26T00:37:35.723+0000] {processor.py:839} INFO - DAG(s) dict_keys(['example_task_group']) retrieved from /home/airflow/.local/lib/python3.8/site-packages/airflow/example_dags/example_task_group.py
[2023-11-26T00:37:35.743+0000] {logging_mixin.py:154} INFO - [2023-11-26T00:37:35.743+0000] {dag.py:2941} INFO - Sync 1 DAGs
[2023-11-26T00:37:35.762+0000] {logging_mixin.py:154} INFO - [2023-11-26T00:37:35.762+0000] {dag.py:3722} INFO - Setting next_dagrun for example_task_group to 2023-11-25T00:37:35.762535+00:00, run_after=2023-11-26T00:37:35.762535+00:00
[2023-11-26T00:37:35.783+0000] {processor.py:179} INFO - Processing /home/airflow/.local/lib/python3.8/site-packages/airflow/example_dags/example_task_group.py took 0.071 seconds
[2023-11-26T00:38:06.595+0000] {processor.py:157} INFO - Started process (PID=2170) to work on /home/airflow/.local/lib/python3.8/site-packages/airflow/example_dags/example_task_group.py
[2023-11-26T00:38:06.596+0000] {processor.py:829} INFO - Processing file /home/airflow/.local/lib/python3.8/site-packages/airflow/example_dags/example_task_group.py for tasks to queue
[2023-11-26T00:38:06.599+0000] {logging_mixin.py:154} INFO - [2023-11-26T00:38:06.599+0000] {dagbag.py:536} INFO - Filling up the DagBag from /home/airflow/.local/lib/python3.8/site-packages/airflow/example_dags/example_task_group.py
[2023-11-26T00:38:06.606+0000] {processor.py:839} INFO - DAG(s) dict_keys(['example_task_group']) retrieved from /home/airflow/.local/lib/python3.8/site-packages/airflow/example_dags/example_task_group.py
[2023-11-26T00:38:06.625+0000] {logging_mixin.py:154} INFO - [2023-11-26T00:38:06.625+0000] {dag.py:2941} INFO - Sync 1 DAGs
[2023-11-26T00:38:06.643+0000] {logging_mixin.py:154} INFO - [2023-11-26T00:38:06.643+0000] {dag.py:3722} INFO - Setting next_dagrun for example_task_group to 2023-11-25T00:38:06.643510+00:00, run_after=2023-11-26T00:38:06.643510+00:00
[2023-11-26T00:38:06.766+0000] {processor.py:179} INFO - Processing /home/airflow/.local/lib/python3.8/site-packages/airflow/example_dags/example_task_group.py took 0.175 seconds
[2023-11-26T00:38:36.828+0000] {processor.py:157} INFO - Started process (PID=2224) to work on /home/airflow/.local/lib/python3.8/site-packages/airflow/example_dags/example_task_group.py
[2023-11-26T00:38:36.830+0000] {processor.py:829} INFO - Processing file /home/airflow/.local/lib/python3.8/site-packages/airflow/example_dags/example_task_group.py for tasks to queue
[2023-11-26T00:38:36.833+0000] {logging_mixin.py:154} INFO - [2023-11-26T00:38:36.833+0000] {dagbag.py:536} INFO - Filling up the DagBag from /home/airflow/.local/lib/python3.8/site-packages/airflow/example_dags/example_task_group.py
[2023-11-26T00:38:36.841+0000] {processor.py:839} INFO - DAG(s) dict_keys(['example_task_group']) retrieved from /home/airflow/.local/lib/python3.8/site-packages/airflow/example_dags/example_task_group.py
[2023-11-26T00:38:36.863+0000] {logging_mixin.py:154} INFO - [2023-11-26T00:38:36.863+0000] {dag.py:2941} INFO - Sync 1 DAGs
[2023-11-26T00:38:36.882+0000] {logging_mixin.py:154} INFO - [2023-11-26T00:38:36.882+0000] {dag.py:3722} INFO - Setting next_dagrun for example_task_group to 2023-11-25T00:38:36.882588+00:00, run_after=2023-11-26T00:38:36.882588+00:00
[2023-11-26T00:38:36.903+0000] {processor.py:179} INFO - Processing /home/airflow/.local/lib/python3.8/site-packages/airflow/example_dags/example_task_group.py took 0.080 seconds
[2023-11-26T00:39:07.300+0000] {processor.py:157} INFO - Started process (PID=2278) to work on /home/airflow/.local/lib/python3.8/site-packages/airflow/example_dags/example_task_group.py
[2023-11-26T00:39:07.301+0000] {processor.py:829} INFO - Processing file /home/airflow/.local/lib/python3.8/site-packages/airflow/example_dags/example_task_group.py for tasks to queue
[2023-11-26T00:39:07.304+0000] {logging_mixin.py:154} INFO - [2023-11-26T00:39:07.303+0000] {dagbag.py:536} INFO - Filling up the DagBag from /home/airflow/.local/lib/python3.8/site-packages/airflow/example_dags/example_task_group.py
[2023-11-26T00:39:07.313+0000] {processor.py:839} INFO - DAG(s) dict_keys(['example_task_group']) retrieved from /home/airflow/.local/lib/python3.8/site-packages/airflow/example_dags/example_task_group.py
[2023-11-26T00:39:07.338+0000] {logging_mixin.py:154} INFO - [2023-11-26T00:39:07.338+0000] {dag.py:2941} INFO - Sync 1 DAGs
[2023-11-26T00:39:07.360+0000] {logging_mixin.py:154} INFO - [2023-11-26T00:39:07.360+0000] {dag.py:3722} INFO - Setting next_dagrun for example_task_group to 2023-11-25T00:39:07.360161+00:00, run_after=2023-11-26T00:39:07.360161+00:00
[2023-11-26T00:39:07.384+0000] {processor.py:179} INFO - Processing /home/airflow/.local/lib/python3.8/site-packages/airflow/example_dags/example_task_group.py took 0.087 seconds
[2023-11-26T00:39:37.550+0000] {processor.py:157} INFO - Started process (PID=2332) to work on /home/airflow/.local/lib/python3.8/site-packages/airflow/example_dags/example_task_group.py
[2023-11-26T00:39:37.552+0000] {processor.py:829} INFO - Processing file /home/airflow/.local/lib/python3.8/site-packages/airflow/example_dags/example_task_group.py for tasks to queue
[2023-11-26T00:39:37.556+0000] {logging_mixin.py:154} INFO - [2023-11-26T00:39:37.556+0000] {dagbag.py:536} INFO - Filling up the DagBag from /home/airflow/.local/lib/python3.8/site-packages/airflow/example_dags/example_task_group.py
[2023-11-26T00:39:37.565+0000] {processor.py:839} INFO - DAG(s) dict_keys(['example_task_group']) retrieved from /home/airflow/.local/lib/python3.8/site-packages/airflow/example_dags/example_task_group.py
[2023-11-26T00:39:37.584+0000] {logging_mixin.py:154} INFO - [2023-11-26T00:39:37.583+0000] {dag.py:2941} INFO - Sync 1 DAGs
[2023-11-26T00:39:37.704+0000] {logging_mixin.py:154} INFO - [2023-11-26T00:39:37.704+0000] {dag.py:3722} INFO - Setting next_dagrun for example_task_group to 2023-11-25T00:39:37.704165+00:00, run_after=2023-11-26T00:39:37.704165+00:00
[2023-11-26T00:39:37.722+0000] {processor.py:179} INFO - Processing /home/airflow/.local/lib/python3.8/site-packages/airflow/example_dags/example_task_group.py took 0.177 seconds
[2023-11-26T00:40:08.668+0000] {processor.py:157} INFO - Started process (PID=2386) to work on /home/airflow/.local/lib/python3.8/site-packages/airflow/example_dags/example_task_group.py
[2023-11-26T00:40:08.670+0000] {processor.py:829} INFO - Processing file /home/airflow/.local/lib/python3.8/site-packages/airflow/example_dags/example_task_group.py for tasks to queue
[2023-11-26T00:40:08.672+0000] {logging_mixin.py:154} INFO - [2023-11-26T00:40:08.672+0000] {dagbag.py:536} INFO - Filling up the DagBag from /home/airflow/.local/lib/python3.8/site-packages/airflow/example_dags/example_task_group.py
[2023-11-26T00:40:08.678+0000] {processor.py:839} INFO - DAG(s) dict_keys(['example_task_group']) retrieved from /home/airflow/.local/lib/python3.8/site-packages/airflow/example_dags/example_task_group.py
[2023-11-26T00:40:08.699+0000] {logging_mixin.py:154} INFO - [2023-11-26T00:40:08.699+0000] {dag.py:2941} INFO - Sync 1 DAGs
[2023-11-26T00:40:08.719+0000] {logging_mixin.py:154} INFO - [2023-11-26T00:40:08.718+0000] {dag.py:3722} INFO - Setting next_dagrun for example_task_group to 2023-11-25T00:40:08.718638+00:00, run_after=2023-11-26T00:40:08.718638+00:00
[2023-11-26T00:40:08.745+0000] {processor.py:179} INFO - Processing /home/airflow/.local/lib/python3.8/site-packages/airflow/example_dags/example_task_group.py took 0.079 seconds
[2023-11-26T00:40:39.092+0000] {processor.py:157} INFO - Started process (PID=2440) to work on /home/airflow/.local/lib/python3.8/site-packages/airflow/example_dags/example_task_group.py
[2023-11-26T00:40:39.093+0000] {processor.py:829} INFO - Processing file /home/airflow/.local/lib/python3.8/site-packages/airflow/example_dags/example_task_group.py for tasks to queue
[2023-11-26T00:40:39.096+0000] {logging_mixin.py:154} INFO - [2023-11-26T00:40:39.096+0000] {dagbag.py:536} INFO - Filling up the DagBag from /home/airflow/.local/lib/python3.8/site-packages/airflow/example_dags/example_task_group.py
[2023-11-26T00:40:39.104+0000] {processor.py:839} INFO - DAG(s) dict_keys(['example_task_group']) retrieved from /home/airflow/.local/lib/python3.8/site-packages/airflow/example_dags/example_task_group.py
[2023-11-26T00:40:39.136+0000] {logging_mixin.py:154} INFO - [2023-11-26T00:40:39.135+0000] {dag.py:2941} INFO - Sync 1 DAGs
[2023-11-26T00:40:39.162+0000] {logging_mixin.py:154} INFO - [2023-11-26T00:40:39.162+0000] {dag.py:3722} INFO - Setting next_dagrun for example_task_group to 2023-11-25T00:40:39.162457+00:00, run_after=2023-11-26T00:40:39.162457+00:00
[2023-11-26T00:40:39.191+0000] {processor.py:179} INFO - Processing /home/airflow/.local/lib/python3.8/site-packages/airflow/example_dags/example_task_group.py took 0.104 seconds
[2023-11-26T00:41:09.665+0000] {processor.py:157} INFO - Started process (PID=2494) to work on /home/airflow/.local/lib/python3.8/site-packages/airflow/example_dags/example_task_group.py
[2023-11-26T00:41:09.666+0000] {processor.py:829} INFO - Processing file /home/airflow/.local/lib/python3.8/site-packages/airflow/example_dags/example_task_group.py for tasks to queue
[2023-11-26T00:41:09.669+0000] {logging_mixin.py:154} INFO - [2023-11-26T00:41:09.668+0000] {dagbag.py:536} INFO - Filling up the DagBag from /home/airflow/.local/lib/python3.8/site-packages/airflow/example_dags/example_task_group.py
[2023-11-26T00:41:09.675+0000] {processor.py:839} INFO - DAG(s) dict_keys(['example_task_group']) retrieved from /home/airflow/.local/lib/python3.8/site-packages/airflow/example_dags/example_task_group.py
[2023-11-26T00:41:09.697+0000] {logging_mixin.py:154} INFO - [2023-11-26T00:41:09.696+0000] {dag.py:2941} INFO - Sync 1 DAGs
[2023-11-26T00:41:09.715+0000] {logging_mixin.py:154} INFO - [2023-11-26T00:41:09.715+0000] {dag.py:3722} INFO - Setting next_dagrun for example_task_group to 2023-11-25T00:41:09.715032+00:00, run_after=2023-11-26T00:41:09.715032+00:00
[2023-11-26T00:41:09.738+0000] {processor.py:179} INFO - Processing /home/airflow/.local/lib/python3.8/site-packages/airflow/example_dags/example_task_group.py took 0.075 seconds
[2023-11-26T00:41:40.448+0000] {processor.py:157} INFO - Started process (PID=2548) to work on /home/airflow/.local/lib/python3.8/site-packages/airflow/example_dags/example_task_group.py
[2023-11-26T00:41:40.450+0000] {processor.py:829} INFO - Processing file /home/airflow/.local/lib/python3.8/site-packages/airflow/example_dags/example_task_group.py for tasks to queue
[2023-11-26T00:41:40.453+0000] {logging_mixin.py:154} INFO - [2023-11-26T00:41:40.453+0000] {dagbag.py:536} INFO - Filling up the DagBag from /home/airflow/.local/lib/python3.8/site-packages/airflow/example_dags/example_task_group.py
[2023-11-26T00:41:40.459+0000] {processor.py:839} INFO - DAG(s) dict_keys(['example_task_group']) retrieved from /home/airflow/.local/lib/python3.8/site-packages/airflow/example_dags/example_task_group.py
[2023-11-26T00:41:40.481+0000] {logging_mixin.py:154} INFO - [2023-11-26T00:41:40.481+0000] {dag.py:2941} INFO - Sync 1 DAGs
[2023-11-26T00:41:40.502+0000] {logging_mixin.py:154} INFO - [2023-11-26T00:41:40.502+0000] {dag.py:3722} INFO - Setting next_dagrun for example_task_group to 2023-11-25T00:41:40.501908+00:00, run_after=2023-11-26T00:41:40.501908+00:00
[2023-11-26T00:41:40.635+0000] {processor.py:179} INFO - Processing /home/airflow/.local/lib/python3.8/site-packages/airflow/example_dags/example_task_group.py took 0.189 seconds
[2023-11-26T00:42:10.731+0000] {processor.py:157} INFO - Started process (PID=2602) to work on /home/airflow/.local/lib/python3.8/site-packages/airflow/example_dags/example_task_group.py
[2023-11-26T00:42:10.732+0000] {processor.py:829} INFO - Processing file /home/airflow/.local/lib/python3.8/site-packages/airflow/example_dags/example_task_group.py for tasks to queue
[2023-11-26T00:42:10.735+0000] {logging_mixin.py:154} INFO - [2023-11-26T00:42:10.734+0000] {dagbag.py:536} INFO - Filling up the DagBag from /home/airflow/.local/lib/python3.8/site-packages/airflow/example_dags/example_task_group.py
[2023-11-26T00:42:10.742+0000] {processor.py:839} INFO - DAG(s) dict_keys(['example_task_group']) retrieved from /home/airflow/.local/lib/python3.8/site-packages/airflow/example_dags/example_task_group.py
[2023-11-26T00:42:10.771+0000] {logging_mixin.py:154} INFO - [2023-11-26T00:42:10.771+0000] {dag.py:2941} INFO - Sync 1 DAGs
[2023-11-26T00:42:10.801+0000] {logging_mixin.py:154} INFO - [2023-11-26T00:42:10.800+0000] {dag.py:3722} INFO - Setting next_dagrun for example_task_group to 2023-11-25T00:42:10.800555+00:00, run_after=2023-11-26T00:42:10.800555+00:00
[2023-11-26T00:42:10.827+0000] {processor.py:179} INFO - Processing /home/airflow/.local/lib/python3.8/site-packages/airflow/example_dags/example_task_group.py took 0.101 seconds
[2023-11-26T00:42:41.286+0000] {processor.py:157} INFO - Started process (PID=2656) to work on /home/airflow/.local/lib/python3.8/site-packages/airflow/example_dags/example_task_group.py
[2023-11-26T00:42:41.288+0000] {processor.py:829} INFO - Processing file /home/airflow/.local/lib/python3.8/site-packages/airflow/example_dags/example_task_group.py for tasks to queue
[2023-11-26T00:42:41.292+0000] {logging_mixin.py:154} INFO - [2023-11-26T00:42:41.291+0000] {dagbag.py:536} INFO - Filling up the DagBag from /home/airflow/.local/lib/python3.8/site-packages/airflow/example_dags/example_task_group.py
[2023-11-26T00:42:41.305+0000] {processor.py:839} INFO - DAG(s) dict_keys(['example_task_group']) retrieved from /home/airflow/.local/lib/python3.8/site-packages/airflow/example_dags/example_task_group.py
[2023-11-26T00:42:41.341+0000] {logging_mixin.py:154} INFO - [2023-11-26T00:42:41.341+0000] {dag.py:2941} INFO - Sync 1 DAGs
[2023-11-26T00:42:41.591+0000] {logging_mixin.py:154} INFO - [2023-11-26T00:42:41.591+0000] {dag.py:3722} INFO - Setting next_dagrun for example_task_group to 2023-11-25T00:42:41.590896+00:00, run_after=2023-11-26T00:42:41.590896+00:00
[2023-11-26T00:42:41.630+0000] {processor.py:179} INFO - Processing /home/airflow/.local/lib/python3.8/site-packages/airflow/example_dags/example_task_group.py took 0.348 seconds
[2023-11-26T00:43:11.998+0000] {processor.py:157} INFO - Started process (PID=2710) to work on /home/airflow/.local/lib/python3.8/site-packages/airflow/example_dags/example_task_group.py
[2023-11-26T00:43:11.999+0000] {processor.py:829} INFO - Processing file /home/airflow/.local/lib/python3.8/site-packages/airflow/example_dags/example_task_group.py for tasks to queue
[2023-11-26T00:43:12.002+0000] {logging_mixin.py:154} INFO - [2023-11-26T00:43:12.001+0000] {dagbag.py:536} INFO - Filling up the DagBag from /home/airflow/.local/lib/python3.8/site-packages/airflow/example_dags/example_task_group.py
[2023-11-26T00:43:12.009+0000] {processor.py:839} INFO - DAG(s) dict_keys(['example_task_group']) retrieved from /home/airflow/.local/lib/python3.8/site-packages/airflow/example_dags/example_task_group.py
[2023-11-26T00:43:12.032+0000] {logging_mixin.py:154} INFO - [2023-11-26T00:43:12.032+0000] {dag.py:2941} INFO - Sync 1 DAGs
[2023-11-26T00:43:12.056+0000] {logging_mixin.py:154} INFO - [2023-11-26T00:43:12.056+0000] {dag.py:3722} INFO - Setting next_dagrun for example_task_group to 2023-11-25T00:43:12.055865+00:00, run_after=2023-11-26T00:43:12.055865+00:00
[2023-11-26T00:43:12.205+0000] {processor.py:179} INFO - Processing /home/airflow/.local/lib/python3.8/site-packages/airflow/example_dags/example_task_group.py took 0.210 seconds
[2023-11-26T00:43:42.715+0000] {processor.py:157} INFO - Started process (PID=2764) to work on /home/airflow/.local/lib/python3.8/site-packages/airflow/example_dags/example_task_group.py
[2023-11-26T00:43:42.716+0000] {processor.py:829} INFO - Processing file /home/airflow/.local/lib/python3.8/site-packages/airflow/example_dags/example_task_group.py for tasks to queue
[2023-11-26T00:43:42.719+0000] {logging_mixin.py:154} INFO - [2023-11-26T00:43:42.719+0000] {dagbag.py:536} INFO - Filling up the DagBag from /home/airflow/.local/lib/python3.8/site-packages/airflow/example_dags/example_task_group.py
[2023-11-26T00:43:42.850+0000] {processor.py:839} INFO - DAG(s) dict_keys(['example_task_group']) retrieved from /home/airflow/.local/lib/python3.8/site-packages/airflow/example_dags/example_task_group.py
[2023-11-26T00:43:42.875+0000] {logging_mixin.py:154} INFO - [2023-11-26T00:43:42.875+0000] {dag.py:2941} INFO - Sync 1 DAGs
[2023-11-26T00:43:42.901+0000] {logging_mixin.py:154} INFO - [2023-11-26T00:43:42.901+0000] {dag.py:3722} INFO - Setting next_dagrun for example_task_group to 2023-11-25T00:43:42.901144+00:00, run_after=2023-11-26T00:43:42.901144+00:00
[2023-11-26T00:43:42.926+0000] {processor.py:179} INFO - Processing /home/airflow/.local/lib/python3.8/site-packages/airflow/example_dags/example_task_group.py took 0.215 seconds
[2023-11-26T00:44:13.074+0000] {processor.py:157} INFO - Started process (PID=2818) to work on /home/airflow/.local/lib/python3.8/site-packages/airflow/example_dags/example_task_group.py
[2023-11-26T00:44:13.075+0000] {processor.py:829} INFO - Processing file /home/airflow/.local/lib/python3.8/site-packages/airflow/example_dags/example_task_group.py for tasks to queue
[2023-11-26T00:44:13.077+0000] {logging_mixin.py:154} INFO - [2023-11-26T00:44:13.077+0000] {dagbag.py:536} INFO - Filling up the DagBag from /home/airflow/.local/lib/python3.8/site-packages/airflow/example_dags/example_task_group.py
[2023-11-26T00:44:13.083+0000] {processor.py:839} INFO - DAG(s) dict_keys(['example_task_group']) retrieved from /home/airflow/.local/lib/python3.8/site-packages/airflow/example_dags/example_task_group.py
[2023-11-26T00:44:13.104+0000] {logging_mixin.py:154} INFO - [2023-11-26T00:44:13.103+0000] {dag.py:2941} INFO - Sync 1 DAGs
[2023-11-26T00:44:13.122+0000] {logging_mixin.py:154} INFO - [2023-11-26T00:44:13.122+0000] {dag.py:3722} INFO - Setting next_dagrun for example_task_group to 2023-11-25T00:44:13.122128+00:00, run_after=2023-11-26T00:44:13.122128+00:00
[2023-11-26T00:44:13.146+0000] {processor.py:179} INFO - Processing /home/airflow/.local/lib/python3.8/site-packages/airflow/example_dags/example_task_group.py took 0.075 seconds
[2023-11-26T00:44:43.667+0000] {processor.py:157} INFO - Started process (PID=2872) to work on /home/airflow/.local/lib/python3.8/site-packages/airflow/example_dags/example_task_group.py
[2023-11-26T00:44:43.669+0000] {processor.py:829} INFO - Processing file /home/airflow/.local/lib/python3.8/site-packages/airflow/example_dags/example_task_group.py for tasks to queue
[2023-11-26T00:44:43.671+0000] {logging_mixin.py:154} INFO - [2023-11-26T00:44:43.671+0000] {dagbag.py:536} INFO - Filling up the DagBag from /home/airflow/.local/lib/python3.8/site-packages/airflow/example_dags/example_task_group.py
[2023-11-26T00:44:43.677+0000] {processor.py:839} INFO - DAG(s) dict_keys(['example_task_group']) retrieved from /home/airflow/.local/lib/python3.8/site-packages/airflow/example_dags/example_task_group.py
[2023-11-26T00:44:43.698+0000] {logging_mixin.py:154} INFO - [2023-11-26T00:44:43.698+0000] {dag.py:2941} INFO - Sync 1 DAGs
[2023-11-26T00:44:43.716+0000] {logging_mixin.py:154} INFO - [2023-11-26T00:44:43.716+0000] {dag.py:3722} INFO - Setting next_dagrun for example_task_group to 2023-11-25T00:44:43.716341+00:00, run_after=2023-11-26T00:44:43.716341+00:00
[2023-11-26T00:44:43.738+0000] {processor.py:179} INFO - Processing /home/airflow/.local/lib/python3.8/site-packages/airflow/example_dags/example_task_group.py took 0.073 seconds
[2023-11-26T00:45:14.548+0000] {processor.py:157} INFO - Started process (PID=2926) to work on /home/airflow/.local/lib/python3.8/site-packages/airflow/example_dags/example_task_group.py
[2023-11-26T00:45:14.550+0000] {processor.py:829} INFO - Processing file /home/airflow/.local/lib/python3.8/site-packages/airflow/example_dags/example_task_group.py for tasks to queue
[2023-11-26T00:45:14.553+0000] {logging_mixin.py:154} INFO - [2023-11-26T00:45:14.553+0000] {dagbag.py:536} INFO - Filling up the DagBag from /home/airflow/.local/lib/python3.8/site-packages/airflow/example_dags/example_task_group.py
[2023-11-26T00:45:14.565+0000] {processor.py:839} INFO - DAG(s) dict_keys(['example_task_group']) retrieved from /home/airflow/.local/lib/python3.8/site-packages/airflow/example_dags/example_task_group.py
[2023-11-26T00:45:14.588+0000] {logging_mixin.py:154} INFO - [2023-11-26T00:45:14.588+0000] {dag.py:2941} INFO - Sync 1 DAGs
[2023-11-26T00:45:14.612+0000] {logging_mixin.py:154} INFO - [2023-11-26T00:45:14.611+0000] {dag.py:3722} INFO - Setting next_dagrun for example_task_group to 2023-11-25T00:45:14.611691+00:00, run_after=2023-11-26T00:45:14.611691+00:00
[2023-11-26T00:45:14.638+0000] {processor.py:179} INFO - Processing /home/airflow/.local/lib/python3.8/site-packages/airflow/example_dags/example_task_group.py took 0.093 seconds
[2023-11-26T00:45:45.256+0000] {processor.py:157} INFO - Started process (PID=2980) to work on /home/airflow/.local/lib/python3.8/site-packages/airflow/example_dags/example_task_group.py
[2023-11-26T00:45:45.257+0000] {processor.py:829} INFO - Processing file /home/airflow/.local/lib/python3.8/site-packages/airflow/example_dags/example_task_group.py for tasks to queue
[2023-11-26T00:45:45.262+0000] {logging_mixin.py:154} INFO - [2023-11-26T00:45:45.261+0000] {dagbag.py:536} INFO - Filling up the DagBag from /home/airflow/.local/lib/python3.8/site-packages/airflow/example_dags/example_task_group.py
[2023-11-26T00:45:45.270+0000] {processor.py:839} INFO - DAG(s) dict_keys(['example_task_group']) retrieved from /home/airflow/.local/lib/python3.8/site-packages/airflow/example_dags/example_task_group.py
[2023-11-26T00:45:45.303+0000] {logging_mixin.py:154} INFO - [2023-11-26T00:45:45.302+0000] {dag.py:2941} INFO - Sync 1 DAGs
[2023-11-26T00:45:45.336+0000] {logging_mixin.py:154} INFO - [2023-11-26T00:45:45.335+0000] {dag.py:3722} INFO - Setting next_dagrun for example_task_group to 2023-11-25T00:45:45.335566+00:00, run_after=2023-11-26T00:45:45.335566+00:00
[2023-11-26T00:45:45.370+0000] {processor.py:179} INFO - Processing /home/airflow/.local/lib/python3.8/site-packages/airflow/example_dags/example_task_group.py took 0.119 seconds
[2023-11-26T00:46:15.771+0000] {processor.py:157} INFO - Started process (PID=3034) to work on /home/airflow/.local/lib/python3.8/site-packages/airflow/example_dags/example_task_group.py
[2023-11-26T00:46:15.774+0000] {processor.py:829} INFO - Processing file /home/airflow/.local/lib/python3.8/site-packages/airflow/example_dags/example_task_group.py for tasks to queue
[2023-11-26T00:46:15.780+0000] {logging_mixin.py:154} INFO - [2023-11-26T00:46:15.780+0000] {dagbag.py:536} INFO - Filling up the DagBag from /home/airflow/.local/lib/python3.8/site-packages/airflow/example_dags/example_task_group.py
[2023-11-26T00:46:15.790+0000] {processor.py:839} INFO - DAG(s) dict_keys(['example_task_group']) retrieved from /home/airflow/.local/lib/python3.8/site-packages/airflow/example_dags/example_task_group.py
[2023-11-26T00:46:15.829+0000] {logging_mixin.py:154} INFO - [2023-11-26T00:46:15.828+0000] {dag.py:2941} INFO - Sync 1 DAGs
[2023-11-26T00:46:15.861+0000] {logging_mixin.py:154} INFO - [2023-11-26T00:46:15.860+0000] {dag.py:3722} INFO - Setting next_dagrun for example_task_group to 2023-11-25T00:46:15.860278+00:00, run_after=2023-11-26T00:46:15.860278+00:00
[2023-11-26T00:46:15.948+0000] {processor.py:179} INFO - Processing /home/airflow/.local/lib/python3.8/site-packages/airflow/example_dags/example_task_group.py took 0.182 seconds
[2023-11-26T00:46:46.856+0000] {processor.py:157} INFO - Started process (PID=3089) to work on /home/airflow/.local/lib/python3.8/site-packages/airflow/example_dags/example_task_group.py
[2023-11-26T00:46:46.862+0000] {processor.py:829} INFO - Processing file /home/airflow/.local/lib/python3.8/site-packages/airflow/example_dags/example_task_group.py for tasks to queue
[2023-11-26T00:46:46.869+0000] {logging_mixin.py:154} INFO - [2023-11-26T00:46:46.868+0000] {dagbag.py:536} INFO - Filling up the DagBag from /home/airflow/.local/lib/python3.8/site-packages/airflow/example_dags/example_task_group.py
[2023-11-26T00:46:46.881+0000] {processor.py:839} INFO - DAG(s) dict_keys(['example_task_group']) retrieved from /home/airflow/.local/lib/python3.8/site-packages/airflow/example_dags/example_task_group.py
[2023-11-26T00:46:46.933+0000] {logging_mixin.py:154} INFO - [2023-11-26T00:46:46.932+0000] {dag.py:2941} INFO - Sync 1 DAGs
[2023-11-26T00:46:46.973+0000] {logging_mixin.py:154} INFO - [2023-11-26T00:46:46.971+0000] {dag.py:3722} INFO - Setting next_dagrun for example_task_group to 2023-11-25T00:46:46.969864+00:00, run_after=2023-11-26T00:46:46.969864+00:00
[2023-11-26T00:46:47.033+0000] {processor.py:179} INFO - Processing /home/airflow/.local/lib/python3.8/site-packages/airflow/example_dags/example_task_group.py took 0.189 seconds
[2023-11-26T00:47:17.461+0000] {processor.py:157} INFO - Started process (PID=3143) to work on /home/airflow/.local/lib/python3.8/site-packages/airflow/example_dags/example_task_group.py
[2023-11-26T00:47:17.463+0000] {processor.py:829} INFO - Processing file /home/airflow/.local/lib/python3.8/site-packages/airflow/example_dags/example_task_group.py for tasks to queue
[2023-11-26T00:47:17.467+0000] {logging_mixin.py:154} INFO - [2023-11-26T00:47:17.466+0000] {dagbag.py:536} INFO - Filling up the DagBag from /home/airflow/.local/lib/python3.8/site-packages/airflow/example_dags/example_task_group.py
[2023-11-26T00:47:17.477+0000] {processor.py:839} INFO - DAG(s) dict_keys(['example_task_group']) retrieved from /home/airflow/.local/lib/python3.8/site-packages/airflow/example_dags/example_task_group.py
[2023-11-26T00:47:17.527+0000] {logging_mixin.py:154} INFO - [2023-11-26T00:47:17.526+0000] {dag.py:2941} INFO - Sync 1 DAGs
[2023-11-26T00:47:17.583+0000] {logging_mixin.py:154} INFO - [2023-11-26T00:47:17.583+0000] {dag.py:3722} INFO - Setting next_dagrun for example_task_group to 2023-11-25T00:47:17.582774+00:00, run_after=2023-11-26T00:47:17.582774+00:00
[2023-11-26T00:47:17.639+0000] {processor.py:179} INFO - Processing /home/airflow/.local/lib/python3.8/site-packages/airflow/example_dags/example_task_group.py took 0.184 seconds
[2023-11-26T00:47:47.952+0000] {processor.py:157} INFO - Started process (PID=3196) to work on /home/airflow/.local/lib/python3.8/site-packages/airflow/example_dags/example_task_group.py
[2023-11-26T00:47:47.955+0000] {processor.py:829} INFO - Processing file /home/airflow/.local/lib/python3.8/site-packages/airflow/example_dags/example_task_group.py for tasks to queue
[2023-11-26T00:47:47.959+0000] {logging_mixin.py:154} INFO - [2023-11-26T00:47:47.959+0000] {dagbag.py:536} INFO - Filling up the DagBag from /home/airflow/.local/lib/python3.8/site-packages/airflow/example_dags/example_task_group.py
[2023-11-26T00:47:47.974+0000] {processor.py:839} INFO - DAG(s) dict_keys(['example_task_group']) retrieved from /home/airflow/.local/lib/python3.8/site-packages/airflow/example_dags/example_task_group.py
[2023-11-26T00:47:48.024+0000] {logging_mixin.py:154} INFO - [2023-11-26T00:47:48.024+0000] {dag.py:2941} INFO - Sync 1 DAGs
[2023-11-26T00:47:48.086+0000] {logging_mixin.py:154} INFO - [2023-11-26T00:47:48.085+0000] {dag.py:3722} INFO - Setting next_dagrun for example_task_group to 2023-11-25T00:47:48.085633+00:00, run_after=2023-11-26T00:47:48.085633+00:00
[2023-11-26T00:47:48.157+0000] {processor.py:179} INFO - Processing /home/airflow/.local/lib/python3.8/site-packages/airflow/example_dags/example_task_group.py took 0.210 seconds
[2023-11-26T00:48:18.728+0000] {processor.py:157} INFO - Started process (PID=3250) to work on /home/airflow/.local/lib/python3.8/site-packages/airflow/example_dags/example_task_group.py
[2023-11-26T00:48:18.731+0000] {processor.py:829} INFO - Processing file /home/airflow/.local/lib/python3.8/site-packages/airflow/example_dags/example_task_group.py for tasks to queue
[2023-11-26T00:48:18.735+0000] {logging_mixin.py:154} INFO - [2023-11-26T00:48:18.735+0000] {dagbag.py:536} INFO - Filling up the DagBag from /home/airflow/.local/lib/python3.8/site-packages/airflow/example_dags/example_task_group.py
[2023-11-26T00:48:18.749+0000] {processor.py:839} INFO - DAG(s) dict_keys(['example_task_group']) retrieved from /home/airflow/.local/lib/python3.8/site-packages/airflow/example_dags/example_task_group.py
[2023-11-26T00:48:18.804+0000] {logging_mixin.py:154} INFO - [2023-11-26T00:48:18.804+0000] {dag.py:2941} INFO - Sync 1 DAGs
[2023-11-26T00:48:18.838+0000] {logging_mixin.py:154} INFO - [2023-11-26T00:48:18.838+0000] {dag.py:3722} INFO - Setting next_dagrun for example_task_group to 2023-11-25T00:48:18.837730+00:00, run_after=2023-11-26T00:48:18.837730+00:00
[2023-11-26T00:48:18.888+0000] {processor.py:179} INFO - Processing /home/airflow/.local/lib/python3.8/site-packages/airflow/example_dags/example_task_group.py took 0.165 seconds
[2023-11-26T00:48:49.139+0000] {processor.py:157} INFO - Started process (PID=3303) to work on /home/airflow/.local/lib/python3.8/site-packages/airflow/example_dags/example_task_group.py
[2023-11-26T00:48:49.140+0000] {processor.py:829} INFO - Processing file /home/airflow/.local/lib/python3.8/site-packages/airflow/example_dags/example_task_group.py for tasks to queue
[2023-11-26T00:48:49.144+0000] {logging_mixin.py:154} INFO - [2023-11-26T00:48:49.143+0000] {dagbag.py:536} INFO - Filling up the DagBag from /home/airflow/.local/lib/python3.8/site-packages/airflow/example_dags/example_task_group.py
[2023-11-26T00:48:49.163+0000] {processor.py:839} INFO - DAG(s) dict_keys(['example_task_group']) retrieved from /home/airflow/.local/lib/python3.8/site-packages/airflow/example_dags/example_task_group.py
[2023-11-26T00:48:49.209+0000] {logging_mixin.py:154} INFO - [2023-11-26T00:48:49.209+0000] {dag.py:2941} INFO - Sync 1 DAGs
[2023-11-26T00:48:49.260+0000] {logging_mixin.py:154} INFO - [2023-11-26T00:48:49.259+0000] {dag.py:3722} INFO - Setting next_dagrun for example_task_group to 2023-11-25T00:48:49.259103+00:00, run_after=2023-11-26T00:48:49.259103+00:00
[2023-11-26T00:48:49.298+0000] {processor.py:179} INFO - Processing /home/airflow/.local/lib/python3.8/site-packages/airflow/example_dags/example_task_group.py took 0.169 seconds
[2023-11-26T00:49:19.465+0000] {processor.py:157} INFO - Started process (PID=3357) to work on /home/airflow/.local/lib/python3.8/site-packages/airflow/example_dags/example_task_group.py
[2023-11-26T00:49:19.467+0000] {processor.py:829} INFO - Processing file /home/airflow/.local/lib/python3.8/site-packages/airflow/example_dags/example_task_group.py for tasks to queue
[2023-11-26T00:49:19.473+0000] {logging_mixin.py:154} INFO - [2023-11-26T00:49:19.472+0000] {dagbag.py:536} INFO - Filling up the DagBag from /home/airflow/.local/lib/python3.8/site-packages/airflow/example_dags/example_task_group.py
[2023-11-26T00:49:19.493+0000] {processor.py:839} INFO - DAG(s) dict_keys(['example_task_group']) retrieved from /home/airflow/.local/lib/python3.8/site-packages/airflow/example_dags/example_task_group.py
[2023-11-26T00:49:19.545+0000] {logging_mixin.py:154} INFO - [2023-11-26T00:49:19.544+0000] {dag.py:2941} INFO - Sync 1 DAGs
[2023-11-26T00:49:19.581+0000] {logging_mixin.py:154} INFO - [2023-11-26T00:49:19.580+0000] {dag.py:3722} INFO - Setting next_dagrun for example_task_group to 2023-11-25T00:49:19.579450+00:00, run_after=2023-11-26T00:49:19.579450+00:00
[2023-11-26T00:49:19.616+0000] {processor.py:179} INFO - Processing /home/airflow/.local/lib/python3.8/site-packages/airflow/example_dags/example_task_group.py took 0.155 seconds
[2023-11-26T00:49:50.371+0000] {processor.py:157} INFO - Started process (PID=3411) to work on /home/airflow/.local/lib/python3.8/site-packages/airflow/example_dags/example_task_group.py
[2023-11-26T00:49:50.374+0000] {processor.py:829} INFO - Processing file /home/airflow/.local/lib/python3.8/site-packages/airflow/example_dags/example_task_group.py for tasks to queue
[2023-11-26T00:49:50.378+0000] {logging_mixin.py:154} INFO - [2023-11-26T00:49:50.378+0000] {dagbag.py:536} INFO - Filling up the DagBag from /home/airflow/.local/lib/python3.8/site-packages/airflow/example_dags/example_task_group.py
[2023-11-26T00:49:50.404+0000] {processor.py:839} INFO - DAG(s) dict_keys(['example_task_group']) retrieved from /home/airflow/.local/lib/python3.8/site-packages/airflow/example_dags/example_task_group.py
[2023-11-26T00:49:50.461+0000] {logging_mixin.py:154} INFO - [2023-11-26T00:49:50.460+0000] {dag.py:2941} INFO - Sync 1 DAGs
[2023-11-26T00:49:50.522+0000] {logging_mixin.py:154} INFO - [2023-11-26T00:49:50.521+0000] {dag.py:3722} INFO - Setting next_dagrun for example_task_group to 2023-11-25T00:49:50.519627+00:00, run_after=2023-11-26T00:49:50.519627+00:00
[2023-11-26T00:49:50.572+0000] {processor.py:179} INFO - Processing /home/airflow/.local/lib/python3.8/site-packages/airflow/example_dags/example_task_group.py took 0.211 seconds
[2023-11-26T00:50:20.801+0000] {processor.py:157} INFO - Started process (PID=3464) to work on /home/airflow/.local/lib/python3.8/site-packages/airflow/example_dags/example_task_group.py
[2023-11-26T00:50:20.803+0000] {processor.py:829} INFO - Processing file /home/airflow/.local/lib/python3.8/site-packages/airflow/example_dags/example_task_group.py for tasks to queue
[2023-11-26T00:50:20.807+0000] {logging_mixin.py:154} INFO - [2023-11-26T00:50:20.806+0000] {dagbag.py:536} INFO - Filling up the DagBag from /home/airflow/.local/lib/python3.8/site-packages/airflow/example_dags/example_task_group.py
[2023-11-26T00:50:20.821+0000] {processor.py:839} INFO - DAG(s) dict_keys(['example_task_group']) retrieved from /home/airflow/.local/lib/python3.8/site-packages/airflow/example_dags/example_task_group.py
[2023-11-26T00:50:20.858+0000] {logging_mixin.py:154} INFO - [2023-11-26T00:50:20.858+0000] {dag.py:2941} INFO - Sync 1 DAGs
[2023-11-26T00:50:20.893+0000] {logging_mixin.py:154} INFO - [2023-11-26T00:50:20.892+0000] {dag.py:3722} INFO - Setting next_dagrun for example_task_group to 2023-11-25T00:50:20.892360+00:00, run_after=2023-11-26T00:50:20.892360+00:00
[2023-11-26T00:50:20.934+0000] {processor.py:179} INFO - Processing /home/airflow/.local/lib/python3.8/site-packages/airflow/example_dags/example_task_group.py took 0.138 seconds
[2023-11-26T00:50:51.128+0000] {processor.py:157} INFO - Started process (PID=3518) to work on /home/airflow/.local/lib/python3.8/site-packages/airflow/example_dags/example_task_group.py
[2023-11-26T00:50:51.130+0000] {processor.py:829} INFO - Processing file /home/airflow/.local/lib/python3.8/site-packages/airflow/example_dags/example_task_group.py for tasks to queue
[2023-11-26T00:50:51.137+0000] {logging_mixin.py:154} INFO - [2023-11-26T00:50:51.137+0000] {dagbag.py:536} INFO - Filling up the DagBag from /home/airflow/.local/lib/python3.8/site-packages/airflow/example_dags/example_task_group.py
[2023-11-26T00:50:51.156+0000] {processor.py:839} INFO - DAG(s) dict_keys(['example_task_group']) retrieved from /home/airflow/.local/lib/python3.8/site-packages/airflow/example_dags/example_task_group.py
[2023-11-26T00:50:51.193+0000] {logging_mixin.py:154} INFO - [2023-11-26T00:50:51.193+0000] {dag.py:2941} INFO - Sync 1 DAGs
[2023-11-26T00:50:51.226+0000] {logging_mixin.py:154} INFO - [2023-11-26T00:50:51.225+0000] {dag.py:3722} INFO - Setting next_dagrun for example_task_group to 2023-11-25T00:50:51.225135+00:00, run_after=2023-11-26T00:50:51.225135+00:00
[2023-11-26T00:50:51.269+0000] {processor.py:179} INFO - Processing /home/airflow/.local/lib/python3.8/site-packages/airflow/example_dags/example_task_group.py took 0.147 seconds
[2023-11-26T00:51:21.515+0000] {processor.py:157} INFO - Started process (PID=3572) to work on /home/airflow/.local/lib/python3.8/site-packages/airflow/example_dags/example_task_group.py
[2023-11-26T00:51:21.517+0000] {processor.py:829} INFO - Processing file /home/airflow/.local/lib/python3.8/site-packages/airflow/example_dags/example_task_group.py for tasks to queue
[2023-11-26T00:51:21.520+0000] {logging_mixin.py:154} INFO - [2023-11-26T00:51:21.520+0000] {dagbag.py:536} INFO - Filling up the DagBag from /home/airflow/.local/lib/python3.8/site-packages/airflow/example_dags/example_task_group.py
[2023-11-26T00:51:21.537+0000] {processor.py:839} INFO - DAG(s) dict_keys(['example_task_group']) retrieved from /home/airflow/.local/lib/python3.8/site-packages/airflow/example_dags/example_task_group.py
[2023-11-26T00:51:21.594+0000] {logging_mixin.py:154} INFO - [2023-11-26T00:51:21.594+0000] {dag.py:2941} INFO - Sync 1 DAGs
[2023-11-26T00:51:21.656+0000] {logging_mixin.py:154} INFO - [2023-11-26T00:51:21.655+0000] {dag.py:3722} INFO - Setting next_dagrun for example_task_group to 2023-11-25T00:51:21.654501+00:00, run_after=2023-11-26T00:51:21.654501+00:00
[2023-11-26T00:51:21.724+0000] {processor.py:179} INFO - Processing /home/airflow/.local/lib/python3.8/site-packages/airflow/example_dags/example_task_group.py took 0.215 seconds
[2023-11-26T00:51:52.313+0000] {processor.py:157} INFO - Started process (PID=3626) to work on /home/airflow/.local/lib/python3.8/site-packages/airflow/example_dags/example_task_group.py
[2023-11-26T00:51:52.316+0000] {processor.py:829} INFO - Processing file /home/airflow/.local/lib/python3.8/site-packages/airflow/example_dags/example_task_group.py for tasks to queue
[2023-11-26T00:51:52.320+0000] {logging_mixin.py:154} INFO - [2023-11-26T00:51:52.319+0000] {dagbag.py:536} INFO - Filling up the DagBag from /home/airflow/.local/lib/python3.8/site-packages/airflow/example_dags/example_task_group.py
[2023-11-26T00:51:52.336+0000] {processor.py:839} INFO - DAG(s) dict_keys(['example_task_group']) retrieved from /home/airflow/.local/lib/python3.8/site-packages/airflow/example_dags/example_task_group.py
[2023-11-26T00:51:52.378+0000] {logging_mixin.py:154} INFO - [2023-11-26T00:51:52.378+0000] {dag.py:2941} INFO - Sync 1 DAGs
[2023-11-26T00:51:52.421+0000] {logging_mixin.py:154} INFO - [2023-11-26T00:51:52.421+0000] {dag.py:3722} INFO - Setting next_dagrun for example_task_group to 2023-11-25T00:51:52.421162+00:00, run_after=2023-11-26T00:51:52.421162+00:00
[2023-11-26T00:51:52.465+0000] {processor.py:179} INFO - Processing /home/airflow/.local/lib/python3.8/site-packages/airflow/example_dags/example_task_group.py took 0.161 seconds
[2023-11-26T00:52:23.309+0000] {processor.py:157} INFO - Started process (PID=3680) to work on /home/airflow/.local/lib/python3.8/site-packages/airflow/example_dags/example_task_group.py
[2023-11-26T00:52:23.312+0000] {processor.py:829} INFO - Processing file /home/airflow/.local/lib/python3.8/site-packages/airflow/example_dags/example_task_group.py for tasks to queue
[2023-11-26T00:52:23.316+0000] {logging_mixin.py:154} INFO - [2023-11-26T00:52:23.315+0000] {dagbag.py:536} INFO - Filling up the DagBag from /home/airflow/.local/lib/python3.8/site-packages/airflow/example_dags/example_task_group.py
[2023-11-26T00:52:23.325+0000] {processor.py:839} INFO - DAG(s) dict_keys(['example_task_group']) retrieved from /home/airflow/.local/lib/python3.8/site-packages/airflow/example_dags/example_task_group.py
[2023-11-26T00:52:23.359+0000] {logging_mixin.py:154} INFO - [2023-11-26T00:52:23.359+0000] {dag.py:2941} INFO - Sync 1 DAGs
[2023-11-26T00:52:23.396+0000] {logging_mixin.py:154} INFO - [2023-11-26T00:52:23.396+0000] {dag.py:3722} INFO - Setting next_dagrun for example_task_group to 2023-11-25T00:52:23.396271+00:00, run_after=2023-11-26T00:52:23.396271+00:00
[2023-11-26T00:52:23.446+0000] {processor.py:179} INFO - Processing /home/airflow/.local/lib/python3.8/site-packages/airflow/example_dags/example_task_group.py took 0.141 seconds
