[2023-11-26T00:16:49.349+0000] {processor.py:157} INFO - Started process (PID=79) to work on /home/airflow/.local/lib/python3.8/site-packages/airflow/example_dags/example_bash_operator.py
[2023-11-26T00:16:49.355+0000] {processor.py:829} INFO - Processing file /home/airflow/.local/lib/python3.8/site-packages/airflow/example_dags/example_bash_operator.py for tasks to queue
[2023-11-26T00:16:49.368+0000] {logging_mixin.py:154} INFO - [2023-11-26T00:16:49.367+0000] {dagbag.py:536} INFO - Filling up the DagBag from /home/airflow/.local/lib/python3.8/site-packages/airflow/example_dags/example_bash_operator.py
[2023-11-26T00:16:49.404+0000] {processor.py:839} INFO - DAG(s) dict_keys(['example_bash_operator']) retrieved from /home/airflow/.local/lib/python3.8/site-packages/airflow/example_dags/example_bash_operator.py
[2023-11-26T00:16:49.514+0000] {logging_mixin.py:154} INFO - [2023-11-26T00:16:49.513+0000] {dag.py:2941} INFO - Sync 1 DAGs
[2023-11-26T00:16:49.632+0000] {logging_mixin.py:154} INFO - [2023-11-26T00:16:49.631+0000] {dag.py:3722} INFO - Setting next_dagrun for example_bash_operator to 2023-11-25T00:00:00+00:00, run_after=2023-11-26T00:00:00+00:00
[2023-11-26T00:16:49.740+0000] {processor.py:179} INFO - Processing /home/airflow/.local/lib/python3.8/site-packages/airflow/example_dags/example_bash_operator.py took 0.399 seconds
[2023-11-26T00:18:17.379+0000] {processor.py:157} INFO - Started process (PID=80) to work on /home/airflow/.local/lib/python3.8/site-packages/airflow/example_dags/example_bash_operator.py
[2023-11-26T00:18:17.384+0000] {processor.py:829} INFO - Processing file /home/airflow/.local/lib/python3.8/site-packages/airflow/example_dags/example_bash_operator.py for tasks to queue
[2023-11-26T00:18:17.391+0000] {logging_mixin.py:154} INFO - [2023-11-26T00:18:17.391+0000] {dagbag.py:536} INFO - Filling up the DagBag from /home/airflow/.local/lib/python3.8/site-packages/airflow/example_dags/example_bash_operator.py
[2023-11-26T00:18:17.438+0000] {processor.py:839} INFO - DAG(s) dict_keys(['example_bash_operator']) retrieved from /home/airflow/.local/lib/python3.8/site-packages/airflow/example_dags/example_bash_operator.py
[2023-11-26T00:18:17.573+0000] {logging_mixin.py:154} INFO - [2023-11-26T00:18:17.572+0000] {dag.py:2941} INFO - Sync 1 DAGs
[2023-11-26T00:18:17.647+0000] {logging_mixin.py:154} INFO - [2023-11-26T00:18:17.646+0000] {dag.py:3722} INFO - Setting next_dagrun for example_bash_operator to 2023-11-25T00:00:00+00:00, run_after=2023-11-26T00:00:00+00:00
[2023-11-26T00:18:17.725+0000] {processor.py:179} INFO - Processing /home/airflow/.local/lib/python3.8/site-packages/airflow/example_dags/example_bash_operator.py took 0.358 seconds
[2023-11-26T00:18:47.971+0000] {processor.py:157} INFO - Started process (PID=135) to work on /home/airflow/.local/lib/python3.8/site-packages/airflow/example_dags/example_bash_operator.py
[2023-11-26T00:18:47.974+0000] {processor.py:829} INFO - Processing file /home/airflow/.local/lib/python3.8/site-packages/airflow/example_dags/example_bash_operator.py for tasks to queue
[2023-11-26T00:18:47.980+0000] {logging_mixin.py:154} INFO - [2023-11-26T00:18:47.979+0000] {dagbag.py:536} INFO - Filling up the DagBag from /home/airflow/.local/lib/python3.8/site-packages/airflow/example_dags/example_bash_operator.py
[2023-11-26T00:18:48.007+0000] {processor.py:839} INFO - DAG(s) dict_keys(['example_bash_operator']) retrieved from /home/airflow/.local/lib/python3.8/site-packages/airflow/example_dags/example_bash_operator.py
[2023-11-26T00:18:48.098+0000] {logging_mixin.py:154} INFO - [2023-11-26T00:18:48.097+0000] {dag.py:2941} INFO - Sync 1 DAGs
[2023-11-26T00:18:48.146+0000] {logging_mixin.py:154} INFO - [2023-11-26T00:18:48.146+0000] {dag.py:3722} INFO - Setting next_dagrun for example_bash_operator to 2023-11-25T00:00:00+00:00, run_after=2023-11-26T00:00:00+00:00
[2023-11-26T00:18:48.214+0000] {processor.py:179} INFO - Processing /home/airflow/.local/lib/python3.8/site-packages/airflow/example_dags/example_bash_operator.py took 0.251 seconds
[2023-11-26T00:19:19.031+0000] {processor.py:157} INFO - Started process (PID=189) to work on /home/airflow/.local/lib/python3.8/site-packages/airflow/example_dags/example_bash_operator.py
[2023-11-26T00:19:19.036+0000] {processor.py:829} INFO - Processing file /home/airflow/.local/lib/python3.8/site-packages/airflow/example_dags/example_bash_operator.py for tasks to queue
[2023-11-26T00:19:19.043+0000] {logging_mixin.py:154} INFO - [2023-11-26T00:19:19.043+0000] {dagbag.py:536} INFO - Filling up the DagBag from /home/airflow/.local/lib/python3.8/site-packages/airflow/example_dags/example_bash_operator.py
[2023-11-26T00:19:19.069+0000] {processor.py:839} INFO - DAG(s) dict_keys(['example_bash_operator']) retrieved from /home/airflow/.local/lib/python3.8/site-packages/airflow/example_dags/example_bash_operator.py
[2023-11-26T00:19:19.122+0000] {logging_mixin.py:154} INFO - [2023-11-26T00:19:19.122+0000] {dag.py:2941} INFO - Sync 1 DAGs
[2023-11-26T00:19:19.184+0000] {logging_mixin.py:154} INFO - [2023-11-26T00:19:19.183+0000] {dag.py:3722} INFO - Setting next_dagrun for example_bash_operator to 2023-11-25T00:00:00+00:00, run_after=2023-11-26T00:00:00+00:00
[2023-11-26T00:19:19.247+0000] {processor.py:179} INFO - Processing /home/airflow/.local/lib/python3.8/site-packages/airflow/example_dags/example_bash_operator.py took 0.222 seconds
[2023-11-26T00:19:50.507+0000] {processor.py:157} INFO - Started process (PID=243) to work on /home/airflow/.local/lib/python3.8/site-packages/airflow/example_dags/example_bash_operator.py
[2023-11-26T00:19:50.514+0000] {processor.py:829} INFO - Processing file /home/airflow/.local/lib/python3.8/site-packages/airflow/example_dags/example_bash_operator.py for tasks to queue
[2023-11-26T00:19:50.529+0000] {logging_mixin.py:154} INFO - [2023-11-26T00:19:50.527+0000] {dagbag.py:536} INFO - Filling up the DagBag from /home/airflow/.local/lib/python3.8/site-packages/airflow/example_dags/example_bash_operator.py
[2023-11-26T00:19:50.632+0000] {processor.py:839} INFO - DAG(s) dict_keys(['example_bash_operator']) retrieved from /home/airflow/.local/lib/python3.8/site-packages/airflow/example_dags/example_bash_operator.py
[2023-11-26T00:19:51.040+0000] {logging_mixin.py:154} INFO - [2023-11-26T00:19:51.038+0000] {dag.py:2941} INFO - Sync 1 DAGs
[2023-11-26T00:19:51.287+0000] {logging_mixin.py:154} INFO - [2023-11-26T00:19:51.285+0000] {dag.py:3722} INFO - Setting next_dagrun for example_bash_operator to 2023-11-25T00:00:00+00:00, run_after=2023-11-26T00:00:00+00:00
[2023-11-26T00:19:51.431+0000] {processor.py:179} INFO - Processing /home/airflow/.local/lib/python3.8/site-packages/airflow/example_dags/example_bash_operator.py took 0.957 seconds
[2023-11-26T00:20:22.432+0000] {processor.py:157} INFO - Started process (PID=304) to work on /home/airflow/.local/lib/python3.8/site-packages/airflow/example_dags/example_bash_operator.py
[2023-11-26T00:20:22.446+0000] {processor.py:829} INFO - Processing file /home/airflow/.local/lib/python3.8/site-packages/airflow/example_dags/example_bash_operator.py for tasks to queue
[2023-11-26T00:20:22.458+0000] {logging_mixin.py:154} INFO - [2023-11-26T00:20:22.456+0000] {dagbag.py:536} INFO - Filling up the DagBag from /home/airflow/.local/lib/python3.8/site-packages/airflow/example_dags/example_bash_operator.py
[2023-11-26T00:20:22.557+0000] {processor.py:839} INFO - DAG(s) dict_keys(['example_bash_operator']) retrieved from /home/airflow/.local/lib/python3.8/site-packages/airflow/example_dags/example_bash_operator.py
[2023-11-26T00:20:23.006+0000] {logging_mixin.py:154} INFO - [2023-11-26T00:20:23.005+0000] {dag.py:2941} INFO - Sync 1 DAGs
[2023-11-26T00:20:23.216+0000] {logging_mixin.py:154} INFO - [2023-11-26T00:20:23.215+0000] {dag.py:3722} INFO - Setting next_dagrun for example_bash_operator to 2023-11-25T00:00:00+00:00, run_after=2023-11-26T00:00:00+00:00
[2023-11-26T00:20:23.315+0000] {processor.py:179} INFO - Processing /home/airflow/.local/lib/python3.8/site-packages/airflow/example_dags/example_bash_operator.py took 0.904 seconds
[2023-11-26T00:20:53.997+0000] {processor.py:157} INFO - Started process (PID=358) to work on /home/airflow/.local/lib/python3.8/site-packages/airflow/example_dags/example_bash_operator.py
[2023-11-26T00:20:54.002+0000] {processor.py:829} INFO - Processing file /home/airflow/.local/lib/python3.8/site-packages/airflow/example_dags/example_bash_operator.py for tasks to queue
[2023-11-26T00:20:54.011+0000] {logging_mixin.py:154} INFO - [2023-11-26T00:20:54.011+0000] {dagbag.py:536} INFO - Filling up the DagBag from /home/airflow/.local/lib/python3.8/site-packages/airflow/example_dags/example_bash_operator.py
[2023-11-26T00:20:54.033+0000] {processor.py:839} INFO - DAG(s) dict_keys(['example_bash_operator']) retrieved from /home/airflow/.local/lib/python3.8/site-packages/airflow/example_dags/example_bash_operator.py
[2023-11-26T00:20:54.141+0000] {logging_mixin.py:154} INFO - [2023-11-26T00:20:54.140+0000] {dag.py:2941} INFO - Sync 1 DAGs
[2023-11-26T00:20:54.203+0000] {logging_mixin.py:154} INFO - [2023-11-26T00:20:54.203+0000] {dag.py:3722} INFO - Setting next_dagrun for example_bash_operator to 2023-11-25T00:00:00+00:00, run_after=2023-11-26T00:00:00+00:00
[2023-11-26T00:20:54.272+0000] {processor.py:179} INFO - Processing /home/airflow/.local/lib/python3.8/site-packages/airflow/example_dags/example_bash_operator.py took 0.281 seconds
[2023-11-26T00:21:24.772+0000] {processor.py:157} INFO - Started process (PID=412) to work on /home/airflow/.local/lib/python3.8/site-packages/airflow/example_dags/example_bash_operator.py
[2023-11-26T00:21:24.818+0000] {processor.py:829} INFO - Processing file /home/airflow/.local/lib/python3.8/site-packages/airflow/example_dags/example_bash_operator.py for tasks to queue
[2023-11-26T00:21:24.837+0000] {logging_mixin.py:154} INFO - [2023-11-26T00:21:24.837+0000] {dagbag.py:536} INFO - Filling up the DagBag from /home/airflow/.local/lib/python3.8/site-packages/airflow/example_dags/example_bash_operator.py
[2023-11-26T00:21:24.892+0000] {processor.py:839} INFO - DAG(s) dict_keys(['example_bash_operator']) retrieved from /home/airflow/.local/lib/python3.8/site-packages/airflow/example_dags/example_bash_operator.py
[2023-11-26T00:21:24.990+0000] {logging_mixin.py:154} INFO - [2023-11-26T00:21:24.990+0000] {dag.py:2941} INFO - Sync 1 DAGs
[2023-11-26T00:21:25.098+0000] {logging_mixin.py:154} INFO - [2023-11-26T00:21:25.097+0000] {dag.py:3722} INFO - Setting next_dagrun for example_bash_operator to 2023-11-25T00:00:00+00:00, run_after=2023-11-26T00:00:00+00:00
[2023-11-26T00:21:25.193+0000] {processor.py:179} INFO - Processing /home/airflow/.local/lib/python3.8/site-packages/airflow/example_dags/example_bash_operator.py took 0.426 seconds
[2023-11-26T00:22:00.350+0000] {processor.py:157} INFO - Started process (PID=466) to work on /home/airflow/.local/lib/python3.8/site-packages/airflow/example_dags/example_bash_operator.py
[2023-11-26T00:22:00.355+0000] {processor.py:829} INFO - Processing file /home/airflow/.local/lib/python3.8/site-packages/airflow/example_dags/example_bash_operator.py for tasks to queue
[2023-11-26T00:22:00.373+0000] {logging_mixin.py:154} INFO - [2023-11-26T00:22:00.371+0000] {dagbag.py:536} INFO - Filling up the DagBag from /home/airflow/.local/lib/python3.8/site-packages/airflow/example_dags/example_bash_operator.py
[2023-11-26T00:22:00.725+0000] {processor.py:839} INFO - DAG(s) dict_keys(['example_bash_operator']) retrieved from /home/airflow/.local/lib/python3.8/site-packages/airflow/example_dags/example_bash_operator.py
[2023-11-26T00:22:01.122+0000] {logging_mixin.py:154} INFO - [2023-11-26T00:22:01.121+0000] {dag.py:2941} INFO - Sync 1 DAGs
[2023-11-26T00:22:01.373+0000] {logging_mixin.py:154} INFO - [2023-11-26T00:22:01.372+0000] {dag.py:3722} INFO - Setting next_dagrun for example_bash_operator to 2023-11-25T00:00:00+00:00, run_after=2023-11-26T00:00:00+00:00
[2023-11-26T00:22:01.598+0000] {processor.py:179} INFO - Processing /home/airflow/.local/lib/python3.8/site-packages/airflow/example_dags/example_bash_operator.py took 1.295 seconds
[2023-11-26T00:22:32.454+0000] {processor.py:157} INFO - Started process (PID=520) to work on /home/airflow/.local/lib/python3.8/site-packages/airflow/example_dags/example_bash_operator.py
[2023-11-26T00:22:32.467+0000] {processor.py:829} INFO - Processing file /home/airflow/.local/lib/python3.8/site-packages/airflow/example_dags/example_bash_operator.py for tasks to queue
[2023-11-26T00:22:32.488+0000] {logging_mixin.py:154} INFO - [2023-11-26T00:22:32.484+0000] {dagbag.py:536} INFO - Filling up the DagBag from /home/airflow/.local/lib/python3.8/site-packages/airflow/example_dags/example_bash_operator.py
[2023-11-26T00:22:32.573+0000] {processor.py:839} INFO - DAG(s) dict_keys(['example_bash_operator']) retrieved from /home/airflow/.local/lib/python3.8/site-packages/airflow/example_dags/example_bash_operator.py
[2023-11-26T00:22:32.737+0000] {logging_mixin.py:154} INFO - [2023-11-26T00:22:32.736+0000] {dag.py:2941} INFO - Sync 1 DAGs
[2023-11-26T00:22:32.888+0000] {logging_mixin.py:154} INFO - [2023-11-26T00:22:32.887+0000] {dag.py:3722} INFO - Setting next_dagrun for example_bash_operator to 2023-11-25T00:00:00+00:00, run_after=2023-11-26T00:00:00+00:00
[2023-11-26T00:22:32.992+0000] {processor.py:179} INFO - Processing /home/airflow/.local/lib/python3.8/site-packages/airflow/example_dags/example_bash_operator.py took 0.570 seconds
[2023-11-26T00:23:03.086+0000] {processor.py:157} INFO - Started process (PID=575) to work on /home/airflow/.local/lib/python3.8/site-packages/airflow/example_dags/example_bash_operator.py
[2023-11-26T00:23:03.088+0000] {processor.py:829} INFO - Processing file /home/airflow/.local/lib/python3.8/site-packages/airflow/example_dags/example_bash_operator.py for tasks to queue
[2023-11-26T00:23:03.092+0000] {logging_mixin.py:154} INFO - [2023-11-26T00:23:03.091+0000] {dagbag.py:536} INFO - Filling up the DagBag from /home/airflow/.local/lib/python3.8/site-packages/airflow/example_dags/example_bash_operator.py
[2023-11-26T00:23:03.111+0000] {processor.py:839} INFO - DAG(s) dict_keys(['example_bash_operator']) retrieved from /home/airflow/.local/lib/python3.8/site-packages/airflow/example_dags/example_bash_operator.py
[2023-11-26T00:23:03.152+0000] {logging_mixin.py:154} INFO - [2023-11-26T00:23:03.151+0000] {dag.py:2941} INFO - Sync 1 DAGs
[2023-11-26T00:23:03.188+0000] {logging_mixin.py:154} INFO - [2023-11-26T00:23:03.188+0000] {dag.py:3722} INFO - Setting next_dagrun for example_bash_operator to 2023-11-25T00:00:00+00:00, run_after=2023-11-26T00:00:00+00:00
[2023-11-26T00:23:03.226+0000] {processor.py:179} INFO - Processing /home/airflow/.local/lib/python3.8/site-packages/airflow/example_dags/example_bash_operator.py took 0.145 seconds
[2023-11-26T00:23:34.002+0000] {processor.py:157} INFO - Started process (PID=629) to work on /home/airflow/.local/lib/python3.8/site-packages/airflow/example_dags/example_bash_operator.py
[2023-11-26T00:23:34.005+0000] {processor.py:829} INFO - Processing file /home/airflow/.local/lib/python3.8/site-packages/airflow/example_dags/example_bash_operator.py for tasks to queue
[2023-11-26T00:23:34.011+0000] {logging_mixin.py:154} INFO - [2023-11-26T00:23:34.010+0000] {dagbag.py:536} INFO - Filling up the DagBag from /home/airflow/.local/lib/python3.8/site-packages/airflow/example_dags/example_bash_operator.py
[2023-11-26T00:23:34.035+0000] {processor.py:839} INFO - DAG(s) dict_keys(['example_bash_operator']) retrieved from /home/airflow/.local/lib/python3.8/site-packages/airflow/example_dags/example_bash_operator.py
[2023-11-26T00:23:34.107+0000] {logging_mixin.py:154} INFO - [2023-11-26T00:23:34.106+0000] {dag.py:2941} INFO - Sync 1 DAGs
[2023-11-26T00:23:34.156+0000] {logging_mixin.py:154} INFO - [2023-11-26T00:23:34.156+0000] {dag.py:3722} INFO - Setting next_dagrun for example_bash_operator to 2023-11-25T00:00:00+00:00, run_after=2023-11-26T00:00:00+00:00
[2023-11-26T00:23:34.202+0000] {processor.py:179} INFO - Processing /home/airflow/.local/lib/python3.8/site-packages/airflow/example_dags/example_bash_operator.py took 0.211 seconds
[2023-11-26T00:24:04.875+0000] {processor.py:157} INFO - Started process (PID=683) to work on /home/airflow/.local/lib/python3.8/site-packages/airflow/example_dags/example_bash_operator.py
[2023-11-26T00:24:04.879+0000] {processor.py:829} INFO - Processing file /home/airflow/.local/lib/python3.8/site-packages/airflow/example_dags/example_bash_operator.py for tasks to queue
[2023-11-26T00:24:04.894+0000] {logging_mixin.py:154} INFO - [2023-11-26T00:24:04.892+0000] {dagbag.py:536} INFO - Filling up the DagBag from /home/airflow/.local/lib/python3.8/site-packages/airflow/example_dags/example_bash_operator.py
[2023-11-26T00:24:04.914+0000] {processor.py:839} INFO - DAG(s) dict_keys(['example_bash_operator']) retrieved from /home/airflow/.local/lib/python3.8/site-packages/airflow/example_dags/example_bash_operator.py
[2023-11-26T00:24:05.041+0000] {logging_mixin.py:154} INFO - [2023-11-26T00:24:05.040+0000] {dag.py:2941} INFO - Sync 1 DAGs
[2023-11-26T00:24:05.122+0000] {logging_mixin.py:154} INFO - [2023-11-26T00:24:05.121+0000] {dag.py:3722} INFO - Setting next_dagrun for example_bash_operator to 2023-11-25T00:00:00+00:00, run_after=2023-11-26T00:00:00+00:00
[2023-11-26T00:24:05.263+0000] {processor.py:179} INFO - Processing /home/airflow/.local/lib/python3.8/site-packages/airflow/example_dags/example_bash_operator.py took 0.394 seconds
[2023-11-26T00:24:35.533+0000] {processor.py:157} INFO - Started process (PID=737) to work on /home/airflow/.local/lib/python3.8/site-packages/airflow/example_dags/example_bash_operator.py
[2023-11-26T00:24:35.535+0000] {processor.py:829} INFO - Processing file /home/airflow/.local/lib/python3.8/site-packages/airflow/example_dags/example_bash_operator.py for tasks to queue
[2023-11-26T00:24:35.539+0000] {logging_mixin.py:154} INFO - [2023-11-26T00:24:35.538+0000] {dagbag.py:536} INFO - Filling up the DagBag from /home/airflow/.local/lib/python3.8/site-packages/airflow/example_dags/example_bash_operator.py
[2023-11-26T00:24:35.554+0000] {processor.py:839} INFO - DAG(s) dict_keys(['example_bash_operator']) retrieved from /home/airflow/.local/lib/python3.8/site-packages/airflow/example_dags/example_bash_operator.py
[2023-11-26T00:24:35.610+0000] {logging_mixin.py:154} INFO - [2023-11-26T00:24:35.609+0000] {dag.py:2941} INFO - Sync 1 DAGs
[2023-11-26T00:24:35.655+0000] {logging_mixin.py:154} INFO - [2023-11-26T00:24:35.655+0000] {dag.py:3722} INFO - Setting next_dagrun for example_bash_operator to 2023-11-25T00:00:00+00:00, run_after=2023-11-26T00:00:00+00:00
[2023-11-26T00:24:35.758+0000] {processor.py:179} INFO - Processing /home/airflow/.local/lib/python3.8/site-packages/airflow/example_dags/example_bash_operator.py took 0.229 seconds
[2023-11-26T00:25:06.272+0000] {processor.py:157} INFO - Started process (PID=790) to work on /home/airflow/.local/lib/python3.8/site-packages/airflow/example_dags/example_bash_operator.py
[2023-11-26T00:25:06.276+0000] {processor.py:829} INFO - Processing file /home/airflow/.local/lib/python3.8/site-packages/airflow/example_dags/example_bash_operator.py for tasks to queue
[2023-11-26T00:25:06.282+0000] {logging_mixin.py:154} INFO - [2023-11-26T00:25:06.281+0000] {dagbag.py:536} INFO - Filling up the DagBag from /home/airflow/.local/lib/python3.8/site-packages/airflow/example_dags/example_bash_operator.py
[2023-11-26T00:25:06.305+0000] {processor.py:839} INFO - DAG(s) dict_keys(['example_bash_operator']) retrieved from /home/airflow/.local/lib/python3.8/site-packages/airflow/example_dags/example_bash_operator.py
[2023-11-26T00:25:06.343+0000] {logging_mixin.py:154} INFO - [2023-11-26T00:25:06.342+0000] {dag.py:2941} INFO - Sync 1 DAGs
[2023-11-26T00:25:06.396+0000] {logging_mixin.py:154} INFO - [2023-11-26T00:25:06.395+0000] {dag.py:3722} INFO - Setting next_dagrun for example_bash_operator to 2023-11-25T00:00:00+00:00, run_after=2023-11-26T00:00:00+00:00
[2023-11-26T00:25:06.468+0000] {processor.py:179} INFO - Processing /home/airflow/.local/lib/python3.8/site-packages/airflow/example_dags/example_bash_operator.py took 0.201 seconds
[2023-11-26T00:25:37.013+0000] {processor.py:157} INFO - Started process (PID=844) to work on /home/airflow/.local/lib/python3.8/site-packages/airflow/example_dags/example_bash_operator.py
[2023-11-26T00:25:37.017+0000] {processor.py:829} INFO - Processing file /home/airflow/.local/lib/python3.8/site-packages/airflow/example_dags/example_bash_operator.py for tasks to queue
[2023-11-26T00:25:37.029+0000] {logging_mixin.py:154} INFO - [2023-11-26T00:25:37.027+0000] {dagbag.py:536} INFO - Filling up the DagBag from /home/airflow/.local/lib/python3.8/site-packages/airflow/example_dags/example_bash_operator.py
[2023-11-26T00:25:37.053+0000] {processor.py:839} INFO - DAG(s) dict_keys(['example_bash_operator']) retrieved from /home/airflow/.local/lib/python3.8/site-packages/airflow/example_dags/example_bash_operator.py
[2023-11-26T00:25:37.157+0000] {logging_mixin.py:154} INFO - [2023-11-26T00:25:37.157+0000] {dag.py:2941} INFO - Sync 1 DAGs
[2023-11-26T00:25:37.214+0000] {logging_mixin.py:154} INFO - [2023-11-26T00:25:37.214+0000] {dag.py:3722} INFO - Setting next_dagrun for example_bash_operator to 2023-11-25T00:00:00+00:00, run_after=2023-11-26T00:00:00+00:00
[2023-11-26T00:25:37.289+0000] {processor.py:179} INFO - Processing /home/airflow/.local/lib/python3.8/site-packages/airflow/example_dags/example_bash_operator.py took 0.282 seconds
[2023-11-26T00:26:07.834+0000] {processor.py:157} INFO - Started process (PID=898) to work on /home/airflow/.local/lib/python3.8/site-packages/airflow/example_dags/example_bash_operator.py
[2023-11-26T00:26:07.836+0000] {processor.py:829} INFO - Processing file /home/airflow/.local/lib/python3.8/site-packages/airflow/example_dags/example_bash_operator.py for tasks to queue
[2023-11-26T00:26:07.840+0000] {logging_mixin.py:154} INFO - [2023-11-26T00:26:07.839+0000] {dagbag.py:536} INFO - Filling up the DagBag from /home/airflow/.local/lib/python3.8/site-packages/airflow/example_dags/example_bash_operator.py
[2023-11-26T00:26:07.861+0000] {processor.py:839} INFO - DAG(s) dict_keys(['example_bash_operator']) retrieved from /home/airflow/.local/lib/python3.8/site-packages/airflow/example_dags/example_bash_operator.py
[2023-11-26T00:26:07.913+0000] {logging_mixin.py:154} INFO - [2023-11-26T00:26:07.913+0000] {dag.py:2941} INFO - Sync 1 DAGs
[2023-11-26T00:26:07.951+0000] {logging_mixin.py:154} INFO - [2023-11-26T00:26:07.951+0000] {dag.py:3722} INFO - Setting next_dagrun for example_bash_operator to 2023-11-25T00:00:00+00:00, run_after=2023-11-26T00:00:00+00:00
[2023-11-26T00:26:07.994+0000] {processor.py:179} INFO - Processing /home/airflow/.local/lib/python3.8/site-packages/airflow/example_dags/example_bash_operator.py took 0.168 seconds
[2023-11-26T00:26:38.502+0000] {processor.py:157} INFO - Started process (PID=952) to work on /home/airflow/.local/lib/python3.8/site-packages/airflow/example_dags/example_bash_operator.py
[2023-11-26T00:26:38.504+0000] {processor.py:829} INFO - Processing file /home/airflow/.local/lib/python3.8/site-packages/airflow/example_dags/example_bash_operator.py for tasks to queue
[2023-11-26T00:26:38.508+0000] {logging_mixin.py:154} INFO - [2023-11-26T00:26:38.508+0000] {dagbag.py:536} INFO - Filling up the DagBag from /home/airflow/.local/lib/python3.8/site-packages/airflow/example_dags/example_bash_operator.py
[2023-11-26T00:26:38.535+0000] {processor.py:839} INFO - DAG(s) dict_keys(['example_bash_operator']) retrieved from /home/airflow/.local/lib/python3.8/site-packages/airflow/example_dags/example_bash_operator.py
[2023-11-26T00:26:38.590+0000] {logging_mixin.py:154} INFO - [2023-11-26T00:26:38.590+0000] {dag.py:2941} INFO - Sync 1 DAGs
[2023-11-26T00:26:38.631+0000] {logging_mixin.py:154} INFO - [2023-11-26T00:26:38.630+0000] {dag.py:3722} INFO - Setting next_dagrun for example_bash_operator to 2023-11-25T00:00:00+00:00, run_after=2023-11-26T00:00:00+00:00
[2023-11-26T00:26:38.677+0000] {processor.py:179} INFO - Processing /home/airflow/.local/lib/python3.8/site-packages/airflow/example_dags/example_bash_operator.py took 0.182 seconds
[2023-11-26T00:27:09.456+0000] {processor.py:157} INFO - Started process (PID=1006) to work on /home/airflow/.local/lib/python3.8/site-packages/airflow/example_dags/example_bash_operator.py
[2023-11-26T00:27:09.459+0000] {processor.py:829} INFO - Processing file /home/airflow/.local/lib/python3.8/site-packages/airflow/example_dags/example_bash_operator.py for tasks to queue
[2023-11-26T00:27:09.463+0000] {logging_mixin.py:154} INFO - [2023-11-26T00:27:09.462+0000] {dagbag.py:536} INFO - Filling up the DagBag from /home/airflow/.local/lib/python3.8/site-packages/airflow/example_dags/example_bash_operator.py
[2023-11-26T00:27:09.480+0000] {processor.py:839} INFO - DAG(s) dict_keys(['example_bash_operator']) retrieved from /home/airflow/.local/lib/python3.8/site-packages/airflow/example_dags/example_bash_operator.py
[2023-11-26T00:27:09.524+0000] {logging_mixin.py:154} INFO - [2023-11-26T00:27:09.523+0000] {dag.py:2941} INFO - Sync 1 DAGs
[2023-11-26T00:27:09.569+0000] {logging_mixin.py:154} INFO - [2023-11-26T00:27:09.568+0000] {dag.py:3722} INFO - Setting next_dagrun for example_bash_operator to 2023-11-25T00:00:00+00:00, run_after=2023-11-26T00:00:00+00:00
[2023-11-26T00:27:09.608+0000] {processor.py:179} INFO - Processing /home/airflow/.local/lib/python3.8/site-packages/airflow/example_dags/example_bash_operator.py took 0.158 seconds
[2023-11-26T00:27:40.197+0000] {processor.py:157} INFO - Started process (PID=1060) to work on /home/airflow/.local/lib/python3.8/site-packages/airflow/example_dags/example_bash_operator.py
[2023-11-26T00:27:40.199+0000] {processor.py:829} INFO - Processing file /home/airflow/.local/lib/python3.8/site-packages/airflow/example_dags/example_bash_operator.py for tasks to queue
[2023-11-26T00:27:40.202+0000] {logging_mixin.py:154} INFO - [2023-11-26T00:27:40.202+0000] {dagbag.py:536} INFO - Filling up the DagBag from /home/airflow/.local/lib/python3.8/site-packages/airflow/example_dags/example_bash_operator.py
[2023-11-26T00:27:40.215+0000] {processor.py:839} INFO - DAG(s) dict_keys(['example_bash_operator']) retrieved from /home/airflow/.local/lib/python3.8/site-packages/airflow/example_dags/example_bash_operator.py
[2023-11-26T00:27:40.252+0000] {logging_mixin.py:154} INFO - [2023-11-26T00:27:40.252+0000] {dag.py:2941} INFO - Sync 1 DAGs
[2023-11-26T00:27:40.290+0000] {logging_mixin.py:154} INFO - [2023-11-26T00:27:40.290+0000] {dag.py:3722} INFO - Setting next_dagrun for example_bash_operator to 2023-11-25T00:00:00+00:00, run_after=2023-11-26T00:00:00+00:00
[2023-11-26T00:27:40.328+0000] {processor.py:179} INFO - Processing /home/airflow/.local/lib/python3.8/site-packages/airflow/example_dags/example_bash_operator.py took 0.135 seconds
[2023-11-26T00:28:10.956+0000] {processor.py:157} INFO - Started process (PID=1114) to work on /home/airflow/.local/lib/python3.8/site-packages/airflow/example_dags/example_bash_operator.py
[2023-11-26T00:28:10.957+0000] {processor.py:829} INFO - Processing file /home/airflow/.local/lib/python3.8/site-packages/airflow/example_dags/example_bash_operator.py for tasks to queue
[2023-11-26T00:28:10.960+0000] {logging_mixin.py:154} INFO - [2023-11-26T00:28:10.960+0000] {dagbag.py:536} INFO - Filling up the DagBag from /home/airflow/.local/lib/python3.8/site-packages/airflow/example_dags/example_bash_operator.py
[2023-11-26T00:28:10.973+0000] {processor.py:839} INFO - DAG(s) dict_keys(['example_bash_operator']) retrieved from /home/airflow/.local/lib/python3.8/site-packages/airflow/example_dags/example_bash_operator.py
[2023-11-26T00:28:11.006+0000] {logging_mixin.py:154} INFO - [2023-11-26T00:28:11.006+0000] {dag.py:2941} INFO - Sync 1 DAGs
[2023-11-26T00:28:11.035+0000] {logging_mixin.py:154} INFO - [2023-11-26T00:28:11.035+0000] {dag.py:3722} INFO - Setting next_dagrun for example_bash_operator to 2023-11-25T00:00:00+00:00, run_after=2023-11-26T00:00:00+00:00
[2023-11-26T00:28:11.067+0000] {processor.py:179} INFO - Processing /home/airflow/.local/lib/python3.8/site-packages/airflow/example_dags/example_bash_operator.py took 0.115 seconds
[2023-11-26T00:28:41.140+0000] {processor.py:157} INFO - Started process (PID=1166) to work on /home/airflow/.local/lib/python3.8/site-packages/airflow/example_dags/example_bash_operator.py
[2023-11-26T00:28:41.141+0000] {processor.py:829} INFO - Processing file /home/airflow/.local/lib/python3.8/site-packages/airflow/example_dags/example_bash_operator.py for tasks to queue
[2023-11-26T00:28:41.144+0000] {logging_mixin.py:154} INFO - [2023-11-26T00:28:41.144+0000] {dagbag.py:536} INFO - Filling up the DagBag from /home/airflow/.local/lib/python3.8/site-packages/airflow/example_dags/example_bash_operator.py
[2023-11-26T00:28:41.171+0000] {processor.py:839} INFO - DAG(s) dict_keys(['example_bash_operator']) retrieved from /home/airflow/.local/lib/python3.8/site-packages/airflow/example_dags/example_bash_operator.py
[2023-11-26T00:28:41.222+0000] {logging_mixin.py:154} INFO - [2023-11-26T00:28:41.222+0000] {dag.py:2941} INFO - Sync 1 DAGs
[2023-11-26T00:28:41.256+0000] {logging_mixin.py:154} INFO - [2023-11-26T00:28:41.255+0000] {dag.py:3722} INFO - Setting next_dagrun for example_bash_operator to 2023-11-25T00:00:00+00:00, run_after=2023-11-26T00:00:00+00:00
[2023-11-26T00:28:41.295+0000] {processor.py:179} INFO - Processing /home/airflow/.local/lib/python3.8/site-packages/airflow/example_dags/example_bash_operator.py took 0.159 seconds
[2023-11-26T00:29:11.449+0000] {processor.py:157} INFO - Started process (PID=1220) to work on /home/airflow/.local/lib/python3.8/site-packages/airflow/example_dags/example_bash_operator.py
[2023-11-26T00:29:11.452+0000] {processor.py:829} INFO - Processing file /home/airflow/.local/lib/python3.8/site-packages/airflow/example_dags/example_bash_operator.py for tasks to queue
[2023-11-26T00:29:11.457+0000] {logging_mixin.py:154} INFO - [2023-11-26T00:29:11.457+0000] {dagbag.py:536} INFO - Filling up the DagBag from /home/airflow/.local/lib/python3.8/site-packages/airflow/example_dags/example_bash_operator.py
[2023-11-26T00:29:11.493+0000] {processor.py:839} INFO - DAG(s) dict_keys(['example_bash_operator']) retrieved from /home/airflow/.local/lib/python3.8/site-packages/airflow/example_dags/example_bash_operator.py
[2023-11-26T00:29:11.563+0000] {logging_mixin.py:154} INFO - [2023-11-26T00:29:11.562+0000] {dag.py:2941} INFO - Sync 1 DAGs
[2023-11-26T00:29:11.593+0000] {logging_mixin.py:154} INFO - [2023-11-26T00:29:11.592+0000] {dag.py:3722} INFO - Setting next_dagrun for example_bash_operator to 2023-11-25T00:00:00+00:00, run_after=2023-11-26T00:00:00+00:00
[2023-11-26T00:29:11.628+0000] {processor.py:179} INFO - Processing /home/airflow/.local/lib/python3.8/site-packages/airflow/example_dags/example_bash_operator.py took 0.186 seconds
[2023-11-26T00:29:42.362+0000] {processor.py:157} INFO - Started process (PID=1274) to work on /home/airflow/.local/lib/python3.8/site-packages/airflow/example_dags/example_bash_operator.py
[2023-11-26T00:29:42.365+0000] {processor.py:829} INFO - Processing file /home/airflow/.local/lib/python3.8/site-packages/airflow/example_dags/example_bash_operator.py for tasks to queue
[2023-11-26T00:29:42.370+0000] {logging_mixin.py:154} INFO - [2023-11-26T00:29:42.370+0000] {dagbag.py:536} INFO - Filling up the DagBag from /home/airflow/.local/lib/python3.8/site-packages/airflow/example_dags/example_bash_operator.py
[2023-11-26T00:29:42.391+0000] {processor.py:839} INFO - DAG(s) dict_keys(['example_bash_operator']) retrieved from /home/airflow/.local/lib/python3.8/site-packages/airflow/example_dags/example_bash_operator.py
[2023-11-26T00:29:42.455+0000] {logging_mixin.py:154} INFO - [2023-11-26T00:29:42.455+0000] {dag.py:2941} INFO - Sync 1 DAGs
[2023-11-26T00:29:42.504+0000] {logging_mixin.py:154} INFO - [2023-11-26T00:29:42.504+0000] {dag.py:3722} INFO - Setting next_dagrun for example_bash_operator to 2023-11-25T00:00:00+00:00, run_after=2023-11-26T00:00:00+00:00
[2023-11-26T00:29:42.558+0000] {processor.py:179} INFO - Processing /home/airflow/.local/lib/python3.8/site-packages/airflow/example_dags/example_bash_operator.py took 0.200 seconds
[2023-11-26T00:30:12.712+0000] {processor.py:157} INFO - Started process (PID=1328) to work on /home/airflow/.local/lib/python3.8/site-packages/airflow/example_dags/example_bash_operator.py
[2023-11-26T00:30:12.714+0000] {processor.py:829} INFO - Processing file /home/airflow/.local/lib/python3.8/site-packages/airflow/example_dags/example_bash_operator.py for tasks to queue
[2023-11-26T00:30:12.718+0000] {logging_mixin.py:154} INFO - [2023-11-26T00:30:12.718+0000] {dagbag.py:536} INFO - Filling up the DagBag from /home/airflow/.local/lib/python3.8/site-packages/airflow/example_dags/example_bash_operator.py
[2023-11-26T00:30:12.731+0000] {processor.py:839} INFO - DAG(s) dict_keys(['example_bash_operator']) retrieved from /home/airflow/.local/lib/python3.8/site-packages/airflow/example_dags/example_bash_operator.py
[2023-11-26T00:30:12.767+0000] {logging_mixin.py:154} INFO - [2023-11-26T00:30:12.767+0000] {dag.py:2941} INFO - Sync 1 DAGs
[2023-11-26T00:30:12.796+0000] {logging_mixin.py:154} INFO - [2023-11-26T00:30:12.796+0000] {dag.py:3722} INFO - Setting next_dagrun for example_bash_operator to 2023-11-25T00:00:00+00:00, run_after=2023-11-26T00:00:00+00:00
[2023-11-26T00:30:12.825+0000] {processor.py:179} INFO - Processing /home/airflow/.local/lib/python3.8/site-packages/airflow/example_dags/example_bash_operator.py took 0.119 seconds
[2023-11-26T00:30:42.917+0000] {processor.py:157} INFO - Started process (PID=1382) to work on /home/airflow/.local/lib/python3.8/site-packages/airflow/example_dags/example_bash_operator.py
[2023-11-26T00:30:42.920+0000] {processor.py:829} INFO - Processing file /home/airflow/.local/lib/python3.8/site-packages/airflow/example_dags/example_bash_operator.py for tasks to queue
[2023-11-26T00:30:42.929+0000] {logging_mixin.py:154} INFO - [2023-11-26T00:30:42.928+0000] {dagbag.py:536} INFO - Filling up the DagBag from /home/airflow/.local/lib/python3.8/site-packages/airflow/example_dags/example_bash_operator.py
[2023-11-26T00:30:42.970+0000] {processor.py:839} INFO - DAG(s) dict_keys(['example_bash_operator']) retrieved from /home/airflow/.local/lib/python3.8/site-packages/airflow/example_dags/example_bash_operator.py
[2023-11-26T00:30:43.013+0000] {logging_mixin.py:154} INFO - [2023-11-26T00:30:43.013+0000] {dag.py:2941} INFO - Sync 1 DAGs
[2023-11-26T00:30:43.035+0000] {logging_mixin.py:154} INFO - [2023-11-26T00:30:43.035+0000] {dag.py:3722} INFO - Setting next_dagrun for example_bash_operator to 2023-11-25T00:00:00+00:00, run_after=2023-11-26T00:00:00+00:00
[2023-11-26T00:30:43.059+0000] {processor.py:179} INFO - Processing /home/airflow/.local/lib/python3.8/site-packages/airflow/example_dags/example_bash_operator.py took 0.149 seconds
[2023-11-26T00:31:13.409+0000] {processor.py:157} INFO - Started process (PID=1436) to work on /home/airflow/.local/lib/python3.8/site-packages/airflow/example_dags/example_bash_operator.py
[2023-11-26T00:31:13.411+0000] {processor.py:829} INFO - Processing file /home/airflow/.local/lib/python3.8/site-packages/airflow/example_dags/example_bash_operator.py for tasks to queue
[2023-11-26T00:31:13.414+0000] {logging_mixin.py:154} INFO - [2023-11-26T00:31:13.414+0000] {dagbag.py:536} INFO - Filling up the DagBag from /home/airflow/.local/lib/python3.8/site-packages/airflow/example_dags/example_bash_operator.py
[2023-11-26T00:31:13.435+0000] {processor.py:839} INFO - DAG(s) dict_keys(['example_bash_operator']) retrieved from /home/airflow/.local/lib/python3.8/site-packages/airflow/example_dags/example_bash_operator.py
[2023-11-26T00:31:13.473+0000] {logging_mixin.py:154} INFO - [2023-11-26T00:31:13.473+0000] {dag.py:2941} INFO - Sync 1 DAGs
[2023-11-26T00:31:13.502+0000] {logging_mixin.py:154} INFO - [2023-11-26T00:31:13.501+0000] {dag.py:3722} INFO - Setting next_dagrun for example_bash_operator to 2023-11-25T00:00:00+00:00, run_after=2023-11-26T00:00:00+00:00
[2023-11-26T00:31:13.530+0000] {processor.py:179} INFO - Processing /home/airflow/.local/lib/python3.8/site-packages/airflow/example_dags/example_bash_operator.py took 0.125 seconds
[2023-11-26T00:31:43.716+0000] {processor.py:157} INFO - Started process (PID=1490) to work on /home/airflow/.local/lib/python3.8/site-packages/airflow/example_dags/example_bash_operator.py
[2023-11-26T00:31:43.718+0000] {processor.py:829} INFO - Processing file /home/airflow/.local/lib/python3.8/site-packages/airflow/example_dags/example_bash_operator.py for tasks to queue
[2023-11-26T00:31:43.724+0000] {logging_mixin.py:154} INFO - [2023-11-26T00:31:43.723+0000] {dagbag.py:536} INFO - Filling up the DagBag from /home/airflow/.local/lib/python3.8/site-packages/airflow/example_dags/example_bash_operator.py
[2023-11-26T00:31:43.742+0000] {processor.py:839} INFO - DAG(s) dict_keys(['example_bash_operator']) retrieved from /home/airflow/.local/lib/python3.8/site-packages/airflow/example_dags/example_bash_operator.py
[2023-11-26T00:31:43.790+0000] {logging_mixin.py:154} INFO - [2023-11-26T00:31:43.790+0000] {dag.py:2941} INFO - Sync 1 DAGs
[2023-11-26T00:31:43.840+0000] {logging_mixin.py:154} INFO - [2023-11-26T00:31:43.839+0000] {dag.py:3722} INFO - Setting next_dagrun for example_bash_operator to 2023-11-25T00:00:00+00:00, run_after=2023-11-26T00:00:00+00:00
[2023-11-26T00:31:43.883+0000] {processor.py:179} INFO - Processing /home/airflow/.local/lib/python3.8/site-packages/airflow/example_dags/example_bash_operator.py took 0.175 seconds
[2023-11-26T00:32:13.966+0000] {processor.py:157} INFO - Started process (PID=1544) to work on /home/airflow/.local/lib/python3.8/site-packages/airflow/example_dags/example_bash_operator.py
[2023-11-26T00:32:13.968+0000] {processor.py:829} INFO - Processing file /home/airflow/.local/lib/python3.8/site-packages/airflow/example_dags/example_bash_operator.py for tasks to queue
[2023-11-26T00:32:13.971+0000] {logging_mixin.py:154} INFO - [2023-11-26T00:32:13.971+0000] {dagbag.py:536} INFO - Filling up the DagBag from /home/airflow/.local/lib/python3.8/site-packages/airflow/example_dags/example_bash_operator.py
[2023-11-26T00:32:13.988+0000] {processor.py:839} INFO - DAG(s) dict_keys(['example_bash_operator']) retrieved from /home/airflow/.local/lib/python3.8/site-packages/airflow/example_dags/example_bash_operator.py
[2023-11-26T00:32:14.039+0000] {logging_mixin.py:154} INFO - [2023-11-26T00:32:14.039+0000] {dag.py:2941} INFO - Sync 1 DAGs
[2023-11-26T00:32:14.074+0000] {logging_mixin.py:154} INFO - [2023-11-26T00:32:14.074+0000] {dag.py:3722} INFO - Setting next_dagrun for example_bash_operator to 2023-11-25T00:00:00+00:00, run_after=2023-11-26T00:00:00+00:00
[2023-11-26T00:32:14.197+0000] {processor.py:179} INFO - Processing /home/airflow/.local/lib/python3.8/site-packages/airflow/example_dags/example_bash_operator.py took 0.234 seconds
[2023-11-26T00:32:44.364+0000] {processor.py:157} INFO - Started process (PID=1598) to work on /home/airflow/.local/lib/python3.8/site-packages/airflow/example_dags/example_bash_operator.py
[2023-11-26T00:32:44.365+0000] {processor.py:829} INFO - Processing file /home/airflow/.local/lib/python3.8/site-packages/airflow/example_dags/example_bash_operator.py for tasks to queue
[2023-11-26T00:32:44.369+0000] {logging_mixin.py:154} INFO - [2023-11-26T00:32:44.368+0000] {dagbag.py:536} INFO - Filling up the DagBag from /home/airflow/.local/lib/python3.8/site-packages/airflow/example_dags/example_bash_operator.py
[2023-11-26T00:32:44.378+0000] {processor.py:839} INFO - DAG(s) dict_keys(['example_bash_operator']) retrieved from /home/airflow/.local/lib/python3.8/site-packages/airflow/example_dags/example_bash_operator.py
[2023-11-26T00:32:44.403+0000] {logging_mixin.py:154} INFO - [2023-11-26T00:32:44.403+0000] {dag.py:2941} INFO - Sync 1 DAGs
[2023-11-26T00:32:44.424+0000] {logging_mixin.py:154} INFO - [2023-11-26T00:32:44.424+0000] {dag.py:3722} INFO - Setting next_dagrun for example_bash_operator to 2023-11-25T00:00:00+00:00, run_after=2023-11-26T00:00:00+00:00
[2023-11-26T00:32:44.448+0000] {processor.py:179} INFO - Processing /home/airflow/.local/lib/python3.8/site-packages/airflow/example_dags/example_bash_operator.py took 0.087 seconds
[2023-11-26T00:33:15.062+0000] {processor.py:157} INFO - Started process (PID=1652) to work on /home/airflow/.local/lib/python3.8/site-packages/airflow/example_dags/example_bash_operator.py
[2023-11-26T00:33:15.064+0000] {processor.py:829} INFO - Processing file /home/airflow/.local/lib/python3.8/site-packages/airflow/example_dags/example_bash_operator.py for tasks to queue
[2023-11-26T00:33:15.067+0000] {logging_mixin.py:154} INFO - [2023-11-26T00:33:15.066+0000] {dagbag.py:536} INFO - Filling up the DagBag from /home/airflow/.local/lib/python3.8/site-packages/airflow/example_dags/example_bash_operator.py
[2023-11-26T00:33:15.080+0000] {processor.py:839} INFO - DAG(s) dict_keys(['example_bash_operator']) retrieved from /home/airflow/.local/lib/python3.8/site-packages/airflow/example_dags/example_bash_operator.py
[2023-11-26T00:33:15.117+0000] {logging_mixin.py:154} INFO - [2023-11-26T00:33:15.117+0000] {dag.py:2941} INFO - Sync 1 DAGs
[2023-11-26T00:33:15.150+0000] {logging_mixin.py:154} INFO - [2023-11-26T00:33:15.149+0000] {dag.py:3722} INFO - Setting next_dagrun for example_bash_operator to 2023-11-25T00:00:00+00:00, run_after=2023-11-26T00:00:00+00:00
[2023-11-26T00:33:15.191+0000] {processor.py:179} INFO - Processing /home/airflow/.local/lib/python3.8/site-packages/airflow/example_dags/example_bash_operator.py took 0.135 seconds
[2023-11-26T00:33:45.492+0000] {processor.py:157} INFO - Started process (PID=1706) to work on /home/airflow/.local/lib/python3.8/site-packages/airflow/example_dags/example_bash_operator.py
[2023-11-26T00:33:45.493+0000] {processor.py:829} INFO - Processing file /home/airflow/.local/lib/python3.8/site-packages/airflow/example_dags/example_bash_operator.py for tasks to queue
[2023-11-26T00:33:45.495+0000] {logging_mixin.py:154} INFO - [2023-11-26T00:33:45.495+0000] {dagbag.py:536} INFO - Filling up the DagBag from /home/airflow/.local/lib/python3.8/site-packages/airflow/example_dags/example_bash_operator.py
[2023-11-26T00:33:45.507+0000] {processor.py:839} INFO - DAG(s) dict_keys(['example_bash_operator']) retrieved from /home/airflow/.local/lib/python3.8/site-packages/airflow/example_dags/example_bash_operator.py
[2023-11-26T00:33:45.535+0000] {logging_mixin.py:154} INFO - [2023-11-26T00:33:45.535+0000] {dag.py:2941} INFO - Sync 1 DAGs
[2023-11-26T00:33:45.556+0000] {logging_mixin.py:154} INFO - [2023-11-26T00:33:45.556+0000] {dag.py:3722} INFO - Setting next_dagrun for example_bash_operator to 2023-11-25T00:00:00+00:00, run_after=2023-11-26T00:00:00+00:00
[2023-11-26T00:33:45.577+0000] {processor.py:179} INFO - Processing /home/airflow/.local/lib/python3.8/site-packages/airflow/example_dags/example_bash_operator.py took 0.088 seconds
[2023-11-26T00:34:16.018+0000] {processor.py:157} INFO - Started process (PID=1760) to work on /home/airflow/.local/lib/python3.8/site-packages/airflow/example_dags/example_bash_operator.py
[2023-11-26T00:34:16.020+0000] {processor.py:829} INFO - Processing file /home/airflow/.local/lib/python3.8/site-packages/airflow/example_dags/example_bash_operator.py for tasks to queue
[2023-11-26T00:34:16.022+0000] {logging_mixin.py:154} INFO - [2023-11-26T00:34:16.022+0000] {dagbag.py:536} INFO - Filling up the DagBag from /home/airflow/.local/lib/python3.8/site-packages/airflow/example_dags/example_bash_operator.py
[2023-11-26T00:34:16.034+0000] {processor.py:839} INFO - DAG(s) dict_keys(['example_bash_operator']) retrieved from /home/airflow/.local/lib/python3.8/site-packages/airflow/example_dags/example_bash_operator.py
[2023-11-26T00:34:16.058+0000] {logging_mixin.py:154} INFO - [2023-11-26T00:34:16.058+0000] {dag.py:2941} INFO - Sync 1 DAGs
[2023-11-26T00:34:16.077+0000] {logging_mixin.py:154} INFO - [2023-11-26T00:34:16.077+0000] {dag.py:3722} INFO - Setting next_dagrun for example_bash_operator to 2023-11-25T00:00:00+00:00, run_after=2023-11-26T00:00:00+00:00
[2023-11-26T00:34:16.097+0000] {processor.py:179} INFO - Processing /home/airflow/.local/lib/python3.8/site-packages/airflow/example_dags/example_bash_operator.py took 0.085 seconds
[2023-11-26T00:34:46.500+0000] {processor.py:157} INFO - Started process (PID=1814) to work on /home/airflow/.local/lib/python3.8/site-packages/airflow/example_dags/example_bash_operator.py
[2023-11-26T00:34:46.501+0000] {processor.py:829} INFO - Processing file /home/airflow/.local/lib/python3.8/site-packages/airflow/example_dags/example_bash_operator.py for tasks to queue
[2023-11-26T00:34:46.505+0000] {logging_mixin.py:154} INFO - [2023-11-26T00:34:46.504+0000] {dagbag.py:536} INFO - Filling up the DagBag from /home/airflow/.local/lib/python3.8/site-packages/airflow/example_dags/example_bash_operator.py
[2023-11-26T00:34:46.514+0000] {processor.py:839} INFO - DAG(s) dict_keys(['example_bash_operator']) retrieved from /home/airflow/.local/lib/python3.8/site-packages/airflow/example_dags/example_bash_operator.py
[2023-11-26T00:34:46.541+0000] {logging_mixin.py:154} INFO - [2023-11-26T00:34:46.540+0000] {dag.py:2941} INFO - Sync 1 DAGs
[2023-11-26T00:34:46.562+0000] {logging_mixin.py:154} INFO - [2023-11-26T00:34:46.561+0000] {dag.py:3722} INFO - Setting next_dagrun for example_bash_operator to 2023-11-25T00:00:00+00:00, run_after=2023-11-26T00:00:00+00:00
[2023-11-26T00:34:46.584+0000] {processor.py:179} INFO - Processing /home/airflow/.local/lib/python3.8/site-packages/airflow/example_dags/example_bash_operator.py took 0.091 seconds
[2023-11-26T00:35:16.797+0000] {processor.py:157} INFO - Started process (PID=1868) to work on /home/airflow/.local/lib/python3.8/site-packages/airflow/example_dags/example_bash_operator.py
[2023-11-26T00:35:16.798+0000] {processor.py:829} INFO - Processing file /home/airflow/.local/lib/python3.8/site-packages/airflow/example_dags/example_bash_operator.py for tasks to queue
[2023-11-26T00:35:16.801+0000] {logging_mixin.py:154} INFO - [2023-11-26T00:35:16.800+0000] {dagbag.py:536} INFO - Filling up the DagBag from /home/airflow/.local/lib/python3.8/site-packages/airflow/example_dags/example_bash_operator.py
[2023-11-26T00:35:16.810+0000] {processor.py:839} INFO - DAG(s) dict_keys(['example_bash_operator']) retrieved from /home/airflow/.local/lib/python3.8/site-packages/airflow/example_dags/example_bash_operator.py
[2023-11-26T00:35:16.836+0000] {logging_mixin.py:154} INFO - [2023-11-26T00:35:16.836+0000] {dag.py:2941} INFO - Sync 1 DAGs
[2023-11-26T00:35:16.858+0000] {logging_mixin.py:154} INFO - [2023-11-26T00:35:16.858+0000] {dag.py:3722} INFO - Setting next_dagrun for example_bash_operator to 2023-11-25T00:00:00+00:00, run_after=2023-11-26T00:00:00+00:00
[2023-11-26T00:35:16.880+0000] {processor.py:179} INFO - Processing /home/airflow/.local/lib/python3.8/site-packages/airflow/example_dags/example_bash_operator.py took 0.087 seconds
[2023-11-26T00:35:47.268+0000] {processor.py:157} INFO - Started process (PID=1922) to work on /home/airflow/.local/lib/python3.8/site-packages/airflow/example_dags/example_bash_operator.py
[2023-11-26T00:35:47.270+0000] {processor.py:829} INFO - Processing file /home/airflow/.local/lib/python3.8/site-packages/airflow/example_dags/example_bash_operator.py for tasks to queue
[2023-11-26T00:35:47.271+0000] {logging_mixin.py:154} INFO - [2023-11-26T00:35:47.271+0000] {dagbag.py:536} INFO - Filling up the DagBag from /home/airflow/.local/lib/python3.8/site-packages/airflow/example_dags/example_bash_operator.py
[2023-11-26T00:35:47.282+0000] {processor.py:839} INFO - DAG(s) dict_keys(['example_bash_operator']) retrieved from /home/airflow/.local/lib/python3.8/site-packages/airflow/example_dags/example_bash_operator.py
[2023-11-26T00:35:47.309+0000] {logging_mixin.py:154} INFO - [2023-11-26T00:35:47.309+0000] {dag.py:2941} INFO - Sync 1 DAGs
[2023-11-26T00:35:47.330+0000] {logging_mixin.py:154} INFO - [2023-11-26T00:35:47.329+0000] {dag.py:3722} INFO - Setting next_dagrun for example_bash_operator to 2023-11-25T00:00:00+00:00, run_after=2023-11-26T00:00:00+00:00
[2023-11-26T00:35:47.355+0000] {processor.py:179} INFO - Processing /home/airflow/.local/lib/python3.8/site-packages/airflow/example_dags/example_bash_operator.py took 0.090 seconds
[2023-11-26T00:36:17.764+0000] {processor.py:157} INFO - Started process (PID=1976) to work on /home/airflow/.local/lib/python3.8/site-packages/airflow/example_dags/example_bash_operator.py
[2023-11-26T00:36:17.766+0000] {processor.py:829} INFO - Processing file /home/airflow/.local/lib/python3.8/site-packages/airflow/example_dags/example_bash_operator.py for tasks to queue
[2023-11-26T00:36:17.769+0000] {logging_mixin.py:154} INFO - [2023-11-26T00:36:17.769+0000] {dagbag.py:536} INFO - Filling up the DagBag from /home/airflow/.local/lib/python3.8/site-packages/airflow/example_dags/example_bash_operator.py
[2023-11-26T00:36:17.782+0000] {processor.py:839} INFO - DAG(s) dict_keys(['example_bash_operator']) retrieved from /home/airflow/.local/lib/python3.8/site-packages/airflow/example_dags/example_bash_operator.py
[2023-11-26T00:36:17.810+0000] {logging_mixin.py:154} INFO - [2023-11-26T00:36:17.810+0000] {dag.py:2941} INFO - Sync 1 DAGs
[2023-11-26T00:36:17.832+0000] {logging_mixin.py:154} INFO - [2023-11-26T00:36:17.832+0000] {dag.py:3722} INFO - Setting next_dagrun for example_bash_operator to 2023-11-25T00:00:00+00:00, run_after=2023-11-26T00:00:00+00:00
[2023-11-26T00:36:17.858+0000] {processor.py:179} INFO - Processing /home/airflow/.local/lib/python3.8/site-packages/airflow/example_dags/example_bash_operator.py took 0.099 seconds
[2023-11-26T00:36:48.583+0000] {processor.py:157} INFO - Started process (PID=2030) to work on /home/airflow/.local/lib/python3.8/site-packages/airflow/example_dags/example_bash_operator.py
[2023-11-26T00:36:48.584+0000] {processor.py:829} INFO - Processing file /home/airflow/.local/lib/python3.8/site-packages/airflow/example_dags/example_bash_operator.py for tasks to queue
[2023-11-26T00:36:48.587+0000] {logging_mixin.py:154} INFO - [2023-11-26T00:36:48.587+0000] {dagbag.py:536} INFO - Filling up the DagBag from /home/airflow/.local/lib/python3.8/site-packages/airflow/example_dags/example_bash_operator.py
[2023-11-26T00:36:48.598+0000] {processor.py:839} INFO - DAG(s) dict_keys(['example_bash_operator']) retrieved from /home/airflow/.local/lib/python3.8/site-packages/airflow/example_dags/example_bash_operator.py
[2023-11-26T00:36:48.630+0000] {logging_mixin.py:154} INFO - [2023-11-26T00:36:48.630+0000] {dag.py:2941} INFO - Sync 1 DAGs
[2023-11-26T00:36:48.655+0000] {logging_mixin.py:154} INFO - [2023-11-26T00:36:48.655+0000] {dag.py:3722} INFO - Setting next_dagrun for example_bash_operator to 2023-11-25T00:00:00+00:00, run_after=2023-11-26T00:00:00+00:00
[2023-11-26T00:36:48.794+0000] {processor.py:179} INFO - Processing /home/airflow/.local/lib/python3.8/site-packages/airflow/example_dags/example_bash_operator.py took 0.215 seconds
[2023-11-26T00:37:19.254+0000] {processor.py:157} INFO - Started process (PID=2084) to work on /home/airflow/.local/lib/python3.8/site-packages/airflow/example_dags/example_bash_operator.py
[2023-11-26T00:37:19.255+0000] {processor.py:829} INFO - Processing file /home/airflow/.local/lib/python3.8/site-packages/airflow/example_dags/example_bash_operator.py for tasks to queue
[2023-11-26T00:37:19.258+0000] {logging_mixin.py:154} INFO - [2023-11-26T00:37:19.257+0000] {dagbag.py:536} INFO - Filling up the DagBag from /home/airflow/.local/lib/python3.8/site-packages/airflow/example_dags/example_bash_operator.py
[2023-11-26T00:37:19.267+0000] {processor.py:839} INFO - DAG(s) dict_keys(['example_bash_operator']) retrieved from /home/airflow/.local/lib/python3.8/site-packages/airflow/example_dags/example_bash_operator.py
[2023-11-26T00:37:19.296+0000] {logging_mixin.py:154} INFO - [2023-11-26T00:37:19.296+0000] {dag.py:2941} INFO - Sync 1 DAGs
[2023-11-26T00:37:19.319+0000] {logging_mixin.py:154} INFO - [2023-11-26T00:37:19.319+0000] {dag.py:3722} INFO - Setting next_dagrun for example_bash_operator to 2023-11-25T00:00:00+00:00, run_after=2023-11-26T00:00:00+00:00
[2023-11-26T00:37:19.344+0000] {processor.py:179} INFO - Processing /home/airflow/.local/lib/python3.8/site-packages/airflow/example_dags/example_bash_operator.py took 0.094 seconds
[2023-11-26T00:37:49.751+0000] {processor.py:157} INFO - Started process (PID=2138) to work on /home/airflow/.local/lib/python3.8/site-packages/airflow/example_dags/example_bash_operator.py
[2023-11-26T00:37:49.754+0000] {processor.py:829} INFO - Processing file /home/airflow/.local/lib/python3.8/site-packages/airflow/example_dags/example_bash_operator.py for tasks to queue
[2023-11-26T00:37:49.760+0000] {logging_mixin.py:154} INFO - [2023-11-26T00:37:49.759+0000] {dagbag.py:536} INFO - Filling up the DagBag from /home/airflow/.local/lib/python3.8/site-packages/airflow/example_dags/example_bash_operator.py
[2023-11-26T00:37:49.781+0000] {processor.py:839} INFO - DAG(s) dict_keys(['example_bash_operator']) retrieved from /home/airflow/.local/lib/python3.8/site-packages/airflow/example_dags/example_bash_operator.py
[2023-11-26T00:37:49.873+0000] {logging_mixin.py:154} INFO - [2023-11-26T00:37:49.873+0000] {dag.py:2941} INFO - Sync 1 DAGs
[2023-11-26T00:37:49.909+0000] {logging_mixin.py:154} INFO - [2023-11-26T00:37:49.909+0000] {dag.py:3722} INFO - Setting next_dagrun for example_bash_operator to 2023-11-25T00:00:00+00:00, run_after=2023-11-26T00:00:00+00:00
[2023-11-26T00:37:49.938+0000] {processor.py:179} INFO - Processing /home/airflow/.local/lib/python3.8/site-packages/airflow/example_dags/example_bash_operator.py took 0.196 seconds
[2023-11-26T00:38:20.136+0000] {processor.py:157} INFO - Started process (PID=2192) to work on /home/airflow/.local/lib/python3.8/site-packages/airflow/example_dags/example_bash_operator.py
[2023-11-26T00:38:20.137+0000] {processor.py:829} INFO - Processing file /home/airflow/.local/lib/python3.8/site-packages/airflow/example_dags/example_bash_operator.py for tasks to queue
[2023-11-26T00:38:20.140+0000] {logging_mixin.py:154} INFO - [2023-11-26T00:38:20.139+0000] {dagbag.py:536} INFO - Filling up the DagBag from /home/airflow/.local/lib/python3.8/site-packages/airflow/example_dags/example_bash_operator.py
[2023-11-26T00:38:20.154+0000] {processor.py:839} INFO - DAG(s) dict_keys(['example_bash_operator']) retrieved from /home/airflow/.local/lib/python3.8/site-packages/airflow/example_dags/example_bash_operator.py
[2023-11-26T00:38:20.198+0000] {logging_mixin.py:154} INFO - [2023-11-26T00:38:20.198+0000] {dag.py:2941} INFO - Sync 1 DAGs
[2023-11-26T00:38:20.227+0000] {logging_mixin.py:154} INFO - [2023-11-26T00:38:20.227+0000] {dag.py:3722} INFO - Setting next_dagrun for example_bash_operator to 2023-11-25T00:00:00+00:00, run_after=2023-11-26T00:00:00+00:00
[2023-11-26T00:38:20.256+0000] {processor.py:179} INFO - Processing /home/airflow/.local/lib/python3.8/site-packages/airflow/example_dags/example_bash_operator.py took 0.125 seconds
[2023-11-26T00:38:50.743+0000] {processor.py:157} INFO - Started process (PID=2246) to work on /home/airflow/.local/lib/python3.8/site-packages/airflow/example_dags/example_bash_operator.py
[2023-11-26T00:38:50.745+0000] {processor.py:829} INFO - Processing file /home/airflow/.local/lib/python3.8/site-packages/airflow/example_dags/example_bash_operator.py for tasks to queue
[2023-11-26T00:38:50.749+0000] {logging_mixin.py:154} INFO - [2023-11-26T00:38:50.749+0000] {dagbag.py:536} INFO - Filling up the DagBag from /home/airflow/.local/lib/python3.8/site-packages/airflow/example_dags/example_bash_operator.py
[2023-11-26T00:38:50.766+0000] {processor.py:839} INFO - DAG(s) dict_keys(['example_bash_operator']) retrieved from /home/airflow/.local/lib/python3.8/site-packages/airflow/example_dags/example_bash_operator.py
[2023-11-26T00:38:50.805+0000] {logging_mixin.py:154} INFO - [2023-11-26T00:38:50.805+0000] {dag.py:2941} INFO - Sync 1 DAGs
[2023-11-26T00:38:50.968+0000] {logging_mixin.py:154} INFO - [2023-11-26T00:38:50.968+0000] {dag.py:3722} INFO - Setting next_dagrun for example_bash_operator to 2023-11-25T00:00:00+00:00, run_after=2023-11-26T00:00:00+00:00
[2023-11-26T00:38:51.003+0000] {processor.py:179} INFO - Processing /home/airflow/.local/lib/python3.8/site-packages/airflow/example_dags/example_bash_operator.py took 0.267 seconds
[2023-11-26T00:39:21.606+0000] {processor.py:157} INFO - Started process (PID=2300) to work on /home/airflow/.local/lib/python3.8/site-packages/airflow/example_dags/example_bash_operator.py
[2023-11-26T00:39:21.609+0000] {processor.py:829} INFO - Processing file /home/airflow/.local/lib/python3.8/site-packages/airflow/example_dags/example_bash_operator.py for tasks to queue
[2023-11-26T00:39:21.612+0000] {logging_mixin.py:154} INFO - [2023-11-26T00:39:21.612+0000] {dagbag.py:536} INFO - Filling up the DagBag from /home/airflow/.local/lib/python3.8/site-packages/airflow/example_dags/example_bash_operator.py
[2023-11-26T00:39:21.623+0000] {processor.py:839} INFO - DAG(s) dict_keys(['example_bash_operator']) retrieved from /home/airflow/.local/lib/python3.8/site-packages/airflow/example_dags/example_bash_operator.py
[2023-11-26T00:39:21.654+0000] {logging_mixin.py:154} INFO - [2023-11-26T00:39:21.654+0000] {dag.py:2941} INFO - Sync 1 DAGs
[2023-11-26T00:39:21.675+0000] {logging_mixin.py:154} INFO - [2023-11-26T00:39:21.675+0000] {dag.py:3722} INFO - Setting next_dagrun for example_bash_operator to 2023-11-25T00:00:00+00:00, run_after=2023-11-26T00:00:00+00:00
[2023-11-26T00:39:21.699+0000] {processor.py:179} INFO - Processing /home/airflow/.local/lib/python3.8/site-packages/airflow/example_dags/example_bash_operator.py took 0.100 seconds
[2023-11-26T00:39:52.036+0000] {processor.py:157} INFO - Started process (PID=2354) to work on /home/airflow/.local/lib/python3.8/site-packages/airflow/example_dags/example_bash_operator.py
[2023-11-26T00:39:52.038+0000] {processor.py:829} INFO - Processing file /home/airflow/.local/lib/python3.8/site-packages/airflow/example_dags/example_bash_operator.py for tasks to queue
[2023-11-26T00:39:52.041+0000] {logging_mixin.py:154} INFO - [2023-11-26T00:39:52.040+0000] {dagbag.py:536} INFO - Filling up the DagBag from /home/airflow/.local/lib/python3.8/site-packages/airflow/example_dags/example_bash_operator.py
[2023-11-26T00:39:52.054+0000] {processor.py:839} INFO - DAG(s) dict_keys(['example_bash_operator']) retrieved from /home/airflow/.local/lib/python3.8/site-packages/airflow/example_dags/example_bash_operator.py
[2023-11-26T00:39:52.085+0000] {logging_mixin.py:154} INFO - [2023-11-26T00:39:52.085+0000] {dag.py:2941} INFO - Sync 1 DAGs
[2023-11-26T00:39:52.107+0000] {logging_mixin.py:154} INFO - [2023-11-26T00:39:52.107+0000] {dag.py:3722} INFO - Setting next_dagrun for example_bash_operator to 2023-11-25T00:00:00+00:00, run_after=2023-11-26T00:00:00+00:00
[2023-11-26T00:39:52.131+0000] {processor.py:179} INFO - Processing /home/airflow/.local/lib/python3.8/site-packages/airflow/example_dags/example_bash_operator.py took 0.100 seconds
[2023-11-26T00:40:22.763+0000] {processor.py:157} INFO - Started process (PID=2408) to work on /home/airflow/.local/lib/python3.8/site-packages/airflow/example_dags/example_bash_operator.py
[2023-11-26T00:40:22.764+0000] {processor.py:829} INFO - Processing file /home/airflow/.local/lib/python3.8/site-packages/airflow/example_dags/example_bash_operator.py for tasks to queue
[2023-11-26T00:40:22.767+0000] {logging_mixin.py:154} INFO - [2023-11-26T00:40:22.766+0000] {dagbag.py:536} INFO - Filling up the DagBag from /home/airflow/.local/lib/python3.8/site-packages/airflow/example_dags/example_bash_operator.py
[2023-11-26T00:40:22.777+0000] {processor.py:839} INFO - DAG(s) dict_keys(['example_bash_operator']) retrieved from /home/airflow/.local/lib/python3.8/site-packages/airflow/example_dags/example_bash_operator.py
[2023-11-26T00:40:22.808+0000] {logging_mixin.py:154} INFO - [2023-11-26T00:40:22.808+0000] {dag.py:2941} INFO - Sync 1 DAGs
[2023-11-26T00:40:22.946+0000] {logging_mixin.py:154} INFO - [2023-11-26T00:40:22.945+0000] {dag.py:3722} INFO - Setting next_dagrun for example_bash_operator to 2023-11-25T00:00:00+00:00, run_after=2023-11-26T00:00:00+00:00
[2023-11-26T00:40:22.967+0000] {processor.py:179} INFO - Processing /home/airflow/.local/lib/python3.8/site-packages/airflow/example_dags/example_bash_operator.py took 0.207 seconds
[2023-11-26T00:40:53.040+0000] {processor.py:157} INFO - Started process (PID=2462) to work on /home/airflow/.local/lib/python3.8/site-packages/airflow/example_dags/example_bash_operator.py
[2023-11-26T00:40:53.042+0000] {processor.py:829} INFO - Processing file /home/airflow/.local/lib/python3.8/site-packages/airflow/example_dags/example_bash_operator.py for tasks to queue
[2023-11-26T00:40:53.045+0000] {logging_mixin.py:154} INFO - [2023-11-26T00:40:53.045+0000] {dagbag.py:536} INFO - Filling up the DagBag from /home/airflow/.local/lib/python3.8/site-packages/airflow/example_dags/example_bash_operator.py
[2023-11-26T00:40:53.055+0000] {processor.py:839} INFO - DAG(s) dict_keys(['example_bash_operator']) retrieved from /home/airflow/.local/lib/python3.8/site-packages/airflow/example_dags/example_bash_operator.py
[2023-11-26T00:40:53.085+0000] {logging_mixin.py:154} INFO - [2023-11-26T00:40:53.085+0000] {dag.py:2941} INFO - Sync 1 DAGs
[2023-11-26T00:40:53.107+0000] {logging_mixin.py:154} INFO - [2023-11-26T00:40:53.107+0000] {dag.py:3722} INFO - Setting next_dagrun for example_bash_operator to 2023-11-25T00:00:00+00:00, run_after=2023-11-26T00:00:00+00:00
[2023-11-26T00:40:53.253+0000] {processor.py:179} INFO - Processing /home/airflow/.local/lib/python3.8/site-packages/airflow/example_dags/example_bash_operator.py took 0.216 seconds
[2023-11-26T00:41:23.785+0000] {processor.py:157} INFO - Started process (PID=2516) to work on /home/airflow/.local/lib/python3.8/site-packages/airflow/example_dags/example_bash_operator.py
[2023-11-26T00:41:23.786+0000] {processor.py:829} INFO - Processing file /home/airflow/.local/lib/python3.8/site-packages/airflow/example_dags/example_bash_operator.py for tasks to queue
[2023-11-26T00:41:23.788+0000] {logging_mixin.py:154} INFO - [2023-11-26T00:41:23.788+0000] {dagbag.py:536} INFO - Filling up the DagBag from /home/airflow/.local/lib/python3.8/site-packages/airflow/example_dags/example_bash_operator.py
[2023-11-26T00:41:23.798+0000] {processor.py:839} INFO - DAG(s) dict_keys(['example_bash_operator']) retrieved from /home/airflow/.local/lib/python3.8/site-packages/airflow/example_dags/example_bash_operator.py
[2023-11-26T00:41:23.826+0000] {logging_mixin.py:154} INFO - [2023-11-26T00:41:23.826+0000] {dag.py:2941} INFO - Sync 1 DAGs
[2023-11-26T00:41:23.847+0000] {logging_mixin.py:154} INFO - [2023-11-26T00:41:23.846+0000] {dag.py:3722} INFO - Setting next_dagrun for example_bash_operator to 2023-11-25T00:00:00+00:00, run_after=2023-11-26T00:00:00+00:00
[2023-11-26T00:41:23.870+0000] {processor.py:179} INFO - Processing /home/airflow/.local/lib/python3.8/site-packages/airflow/example_dags/example_bash_operator.py took 0.088 seconds
[2023-11-26T00:41:54.450+0000] {processor.py:157} INFO - Started process (PID=2570) to work on /home/airflow/.local/lib/python3.8/site-packages/airflow/example_dags/example_bash_operator.py
[2023-11-26T00:41:54.451+0000] {processor.py:829} INFO - Processing file /home/airflow/.local/lib/python3.8/site-packages/airflow/example_dags/example_bash_operator.py for tasks to queue
[2023-11-26T00:41:54.453+0000] {logging_mixin.py:154} INFO - [2023-11-26T00:41:54.453+0000] {dagbag.py:536} INFO - Filling up the DagBag from /home/airflow/.local/lib/python3.8/site-packages/airflow/example_dags/example_bash_operator.py
[2023-11-26T00:41:54.463+0000] {processor.py:839} INFO - DAG(s) dict_keys(['example_bash_operator']) retrieved from /home/airflow/.local/lib/python3.8/site-packages/airflow/example_dags/example_bash_operator.py
[2023-11-26T00:41:54.507+0000] {logging_mixin.py:154} INFO - [2023-11-26T00:41:54.507+0000] {dag.py:2941} INFO - Sync 1 DAGs
[2023-11-26T00:41:54.635+0000] {logging_mixin.py:154} INFO - [2023-11-26T00:41:54.634+0000] {dag.py:3722} INFO - Setting next_dagrun for example_bash_operator to 2023-11-25T00:00:00+00:00, run_after=2023-11-26T00:00:00+00:00
[2023-11-26T00:41:54.658+0000] {processor.py:179} INFO - Processing /home/airflow/.local/lib/python3.8/site-packages/airflow/example_dags/example_bash_operator.py took 0.212 seconds
[2023-11-26T00:42:25.344+0000] {processor.py:157} INFO - Started process (PID=2624) to work on /home/airflow/.local/lib/python3.8/site-packages/airflow/example_dags/example_bash_operator.py
[2023-11-26T00:42:25.346+0000] {processor.py:829} INFO - Processing file /home/airflow/.local/lib/python3.8/site-packages/airflow/example_dags/example_bash_operator.py for tasks to queue
[2023-11-26T00:42:25.349+0000] {logging_mixin.py:154} INFO - [2023-11-26T00:42:25.348+0000] {dagbag.py:536} INFO - Filling up the DagBag from /home/airflow/.local/lib/python3.8/site-packages/airflow/example_dags/example_bash_operator.py
[2023-11-26T00:42:25.358+0000] {processor.py:839} INFO - DAG(s) dict_keys(['example_bash_operator']) retrieved from /home/airflow/.local/lib/python3.8/site-packages/airflow/example_dags/example_bash_operator.py
[2023-11-26T00:42:25.385+0000] {logging_mixin.py:154} INFO - [2023-11-26T00:42:25.385+0000] {dag.py:2941} INFO - Sync 1 DAGs
[2023-11-26T00:42:25.410+0000] {logging_mixin.py:154} INFO - [2023-11-26T00:42:25.410+0000] {dag.py:3722} INFO - Setting next_dagrun for example_bash_operator to 2023-11-25T00:00:00+00:00, run_after=2023-11-26T00:00:00+00:00
[2023-11-26T00:42:25.569+0000] {processor.py:179} INFO - Processing /home/airflow/.local/lib/python3.8/site-packages/airflow/example_dags/example_bash_operator.py took 0.228 seconds
[2023-11-26T00:42:55.842+0000] {processor.py:157} INFO - Started process (PID=2678) to work on /home/airflow/.local/lib/python3.8/site-packages/airflow/example_dags/example_bash_operator.py
[2023-11-26T00:42:55.843+0000] {processor.py:829} INFO - Processing file /home/airflow/.local/lib/python3.8/site-packages/airflow/example_dags/example_bash_operator.py for tasks to queue
[2023-11-26T00:42:55.846+0000] {logging_mixin.py:154} INFO - [2023-11-26T00:42:55.846+0000] {dagbag.py:536} INFO - Filling up the DagBag from /home/airflow/.local/lib/python3.8/site-packages/airflow/example_dags/example_bash_operator.py
[2023-11-26T00:42:55.860+0000] {processor.py:839} INFO - DAG(s) dict_keys(['example_bash_operator']) retrieved from /home/airflow/.local/lib/python3.8/site-packages/airflow/example_dags/example_bash_operator.py
[2023-11-26T00:42:55.905+0000] {logging_mixin.py:154} INFO - [2023-11-26T00:42:55.905+0000] {dag.py:2941} INFO - Sync 1 DAGs
[2023-11-26T00:42:55.941+0000] {logging_mixin.py:154} INFO - [2023-11-26T00:42:55.941+0000] {dag.py:3722} INFO - Setting next_dagrun for example_bash_operator to 2023-11-25T00:00:00+00:00, run_after=2023-11-26T00:00:00+00:00
[2023-11-26T00:42:55.973+0000] {processor.py:179} INFO - Processing /home/airflow/.local/lib/python3.8/site-packages/airflow/example_dags/example_bash_operator.py took 0.136 seconds
[2023-11-26T00:43:26.250+0000] {processor.py:157} INFO - Started process (PID=2732) to work on /home/airflow/.local/lib/python3.8/site-packages/airflow/example_dags/example_bash_operator.py
[2023-11-26T00:43:26.251+0000] {processor.py:829} INFO - Processing file /home/airflow/.local/lib/python3.8/site-packages/airflow/example_dags/example_bash_operator.py for tasks to queue
[2023-11-26T00:43:26.254+0000] {logging_mixin.py:154} INFO - [2023-11-26T00:43:26.253+0000] {dagbag.py:536} INFO - Filling up the DagBag from /home/airflow/.local/lib/python3.8/site-packages/airflow/example_dags/example_bash_operator.py
[2023-11-26T00:43:26.263+0000] {processor.py:839} INFO - DAG(s) dict_keys(['example_bash_operator']) retrieved from /home/airflow/.local/lib/python3.8/site-packages/airflow/example_dags/example_bash_operator.py
[2023-11-26T00:43:26.288+0000] {logging_mixin.py:154} INFO - [2023-11-26T00:43:26.288+0000] {dag.py:2941} INFO - Sync 1 DAGs
[2023-11-26T00:43:26.409+0000] {logging_mixin.py:154} INFO - [2023-11-26T00:43:26.409+0000] {dag.py:3722} INFO - Setting next_dagrun for example_bash_operator to 2023-11-25T00:00:00+00:00, run_after=2023-11-26T00:00:00+00:00
[2023-11-26T00:43:26.424+0000] {processor.py:179} INFO - Processing /home/airflow/.local/lib/python3.8/site-packages/airflow/example_dags/example_bash_operator.py took 0.177 seconds
[2023-11-26T00:43:56.461+0000] {processor.py:157} INFO - Started process (PID=2786) to work on /home/airflow/.local/lib/python3.8/site-packages/airflow/example_dags/example_bash_operator.py
[2023-11-26T00:43:56.463+0000] {processor.py:829} INFO - Processing file /home/airflow/.local/lib/python3.8/site-packages/airflow/example_dags/example_bash_operator.py for tasks to queue
[2023-11-26T00:43:56.465+0000] {logging_mixin.py:154} INFO - [2023-11-26T00:43:56.465+0000] {dagbag.py:536} INFO - Filling up the DagBag from /home/airflow/.local/lib/python3.8/site-packages/airflow/example_dags/example_bash_operator.py
[2023-11-26T00:43:56.475+0000] {processor.py:839} INFO - DAG(s) dict_keys(['example_bash_operator']) retrieved from /home/airflow/.local/lib/python3.8/site-packages/airflow/example_dags/example_bash_operator.py
[2023-11-26T00:43:56.502+0000] {logging_mixin.py:154} INFO - [2023-11-26T00:43:56.502+0000] {dag.py:2941} INFO - Sync 1 DAGs
[2023-11-26T00:43:56.523+0000] {logging_mixin.py:154} INFO - [2023-11-26T00:43:56.523+0000] {dag.py:3722} INFO - Setting next_dagrun for example_bash_operator to 2023-11-25T00:00:00+00:00, run_after=2023-11-26T00:00:00+00:00
[2023-11-26T00:43:56.545+0000] {processor.py:179} INFO - Processing /home/airflow/.local/lib/python3.8/site-packages/airflow/example_dags/example_bash_operator.py took 0.086 seconds
[2023-11-26T00:44:26.660+0000] {processor.py:157} INFO - Started process (PID=2838) to work on /home/airflow/.local/lib/python3.8/site-packages/airflow/example_dags/example_bash_operator.py
[2023-11-26T00:44:26.661+0000] {processor.py:829} INFO - Processing file /home/airflow/.local/lib/python3.8/site-packages/airflow/example_dags/example_bash_operator.py for tasks to queue
[2023-11-26T00:44:26.664+0000] {logging_mixin.py:154} INFO - [2023-11-26T00:44:26.664+0000] {dagbag.py:536} INFO - Filling up the DagBag from /home/airflow/.local/lib/python3.8/site-packages/airflow/example_dags/example_bash_operator.py
[2023-11-26T00:44:26.674+0000] {processor.py:839} INFO - DAG(s) dict_keys(['example_bash_operator']) retrieved from /home/airflow/.local/lib/python3.8/site-packages/airflow/example_dags/example_bash_operator.py
[2023-11-26T00:44:26.707+0000] {logging_mixin.py:154} INFO - [2023-11-26T00:44:26.707+0000] {dag.py:2941} INFO - Sync 1 DAGs
[2023-11-26T00:44:26.743+0000] {logging_mixin.py:154} INFO - [2023-11-26T00:44:26.743+0000] {dag.py:3722} INFO - Setting next_dagrun for example_bash_operator to 2023-11-25T00:00:00+00:00, run_after=2023-11-26T00:00:00+00:00
[2023-11-26T00:44:26.786+0000] {processor.py:179} INFO - Processing /home/airflow/.local/lib/python3.8/site-packages/airflow/example_dags/example_bash_operator.py took 0.129 seconds
[2023-11-26T00:44:56.849+0000] {processor.py:157} INFO - Started process (PID=2892) to work on /home/airflow/.local/lib/python3.8/site-packages/airflow/example_dags/example_bash_operator.py
[2023-11-26T00:44:56.850+0000] {processor.py:829} INFO - Processing file /home/airflow/.local/lib/python3.8/site-packages/airflow/example_dags/example_bash_operator.py for tasks to queue
[2023-11-26T00:44:56.852+0000] {logging_mixin.py:154} INFO - [2023-11-26T00:44:56.852+0000] {dagbag.py:536} INFO - Filling up the DagBag from /home/airflow/.local/lib/python3.8/site-packages/airflow/example_dags/example_bash_operator.py
[2023-11-26T00:44:56.863+0000] {processor.py:839} INFO - DAG(s) dict_keys(['example_bash_operator']) retrieved from /home/airflow/.local/lib/python3.8/site-packages/airflow/example_dags/example_bash_operator.py
[2023-11-26T00:44:56.893+0000] {logging_mixin.py:154} INFO - [2023-11-26T00:44:56.893+0000] {dag.py:2941} INFO - Sync 1 DAGs
[2023-11-26T00:44:56.916+0000] {logging_mixin.py:154} INFO - [2023-11-26T00:44:56.916+0000] {dag.py:3722} INFO - Setting next_dagrun for example_bash_operator to 2023-11-25T00:00:00+00:00, run_after=2023-11-26T00:00:00+00:00
[2023-11-26T00:44:56.937+0000] {processor.py:179} INFO - Processing /home/airflow/.local/lib/python3.8/site-packages/airflow/example_dags/example_bash_operator.py took 0.091 seconds
[2023-11-26T00:45:27.080+0000] {processor.py:157} INFO - Started process (PID=2946) to work on /home/airflow/.local/lib/python3.8/site-packages/airflow/example_dags/example_bash_operator.py
[2023-11-26T00:45:27.083+0000] {processor.py:829} INFO - Processing file /home/airflow/.local/lib/python3.8/site-packages/airflow/example_dags/example_bash_operator.py for tasks to queue
[2023-11-26T00:45:27.086+0000] {logging_mixin.py:154} INFO - [2023-11-26T00:45:27.085+0000] {dagbag.py:536} INFO - Filling up the DagBag from /home/airflow/.local/lib/python3.8/site-packages/airflow/example_dags/example_bash_operator.py
[2023-11-26T00:45:27.104+0000] {processor.py:839} INFO - DAG(s) dict_keys(['example_bash_operator']) retrieved from /home/airflow/.local/lib/python3.8/site-packages/airflow/example_dags/example_bash_operator.py
[2023-11-26T00:45:27.166+0000] {logging_mixin.py:154} INFO - [2023-11-26T00:45:27.166+0000] {dag.py:2941} INFO - Sync 1 DAGs
[2023-11-26T00:45:27.203+0000] {logging_mixin.py:154} INFO - [2023-11-26T00:45:27.202+0000] {dag.py:3722} INFO - Setting next_dagrun for example_bash_operator to 2023-11-25T00:00:00+00:00, run_after=2023-11-26T00:00:00+00:00
[2023-11-26T00:45:27.252+0000] {processor.py:179} INFO - Processing /home/airflow/.local/lib/python3.8/site-packages/airflow/example_dags/example_bash_operator.py took 0.176 seconds
[2023-11-26T00:45:57.409+0000] {processor.py:157} INFO - Started process (PID=3000) to work on /home/airflow/.local/lib/python3.8/site-packages/airflow/example_dags/example_bash_operator.py
[2023-11-26T00:45:57.411+0000] {processor.py:829} INFO - Processing file /home/airflow/.local/lib/python3.8/site-packages/airflow/example_dags/example_bash_operator.py for tasks to queue
[2023-11-26T00:45:57.414+0000] {logging_mixin.py:154} INFO - [2023-11-26T00:45:57.414+0000] {dagbag.py:536} INFO - Filling up the DagBag from /home/airflow/.local/lib/python3.8/site-packages/airflow/example_dags/example_bash_operator.py
[2023-11-26T00:45:57.430+0000] {processor.py:839} INFO - DAG(s) dict_keys(['example_bash_operator']) retrieved from /home/airflow/.local/lib/python3.8/site-packages/airflow/example_dags/example_bash_operator.py
[2023-11-26T00:45:57.474+0000] {logging_mixin.py:154} INFO - [2023-11-26T00:45:57.473+0000] {dag.py:2941} INFO - Sync 1 DAGs
[2023-11-26T00:45:57.512+0000] {logging_mixin.py:154} INFO - [2023-11-26T00:45:57.512+0000] {dag.py:3722} INFO - Setting next_dagrun for example_bash_operator to 2023-11-25T00:00:00+00:00, run_after=2023-11-26T00:00:00+00:00
[2023-11-26T00:45:57.545+0000] {processor.py:179} INFO - Processing /home/airflow/.local/lib/python3.8/site-packages/airflow/example_dags/example_bash_operator.py took 0.140 seconds
[2023-11-26T00:46:28.473+0000] {processor.py:157} INFO - Started process (PID=3054) to work on /home/airflow/.local/lib/python3.8/site-packages/airflow/example_dags/example_bash_operator.py
[2023-11-26T00:46:28.475+0000] {processor.py:829} INFO - Processing file /home/airflow/.local/lib/python3.8/site-packages/airflow/example_dags/example_bash_operator.py for tasks to queue
[2023-11-26T00:46:28.478+0000] {logging_mixin.py:154} INFO - [2023-11-26T00:46:28.477+0000] {dagbag.py:536} INFO - Filling up the DagBag from /home/airflow/.local/lib/python3.8/site-packages/airflow/example_dags/example_bash_operator.py
[2023-11-26T00:46:28.490+0000] {processor.py:839} INFO - DAG(s) dict_keys(['example_bash_operator']) retrieved from /home/airflow/.local/lib/python3.8/site-packages/airflow/example_dags/example_bash_operator.py
[2023-11-26T00:46:28.515+0000] {logging_mixin.py:154} INFO - [2023-11-26T00:46:28.515+0000] {dag.py:2941} INFO - Sync 1 DAGs
[2023-11-26T00:46:28.537+0000] {logging_mixin.py:154} INFO - [2023-11-26T00:46:28.537+0000] {dag.py:3722} INFO - Setting next_dagrun for example_bash_operator to 2023-11-25T00:00:00+00:00, run_after=2023-11-26T00:00:00+00:00
[2023-11-26T00:46:28.559+0000] {processor.py:179} INFO - Processing /home/airflow/.local/lib/python3.8/site-packages/airflow/example_dags/example_bash_operator.py took 0.090 seconds
[2023-11-26T00:46:58.698+0000] {processor.py:157} INFO - Started process (PID=3109) to work on /home/airflow/.local/lib/python3.8/site-packages/airflow/example_dags/example_bash_operator.py
[2023-11-26T00:46:58.704+0000] {processor.py:829} INFO - Processing file /home/airflow/.local/lib/python3.8/site-packages/airflow/example_dags/example_bash_operator.py for tasks to queue
[2023-11-26T00:46:58.711+0000] {logging_mixin.py:154} INFO - [2023-11-26T00:46:58.710+0000] {dagbag.py:536} INFO - Filling up the DagBag from /home/airflow/.local/lib/python3.8/site-packages/airflow/example_dags/example_bash_operator.py
[2023-11-26T00:46:58.732+0000] {processor.py:839} INFO - DAG(s) dict_keys(['example_bash_operator']) retrieved from /home/airflow/.local/lib/python3.8/site-packages/airflow/example_dags/example_bash_operator.py
[2023-11-26T00:46:58.808+0000] {logging_mixin.py:154} INFO - [2023-11-26T00:46:58.807+0000] {dag.py:2941} INFO - Sync 1 DAGs
[2023-11-26T00:46:58.887+0000] {logging_mixin.py:154} INFO - [2023-11-26T00:46:58.887+0000] {dag.py:3722} INFO - Setting next_dagrun for example_bash_operator to 2023-11-25T00:00:00+00:00, run_after=2023-11-26T00:00:00+00:00
[2023-11-26T00:46:58.948+0000] {processor.py:179} INFO - Processing /home/airflow/.local/lib/python3.8/site-packages/airflow/example_dags/example_bash_operator.py took 0.260 seconds
[2023-11-26T00:47:29.502+0000] {processor.py:157} INFO - Started process (PID=3169) to work on /home/airflow/.local/lib/python3.8/site-packages/airflow/example_dags/example_bash_operator.py
[2023-11-26T00:47:29.506+0000] {processor.py:829} INFO - Processing file /home/airflow/.local/lib/python3.8/site-packages/airflow/example_dags/example_bash_operator.py for tasks to queue
[2023-11-26T00:47:29.516+0000] {logging_mixin.py:154} INFO - [2023-11-26T00:47:29.515+0000] {dagbag.py:536} INFO - Filling up the DagBag from /home/airflow/.local/lib/python3.8/site-packages/airflow/example_dags/example_bash_operator.py
[2023-11-26T00:47:29.553+0000] {processor.py:839} INFO - DAG(s) dict_keys(['example_bash_operator']) retrieved from /home/airflow/.local/lib/python3.8/site-packages/airflow/example_dags/example_bash_operator.py
[2023-11-26T00:47:29.638+0000] {logging_mixin.py:154} INFO - [2023-11-26T00:47:29.638+0000] {dag.py:2941} INFO - Sync 1 DAGs
[2023-11-26T00:47:29.684+0000] {logging_mixin.py:154} INFO - [2023-11-26T00:47:29.683+0000] {dag.py:3722} INFO - Setting next_dagrun for example_bash_operator to 2023-11-25T00:00:00+00:00, run_after=2023-11-26T00:00:00+00:00
[2023-11-26T00:47:29.774+0000] {processor.py:179} INFO - Processing /home/airflow/.local/lib/python3.8/site-packages/airflow/example_dags/example_bash_operator.py took 0.277 seconds
[2023-11-26T00:47:59.936+0000] {processor.py:157} INFO - Started process (PID=3223) to work on /home/airflow/.local/lib/python3.8/site-packages/airflow/example_dags/example_bash_operator.py
[2023-11-26T00:47:59.944+0000] {processor.py:829} INFO - Processing file /home/airflow/.local/lib/python3.8/site-packages/airflow/example_dags/example_bash_operator.py for tasks to queue
[2023-11-26T00:47:59.948+0000] {logging_mixin.py:154} INFO - [2023-11-26T00:47:59.948+0000] {dagbag.py:536} INFO - Filling up the DagBag from /home/airflow/.local/lib/python3.8/site-packages/airflow/example_dags/example_bash_operator.py
[2023-11-26T00:47:59.968+0000] {processor.py:839} INFO - DAG(s) dict_keys(['example_bash_operator']) retrieved from /home/airflow/.local/lib/python3.8/site-packages/airflow/example_dags/example_bash_operator.py
[2023-11-26T00:48:00.037+0000] {logging_mixin.py:154} INFO - [2023-11-26T00:48:00.037+0000] {dag.py:2941} INFO - Sync 1 DAGs
[2023-11-26T00:48:00.087+0000] {logging_mixin.py:154} INFO - [2023-11-26T00:48:00.087+0000] {dag.py:3722} INFO - Setting next_dagrun for example_bash_operator to 2023-11-25T00:00:00+00:00, run_after=2023-11-26T00:00:00+00:00
[2023-11-26T00:48:00.143+0000] {processor.py:179} INFO - Processing /home/airflow/.local/lib/python3.8/site-packages/airflow/example_dags/example_bash_operator.py took 0.211 seconds
[2023-11-26T00:48:30.334+0000] {processor.py:157} INFO - Started process (PID=3276) to work on /home/airflow/.local/lib/python3.8/site-packages/airflow/example_dags/example_bash_operator.py
[2023-11-26T00:48:30.336+0000] {processor.py:829} INFO - Processing file /home/airflow/.local/lib/python3.8/site-packages/airflow/example_dags/example_bash_operator.py for tasks to queue
[2023-11-26T00:48:30.345+0000] {logging_mixin.py:154} INFO - [2023-11-26T00:48:30.343+0000] {dagbag.py:536} INFO - Filling up the DagBag from /home/airflow/.local/lib/python3.8/site-packages/airflow/example_dags/example_bash_operator.py
[2023-11-26T00:48:30.365+0000] {processor.py:839} INFO - DAG(s) dict_keys(['example_bash_operator']) retrieved from /home/airflow/.local/lib/python3.8/site-packages/airflow/example_dags/example_bash_operator.py
[2023-11-26T00:48:30.439+0000] {logging_mixin.py:154} INFO - [2023-11-26T00:48:30.438+0000] {dag.py:2941} INFO - Sync 1 DAGs
[2023-11-26T00:48:30.485+0000] {logging_mixin.py:154} INFO - [2023-11-26T00:48:30.484+0000] {dag.py:3722} INFO - Setting next_dagrun for example_bash_operator to 2023-11-25T00:00:00+00:00, run_after=2023-11-26T00:00:00+00:00
[2023-11-26T00:48:30.540+0000] {processor.py:179} INFO - Processing /home/airflow/.local/lib/python3.8/site-packages/airflow/example_dags/example_bash_operator.py took 0.211 seconds
[2023-11-26T00:49:01.007+0000] {processor.py:157} INFO - Started process (PID=3330) to work on /home/airflow/.local/lib/python3.8/site-packages/airflow/example_dags/example_bash_operator.py
[2023-11-26T00:49:01.010+0000] {processor.py:829} INFO - Processing file /home/airflow/.local/lib/python3.8/site-packages/airflow/example_dags/example_bash_operator.py for tasks to queue
[2023-11-26T00:49:01.017+0000] {logging_mixin.py:154} INFO - [2023-11-26T00:49:01.016+0000] {dagbag.py:536} INFO - Filling up the DagBag from /home/airflow/.local/lib/python3.8/site-packages/airflow/example_dags/example_bash_operator.py
[2023-11-26T00:49:01.038+0000] {processor.py:839} INFO - DAG(s) dict_keys(['example_bash_operator']) retrieved from /home/airflow/.local/lib/python3.8/site-packages/airflow/example_dags/example_bash_operator.py
[2023-11-26T00:49:01.115+0000] {logging_mixin.py:154} INFO - [2023-11-26T00:49:01.115+0000] {dag.py:2941} INFO - Sync 1 DAGs
[2023-11-26T00:49:01.160+0000] {logging_mixin.py:154} INFO - [2023-11-26T00:49:01.160+0000] {dag.py:3722} INFO - Setting next_dagrun for example_bash_operator to 2023-11-25T00:00:00+00:00, run_after=2023-11-26T00:00:00+00:00
[2023-11-26T00:49:01.299+0000] {processor.py:179} INFO - Processing /home/airflow/.local/lib/python3.8/site-packages/airflow/example_dags/example_bash_operator.py took 0.297 seconds
[2023-11-26T00:49:32.088+0000] {processor.py:157} INFO - Started process (PID=3384) to work on /home/airflow/.local/lib/python3.8/site-packages/airflow/example_dags/example_bash_operator.py
[2023-11-26T00:49:32.094+0000] {processor.py:829} INFO - Processing file /home/airflow/.local/lib/python3.8/site-packages/airflow/example_dags/example_bash_operator.py for tasks to queue
[2023-11-26T00:49:32.098+0000] {logging_mixin.py:154} INFO - [2023-11-26T00:49:32.098+0000] {dagbag.py:536} INFO - Filling up the DagBag from /home/airflow/.local/lib/python3.8/site-packages/airflow/example_dags/example_bash_operator.py
[2023-11-26T00:49:32.119+0000] {processor.py:839} INFO - DAG(s) dict_keys(['example_bash_operator']) retrieved from /home/airflow/.local/lib/python3.8/site-packages/airflow/example_dags/example_bash_operator.py
[2023-11-26T00:49:32.180+0000] {logging_mixin.py:154} INFO - [2023-11-26T00:49:32.180+0000] {dag.py:2941} INFO - Sync 1 DAGs
[2023-11-26T00:49:32.247+0000] {logging_mixin.py:154} INFO - [2023-11-26T00:49:32.247+0000] {dag.py:3722} INFO - Setting next_dagrun for example_bash_operator to 2023-11-25T00:00:00+00:00, run_after=2023-11-26T00:00:00+00:00
[2023-11-26T00:49:32.314+0000] {processor.py:179} INFO - Processing /home/airflow/.local/lib/python3.8/site-packages/airflow/example_dags/example_bash_operator.py took 0.234 seconds
[2023-11-26T00:50:02.425+0000] {processor.py:157} INFO - Started process (PID=3437) to work on /home/airflow/.local/lib/python3.8/site-packages/airflow/example_dags/example_bash_operator.py
[2023-11-26T00:50:02.427+0000] {processor.py:829} INFO - Processing file /home/airflow/.local/lib/python3.8/site-packages/airflow/example_dags/example_bash_operator.py for tasks to queue
[2023-11-26T00:50:02.432+0000] {logging_mixin.py:154} INFO - [2023-11-26T00:50:02.432+0000] {dagbag.py:536} INFO - Filling up the DagBag from /home/airflow/.local/lib/python3.8/site-packages/airflow/example_dags/example_bash_operator.py
[2023-11-26T00:50:02.449+0000] {processor.py:839} INFO - DAG(s) dict_keys(['example_bash_operator']) retrieved from /home/airflow/.local/lib/python3.8/site-packages/airflow/example_dags/example_bash_operator.py
[2023-11-26T00:50:02.514+0000] {logging_mixin.py:154} INFO - [2023-11-26T00:50:02.513+0000] {dag.py:2941} INFO - Sync 1 DAGs
[2023-11-26T00:50:02.599+0000] {logging_mixin.py:154} INFO - [2023-11-26T00:50:02.598+0000] {dag.py:3722} INFO - Setting next_dagrun for example_bash_operator to 2023-11-25T00:00:00+00:00, run_after=2023-11-26T00:00:00+00:00
[2023-11-26T00:50:02.678+0000] {processor.py:179} INFO - Processing /home/airflow/.local/lib/python3.8/site-packages/airflow/example_dags/example_bash_operator.py took 0.256 seconds
[2023-11-26T00:50:33.612+0000] {processor.py:157} INFO - Started process (PID=3491) to work on /home/airflow/.local/lib/python3.8/site-packages/airflow/example_dags/example_bash_operator.py
[2023-11-26T00:50:33.615+0000] {processor.py:829} INFO - Processing file /home/airflow/.local/lib/python3.8/site-packages/airflow/example_dags/example_bash_operator.py for tasks to queue
[2023-11-26T00:50:33.621+0000] {logging_mixin.py:154} INFO - [2023-11-26T00:50:33.621+0000] {dagbag.py:536} INFO - Filling up the DagBag from /home/airflow/.local/lib/python3.8/site-packages/airflow/example_dags/example_bash_operator.py
[2023-11-26T00:50:33.651+0000] {processor.py:839} INFO - DAG(s) dict_keys(['example_bash_operator']) retrieved from /home/airflow/.local/lib/python3.8/site-packages/airflow/example_dags/example_bash_operator.py
[2023-11-26T00:50:33.699+0000] {logging_mixin.py:154} INFO - [2023-11-26T00:50:33.699+0000] {dag.py:2941} INFO - Sync 1 DAGs
[2023-11-26T00:50:33.728+0000] {logging_mixin.py:154} INFO - [2023-11-26T00:50:33.727+0000] {dag.py:3722} INFO - Setting next_dagrun for example_bash_operator to 2023-11-25T00:00:00+00:00, run_after=2023-11-26T00:00:00+00:00
[2023-11-26T00:50:33.767+0000] {processor.py:179} INFO - Processing /home/airflow/.local/lib/python3.8/site-packages/airflow/example_dags/example_bash_operator.py took 0.164 seconds
[2023-11-26T00:51:04.161+0000] {processor.py:157} INFO - Started process (PID=3545) to work on /home/airflow/.local/lib/python3.8/site-packages/airflow/example_dags/example_bash_operator.py
[2023-11-26T00:51:04.164+0000] {processor.py:829} INFO - Processing file /home/airflow/.local/lib/python3.8/site-packages/airflow/example_dags/example_bash_operator.py for tasks to queue
[2023-11-26T00:51:04.167+0000] {logging_mixin.py:154} INFO - [2023-11-26T00:51:04.167+0000] {dagbag.py:536} INFO - Filling up the DagBag from /home/airflow/.local/lib/python3.8/site-packages/airflow/example_dags/example_bash_operator.py
[2023-11-26T00:51:04.183+0000] {processor.py:839} INFO - DAG(s) dict_keys(['example_bash_operator']) retrieved from /home/airflow/.local/lib/python3.8/site-packages/airflow/example_dags/example_bash_operator.py
[2023-11-26T00:51:04.236+0000] {logging_mixin.py:154} INFO - [2023-11-26T00:51:04.236+0000] {dag.py:2941} INFO - Sync 1 DAGs
[2023-11-26T00:51:04.284+0000] {logging_mixin.py:154} INFO - [2023-11-26T00:51:04.283+0000] {dag.py:3722} INFO - Setting next_dagrun for example_bash_operator to 2023-11-25T00:00:00+00:00, run_after=2023-11-26T00:00:00+00:00
[2023-11-26T00:51:04.339+0000] {processor.py:179} INFO - Processing /home/airflow/.local/lib/python3.8/site-packages/airflow/example_dags/example_bash_operator.py took 0.181 seconds
[2023-11-26T00:51:34.431+0000] {processor.py:157} INFO - Started process (PID=3599) to work on /home/airflow/.local/lib/python3.8/site-packages/airflow/example_dags/example_bash_operator.py
[2023-11-26T00:51:34.433+0000] {processor.py:829} INFO - Processing file /home/airflow/.local/lib/python3.8/site-packages/airflow/example_dags/example_bash_operator.py for tasks to queue
[2023-11-26T00:51:34.436+0000] {logging_mixin.py:154} INFO - [2023-11-26T00:51:34.436+0000] {dagbag.py:536} INFO - Filling up the DagBag from /home/airflow/.local/lib/python3.8/site-packages/airflow/example_dags/example_bash_operator.py
[2023-11-26T00:51:34.453+0000] {processor.py:839} INFO - DAG(s) dict_keys(['example_bash_operator']) retrieved from /home/airflow/.local/lib/python3.8/site-packages/airflow/example_dags/example_bash_operator.py
[2023-11-26T00:51:34.516+0000] {logging_mixin.py:154} INFO - [2023-11-26T00:51:34.515+0000] {dag.py:2941} INFO - Sync 1 DAGs
[2023-11-26T00:51:34.560+0000] {logging_mixin.py:154} INFO - [2023-11-26T00:51:34.560+0000] {dag.py:3722} INFO - Setting next_dagrun for example_bash_operator to 2023-11-25T00:00:00+00:00, run_after=2023-11-26T00:00:00+00:00
[2023-11-26T00:51:34.618+0000] {processor.py:179} INFO - Processing /home/airflow/.local/lib/python3.8/site-packages/airflow/example_dags/example_bash_operator.py took 0.191 seconds
[2023-11-26T00:52:04.736+0000] {processor.py:157} INFO - Started process (PID=3653) to work on /home/airflow/.local/lib/python3.8/site-packages/airflow/example_dags/example_bash_operator.py
[2023-11-26T00:52:04.737+0000] {processor.py:829} INFO - Processing file /home/airflow/.local/lib/python3.8/site-packages/airflow/example_dags/example_bash_operator.py for tasks to queue
[2023-11-26T00:52:04.740+0000] {logging_mixin.py:154} INFO - [2023-11-26T00:52:04.740+0000] {dagbag.py:536} INFO - Filling up the DagBag from /home/airflow/.local/lib/python3.8/site-packages/airflow/example_dags/example_bash_operator.py
[2023-11-26T00:52:04.752+0000] {processor.py:839} INFO - DAG(s) dict_keys(['example_bash_operator']) retrieved from /home/airflow/.local/lib/python3.8/site-packages/airflow/example_dags/example_bash_operator.py
[2023-11-26T00:52:04.787+0000] {logging_mixin.py:154} INFO - [2023-11-26T00:52:04.787+0000] {dag.py:2941} INFO - Sync 1 DAGs
[2023-11-26T00:52:04.814+0000] {logging_mixin.py:154} INFO - [2023-11-26T00:52:04.814+0000] {dag.py:3722} INFO - Setting next_dagrun for example_bash_operator to 2023-11-25T00:00:00+00:00, run_after=2023-11-26T00:00:00+00:00
[2023-11-26T00:52:04.840+0000] {processor.py:179} INFO - Processing /home/airflow/.local/lib/python3.8/site-packages/airflow/example_dags/example_bash_operator.py took 0.107 seconds
[2023-11-26T00:52:34.921+0000] {processor.py:157} INFO - Started process (PID=3708) to work on /home/airflow/.local/lib/python3.8/site-packages/airflow/example_dags/example_bash_operator.py
[2023-11-26T00:52:34.923+0000] {processor.py:829} INFO - Processing file /home/airflow/.local/lib/python3.8/site-packages/airflow/example_dags/example_bash_operator.py for tasks to queue
[2023-11-26T00:52:34.925+0000] {logging_mixin.py:154} INFO - [2023-11-26T00:52:34.925+0000] {dagbag.py:536} INFO - Filling up the DagBag from /home/airflow/.local/lib/python3.8/site-packages/airflow/example_dags/example_bash_operator.py
[2023-11-26T00:52:34.935+0000] {processor.py:839} INFO - DAG(s) dict_keys(['example_bash_operator']) retrieved from /home/airflow/.local/lib/python3.8/site-packages/airflow/example_dags/example_bash_operator.py
[2023-11-26T00:52:34.964+0000] {logging_mixin.py:154} INFO - [2023-11-26T00:52:34.964+0000] {dag.py:2941} INFO - Sync 1 DAGs
[2023-11-26T00:52:34.986+0000] {logging_mixin.py:154} INFO - [2023-11-26T00:52:34.986+0000] {dag.py:3722} INFO - Setting next_dagrun for example_bash_operator to 2023-11-25T00:00:00+00:00, run_after=2023-11-26T00:00:00+00:00
[2023-11-26T00:52:35.013+0000] {processor.py:179} INFO - Processing /home/airflow/.local/lib/python3.8/site-packages/airflow/example_dags/example_bash_operator.py took 0.097 seconds
