[2023-11-26T00:15:47.089+0000] {processor.py:157} INFO - Started process (PID=64) to work on /home/airflow/.local/lib/python3.8/site-packages/airflow/example_dags/example_nested_branch_dag.py
[2023-11-26T00:15:47.121+0000] {processor.py:829} INFO - Processing file /home/airflow/.local/lib/python3.8/site-packages/airflow/example_dags/example_nested_branch_dag.py for tasks to queue
[2023-11-26T00:15:47.143+0000] {logging_mixin.py:154} INFO - [2023-11-26T00:15:47.141+0000] {dagbag.py:536} INFO - Filling up the DagBag from /home/airflow/.local/lib/python3.8/site-packages/airflow/example_dags/example_nested_branch_dag.py
[2023-11-26T00:15:47.366+0000] {processor.py:839} INFO - DAG(s) dict_keys(['example_nested_branch_dag']) retrieved from /home/airflow/.local/lib/python3.8/site-packages/airflow/example_dags/example_nested_branch_dag.py
[2023-11-26T00:15:47.768+0000] {logging_mixin.py:154} INFO - [2023-11-26T00:15:47.758+0000] {dag.py:2941} INFO - Sync 1 DAGs
[2023-11-26T00:15:48.163+0000] {logging_mixin.py:154} INFO - [2023-11-26T00:15:48.162+0000] {dag.py:3722} INFO - Setting next_dagrun for example_nested_branch_dag to 2023-11-25T00:00:00+00:00, run_after=2023-11-26T00:00:00+00:00
[2023-11-26T00:15:48.518+0000] {processor.py:179} INFO - Processing /home/airflow/.local/lib/python3.8/site-packages/airflow/example_dags/example_nested_branch_dag.py took 1.465 seconds
[2023-11-26T00:16:44.400+0000] {processor.py:157} INFO - Started process (PID=50) to work on /home/airflow/.local/lib/python3.8/site-packages/airflow/example_dags/example_nested_branch_dag.py
[2023-11-26T00:16:44.405+0000] {processor.py:829} INFO - Processing file /home/airflow/.local/lib/python3.8/site-packages/airflow/example_dags/example_nested_branch_dag.py for tasks to queue
[2023-11-26T00:16:44.409+0000] {logging_mixin.py:154} INFO - [2023-11-26T00:16:44.409+0000] {dagbag.py:536} INFO - Filling up the DagBag from /home/airflow/.local/lib/python3.8/site-packages/airflow/example_dags/example_nested_branch_dag.py
[2023-11-26T00:16:44.440+0000] {processor.py:839} INFO - DAG(s) dict_keys(['example_nested_branch_dag']) retrieved from /home/airflow/.local/lib/python3.8/site-packages/airflow/example_dags/example_nested_branch_dag.py
[2023-11-26T00:16:44.508+0000] {logging_mixin.py:154} INFO - [2023-11-26T00:16:44.508+0000] {dag.py:2941} INFO - Sync 1 DAGs
[2023-11-26T00:16:44.554+0000] {logging_mixin.py:154} INFO - [2023-11-26T00:16:44.554+0000] {dag.py:3722} INFO - Setting next_dagrun for example_nested_branch_dag to 2023-11-25T00:00:00+00:00, run_after=2023-11-26T00:00:00+00:00
[2023-11-26T00:16:44.621+0000] {processor.py:179} INFO - Processing /home/airflow/.local/lib/python3.8/site-packages/airflow/example_dags/example_nested_branch_dag.py took 0.226 seconds
[2023-11-26T00:18:00.025+0000] {processor.py:157} INFO - Started process (PID=51) to work on /home/airflow/.local/lib/python3.8/site-packages/airflow/example_dags/example_nested_branch_dag.py
[2023-11-26T00:18:00.037+0000] {processor.py:829} INFO - Processing file /home/airflow/.local/lib/python3.8/site-packages/airflow/example_dags/example_nested_branch_dag.py for tasks to queue
[2023-11-26T00:18:00.055+0000] {logging_mixin.py:154} INFO - [2023-11-26T00:18:00.053+0000] {dagbag.py:536} INFO - Filling up the DagBag from /home/airflow/.local/lib/python3.8/site-packages/airflow/example_dags/example_nested_branch_dag.py
[2023-11-26T00:18:00.187+0000] {processor.py:839} INFO - DAG(s) dict_keys(['example_nested_branch_dag']) retrieved from /home/airflow/.local/lib/python3.8/site-packages/airflow/example_dags/example_nested_branch_dag.py
[2023-11-26T00:18:00.419+0000] {logging_mixin.py:154} INFO - [2023-11-26T00:18:00.418+0000] {dag.py:2941} INFO - Sync 1 DAGs
[2023-11-26T00:18:00.598+0000] {logging_mixin.py:154} INFO - [2023-11-26T00:18:00.597+0000] {dag.py:3722} INFO - Setting next_dagrun for example_nested_branch_dag to 2023-11-25T00:00:00+00:00, run_after=2023-11-26T00:00:00+00:00
[2023-11-26T00:18:00.783+0000] {processor.py:179} INFO - Processing /home/airflow/.local/lib/python3.8/site-packages/airflow/example_dags/example_nested_branch_dag.py took 0.780 seconds
[2023-11-26T00:18:31.121+0000] {processor.py:157} INFO - Started process (PID=106) to work on /home/airflow/.local/lib/python3.8/site-packages/airflow/example_dags/example_nested_branch_dag.py
[2023-11-26T00:18:31.123+0000] {processor.py:829} INFO - Processing file /home/airflow/.local/lib/python3.8/site-packages/airflow/example_dags/example_nested_branch_dag.py for tasks to queue
[2023-11-26T00:18:31.134+0000] {logging_mixin.py:154} INFO - [2023-11-26T00:18:31.134+0000] {dagbag.py:536} INFO - Filling up the DagBag from /home/airflow/.local/lib/python3.8/site-packages/airflow/example_dags/example_nested_branch_dag.py
[2023-11-26T00:18:31.168+0000] {processor.py:839} INFO - DAG(s) dict_keys(['example_nested_branch_dag']) retrieved from /home/airflow/.local/lib/python3.8/site-packages/airflow/example_dags/example_nested_branch_dag.py
[2023-11-26T00:18:31.260+0000] {logging_mixin.py:154} INFO - [2023-11-26T00:18:31.256+0000] {dag.py:2941} INFO - Sync 1 DAGs
[2023-11-26T00:18:31.368+0000] {logging_mixin.py:154} INFO - [2023-11-26T00:18:31.367+0000] {dag.py:3722} INFO - Setting next_dagrun for example_nested_branch_dag to 2023-11-25T00:00:00+00:00, run_after=2023-11-26T00:00:00+00:00
[2023-11-26T00:18:31.443+0000] {processor.py:179} INFO - Processing /home/airflow/.local/lib/python3.8/site-packages/airflow/example_dags/example_nested_branch_dag.py took 0.332 seconds
[2023-11-26T00:19:01.618+0000] {processor.py:157} INFO - Started process (PID=160) to work on /home/airflow/.local/lib/python3.8/site-packages/airflow/example_dags/example_nested_branch_dag.py
[2023-11-26T00:19:01.622+0000] {processor.py:829} INFO - Processing file /home/airflow/.local/lib/python3.8/site-packages/airflow/example_dags/example_nested_branch_dag.py for tasks to queue
[2023-11-26T00:19:01.632+0000] {logging_mixin.py:154} INFO - [2023-11-26T00:19:01.630+0000] {dagbag.py:536} INFO - Filling up the DagBag from /home/airflow/.local/lib/python3.8/site-packages/airflow/example_dags/example_nested_branch_dag.py
[2023-11-26T00:19:01.664+0000] {processor.py:839} INFO - DAG(s) dict_keys(['example_nested_branch_dag']) retrieved from /home/airflow/.local/lib/python3.8/site-packages/airflow/example_dags/example_nested_branch_dag.py
[2023-11-26T00:19:01.720+0000] {logging_mixin.py:154} INFO - [2023-11-26T00:19:01.719+0000] {dag.py:2941} INFO - Sync 1 DAGs
[2023-11-26T00:19:01.825+0000] {logging_mixin.py:154} INFO - [2023-11-26T00:19:01.825+0000] {dag.py:3722} INFO - Setting next_dagrun for example_nested_branch_dag to 2023-11-25T00:00:00+00:00, run_after=2023-11-26T00:00:00+00:00
[2023-11-26T00:19:01.925+0000] {processor.py:179} INFO - Processing /home/airflow/.local/lib/python3.8/site-packages/airflow/example_dags/example_nested_branch_dag.py took 0.313 seconds
[2023-11-26T00:19:32.502+0000] {processor.py:157} INFO - Started process (PID=214) to work on /home/airflow/.local/lib/python3.8/site-packages/airflow/example_dags/example_nested_branch_dag.py
[2023-11-26T00:19:32.507+0000] {processor.py:829} INFO - Processing file /home/airflow/.local/lib/python3.8/site-packages/airflow/example_dags/example_nested_branch_dag.py for tasks to queue
[2023-11-26T00:19:32.520+0000] {logging_mixin.py:154} INFO - [2023-11-26T00:19:32.517+0000] {dagbag.py:536} INFO - Filling up the DagBag from /home/airflow/.local/lib/python3.8/site-packages/airflow/example_dags/example_nested_branch_dag.py
[2023-11-26T00:19:32.551+0000] {processor.py:839} INFO - DAG(s) dict_keys(['example_nested_branch_dag']) retrieved from /home/airflow/.local/lib/python3.8/site-packages/airflow/example_dags/example_nested_branch_dag.py
[2023-11-26T00:19:32.625+0000] {logging_mixin.py:154} INFO - [2023-11-26T00:19:32.624+0000] {dag.py:2941} INFO - Sync 1 DAGs
[2023-11-26T00:19:32.750+0000] {logging_mixin.py:154} INFO - [2023-11-26T00:19:32.749+0000] {dag.py:3722} INFO - Setting next_dagrun for example_nested_branch_dag to 2023-11-25T00:00:00+00:00, run_after=2023-11-26T00:00:00+00:00
[2023-11-26T00:19:32.857+0000] {processor.py:179} INFO - Processing /home/airflow/.local/lib/python3.8/site-packages/airflow/example_dags/example_nested_branch_dag.py took 0.362 seconds
[2023-11-26T00:20:03.865+0000] {processor.py:157} INFO - Started process (PID=268) to work on /home/airflow/.local/lib/python3.8/site-packages/airflow/example_dags/example_nested_branch_dag.py
[2023-11-26T00:20:03.870+0000] {processor.py:829} INFO - Processing file /home/airflow/.local/lib/python3.8/site-packages/airflow/example_dags/example_nested_branch_dag.py for tasks to queue
[2023-11-26T00:20:03.887+0000] {logging_mixin.py:154} INFO - [2023-11-26T00:20:03.885+0000] {dagbag.py:536} INFO - Filling up the DagBag from /home/airflow/.local/lib/python3.8/site-packages/airflow/example_dags/example_nested_branch_dag.py
[2023-11-26T00:20:03.967+0000] {processor.py:839} INFO - DAG(s) dict_keys(['example_nested_branch_dag']) retrieved from /home/airflow/.local/lib/python3.8/site-packages/airflow/example_dags/example_nested_branch_dag.py
[2023-11-26T00:20:04.194+0000] {logging_mixin.py:154} INFO - [2023-11-26T00:20:04.193+0000] {dag.py:2941} INFO - Sync 1 DAGs
[2023-11-26T00:20:04.579+0000] {logging_mixin.py:154} INFO - [2023-11-26T00:20:04.571+0000] {dag.py:3722} INFO - Setting next_dagrun for example_nested_branch_dag to 2023-11-25T00:00:00+00:00, run_after=2023-11-26T00:00:00+00:00
[2023-11-26T00:20:04.849+0000] {processor.py:179} INFO - Processing /home/airflow/.local/lib/python3.8/site-packages/airflow/example_dags/example_nested_branch_dag.py took 1.017 seconds
[2023-11-26T00:20:35.176+0000] {processor.py:157} INFO - Started process (PID=323) to work on /home/airflow/.local/lib/python3.8/site-packages/airflow/example_dags/example_nested_branch_dag.py
[2023-11-26T00:20:35.182+0000] {processor.py:829} INFO - Processing file /home/airflow/.local/lib/python3.8/site-packages/airflow/example_dags/example_nested_branch_dag.py for tasks to queue
[2023-11-26T00:20:35.195+0000] {logging_mixin.py:154} INFO - [2023-11-26T00:20:35.193+0000] {dagbag.py:536} INFO - Filling up the DagBag from /home/airflow/.local/lib/python3.8/site-packages/airflow/example_dags/example_nested_branch_dag.py
[2023-11-26T00:20:35.257+0000] {processor.py:839} INFO - DAG(s) dict_keys(['example_nested_branch_dag']) retrieved from /home/airflow/.local/lib/python3.8/site-packages/airflow/example_dags/example_nested_branch_dag.py
[2023-11-26T00:20:35.369+0000] {logging_mixin.py:154} INFO - [2023-11-26T00:20:35.367+0000] {dag.py:2941} INFO - Sync 1 DAGs
[2023-11-26T00:20:35.573+0000] {logging_mixin.py:154} INFO - [2023-11-26T00:20:35.572+0000] {dag.py:3722} INFO - Setting next_dagrun for example_nested_branch_dag to 2023-11-25T00:00:00+00:00, run_after=2023-11-26T00:00:00+00:00
[2023-11-26T00:20:35.716+0000] {processor.py:179} INFO - Processing /home/airflow/.local/lib/python3.8/site-packages/airflow/example_dags/example_nested_branch_dag.py took 0.552 seconds
[2023-11-26T00:21:06.337+0000] {processor.py:157} INFO - Started process (PID=376) to work on /home/airflow/.local/lib/python3.8/site-packages/airflow/example_dags/example_nested_branch_dag.py
[2023-11-26T00:21:06.340+0000] {processor.py:829} INFO - Processing file /home/airflow/.local/lib/python3.8/site-packages/airflow/example_dags/example_nested_branch_dag.py for tasks to queue
[2023-11-26T00:21:06.345+0000] {logging_mixin.py:154} INFO - [2023-11-26T00:21:06.344+0000] {dagbag.py:536} INFO - Filling up the DagBag from /home/airflow/.local/lib/python3.8/site-packages/airflow/example_dags/example_nested_branch_dag.py
[2023-11-26T00:21:06.361+0000] {processor.py:839} INFO - DAG(s) dict_keys(['example_nested_branch_dag']) retrieved from /home/airflow/.local/lib/python3.8/site-packages/airflow/example_dags/example_nested_branch_dag.py
[2023-11-26T00:21:06.407+0000] {logging_mixin.py:154} INFO - [2023-11-26T00:21:06.406+0000] {dag.py:2941} INFO - Sync 1 DAGs
[2023-11-26T00:21:06.452+0000] {logging_mixin.py:154} INFO - [2023-11-26T00:21:06.451+0000] {dag.py:3722} INFO - Setting next_dagrun for example_nested_branch_dag to 2023-11-25T00:00:00+00:00, run_after=2023-11-26T00:00:00+00:00
[2023-11-26T00:21:06.511+0000] {processor.py:179} INFO - Processing /home/airflow/.local/lib/python3.8/site-packages/airflow/example_dags/example_nested_branch_dag.py took 0.182 seconds
[2023-11-26T00:21:36.593+0000] {processor.py:157} INFO - Started process (PID=429) to work on /home/airflow/.local/lib/python3.8/site-packages/airflow/example_dags/example_nested_branch_dag.py
[2023-11-26T00:21:36.600+0000] {processor.py:829} INFO - Processing file /home/airflow/.local/lib/python3.8/site-packages/airflow/example_dags/example_nested_branch_dag.py for tasks to queue
[2023-11-26T00:21:36.618+0000] {logging_mixin.py:154} INFO - [2023-11-26T00:21:36.617+0000] {dagbag.py:536} INFO - Filling up the DagBag from /home/airflow/.local/lib/python3.8/site-packages/airflow/example_dags/example_nested_branch_dag.py
[2023-11-26T00:21:36.660+0000] {processor.py:839} INFO - DAG(s) dict_keys(['example_nested_branch_dag']) retrieved from /home/airflow/.local/lib/python3.8/site-packages/airflow/example_dags/example_nested_branch_dag.py
[2023-11-26T00:21:36.775+0000] {logging_mixin.py:154} INFO - [2023-11-26T00:21:36.774+0000] {dag.py:2941} INFO - Sync 1 DAGs
[2023-11-26T00:21:36.873+0000] {logging_mixin.py:154} INFO - [2023-11-26T00:21:36.872+0000] {dag.py:3722} INFO - Setting next_dagrun for example_nested_branch_dag to 2023-11-25T00:00:00+00:00, run_after=2023-11-26T00:00:00+00:00
[2023-11-26T00:21:37.003+0000] {processor.py:179} INFO - Processing /home/airflow/.local/lib/python3.8/site-packages/airflow/example_dags/example_nested_branch_dag.py took 0.419 seconds
[2023-11-26T00:22:09.331+0000] {processor.py:157} INFO - Started process (PID=482) to work on /home/airflow/.local/lib/python3.8/site-packages/airflow/example_dags/example_nested_branch_dag.py
[2023-11-26T00:22:09.351+0000] {processor.py:829} INFO - Processing file /home/airflow/.local/lib/python3.8/site-packages/airflow/example_dags/example_nested_branch_dag.py for tasks to queue
[2023-11-26T00:22:09.368+0000] {logging_mixin.py:154} INFO - [2023-11-26T00:22:09.367+0000] {dagbag.py:536} INFO - Filling up the DagBag from /home/airflow/.local/lib/python3.8/site-packages/airflow/example_dags/example_nested_branch_dag.py
[2023-11-26T00:22:09.482+0000] {processor.py:839} INFO - DAG(s) dict_keys(['example_nested_branch_dag']) retrieved from /home/airflow/.local/lib/python3.8/site-packages/airflow/example_dags/example_nested_branch_dag.py
[2023-11-26T00:22:09.701+0000] {logging_mixin.py:154} INFO - [2023-11-26T00:22:09.700+0000] {dag.py:2941} INFO - Sync 1 DAGs
[2023-11-26T00:22:09.965+0000] {logging_mixin.py:154} INFO - [2023-11-26T00:22:09.964+0000] {dag.py:3722} INFO - Setting next_dagrun for example_nested_branch_dag to 2023-11-25T00:00:00+00:00, run_after=2023-11-26T00:00:00+00:00
[2023-11-26T00:22:10.202+0000] {processor.py:179} INFO - Processing /home/airflow/.local/lib/python3.8/site-packages/airflow/example_dags/example_nested_branch_dag.py took 0.895 seconds
[2023-11-26T00:22:40.572+0000] {processor.py:157} INFO - Started process (PID=535) to work on /home/airflow/.local/lib/python3.8/site-packages/airflow/example_dags/example_nested_branch_dag.py
[2023-11-26T00:22:40.585+0000] {processor.py:829} INFO - Processing file /home/airflow/.local/lib/python3.8/site-packages/airflow/example_dags/example_nested_branch_dag.py for tasks to queue
[2023-11-26T00:22:40.610+0000] {logging_mixin.py:154} INFO - [2023-11-26T00:22:40.608+0000] {dagbag.py:536} INFO - Filling up the DagBag from /home/airflow/.local/lib/python3.8/site-packages/airflow/example_dags/example_nested_branch_dag.py
[2023-11-26T00:22:40.742+0000] {processor.py:839} INFO - DAG(s) dict_keys(['example_nested_branch_dag']) retrieved from /home/airflow/.local/lib/python3.8/site-packages/airflow/example_dags/example_nested_branch_dag.py
[2023-11-26T00:22:41.076+0000] {logging_mixin.py:154} INFO - [2023-11-26T00:22:41.065+0000] {dag.py:2941} INFO - Sync 1 DAGs
[2023-11-26T00:22:41.554+0000] {logging_mixin.py:154} INFO - [2023-11-26T00:22:41.553+0000] {dag.py:3722} INFO - Setting next_dagrun for example_nested_branch_dag to 2023-11-25T00:00:00+00:00, run_after=2023-11-26T00:00:00+00:00
[2023-11-26T00:22:41.859+0000] {processor.py:179} INFO - Processing /home/airflow/.local/lib/python3.8/site-packages/airflow/example_dags/example_nested_branch_dag.py took 1.325 seconds
[2023-11-26T00:23:12.219+0000] {processor.py:157} INFO - Started process (PID=590) to work on /home/airflow/.local/lib/python3.8/site-packages/airflow/example_dags/example_nested_branch_dag.py
[2023-11-26T00:23:12.222+0000] {processor.py:829} INFO - Processing file /home/airflow/.local/lib/python3.8/site-packages/airflow/example_dags/example_nested_branch_dag.py for tasks to queue
[2023-11-26T00:23:12.229+0000] {logging_mixin.py:154} INFO - [2023-11-26T00:23:12.228+0000] {dagbag.py:536} INFO - Filling up the DagBag from /home/airflow/.local/lib/python3.8/site-packages/airflow/example_dags/example_nested_branch_dag.py
[2023-11-26T00:23:12.248+0000] {processor.py:839} INFO - DAG(s) dict_keys(['example_nested_branch_dag']) retrieved from /home/airflow/.local/lib/python3.8/site-packages/airflow/example_dags/example_nested_branch_dag.py
[2023-11-26T00:23:12.321+0000] {logging_mixin.py:154} INFO - [2023-11-26T00:23:12.320+0000] {dag.py:2941} INFO - Sync 1 DAGs
[2023-11-26T00:23:12.383+0000] {logging_mixin.py:154} INFO - [2023-11-26T00:23:12.382+0000] {dag.py:3722} INFO - Setting next_dagrun for example_nested_branch_dag to 2023-11-25T00:00:00+00:00, run_after=2023-11-26T00:00:00+00:00
[2023-11-26T00:23:12.456+0000] {processor.py:179} INFO - Processing /home/airflow/.local/lib/python3.8/site-packages/airflow/example_dags/example_nested_branch_dag.py took 0.246 seconds
[2023-11-26T00:23:42.625+0000] {processor.py:157} INFO - Started process (PID=644) to work on /home/airflow/.local/lib/python3.8/site-packages/airflow/example_dags/example_nested_branch_dag.py
[2023-11-26T00:23:42.627+0000] {processor.py:829} INFO - Processing file /home/airflow/.local/lib/python3.8/site-packages/airflow/example_dags/example_nested_branch_dag.py for tasks to queue
[2023-11-26T00:23:42.632+0000] {logging_mixin.py:154} INFO - [2023-11-26T00:23:42.631+0000] {dagbag.py:536} INFO - Filling up the DagBag from /home/airflow/.local/lib/python3.8/site-packages/airflow/example_dags/example_nested_branch_dag.py
[2023-11-26T00:23:42.649+0000] {processor.py:839} INFO - DAG(s) dict_keys(['example_nested_branch_dag']) retrieved from /home/airflow/.local/lib/python3.8/site-packages/airflow/example_dags/example_nested_branch_dag.py
[2023-11-26T00:23:42.690+0000] {logging_mixin.py:154} INFO - [2023-11-26T00:23:42.689+0000] {dag.py:2941} INFO - Sync 1 DAGs
[2023-11-26T00:23:42.731+0000] {logging_mixin.py:154} INFO - [2023-11-26T00:23:42.731+0000] {dag.py:3722} INFO - Setting next_dagrun for example_nested_branch_dag to 2023-11-25T00:00:00+00:00, run_after=2023-11-26T00:00:00+00:00
[2023-11-26T00:23:42.774+0000] {processor.py:179} INFO - Processing /home/airflow/.local/lib/python3.8/site-packages/airflow/example_dags/example_nested_branch_dag.py took 0.154 seconds
[2023-11-26T00:24:13.427+0000] {processor.py:157} INFO - Started process (PID=698) to work on /home/airflow/.local/lib/python3.8/site-packages/airflow/example_dags/example_nested_branch_dag.py
[2023-11-26T00:24:13.431+0000] {processor.py:829} INFO - Processing file /home/airflow/.local/lib/python3.8/site-packages/airflow/example_dags/example_nested_branch_dag.py for tasks to queue
[2023-11-26T00:24:13.441+0000] {logging_mixin.py:154} INFO - [2023-11-26T00:24:13.440+0000] {dagbag.py:536} INFO - Filling up the DagBag from /home/airflow/.local/lib/python3.8/site-packages/airflow/example_dags/example_nested_branch_dag.py
[2023-11-26T00:24:13.473+0000] {processor.py:839} INFO - DAG(s) dict_keys(['example_nested_branch_dag']) retrieved from /home/airflow/.local/lib/python3.8/site-packages/airflow/example_dags/example_nested_branch_dag.py
[2023-11-26T00:24:13.531+0000] {logging_mixin.py:154} INFO - [2023-11-26T00:24:13.531+0000] {dag.py:2941} INFO - Sync 1 DAGs
[2023-11-26T00:24:13.588+0000] {logging_mixin.py:154} INFO - [2023-11-26T00:24:13.588+0000] {dag.py:3722} INFO - Setting next_dagrun for example_nested_branch_dag to 2023-11-25T00:00:00+00:00, run_after=2023-11-26T00:00:00+00:00
[2023-11-26T00:24:13.668+0000] {processor.py:179} INFO - Processing /home/airflow/.local/lib/python3.8/site-packages/airflow/example_dags/example_nested_branch_dag.py took 0.259 seconds
[2023-11-26T00:24:44.244+0000] {processor.py:157} INFO - Started process (PID=752) to work on /home/airflow/.local/lib/python3.8/site-packages/airflow/example_dags/example_nested_branch_dag.py
[2023-11-26T00:24:44.248+0000] {processor.py:829} INFO - Processing file /home/airflow/.local/lib/python3.8/site-packages/airflow/example_dags/example_nested_branch_dag.py for tasks to queue
[2023-11-26T00:24:44.260+0000] {logging_mixin.py:154} INFO - [2023-11-26T00:24:44.259+0000] {dagbag.py:536} INFO - Filling up the DagBag from /home/airflow/.local/lib/python3.8/site-packages/airflow/example_dags/example_nested_branch_dag.py
[2023-11-26T00:24:44.303+0000] {processor.py:839} INFO - DAG(s) dict_keys(['example_nested_branch_dag']) retrieved from /home/airflow/.local/lib/python3.8/site-packages/airflow/example_dags/example_nested_branch_dag.py
[2023-11-26T00:24:44.371+0000] {logging_mixin.py:154} INFO - [2023-11-26T00:24:44.370+0000] {dag.py:2941} INFO - Sync 1 DAGs
[2023-11-26T00:24:44.474+0000] {logging_mixin.py:154} INFO - [2023-11-26T00:24:44.473+0000] {dag.py:3722} INFO - Setting next_dagrun for example_nested_branch_dag to 2023-11-25T00:00:00+00:00, run_after=2023-11-26T00:00:00+00:00
[2023-11-26T00:24:44.615+0000] {processor.py:179} INFO - Processing /home/airflow/.local/lib/python3.8/site-packages/airflow/example_dags/example_nested_branch_dag.py took 0.377 seconds
[2023-11-26T00:25:14.796+0000] {processor.py:157} INFO - Started process (PID=806) to work on /home/airflow/.local/lib/python3.8/site-packages/airflow/example_dags/example_nested_branch_dag.py
[2023-11-26T00:25:14.801+0000] {processor.py:829} INFO - Processing file /home/airflow/.local/lib/python3.8/site-packages/airflow/example_dags/example_nested_branch_dag.py for tasks to queue
[2023-11-26T00:25:14.809+0000] {logging_mixin.py:154} INFO - [2023-11-26T00:25:14.808+0000] {dagbag.py:536} INFO - Filling up the DagBag from /home/airflow/.local/lib/python3.8/site-packages/airflow/example_dags/example_nested_branch_dag.py
[2023-11-26T00:25:14.830+0000] {processor.py:839} INFO - DAG(s) dict_keys(['example_nested_branch_dag']) retrieved from /home/airflow/.local/lib/python3.8/site-packages/airflow/example_dags/example_nested_branch_dag.py
[2023-11-26T00:25:14.884+0000] {logging_mixin.py:154} INFO - [2023-11-26T00:25:14.883+0000] {dag.py:2941} INFO - Sync 1 DAGs
[2023-11-26T00:25:14.945+0000] {logging_mixin.py:154} INFO - [2023-11-26T00:25:14.944+0000] {dag.py:3722} INFO - Setting next_dagrun for example_nested_branch_dag to 2023-11-25T00:00:00+00:00, run_after=2023-11-26T00:00:00+00:00
[2023-11-26T00:25:14.991+0000] {processor.py:179} INFO - Processing /home/airflow/.local/lib/python3.8/site-packages/airflow/example_dags/example_nested_branch_dag.py took 0.202 seconds
[2023-11-26T00:25:45.130+0000] {processor.py:157} INFO - Started process (PID=860) to work on /home/airflow/.local/lib/python3.8/site-packages/airflow/example_dags/example_nested_branch_dag.py
[2023-11-26T00:25:45.132+0000] {processor.py:829} INFO - Processing file /home/airflow/.local/lib/python3.8/site-packages/airflow/example_dags/example_nested_branch_dag.py for tasks to queue
[2023-11-26T00:25:45.137+0000] {logging_mixin.py:154} INFO - [2023-11-26T00:25:45.136+0000] {dagbag.py:536} INFO - Filling up the DagBag from /home/airflow/.local/lib/python3.8/site-packages/airflow/example_dags/example_nested_branch_dag.py
[2023-11-26T00:25:45.158+0000] {processor.py:839} INFO - DAG(s) dict_keys(['example_nested_branch_dag']) retrieved from /home/airflow/.local/lib/python3.8/site-packages/airflow/example_dags/example_nested_branch_dag.py
[2023-11-26T00:25:45.204+0000] {logging_mixin.py:154} INFO - [2023-11-26T00:25:45.203+0000] {dag.py:2941} INFO - Sync 1 DAGs
[2023-11-26T00:25:45.261+0000] {logging_mixin.py:154} INFO - [2023-11-26T00:25:45.260+0000] {dag.py:3722} INFO - Setting next_dagrun for example_nested_branch_dag to 2023-11-25T00:00:00+00:00, run_after=2023-11-26T00:00:00+00:00
[2023-11-26T00:25:45.310+0000] {processor.py:179} INFO - Processing /home/airflow/.local/lib/python3.8/site-packages/airflow/example_dags/example_nested_branch_dag.py took 0.190 seconds
[2023-11-26T00:26:15.517+0000] {processor.py:157} INFO - Started process (PID=914) to work on /home/airflow/.local/lib/python3.8/site-packages/airflow/example_dags/example_nested_branch_dag.py
[2023-11-26T00:26:15.519+0000] {processor.py:829} INFO - Processing file /home/airflow/.local/lib/python3.8/site-packages/airflow/example_dags/example_nested_branch_dag.py for tasks to queue
[2023-11-26T00:26:15.523+0000] {logging_mixin.py:154} INFO - [2023-11-26T00:26:15.523+0000] {dagbag.py:536} INFO - Filling up the DagBag from /home/airflow/.local/lib/python3.8/site-packages/airflow/example_dags/example_nested_branch_dag.py
[2023-11-26T00:26:15.538+0000] {processor.py:839} INFO - DAG(s) dict_keys(['example_nested_branch_dag']) retrieved from /home/airflow/.local/lib/python3.8/site-packages/airflow/example_dags/example_nested_branch_dag.py
[2023-11-26T00:26:15.574+0000] {logging_mixin.py:154} INFO - [2023-11-26T00:26:15.573+0000] {dag.py:2941} INFO - Sync 1 DAGs
[2023-11-26T00:26:15.609+0000] {logging_mixin.py:154} INFO - [2023-11-26T00:26:15.608+0000] {dag.py:3722} INFO - Setting next_dagrun for example_nested_branch_dag to 2023-11-25T00:00:00+00:00, run_after=2023-11-26T00:00:00+00:00
[2023-11-26T00:26:15.643+0000] {processor.py:179} INFO - Processing /home/airflow/.local/lib/python3.8/site-packages/airflow/example_dags/example_nested_branch_dag.py took 0.130 seconds
[2023-11-26T00:26:45.915+0000] {processor.py:157} INFO - Started process (PID=968) to work on /home/airflow/.local/lib/python3.8/site-packages/airflow/example_dags/example_nested_branch_dag.py
[2023-11-26T00:26:45.918+0000] {processor.py:829} INFO - Processing file /home/airflow/.local/lib/python3.8/site-packages/airflow/example_dags/example_nested_branch_dag.py for tasks to queue
[2023-11-26T00:26:45.923+0000] {logging_mixin.py:154} INFO - [2023-11-26T00:26:45.922+0000] {dagbag.py:536} INFO - Filling up the DagBag from /home/airflow/.local/lib/python3.8/site-packages/airflow/example_dags/example_nested_branch_dag.py
[2023-11-26T00:26:45.954+0000] {processor.py:839} INFO - DAG(s) dict_keys(['example_nested_branch_dag']) retrieved from /home/airflow/.local/lib/python3.8/site-packages/airflow/example_dags/example_nested_branch_dag.py
[2023-11-26T00:26:46.004+0000] {logging_mixin.py:154} INFO - [2023-11-26T00:26:46.003+0000] {dag.py:2941} INFO - Sync 1 DAGs
[2023-11-26T00:26:46.055+0000] {logging_mixin.py:154} INFO - [2023-11-26T00:26:46.055+0000] {dag.py:3722} INFO - Setting next_dagrun for example_nested_branch_dag to 2023-11-25T00:00:00+00:00, run_after=2023-11-26T00:00:00+00:00
[2023-11-26T00:26:46.099+0000] {processor.py:179} INFO - Processing /home/airflow/.local/lib/python3.8/site-packages/airflow/example_dags/example_nested_branch_dag.py took 0.190 seconds
[2023-11-26T00:27:16.866+0000] {processor.py:157} INFO - Started process (PID=1022) to work on /home/airflow/.local/lib/python3.8/site-packages/airflow/example_dags/example_nested_branch_dag.py
[2023-11-26T00:27:16.868+0000] {processor.py:829} INFO - Processing file /home/airflow/.local/lib/python3.8/site-packages/airflow/example_dags/example_nested_branch_dag.py for tasks to queue
[2023-11-26T00:27:16.873+0000] {logging_mixin.py:154} INFO - [2023-11-26T00:27:16.873+0000] {dagbag.py:536} INFO - Filling up the DagBag from /home/airflow/.local/lib/python3.8/site-packages/airflow/example_dags/example_nested_branch_dag.py
[2023-11-26T00:27:16.892+0000] {processor.py:839} INFO - DAG(s) dict_keys(['example_nested_branch_dag']) retrieved from /home/airflow/.local/lib/python3.8/site-packages/airflow/example_dags/example_nested_branch_dag.py
[2023-11-26T00:27:16.927+0000] {logging_mixin.py:154} INFO - [2023-11-26T00:27:16.926+0000] {dag.py:2941} INFO - Sync 1 DAGs
[2023-11-26T00:27:16.973+0000] {logging_mixin.py:154} INFO - [2023-11-26T00:27:16.973+0000] {dag.py:3722} INFO - Setting next_dagrun for example_nested_branch_dag to 2023-11-25T00:00:00+00:00, run_after=2023-11-26T00:00:00+00:00
[2023-11-26T00:27:17.038+0000] {processor.py:179} INFO - Processing /home/airflow/.local/lib/python3.8/site-packages/airflow/example_dags/example_nested_branch_dag.py took 0.177 seconds
[2023-11-26T00:27:47.488+0000] {processor.py:157} INFO - Started process (PID=1076) to work on /home/airflow/.local/lib/python3.8/site-packages/airflow/example_dags/example_nested_branch_dag.py
[2023-11-26T00:27:47.493+0000] {processor.py:829} INFO - Processing file /home/airflow/.local/lib/python3.8/site-packages/airflow/example_dags/example_nested_branch_dag.py for tasks to queue
[2023-11-26T00:27:47.499+0000] {logging_mixin.py:154} INFO - [2023-11-26T00:27:47.498+0000] {dagbag.py:536} INFO - Filling up the DagBag from /home/airflow/.local/lib/python3.8/site-packages/airflow/example_dags/example_nested_branch_dag.py
[2023-11-26T00:27:47.522+0000] {processor.py:839} INFO - DAG(s) dict_keys(['example_nested_branch_dag']) retrieved from /home/airflow/.local/lib/python3.8/site-packages/airflow/example_dags/example_nested_branch_dag.py
[2023-11-26T00:27:47.563+0000] {logging_mixin.py:154} INFO - [2023-11-26T00:27:47.562+0000] {dag.py:2941} INFO - Sync 1 DAGs
[2023-11-26T00:27:47.595+0000] {logging_mixin.py:154} INFO - [2023-11-26T00:27:47.595+0000] {dag.py:3722} INFO - Setting next_dagrun for example_nested_branch_dag to 2023-11-25T00:00:00+00:00, run_after=2023-11-26T00:00:00+00:00
[2023-11-26T00:27:47.623+0000] {processor.py:179} INFO - Processing /home/airflow/.local/lib/python3.8/site-packages/airflow/example_dags/example_nested_branch_dag.py took 0.147 seconds
[2023-11-26T00:28:18.128+0000] {processor.py:157} INFO - Started process (PID=1130) to work on /home/airflow/.local/lib/python3.8/site-packages/airflow/example_dags/example_nested_branch_dag.py
[2023-11-26T00:28:18.131+0000] {processor.py:829} INFO - Processing file /home/airflow/.local/lib/python3.8/site-packages/airflow/example_dags/example_nested_branch_dag.py for tasks to queue
[2023-11-26T00:28:18.136+0000] {logging_mixin.py:154} INFO - [2023-11-26T00:28:18.136+0000] {dagbag.py:536} INFO - Filling up the DagBag from /home/airflow/.local/lib/python3.8/site-packages/airflow/example_dags/example_nested_branch_dag.py
[2023-11-26T00:28:18.150+0000] {processor.py:839} INFO - DAG(s) dict_keys(['example_nested_branch_dag']) retrieved from /home/airflow/.local/lib/python3.8/site-packages/airflow/example_dags/example_nested_branch_dag.py
[2023-11-26T00:28:18.185+0000] {logging_mixin.py:154} INFO - [2023-11-26T00:28:18.185+0000] {dag.py:2941} INFO - Sync 1 DAGs
[2023-11-26T00:28:18.216+0000] {logging_mixin.py:154} INFO - [2023-11-26T00:28:18.215+0000] {dag.py:3722} INFO - Setting next_dagrun for example_nested_branch_dag to 2023-11-25T00:00:00+00:00, run_after=2023-11-26T00:00:00+00:00
[2023-11-26T00:28:18.242+0000] {processor.py:179} INFO - Processing /home/airflow/.local/lib/python3.8/site-packages/airflow/example_dags/example_nested_branch_dag.py took 0.121 seconds
[2023-11-26T00:28:48.846+0000] {processor.py:157} INFO - Started process (PID=1183) to work on /home/airflow/.local/lib/python3.8/site-packages/airflow/example_dags/example_nested_branch_dag.py
[2023-11-26T00:28:48.849+0000] {processor.py:829} INFO - Processing file /home/airflow/.local/lib/python3.8/site-packages/airflow/example_dags/example_nested_branch_dag.py for tasks to queue
[2023-11-26T00:28:48.856+0000] {logging_mixin.py:154} INFO - [2023-11-26T00:28:48.855+0000] {dagbag.py:536} INFO - Filling up the DagBag from /home/airflow/.local/lib/python3.8/site-packages/airflow/example_dags/example_nested_branch_dag.py
[2023-11-26T00:28:48.872+0000] {processor.py:839} INFO - DAG(s) dict_keys(['example_nested_branch_dag']) retrieved from /home/airflow/.local/lib/python3.8/site-packages/airflow/example_dags/example_nested_branch_dag.py
[2023-11-26T00:28:48.905+0000] {logging_mixin.py:154} INFO - [2023-11-26T00:28:48.905+0000] {dag.py:2941} INFO - Sync 1 DAGs
[2023-11-26T00:28:48.945+0000] {logging_mixin.py:154} INFO - [2023-11-26T00:28:48.944+0000] {dag.py:3722} INFO - Setting next_dagrun for example_nested_branch_dag to 2023-11-25T00:00:00+00:00, run_after=2023-11-26T00:00:00+00:00
[2023-11-26T00:28:48.980+0000] {processor.py:179} INFO - Processing /home/airflow/.local/lib/python3.8/site-packages/airflow/example_dags/example_nested_branch_dag.py took 0.141 seconds
[2023-11-26T00:29:19.160+0000] {processor.py:157} INFO - Started process (PID=1237) to work on /home/airflow/.local/lib/python3.8/site-packages/airflow/example_dags/example_nested_branch_dag.py
[2023-11-26T00:29:19.162+0000] {processor.py:829} INFO - Processing file /home/airflow/.local/lib/python3.8/site-packages/airflow/example_dags/example_nested_branch_dag.py for tasks to queue
[2023-11-26T00:29:19.165+0000] {logging_mixin.py:154} INFO - [2023-11-26T00:29:19.164+0000] {dagbag.py:536} INFO - Filling up the DagBag from /home/airflow/.local/lib/python3.8/site-packages/airflow/example_dags/example_nested_branch_dag.py
[2023-11-26T00:29:19.178+0000] {processor.py:839} INFO - DAG(s) dict_keys(['example_nested_branch_dag']) retrieved from /home/airflow/.local/lib/python3.8/site-packages/airflow/example_dags/example_nested_branch_dag.py
[2023-11-26T00:29:19.211+0000] {logging_mixin.py:154} INFO - [2023-11-26T00:29:19.210+0000] {dag.py:2941} INFO - Sync 1 DAGs
[2023-11-26T00:29:19.239+0000] {logging_mixin.py:154} INFO - [2023-11-26T00:29:19.239+0000] {dag.py:3722} INFO - Setting next_dagrun for example_nested_branch_dag to 2023-11-25T00:00:00+00:00, run_after=2023-11-26T00:00:00+00:00
[2023-11-26T00:29:19.269+0000] {processor.py:179} INFO - Processing /home/airflow/.local/lib/python3.8/site-packages/airflow/example_dags/example_nested_branch_dag.py took 0.113 seconds
[2023-11-26T00:29:49.982+0000] {processor.py:157} INFO - Started process (PID=1291) to work on /home/airflow/.local/lib/python3.8/site-packages/airflow/example_dags/example_nested_branch_dag.py
[2023-11-26T00:29:49.984+0000] {processor.py:829} INFO - Processing file /home/airflow/.local/lib/python3.8/site-packages/airflow/example_dags/example_nested_branch_dag.py for tasks to queue
[2023-11-26T00:29:49.988+0000] {logging_mixin.py:154} INFO - [2023-11-26T00:29:49.987+0000] {dagbag.py:536} INFO - Filling up the DagBag from /home/airflow/.local/lib/python3.8/site-packages/airflow/example_dags/example_nested_branch_dag.py
[2023-11-26T00:29:50.002+0000] {processor.py:839} INFO - DAG(s) dict_keys(['example_nested_branch_dag']) retrieved from /home/airflow/.local/lib/python3.8/site-packages/airflow/example_dags/example_nested_branch_dag.py
[2023-11-26T00:29:50.031+0000] {logging_mixin.py:154} INFO - [2023-11-26T00:29:50.031+0000] {dag.py:2941} INFO - Sync 1 DAGs
[2023-11-26T00:29:50.068+0000] {logging_mixin.py:154} INFO - [2023-11-26T00:29:50.068+0000] {dag.py:3722} INFO - Setting next_dagrun for example_nested_branch_dag to 2023-11-25T00:00:00+00:00, run_after=2023-11-26T00:00:00+00:00
[2023-11-26T00:29:50.105+0000] {processor.py:179} INFO - Processing /home/airflow/.local/lib/python3.8/site-packages/airflow/example_dags/example_nested_branch_dag.py took 0.128 seconds
[2023-11-26T00:30:20.326+0000] {processor.py:157} INFO - Started process (PID=1345) to work on /home/airflow/.local/lib/python3.8/site-packages/airflow/example_dags/example_nested_branch_dag.py
[2023-11-26T00:30:20.328+0000] {processor.py:829} INFO - Processing file /home/airflow/.local/lib/python3.8/site-packages/airflow/example_dags/example_nested_branch_dag.py for tasks to queue
[2023-11-26T00:30:20.334+0000] {logging_mixin.py:154} INFO - [2023-11-26T00:30:20.332+0000] {dagbag.py:536} INFO - Filling up the DagBag from /home/airflow/.local/lib/python3.8/site-packages/airflow/example_dags/example_nested_branch_dag.py
[2023-11-26T00:30:20.350+0000] {processor.py:839} INFO - DAG(s) dict_keys(['example_nested_branch_dag']) retrieved from /home/airflow/.local/lib/python3.8/site-packages/airflow/example_dags/example_nested_branch_dag.py
[2023-11-26T00:30:20.385+0000] {logging_mixin.py:154} INFO - [2023-11-26T00:30:20.385+0000] {dag.py:2941} INFO - Sync 1 DAGs
[2023-11-26T00:30:20.424+0000] {logging_mixin.py:154} INFO - [2023-11-26T00:30:20.424+0000] {dag.py:3722} INFO - Setting next_dagrun for example_nested_branch_dag to 2023-11-25T00:00:00+00:00, run_after=2023-11-26T00:00:00+00:00
[2023-11-26T00:30:20.460+0000] {processor.py:179} INFO - Processing /home/airflow/.local/lib/python3.8/site-packages/airflow/example_dags/example_nested_branch_dag.py took 0.138 seconds
[2023-11-26T00:30:51.199+0000] {processor.py:157} INFO - Started process (PID=1399) to work on /home/airflow/.local/lib/python3.8/site-packages/airflow/example_dags/example_nested_branch_dag.py
[2023-11-26T00:30:51.201+0000] {processor.py:829} INFO - Processing file /home/airflow/.local/lib/python3.8/site-packages/airflow/example_dags/example_nested_branch_dag.py for tasks to queue
[2023-11-26T00:30:51.204+0000] {logging_mixin.py:154} INFO - [2023-11-26T00:30:51.204+0000] {dagbag.py:536} INFO - Filling up the DagBag from /home/airflow/.local/lib/python3.8/site-packages/airflow/example_dags/example_nested_branch_dag.py
[2023-11-26T00:30:51.215+0000] {processor.py:839} INFO - DAG(s) dict_keys(['example_nested_branch_dag']) retrieved from /home/airflow/.local/lib/python3.8/site-packages/airflow/example_dags/example_nested_branch_dag.py
[2023-11-26T00:30:51.253+0000] {logging_mixin.py:154} INFO - [2023-11-26T00:30:51.253+0000] {dag.py:2941} INFO - Sync 1 DAGs
[2023-11-26T00:30:51.285+0000] {logging_mixin.py:154} INFO - [2023-11-26T00:30:51.285+0000] {dag.py:3722} INFO - Setting next_dagrun for example_nested_branch_dag to 2023-11-25T00:00:00+00:00, run_after=2023-11-26T00:00:00+00:00
[2023-11-26T00:30:51.320+0000] {processor.py:179} INFO - Processing /home/airflow/.local/lib/python3.8/site-packages/airflow/example_dags/example_nested_branch_dag.py took 0.126 seconds
[2023-11-26T00:31:21.463+0000] {processor.py:157} INFO - Started process (PID=1453) to work on /home/airflow/.local/lib/python3.8/site-packages/airflow/example_dags/example_nested_branch_dag.py
[2023-11-26T00:31:21.465+0000] {processor.py:829} INFO - Processing file /home/airflow/.local/lib/python3.8/site-packages/airflow/example_dags/example_nested_branch_dag.py for tasks to queue
[2023-11-26T00:31:21.469+0000] {logging_mixin.py:154} INFO - [2023-11-26T00:31:21.468+0000] {dagbag.py:536} INFO - Filling up the DagBag from /home/airflow/.local/lib/python3.8/site-packages/airflow/example_dags/example_nested_branch_dag.py
[2023-11-26T00:31:21.485+0000] {processor.py:839} INFO - DAG(s) dict_keys(['example_nested_branch_dag']) retrieved from /home/airflow/.local/lib/python3.8/site-packages/airflow/example_dags/example_nested_branch_dag.py
[2023-11-26T00:31:21.514+0000] {logging_mixin.py:154} INFO - [2023-11-26T00:31:21.513+0000] {dag.py:2941} INFO - Sync 1 DAGs
[2023-11-26T00:31:21.544+0000] {logging_mixin.py:154} INFO - [2023-11-26T00:31:21.544+0000] {dag.py:3722} INFO - Setting next_dagrun for example_nested_branch_dag to 2023-11-25T00:00:00+00:00, run_after=2023-11-26T00:00:00+00:00
[2023-11-26T00:31:21.577+0000] {processor.py:179} INFO - Processing /home/airflow/.local/lib/python3.8/site-packages/airflow/example_dags/example_nested_branch_dag.py took 0.117 seconds
[2023-11-26T00:31:52.130+0000] {processor.py:157} INFO - Started process (PID=1507) to work on /home/airflow/.local/lib/python3.8/site-packages/airflow/example_dags/example_nested_branch_dag.py
[2023-11-26T00:31:52.132+0000] {processor.py:829} INFO - Processing file /home/airflow/.local/lib/python3.8/site-packages/airflow/example_dags/example_nested_branch_dag.py for tasks to queue
[2023-11-26T00:31:52.136+0000] {logging_mixin.py:154} INFO - [2023-11-26T00:31:52.136+0000] {dagbag.py:536} INFO - Filling up the DagBag from /home/airflow/.local/lib/python3.8/site-packages/airflow/example_dags/example_nested_branch_dag.py
[2023-11-26T00:31:52.151+0000] {processor.py:839} INFO - DAG(s) dict_keys(['example_nested_branch_dag']) retrieved from /home/airflow/.local/lib/python3.8/site-packages/airflow/example_dags/example_nested_branch_dag.py
[2023-11-26T00:31:52.206+0000] {logging_mixin.py:154} INFO - [2023-11-26T00:31:52.206+0000] {dag.py:2941} INFO - Sync 1 DAGs
[2023-11-26T00:31:52.242+0000] {logging_mixin.py:154} INFO - [2023-11-26T00:31:52.242+0000] {dag.py:3722} INFO - Setting next_dagrun for example_nested_branch_dag to 2023-11-25T00:00:00+00:00, run_after=2023-11-26T00:00:00+00:00
[2023-11-26T00:31:52.288+0000] {processor.py:179} INFO - Processing /home/airflow/.local/lib/python3.8/site-packages/airflow/example_dags/example_nested_branch_dag.py took 0.163 seconds
[2023-11-26T00:32:22.532+0000] {processor.py:157} INFO - Started process (PID=1561) to work on /home/airflow/.local/lib/python3.8/site-packages/airflow/example_dags/example_nested_branch_dag.py
[2023-11-26T00:32:22.534+0000] {processor.py:829} INFO - Processing file /home/airflow/.local/lib/python3.8/site-packages/airflow/example_dags/example_nested_branch_dag.py for tasks to queue
[2023-11-26T00:32:22.537+0000] {logging_mixin.py:154} INFO - [2023-11-26T00:32:22.537+0000] {dagbag.py:536} INFO - Filling up the DagBag from /home/airflow/.local/lib/python3.8/site-packages/airflow/example_dags/example_nested_branch_dag.py
[2023-11-26T00:32:22.552+0000] {processor.py:839} INFO - DAG(s) dict_keys(['example_nested_branch_dag']) retrieved from /home/airflow/.local/lib/python3.8/site-packages/airflow/example_dags/example_nested_branch_dag.py
[2023-11-26T00:32:22.589+0000] {logging_mixin.py:154} INFO - [2023-11-26T00:32:22.589+0000] {dag.py:2941} INFO - Sync 1 DAGs
[2023-11-26T00:32:22.624+0000] {logging_mixin.py:154} INFO - [2023-11-26T00:32:22.624+0000] {dag.py:3722} INFO - Setting next_dagrun for example_nested_branch_dag to 2023-11-25T00:00:00+00:00, run_after=2023-11-26T00:00:00+00:00
[2023-11-26T00:32:22.667+0000] {processor.py:179} INFO - Processing /home/airflow/.local/lib/python3.8/site-packages/airflow/example_dags/example_nested_branch_dag.py took 0.141 seconds
[2023-11-26T00:32:53.214+0000] {processor.py:157} INFO - Started process (PID=1615) to work on /home/airflow/.local/lib/python3.8/site-packages/airflow/example_dags/example_nested_branch_dag.py
[2023-11-26T00:32:53.215+0000] {processor.py:829} INFO - Processing file /home/airflow/.local/lib/python3.8/site-packages/airflow/example_dags/example_nested_branch_dag.py for tasks to queue
[2023-11-26T00:32:53.218+0000] {logging_mixin.py:154} INFO - [2023-11-26T00:32:53.218+0000] {dagbag.py:536} INFO - Filling up the DagBag from /home/airflow/.local/lib/python3.8/site-packages/airflow/example_dags/example_nested_branch_dag.py
[2023-11-26T00:32:53.227+0000] {processor.py:839} INFO - DAG(s) dict_keys(['example_nested_branch_dag']) retrieved from /home/airflow/.local/lib/python3.8/site-packages/airflow/example_dags/example_nested_branch_dag.py
[2023-11-26T00:32:53.246+0000] {logging_mixin.py:154} INFO - [2023-11-26T00:32:53.246+0000] {dag.py:2941} INFO - Sync 1 DAGs
[2023-11-26T00:32:53.265+0000] {logging_mixin.py:154} INFO - [2023-11-26T00:32:53.265+0000] {dag.py:3722} INFO - Setting next_dagrun for example_nested_branch_dag to 2023-11-25T00:00:00+00:00, run_after=2023-11-26T00:00:00+00:00
[2023-11-26T00:32:53.291+0000] {processor.py:179} INFO - Processing /home/airflow/.local/lib/python3.8/site-packages/airflow/example_dags/example_nested_branch_dag.py took 0.081 seconds
[2023-11-26T00:33:23.529+0000] {processor.py:157} INFO - Started process (PID=1669) to work on /home/airflow/.local/lib/python3.8/site-packages/airflow/example_dags/example_nested_branch_dag.py
[2023-11-26T00:33:23.532+0000] {processor.py:829} INFO - Processing file /home/airflow/.local/lib/python3.8/site-packages/airflow/example_dags/example_nested_branch_dag.py for tasks to queue
[2023-11-26T00:33:23.537+0000] {logging_mixin.py:154} INFO - [2023-11-26T00:33:23.536+0000] {dagbag.py:536} INFO - Filling up the DagBag from /home/airflow/.local/lib/python3.8/site-packages/airflow/example_dags/example_nested_branch_dag.py
[2023-11-26T00:33:23.561+0000] {processor.py:839} INFO - DAG(s) dict_keys(['example_nested_branch_dag']) retrieved from /home/airflow/.local/lib/python3.8/site-packages/airflow/example_dags/example_nested_branch_dag.py
[2023-11-26T00:33:23.603+0000] {logging_mixin.py:154} INFO - [2023-11-26T00:33:23.603+0000] {dag.py:2941} INFO - Sync 1 DAGs
[2023-11-26T00:33:23.649+0000] {logging_mixin.py:154} INFO - [2023-11-26T00:33:23.648+0000] {dag.py:3722} INFO - Setting next_dagrun for example_nested_branch_dag to 2023-11-25T00:00:00+00:00, run_after=2023-11-26T00:00:00+00:00
[2023-11-26T00:33:23.689+0000] {processor.py:179} INFO - Processing /home/airflow/.local/lib/python3.8/site-packages/airflow/example_dags/example_nested_branch_dag.py took 0.169 seconds
[2023-11-26T00:33:54.486+0000] {processor.py:157} INFO - Started process (PID=1723) to work on /home/airflow/.local/lib/python3.8/site-packages/airflow/example_dags/example_nested_branch_dag.py
[2023-11-26T00:33:54.487+0000] {processor.py:829} INFO - Processing file /home/airflow/.local/lib/python3.8/site-packages/airflow/example_dags/example_nested_branch_dag.py for tasks to queue
[2023-11-26T00:33:54.489+0000] {logging_mixin.py:154} INFO - [2023-11-26T00:33:54.489+0000] {dagbag.py:536} INFO - Filling up the DagBag from /home/airflow/.local/lib/python3.8/site-packages/airflow/example_dags/example_nested_branch_dag.py
[2023-11-26T00:33:54.498+0000] {processor.py:839} INFO - DAG(s) dict_keys(['example_nested_branch_dag']) retrieved from /home/airflow/.local/lib/python3.8/site-packages/airflow/example_dags/example_nested_branch_dag.py
[2023-11-26T00:33:54.519+0000] {logging_mixin.py:154} INFO - [2023-11-26T00:33:54.518+0000] {dag.py:2941} INFO - Sync 1 DAGs
[2023-11-26T00:33:54.541+0000] {logging_mixin.py:154} INFO - [2023-11-26T00:33:54.541+0000] {dag.py:3722} INFO - Setting next_dagrun for example_nested_branch_dag to 2023-11-25T00:00:00+00:00, run_after=2023-11-26T00:00:00+00:00
[2023-11-26T00:33:54.567+0000] {processor.py:179} INFO - Processing /home/airflow/.local/lib/python3.8/site-packages/airflow/example_dags/example_nested_branch_dag.py took 0.085 seconds
[2023-11-26T00:34:24.953+0000] {processor.py:157} INFO - Started process (PID=1777) to work on /home/airflow/.local/lib/python3.8/site-packages/airflow/example_dags/example_nested_branch_dag.py
[2023-11-26T00:34:24.954+0000] {processor.py:829} INFO - Processing file /home/airflow/.local/lib/python3.8/site-packages/airflow/example_dags/example_nested_branch_dag.py for tasks to queue
[2023-11-26T00:34:24.957+0000] {logging_mixin.py:154} INFO - [2023-11-26T00:34:24.956+0000] {dagbag.py:536} INFO - Filling up the DagBag from /home/airflow/.local/lib/python3.8/site-packages/airflow/example_dags/example_nested_branch_dag.py
[2023-11-26T00:34:24.967+0000] {processor.py:839} INFO - DAG(s) dict_keys(['example_nested_branch_dag']) retrieved from /home/airflow/.local/lib/python3.8/site-packages/airflow/example_dags/example_nested_branch_dag.py
[2023-11-26T00:34:24.993+0000] {logging_mixin.py:154} INFO - [2023-11-26T00:34:24.992+0000] {dag.py:2941} INFO - Sync 1 DAGs
[2023-11-26T00:34:25.016+0000] {logging_mixin.py:154} INFO - [2023-11-26T00:34:25.016+0000] {dag.py:3722} INFO - Setting next_dagrun for example_nested_branch_dag to 2023-11-25T00:00:00+00:00, run_after=2023-11-26T00:00:00+00:00
[2023-11-26T00:34:25.041+0000] {processor.py:179} INFO - Processing /home/airflow/.local/lib/python3.8/site-packages/airflow/example_dags/example_nested_branch_dag.py took 0.091 seconds
[2023-11-26T00:34:55.301+0000] {processor.py:157} INFO - Started process (PID=1831) to work on /home/airflow/.local/lib/python3.8/site-packages/airflow/example_dags/example_nested_branch_dag.py
[2023-11-26T00:34:55.302+0000] {processor.py:829} INFO - Processing file /home/airflow/.local/lib/python3.8/site-packages/airflow/example_dags/example_nested_branch_dag.py for tasks to queue
[2023-11-26T00:34:55.305+0000] {logging_mixin.py:154} INFO - [2023-11-26T00:34:55.305+0000] {dagbag.py:536} INFO - Filling up the DagBag from /home/airflow/.local/lib/python3.8/site-packages/airflow/example_dags/example_nested_branch_dag.py
[2023-11-26T00:34:55.313+0000] {processor.py:839} INFO - DAG(s) dict_keys(['example_nested_branch_dag']) retrieved from /home/airflow/.local/lib/python3.8/site-packages/airflow/example_dags/example_nested_branch_dag.py
[2023-11-26T00:34:55.337+0000] {logging_mixin.py:154} INFO - [2023-11-26T00:34:55.337+0000] {dag.py:2941} INFO - Sync 1 DAGs
[2023-11-26T00:34:55.362+0000] {logging_mixin.py:154} INFO - [2023-11-26T00:34:55.362+0000] {dag.py:3722} INFO - Setting next_dagrun for example_nested_branch_dag to 2023-11-25T00:00:00+00:00, run_after=2023-11-26T00:00:00+00:00
[2023-11-26T00:34:55.388+0000] {processor.py:179} INFO - Processing /home/airflow/.local/lib/python3.8/site-packages/airflow/example_dags/example_nested_branch_dag.py took 0.092 seconds
[2023-11-26T00:35:25.716+0000] {processor.py:157} INFO - Started process (PID=1885) to work on /home/airflow/.local/lib/python3.8/site-packages/airflow/example_dags/example_nested_branch_dag.py
[2023-11-26T00:35:25.717+0000] {processor.py:829} INFO - Processing file /home/airflow/.local/lib/python3.8/site-packages/airflow/example_dags/example_nested_branch_dag.py for tasks to queue
[2023-11-26T00:35:25.720+0000] {logging_mixin.py:154} INFO - [2023-11-26T00:35:25.720+0000] {dagbag.py:536} INFO - Filling up the DagBag from /home/airflow/.local/lib/python3.8/site-packages/airflow/example_dags/example_nested_branch_dag.py
[2023-11-26T00:35:25.732+0000] {processor.py:839} INFO - DAG(s) dict_keys(['example_nested_branch_dag']) retrieved from /home/airflow/.local/lib/python3.8/site-packages/airflow/example_dags/example_nested_branch_dag.py
[2023-11-26T00:35:25.756+0000] {logging_mixin.py:154} INFO - [2023-11-26T00:35:25.755+0000] {dag.py:2941} INFO - Sync 1 DAGs
[2023-11-26T00:35:25.775+0000] {logging_mixin.py:154} INFO - [2023-11-26T00:35:25.774+0000] {dag.py:3722} INFO - Setting next_dagrun for example_nested_branch_dag to 2023-11-25T00:00:00+00:00, run_after=2023-11-26T00:00:00+00:00
[2023-11-26T00:35:25.799+0000] {processor.py:179} INFO - Processing /home/airflow/.local/lib/python3.8/site-packages/airflow/example_dags/example_nested_branch_dag.py took 0.087 seconds
[2023-11-26T00:35:56.222+0000] {processor.py:157} INFO - Started process (PID=1939) to work on /home/airflow/.local/lib/python3.8/site-packages/airflow/example_dags/example_nested_branch_dag.py
[2023-11-26T00:35:56.223+0000] {processor.py:829} INFO - Processing file /home/airflow/.local/lib/python3.8/site-packages/airflow/example_dags/example_nested_branch_dag.py for tasks to queue
[2023-11-26T00:35:56.226+0000] {logging_mixin.py:154} INFO - [2023-11-26T00:35:56.226+0000] {dagbag.py:536} INFO - Filling up the DagBag from /home/airflow/.local/lib/python3.8/site-packages/airflow/example_dags/example_nested_branch_dag.py
[2023-11-26T00:35:56.237+0000] {processor.py:839} INFO - DAG(s) dict_keys(['example_nested_branch_dag']) retrieved from /home/airflow/.local/lib/python3.8/site-packages/airflow/example_dags/example_nested_branch_dag.py
[2023-11-26T00:35:56.256+0000] {logging_mixin.py:154} INFO - [2023-11-26T00:35:56.256+0000] {dag.py:2941} INFO - Sync 1 DAGs
[2023-11-26T00:35:56.278+0000] {logging_mixin.py:154} INFO - [2023-11-26T00:35:56.278+0000] {dag.py:3722} INFO - Setting next_dagrun for example_nested_branch_dag to 2023-11-25T00:00:00+00:00, run_after=2023-11-26T00:00:00+00:00
[2023-11-26T00:35:56.300+0000] {processor.py:179} INFO - Processing /home/airflow/.local/lib/python3.8/site-packages/airflow/example_dags/example_nested_branch_dag.py took 0.082 seconds
[2023-11-26T00:36:26.833+0000] {processor.py:157} INFO - Started process (PID=1993) to work on /home/airflow/.local/lib/python3.8/site-packages/airflow/example_dags/example_nested_branch_dag.py
[2023-11-26T00:36:26.836+0000] {processor.py:829} INFO - Processing file /home/airflow/.local/lib/python3.8/site-packages/airflow/example_dags/example_nested_branch_dag.py for tasks to queue
[2023-11-26T00:36:26.841+0000] {logging_mixin.py:154} INFO - [2023-11-26T00:36:26.841+0000] {dagbag.py:536} INFO - Filling up the DagBag from /home/airflow/.local/lib/python3.8/site-packages/airflow/example_dags/example_nested_branch_dag.py
[2023-11-26T00:36:26.853+0000] {processor.py:839} INFO - DAG(s) dict_keys(['example_nested_branch_dag']) retrieved from /home/airflow/.local/lib/python3.8/site-packages/airflow/example_dags/example_nested_branch_dag.py
[2023-11-26T00:36:26.888+0000] {logging_mixin.py:154} INFO - [2023-11-26T00:36:26.888+0000] {dag.py:2941} INFO - Sync 1 DAGs
[2023-11-26T00:36:26.920+0000] {logging_mixin.py:154} INFO - [2023-11-26T00:36:26.920+0000] {dag.py:3722} INFO - Setting next_dagrun for example_nested_branch_dag to 2023-11-25T00:00:00+00:00, run_after=2023-11-26T00:00:00+00:00
[2023-11-26T00:36:26.960+0000] {processor.py:179} INFO - Processing /home/airflow/.local/lib/python3.8/site-packages/airflow/example_dags/example_nested_branch_dag.py took 0.131 seconds
[2023-11-26T00:36:57.752+0000] {processor.py:157} INFO - Started process (PID=2054) to work on /home/airflow/.local/lib/python3.8/site-packages/airflow/example_dags/example_nested_branch_dag.py
[2023-11-26T00:36:57.754+0000] {processor.py:829} INFO - Processing file /home/airflow/.local/lib/python3.8/site-packages/airflow/example_dags/example_nested_branch_dag.py for tasks to queue
[2023-11-26T00:36:57.757+0000] {logging_mixin.py:154} INFO - [2023-11-26T00:36:57.756+0000] {dagbag.py:536} INFO - Filling up the DagBag from /home/airflow/.local/lib/python3.8/site-packages/airflow/example_dags/example_nested_branch_dag.py
[2023-11-26T00:36:57.766+0000] {processor.py:839} INFO - DAG(s) dict_keys(['example_nested_branch_dag']) retrieved from /home/airflow/.local/lib/python3.8/site-packages/airflow/example_dags/example_nested_branch_dag.py
[2023-11-26T00:36:57.784+0000] {logging_mixin.py:154} INFO - [2023-11-26T00:36:57.784+0000] {dag.py:2941} INFO - Sync 1 DAGs
[2023-11-26T00:36:57.805+0000] {logging_mixin.py:154} INFO - [2023-11-26T00:36:57.805+0000] {dag.py:3722} INFO - Setting next_dagrun for example_nested_branch_dag to 2023-11-25T00:00:00+00:00, run_after=2023-11-26T00:00:00+00:00
[2023-11-26T00:36:57.826+0000] {processor.py:179} INFO - Processing /home/airflow/.local/lib/python3.8/site-packages/airflow/example_dags/example_nested_branch_dag.py took 0.078 seconds
[2023-11-26T00:37:28.222+0000] {processor.py:157} INFO - Started process (PID=2108) to work on /home/airflow/.local/lib/python3.8/site-packages/airflow/example_dags/example_nested_branch_dag.py
[2023-11-26T00:37:28.224+0000] {processor.py:829} INFO - Processing file /home/airflow/.local/lib/python3.8/site-packages/airflow/example_dags/example_nested_branch_dag.py for tasks to queue
[2023-11-26T00:37:28.227+0000] {logging_mixin.py:154} INFO - [2023-11-26T00:37:28.226+0000] {dagbag.py:536} INFO - Filling up the DagBag from /home/airflow/.local/lib/python3.8/site-packages/airflow/example_dags/example_nested_branch_dag.py
[2023-11-26T00:37:28.234+0000] {processor.py:839} INFO - DAG(s) dict_keys(['example_nested_branch_dag']) retrieved from /home/airflow/.local/lib/python3.8/site-packages/airflow/example_dags/example_nested_branch_dag.py
[2023-11-26T00:37:28.254+0000] {logging_mixin.py:154} INFO - [2023-11-26T00:37:28.253+0000] {dag.py:2941} INFO - Sync 1 DAGs
[2023-11-26T00:37:28.276+0000] {logging_mixin.py:154} INFO - [2023-11-26T00:37:28.276+0000] {dag.py:3722} INFO - Setting next_dagrun for example_nested_branch_dag to 2023-11-25T00:00:00+00:00, run_after=2023-11-26T00:00:00+00:00
[2023-11-26T00:37:28.299+0000] {processor.py:179} INFO - Processing /home/airflow/.local/lib/python3.8/site-packages/airflow/example_dags/example_nested_branch_dag.py took 0.081 seconds
[2023-11-26T00:37:58.960+0000] {processor.py:157} INFO - Started process (PID=2162) to work on /home/airflow/.local/lib/python3.8/site-packages/airflow/example_dags/example_nested_branch_dag.py
[2023-11-26T00:37:58.961+0000] {processor.py:829} INFO - Processing file /home/airflow/.local/lib/python3.8/site-packages/airflow/example_dags/example_nested_branch_dag.py for tasks to queue
[2023-11-26T00:37:58.963+0000] {logging_mixin.py:154} INFO - [2023-11-26T00:37:58.963+0000] {dagbag.py:536} INFO - Filling up the DagBag from /home/airflow/.local/lib/python3.8/site-packages/airflow/example_dags/example_nested_branch_dag.py
[2023-11-26T00:37:58.972+0000] {processor.py:839} INFO - DAG(s) dict_keys(['example_nested_branch_dag']) retrieved from /home/airflow/.local/lib/python3.8/site-packages/airflow/example_dags/example_nested_branch_dag.py
[2023-11-26T00:37:58.999+0000] {logging_mixin.py:154} INFO - [2023-11-26T00:37:58.999+0000] {dag.py:2941} INFO - Sync 1 DAGs
[2023-11-26T00:37:59.021+0000] {logging_mixin.py:154} INFO - [2023-11-26T00:37:59.020+0000] {dag.py:3722} INFO - Setting next_dagrun for example_nested_branch_dag to 2023-11-25T00:00:00+00:00, run_after=2023-11-26T00:00:00+00:00
[2023-11-26T00:37:59.044+0000] {processor.py:179} INFO - Processing /home/airflow/.local/lib/python3.8/site-packages/airflow/example_dags/example_nested_branch_dag.py took 0.087 seconds
[2023-11-26T00:38:29.400+0000] {processor.py:157} INFO - Started process (PID=2216) to work on /home/airflow/.local/lib/python3.8/site-packages/airflow/example_dags/example_nested_branch_dag.py
[2023-11-26T00:38:29.401+0000] {processor.py:829} INFO - Processing file /home/airflow/.local/lib/python3.8/site-packages/airflow/example_dags/example_nested_branch_dag.py for tasks to queue
[2023-11-26T00:38:29.404+0000] {logging_mixin.py:154} INFO - [2023-11-26T00:38:29.403+0000] {dagbag.py:536} INFO - Filling up the DagBag from /home/airflow/.local/lib/python3.8/site-packages/airflow/example_dags/example_nested_branch_dag.py
[2023-11-26T00:38:29.412+0000] {processor.py:839} INFO - DAG(s) dict_keys(['example_nested_branch_dag']) retrieved from /home/airflow/.local/lib/python3.8/site-packages/airflow/example_dags/example_nested_branch_dag.py
[2023-11-26T00:38:29.433+0000] {logging_mixin.py:154} INFO - [2023-11-26T00:38:29.433+0000] {dag.py:2941} INFO - Sync 1 DAGs
[2023-11-26T00:38:29.454+0000] {logging_mixin.py:154} INFO - [2023-11-26T00:38:29.454+0000] {dag.py:3722} INFO - Setting next_dagrun for example_nested_branch_dag to 2023-11-25T00:00:00+00:00, run_after=2023-11-26T00:00:00+00:00
[2023-11-26T00:38:29.476+0000] {processor.py:179} INFO - Processing /home/airflow/.local/lib/python3.8/site-packages/airflow/example_dags/example_nested_branch_dag.py took 0.080 seconds
[2023-11-26T00:38:59.649+0000] {processor.py:157} INFO - Started process (PID=2270) to work on /home/airflow/.local/lib/python3.8/site-packages/airflow/example_dags/example_nested_branch_dag.py
[2023-11-26T00:38:59.651+0000] {processor.py:829} INFO - Processing file /home/airflow/.local/lib/python3.8/site-packages/airflow/example_dags/example_nested_branch_dag.py for tasks to queue
[2023-11-26T00:38:59.655+0000] {logging_mixin.py:154} INFO - [2023-11-26T00:38:59.654+0000] {dagbag.py:536} INFO - Filling up the DagBag from /home/airflow/.local/lib/python3.8/site-packages/airflow/example_dags/example_nested_branch_dag.py
[2023-11-26T00:38:59.673+0000] {processor.py:839} INFO - DAG(s) dict_keys(['example_nested_branch_dag']) retrieved from /home/airflow/.local/lib/python3.8/site-packages/airflow/example_dags/example_nested_branch_dag.py
[2023-11-26T00:38:59.711+0000] {logging_mixin.py:154} INFO - [2023-11-26T00:38:59.710+0000] {dag.py:2941} INFO - Sync 1 DAGs
[2023-11-26T00:38:59.738+0000] {logging_mixin.py:154} INFO - [2023-11-26T00:38:59.738+0000] {dag.py:3722} INFO - Setting next_dagrun for example_nested_branch_dag to 2023-11-25T00:00:00+00:00, run_after=2023-11-26T00:00:00+00:00
[2023-11-26T00:38:59.770+0000] {processor.py:179} INFO - Processing /home/airflow/.local/lib/python3.8/site-packages/airflow/example_dags/example_nested_branch_dag.py took 0.124 seconds
[2023-11-26T00:39:30.282+0000] {processor.py:157} INFO - Started process (PID=2324) to work on /home/airflow/.local/lib/python3.8/site-packages/airflow/example_dags/example_nested_branch_dag.py
[2023-11-26T00:39:30.285+0000] {processor.py:829} INFO - Processing file /home/airflow/.local/lib/python3.8/site-packages/airflow/example_dags/example_nested_branch_dag.py for tasks to queue
[2023-11-26T00:39:30.289+0000] {logging_mixin.py:154} INFO - [2023-11-26T00:39:30.288+0000] {dagbag.py:536} INFO - Filling up the DagBag from /home/airflow/.local/lib/python3.8/site-packages/airflow/example_dags/example_nested_branch_dag.py
[2023-11-26T00:39:30.302+0000] {processor.py:839} INFO - DAG(s) dict_keys(['example_nested_branch_dag']) retrieved from /home/airflow/.local/lib/python3.8/site-packages/airflow/example_dags/example_nested_branch_dag.py
[2023-11-26T00:39:30.334+0000] {logging_mixin.py:154} INFO - [2023-11-26T00:39:30.334+0000] {dag.py:2941} INFO - Sync 1 DAGs
[2023-11-26T00:39:30.364+0000] {logging_mixin.py:154} INFO - [2023-11-26T00:39:30.363+0000] {dag.py:3722} INFO - Setting next_dagrun for example_nested_branch_dag to 2023-11-25T00:00:00+00:00, run_after=2023-11-26T00:00:00+00:00
[2023-11-26T00:39:30.529+0000] {processor.py:179} INFO - Processing /home/airflow/.local/lib/python3.8/site-packages/airflow/example_dags/example_nested_branch_dag.py took 0.253 seconds
[2023-11-26T00:40:01.234+0000] {processor.py:157} INFO - Started process (PID=2378) to work on /home/airflow/.local/lib/python3.8/site-packages/airflow/example_dags/example_nested_branch_dag.py
[2023-11-26T00:40:01.236+0000] {processor.py:829} INFO - Processing file /home/airflow/.local/lib/python3.8/site-packages/airflow/example_dags/example_nested_branch_dag.py for tasks to queue
[2023-11-26T00:40:01.238+0000] {logging_mixin.py:154} INFO - [2023-11-26T00:40:01.238+0000] {dagbag.py:536} INFO - Filling up the DagBag from /home/airflow/.local/lib/python3.8/site-packages/airflow/example_dags/example_nested_branch_dag.py
[2023-11-26T00:40:01.247+0000] {processor.py:839} INFO - DAG(s) dict_keys(['example_nested_branch_dag']) retrieved from /home/airflow/.local/lib/python3.8/site-packages/airflow/example_dags/example_nested_branch_dag.py
[2023-11-26T00:40:01.267+0000] {logging_mixin.py:154} INFO - [2023-11-26T00:40:01.267+0000] {dag.py:2941} INFO - Sync 1 DAGs
[2023-11-26T00:40:01.288+0000] {logging_mixin.py:154} INFO - [2023-11-26T00:40:01.288+0000] {dag.py:3722} INFO - Setting next_dagrun for example_nested_branch_dag to 2023-11-25T00:00:00+00:00, run_after=2023-11-26T00:00:00+00:00
[2023-11-26T00:40:01.312+0000] {processor.py:179} INFO - Processing /home/airflow/.local/lib/python3.8/site-packages/airflow/example_dags/example_nested_branch_dag.py took 0.082 seconds
[2023-11-26T00:40:31.520+0000] {processor.py:157} INFO - Started process (PID=2432) to work on /home/airflow/.local/lib/python3.8/site-packages/airflow/example_dags/example_nested_branch_dag.py
[2023-11-26T00:40:31.522+0000] {processor.py:829} INFO - Processing file /home/airflow/.local/lib/python3.8/site-packages/airflow/example_dags/example_nested_branch_dag.py for tasks to queue
[2023-11-26T00:40:31.525+0000] {logging_mixin.py:154} INFO - [2023-11-26T00:40:31.525+0000] {dagbag.py:536} INFO - Filling up the DagBag from /home/airflow/.local/lib/python3.8/site-packages/airflow/example_dags/example_nested_branch_dag.py
[2023-11-26T00:40:31.537+0000] {processor.py:839} INFO - DAG(s) dict_keys(['example_nested_branch_dag']) retrieved from /home/airflow/.local/lib/python3.8/site-packages/airflow/example_dags/example_nested_branch_dag.py
[2023-11-26T00:40:31.567+0000] {logging_mixin.py:154} INFO - [2023-11-26T00:40:31.567+0000] {dag.py:2941} INFO - Sync 1 DAGs
[2023-11-26T00:40:31.605+0000] {logging_mixin.py:154} INFO - [2023-11-26T00:40:31.605+0000] {dag.py:3722} INFO - Setting next_dagrun for example_nested_branch_dag to 2023-11-25T00:00:00+00:00, run_after=2023-11-26T00:00:00+00:00
[2023-11-26T00:40:31.634+0000] {processor.py:179} INFO - Processing /home/airflow/.local/lib/python3.8/site-packages/airflow/example_dags/example_nested_branch_dag.py took 0.117 seconds
[2023-11-26T00:41:01.766+0000] {processor.py:157} INFO - Started process (PID=2486) to work on /home/airflow/.local/lib/python3.8/site-packages/airflow/example_dags/example_nested_branch_dag.py
[2023-11-26T00:41:01.768+0000] {processor.py:829} INFO - Processing file /home/airflow/.local/lib/python3.8/site-packages/airflow/example_dags/example_nested_branch_dag.py for tasks to queue
[2023-11-26T00:41:01.770+0000] {logging_mixin.py:154} INFO - [2023-11-26T00:41:01.770+0000] {dagbag.py:536} INFO - Filling up the DagBag from /home/airflow/.local/lib/python3.8/site-packages/airflow/example_dags/example_nested_branch_dag.py
[2023-11-26T00:41:01.782+0000] {processor.py:839} INFO - DAG(s) dict_keys(['example_nested_branch_dag']) retrieved from /home/airflow/.local/lib/python3.8/site-packages/airflow/example_dags/example_nested_branch_dag.py
[2023-11-26T00:41:01.803+0000] {logging_mixin.py:154} INFO - [2023-11-26T00:41:01.802+0000] {dag.py:2941} INFO - Sync 1 DAGs
[2023-11-26T00:41:01.925+0000] {logging_mixin.py:154} INFO - [2023-11-26T00:41:01.925+0000] {dag.py:3722} INFO - Setting next_dagrun for example_nested_branch_dag to 2023-11-25T00:00:00+00:00, run_after=2023-11-26T00:00:00+00:00
[2023-11-26T00:41:01.946+0000] {processor.py:179} INFO - Processing /home/airflow/.local/lib/python3.8/site-packages/airflow/example_dags/example_nested_branch_dag.py took 0.185 seconds
[2023-11-26T00:41:32.911+0000] {processor.py:157} INFO - Started process (PID=2540) to work on /home/airflow/.local/lib/python3.8/site-packages/airflow/example_dags/example_nested_branch_dag.py
[2023-11-26T00:41:32.913+0000] {processor.py:829} INFO - Processing file /home/airflow/.local/lib/python3.8/site-packages/airflow/example_dags/example_nested_branch_dag.py for tasks to queue
[2023-11-26T00:41:32.916+0000] {logging_mixin.py:154} INFO - [2023-11-26T00:41:32.915+0000] {dagbag.py:536} INFO - Filling up the DagBag from /home/airflow/.local/lib/python3.8/site-packages/airflow/example_dags/example_nested_branch_dag.py
[2023-11-26T00:41:32.924+0000] {processor.py:839} INFO - DAG(s) dict_keys(['example_nested_branch_dag']) retrieved from /home/airflow/.local/lib/python3.8/site-packages/airflow/example_dags/example_nested_branch_dag.py
[2023-11-26T00:41:32.943+0000] {logging_mixin.py:154} INFO - [2023-11-26T00:41:32.943+0000] {dag.py:2941} INFO - Sync 1 DAGs
[2023-11-26T00:41:32.963+0000] {logging_mixin.py:154} INFO - [2023-11-26T00:41:32.962+0000] {dag.py:3722} INFO - Setting next_dagrun for example_nested_branch_dag to 2023-11-25T00:00:00+00:00, run_after=2023-11-26T00:00:00+00:00
[2023-11-26T00:41:32.990+0000] {processor.py:179} INFO - Processing /home/airflow/.local/lib/python3.8/site-packages/airflow/example_dags/example_nested_branch_dag.py took 0.083 seconds
[2023-11-26T00:42:03.038+0000] {processor.py:157} INFO - Started process (PID=2594) to work on /home/airflow/.local/lib/python3.8/site-packages/airflow/example_dags/example_nested_branch_dag.py
[2023-11-26T00:42:03.039+0000] {processor.py:829} INFO - Processing file /home/airflow/.local/lib/python3.8/site-packages/airflow/example_dags/example_nested_branch_dag.py for tasks to queue
[2023-11-26T00:42:03.041+0000] {logging_mixin.py:154} INFO - [2023-11-26T00:42:03.041+0000] {dagbag.py:536} INFO - Filling up the DagBag from /home/airflow/.local/lib/python3.8/site-packages/airflow/example_dags/example_nested_branch_dag.py
[2023-11-26T00:42:03.049+0000] {processor.py:839} INFO - DAG(s) dict_keys(['example_nested_branch_dag']) retrieved from /home/airflow/.local/lib/python3.8/site-packages/airflow/example_dags/example_nested_branch_dag.py
[2023-11-26T00:42:03.069+0000] {logging_mixin.py:154} INFO - [2023-11-26T00:42:03.069+0000] {dag.py:2941} INFO - Sync 1 DAGs
[2023-11-26T00:42:03.090+0000] {logging_mixin.py:154} INFO - [2023-11-26T00:42:03.090+0000] {dag.py:3722} INFO - Setting next_dagrun for example_nested_branch_dag to 2023-11-25T00:00:00+00:00, run_after=2023-11-26T00:00:00+00:00
[2023-11-26T00:42:03.114+0000] {processor.py:179} INFO - Processing /home/airflow/.local/lib/python3.8/site-packages/airflow/example_dags/example_nested_branch_dag.py took 0.079 seconds
[2023-11-26T00:42:33.745+0000] {processor.py:157} INFO - Started process (PID=2646) to work on /home/airflow/.local/lib/python3.8/site-packages/airflow/example_dags/example_nested_branch_dag.py
[2023-11-26T00:42:33.746+0000] {processor.py:829} INFO - Processing file /home/airflow/.local/lib/python3.8/site-packages/airflow/example_dags/example_nested_branch_dag.py for tasks to queue
[2023-11-26T00:42:33.748+0000] {logging_mixin.py:154} INFO - [2023-11-26T00:42:33.748+0000] {dagbag.py:536} INFO - Filling up the DagBag from /home/airflow/.local/lib/python3.8/site-packages/airflow/example_dags/example_nested_branch_dag.py
[2023-11-26T00:42:33.758+0000] {processor.py:839} INFO - DAG(s) dict_keys(['example_nested_branch_dag']) retrieved from /home/airflow/.local/lib/python3.8/site-packages/airflow/example_dags/example_nested_branch_dag.py
[2023-11-26T00:42:33.778+0000] {logging_mixin.py:154} INFO - [2023-11-26T00:42:33.778+0000] {dag.py:2941} INFO - Sync 1 DAGs
[2023-11-26T00:42:33.912+0000] {logging_mixin.py:154} INFO - [2023-11-26T00:42:33.912+0000] {dag.py:3722} INFO - Setting next_dagrun for example_nested_branch_dag to 2023-11-25T00:00:00+00:00, run_after=2023-11-26T00:00:00+00:00
[2023-11-26T00:42:33.934+0000] {processor.py:179} INFO - Processing /home/airflow/.local/lib/python3.8/site-packages/airflow/example_dags/example_nested_branch_dag.py took 0.192 seconds
[2023-11-26T00:43:04.052+0000] {processor.py:157} INFO - Started process (PID=2700) to work on /home/airflow/.local/lib/python3.8/site-packages/airflow/example_dags/example_nested_branch_dag.py
[2023-11-26T00:43:04.054+0000] {processor.py:829} INFO - Processing file /home/airflow/.local/lib/python3.8/site-packages/airflow/example_dags/example_nested_branch_dag.py for tasks to queue
[2023-11-26T00:43:04.057+0000] {logging_mixin.py:154} INFO - [2023-11-26T00:43:04.057+0000] {dagbag.py:536} INFO - Filling up the DagBag from /home/airflow/.local/lib/python3.8/site-packages/airflow/example_dags/example_nested_branch_dag.py
[2023-11-26T00:43:04.067+0000] {processor.py:839} INFO - DAG(s) dict_keys(['example_nested_branch_dag']) retrieved from /home/airflow/.local/lib/python3.8/site-packages/airflow/example_dags/example_nested_branch_dag.py
[2023-11-26T00:43:04.093+0000] {logging_mixin.py:154} INFO - [2023-11-26T00:43:04.093+0000] {dag.py:2941} INFO - Sync 1 DAGs
[2023-11-26T00:43:04.115+0000] {logging_mixin.py:154} INFO - [2023-11-26T00:43:04.115+0000] {dag.py:3722} INFO - Setting next_dagrun for example_nested_branch_dag to 2023-11-25T00:00:00+00:00, run_after=2023-11-26T00:00:00+00:00
[2023-11-26T00:43:04.140+0000] {processor.py:179} INFO - Processing /home/airflow/.local/lib/python3.8/site-packages/airflow/example_dags/example_nested_branch_dag.py took 0.092 seconds
[2023-11-26T00:43:34.484+0000] {processor.py:157} INFO - Started process (PID=2754) to work on /home/airflow/.local/lib/python3.8/site-packages/airflow/example_dags/example_nested_branch_dag.py
[2023-11-26T00:43:34.486+0000] {processor.py:829} INFO - Processing file /home/airflow/.local/lib/python3.8/site-packages/airflow/example_dags/example_nested_branch_dag.py for tasks to queue
[2023-11-26T00:43:34.488+0000] {logging_mixin.py:154} INFO - [2023-11-26T00:43:34.488+0000] {dagbag.py:536} INFO - Filling up the DagBag from /home/airflow/.local/lib/python3.8/site-packages/airflow/example_dags/example_nested_branch_dag.py
[2023-11-26T00:43:34.496+0000] {processor.py:839} INFO - DAG(s) dict_keys(['example_nested_branch_dag']) retrieved from /home/airflow/.local/lib/python3.8/site-packages/airflow/example_dags/example_nested_branch_dag.py
[2023-11-26T00:43:34.518+0000] {logging_mixin.py:154} INFO - [2023-11-26T00:43:34.518+0000] {dag.py:2941} INFO - Sync 1 DAGs
[2023-11-26T00:43:34.637+0000] {logging_mixin.py:154} INFO - [2023-11-26T00:43:34.637+0000] {dag.py:3722} INFO - Setting next_dagrun for example_nested_branch_dag to 2023-11-25T00:00:00+00:00, run_after=2023-11-26T00:00:00+00:00
[2023-11-26T00:43:34.659+0000] {processor.py:179} INFO - Processing /home/airflow/.local/lib/python3.8/site-packages/airflow/example_dags/example_nested_branch_dag.py took 0.178 seconds
[2023-11-26T00:44:05.388+0000] {processor.py:157} INFO - Started process (PID=2808) to work on /home/airflow/.local/lib/python3.8/site-packages/airflow/example_dags/example_nested_branch_dag.py
[2023-11-26T00:44:05.389+0000] {processor.py:829} INFO - Processing file /home/airflow/.local/lib/python3.8/site-packages/airflow/example_dags/example_nested_branch_dag.py for tasks to queue
[2023-11-26T00:44:05.391+0000] {logging_mixin.py:154} INFO - [2023-11-26T00:44:05.391+0000] {dagbag.py:536} INFO - Filling up the DagBag from /home/airflow/.local/lib/python3.8/site-packages/airflow/example_dags/example_nested_branch_dag.py
[2023-11-26T00:44:05.399+0000] {processor.py:839} INFO - DAG(s) dict_keys(['example_nested_branch_dag']) retrieved from /home/airflow/.local/lib/python3.8/site-packages/airflow/example_dags/example_nested_branch_dag.py
[2023-11-26T00:44:05.420+0000] {logging_mixin.py:154} INFO - [2023-11-26T00:44:05.420+0000] {dag.py:2941} INFO - Sync 1 DAGs
[2023-11-26T00:44:05.440+0000] {logging_mixin.py:154} INFO - [2023-11-26T00:44:05.440+0000] {dag.py:3722} INFO - Setting next_dagrun for example_nested_branch_dag to 2023-11-25T00:00:00+00:00, run_after=2023-11-26T00:00:00+00:00
[2023-11-26T00:44:05.463+0000] {processor.py:179} INFO - Processing /home/airflow/.local/lib/python3.8/site-packages/airflow/example_dags/example_nested_branch_dag.py took 0.078 seconds
[2023-11-26T00:44:35.922+0000] {processor.py:157} INFO - Started process (PID=2862) to work on /home/airflow/.local/lib/python3.8/site-packages/airflow/example_dags/example_nested_branch_dag.py
[2023-11-26T00:44:35.924+0000] {processor.py:829} INFO - Processing file /home/airflow/.local/lib/python3.8/site-packages/airflow/example_dags/example_nested_branch_dag.py for tasks to queue
[2023-11-26T00:44:35.927+0000] {logging_mixin.py:154} INFO - [2023-11-26T00:44:35.926+0000] {dagbag.py:536} INFO - Filling up the DagBag from /home/airflow/.local/lib/python3.8/site-packages/airflow/example_dags/example_nested_branch_dag.py
[2023-11-26T00:44:35.938+0000] {processor.py:839} INFO - DAG(s) dict_keys(['example_nested_branch_dag']) retrieved from /home/airflow/.local/lib/python3.8/site-packages/airflow/example_dags/example_nested_branch_dag.py
[2023-11-26T00:44:35.964+0000] {logging_mixin.py:154} INFO - [2023-11-26T00:44:35.964+0000] {dag.py:2941} INFO - Sync 1 DAGs
[2023-11-26T00:44:35.992+0000] {logging_mixin.py:154} INFO - [2023-11-26T00:44:35.992+0000] {dag.py:3722} INFO - Setting next_dagrun for example_nested_branch_dag to 2023-11-25T00:00:00+00:00, run_after=2023-11-26T00:00:00+00:00
[2023-11-26T00:44:36.016+0000] {processor.py:179} INFO - Processing /home/airflow/.local/lib/python3.8/site-packages/airflow/example_dags/example_nested_branch_dag.py took 0.098 seconds
[2023-11-26T00:45:06.966+0000] {processor.py:157} INFO - Started process (PID=2916) to work on /home/airflow/.local/lib/python3.8/site-packages/airflow/example_dags/example_nested_branch_dag.py
[2023-11-26T00:45:06.968+0000] {processor.py:829} INFO - Processing file /home/airflow/.local/lib/python3.8/site-packages/airflow/example_dags/example_nested_branch_dag.py for tasks to queue
[2023-11-26T00:45:06.970+0000] {logging_mixin.py:154} INFO - [2023-11-26T00:45:06.970+0000] {dagbag.py:536} INFO - Filling up the DagBag from /home/airflow/.local/lib/python3.8/site-packages/airflow/example_dags/example_nested_branch_dag.py
[2023-11-26T00:45:06.979+0000] {processor.py:839} INFO - DAG(s) dict_keys(['example_nested_branch_dag']) retrieved from /home/airflow/.local/lib/python3.8/site-packages/airflow/example_dags/example_nested_branch_dag.py
[2023-11-26T00:45:07.008+0000] {logging_mixin.py:154} INFO - [2023-11-26T00:45:07.008+0000] {dag.py:2941} INFO - Sync 1 DAGs
[2023-11-26T00:45:07.037+0000] {logging_mixin.py:154} INFO - [2023-11-26T00:45:07.037+0000] {dag.py:3722} INFO - Setting next_dagrun for example_nested_branch_dag to 2023-11-25T00:00:00+00:00, run_after=2023-11-26T00:00:00+00:00
[2023-11-26T00:45:07.064+0000] {processor.py:179} INFO - Processing /home/airflow/.local/lib/python3.8/site-packages/airflow/example_dags/example_nested_branch_dag.py took 0.102 seconds
[2023-11-26T00:45:37.513+0000] {processor.py:157} INFO - Started process (PID=2970) to work on /home/airflow/.local/lib/python3.8/site-packages/airflow/example_dags/example_nested_branch_dag.py
[2023-11-26T00:45:37.515+0000] {processor.py:829} INFO - Processing file /home/airflow/.local/lib/python3.8/site-packages/airflow/example_dags/example_nested_branch_dag.py for tasks to queue
[2023-11-26T00:45:37.517+0000] {logging_mixin.py:154} INFO - [2023-11-26T00:45:37.517+0000] {dagbag.py:536} INFO - Filling up the DagBag from /home/airflow/.local/lib/python3.8/site-packages/airflow/example_dags/example_nested_branch_dag.py
[2023-11-26T00:45:37.525+0000] {processor.py:839} INFO - DAG(s) dict_keys(['example_nested_branch_dag']) retrieved from /home/airflow/.local/lib/python3.8/site-packages/airflow/example_dags/example_nested_branch_dag.py
[2023-11-26T00:45:37.546+0000] {logging_mixin.py:154} INFO - [2023-11-26T00:45:37.546+0000] {dag.py:2941} INFO - Sync 1 DAGs
[2023-11-26T00:45:37.570+0000] {logging_mixin.py:154} INFO - [2023-11-26T00:45:37.570+0000] {dag.py:3722} INFO - Setting next_dagrun for example_nested_branch_dag to 2023-11-25T00:00:00+00:00, run_after=2023-11-26T00:00:00+00:00
[2023-11-26T00:45:37.596+0000] {processor.py:179} INFO - Processing /home/airflow/.local/lib/python3.8/site-packages/airflow/example_dags/example_nested_branch_dag.py took 0.087 seconds
[2023-11-26T00:46:08.276+0000] {processor.py:157} INFO - Started process (PID=3024) to work on /home/airflow/.local/lib/python3.8/site-packages/airflow/example_dags/example_nested_branch_dag.py
[2023-11-26T00:46:08.280+0000] {processor.py:829} INFO - Processing file /home/airflow/.local/lib/python3.8/site-packages/airflow/example_dags/example_nested_branch_dag.py for tasks to queue
[2023-11-26T00:46:08.285+0000] {logging_mixin.py:154} INFO - [2023-11-26T00:46:08.284+0000] {dagbag.py:536} INFO - Filling up the DagBag from /home/airflow/.local/lib/python3.8/site-packages/airflow/example_dags/example_nested_branch_dag.py
[2023-11-26T00:46:08.313+0000] {processor.py:839} INFO - DAG(s) dict_keys(['example_nested_branch_dag']) retrieved from /home/airflow/.local/lib/python3.8/site-packages/airflow/example_dags/example_nested_branch_dag.py
[2023-11-26T00:46:08.353+0000] {logging_mixin.py:154} INFO - [2023-11-26T00:46:08.353+0000] {dag.py:2941} INFO - Sync 1 DAGs
[2023-11-26T00:46:08.388+0000] {logging_mixin.py:154} INFO - [2023-11-26T00:46:08.388+0000] {dag.py:3722} INFO - Setting next_dagrun for example_nested_branch_dag to 2023-11-25T00:00:00+00:00, run_after=2023-11-26T00:00:00+00:00
[2023-11-26T00:46:08.430+0000] {processor.py:179} INFO - Processing /home/airflow/.local/lib/python3.8/site-packages/airflow/example_dags/example_nested_branch_dag.py took 0.157 seconds
[2023-11-26T00:46:38.599+0000] {processor.py:157} INFO - Started process (PID=3079) to work on /home/airflow/.local/lib/python3.8/site-packages/airflow/example_dags/example_nested_branch_dag.py
[2023-11-26T00:46:38.601+0000] {processor.py:829} INFO - Processing file /home/airflow/.local/lib/python3.8/site-packages/airflow/example_dags/example_nested_branch_dag.py for tasks to queue
[2023-11-26T00:46:38.604+0000] {logging_mixin.py:154} INFO - [2023-11-26T00:46:38.604+0000] {dagbag.py:536} INFO - Filling up the DagBag from /home/airflow/.local/lib/python3.8/site-packages/airflow/example_dags/example_nested_branch_dag.py
[2023-11-26T00:46:38.615+0000] {processor.py:839} INFO - DAG(s) dict_keys(['example_nested_branch_dag']) retrieved from /home/airflow/.local/lib/python3.8/site-packages/airflow/example_dags/example_nested_branch_dag.py
[2023-11-26T00:46:38.650+0000] {logging_mixin.py:154} INFO - [2023-11-26T00:46:38.650+0000] {dag.py:2941} INFO - Sync 1 DAGs
[2023-11-26T00:46:38.684+0000] {logging_mixin.py:154} INFO - [2023-11-26T00:46:38.684+0000] {dag.py:3722} INFO - Setting next_dagrun for example_nested_branch_dag to 2023-11-25T00:00:00+00:00, run_after=2023-11-26T00:00:00+00:00
[2023-11-26T00:46:38.732+0000] {processor.py:179} INFO - Processing /home/airflow/.local/lib/python3.8/site-packages/airflow/example_dags/example_nested_branch_dag.py took 0.137 seconds
[2023-11-26T00:47:09.617+0000] {processor.py:157} INFO - Started process (PID=3133) to work on /home/airflow/.local/lib/python3.8/site-packages/airflow/example_dags/example_nested_branch_dag.py
[2023-11-26T00:47:09.621+0000] {processor.py:829} INFO - Processing file /home/airflow/.local/lib/python3.8/site-packages/airflow/example_dags/example_nested_branch_dag.py for tasks to queue
[2023-11-26T00:47:09.627+0000] {logging_mixin.py:154} INFO - [2023-11-26T00:47:09.627+0000] {dagbag.py:536} INFO - Filling up the DagBag from /home/airflow/.local/lib/python3.8/site-packages/airflow/example_dags/example_nested_branch_dag.py
[2023-11-26T00:47:09.647+0000] {processor.py:839} INFO - DAG(s) dict_keys(['example_nested_branch_dag']) retrieved from /home/airflow/.local/lib/python3.8/site-packages/airflow/example_dags/example_nested_branch_dag.py
[2023-11-26T00:47:09.718+0000] {logging_mixin.py:154} INFO - [2023-11-26T00:47:09.717+0000] {dag.py:2941} INFO - Sync 1 DAGs
[2023-11-26T00:47:09.762+0000] {logging_mixin.py:154} INFO - [2023-11-26T00:47:09.762+0000] {dag.py:3722} INFO - Setting next_dagrun for example_nested_branch_dag to 2023-11-25T00:00:00+00:00, run_after=2023-11-26T00:00:00+00:00
[2023-11-26T00:47:09.818+0000] {processor.py:179} INFO - Processing /home/airflow/.local/lib/python3.8/site-packages/airflow/example_dags/example_nested_branch_dag.py took 0.207 seconds
[2023-11-26T00:47:40.001+0000] {processor.py:157} INFO - Started process (PID=3186) to work on /home/airflow/.local/lib/python3.8/site-packages/airflow/example_dags/example_nested_branch_dag.py
[2023-11-26T00:47:40.004+0000] {processor.py:829} INFO - Processing file /home/airflow/.local/lib/python3.8/site-packages/airflow/example_dags/example_nested_branch_dag.py for tasks to queue
[2023-11-26T00:47:40.013+0000] {logging_mixin.py:154} INFO - [2023-11-26T00:47:40.011+0000] {dagbag.py:536} INFO - Filling up the DagBag from /home/airflow/.local/lib/python3.8/site-packages/airflow/example_dags/example_nested_branch_dag.py
[2023-11-26T00:47:40.029+0000] {processor.py:839} INFO - DAG(s) dict_keys(['example_nested_branch_dag']) retrieved from /home/airflow/.local/lib/python3.8/site-packages/airflow/example_dags/example_nested_branch_dag.py
[2023-11-26T00:47:40.092+0000] {logging_mixin.py:154} INFO - [2023-11-26T00:47:40.092+0000] {dag.py:2941} INFO - Sync 1 DAGs
[2023-11-26T00:47:40.139+0000] {logging_mixin.py:154} INFO - [2023-11-26T00:47:40.138+0000] {dag.py:3722} INFO - Setting next_dagrun for example_nested_branch_dag to 2023-11-25T00:00:00+00:00, run_after=2023-11-26T00:00:00+00:00
[2023-11-26T00:47:40.190+0000] {processor.py:179} INFO - Processing /home/airflow/.local/lib/python3.8/site-packages/airflow/example_dags/example_nested_branch_dag.py took 0.194 seconds
[2023-11-26T00:48:10.484+0000] {processor.py:157} INFO - Started process (PID=3240) to work on /home/airflow/.local/lib/python3.8/site-packages/airflow/example_dags/example_nested_branch_dag.py
[2023-11-26T00:48:10.488+0000] {processor.py:829} INFO - Processing file /home/airflow/.local/lib/python3.8/site-packages/airflow/example_dags/example_nested_branch_dag.py for tasks to queue
[2023-11-26T00:48:10.497+0000] {logging_mixin.py:154} INFO - [2023-11-26T00:48:10.497+0000] {dagbag.py:536} INFO - Filling up the DagBag from /home/airflow/.local/lib/python3.8/site-packages/airflow/example_dags/example_nested_branch_dag.py
[2023-11-26T00:48:10.513+0000] {processor.py:839} INFO - DAG(s) dict_keys(['example_nested_branch_dag']) retrieved from /home/airflow/.local/lib/python3.8/site-packages/airflow/example_dags/example_nested_branch_dag.py
[2023-11-26T00:48:10.572+0000] {logging_mixin.py:154} INFO - [2023-11-26T00:48:10.572+0000] {dag.py:2941} INFO - Sync 1 DAGs
[2023-11-26T00:48:10.617+0000] {logging_mixin.py:154} INFO - [2023-11-26T00:48:10.617+0000] {dag.py:3722} INFO - Setting next_dagrun for example_nested_branch_dag to 2023-11-25T00:00:00+00:00, run_after=2023-11-26T00:00:00+00:00
[2023-11-26T00:48:10.681+0000] {processor.py:179} INFO - Processing /home/airflow/.local/lib/python3.8/site-packages/airflow/example_dags/example_nested_branch_dag.py took 0.201 seconds
[2023-11-26T00:48:41.199+0000] {processor.py:157} INFO - Started process (PID=3293) to work on /home/airflow/.local/lib/python3.8/site-packages/airflow/example_dags/example_nested_branch_dag.py
[2023-11-26T00:48:41.204+0000] {processor.py:829} INFO - Processing file /home/airflow/.local/lib/python3.8/site-packages/airflow/example_dags/example_nested_branch_dag.py for tasks to queue
[2023-11-26T00:48:41.209+0000] {logging_mixin.py:154} INFO - [2023-11-26T00:48:41.208+0000] {dagbag.py:536} INFO - Filling up the DagBag from /home/airflow/.local/lib/python3.8/site-packages/airflow/example_dags/example_nested_branch_dag.py
[2023-11-26T00:48:41.230+0000] {processor.py:839} INFO - DAG(s) dict_keys(['example_nested_branch_dag']) retrieved from /home/airflow/.local/lib/python3.8/site-packages/airflow/example_dags/example_nested_branch_dag.py
[2023-11-26T00:48:41.279+0000] {logging_mixin.py:154} INFO - [2023-11-26T00:48:41.279+0000] {dag.py:2941} INFO - Sync 1 DAGs
[2023-11-26T00:48:41.334+0000] {logging_mixin.py:154} INFO - [2023-11-26T00:48:41.334+0000] {dag.py:3722} INFO - Setting next_dagrun for example_nested_branch_dag to 2023-11-25T00:00:00+00:00, run_after=2023-11-26T00:00:00+00:00
[2023-11-26T00:48:41.405+0000] {processor.py:179} INFO - Processing /home/airflow/.local/lib/python3.8/site-packages/airflow/example_dags/example_nested_branch_dag.py took 0.212 seconds
[2023-11-26T00:49:12.254+0000] {processor.py:157} INFO - Started process (PID=3347) to work on /home/airflow/.local/lib/python3.8/site-packages/airflow/example_dags/example_nested_branch_dag.py
[2023-11-26T00:49:12.256+0000] {processor.py:829} INFO - Processing file /home/airflow/.local/lib/python3.8/site-packages/airflow/example_dags/example_nested_branch_dag.py for tasks to queue
[2023-11-26T00:49:12.260+0000] {logging_mixin.py:154} INFO - [2023-11-26T00:49:12.260+0000] {dagbag.py:536} INFO - Filling up the DagBag from /home/airflow/.local/lib/python3.8/site-packages/airflow/example_dags/example_nested_branch_dag.py
[2023-11-26T00:49:12.277+0000] {processor.py:839} INFO - DAG(s) dict_keys(['example_nested_branch_dag']) retrieved from /home/airflow/.local/lib/python3.8/site-packages/airflow/example_dags/example_nested_branch_dag.py
[2023-11-26T00:49:12.315+0000] {logging_mixin.py:154} INFO - [2023-11-26T00:49:12.312+0000] {dag.py:2941} INFO - Sync 1 DAGs
[2023-11-26T00:49:12.346+0000] {logging_mixin.py:154} INFO - [2023-11-26T00:49:12.345+0000] {dag.py:3722} INFO - Setting next_dagrun for example_nested_branch_dag to 2023-11-25T00:00:00+00:00, run_after=2023-11-26T00:00:00+00:00
[2023-11-26T00:49:12.391+0000] {processor.py:179} INFO - Processing /home/airflow/.local/lib/python3.8/site-packages/airflow/example_dags/example_nested_branch_dag.py took 0.144 seconds
[2023-11-26T00:49:43.257+0000] {processor.py:157} INFO - Started process (PID=3401) to work on /home/airflow/.local/lib/python3.8/site-packages/airflow/example_dags/example_nested_branch_dag.py
[2023-11-26T00:49:43.262+0000] {processor.py:829} INFO - Processing file /home/airflow/.local/lib/python3.8/site-packages/airflow/example_dags/example_nested_branch_dag.py for tasks to queue
[2023-11-26T00:49:43.272+0000] {logging_mixin.py:154} INFO - [2023-11-26T00:49:43.272+0000] {dagbag.py:536} INFO - Filling up the DagBag from /home/airflow/.local/lib/python3.8/site-packages/airflow/example_dags/example_nested_branch_dag.py
[2023-11-26T00:49:43.288+0000] {processor.py:839} INFO - DAG(s) dict_keys(['example_nested_branch_dag']) retrieved from /home/airflow/.local/lib/python3.8/site-packages/airflow/example_dags/example_nested_branch_dag.py
[2023-11-26T00:49:43.354+0000] {logging_mixin.py:154} INFO - [2023-11-26T00:49:43.353+0000] {dag.py:2941} INFO - Sync 1 DAGs
[2023-11-26T00:49:43.412+0000] {logging_mixin.py:154} INFO - [2023-11-26T00:49:43.412+0000] {dag.py:3722} INFO - Setting next_dagrun for example_nested_branch_dag to 2023-11-25T00:00:00+00:00, run_after=2023-11-26T00:00:00+00:00
[2023-11-26T00:49:43.481+0000] {processor.py:179} INFO - Processing /home/airflow/.local/lib/python3.8/site-packages/airflow/example_dags/example_nested_branch_dag.py took 0.227 seconds
[2023-11-26T00:50:14.099+0000] {processor.py:157} INFO - Started process (PID=3454) to work on /home/airflow/.local/lib/python3.8/site-packages/airflow/example_dags/example_nested_branch_dag.py
[2023-11-26T00:50:14.102+0000] {processor.py:829} INFO - Processing file /home/airflow/.local/lib/python3.8/site-packages/airflow/example_dags/example_nested_branch_dag.py for tasks to queue
[2023-11-26T00:50:14.107+0000] {logging_mixin.py:154} INFO - [2023-11-26T00:50:14.106+0000] {dagbag.py:536} INFO - Filling up the DagBag from /home/airflow/.local/lib/python3.8/site-packages/airflow/example_dags/example_nested_branch_dag.py
[2023-11-26T00:50:14.122+0000] {processor.py:839} INFO - DAG(s) dict_keys(['example_nested_branch_dag']) retrieved from /home/airflow/.local/lib/python3.8/site-packages/airflow/example_dags/example_nested_branch_dag.py
[2023-11-26T00:50:14.178+0000] {logging_mixin.py:154} INFO - [2023-11-26T00:50:14.177+0000] {dag.py:2941} INFO - Sync 1 DAGs
[2023-11-26T00:50:14.215+0000] {logging_mixin.py:154} INFO - [2023-11-26T00:50:14.215+0000] {dag.py:3722} INFO - Setting next_dagrun for example_nested_branch_dag to 2023-11-25T00:00:00+00:00, run_after=2023-11-26T00:00:00+00:00
[2023-11-26T00:50:14.262+0000] {processor.py:179} INFO - Processing /home/airflow/.local/lib/python3.8/site-packages/airflow/example_dags/example_nested_branch_dag.py took 0.166 seconds
[2023-11-26T00:50:44.637+0000] {processor.py:157} INFO - Started process (PID=3508) to work on /home/airflow/.local/lib/python3.8/site-packages/airflow/example_dags/example_nested_branch_dag.py
[2023-11-26T00:50:44.640+0000] {processor.py:829} INFO - Processing file /home/airflow/.local/lib/python3.8/site-packages/airflow/example_dags/example_nested_branch_dag.py for tasks to queue
[2023-11-26T00:50:44.645+0000] {logging_mixin.py:154} INFO - [2023-11-26T00:50:44.645+0000] {dagbag.py:536} INFO - Filling up the DagBag from /home/airflow/.local/lib/python3.8/site-packages/airflow/example_dags/example_nested_branch_dag.py
[2023-11-26T00:50:44.659+0000] {processor.py:839} INFO - DAG(s) dict_keys(['example_nested_branch_dag']) retrieved from /home/airflow/.local/lib/python3.8/site-packages/airflow/example_dags/example_nested_branch_dag.py
[2023-11-26T00:50:44.703+0000] {logging_mixin.py:154} INFO - [2023-11-26T00:50:44.703+0000] {dag.py:2941} INFO - Sync 1 DAGs
[2023-11-26T00:50:44.747+0000] {logging_mixin.py:154} INFO - [2023-11-26T00:50:44.747+0000] {dag.py:3722} INFO - Setting next_dagrun for example_nested_branch_dag to 2023-11-25T00:00:00+00:00, run_after=2023-11-26T00:00:00+00:00
[2023-11-26T00:50:44.800+0000] {processor.py:179} INFO - Processing /home/airflow/.local/lib/python3.8/site-packages/airflow/example_dags/example_nested_branch_dag.py took 0.167 seconds
[2023-11-26T00:51:15.622+0000] {processor.py:157} INFO - Started process (PID=3562) to work on /home/airflow/.local/lib/python3.8/site-packages/airflow/example_dags/example_nested_branch_dag.py
[2023-11-26T00:51:15.626+0000] {processor.py:829} INFO - Processing file /home/airflow/.local/lib/python3.8/site-packages/airflow/example_dags/example_nested_branch_dag.py for tasks to queue
[2023-11-26T00:51:15.643+0000] {logging_mixin.py:154} INFO - [2023-11-26T00:51:15.641+0000] {dagbag.py:536} INFO - Filling up the DagBag from /home/airflow/.local/lib/python3.8/site-packages/airflow/example_dags/example_nested_branch_dag.py
[2023-11-26T00:51:15.662+0000] {processor.py:839} INFO - DAG(s) dict_keys(['example_nested_branch_dag']) retrieved from /home/airflow/.local/lib/python3.8/site-packages/airflow/example_dags/example_nested_branch_dag.py
[2023-11-26T00:51:15.731+0000] {logging_mixin.py:154} INFO - [2023-11-26T00:51:15.731+0000] {dag.py:2941} INFO - Sync 1 DAGs
[2023-11-26T00:51:15.784+0000] {logging_mixin.py:154} INFO - [2023-11-26T00:51:15.783+0000] {dag.py:3722} INFO - Setting next_dagrun for example_nested_branch_dag to 2023-11-25T00:00:00+00:00, run_after=2023-11-26T00:00:00+00:00
[2023-11-26T00:51:15.830+0000] {processor.py:179} INFO - Processing /home/airflow/.local/lib/python3.8/site-packages/airflow/example_dags/example_nested_branch_dag.py took 0.212 seconds
[2023-11-26T00:51:45.943+0000] {processor.py:157} INFO - Started process (PID=3616) to work on /home/airflow/.local/lib/python3.8/site-packages/airflow/example_dags/example_nested_branch_dag.py
[2023-11-26T00:51:45.947+0000] {processor.py:829} INFO - Processing file /home/airflow/.local/lib/python3.8/site-packages/airflow/example_dags/example_nested_branch_dag.py for tasks to queue
[2023-11-26T00:51:45.953+0000] {logging_mixin.py:154} INFO - [2023-11-26T00:51:45.952+0000] {dagbag.py:536} INFO - Filling up the DagBag from /home/airflow/.local/lib/python3.8/site-packages/airflow/example_dags/example_nested_branch_dag.py
[2023-11-26T00:51:45.974+0000] {processor.py:839} INFO - DAG(s) dict_keys(['example_nested_branch_dag']) retrieved from /home/airflow/.local/lib/python3.8/site-packages/airflow/example_dags/example_nested_branch_dag.py
[2023-11-26T00:51:46.017+0000] {logging_mixin.py:154} INFO - [2023-11-26T00:51:46.017+0000] {dag.py:2941} INFO - Sync 1 DAGs
[2023-11-26T00:51:46.061+0000] {logging_mixin.py:154} INFO - [2023-11-26T00:51:46.061+0000] {dag.py:3722} INFO - Setting next_dagrun for example_nested_branch_dag to 2023-11-25T00:00:00+00:00, run_after=2023-11-26T00:00:00+00:00
[2023-11-26T00:51:46.103+0000] {processor.py:179} INFO - Processing /home/airflow/.local/lib/python3.8/site-packages/airflow/example_dags/example_nested_branch_dag.py took 0.165 seconds
[2023-11-26T00:52:17.166+0000] {processor.py:157} INFO - Started process (PID=3670) to work on /home/airflow/.local/lib/python3.8/site-packages/airflow/example_dags/example_nested_branch_dag.py
[2023-11-26T00:52:17.169+0000] {processor.py:829} INFO - Processing file /home/airflow/.local/lib/python3.8/site-packages/airflow/example_dags/example_nested_branch_dag.py for tasks to queue
[2023-11-26T00:52:17.173+0000] {logging_mixin.py:154} INFO - [2023-11-26T00:52:17.172+0000] {dagbag.py:536} INFO - Filling up the DagBag from /home/airflow/.local/lib/python3.8/site-packages/airflow/example_dags/example_nested_branch_dag.py
[2023-11-26T00:52:17.186+0000] {processor.py:839} INFO - DAG(s) dict_keys(['example_nested_branch_dag']) retrieved from /home/airflow/.local/lib/python3.8/site-packages/airflow/example_dags/example_nested_branch_dag.py
[2023-11-26T00:52:17.226+0000] {logging_mixin.py:154} INFO - [2023-11-26T00:52:17.226+0000] {dag.py:2941} INFO - Sync 1 DAGs
[2023-11-26T00:52:17.253+0000] {logging_mixin.py:154} INFO - [2023-11-26T00:52:17.253+0000] {dag.py:3722} INFO - Setting next_dagrun for example_nested_branch_dag to 2023-11-25T00:00:00+00:00, run_after=2023-11-26T00:00:00+00:00
[2023-11-26T00:52:17.289+0000] {processor.py:179} INFO - Processing /home/airflow/.local/lib/python3.8/site-packages/airflow/example_dags/example_nested_branch_dag.py took 0.127 seconds
