[2023-11-26T00:16:50.625+0000] {processor.py:157} INFO - Started process (PID=84) to work on /home/airflow/.local/lib/python3.8/site-packages/airflow/example_dags/example_setup_teardown_taskflow.py
[2023-11-26T00:16:50.629+0000] {processor.py:829} INFO - Processing file /home/airflow/.local/lib/python3.8/site-packages/airflow/example_dags/example_setup_teardown_taskflow.py for tasks to queue
[2023-11-26T00:16:50.635+0000] {logging_mixin.py:154} INFO - [2023-11-26T00:16:50.634+0000] {dagbag.py:536} INFO - Filling up the DagBag from /home/airflow/.local/lib/python3.8/site-packages/airflow/example_dags/example_setup_teardown_taskflow.py
[2023-11-26T00:16:50.655+0000] {processor.py:839} INFO - DAG(s) dict_keys(['example_setup_teardown_taskflow']) retrieved from /home/airflow/.local/lib/python3.8/site-packages/airflow/example_dags/example_setup_teardown_taskflow.py
[2023-11-26T00:16:50.710+0000] {logging_mixin.py:154} INFO - [2023-11-26T00:16:50.709+0000] {dag.py:2941} INFO - Sync 1 DAGs
[2023-11-26T00:16:50.797+0000] {logging_mixin.py:154} INFO - [2023-11-26T00:16:50.795+0000] {dag.py:3722} INFO - Setting next_dagrun for example_setup_teardown_taskflow to 2023-11-25T00:16:50.793094+00:00, run_after=2023-11-26T00:16:50.793094+00:00
[2023-11-26T00:16:50.860+0000] {processor.py:179} INFO - Processing /home/airflow/.local/lib/python3.8/site-packages/airflow/example_dags/example_setup_teardown_taskflow.py took 0.241 seconds
[2023-11-26T00:18:18.606+0000] {processor.py:157} INFO - Started process (PID=85) to work on /home/airflow/.local/lib/python3.8/site-packages/airflow/example_dags/example_setup_teardown_taskflow.py
[2023-11-26T00:18:18.617+0000] {processor.py:829} INFO - Processing file /home/airflow/.local/lib/python3.8/site-packages/airflow/example_dags/example_setup_teardown_taskflow.py for tasks to queue
[2023-11-26T00:18:18.631+0000] {logging_mixin.py:154} INFO - [2023-11-26T00:18:18.629+0000] {dagbag.py:536} INFO - Filling up the DagBag from /home/airflow/.local/lib/python3.8/site-packages/airflow/example_dags/example_setup_teardown_taskflow.py
[2023-11-26T00:18:18.705+0000] {processor.py:839} INFO - DAG(s) dict_keys(['example_setup_teardown_taskflow']) retrieved from /home/airflow/.local/lib/python3.8/site-packages/airflow/example_dags/example_setup_teardown_taskflow.py
[2023-11-26T00:18:18.931+0000] {logging_mixin.py:154} INFO - [2023-11-26T00:18:18.930+0000] {dag.py:2941} INFO - Sync 1 DAGs
[2023-11-26T00:18:19.184+0000] {logging_mixin.py:154} INFO - [2023-11-26T00:18:19.182+0000] {dag.py:3722} INFO - Setting next_dagrun for example_setup_teardown_taskflow to 2023-11-25T00:18:19.176825+00:00, run_after=2023-11-26T00:18:19.176825+00:00
[2023-11-26T00:18:19.463+0000] {processor.py:179} INFO - Processing /home/airflow/.local/lib/python3.8/site-packages/airflow/example_dags/example_setup_teardown_taskflow.py took 0.878 seconds
[2023-11-26T00:18:49.910+0000] {processor.py:157} INFO - Started process (PID=140) to work on /home/airflow/.local/lib/python3.8/site-packages/airflow/example_dags/example_setup_teardown_taskflow.py
[2023-11-26T00:18:49.914+0000] {processor.py:829} INFO - Processing file /home/airflow/.local/lib/python3.8/site-packages/airflow/example_dags/example_setup_teardown_taskflow.py for tasks to queue
[2023-11-26T00:18:49.923+0000] {logging_mixin.py:154} INFO - [2023-11-26T00:18:49.922+0000] {dagbag.py:536} INFO - Filling up the DagBag from /home/airflow/.local/lib/python3.8/site-packages/airflow/example_dags/example_setup_teardown_taskflow.py
[2023-11-26T00:18:49.943+0000] {processor.py:839} INFO - DAG(s) dict_keys(['example_setup_teardown_taskflow']) retrieved from /home/airflow/.local/lib/python3.8/site-packages/airflow/example_dags/example_setup_teardown_taskflow.py
[2023-11-26T00:18:49.998+0000] {logging_mixin.py:154} INFO - [2023-11-26T00:18:49.997+0000] {dag.py:2941} INFO - Sync 1 DAGs
[2023-11-26T00:18:50.046+0000] {logging_mixin.py:154} INFO - [2023-11-26T00:18:50.046+0000] {dag.py:3722} INFO - Setting next_dagrun for example_setup_teardown_taskflow to 2023-11-25T00:18:50.045756+00:00, run_after=2023-11-26T00:18:50.045756+00:00
[2023-11-26T00:18:50.112+0000] {processor.py:179} INFO - Processing /home/airflow/.local/lib/python3.8/site-packages/airflow/example_dags/example_setup_teardown_taskflow.py took 0.217 seconds
[2023-11-26T00:19:21.064+0000] {processor.py:157} INFO - Started process (PID=201) to work on /home/airflow/.local/lib/python3.8/site-packages/airflow/example_dags/example_setup_teardown_taskflow.py
[2023-11-26T00:19:21.069+0000] {processor.py:829} INFO - Processing file /home/airflow/.local/lib/python3.8/site-packages/airflow/example_dags/example_setup_teardown_taskflow.py for tasks to queue
[2023-11-26T00:19:21.078+0000] {logging_mixin.py:154} INFO - [2023-11-26T00:19:21.077+0000] {dagbag.py:536} INFO - Filling up the DagBag from /home/airflow/.local/lib/python3.8/site-packages/airflow/example_dags/example_setup_teardown_taskflow.py
[2023-11-26T00:19:21.107+0000] {processor.py:839} INFO - DAG(s) dict_keys(['example_setup_teardown_taskflow']) retrieved from /home/airflow/.local/lib/python3.8/site-packages/airflow/example_dags/example_setup_teardown_taskflow.py
[2023-11-26T00:19:21.141+0000] {logging_mixin.py:154} INFO - [2023-11-26T00:19:21.140+0000] {dag.py:2941} INFO - Sync 1 DAGs
[2023-11-26T00:19:21.206+0000] {logging_mixin.py:154} INFO - [2023-11-26T00:19:21.206+0000] {dag.py:3722} INFO - Setting next_dagrun for example_setup_teardown_taskflow to 2023-11-25T00:19:21.205915+00:00, run_after=2023-11-26T00:19:21.205915+00:00
[2023-11-26T00:19:21.275+0000] {processor.py:179} INFO - Processing /home/airflow/.local/lib/python3.8/site-packages/airflow/example_dags/example_setup_teardown_taskflow.py took 0.222 seconds
[2023-11-26T00:19:52.466+0000] {processor.py:157} INFO - Started process (PID=255) to work on /home/airflow/.local/lib/python3.8/site-packages/airflow/example_dags/example_setup_teardown_taskflow.py
[2023-11-26T00:19:52.471+0000] {processor.py:829} INFO - Processing file /home/airflow/.local/lib/python3.8/site-packages/airflow/example_dags/example_setup_teardown_taskflow.py for tasks to queue
[2023-11-26T00:19:52.485+0000] {logging_mixin.py:154} INFO - [2023-11-26T00:19:52.484+0000] {dagbag.py:536} INFO - Filling up the DagBag from /home/airflow/.local/lib/python3.8/site-packages/airflow/example_dags/example_setup_teardown_taskflow.py
[2023-11-26T00:19:52.553+0000] {processor.py:839} INFO - DAG(s) dict_keys(['example_setup_teardown_taskflow']) retrieved from /home/airflow/.local/lib/python3.8/site-packages/airflow/example_dags/example_setup_teardown_taskflow.py
[2023-11-26T00:19:52.711+0000] {logging_mixin.py:154} INFO - [2023-11-26T00:19:52.710+0000] {dag.py:2941} INFO - Sync 1 DAGs
[2023-11-26T00:19:52.881+0000] {logging_mixin.py:154} INFO - [2023-11-26T00:19:52.880+0000] {dag.py:3722} INFO - Setting next_dagrun for example_setup_teardown_taskflow to 2023-11-25T00:19:52.878754+00:00, run_after=2023-11-26T00:19:52.878754+00:00
[2023-11-26T00:19:53.009+0000] {processor.py:179} INFO - Processing /home/airflow/.local/lib/python3.8/site-packages/airflow/example_dags/example_setup_teardown_taskflow.py took 0.568 seconds
[2023-11-26T00:20:24.099+0000] {processor.py:157} INFO - Started process (PID=309) to work on /home/airflow/.local/lib/python3.8/site-packages/airflow/example_dags/example_setup_teardown_taskflow.py
[2023-11-26T00:20:24.105+0000] {processor.py:829} INFO - Processing file /home/airflow/.local/lib/python3.8/site-packages/airflow/example_dags/example_setup_teardown_taskflow.py for tasks to queue
[2023-11-26T00:20:24.118+0000] {logging_mixin.py:154} INFO - [2023-11-26T00:20:24.115+0000] {dagbag.py:536} INFO - Filling up the DagBag from /home/airflow/.local/lib/python3.8/site-packages/airflow/example_dags/example_setup_teardown_taskflow.py
[2023-11-26T00:20:24.188+0000] {processor.py:839} INFO - DAG(s) dict_keys(['example_setup_teardown_taskflow']) retrieved from /home/airflow/.local/lib/python3.8/site-packages/airflow/example_dags/example_setup_teardown_taskflow.py
[2023-11-26T00:20:24.391+0000] {logging_mixin.py:154} INFO - [2023-11-26T00:20:24.390+0000] {dag.py:2941} INFO - Sync 1 DAGs
[2023-11-26T00:20:24.552+0000] {logging_mixin.py:154} INFO - [2023-11-26T00:20:24.551+0000] {dag.py:3722} INFO - Setting next_dagrun for example_setup_teardown_taskflow to 2023-11-25T00:20:24.549932+00:00, run_after=2023-11-26T00:20:24.549932+00:00
[2023-11-26T00:20:24.688+0000] {processor.py:179} INFO - Processing /home/airflow/.local/lib/python3.8/site-packages/airflow/example_dags/example_setup_teardown_taskflow.py took 0.603 seconds
[2023-11-26T00:20:54.938+0000] {processor.py:157} INFO - Started process (PID=363) to work on /home/airflow/.local/lib/python3.8/site-packages/airflow/example_dags/example_setup_teardown_taskflow.py
[2023-11-26T00:20:54.944+0000] {processor.py:829} INFO - Processing file /home/airflow/.local/lib/python3.8/site-packages/airflow/example_dags/example_setup_teardown_taskflow.py for tasks to queue
[2023-11-26T00:20:54.952+0000] {logging_mixin.py:154} INFO - [2023-11-26T00:20:54.952+0000] {dagbag.py:536} INFO - Filling up the DagBag from /home/airflow/.local/lib/python3.8/site-packages/airflow/example_dags/example_setup_teardown_taskflow.py
[2023-11-26T00:20:54.970+0000] {processor.py:839} INFO - DAG(s) dict_keys(['example_setup_teardown_taskflow']) retrieved from /home/airflow/.local/lib/python3.8/site-packages/airflow/example_dags/example_setup_teardown_taskflow.py
[2023-11-26T00:20:55.027+0000] {logging_mixin.py:154} INFO - [2023-11-26T00:20:55.027+0000] {dag.py:2941} INFO - Sync 1 DAGs
[2023-11-26T00:20:55.103+0000] {logging_mixin.py:154} INFO - [2023-11-26T00:20:55.100+0000] {dag.py:3722} INFO - Setting next_dagrun for example_setup_teardown_taskflow to 2023-11-25T00:20:55.096456+00:00, run_after=2023-11-26T00:20:55.096456+00:00
[2023-11-26T00:20:55.164+0000] {processor.py:179} INFO - Processing /home/airflow/.local/lib/python3.8/site-packages/airflow/example_dags/example_setup_teardown_taskflow.py took 0.237 seconds
[2023-11-26T00:21:25.728+0000] {processor.py:157} INFO - Started process (PID=417) to work on /home/airflow/.local/lib/python3.8/site-packages/airflow/example_dags/example_setup_teardown_taskflow.py
[2023-11-26T00:21:25.734+0000] {processor.py:829} INFO - Processing file /home/airflow/.local/lib/python3.8/site-packages/airflow/example_dags/example_setup_teardown_taskflow.py for tasks to queue
[2023-11-26T00:21:25.744+0000] {logging_mixin.py:154} INFO - [2023-11-26T00:21:25.741+0000] {dagbag.py:536} INFO - Filling up the DagBag from /home/airflow/.local/lib/python3.8/site-packages/airflow/example_dags/example_setup_teardown_taskflow.py
[2023-11-26T00:21:25.809+0000] {processor.py:839} INFO - DAG(s) dict_keys(['example_setup_teardown_taskflow']) retrieved from /home/airflow/.local/lib/python3.8/site-packages/airflow/example_dags/example_setup_teardown_taskflow.py
[2023-11-26T00:21:25.909+0000] {logging_mixin.py:154} INFO - [2023-11-26T00:21:25.908+0000] {dag.py:2941} INFO - Sync 1 DAGs
[2023-11-26T00:21:26.015+0000] {logging_mixin.py:154} INFO - [2023-11-26T00:21:26.014+0000] {dag.py:3722} INFO - Setting next_dagrun for example_setup_teardown_taskflow to 2023-11-25T00:21:26.014085+00:00, run_after=2023-11-26T00:21:26.014085+00:00
[2023-11-26T00:21:26.152+0000] {processor.py:179} INFO - Processing /home/airflow/.local/lib/python3.8/site-packages/airflow/example_dags/example_setup_teardown_taskflow.py took 0.432 seconds
[2023-11-26T00:22:03.642+0000] {processor.py:157} INFO - Started process (PID=471) to work on /home/airflow/.local/lib/python3.8/site-packages/airflow/example_dags/example_setup_teardown_taskflow.py
[2023-11-26T00:22:03.680+0000] {processor.py:829} INFO - Processing file /home/airflow/.local/lib/python3.8/site-packages/airflow/example_dags/example_setup_teardown_taskflow.py for tasks to queue
[2023-11-26T00:22:03.728+0000] {logging_mixin.py:154} INFO - [2023-11-26T00:22:03.716+0000] {dagbag.py:536} INFO - Filling up the DagBag from /home/airflow/.local/lib/python3.8/site-packages/airflow/example_dags/example_setup_teardown_taskflow.py
[2023-11-26T00:22:03.984+0000] {processor.py:839} INFO - DAG(s) dict_keys(['example_setup_teardown_taskflow']) retrieved from /home/airflow/.local/lib/python3.8/site-packages/airflow/example_dags/example_setup_teardown_taskflow.py
[2023-11-26T00:22:04.277+0000] {logging_mixin.py:154} INFO - [2023-11-26T00:22:04.276+0000] {dag.py:2941} INFO - Sync 1 DAGs
[2023-11-26T00:22:04.719+0000] {logging_mixin.py:154} INFO - [2023-11-26T00:22:04.718+0000] {dag.py:3722} INFO - Setting next_dagrun for example_setup_teardown_taskflow to 2023-11-25T00:22:04.716761+00:00, run_after=2023-11-26T00:22:04.716761+00:00
[2023-11-26T00:22:04.975+0000] {processor.py:179} INFO - Processing /home/airflow/.local/lib/python3.8/site-packages/airflow/example_dags/example_setup_teardown_taskflow.py took 1.366 seconds
[2023-11-26T00:22:35.350+0000] {processor.py:157} INFO - Started process (PID=525) to work on /home/airflow/.local/lib/python3.8/site-packages/airflow/example_dags/example_setup_teardown_taskflow.py
[2023-11-26T00:22:35.369+0000] {processor.py:829} INFO - Processing file /home/airflow/.local/lib/python3.8/site-packages/airflow/example_dags/example_setup_teardown_taskflow.py for tasks to queue
[2023-11-26T00:22:35.395+0000] {logging_mixin.py:154} INFO - [2023-11-26T00:22:35.385+0000] {dagbag.py:536} INFO - Filling up the DagBag from /home/airflow/.local/lib/python3.8/site-packages/airflow/example_dags/example_setup_teardown_taskflow.py
[2023-11-26T00:22:35.484+0000] {processor.py:839} INFO - DAG(s) dict_keys(['example_setup_teardown_taskflow']) retrieved from /home/airflow/.local/lib/python3.8/site-packages/airflow/example_dags/example_setup_teardown_taskflow.py
[2023-11-26T00:22:35.644+0000] {logging_mixin.py:154} INFO - [2023-11-26T00:22:35.639+0000] {dag.py:2941} INFO - Sync 1 DAGs
[2023-11-26T00:22:35.804+0000] {logging_mixin.py:154} INFO - [2023-11-26T00:22:35.802+0000] {dag.py:3722} INFO - Setting next_dagrun for example_setup_teardown_taskflow to 2023-11-25T00:22:35.801740+00:00, run_after=2023-11-26T00:22:35.801740+00:00
[2023-11-26T00:22:35.976+0000] {processor.py:179} INFO - Processing /home/airflow/.local/lib/python3.8/site-packages/airflow/example_dags/example_setup_teardown_taskflow.py took 0.648 seconds
[2023-11-26T00:23:06.565+0000] {processor.py:157} INFO - Started process (PID=579) to work on /home/airflow/.local/lib/python3.8/site-packages/airflow/example_dags/example_setup_teardown_taskflow.py
[2023-11-26T00:23:06.567+0000] {processor.py:829} INFO - Processing file /home/airflow/.local/lib/python3.8/site-packages/airflow/example_dags/example_setup_teardown_taskflow.py for tasks to queue
[2023-11-26T00:23:06.571+0000] {logging_mixin.py:154} INFO - [2023-11-26T00:23:06.571+0000] {dagbag.py:536} INFO - Filling up the DagBag from /home/airflow/.local/lib/python3.8/site-packages/airflow/example_dags/example_setup_teardown_taskflow.py
[2023-11-26T00:23:06.588+0000] {processor.py:839} INFO - DAG(s) dict_keys(['example_setup_teardown_taskflow']) retrieved from /home/airflow/.local/lib/python3.8/site-packages/airflow/example_dags/example_setup_teardown_taskflow.py
[2023-11-26T00:23:06.646+0000] {logging_mixin.py:154} INFO - [2023-11-26T00:23:06.645+0000] {dag.py:2941} INFO - Sync 1 DAGs
[2023-11-26T00:23:06.694+0000] {logging_mixin.py:154} INFO - [2023-11-26T00:23:06.694+0000] {dag.py:3722} INFO - Setting next_dagrun for example_setup_teardown_taskflow to 2023-11-25T00:23:06.694101+00:00, run_after=2023-11-26T00:23:06.694101+00:00
[2023-11-26T00:23:06.739+0000] {processor.py:179} INFO - Processing /home/airflow/.local/lib/python3.8/site-packages/airflow/example_dags/example_setup_teardown_taskflow.py took 0.180 seconds
[2023-11-26T00:23:37.496+0000] {processor.py:157} INFO - Started process (PID=633) to work on /home/airflow/.local/lib/python3.8/site-packages/airflow/example_dags/example_setup_teardown_taskflow.py
[2023-11-26T00:23:37.499+0000] {processor.py:829} INFO - Processing file /home/airflow/.local/lib/python3.8/site-packages/airflow/example_dags/example_setup_teardown_taskflow.py for tasks to queue
[2023-11-26T00:23:37.506+0000] {logging_mixin.py:154} INFO - [2023-11-26T00:23:37.505+0000] {dagbag.py:536} INFO - Filling up the DagBag from /home/airflow/.local/lib/python3.8/site-packages/airflow/example_dags/example_setup_teardown_taskflow.py
[2023-11-26T00:23:37.539+0000] {processor.py:839} INFO - DAG(s) dict_keys(['example_setup_teardown_taskflow']) retrieved from /home/airflow/.local/lib/python3.8/site-packages/airflow/example_dags/example_setup_teardown_taskflow.py
[2023-11-26T00:23:37.579+0000] {logging_mixin.py:154} INFO - [2023-11-26T00:23:37.578+0000] {dag.py:2941} INFO - Sync 1 DAGs
[2023-11-26T00:23:37.630+0000] {logging_mixin.py:154} INFO - [2023-11-26T00:23:37.630+0000] {dag.py:3722} INFO - Setting next_dagrun for example_setup_teardown_taskflow to 2023-11-25T00:23:37.630032+00:00, run_after=2023-11-26T00:23:37.630032+00:00
[2023-11-26T00:23:37.693+0000] {processor.py:179} INFO - Processing /home/airflow/.local/lib/python3.8/site-packages/airflow/example_dags/example_setup_teardown_taskflow.py took 0.206 seconds
[2023-11-26T00:24:08.589+0000] {processor.py:157} INFO - Started process (PID=687) to work on /home/airflow/.local/lib/python3.8/site-packages/airflow/example_dags/example_setup_teardown_taskflow.py
[2023-11-26T00:24:08.598+0000] {processor.py:829} INFO - Processing file /home/airflow/.local/lib/python3.8/site-packages/airflow/example_dags/example_setup_teardown_taskflow.py for tasks to queue
[2023-11-26T00:24:08.618+0000] {logging_mixin.py:154} INFO - [2023-11-26T00:24:08.616+0000] {dagbag.py:536} INFO - Filling up the DagBag from /home/airflow/.local/lib/python3.8/site-packages/airflow/example_dags/example_setup_teardown_taskflow.py
[2023-11-26T00:24:08.649+0000] {processor.py:839} INFO - DAG(s) dict_keys(['example_setup_teardown_taskflow']) retrieved from /home/airflow/.local/lib/python3.8/site-packages/airflow/example_dags/example_setup_teardown_taskflow.py
[2023-11-26T00:24:08.766+0000] {logging_mixin.py:154} INFO - [2023-11-26T00:24:08.766+0000] {dag.py:2941} INFO - Sync 1 DAGs
[2023-11-26T00:24:08.813+0000] {logging_mixin.py:154} INFO - [2023-11-26T00:24:08.812+0000] {dag.py:3722} INFO - Setting next_dagrun for example_setup_teardown_taskflow to 2023-11-25T00:24:08.812304+00:00, run_after=2023-11-26T00:24:08.812304+00:00
[2023-11-26T00:24:08.888+0000] {processor.py:179} INFO - Processing /home/airflow/.local/lib/python3.8/site-packages/airflow/example_dags/example_setup_teardown_taskflow.py took 0.322 seconds
[2023-11-26T00:24:39.029+0000] {processor.py:157} INFO - Started process (PID=741) to work on /home/airflow/.local/lib/python3.8/site-packages/airflow/example_dags/example_setup_teardown_taskflow.py
[2023-11-26T00:24:39.031+0000] {processor.py:829} INFO - Processing file /home/airflow/.local/lib/python3.8/site-packages/airflow/example_dags/example_setup_teardown_taskflow.py for tasks to queue
[2023-11-26T00:24:39.035+0000] {logging_mixin.py:154} INFO - [2023-11-26T00:24:39.035+0000] {dagbag.py:536} INFO - Filling up the DagBag from /home/airflow/.local/lib/python3.8/site-packages/airflow/example_dags/example_setup_teardown_taskflow.py
[2023-11-26T00:24:39.053+0000] {processor.py:839} INFO - DAG(s) dict_keys(['example_setup_teardown_taskflow']) retrieved from /home/airflow/.local/lib/python3.8/site-packages/airflow/example_dags/example_setup_teardown_taskflow.py
[2023-11-26T00:24:39.104+0000] {logging_mixin.py:154} INFO - [2023-11-26T00:24:39.103+0000] {dag.py:2941} INFO - Sync 1 DAGs
[2023-11-26T00:24:39.150+0000] {logging_mixin.py:154} INFO - [2023-11-26T00:24:39.150+0000] {dag.py:3722} INFO - Setting next_dagrun for example_setup_teardown_taskflow to 2023-11-25T00:24:39.149964+00:00, run_after=2023-11-26T00:24:39.149964+00:00
[2023-11-26T00:24:39.201+0000] {processor.py:179} INFO - Processing /home/airflow/.local/lib/python3.8/site-packages/airflow/example_dags/example_setup_teardown_taskflow.py took 0.179 seconds
[2023-11-26T00:25:09.809+0000] {processor.py:157} INFO - Started process (PID=795) to work on /home/airflow/.local/lib/python3.8/site-packages/airflow/example_dags/example_setup_teardown_taskflow.py
[2023-11-26T00:25:09.811+0000] {processor.py:829} INFO - Processing file /home/airflow/.local/lib/python3.8/site-packages/airflow/example_dags/example_setup_teardown_taskflow.py for tasks to queue
[2023-11-26T00:25:09.817+0000] {logging_mixin.py:154} INFO - [2023-11-26T00:25:09.816+0000] {dagbag.py:536} INFO - Filling up the DagBag from /home/airflow/.local/lib/python3.8/site-packages/airflow/example_dags/example_setup_teardown_taskflow.py
[2023-11-26T00:25:09.831+0000] {processor.py:839} INFO - DAG(s) dict_keys(['example_setup_teardown_taskflow']) retrieved from /home/airflow/.local/lib/python3.8/site-packages/airflow/example_dags/example_setup_teardown_taskflow.py
[2023-11-26T00:25:09.856+0000] {logging_mixin.py:154} INFO - [2023-11-26T00:25:09.855+0000] {dag.py:2941} INFO - Sync 1 DAGs
[2023-11-26T00:25:09.897+0000] {logging_mixin.py:154} INFO - [2023-11-26T00:25:09.897+0000] {dag.py:3722} INFO - Setting next_dagrun for example_setup_teardown_taskflow to 2023-11-25T00:25:09.896516+00:00, run_after=2023-11-26T00:25:09.896516+00:00
[2023-11-26T00:25:09.944+0000] {processor.py:179} INFO - Processing /home/airflow/.local/lib/python3.8/site-packages/airflow/example_dags/example_setup_teardown_taskflow.py took 0.142 seconds
[2023-11-26T00:25:40.749+0000] {processor.py:157} INFO - Started process (PID=850) to work on /home/airflow/.local/lib/python3.8/site-packages/airflow/example_dags/example_setup_teardown_taskflow.py
[2023-11-26T00:25:40.751+0000] {processor.py:829} INFO - Processing file /home/airflow/.local/lib/python3.8/site-packages/airflow/example_dags/example_setup_teardown_taskflow.py for tasks to queue
[2023-11-26T00:25:40.755+0000] {logging_mixin.py:154} INFO - [2023-11-26T00:25:40.754+0000] {dagbag.py:536} INFO - Filling up the DagBag from /home/airflow/.local/lib/python3.8/site-packages/airflow/example_dags/example_setup_teardown_taskflow.py
[2023-11-26T00:25:40.777+0000] {processor.py:839} INFO - DAG(s) dict_keys(['example_setup_teardown_taskflow']) retrieved from /home/airflow/.local/lib/python3.8/site-packages/airflow/example_dags/example_setup_teardown_taskflow.py
[2023-11-26T00:25:40.825+0000] {logging_mixin.py:154} INFO - [2023-11-26T00:25:40.824+0000] {dag.py:2941} INFO - Sync 1 DAGs
[2023-11-26T00:25:40.873+0000] {logging_mixin.py:154} INFO - [2023-11-26T00:25:40.872+0000] {dag.py:3722} INFO - Setting next_dagrun for example_setup_teardown_taskflow to 2023-11-25T00:25:40.870844+00:00, run_after=2023-11-26T00:25:40.870844+00:00
[2023-11-26T00:25:40.921+0000] {processor.py:179} INFO - Processing /home/airflow/.local/lib/python3.8/site-packages/airflow/example_dags/example_setup_teardown_taskflow.py took 0.177 seconds
[2023-11-26T00:26:11.270+0000] {processor.py:157} INFO - Started process (PID=904) to work on /home/airflow/.local/lib/python3.8/site-packages/airflow/example_dags/example_setup_teardown_taskflow.py
[2023-11-26T00:26:11.273+0000] {processor.py:829} INFO - Processing file /home/airflow/.local/lib/python3.8/site-packages/airflow/example_dags/example_setup_teardown_taskflow.py for tasks to queue
[2023-11-26T00:26:11.279+0000] {logging_mixin.py:154} INFO - [2023-11-26T00:26:11.278+0000] {dagbag.py:536} INFO - Filling up the DagBag from /home/airflow/.local/lib/python3.8/site-packages/airflow/example_dags/example_setup_teardown_taskflow.py
[2023-11-26T00:26:11.303+0000] {processor.py:839} INFO - DAG(s) dict_keys(['example_setup_teardown_taskflow']) retrieved from /home/airflow/.local/lib/python3.8/site-packages/airflow/example_dags/example_setup_teardown_taskflow.py
[2023-11-26T00:26:11.353+0000] {logging_mixin.py:154} INFO - [2023-11-26T00:26:11.352+0000] {dag.py:2941} INFO - Sync 1 DAGs
[2023-11-26T00:26:11.403+0000] {logging_mixin.py:154} INFO - [2023-11-26T00:26:11.402+0000] {dag.py:3722} INFO - Setting next_dagrun for example_setup_teardown_taskflow to 2023-11-25T00:26:11.402183+00:00, run_after=2023-11-26T00:26:11.402183+00:00
[2023-11-26T00:26:11.449+0000] {processor.py:179} INFO - Processing /home/airflow/.local/lib/python3.8/site-packages/airflow/example_dags/example_setup_teardown_taskflow.py took 0.185 seconds
[2023-11-26T00:26:42.113+0000] {processor.py:157} INFO - Started process (PID=958) to work on /home/airflow/.local/lib/python3.8/site-packages/airflow/example_dags/example_setup_teardown_taskflow.py
[2023-11-26T00:26:42.115+0000] {processor.py:829} INFO - Processing file /home/airflow/.local/lib/python3.8/site-packages/airflow/example_dags/example_setup_teardown_taskflow.py for tasks to queue
[2023-11-26T00:26:42.121+0000] {logging_mixin.py:154} INFO - [2023-11-26T00:26:42.121+0000] {dagbag.py:536} INFO - Filling up the DagBag from /home/airflow/.local/lib/python3.8/site-packages/airflow/example_dags/example_setup_teardown_taskflow.py
[2023-11-26T00:26:42.141+0000] {processor.py:839} INFO - DAG(s) dict_keys(['example_setup_teardown_taskflow']) retrieved from /home/airflow/.local/lib/python3.8/site-packages/airflow/example_dags/example_setup_teardown_taskflow.py
[2023-11-26T00:26:42.179+0000] {logging_mixin.py:154} INFO - [2023-11-26T00:26:42.179+0000] {dag.py:2941} INFO - Sync 1 DAGs
[2023-11-26T00:26:42.215+0000] {logging_mixin.py:154} INFO - [2023-11-26T00:26:42.215+0000] {dag.py:3722} INFO - Setting next_dagrun for example_setup_teardown_taskflow to 2023-11-25T00:26:42.214623+00:00, run_after=2023-11-26T00:26:42.214623+00:00
[2023-11-26T00:26:42.252+0000] {processor.py:179} INFO - Processing /home/airflow/.local/lib/python3.8/site-packages/airflow/example_dags/example_setup_teardown_taskflow.py took 0.147 seconds
[2023-11-26T00:27:13.040+0000] {processor.py:157} INFO - Started process (PID=1012) to work on /home/airflow/.local/lib/python3.8/site-packages/airflow/example_dags/example_setup_teardown_taskflow.py
[2023-11-26T00:27:13.042+0000] {processor.py:829} INFO - Processing file /home/airflow/.local/lib/python3.8/site-packages/airflow/example_dags/example_setup_teardown_taskflow.py for tasks to queue
[2023-11-26T00:27:13.046+0000] {logging_mixin.py:154} INFO - [2023-11-26T00:27:13.046+0000] {dagbag.py:536} INFO - Filling up the DagBag from /home/airflow/.local/lib/python3.8/site-packages/airflow/example_dags/example_setup_teardown_taskflow.py
[2023-11-26T00:27:13.079+0000] {processor.py:839} INFO - DAG(s) dict_keys(['example_setup_teardown_taskflow']) retrieved from /home/airflow/.local/lib/python3.8/site-packages/airflow/example_dags/example_setup_teardown_taskflow.py
[2023-11-26T00:27:13.130+0000] {logging_mixin.py:154} INFO - [2023-11-26T00:27:13.130+0000] {dag.py:2941} INFO - Sync 1 DAGs
[2023-11-26T00:27:13.169+0000] {logging_mixin.py:154} INFO - [2023-11-26T00:27:13.169+0000] {dag.py:3722} INFO - Setting next_dagrun for example_setup_teardown_taskflow to 2023-11-25T00:27:13.168970+00:00, run_after=2023-11-26T00:27:13.168970+00:00
[2023-11-26T00:27:13.216+0000] {processor.py:179} INFO - Processing /home/airflow/.local/lib/python3.8/site-packages/airflow/example_dags/example_setup_teardown_taskflow.py took 0.181 seconds
[2023-11-26T00:27:43.746+0000] {processor.py:157} INFO - Started process (PID=1066) to work on /home/airflow/.local/lib/python3.8/site-packages/airflow/example_dags/example_setup_teardown_taskflow.py
[2023-11-26T00:27:43.750+0000] {processor.py:829} INFO - Processing file /home/airflow/.local/lib/python3.8/site-packages/airflow/example_dags/example_setup_teardown_taskflow.py for tasks to queue
[2023-11-26T00:27:43.757+0000] {logging_mixin.py:154} INFO - [2023-11-26T00:27:43.756+0000] {dagbag.py:536} INFO - Filling up the DagBag from /home/airflow/.local/lib/python3.8/site-packages/airflow/example_dags/example_setup_teardown_taskflow.py
[2023-11-26T00:27:43.774+0000] {processor.py:839} INFO - DAG(s) dict_keys(['example_setup_teardown_taskflow']) retrieved from /home/airflow/.local/lib/python3.8/site-packages/airflow/example_dags/example_setup_teardown_taskflow.py
[2023-11-26T00:27:43.813+0000] {logging_mixin.py:154} INFO - [2023-11-26T00:27:43.812+0000] {dag.py:2941} INFO - Sync 1 DAGs
[2023-11-26T00:27:43.848+0000] {logging_mixin.py:154} INFO - [2023-11-26T00:27:43.848+0000] {dag.py:3722} INFO - Setting next_dagrun for example_setup_teardown_taskflow to 2023-11-25T00:27:43.847586+00:00, run_after=2023-11-26T00:27:43.847586+00:00
[2023-11-26T00:27:43.881+0000] {processor.py:179} INFO - Processing /home/airflow/.local/lib/python3.8/site-packages/airflow/example_dags/example_setup_teardown_taskflow.py took 0.143 seconds
[2023-11-26T00:28:14.449+0000] {processor.py:157} INFO - Started process (PID=1120) to work on /home/airflow/.local/lib/python3.8/site-packages/airflow/example_dags/example_setup_teardown_taskflow.py
[2023-11-26T00:28:14.452+0000] {processor.py:829} INFO - Processing file /home/airflow/.local/lib/python3.8/site-packages/airflow/example_dags/example_setup_teardown_taskflow.py for tasks to queue
[2023-11-26T00:28:14.457+0000] {logging_mixin.py:154} INFO - [2023-11-26T00:28:14.456+0000] {dagbag.py:536} INFO - Filling up the DagBag from /home/airflow/.local/lib/python3.8/site-packages/airflow/example_dags/example_setup_teardown_taskflow.py
[2023-11-26T00:28:14.474+0000] {processor.py:839} INFO - DAG(s) dict_keys(['example_setup_teardown_taskflow']) retrieved from /home/airflow/.local/lib/python3.8/site-packages/airflow/example_dags/example_setup_teardown_taskflow.py
[2023-11-26T00:28:14.510+0000] {logging_mixin.py:154} INFO - [2023-11-26T00:28:14.510+0000] {dag.py:2941} INFO - Sync 1 DAGs
[2023-11-26T00:28:14.546+0000] {logging_mixin.py:154} INFO - [2023-11-26T00:28:14.545+0000] {dag.py:3722} INFO - Setting next_dagrun for example_setup_teardown_taskflow to 2023-11-25T00:28:14.545088+00:00, run_after=2023-11-26T00:28:14.545088+00:00
[2023-11-26T00:28:14.574+0000] {processor.py:179} INFO - Processing /home/airflow/.local/lib/python3.8/site-packages/airflow/example_dags/example_setup_teardown_taskflow.py took 0.133 seconds
[2023-11-26T00:28:44.892+0000] {processor.py:157} INFO - Started process (PID=1173) to work on /home/airflow/.local/lib/python3.8/site-packages/airflow/example_dags/example_setup_teardown_taskflow.py
[2023-11-26T00:28:44.894+0000] {processor.py:829} INFO - Processing file /home/airflow/.local/lib/python3.8/site-packages/airflow/example_dags/example_setup_teardown_taskflow.py for tasks to queue
[2023-11-26T00:28:44.899+0000] {logging_mixin.py:154} INFO - [2023-11-26T00:28:44.898+0000] {dagbag.py:536} INFO - Filling up the DagBag from /home/airflow/.local/lib/python3.8/site-packages/airflow/example_dags/example_setup_teardown_taskflow.py
[2023-11-26T00:28:44.915+0000] {processor.py:839} INFO - DAG(s) dict_keys(['example_setup_teardown_taskflow']) retrieved from /home/airflow/.local/lib/python3.8/site-packages/airflow/example_dags/example_setup_teardown_taskflow.py
[2023-11-26T00:28:44.948+0000] {logging_mixin.py:154} INFO - [2023-11-26T00:28:44.948+0000] {dag.py:2941} INFO - Sync 1 DAGs
[2023-11-26T00:28:44.976+0000] {logging_mixin.py:154} INFO - [2023-11-26T00:28:44.976+0000] {dag.py:3722} INFO - Setting next_dagrun for example_setup_teardown_taskflow to 2023-11-25T00:28:44.975817+00:00, run_after=2023-11-26T00:28:44.975817+00:00
[2023-11-26T00:28:45.003+0000] {processor.py:179} INFO - Processing /home/airflow/.local/lib/python3.8/site-packages/airflow/example_dags/example_setup_teardown_taskflow.py took 0.120 seconds
[2023-11-26T00:29:15.125+0000] {processor.py:157} INFO - Started process (PID=1226) to work on /home/airflow/.local/lib/python3.8/site-packages/airflow/example_dags/example_setup_teardown_taskflow.py
[2023-11-26T00:29:15.130+0000] {processor.py:829} INFO - Processing file /home/airflow/.local/lib/python3.8/site-packages/airflow/example_dags/example_setup_teardown_taskflow.py for tasks to queue
[2023-11-26T00:29:15.137+0000] {logging_mixin.py:154} INFO - [2023-11-26T00:29:15.137+0000] {dagbag.py:536} INFO - Filling up the DagBag from /home/airflow/.local/lib/python3.8/site-packages/airflow/example_dags/example_setup_teardown_taskflow.py
[2023-11-26T00:29:15.156+0000] {processor.py:839} INFO - DAG(s) dict_keys(['example_setup_teardown_taskflow']) retrieved from /home/airflow/.local/lib/python3.8/site-packages/airflow/example_dags/example_setup_teardown_taskflow.py
[2023-11-26T00:29:15.201+0000] {logging_mixin.py:154} INFO - [2023-11-26T00:29:15.201+0000] {dag.py:2941} INFO - Sync 1 DAGs
[2023-11-26T00:29:15.256+0000] {logging_mixin.py:154} INFO - [2023-11-26T00:29:15.256+0000] {dag.py:3722} INFO - Setting next_dagrun for example_setup_teardown_taskflow to 2023-11-25T00:29:15.255806+00:00, run_after=2023-11-26T00:29:15.255806+00:00
[2023-11-26T00:29:15.318+0000] {processor.py:179} INFO - Processing /home/airflow/.local/lib/python3.8/site-packages/airflow/example_dags/example_setup_teardown_taskflow.py took 0.199 seconds
[2023-11-26T00:29:46.130+0000] {processor.py:157} INFO - Started process (PID=1281) to work on /home/airflow/.local/lib/python3.8/site-packages/airflow/example_dags/example_setup_teardown_taskflow.py
[2023-11-26T00:29:46.132+0000] {processor.py:829} INFO - Processing file /home/airflow/.local/lib/python3.8/site-packages/airflow/example_dags/example_setup_teardown_taskflow.py for tasks to queue
[2023-11-26T00:29:46.137+0000] {logging_mixin.py:154} INFO - [2023-11-26T00:29:46.137+0000] {dagbag.py:536} INFO - Filling up the DagBag from /home/airflow/.local/lib/python3.8/site-packages/airflow/example_dags/example_setup_teardown_taskflow.py
[2023-11-26T00:29:46.148+0000] {processor.py:839} INFO - DAG(s) dict_keys(['example_setup_teardown_taskflow']) retrieved from /home/airflow/.local/lib/python3.8/site-packages/airflow/example_dags/example_setup_teardown_taskflow.py
[2023-11-26T00:29:46.182+0000] {logging_mixin.py:154} INFO - [2023-11-26T00:29:46.182+0000] {dag.py:2941} INFO - Sync 1 DAGs
[2023-11-26T00:29:46.222+0000] {logging_mixin.py:154} INFO - [2023-11-26T00:29:46.222+0000] {dag.py:3722} INFO - Setting next_dagrun for example_setup_teardown_taskflow to 2023-11-25T00:29:46.222068+00:00, run_after=2023-11-26T00:29:46.222068+00:00
[2023-11-26T00:29:46.272+0000] {processor.py:179} INFO - Processing /home/airflow/.local/lib/python3.8/site-packages/airflow/example_dags/example_setup_teardown_taskflow.py took 0.146 seconds
[2023-11-26T00:30:16.673+0000] {processor.py:157} INFO - Started process (PID=1335) to work on /home/airflow/.local/lib/python3.8/site-packages/airflow/example_dags/example_setup_teardown_taskflow.py
[2023-11-26T00:30:16.675+0000] {processor.py:829} INFO - Processing file /home/airflow/.local/lib/python3.8/site-packages/airflow/example_dags/example_setup_teardown_taskflow.py for tasks to queue
[2023-11-26T00:30:16.678+0000] {logging_mixin.py:154} INFO - [2023-11-26T00:30:16.678+0000] {dagbag.py:536} INFO - Filling up the DagBag from /home/airflow/.local/lib/python3.8/site-packages/airflow/example_dags/example_setup_teardown_taskflow.py
[2023-11-26T00:30:16.691+0000] {processor.py:839} INFO - DAG(s) dict_keys(['example_setup_teardown_taskflow']) retrieved from /home/airflow/.local/lib/python3.8/site-packages/airflow/example_dags/example_setup_teardown_taskflow.py
[2023-11-26T00:30:16.720+0000] {logging_mixin.py:154} INFO - [2023-11-26T00:30:16.720+0000] {dag.py:2941} INFO - Sync 1 DAGs
[2023-11-26T00:30:16.749+0000] {logging_mixin.py:154} INFO - [2023-11-26T00:30:16.749+0000] {dag.py:3722} INFO - Setting next_dagrun for example_setup_teardown_taskflow to 2023-11-25T00:30:16.748833+00:00, run_after=2023-11-26T00:30:16.748833+00:00
[2023-11-26T00:30:16.785+0000] {processor.py:179} INFO - Processing /home/airflow/.local/lib/python3.8/site-packages/airflow/example_dags/example_setup_teardown_taskflow.py took 0.117 seconds
[2023-11-26T00:30:47.658+0000] {processor.py:157} INFO - Started process (PID=1389) to work on /home/airflow/.local/lib/python3.8/site-packages/airflow/example_dags/example_setup_teardown_taskflow.py
[2023-11-26T00:30:47.661+0000] {processor.py:829} INFO - Processing file /home/airflow/.local/lib/python3.8/site-packages/airflow/example_dags/example_setup_teardown_taskflow.py for tasks to queue
[2023-11-26T00:30:47.664+0000] {logging_mixin.py:154} INFO - [2023-11-26T00:30:47.664+0000] {dagbag.py:536} INFO - Filling up the DagBag from /home/airflow/.local/lib/python3.8/site-packages/airflow/example_dags/example_setup_teardown_taskflow.py
[2023-11-26T00:30:47.679+0000] {processor.py:839} INFO - DAG(s) dict_keys(['example_setup_teardown_taskflow']) retrieved from /home/airflow/.local/lib/python3.8/site-packages/airflow/example_dags/example_setup_teardown_taskflow.py
[2023-11-26T00:30:47.709+0000] {logging_mixin.py:154} INFO - [2023-11-26T00:30:47.709+0000] {dag.py:2941} INFO - Sync 1 DAGs
[2023-11-26T00:30:47.735+0000] {logging_mixin.py:154} INFO - [2023-11-26T00:30:47.734+0000] {dag.py:3722} INFO - Setting next_dagrun for example_setup_teardown_taskflow to 2023-11-25T00:30:47.734156+00:00, run_after=2023-11-26T00:30:47.734156+00:00
[2023-11-26T00:30:47.768+0000] {processor.py:179} INFO - Processing /home/airflow/.local/lib/python3.8/site-packages/airflow/example_dags/example_setup_teardown_taskflow.py took 0.116 seconds
[2023-11-26T00:31:17.851+0000] {processor.py:157} INFO - Started process (PID=1443) to work on /home/airflow/.local/lib/python3.8/site-packages/airflow/example_dags/example_setup_teardown_taskflow.py
[2023-11-26T00:31:17.852+0000] {processor.py:829} INFO - Processing file /home/airflow/.local/lib/python3.8/site-packages/airflow/example_dags/example_setup_teardown_taskflow.py for tasks to queue
[2023-11-26T00:31:17.855+0000] {logging_mixin.py:154} INFO - [2023-11-26T00:31:17.854+0000] {dagbag.py:536} INFO - Filling up the DagBag from /home/airflow/.local/lib/python3.8/site-packages/airflow/example_dags/example_setup_teardown_taskflow.py
[2023-11-26T00:31:17.866+0000] {processor.py:839} INFO - DAG(s) dict_keys(['example_setup_teardown_taskflow']) retrieved from /home/airflow/.local/lib/python3.8/site-packages/airflow/example_dags/example_setup_teardown_taskflow.py
[2023-11-26T00:31:17.887+0000] {logging_mixin.py:154} INFO - [2023-11-26T00:31:17.886+0000] {dag.py:2941} INFO - Sync 1 DAGs
[2023-11-26T00:31:17.906+0000] {logging_mixin.py:154} INFO - [2023-11-26T00:31:17.906+0000] {dag.py:3722} INFO - Setting next_dagrun for example_setup_teardown_taskflow to 2023-11-25T00:31:17.906144+00:00, run_after=2023-11-26T00:31:17.906144+00:00
[2023-11-26T00:31:17.927+0000] {processor.py:179} INFO - Processing /home/airflow/.local/lib/python3.8/site-packages/airflow/example_dags/example_setup_teardown_taskflow.py took 0.082 seconds
[2023-11-26T00:31:48.495+0000] {processor.py:157} INFO - Started process (PID=1497) to work on /home/airflow/.local/lib/python3.8/site-packages/airflow/example_dags/example_setup_teardown_taskflow.py
[2023-11-26T00:31:48.498+0000] {processor.py:829} INFO - Processing file /home/airflow/.local/lib/python3.8/site-packages/airflow/example_dags/example_setup_teardown_taskflow.py for tasks to queue
[2023-11-26T00:31:48.502+0000] {logging_mixin.py:154} INFO - [2023-11-26T00:31:48.501+0000] {dagbag.py:536} INFO - Filling up the DagBag from /home/airflow/.local/lib/python3.8/site-packages/airflow/example_dags/example_setup_teardown_taskflow.py
[2023-11-26T00:31:48.522+0000] {processor.py:839} INFO - DAG(s) dict_keys(['example_setup_teardown_taskflow']) retrieved from /home/airflow/.local/lib/python3.8/site-packages/airflow/example_dags/example_setup_teardown_taskflow.py
[2023-11-26T00:31:48.580+0000] {logging_mixin.py:154} INFO - [2023-11-26T00:31:48.580+0000] {dag.py:2941} INFO - Sync 1 DAGs
[2023-11-26T00:31:48.634+0000] {logging_mixin.py:154} INFO - [2023-11-26T00:31:48.633+0000] {dag.py:3722} INFO - Setting next_dagrun for example_setup_teardown_taskflow to 2023-11-25T00:31:48.633127+00:00, run_after=2023-11-26T00:31:48.633127+00:00
[2023-11-26T00:31:48.680+0000] {processor.py:179} INFO - Processing /home/airflow/.local/lib/python3.8/site-packages/airflow/example_dags/example_setup_teardown_taskflow.py took 0.189 seconds
[2023-11-26T00:32:18.897+0000] {processor.py:157} INFO - Started process (PID=1551) to work on /home/airflow/.local/lib/python3.8/site-packages/airflow/example_dags/example_setup_teardown_taskflow.py
[2023-11-26T00:32:18.899+0000] {processor.py:829} INFO - Processing file /home/airflow/.local/lib/python3.8/site-packages/airflow/example_dags/example_setup_teardown_taskflow.py for tasks to queue
[2023-11-26T00:32:18.902+0000] {logging_mixin.py:154} INFO - [2023-11-26T00:32:18.902+0000] {dagbag.py:536} INFO - Filling up the DagBag from /home/airflow/.local/lib/python3.8/site-packages/airflow/example_dags/example_setup_teardown_taskflow.py
[2023-11-26T00:32:18.918+0000] {processor.py:839} INFO - DAG(s) dict_keys(['example_setup_teardown_taskflow']) retrieved from /home/airflow/.local/lib/python3.8/site-packages/airflow/example_dags/example_setup_teardown_taskflow.py
[2023-11-26T00:32:18.950+0000] {logging_mixin.py:154} INFO - [2023-11-26T00:32:18.949+0000] {dag.py:2941} INFO - Sync 1 DAGs
[2023-11-26T00:32:18.981+0000] {logging_mixin.py:154} INFO - [2023-11-26T00:32:18.980+0000] {dag.py:3722} INFO - Setting next_dagrun for example_setup_teardown_taskflow to 2023-11-25T00:32:18.980626+00:00, run_after=2023-11-26T00:32:18.980626+00:00
[2023-11-26T00:32:19.023+0000] {processor.py:179} INFO - Processing /home/airflow/.local/lib/python3.8/site-packages/airflow/example_dags/example_setup_teardown_taskflow.py took 0.130 seconds
[2023-11-26T00:32:49.750+0000] {processor.py:157} INFO - Started process (PID=1605) to work on /home/airflow/.local/lib/python3.8/site-packages/airflow/example_dags/example_setup_teardown_taskflow.py
[2023-11-26T00:32:49.751+0000] {processor.py:829} INFO - Processing file /home/airflow/.local/lib/python3.8/site-packages/airflow/example_dags/example_setup_teardown_taskflow.py for tasks to queue
[2023-11-26T00:32:49.754+0000] {logging_mixin.py:154} INFO - [2023-11-26T00:32:49.754+0000] {dagbag.py:536} INFO - Filling up the DagBag from /home/airflow/.local/lib/python3.8/site-packages/airflow/example_dags/example_setup_teardown_taskflow.py
[2023-11-26T00:32:49.762+0000] {processor.py:839} INFO - DAG(s) dict_keys(['example_setup_teardown_taskflow']) retrieved from /home/airflow/.local/lib/python3.8/site-packages/airflow/example_dags/example_setup_teardown_taskflow.py
[2023-11-26T00:32:49.788+0000] {logging_mixin.py:154} INFO - [2023-11-26T00:32:49.788+0000] {dag.py:2941} INFO - Sync 1 DAGs
[2023-11-26T00:32:49.814+0000] {logging_mixin.py:154} INFO - [2023-11-26T00:32:49.814+0000] {dag.py:3722} INFO - Setting next_dagrun for example_setup_teardown_taskflow to 2023-11-25T00:32:49.813992+00:00, run_after=2023-11-26T00:32:49.813992+00:00
[2023-11-26T00:32:49.843+0000] {processor.py:179} INFO - Processing /home/airflow/.local/lib/python3.8/site-packages/airflow/example_dags/example_setup_teardown_taskflow.py took 0.097 seconds
[2023-11-26T00:33:20.686+0000] {processor.py:157} INFO - Started process (PID=1659) to work on /home/airflow/.local/lib/python3.8/site-packages/airflow/example_dags/example_setup_teardown_taskflow.py
[2023-11-26T00:33:20.689+0000] {processor.py:829} INFO - Processing file /home/airflow/.local/lib/python3.8/site-packages/airflow/example_dags/example_setup_teardown_taskflow.py for tasks to queue
[2023-11-26T00:33:20.694+0000] {logging_mixin.py:154} INFO - [2023-11-26T00:33:20.694+0000] {dagbag.py:536} INFO - Filling up the DagBag from /home/airflow/.local/lib/python3.8/site-packages/airflow/example_dags/example_setup_teardown_taskflow.py
[2023-11-26T00:33:20.708+0000] {processor.py:839} INFO - DAG(s) dict_keys(['example_setup_teardown_taskflow']) retrieved from /home/airflow/.local/lib/python3.8/site-packages/airflow/example_dags/example_setup_teardown_taskflow.py
[2023-11-26T00:33:20.749+0000] {logging_mixin.py:154} INFO - [2023-11-26T00:33:20.748+0000] {dag.py:2941} INFO - Sync 1 DAGs
[2023-11-26T00:33:20.786+0000] {logging_mixin.py:154} INFO - [2023-11-26T00:33:20.784+0000] {dag.py:3722} INFO - Setting next_dagrun for example_setup_teardown_taskflow to 2023-11-25T00:33:20.784069+00:00, run_after=2023-11-26T00:33:20.784069+00:00
[2023-11-26T00:33:20.827+0000] {processor.py:179} INFO - Processing /home/airflow/.local/lib/python3.8/site-packages/airflow/example_dags/example_setup_teardown_taskflow.py took 0.176 seconds
[2023-11-26T00:33:50.922+0000] {processor.py:157} INFO - Started process (PID=1712) to work on /home/airflow/.local/lib/python3.8/site-packages/airflow/example_dags/example_setup_teardown_taskflow.py
[2023-11-26T00:33:50.923+0000] {processor.py:829} INFO - Processing file /home/airflow/.local/lib/python3.8/site-packages/airflow/example_dags/example_setup_teardown_taskflow.py for tasks to queue
[2023-11-26T00:33:50.926+0000] {logging_mixin.py:154} INFO - [2023-11-26T00:33:50.925+0000] {dagbag.py:536} INFO - Filling up the DagBag from /home/airflow/.local/lib/python3.8/site-packages/airflow/example_dags/example_setup_teardown_taskflow.py
[2023-11-26T00:33:50.935+0000] {processor.py:839} INFO - DAG(s) dict_keys(['example_setup_teardown_taskflow']) retrieved from /home/airflow/.local/lib/python3.8/site-packages/airflow/example_dags/example_setup_teardown_taskflow.py
[2023-11-26T00:33:50.958+0000] {logging_mixin.py:154} INFO - [2023-11-26T00:33:50.958+0000] {dag.py:2941} INFO - Sync 1 DAGs
[2023-11-26T00:33:50.978+0000] {logging_mixin.py:154} INFO - [2023-11-26T00:33:50.978+0000] {dag.py:3722} INFO - Setting next_dagrun for example_setup_teardown_taskflow to 2023-11-25T00:33:50.978141+00:00, run_after=2023-11-26T00:33:50.978141+00:00
[2023-11-26T00:33:51.000+0000] {processor.py:179} INFO - Processing /home/airflow/.local/lib/python3.8/site-packages/airflow/example_dags/example_setup_teardown_taskflow.py took 0.081 seconds
[2023-11-26T00:34:21.349+0000] {processor.py:157} INFO - Started process (PID=1766) to work on /home/airflow/.local/lib/python3.8/site-packages/airflow/example_dags/example_setup_teardown_taskflow.py
[2023-11-26T00:34:21.350+0000] {processor.py:829} INFO - Processing file /home/airflow/.local/lib/python3.8/site-packages/airflow/example_dags/example_setup_teardown_taskflow.py for tasks to queue
[2023-11-26T00:34:21.352+0000] {logging_mixin.py:154} INFO - [2023-11-26T00:34:21.352+0000] {dagbag.py:536} INFO - Filling up the DagBag from /home/airflow/.local/lib/python3.8/site-packages/airflow/example_dags/example_setup_teardown_taskflow.py
[2023-11-26T00:34:21.360+0000] {processor.py:839} INFO - DAG(s) dict_keys(['example_setup_teardown_taskflow']) retrieved from /home/airflow/.local/lib/python3.8/site-packages/airflow/example_dags/example_setup_teardown_taskflow.py
[2023-11-26T00:34:21.380+0000] {logging_mixin.py:154} INFO - [2023-11-26T00:34:21.380+0000] {dag.py:2941} INFO - Sync 1 DAGs
[2023-11-26T00:34:21.400+0000] {logging_mixin.py:154} INFO - [2023-11-26T00:34:21.400+0000] {dag.py:3722} INFO - Setting next_dagrun for example_setup_teardown_taskflow to 2023-11-25T00:34:21.399954+00:00, run_after=2023-11-26T00:34:21.399954+00:00
[2023-11-26T00:34:21.428+0000] {processor.py:179} INFO - Processing /home/airflow/.local/lib/python3.8/site-packages/airflow/example_dags/example_setup_teardown_taskflow.py took 0.082 seconds
[2023-11-26T00:34:51.847+0000] {processor.py:157} INFO - Started process (PID=1820) to work on /home/airflow/.local/lib/python3.8/site-packages/airflow/example_dags/example_setup_teardown_taskflow.py
[2023-11-26T00:34:51.848+0000] {processor.py:829} INFO - Processing file /home/airflow/.local/lib/python3.8/site-packages/airflow/example_dags/example_setup_teardown_taskflow.py for tasks to queue
[2023-11-26T00:34:51.850+0000] {logging_mixin.py:154} INFO - [2023-11-26T00:34:51.850+0000] {dagbag.py:536} INFO - Filling up the DagBag from /home/airflow/.local/lib/python3.8/site-packages/airflow/example_dags/example_setup_teardown_taskflow.py
[2023-11-26T00:34:51.858+0000] {processor.py:839} INFO - DAG(s) dict_keys(['example_setup_teardown_taskflow']) retrieved from /home/airflow/.local/lib/python3.8/site-packages/airflow/example_dags/example_setup_teardown_taskflow.py
[2023-11-26T00:34:51.878+0000] {logging_mixin.py:154} INFO - [2023-11-26T00:34:51.878+0000] {dag.py:2941} INFO - Sync 1 DAGs
[2023-11-26T00:34:51.897+0000] {logging_mixin.py:154} INFO - [2023-11-26T00:34:51.897+0000] {dag.py:3722} INFO - Setting next_dagrun for example_setup_teardown_taskflow to 2023-11-25T00:34:51.897313+00:00, run_after=2023-11-26T00:34:51.897313+00:00
[2023-11-26T00:34:51.921+0000] {processor.py:179} INFO - Processing /home/airflow/.local/lib/python3.8/site-packages/airflow/example_dags/example_setup_teardown_taskflow.py took 0.077 seconds
[2023-11-26T00:35:22.177+0000] {processor.py:157} INFO - Started process (PID=1874) to work on /home/airflow/.local/lib/python3.8/site-packages/airflow/example_dags/example_setup_teardown_taskflow.py
[2023-11-26T00:35:22.179+0000] {processor.py:829} INFO - Processing file /home/airflow/.local/lib/python3.8/site-packages/airflow/example_dags/example_setup_teardown_taskflow.py for tasks to queue
[2023-11-26T00:35:22.181+0000] {logging_mixin.py:154} INFO - [2023-11-26T00:35:22.181+0000] {dagbag.py:536} INFO - Filling up the DagBag from /home/airflow/.local/lib/python3.8/site-packages/airflow/example_dags/example_setup_teardown_taskflow.py
[2023-11-26T00:35:22.189+0000] {processor.py:839} INFO - DAG(s) dict_keys(['example_setup_teardown_taskflow']) retrieved from /home/airflow/.local/lib/python3.8/site-packages/airflow/example_dags/example_setup_teardown_taskflow.py
[2023-11-26T00:35:22.209+0000] {logging_mixin.py:154} INFO - [2023-11-26T00:35:22.209+0000] {dag.py:2941} INFO - Sync 1 DAGs
[2023-11-26T00:35:22.227+0000] {logging_mixin.py:154} INFO - [2023-11-26T00:35:22.227+0000] {dag.py:3722} INFO - Setting next_dagrun for example_setup_teardown_taskflow to 2023-11-25T00:35:22.227498+00:00, run_after=2023-11-26T00:35:22.227498+00:00
[2023-11-26T00:35:22.250+0000] {processor.py:179} INFO - Processing /home/airflow/.local/lib/python3.8/site-packages/airflow/example_dags/example_setup_teardown_taskflow.py took 0.077 seconds
[2023-11-26T00:35:52.646+0000] {processor.py:157} INFO - Started process (PID=1928) to work on /home/airflow/.local/lib/python3.8/site-packages/airflow/example_dags/example_setup_teardown_taskflow.py
[2023-11-26T00:35:52.647+0000] {processor.py:829} INFO - Processing file /home/airflow/.local/lib/python3.8/site-packages/airflow/example_dags/example_setup_teardown_taskflow.py for tasks to queue
[2023-11-26T00:35:52.650+0000] {logging_mixin.py:154} INFO - [2023-11-26T00:35:52.650+0000] {dagbag.py:536} INFO - Filling up the DagBag from /home/airflow/.local/lib/python3.8/site-packages/airflow/example_dags/example_setup_teardown_taskflow.py
[2023-11-26T00:35:52.658+0000] {processor.py:839} INFO - DAG(s) dict_keys(['example_setup_teardown_taskflow']) retrieved from /home/airflow/.local/lib/python3.8/site-packages/airflow/example_dags/example_setup_teardown_taskflow.py
[2023-11-26T00:35:52.677+0000] {logging_mixin.py:154} INFO - [2023-11-26T00:35:52.676+0000] {dag.py:2941} INFO - Sync 1 DAGs
[2023-11-26T00:35:52.699+0000] {logging_mixin.py:154} INFO - [2023-11-26T00:35:52.699+0000] {dag.py:3722} INFO - Setting next_dagrun for example_setup_teardown_taskflow to 2023-11-25T00:35:52.699581+00:00, run_after=2023-11-26T00:35:52.699581+00:00
[2023-11-26T00:35:52.727+0000] {processor.py:179} INFO - Processing /home/airflow/.local/lib/python3.8/site-packages/airflow/example_dags/example_setup_teardown_taskflow.py took 0.085 seconds
[2023-11-26T00:36:23.132+0000] {processor.py:157} INFO - Started process (PID=1982) to work on /home/airflow/.local/lib/python3.8/site-packages/airflow/example_dags/example_setup_teardown_taskflow.py
[2023-11-26T00:36:23.133+0000] {processor.py:829} INFO - Processing file /home/airflow/.local/lib/python3.8/site-packages/airflow/example_dags/example_setup_teardown_taskflow.py for tasks to queue
[2023-11-26T00:36:23.136+0000] {logging_mixin.py:154} INFO - [2023-11-26T00:36:23.135+0000] {dagbag.py:536} INFO - Filling up the DagBag from /home/airflow/.local/lib/python3.8/site-packages/airflow/example_dags/example_setup_teardown_taskflow.py
[2023-11-26T00:36:23.144+0000] {processor.py:839} INFO - DAG(s) dict_keys(['example_setup_teardown_taskflow']) retrieved from /home/airflow/.local/lib/python3.8/site-packages/airflow/example_dags/example_setup_teardown_taskflow.py
[2023-11-26T00:36:23.162+0000] {logging_mixin.py:154} INFO - [2023-11-26T00:36:23.162+0000] {dag.py:2941} INFO - Sync 1 DAGs
[2023-11-26T00:36:23.181+0000] {logging_mixin.py:154} INFO - [2023-11-26T00:36:23.180+0000] {dag.py:3722} INFO - Setting next_dagrun for example_setup_teardown_taskflow to 2023-11-25T00:36:23.180722+00:00, run_after=2023-11-26T00:36:23.180722+00:00
[2023-11-26T00:36:23.205+0000] {processor.py:179} INFO - Processing /home/airflow/.local/lib/python3.8/site-packages/airflow/example_dags/example_setup_teardown_taskflow.py took 0.075 seconds
[2023-11-26T00:36:54.086+0000] {processor.py:157} INFO - Started process (PID=2036) to work on /home/airflow/.local/lib/python3.8/site-packages/airflow/example_dags/example_setup_teardown_taskflow.py
[2023-11-26T00:36:54.087+0000] {processor.py:829} INFO - Processing file /home/airflow/.local/lib/python3.8/site-packages/airflow/example_dags/example_setup_teardown_taskflow.py for tasks to queue
[2023-11-26T00:36:54.089+0000] {logging_mixin.py:154} INFO - [2023-11-26T00:36:54.089+0000] {dagbag.py:536} INFO - Filling up the DagBag from /home/airflow/.local/lib/python3.8/site-packages/airflow/example_dags/example_setup_teardown_taskflow.py
[2023-11-26T00:36:54.097+0000] {processor.py:839} INFO - DAG(s) dict_keys(['example_setup_teardown_taskflow']) retrieved from /home/airflow/.local/lib/python3.8/site-packages/airflow/example_dags/example_setup_teardown_taskflow.py
[2023-11-26T00:36:54.116+0000] {logging_mixin.py:154} INFO - [2023-11-26T00:36:54.116+0000] {dag.py:2941} INFO - Sync 1 DAGs
[2023-11-26T00:36:54.136+0000] {logging_mixin.py:154} INFO - [2023-11-26T00:36:54.136+0000] {dag.py:3722} INFO - Setting next_dagrun for example_setup_teardown_taskflow to 2023-11-25T00:36:54.136028+00:00, run_after=2023-11-26T00:36:54.136028+00:00
[2023-11-26T00:36:54.161+0000] {processor.py:179} INFO - Processing /home/airflow/.local/lib/python3.8/site-packages/airflow/example_dags/example_setup_teardown_taskflow.py took 0.078 seconds
[2023-11-26T00:37:24.845+0000] {processor.py:157} INFO - Started process (PID=2092) to work on /home/airflow/.local/lib/python3.8/site-packages/airflow/example_dags/example_setup_teardown_taskflow.py
[2023-11-26T00:37:24.846+0000] {processor.py:829} INFO - Processing file /home/airflow/.local/lib/python3.8/site-packages/airflow/example_dags/example_setup_teardown_taskflow.py for tasks to queue
[2023-11-26T00:37:24.849+0000] {logging_mixin.py:154} INFO - [2023-11-26T00:37:24.848+0000] {dagbag.py:536} INFO - Filling up the DagBag from /home/airflow/.local/lib/python3.8/site-packages/airflow/example_dags/example_setup_teardown_taskflow.py
[2023-11-26T00:37:24.856+0000] {processor.py:839} INFO - DAG(s) dict_keys(['example_setup_teardown_taskflow']) retrieved from /home/airflow/.local/lib/python3.8/site-packages/airflow/example_dags/example_setup_teardown_taskflow.py
[2023-11-26T00:37:24.877+0000] {logging_mixin.py:154} INFO - [2023-11-26T00:37:24.877+0000] {dag.py:2941} INFO - Sync 1 DAGs
[2023-11-26T00:37:24.896+0000] {logging_mixin.py:154} INFO - [2023-11-26T00:37:24.895+0000] {dag.py:3722} INFO - Setting next_dagrun for example_setup_teardown_taskflow to 2023-11-25T00:37:24.895698+00:00, run_after=2023-11-26T00:37:24.895698+00:00
[2023-11-26T00:37:24.918+0000] {processor.py:179} INFO - Processing /home/airflow/.local/lib/python3.8/site-packages/airflow/example_dags/example_setup_teardown_taskflow.py took 0.076 seconds
[2023-11-26T00:37:55.511+0000] {processor.py:157} INFO - Started process (PID=2146) to work on /home/airflow/.local/lib/python3.8/site-packages/airflow/example_dags/example_setup_teardown_taskflow.py
[2023-11-26T00:37:55.513+0000] {processor.py:829} INFO - Processing file /home/airflow/.local/lib/python3.8/site-packages/airflow/example_dags/example_setup_teardown_taskflow.py for tasks to queue
[2023-11-26T00:37:55.516+0000] {logging_mixin.py:154} INFO - [2023-11-26T00:37:55.516+0000] {dagbag.py:536} INFO - Filling up the DagBag from /home/airflow/.local/lib/python3.8/site-packages/airflow/example_dags/example_setup_teardown_taskflow.py
[2023-11-26T00:37:55.527+0000] {processor.py:839} INFO - DAG(s) dict_keys(['example_setup_teardown_taskflow']) retrieved from /home/airflow/.local/lib/python3.8/site-packages/airflow/example_dags/example_setup_teardown_taskflow.py
[2023-11-26T00:37:55.554+0000] {logging_mixin.py:154} INFO - [2023-11-26T00:37:55.554+0000] {dag.py:2941} INFO - Sync 1 DAGs
[2023-11-26T00:37:55.581+0000] {logging_mixin.py:154} INFO - [2023-11-26T00:37:55.581+0000] {dag.py:3722} INFO - Setting next_dagrun for example_setup_teardown_taskflow to 2023-11-25T00:37:55.580737+00:00, run_after=2023-11-26T00:37:55.580737+00:00
[2023-11-26T00:37:55.609+0000] {processor.py:179} INFO - Processing /home/airflow/.local/lib/python3.8/site-packages/airflow/example_dags/example_setup_teardown_taskflow.py took 0.102 seconds
[2023-11-26T00:38:25.961+0000] {processor.py:157} INFO - Started process (PID=2200) to work on /home/airflow/.local/lib/python3.8/site-packages/airflow/example_dags/example_setup_teardown_taskflow.py
[2023-11-26T00:38:25.962+0000] {processor.py:829} INFO - Processing file /home/airflow/.local/lib/python3.8/site-packages/airflow/example_dags/example_setup_teardown_taskflow.py for tasks to queue
[2023-11-26T00:38:25.966+0000] {logging_mixin.py:154} INFO - [2023-11-26T00:38:25.965+0000] {dagbag.py:536} INFO - Filling up the DagBag from /home/airflow/.local/lib/python3.8/site-packages/airflow/example_dags/example_setup_teardown_taskflow.py
[2023-11-26T00:38:25.976+0000] {processor.py:839} INFO - DAG(s) dict_keys(['example_setup_teardown_taskflow']) retrieved from /home/airflow/.local/lib/python3.8/site-packages/airflow/example_dags/example_setup_teardown_taskflow.py
[2023-11-26T00:38:26.002+0000] {logging_mixin.py:154} INFO - [2023-11-26T00:38:26.001+0000] {dag.py:2941} INFO - Sync 1 DAGs
[2023-11-26T00:38:26.028+0000] {logging_mixin.py:154} INFO - [2023-11-26T00:38:26.027+0000] {dag.py:3722} INFO - Setting next_dagrun for example_setup_teardown_taskflow to 2023-11-25T00:38:26.027684+00:00, run_after=2023-11-26T00:38:26.027684+00:00
[2023-11-26T00:38:26.056+0000] {processor.py:179} INFO - Processing /home/airflow/.local/lib/python3.8/site-packages/airflow/example_dags/example_setup_teardown_taskflow.py took 0.100 seconds
[2023-11-26T00:38:56.966+0000] {processor.py:157} INFO - Started process (PID=2254) to work on /home/airflow/.local/lib/python3.8/site-packages/airflow/example_dags/example_setup_teardown_taskflow.py
[2023-11-26T00:38:56.968+0000] {processor.py:829} INFO - Processing file /home/airflow/.local/lib/python3.8/site-packages/airflow/example_dags/example_setup_teardown_taskflow.py for tasks to queue
[2023-11-26T00:38:56.971+0000] {logging_mixin.py:154} INFO - [2023-11-26T00:38:56.971+0000] {dagbag.py:536} INFO - Filling up the DagBag from /home/airflow/.local/lib/python3.8/site-packages/airflow/example_dags/example_setup_teardown_taskflow.py
[2023-11-26T00:38:56.983+0000] {processor.py:839} INFO - DAG(s) dict_keys(['example_setup_teardown_taskflow']) retrieved from /home/airflow/.local/lib/python3.8/site-packages/airflow/example_dags/example_setup_teardown_taskflow.py
[2023-11-26T00:38:57.009+0000] {logging_mixin.py:154} INFO - [2023-11-26T00:38:57.009+0000] {dag.py:2941} INFO - Sync 1 DAGs
[2023-11-26T00:38:57.034+0000] {logging_mixin.py:154} INFO - [2023-11-26T00:38:57.034+0000] {dag.py:3722} INFO - Setting next_dagrun for example_setup_teardown_taskflow to 2023-11-25T00:38:57.034383+00:00, run_after=2023-11-26T00:38:57.034383+00:00
[2023-11-26T00:38:57.060+0000] {processor.py:179} INFO - Processing /home/airflow/.local/lib/python3.8/site-packages/airflow/example_dags/example_setup_teardown_taskflow.py took 0.101 seconds
[2023-11-26T00:39:27.298+0000] {processor.py:157} INFO - Started process (PID=2308) to work on /home/airflow/.local/lib/python3.8/site-packages/airflow/example_dags/example_setup_teardown_taskflow.py
[2023-11-26T00:39:27.300+0000] {processor.py:829} INFO - Processing file /home/airflow/.local/lib/python3.8/site-packages/airflow/example_dags/example_setup_teardown_taskflow.py for tasks to queue
[2023-11-26T00:39:27.304+0000] {logging_mixin.py:154} INFO - [2023-11-26T00:39:27.304+0000] {dagbag.py:536} INFO - Filling up the DagBag from /home/airflow/.local/lib/python3.8/site-packages/airflow/example_dags/example_setup_teardown_taskflow.py
[2023-11-26T00:39:27.324+0000] {processor.py:839} INFO - DAG(s) dict_keys(['example_setup_teardown_taskflow']) retrieved from /home/airflow/.local/lib/python3.8/site-packages/airflow/example_dags/example_setup_teardown_taskflow.py
[2023-11-26T00:39:27.390+0000] {logging_mixin.py:154} INFO - [2023-11-26T00:39:27.389+0000] {dag.py:2941} INFO - Sync 1 DAGs
[2023-11-26T00:39:27.475+0000] {logging_mixin.py:154} INFO - [2023-11-26T00:39:27.474+0000] {dag.py:3722} INFO - Setting next_dagrun for example_setup_teardown_taskflow to 2023-11-25T00:39:27.469610+00:00, run_after=2023-11-26T00:39:27.469610+00:00
[2023-11-26T00:39:27.561+0000] {processor.py:179} INFO - Processing /home/airflow/.local/lib/python3.8/site-packages/airflow/example_dags/example_setup_teardown_taskflow.py took 0.269 seconds
[2023-11-26T00:39:57.653+0000] {processor.py:157} INFO - Started process (PID=2369) to work on /home/airflow/.local/lib/python3.8/site-packages/airflow/example_dags/example_setup_teardown_taskflow.py
[2023-11-26T00:39:57.655+0000] {processor.py:829} INFO - Processing file /home/airflow/.local/lib/python3.8/site-packages/airflow/example_dags/example_setup_teardown_taskflow.py for tasks to queue
[2023-11-26T00:39:57.658+0000] {logging_mixin.py:154} INFO - [2023-11-26T00:39:57.658+0000] {dagbag.py:536} INFO - Filling up the DagBag from /home/airflow/.local/lib/python3.8/site-packages/airflow/example_dags/example_setup_teardown_taskflow.py
[2023-11-26T00:39:57.667+0000] {processor.py:839} INFO - DAG(s) dict_keys(['example_setup_teardown_taskflow']) retrieved from /home/airflow/.local/lib/python3.8/site-packages/airflow/example_dags/example_setup_teardown_taskflow.py
[2023-11-26T00:39:57.688+0000] {logging_mixin.py:154} INFO - [2023-11-26T00:39:57.687+0000] {dag.py:2941} INFO - Sync 1 DAGs
[2023-11-26T00:39:57.708+0000] {logging_mixin.py:154} INFO - [2023-11-26T00:39:57.708+0000] {dag.py:3722} INFO - Setting next_dagrun for example_setup_teardown_taskflow to 2023-11-25T00:39:57.708357+00:00, run_after=2023-11-26T00:39:57.708357+00:00
[2023-11-26T00:39:57.732+0000] {processor.py:179} INFO - Processing /home/airflow/.local/lib/python3.8/site-packages/airflow/example_dags/example_setup_teardown_taskflow.py took 0.083 seconds
[2023-11-26T00:40:28.728+0000] {processor.py:157} INFO - Started process (PID=2423) to work on /home/airflow/.local/lib/python3.8/site-packages/airflow/example_dags/example_setup_teardown_taskflow.py
[2023-11-26T00:40:28.729+0000] {processor.py:829} INFO - Processing file /home/airflow/.local/lib/python3.8/site-packages/airflow/example_dags/example_setup_teardown_taskflow.py for tasks to queue
[2023-11-26T00:40:28.732+0000] {logging_mixin.py:154} INFO - [2023-11-26T00:40:28.731+0000] {dagbag.py:536} INFO - Filling up the DagBag from /home/airflow/.local/lib/python3.8/site-packages/airflow/example_dags/example_setup_teardown_taskflow.py
[2023-11-26T00:40:28.742+0000] {processor.py:839} INFO - DAG(s) dict_keys(['example_setup_teardown_taskflow']) retrieved from /home/airflow/.local/lib/python3.8/site-packages/airflow/example_dags/example_setup_teardown_taskflow.py
[2023-11-26T00:40:28.766+0000] {logging_mixin.py:154} INFO - [2023-11-26T00:40:28.765+0000] {dag.py:2941} INFO - Sync 1 DAGs
[2023-11-26T00:40:28.791+0000] {logging_mixin.py:154} INFO - [2023-11-26T00:40:28.791+0000] {dag.py:3722} INFO - Setting next_dagrun for example_setup_teardown_taskflow to 2023-11-25T00:40:28.791278+00:00, run_after=2023-11-26T00:40:28.791278+00:00
[2023-11-26T00:40:28.819+0000] {processor.py:179} INFO - Processing /home/airflow/.local/lib/python3.8/site-packages/airflow/example_dags/example_setup_teardown_taskflow.py took 0.093 seconds
[2023-11-26T00:41:00.142+0000] {processor.py:157} INFO - Started process (PID=2477) to work on /home/airflow/.local/lib/python3.8/site-packages/airflow/example_dags/example_setup_teardown_taskflow.py
[2023-11-26T00:41:00.144+0000] {processor.py:829} INFO - Processing file /home/airflow/.local/lib/python3.8/site-packages/airflow/example_dags/example_setup_teardown_taskflow.py for tasks to queue
[2023-11-26T00:41:00.146+0000] {logging_mixin.py:154} INFO - [2023-11-26T00:41:00.146+0000] {dagbag.py:536} INFO - Filling up the DagBag from /home/airflow/.local/lib/python3.8/site-packages/airflow/example_dags/example_setup_teardown_taskflow.py
[2023-11-26T00:41:00.153+0000] {processor.py:839} INFO - DAG(s) dict_keys(['example_setup_teardown_taskflow']) retrieved from /home/airflow/.local/lib/python3.8/site-packages/airflow/example_dags/example_setup_teardown_taskflow.py
[2023-11-26T00:41:00.174+0000] {logging_mixin.py:154} INFO - [2023-11-26T00:41:00.173+0000] {dag.py:2941} INFO - Sync 1 DAGs
[2023-11-26T00:41:00.195+0000] {logging_mixin.py:154} INFO - [2023-11-26T00:41:00.195+0000] {dag.py:3722} INFO - Setting next_dagrun for example_setup_teardown_taskflow to 2023-11-25T00:41:00.195047+00:00, run_after=2023-11-26T00:41:00.195047+00:00
[2023-11-26T00:41:00.341+0000] {processor.py:179} INFO - Processing /home/airflow/.local/lib/python3.8/site-packages/airflow/example_dags/example_setup_teardown_taskflow.py took 0.202 seconds
[2023-11-26T00:41:30.398+0000] {processor.py:157} INFO - Started process (PID=2531) to work on /home/airflow/.local/lib/python3.8/site-packages/airflow/example_dags/example_setup_teardown_taskflow.py
[2023-11-26T00:41:30.399+0000] {processor.py:829} INFO - Processing file /home/airflow/.local/lib/python3.8/site-packages/airflow/example_dags/example_setup_teardown_taskflow.py for tasks to queue
[2023-11-26T00:41:30.402+0000] {logging_mixin.py:154} INFO - [2023-11-26T00:41:30.401+0000] {dagbag.py:536} INFO - Filling up the DagBag from /home/airflow/.local/lib/python3.8/site-packages/airflow/example_dags/example_setup_teardown_taskflow.py
[2023-11-26T00:41:30.409+0000] {processor.py:839} INFO - DAG(s) dict_keys(['example_setup_teardown_taskflow']) retrieved from /home/airflow/.local/lib/python3.8/site-packages/airflow/example_dags/example_setup_teardown_taskflow.py
[2023-11-26T00:41:30.434+0000] {logging_mixin.py:154} INFO - [2023-11-26T00:41:30.433+0000] {dag.py:2941} INFO - Sync 1 DAGs
[2023-11-26T00:41:30.458+0000] {logging_mixin.py:154} INFO - [2023-11-26T00:41:30.458+0000] {dag.py:3722} INFO - Setting next_dagrun for example_setup_teardown_taskflow to 2023-11-25T00:41:30.458497+00:00, run_after=2023-11-26T00:41:30.458497+00:00
[2023-11-26T00:41:30.482+0000] {processor.py:179} INFO - Processing /home/airflow/.local/lib/python3.8/site-packages/airflow/example_dags/example_setup_teardown_taskflow.py took 0.088 seconds
[2023-11-26T00:42:01.407+0000] {processor.py:157} INFO - Started process (PID=2585) to work on /home/airflow/.local/lib/python3.8/site-packages/airflow/example_dags/example_setup_teardown_taskflow.py
[2023-11-26T00:42:01.408+0000] {processor.py:829} INFO - Processing file /home/airflow/.local/lib/python3.8/site-packages/airflow/example_dags/example_setup_teardown_taskflow.py for tasks to queue
[2023-11-26T00:42:01.411+0000] {logging_mixin.py:154} INFO - [2023-11-26T00:42:01.410+0000] {dagbag.py:536} INFO - Filling up the DagBag from /home/airflow/.local/lib/python3.8/site-packages/airflow/example_dags/example_setup_teardown_taskflow.py
[2023-11-26T00:42:01.420+0000] {processor.py:839} INFO - DAG(s) dict_keys(['example_setup_teardown_taskflow']) retrieved from /home/airflow/.local/lib/python3.8/site-packages/airflow/example_dags/example_setup_teardown_taskflow.py
[2023-11-26T00:42:01.456+0000] {logging_mixin.py:154} INFO - [2023-11-26T00:42:01.456+0000] {dag.py:2941} INFO - Sync 1 DAGs
[2023-11-26T00:42:01.608+0000] {logging_mixin.py:154} INFO - [2023-11-26T00:42:01.607+0000] {dag.py:3722} INFO - Setting next_dagrun for example_setup_teardown_taskflow to 2023-11-25T00:42:01.607716+00:00, run_after=2023-11-26T00:42:01.607716+00:00
[2023-11-26T00:42:01.650+0000] {processor.py:179} INFO - Processing /home/airflow/.local/lib/python3.8/site-packages/airflow/example_dags/example_setup_teardown_taskflow.py took 0.247 seconds
[2023-11-26T00:42:32.042+0000] {processor.py:157} INFO - Started process (PID=2639) to work on /home/airflow/.local/lib/python3.8/site-packages/airflow/example_dags/example_setup_teardown_taskflow.py
[2023-11-26T00:42:32.043+0000] {processor.py:829} INFO - Processing file /home/airflow/.local/lib/python3.8/site-packages/airflow/example_dags/example_setup_teardown_taskflow.py for tasks to queue
[2023-11-26T00:42:32.045+0000] {logging_mixin.py:154} INFO - [2023-11-26T00:42:32.045+0000] {dagbag.py:536} INFO - Filling up the DagBag from /home/airflow/.local/lib/python3.8/site-packages/airflow/example_dags/example_setup_teardown_taskflow.py
[2023-11-26T00:42:32.053+0000] {processor.py:839} INFO - DAG(s) dict_keys(['example_setup_teardown_taskflow']) retrieved from /home/airflow/.local/lib/python3.8/site-packages/airflow/example_dags/example_setup_teardown_taskflow.py
[2023-11-26T00:42:32.074+0000] {logging_mixin.py:154} INFO - [2023-11-26T00:42:32.073+0000] {dag.py:2941} INFO - Sync 1 DAGs
[2023-11-26T00:42:32.093+0000] {logging_mixin.py:154} INFO - [2023-11-26T00:42:32.093+0000] {dag.py:3722} INFO - Setting next_dagrun for example_setup_teardown_taskflow to 2023-11-25T00:42:32.093041+00:00, run_after=2023-11-26T00:42:32.093041+00:00
[2023-11-26T00:42:32.215+0000] {processor.py:179} INFO - Processing /home/airflow/.local/lib/python3.8/site-packages/airflow/example_dags/example_setup_teardown_taskflow.py took 0.176 seconds
[2023-11-26T00:43:02.501+0000] {processor.py:157} INFO - Started process (PID=2693) to work on /home/airflow/.local/lib/python3.8/site-packages/airflow/example_dags/example_setup_teardown_taskflow.py
[2023-11-26T00:43:02.502+0000] {processor.py:829} INFO - Processing file /home/airflow/.local/lib/python3.8/site-packages/airflow/example_dags/example_setup_teardown_taskflow.py for tasks to queue
[2023-11-26T00:43:02.505+0000] {logging_mixin.py:154} INFO - [2023-11-26T00:43:02.504+0000] {dagbag.py:536} INFO - Filling up the DagBag from /home/airflow/.local/lib/python3.8/site-packages/airflow/example_dags/example_setup_teardown_taskflow.py
[2023-11-26T00:43:02.512+0000] {processor.py:839} INFO - DAG(s) dict_keys(['example_setup_teardown_taskflow']) retrieved from /home/airflow/.local/lib/python3.8/site-packages/airflow/example_dags/example_setup_teardown_taskflow.py
[2023-11-26T00:43:02.530+0000] {logging_mixin.py:154} INFO - [2023-11-26T00:43:02.530+0000] {dag.py:2941} INFO - Sync 1 DAGs
[2023-11-26T00:43:02.548+0000] {logging_mixin.py:154} INFO - [2023-11-26T00:43:02.548+0000] {dag.py:3722} INFO - Setting next_dagrun for example_setup_teardown_taskflow to 2023-11-25T00:43:02.548531+00:00, run_after=2023-11-26T00:43:02.548531+00:00
[2023-11-26T00:43:02.569+0000] {processor.py:179} INFO - Processing /home/airflow/.local/lib/python3.8/site-packages/airflow/example_dags/example_setup_teardown_taskflow.py took 0.072 seconds
[2023-11-26T00:43:32.976+0000] {processor.py:157} INFO - Started process (PID=2747) to work on /home/airflow/.local/lib/python3.8/site-packages/airflow/example_dags/example_setup_teardown_taskflow.py
[2023-11-26T00:43:32.977+0000] {processor.py:829} INFO - Processing file /home/airflow/.local/lib/python3.8/site-packages/airflow/example_dags/example_setup_teardown_taskflow.py for tasks to queue
[2023-11-26T00:43:32.979+0000] {logging_mixin.py:154} INFO - [2023-11-26T00:43:32.979+0000] {dagbag.py:536} INFO - Filling up the DagBag from /home/airflow/.local/lib/python3.8/site-packages/airflow/example_dags/example_setup_teardown_taskflow.py
[2023-11-26T00:43:32.986+0000] {processor.py:839} INFO - DAG(s) dict_keys(['example_setup_teardown_taskflow']) retrieved from /home/airflow/.local/lib/python3.8/site-packages/airflow/example_dags/example_setup_teardown_taskflow.py
[2023-11-26T00:43:33.006+0000] {logging_mixin.py:154} INFO - [2023-11-26T00:43:33.006+0000] {dag.py:2941} INFO - Sync 1 DAGs
[2023-11-26T00:43:33.121+0000] {logging_mixin.py:154} INFO - [2023-11-26T00:43:33.121+0000] {dag.py:3722} INFO - Setting next_dagrun for example_setup_teardown_taskflow to 2023-11-25T00:43:33.121363+00:00, run_after=2023-11-26T00:43:33.121363+00:00
[2023-11-26T00:43:33.143+0000] {processor.py:179} INFO - Processing /home/airflow/.local/lib/python3.8/site-packages/airflow/example_dags/example_setup_teardown_taskflow.py took 0.170 seconds
[2023-11-26T00:44:03.957+0000] {processor.py:157} INFO - Started process (PID=2801) to work on /home/airflow/.local/lib/python3.8/site-packages/airflow/example_dags/example_setup_teardown_taskflow.py
[2023-11-26T00:44:03.959+0000] {processor.py:829} INFO - Processing file /home/airflow/.local/lib/python3.8/site-packages/airflow/example_dags/example_setup_teardown_taskflow.py for tasks to queue
[2023-11-26T00:44:03.961+0000] {logging_mixin.py:154} INFO - [2023-11-26T00:44:03.961+0000] {dagbag.py:536} INFO - Filling up the DagBag from /home/airflow/.local/lib/python3.8/site-packages/airflow/example_dags/example_setup_teardown_taskflow.py
[2023-11-26T00:44:03.969+0000] {processor.py:839} INFO - DAG(s) dict_keys(['example_setup_teardown_taskflow']) retrieved from /home/airflow/.local/lib/python3.8/site-packages/airflow/example_dags/example_setup_teardown_taskflow.py
[2023-11-26T00:44:03.988+0000] {logging_mixin.py:154} INFO - [2023-11-26T00:44:03.988+0000] {dag.py:2941} INFO - Sync 1 DAGs
[2023-11-26T00:44:04.008+0000] {logging_mixin.py:154} INFO - [2023-11-26T00:44:04.008+0000] {dag.py:3722} INFO - Setting next_dagrun for example_setup_teardown_taskflow to 2023-11-25T00:44:04.008264+00:00, run_after=2023-11-26T00:44:04.008264+00:00
[2023-11-26T00:44:04.030+0000] {processor.py:179} INFO - Processing /home/airflow/.local/lib/python3.8/site-packages/airflow/example_dags/example_setup_teardown_taskflow.py took 0.077 seconds
[2023-11-26T00:44:34.303+0000] {processor.py:157} INFO - Started process (PID=2855) to work on /home/airflow/.local/lib/python3.8/site-packages/airflow/example_dags/example_setup_teardown_taskflow.py
[2023-11-26T00:44:34.306+0000] {processor.py:829} INFO - Processing file /home/airflow/.local/lib/python3.8/site-packages/airflow/example_dags/example_setup_teardown_taskflow.py for tasks to queue
[2023-11-26T00:44:34.311+0000] {logging_mixin.py:154} INFO - [2023-11-26T00:44:34.311+0000] {dagbag.py:536} INFO - Filling up the DagBag from /home/airflow/.local/lib/python3.8/site-packages/airflow/example_dags/example_setup_teardown_taskflow.py
[2023-11-26T00:44:34.323+0000] {processor.py:839} INFO - DAG(s) dict_keys(['example_setup_teardown_taskflow']) retrieved from /home/airflow/.local/lib/python3.8/site-packages/airflow/example_dags/example_setup_teardown_taskflow.py
[2023-11-26T00:44:34.363+0000] {logging_mixin.py:154} INFO - [2023-11-26T00:44:34.363+0000] {dag.py:2941} INFO - Sync 1 DAGs
[2023-11-26T00:44:34.408+0000] {logging_mixin.py:154} INFO - [2023-11-26T00:44:34.407+0000] {dag.py:3722} INFO - Setting next_dagrun for example_setup_teardown_taskflow to 2023-11-25T00:44:34.407406+00:00, run_after=2023-11-26T00:44:34.407406+00:00
[2023-11-26T00:44:34.455+0000] {processor.py:179} INFO - Processing /home/airflow/.local/lib/python3.8/site-packages/airflow/example_dags/example_setup_teardown_taskflow.py took 0.157 seconds
[2023-11-26T00:45:05.486+0000] {processor.py:157} INFO - Started process (PID=2909) to work on /home/airflow/.local/lib/python3.8/site-packages/airflow/example_dags/example_setup_teardown_taskflow.py
[2023-11-26T00:45:05.488+0000] {processor.py:829} INFO - Processing file /home/airflow/.local/lib/python3.8/site-packages/airflow/example_dags/example_setup_teardown_taskflow.py for tasks to queue
[2023-11-26T00:45:05.490+0000] {logging_mixin.py:154} INFO - [2023-11-26T00:45:05.490+0000] {dagbag.py:536} INFO - Filling up the DagBag from /home/airflow/.local/lib/python3.8/site-packages/airflow/example_dags/example_setup_teardown_taskflow.py
[2023-11-26T00:45:05.502+0000] {processor.py:839} INFO - DAG(s) dict_keys(['example_setup_teardown_taskflow']) retrieved from /home/airflow/.local/lib/python3.8/site-packages/airflow/example_dags/example_setup_teardown_taskflow.py
[2023-11-26T00:45:05.528+0000] {logging_mixin.py:154} INFO - [2023-11-26T00:45:05.527+0000] {dag.py:2941} INFO - Sync 1 DAGs
[2023-11-26T00:45:05.557+0000] {logging_mixin.py:154} INFO - [2023-11-26T00:45:05.556+0000] {dag.py:3722} INFO - Setting next_dagrun for example_setup_teardown_taskflow to 2023-11-25T00:45:05.556633+00:00, run_after=2023-11-26T00:45:05.556633+00:00
[2023-11-26T00:45:05.587+0000] {processor.py:179} INFO - Processing /home/airflow/.local/lib/python3.8/site-packages/airflow/example_dags/example_setup_teardown_taskflow.py took 0.105 seconds
[2023-11-26T00:45:36.070+0000] {processor.py:157} INFO - Started process (PID=2963) to work on /home/airflow/.local/lib/python3.8/site-packages/airflow/example_dags/example_setup_teardown_taskflow.py
[2023-11-26T00:45:36.071+0000] {processor.py:829} INFO - Processing file /home/airflow/.local/lib/python3.8/site-packages/airflow/example_dags/example_setup_teardown_taskflow.py for tasks to queue
[2023-11-26T00:45:36.075+0000] {logging_mixin.py:154} INFO - [2023-11-26T00:45:36.074+0000] {dagbag.py:536} INFO - Filling up the DagBag from /home/airflow/.local/lib/python3.8/site-packages/airflow/example_dags/example_setup_teardown_taskflow.py
[2023-11-26T00:45:36.082+0000] {processor.py:839} INFO - DAG(s) dict_keys(['example_setup_teardown_taskflow']) retrieved from /home/airflow/.local/lib/python3.8/site-packages/airflow/example_dags/example_setup_teardown_taskflow.py
[2023-11-26T00:45:36.104+0000] {logging_mixin.py:154} INFO - [2023-11-26T00:45:36.104+0000] {dag.py:2941} INFO - Sync 1 DAGs
[2023-11-26T00:45:36.125+0000] {logging_mixin.py:154} INFO - [2023-11-26T00:45:36.125+0000] {dag.py:3722} INFO - Setting next_dagrun for example_setup_teardown_taskflow to 2023-11-25T00:45:36.125533+00:00, run_after=2023-11-26T00:45:36.125533+00:00
[2023-11-26T00:45:36.150+0000] {processor.py:179} INFO - Processing /home/airflow/.local/lib/python3.8/site-packages/airflow/example_dags/example_setup_teardown_taskflow.py took 0.083 seconds
[2023-11-26T00:46:06.578+0000] {processor.py:157} INFO - Started process (PID=3017) to work on /home/airflow/.local/lib/python3.8/site-packages/airflow/example_dags/example_setup_teardown_taskflow.py
[2023-11-26T00:46:06.580+0000] {processor.py:829} INFO - Processing file /home/airflow/.local/lib/python3.8/site-packages/airflow/example_dags/example_setup_teardown_taskflow.py for tasks to queue
[2023-11-26T00:46:06.584+0000] {logging_mixin.py:154} INFO - [2023-11-26T00:46:06.583+0000] {dagbag.py:536} INFO - Filling up the DagBag from /home/airflow/.local/lib/python3.8/site-packages/airflow/example_dags/example_setup_teardown_taskflow.py
[2023-11-26T00:46:06.596+0000] {processor.py:839} INFO - DAG(s) dict_keys(['example_setup_teardown_taskflow']) retrieved from /home/airflow/.local/lib/python3.8/site-packages/airflow/example_dags/example_setup_teardown_taskflow.py
[2023-11-26T00:46:06.630+0000] {logging_mixin.py:154} INFO - [2023-11-26T00:46:06.629+0000] {dag.py:2941} INFO - Sync 1 DAGs
[2023-11-26T00:46:06.663+0000] {logging_mixin.py:154} INFO - [2023-11-26T00:46:06.662+0000] {dag.py:3722} INFO - Setting next_dagrun for example_setup_teardown_taskflow to 2023-11-25T00:46:06.662727+00:00, run_after=2023-11-26T00:46:06.662727+00:00
[2023-11-26T00:46:06.704+0000] {processor.py:179} INFO - Processing /home/airflow/.local/lib/python3.8/site-packages/airflow/example_dags/example_setup_teardown_taskflow.py took 0.133 seconds
[2023-11-26T00:46:37.054+0000] {processor.py:157} INFO - Started process (PID=3072) to work on /home/airflow/.local/lib/python3.8/site-packages/airflow/example_dags/example_setup_teardown_taskflow.py
[2023-11-26T00:46:37.056+0000] {processor.py:829} INFO - Processing file /home/airflow/.local/lib/python3.8/site-packages/airflow/example_dags/example_setup_teardown_taskflow.py for tasks to queue
[2023-11-26T00:46:37.058+0000] {logging_mixin.py:154} INFO - [2023-11-26T00:46:37.057+0000] {dagbag.py:536} INFO - Filling up the DagBag from /home/airflow/.local/lib/python3.8/site-packages/airflow/example_dags/example_setup_teardown_taskflow.py
[2023-11-26T00:46:37.064+0000] {processor.py:839} INFO - DAG(s) dict_keys(['example_setup_teardown_taskflow']) retrieved from /home/airflow/.local/lib/python3.8/site-packages/airflow/example_dags/example_setup_teardown_taskflow.py
[2023-11-26T00:46:37.083+0000] {logging_mixin.py:154} INFO - [2023-11-26T00:46:37.083+0000] {dag.py:2941} INFO - Sync 1 DAGs
[2023-11-26T00:46:37.103+0000] {logging_mixin.py:154} INFO - [2023-11-26T00:46:37.103+0000] {dag.py:3722} INFO - Setting next_dagrun for example_setup_teardown_taskflow to 2023-11-25T00:46:37.102860+00:00, run_after=2023-11-26T00:46:37.102860+00:00
[2023-11-26T00:46:37.126+0000] {processor.py:179} INFO - Processing /home/airflow/.local/lib/python3.8/site-packages/airflow/example_dags/example_setup_teardown_taskflow.py took 0.075 seconds
[2023-11-26T00:47:07.640+0000] {processor.py:157} INFO - Started process (PID=3126) to work on /home/airflow/.local/lib/python3.8/site-packages/airflow/example_dags/example_setup_teardown_taskflow.py
[2023-11-26T00:47:07.644+0000] {processor.py:829} INFO - Processing file /home/airflow/.local/lib/python3.8/site-packages/airflow/example_dags/example_setup_teardown_taskflow.py for tasks to queue
[2023-11-26T00:47:07.652+0000] {logging_mixin.py:154} INFO - [2023-11-26T00:47:07.650+0000] {dagbag.py:536} INFO - Filling up the DagBag from /home/airflow/.local/lib/python3.8/site-packages/airflow/example_dags/example_setup_teardown_taskflow.py
[2023-11-26T00:47:07.674+0000] {processor.py:839} INFO - DAG(s) dict_keys(['example_setup_teardown_taskflow']) retrieved from /home/airflow/.local/lib/python3.8/site-packages/airflow/example_dags/example_setup_teardown_taskflow.py
[2023-11-26T00:47:07.743+0000] {logging_mixin.py:154} INFO - [2023-11-26T00:47:07.742+0000] {dag.py:2941} INFO - Sync 1 DAGs
[2023-11-26T00:47:07.805+0000] {logging_mixin.py:154} INFO - [2023-11-26T00:47:07.805+0000] {dag.py:3722} INFO - Setting next_dagrun for example_setup_teardown_taskflow to 2023-11-25T00:47:07.805060+00:00, run_after=2023-11-26T00:47:07.805060+00:00
[2023-11-26T00:47:07.904+0000] {processor.py:179} INFO - Processing /home/airflow/.local/lib/python3.8/site-packages/airflow/example_dags/example_setup_teardown_taskflow.py took 0.270 seconds
[2023-11-26T00:47:38.057+0000] {processor.py:157} INFO - Started process (PID=3179) to work on /home/airflow/.local/lib/python3.8/site-packages/airflow/example_dags/example_setup_teardown_taskflow.py
[2023-11-26T00:47:38.059+0000] {processor.py:829} INFO - Processing file /home/airflow/.local/lib/python3.8/site-packages/airflow/example_dags/example_setup_teardown_taskflow.py for tasks to queue
[2023-11-26T00:47:38.065+0000] {logging_mixin.py:154} INFO - [2023-11-26T00:47:38.064+0000] {dagbag.py:536} INFO - Filling up the DagBag from /home/airflow/.local/lib/python3.8/site-packages/airflow/example_dags/example_setup_teardown_taskflow.py
[2023-11-26T00:47:38.080+0000] {processor.py:839} INFO - DAG(s) dict_keys(['example_setup_teardown_taskflow']) retrieved from /home/airflow/.local/lib/python3.8/site-packages/airflow/example_dags/example_setup_teardown_taskflow.py
[2023-11-26T00:47:38.122+0000] {logging_mixin.py:154} INFO - [2023-11-26T00:47:38.121+0000] {dag.py:2941} INFO - Sync 1 DAGs
[2023-11-26T00:47:38.160+0000] {logging_mixin.py:154} INFO - [2023-11-26T00:47:38.160+0000] {dag.py:3722} INFO - Setting next_dagrun for example_setup_teardown_taskflow to 2023-11-25T00:47:38.160131+00:00, run_after=2023-11-26T00:47:38.160131+00:00
[2023-11-26T00:47:38.208+0000] {processor.py:179} INFO - Processing /home/airflow/.local/lib/python3.8/site-packages/airflow/example_dags/example_setup_teardown_taskflow.py took 0.155 seconds
[2023-11-26T00:48:08.365+0000] {processor.py:157} INFO - Started process (PID=3233) to work on /home/airflow/.local/lib/python3.8/site-packages/airflow/example_dags/example_setup_teardown_taskflow.py
[2023-11-26T00:48:08.369+0000] {processor.py:829} INFO - Processing file /home/airflow/.local/lib/python3.8/site-packages/airflow/example_dags/example_setup_teardown_taskflow.py for tasks to queue
[2023-11-26T00:48:08.374+0000] {logging_mixin.py:154} INFO - [2023-11-26T00:48:08.374+0000] {dagbag.py:536} INFO - Filling up the DagBag from /home/airflow/.local/lib/python3.8/site-packages/airflow/example_dags/example_setup_teardown_taskflow.py
[2023-11-26T00:48:08.387+0000] {processor.py:839} INFO - DAG(s) dict_keys(['example_setup_teardown_taskflow']) retrieved from /home/airflow/.local/lib/python3.8/site-packages/airflow/example_dags/example_setup_teardown_taskflow.py
[2023-11-26T00:48:08.441+0000] {logging_mixin.py:154} INFO - [2023-11-26T00:48:08.441+0000] {dag.py:2941} INFO - Sync 1 DAGs
[2023-11-26T00:48:08.492+0000] {logging_mixin.py:154} INFO - [2023-11-26T00:48:08.492+0000] {dag.py:3722} INFO - Setting next_dagrun for example_setup_teardown_taskflow to 2023-11-25T00:48:08.490132+00:00, run_after=2023-11-26T00:48:08.490132+00:00
[2023-11-26T00:48:08.560+0000] {processor.py:179} INFO - Processing /home/airflow/.local/lib/python3.8/site-packages/airflow/example_dags/example_setup_teardown_taskflow.py took 0.199 seconds
[2023-11-26T00:48:39.149+0000] {processor.py:157} INFO - Started process (PID=3286) to work on /home/airflow/.local/lib/python3.8/site-packages/airflow/example_dags/example_setup_teardown_taskflow.py
[2023-11-26T00:48:39.154+0000] {processor.py:829} INFO - Processing file /home/airflow/.local/lib/python3.8/site-packages/airflow/example_dags/example_setup_teardown_taskflow.py for tasks to queue
[2023-11-26T00:48:39.163+0000] {logging_mixin.py:154} INFO - [2023-11-26T00:48:39.162+0000] {dagbag.py:536} INFO - Filling up the DagBag from /home/airflow/.local/lib/python3.8/site-packages/airflow/example_dags/example_setup_teardown_taskflow.py
[2023-11-26T00:48:39.178+0000] {processor.py:839} INFO - DAG(s) dict_keys(['example_setup_teardown_taskflow']) retrieved from /home/airflow/.local/lib/python3.8/site-packages/airflow/example_dags/example_setup_teardown_taskflow.py
[2023-11-26T00:48:39.254+0000] {logging_mixin.py:154} INFO - [2023-11-26T00:48:39.253+0000] {dag.py:2941} INFO - Sync 1 DAGs
[2023-11-26T00:48:39.294+0000] {logging_mixin.py:154} INFO - [2023-11-26T00:48:39.294+0000] {dag.py:3722} INFO - Setting next_dagrun for example_setup_teardown_taskflow to 2023-11-25T00:48:39.293694+00:00, run_after=2023-11-26T00:48:39.293694+00:00
[2023-11-26T00:48:39.387+0000] {processor.py:179} INFO - Processing /home/airflow/.local/lib/python3.8/site-packages/airflow/example_dags/example_setup_teardown_taskflow.py took 0.242 seconds
[2023-11-26T00:49:09.724+0000] {processor.py:157} INFO - Started process (PID=3340) to work on /home/airflow/.local/lib/python3.8/site-packages/airflow/example_dags/example_setup_teardown_taskflow.py
[2023-11-26T00:49:09.728+0000] {processor.py:829} INFO - Processing file /home/airflow/.local/lib/python3.8/site-packages/airflow/example_dags/example_setup_teardown_taskflow.py for tasks to queue
[2023-11-26T00:49:09.732+0000] {logging_mixin.py:154} INFO - [2023-11-26T00:49:09.731+0000] {dagbag.py:536} INFO - Filling up the DagBag from /home/airflow/.local/lib/python3.8/site-packages/airflow/example_dags/example_setup_teardown_taskflow.py
[2023-11-26T00:49:09.746+0000] {processor.py:839} INFO - DAG(s) dict_keys(['example_setup_teardown_taskflow']) retrieved from /home/airflow/.local/lib/python3.8/site-packages/airflow/example_dags/example_setup_teardown_taskflow.py
[2023-11-26T00:49:09.786+0000] {logging_mixin.py:154} INFO - [2023-11-26T00:49:09.785+0000] {dag.py:2941} INFO - Sync 1 DAGs
[2023-11-26T00:49:09.837+0000] {logging_mixin.py:154} INFO - [2023-11-26T00:49:09.837+0000] {dag.py:3722} INFO - Setting next_dagrun for example_setup_teardown_taskflow to 2023-11-25T00:49:09.837065+00:00, run_after=2023-11-26T00:49:09.837065+00:00
[2023-11-26T00:49:09.880+0000] {processor.py:179} INFO - Processing /home/airflow/.local/lib/python3.8/site-packages/airflow/example_dags/example_setup_teardown_taskflow.py took 0.161 seconds
[2023-11-26T00:49:40.279+0000] {processor.py:157} INFO - Started process (PID=3394) to work on /home/airflow/.local/lib/python3.8/site-packages/airflow/example_dags/example_setup_teardown_taskflow.py
[2023-11-26T00:49:40.282+0000] {processor.py:829} INFO - Processing file /home/airflow/.local/lib/python3.8/site-packages/airflow/example_dags/example_setup_teardown_taskflow.py for tasks to queue
[2023-11-26T00:49:40.291+0000] {logging_mixin.py:154} INFO - [2023-11-26T00:49:40.290+0000] {dagbag.py:536} INFO - Filling up the DagBag from /home/airflow/.local/lib/python3.8/site-packages/airflow/example_dags/example_setup_teardown_taskflow.py
[2023-11-26T00:49:40.306+0000] {processor.py:839} INFO - DAG(s) dict_keys(['example_setup_teardown_taskflow']) retrieved from /home/airflow/.local/lib/python3.8/site-packages/airflow/example_dags/example_setup_teardown_taskflow.py
[2023-11-26T00:49:40.362+0000] {logging_mixin.py:154} INFO - [2023-11-26T00:49:40.361+0000] {dag.py:2941} INFO - Sync 1 DAGs
[2023-11-26T00:49:40.410+0000] {logging_mixin.py:154} INFO - [2023-11-26T00:49:40.410+0000] {dag.py:3722} INFO - Setting next_dagrun for example_setup_teardown_taskflow to 2023-11-25T00:49:40.410060+00:00, run_after=2023-11-26T00:49:40.410060+00:00
[2023-11-26T00:49:40.479+0000] {processor.py:179} INFO - Processing /home/airflow/.local/lib/python3.8/site-packages/airflow/example_dags/example_setup_teardown_taskflow.py took 0.204 seconds
[2023-11-26T00:50:11.210+0000] {processor.py:157} INFO - Started process (PID=3447) to work on /home/airflow/.local/lib/python3.8/site-packages/airflow/example_dags/example_setup_teardown_taskflow.py
[2023-11-26T00:50:11.213+0000] {processor.py:829} INFO - Processing file /home/airflow/.local/lib/python3.8/site-packages/airflow/example_dags/example_setup_teardown_taskflow.py for tasks to queue
[2023-11-26T00:50:11.218+0000] {logging_mixin.py:154} INFO - [2023-11-26T00:50:11.217+0000] {dagbag.py:536} INFO - Filling up the DagBag from /home/airflow/.local/lib/python3.8/site-packages/airflow/example_dags/example_setup_teardown_taskflow.py
[2023-11-26T00:50:11.234+0000] {processor.py:839} INFO - DAG(s) dict_keys(['example_setup_teardown_taskflow']) retrieved from /home/airflow/.local/lib/python3.8/site-packages/airflow/example_dags/example_setup_teardown_taskflow.py
[2023-11-26T00:50:11.299+0000] {logging_mixin.py:154} INFO - [2023-11-26T00:50:11.299+0000] {dag.py:2941} INFO - Sync 1 DAGs
[2023-11-26T00:50:11.345+0000] {logging_mixin.py:154} INFO - [2023-11-26T00:50:11.344+0000] {dag.py:3722} INFO - Setting next_dagrun for example_setup_teardown_taskflow to 2023-11-25T00:50:11.343508+00:00, run_after=2023-11-26T00:50:11.343508+00:00
[2023-11-26T00:50:11.386+0000] {processor.py:179} INFO - Processing /home/airflow/.local/lib/python3.8/site-packages/airflow/example_dags/example_setup_teardown_taskflow.py took 0.183 seconds
[2023-11-26T00:50:41.805+0000] {processor.py:157} INFO - Started process (PID=3501) to work on /home/airflow/.local/lib/python3.8/site-packages/airflow/example_dags/example_setup_teardown_taskflow.py
[2023-11-26T00:50:41.807+0000] {processor.py:829} INFO - Processing file /home/airflow/.local/lib/python3.8/site-packages/airflow/example_dags/example_setup_teardown_taskflow.py for tasks to queue
[2023-11-26T00:50:41.813+0000] {logging_mixin.py:154} INFO - [2023-11-26T00:50:41.811+0000] {dagbag.py:536} INFO - Filling up the DagBag from /home/airflow/.local/lib/python3.8/site-packages/airflow/example_dags/example_setup_teardown_taskflow.py
[2023-11-26T00:50:41.825+0000] {processor.py:839} INFO - DAG(s) dict_keys(['example_setup_teardown_taskflow']) retrieved from /home/airflow/.local/lib/python3.8/site-packages/airflow/example_dags/example_setup_teardown_taskflow.py
[2023-11-26T00:50:41.860+0000] {logging_mixin.py:154} INFO - [2023-11-26T00:50:41.860+0000] {dag.py:2941} INFO - Sync 1 DAGs
[2023-11-26T00:50:41.902+0000] {logging_mixin.py:154} INFO - [2023-11-26T00:50:41.902+0000] {dag.py:3722} INFO - Setting next_dagrun for example_setup_teardown_taskflow to 2023-11-25T00:50:41.902051+00:00, run_after=2023-11-26T00:50:41.902051+00:00
[2023-11-26T00:50:41.941+0000] {processor.py:179} INFO - Processing /home/airflow/.local/lib/python3.8/site-packages/airflow/example_dags/example_setup_teardown_taskflow.py took 0.139 seconds
[2023-11-26T00:51:12.412+0000] {processor.py:157} INFO - Started process (PID=3555) to work on /home/airflow/.local/lib/python3.8/site-packages/airflow/example_dags/example_setup_teardown_taskflow.py
[2023-11-26T00:51:12.414+0000] {processor.py:829} INFO - Processing file /home/airflow/.local/lib/python3.8/site-packages/airflow/example_dags/example_setup_teardown_taskflow.py for tasks to queue
[2023-11-26T00:51:12.422+0000] {logging_mixin.py:154} INFO - [2023-11-26T00:51:12.420+0000] {dagbag.py:536} INFO - Filling up the DagBag from /home/airflow/.local/lib/python3.8/site-packages/airflow/example_dags/example_setup_teardown_taskflow.py
[2023-11-26T00:51:12.435+0000] {processor.py:839} INFO - DAG(s) dict_keys(['example_setup_teardown_taskflow']) retrieved from /home/airflow/.local/lib/python3.8/site-packages/airflow/example_dags/example_setup_teardown_taskflow.py
[2023-11-26T00:51:12.491+0000] {logging_mixin.py:154} INFO - [2023-11-26T00:51:12.491+0000] {dag.py:2941} INFO - Sync 1 DAGs
[2023-11-26T00:51:12.528+0000] {logging_mixin.py:154} INFO - [2023-11-26T00:51:12.527+0000] {dag.py:3722} INFO - Setting next_dagrun for example_setup_teardown_taskflow to 2023-11-25T00:51:12.527369+00:00, run_after=2023-11-26T00:51:12.527369+00:00
[2023-11-26T00:51:12.589+0000] {processor.py:179} INFO - Processing /home/airflow/.local/lib/python3.8/site-packages/airflow/example_dags/example_setup_teardown_taskflow.py took 0.182 seconds
[2023-11-26T00:51:42.859+0000] {processor.py:157} INFO - Started process (PID=3609) to work on /home/airflow/.local/lib/python3.8/site-packages/airflow/example_dags/example_setup_teardown_taskflow.py
[2023-11-26T00:51:42.864+0000] {processor.py:829} INFO - Processing file /home/airflow/.local/lib/python3.8/site-packages/airflow/example_dags/example_setup_teardown_taskflow.py for tasks to queue
[2023-11-26T00:51:42.872+0000] {logging_mixin.py:154} INFO - [2023-11-26T00:51:42.871+0000] {dagbag.py:536} INFO - Filling up the DagBag from /home/airflow/.local/lib/python3.8/site-packages/airflow/example_dags/example_setup_teardown_taskflow.py
[2023-11-26T00:51:42.883+0000] {processor.py:839} INFO - DAG(s) dict_keys(['example_setup_teardown_taskflow']) retrieved from /home/airflow/.local/lib/python3.8/site-packages/airflow/example_dags/example_setup_teardown_taskflow.py
[2023-11-26T00:51:42.919+0000] {logging_mixin.py:154} INFO - [2023-11-26T00:51:42.918+0000] {dag.py:2941} INFO - Sync 1 DAGs
[2023-11-26T00:51:42.957+0000] {logging_mixin.py:154} INFO - [2023-11-26T00:51:42.956+0000] {dag.py:3722} INFO - Setting next_dagrun for example_setup_teardown_taskflow to 2023-11-25T00:51:42.956436+00:00, run_after=2023-11-26T00:51:42.956436+00:00
[2023-11-26T00:51:42.997+0000] {processor.py:179} INFO - Processing /home/airflow/.local/lib/python3.8/site-packages/airflow/example_dags/example_setup_teardown_taskflow.py took 0.145 seconds
[2023-11-26T00:52:13.587+0000] {processor.py:157} INFO - Started process (PID=3663) to work on /home/airflow/.local/lib/python3.8/site-packages/airflow/example_dags/example_setup_teardown_taskflow.py
[2023-11-26T00:52:13.589+0000] {processor.py:829} INFO - Processing file /home/airflow/.local/lib/python3.8/site-packages/airflow/example_dags/example_setup_teardown_taskflow.py for tasks to queue
[2023-11-26T00:52:13.591+0000] {logging_mixin.py:154} INFO - [2023-11-26T00:52:13.591+0000] {dagbag.py:536} INFO - Filling up the DagBag from /home/airflow/.local/lib/python3.8/site-packages/airflow/example_dags/example_setup_teardown_taskflow.py
[2023-11-26T00:52:13.600+0000] {processor.py:839} INFO - DAG(s) dict_keys(['example_setup_teardown_taskflow']) retrieved from /home/airflow/.local/lib/python3.8/site-packages/airflow/example_dags/example_setup_teardown_taskflow.py
[2023-11-26T00:52:13.622+0000] {logging_mixin.py:154} INFO - [2023-11-26T00:52:13.622+0000] {dag.py:2941} INFO - Sync 1 DAGs
[2023-11-26T00:52:13.642+0000] {logging_mixin.py:154} INFO - [2023-11-26T00:52:13.641+0000] {dag.py:3722} INFO - Setting next_dagrun for example_setup_teardown_taskflow to 2023-11-25T00:52:13.641629+00:00, run_after=2023-11-26T00:52:13.641629+00:00
[2023-11-26T00:52:13.668+0000] {processor.py:179} INFO - Processing /home/airflow/.local/lib/python3.8/site-packages/airflow/example_dags/example_setup_teardown_taskflow.py took 0.084 seconds
[2023-11-26T00:52:44.115+0000] {processor.py:157} INFO - Started process (PID=3718) to work on /home/airflow/.local/lib/python3.8/site-packages/airflow/example_dags/example_setup_teardown_taskflow.py
[2023-11-26T00:52:44.117+0000] {processor.py:829} INFO - Processing file /home/airflow/.local/lib/python3.8/site-packages/airflow/example_dags/example_setup_teardown_taskflow.py for tasks to queue
[2023-11-26T00:52:44.121+0000] {logging_mixin.py:154} INFO - [2023-11-26T00:52:44.120+0000] {dagbag.py:536} INFO - Filling up the DagBag from /home/airflow/.local/lib/python3.8/site-packages/airflow/example_dags/example_setup_teardown_taskflow.py
[2023-11-26T00:52:44.134+0000] {processor.py:839} INFO - DAG(s) dict_keys(['example_setup_teardown_taskflow']) retrieved from /home/airflow/.local/lib/python3.8/site-packages/airflow/example_dags/example_setup_teardown_taskflow.py
[2023-11-26T00:52:44.181+0000] {logging_mixin.py:154} INFO - [2023-11-26T00:52:44.180+0000] {dag.py:2941} INFO - Sync 1 DAGs
[2023-11-26T00:52:44.240+0000] {logging_mixin.py:154} INFO - [2023-11-26T00:52:44.239+0000] {dag.py:3722} INFO - Setting next_dagrun for example_setup_teardown_taskflow to 2023-11-25T00:52:44.239003+00:00, run_after=2023-11-26T00:52:44.239003+00:00
[2023-11-26T00:52:44.290+0000] {processor.py:179} INFO - Processing /home/airflow/.local/lib/python3.8/site-packages/airflow/example_dags/example_setup_teardown_taskflow.py took 0.179 seconds
