[2023-11-26T00:16:48.819+0000] {processor.py:157} INFO - Started process (PID=76) to work on /home/airflow/.local/lib/python3.8/site-packages/airflow/example_dags/example_complex.py
[2023-11-26T00:16:48.823+0000] {processor.py:829} INFO - Processing file /home/airflow/.local/lib/python3.8/site-packages/airflow/example_dags/example_complex.py for tasks to queue
[2023-11-26T00:16:48.831+0000] {logging_mixin.py:154} INFO - [2023-11-26T00:16:48.831+0000] {dagbag.py:536} INFO - Filling up the DagBag from /home/airflow/.local/lib/python3.8/site-packages/airflow/example_dags/example_complex.py
[2023-11-26T00:16:48.864+0000] {processor.py:839} INFO - DAG(s) dict_keys(['example_complex']) retrieved from /home/airflow/.local/lib/python3.8/site-packages/airflow/example_dags/example_complex.py
[2023-11-26T00:16:49.002+0000] {logging_mixin.py:154} INFO - [2023-11-26T00:16:49.001+0000] {dag.py:2941} INFO - Sync 1 DAGs
[2023-11-26T00:16:49.053+0000] {logging_mixin.py:154} INFO - [2023-11-26T00:16:49.052+0000] {dag.py:3722} INFO - Setting next_dagrun for example_complex to None, run_after=None
[2023-11-26T00:16:49.121+0000] {processor.py:179} INFO - Processing /home/airflow/.local/lib/python3.8/site-packages/airflow/example_dags/example_complex.py took 0.309 seconds
[2023-11-26T00:18:16.558+0000] {processor.py:157} INFO - Started process (PID=77) to work on /home/airflow/.local/lib/python3.8/site-packages/airflow/example_dags/example_complex.py
[2023-11-26T00:18:16.563+0000] {processor.py:829} INFO - Processing file /home/airflow/.local/lib/python3.8/site-packages/airflow/example_dags/example_complex.py for tasks to queue
[2023-11-26T00:18:16.579+0000] {logging_mixin.py:154} INFO - [2023-11-26T00:18:16.578+0000] {dagbag.py:536} INFO - Filling up the DagBag from /home/airflow/.local/lib/python3.8/site-packages/airflow/example_dags/example_complex.py
[2023-11-26T00:18:16.623+0000] {processor.py:839} INFO - DAG(s) dict_keys(['example_complex']) retrieved from /home/airflow/.local/lib/python3.8/site-packages/airflow/example_dags/example_complex.py
[2023-11-26T00:18:16.752+0000] {logging_mixin.py:154} INFO - [2023-11-26T00:18:16.752+0000] {dag.py:2941} INFO - Sync 1 DAGs
[2023-11-26T00:18:16.822+0000] {logging_mixin.py:154} INFO - [2023-11-26T00:18:16.821+0000] {dag.py:3722} INFO - Setting next_dagrun for example_complex to None, run_after=None
[2023-11-26T00:18:16.945+0000] {processor.py:179} INFO - Processing /home/airflow/.local/lib/python3.8/site-packages/airflow/example_dags/example_complex.py took 0.407 seconds
[2023-11-26T00:18:47.220+0000] {processor.py:157} INFO - Started process (PID=132) to work on /home/airflow/.local/lib/python3.8/site-packages/airflow/example_dags/example_complex.py
[2023-11-26T00:18:47.225+0000] {processor.py:829} INFO - Processing file /home/airflow/.local/lib/python3.8/site-packages/airflow/example_dags/example_complex.py for tasks to queue
[2023-11-26T00:18:47.237+0000] {logging_mixin.py:154} INFO - [2023-11-26T00:18:47.236+0000] {dagbag.py:536} INFO - Filling up the DagBag from /home/airflow/.local/lib/python3.8/site-packages/airflow/example_dags/example_complex.py
[2023-11-26T00:18:47.255+0000] {processor.py:839} INFO - DAG(s) dict_keys(['example_complex']) retrieved from /home/airflow/.local/lib/python3.8/site-packages/airflow/example_dags/example_complex.py
[2023-11-26T00:18:47.335+0000] {logging_mixin.py:154} INFO - [2023-11-26T00:18:47.334+0000] {dag.py:2941} INFO - Sync 1 DAGs
[2023-11-26T00:18:47.382+0000] {logging_mixin.py:154} INFO - [2023-11-26T00:18:47.381+0000] {dag.py:3722} INFO - Setting next_dagrun for example_complex to None, run_after=None
[2023-11-26T00:18:47.467+0000] {processor.py:179} INFO - Processing /home/airflow/.local/lib/python3.8/site-packages/airflow/example_dags/example_complex.py took 0.252 seconds
[2023-11-26T00:19:17.609+0000] {processor.py:157} INFO - Started process (PID=186) to work on /home/airflow/.local/lib/python3.8/site-packages/airflow/example_dags/example_complex.py
[2023-11-26T00:19:17.614+0000] {processor.py:829} INFO - Processing file /home/airflow/.local/lib/python3.8/site-packages/airflow/example_dags/example_complex.py for tasks to queue
[2023-11-26T00:19:17.632+0000] {logging_mixin.py:154} INFO - [2023-11-26T00:19:17.630+0000] {dagbag.py:536} INFO - Filling up the DagBag from /home/airflow/.local/lib/python3.8/site-packages/airflow/example_dags/example_complex.py
[2023-11-26T00:19:17.658+0000] {processor.py:839} INFO - DAG(s) dict_keys(['example_complex']) retrieved from /home/airflow/.local/lib/python3.8/site-packages/airflow/example_dags/example_complex.py
[2023-11-26T00:19:17.699+0000] {logging_mixin.py:154} INFO - [2023-11-26T00:19:17.698+0000] {dag.py:2941} INFO - Sync 1 DAGs
[2023-11-26T00:19:17.726+0000] {logging_mixin.py:154} INFO - [2023-11-26T00:19:17.725+0000] {dag.py:3722} INFO - Setting next_dagrun for example_complex to None, run_after=None
[2023-11-26T00:19:17.794+0000] {processor.py:179} INFO - Processing /home/airflow/.local/lib/python3.8/site-packages/airflow/example_dags/example_complex.py took 0.191 seconds
[2023-11-26T00:19:49.263+0000] {processor.py:157} INFO - Started process (PID=240) to work on /home/airflow/.local/lib/python3.8/site-packages/airflow/example_dags/example_complex.py
[2023-11-26T00:19:49.271+0000] {processor.py:829} INFO - Processing file /home/airflow/.local/lib/python3.8/site-packages/airflow/example_dags/example_complex.py for tasks to queue
[2023-11-26T00:19:49.283+0000] {logging_mixin.py:154} INFO - [2023-11-26T00:19:49.279+0000] {dagbag.py:536} INFO - Filling up the DagBag from /home/airflow/.local/lib/python3.8/site-packages/airflow/example_dags/example_complex.py
[2023-11-26T00:19:49.359+0000] {processor.py:839} INFO - DAG(s) dict_keys(['example_complex']) retrieved from /home/airflow/.local/lib/python3.8/site-packages/airflow/example_dags/example_complex.py
[2023-11-26T00:19:49.806+0000] {logging_mixin.py:154} INFO - [2023-11-26T00:19:49.805+0000] {dag.py:2941} INFO - Sync 1 DAGs
[2023-11-26T00:19:49.863+0000] {logging_mixin.py:154} INFO - [2023-11-26T00:19:49.862+0000] {dag.py:3722} INFO - Setting next_dagrun for example_complex to None, run_after=None
[2023-11-26T00:19:49.975+0000] {processor.py:179} INFO - Processing /home/airflow/.local/lib/python3.8/site-packages/airflow/example_dags/example_complex.py took 0.739 seconds
[2023-11-26T00:20:21.071+0000] {processor.py:157} INFO - Started process (PID=294) to work on /home/airflow/.local/lib/python3.8/site-packages/airflow/example_dags/example_complex.py
[2023-11-26T00:20:21.076+0000] {processor.py:829} INFO - Processing file /home/airflow/.local/lib/python3.8/site-packages/airflow/example_dags/example_complex.py for tasks to queue
[2023-11-26T00:20:21.085+0000] {logging_mixin.py:154} INFO - [2023-11-26T00:20:21.084+0000] {dagbag.py:536} INFO - Filling up the DagBag from /home/airflow/.local/lib/python3.8/site-packages/airflow/example_dags/example_complex.py
[2023-11-26T00:20:21.165+0000] {processor.py:839} INFO - DAG(s) dict_keys(['example_complex']) retrieved from /home/airflow/.local/lib/python3.8/site-packages/airflow/example_dags/example_complex.py
[2023-11-26T00:20:21.470+0000] {logging_mixin.py:154} INFO - [2023-11-26T00:20:21.469+0000] {dag.py:2941} INFO - Sync 1 DAGs
[2023-11-26T00:20:21.633+0000] {logging_mixin.py:154} INFO - [2023-11-26T00:20:21.623+0000] {dag.py:3722} INFO - Setting next_dagrun for example_complex to None, run_after=None
[2023-11-26T00:20:21.897+0000] {processor.py:179} INFO - Processing /home/airflow/.local/lib/python3.8/site-packages/airflow/example_dags/example_complex.py took 0.842 seconds
[2023-11-26T00:20:52.603+0000] {processor.py:157} INFO - Started process (PID=355) to work on /home/airflow/.local/lib/python3.8/site-packages/airflow/example_dags/example_complex.py
[2023-11-26T00:20:52.606+0000] {processor.py:829} INFO - Processing file /home/airflow/.local/lib/python3.8/site-packages/airflow/example_dags/example_complex.py for tasks to queue
[2023-11-26T00:20:52.621+0000] {logging_mixin.py:154} INFO - [2023-11-26T00:20:52.620+0000] {dagbag.py:536} INFO - Filling up the DagBag from /home/airflow/.local/lib/python3.8/site-packages/airflow/example_dags/example_complex.py
[2023-11-26T00:20:52.656+0000] {processor.py:839} INFO - DAG(s) dict_keys(['example_complex']) retrieved from /home/airflow/.local/lib/python3.8/site-packages/airflow/example_dags/example_complex.py
[2023-11-26T00:20:52.758+0000] {logging_mixin.py:154} INFO - [2023-11-26T00:20:52.757+0000] {dag.py:2941} INFO - Sync 1 DAGs
[2023-11-26T00:20:52.796+0000] {logging_mixin.py:154} INFO - [2023-11-26T00:20:52.795+0000] {dag.py:3722} INFO - Setting next_dagrun for example_complex to None, run_after=None
[2023-11-26T00:20:52.877+0000] {processor.py:179} INFO - Processing /home/airflow/.local/lib/python3.8/site-packages/airflow/example_dags/example_complex.py took 0.281 seconds
[2023-11-26T00:21:23.428+0000] {processor.py:157} INFO - Started process (PID=409) to work on /home/airflow/.local/lib/python3.8/site-packages/airflow/example_dags/example_complex.py
[2023-11-26T00:21:23.430+0000] {processor.py:829} INFO - Processing file /home/airflow/.local/lib/python3.8/site-packages/airflow/example_dags/example_complex.py for tasks to queue
[2023-11-26T00:21:23.435+0000] {logging_mixin.py:154} INFO - [2023-11-26T00:21:23.435+0000] {dagbag.py:536} INFO - Filling up the DagBag from /home/airflow/.local/lib/python3.8/site-packages/airflow/example_dags/example_complex.py
[2023-11-26T00:21:23.468+0000] {processor.py:839} INFO - DAG(s) dict_keys(['example_complex']) retrieved from /home/airflow/.local/lib/python3.8/site-packages/airflow/example_dags/example_complex.py
[2023-11-26T00:21:23.551+0000] {logging_mixin.py:154} INFO - [2023-11-26T00:21:23.551+0000] {dag.py:2941} INFO - Sync 1 DAGs
[2023-11-26T00:21:23.588+0000] {logging_mixin.py:154} INFO - [2023-11-26T00:21:23.587+0000] {dag.py:3722} INFO - Setting next_dagrun for example_complex to None, run_after=None
[2023-11-26T00:21:23.648+0000] {processor.py:179} INFO - Processing /home/airflow/.local/lib/python3.8/site-packages/airflow/example_dags/example_complex.py took 0.230 seconds
[2023-11-26T00:21:58.584+0000] {processor.py:157} INFO - Started process (PID=463) to work on /home/airflow/.local/lib/python3.8/site-packages/airflow/example_dags/example_complex.py
[2023-11-26T00:21:58.605+0000] {processor.py:829} INFO - Processing file /home/airflow/.local/lib/python3.8/site-packages/airflow/example_dags/example_complex.py for tasks to queue
[2023-11-26T00:21:58.665+0000] {logging_mixin.py:154} INFO - [2023-11-26T00:21:58.664+0000] {dagbag.py:536} INFO - Filling up the DagBag from /home/airflow/.local/lib/python3.8/site-packages/airflow/example_dags/example_complex.py
[2023-11-26T00:21:58.801+0000] {processor.py:839} INFO - DAG(s) dict_keys(['example_complex']) retrieved from /home/airflow/.local/lib/python3.8/site-packages/airflow/example_dags/example_complex.py
[2023-11-26T00:21:59.128+0000] {logging_mixin.py:154} INFO - [2023-11-26T00:21:59.118+0000] {dag.py:2941} INFO - Sync 1 DAGs
[2023-11-26T00:21:59.224+0000] {logging_mixin.py:154} INFO - [2023-11-26T00:21:59.223+0000] {dag.py:3722} INFO - Setting next_dagrun for example_complex to None, run_after=None
[2023-11-26T00:21:59.418+0000] {processor.py:179} INFO - Processing /home/airflow/.local/lib/python3.8/site-packages/airflow/example_dags/example_complex.py took 0.859 seconds
[2023-11-26T00:22:30.403+0000] {processor.py:157} INFO - Started process (PID=516) to work on /home/airflow/.local/lib/python3.8/site-packages/airflow/example_dags/example_complex.py
[2023-11-26T00:22:30.417+0000] {processor.py:829} INFO - Processing file /home/airflow/.local/lib/python3.8/site-packages/airflow/example_dags/example_complex.py for tasks to queue
[2023-11-26T00:22:30.436+0000] {logging_mixin.py:154} INFO - [2023-11-26T00:22:30.435+0000] {dagbag.py:536} INFO - Filling up the DagBag from /home/airflow/.local/lib/python3.8/site-packages/airflow/example_dags/example_complex.py
[2023-11-26T00:22:30.578+0000] {processor.py:839} INFO - DAG(s) dict_keys(['example_complex']) retrieved from /home/airflow/.local/lib/python3.8/site-packages/airflow/example_dags/example_complex.py
[2023-11-26T00:22:30.836+0000] {logging_mixin.py:154} INFO - [2023-11-26T00:22:30.835+0000] {dag.py:2941} INFO - Sync 1 DAGs
[2023-11-26T00:22:30.956+0000] {logging_mixin.py:154} INFO - [2023-11-26T00:22:30.955+0000] {dag.py:3722} INFO - Setting next_dagrun for example_complex to None, run_after=None
[2023-11-26T00:22:31.125+0000] {processor.py:179} INFO - Processing /home/airflow/.local/lib/python3.8/site-packages/airflow/example_dags/example_complex.py took 0.752 seconds
[2023-11-26T00:23:02.188+0000] {processor.py:157} INFO - Started process (PID=571) to work on /home/airflow/.local/lib/python3.8/site-packages/airflow/example_dags/example_complex.py
[2023-11-26T00:23:02.192+0000] {processor.py:829} INFO - Processing file /home/airflow/.local/lib/python3.8/site-packages/airflow/example_dags/example_complex.py for tasks to queue
[2023-11-26T00:23:02.204+0000] {logging_mixin.py:154} INFO - [2023-11-26T00:23:02.199+0000] {dagbag.py:536} INFO - Filling up the DagBag from /home/airflow/.local/lib/python3.8/site-packages/airflow/example_dags/example_complex.py
[2023-11-26T00:23:02.289+0000] {processor.py:839} INFO - DAG(s) dict_keys(['example_complex']) retrieved from /home/airflow/.local/lib/python3.8/site-packages/airflow/example_dags/example_complex.py
[2023-11-26T00:23:02.489+0000] {logging_mixin.py:154} INFO - [2023-11-26T00:23:02.487+0000] {dag.py:2941} INFO - Sync 1 DAGs
[2023-11-26T00:23:02.547+0000] {logging_mixin.py:154} INFO - [2023-11-26T00:23:02.546+0000] {dag.py:3722} INFO - Setting next_dagrun for example_complex to None, run_after=None
[2023-11-26T00:23:02.674+0000] {processor.py:179} INFO - Processing /home/airflow/.local/lib/python3.8/site-packages/airflow/example_dags/example_complex.py took 0.497 seconds
[2023-11-26T00:23:33.250+0000] {processor.py:157} INFO - Started process (PID=625) to work on /home/airflow/.local/lib/python3.8/site-packages/airflow/example_dags/example_complex.py
[2023-11-26T00:23:33.253+0000] {processor.py:829} INFO - Processing file /home/airflow/.local/lib/python3.8/site-packages/airflow/example_dags/example_complex.py for tasks to queue
[2023-11-26T00:23:33.258+0000] {logging_mixin.py:154} INFO - [2023-11-26T00:23:33.257+0000] {dagbag.py:536} INFO - Filling up the DagBag from /home/airflow/.local/lib/python3.8/site-packages/airflow/example_dags/example_complex.py
[2023-11-26T00:23:33.286+0000] {processor.py:839} INFO - DAG(s) dict_keys(['example_complex']) retrieved from /home/airflow/.local/lib/python3.8/site-packages/airflow/example_dags/example_complex.py
[2023-11-26T00:23:33.345+0000] {logging_mixin.py:154} INFO - [2023-11-26T00:23:33.344+0000] {dag.py:2941} INFO - Sync 1 DAGs
[2023-11-26T00:23:33.369+0000] {logging_mixin.py:154} INFO - [2023-11-26T00:23:33.369+0000] {dag.py:3722} INFO - Setting next_dagrun for example_complex to None, run_after=None
[2023-11-26T00:23:33.425+0000] {processor.py:179} INFO - Processing /home/airflow/.local/lib/python3.8/site-packages/airflow/example_dags/example_complex.py took 0.181 seconds
[2023-11-26T00:24:04.143+0000] {processor.py:157} INFO - Started process (PID=679) to work on /home/airflow/.local/lib/python3.8/site-packages/airflow/example_dags/example_complex.py
[2023-11-26T00:24:04.145+0000] {processor.py:829} INFO - Processing file /home/airflow/.local/lib/python3.8/site-packages/airflow/example_dags/example_complex.py for tasks to queue
[2023-11-26T00:24:04.155+0000] {logging_mixin.py:154} INFO - [2023-11-26T00:24:04.154+0000] {dagbag.py:536} INFO - Filling up the DagBag from /home/airflow/.local/lib/python3.8/site-packages/airflow/example_dags/example_complex.py
[2023-11-26T00:24:04.190+0000] {processor.py:839} INFO - DAG(s) dict_keys(['example_complex']) retrieved from /home/airflow/.local/lib/python3.8/site-packages/airflow/example_dags/example_complex.py
[2023-11-26T00:24:04.292+0000] {logging_mixin.py:154} INFO - [2023-11-26T00:24:04.291+0000] {dag.py:2941} INFO - Sync 1 DAGs
[2023-11-26T00:24:04.332+0000] {logging_mixin.py:154} INFO - [2023-11-26T00:24:04.332+0000] {dag.py:3722} INFO - Setting next_dagrun for example_complex to None, run_after=None
[2023-11-26T00:24:04.417+0000] {processor.py:179} INFO - Processing /home/airflow/.local/lib/python3.8/site-packages/airflow/example_dags/example_complex.py took 0.279 seconds
[2023-11-26T00:24:35.044+0000] {processor.py:157} INFO - Started process (PID=733) to work on /home/airflow/.local/lib/python3.8/site-packages/airflow/example_dags/example_complex.py
[2023-11-26T00:24:35.047+0000] {processor.py:829} INFO - Processing file /home/airflow/.local/lib/python3.8/site-packages/airflow/example_dags/example_complex.py for tasks to queue
[2023-11-26T00:24:35.052+0000] {logging_mixin.py:154} INFO - [2023-11-26T00:24:35.051+0000] {dagbag.py:536} INFO - Filling up the DagBag from /home/airflow/.local/lib/python3.8/site-packages/airflow/example_dags/example_complex.py
[2023-11-26T00:24:35.075+0000] {processor.py:839} INFO - DAG(s) dict_keys(['example_complex']) retrieved from /home/airflow/.local/lib/python3.8/site-packages/airflow/example_dags/example_complex.py
[2023-11-26T00:24:35.135+0000] {logging_mixin.py:154} INFO - [2023-11-26T00:24:35.135+0000] {dag.py:2941} INFO - Sync 1 DAGs
[2023-11-26T00:24:35.167+0000] {logging_mixin.py:154} INFO - [2023-11-26T00:24:35.167+0000] {dag.py:3722} INFO - Setting next_dagrun for example_complex to None, run_after=None
[2023-11-26T00:24:35.223+0000] {processor.py:179} INFO - Processing /home/airflow/.local/lib/python3.8/site-packages/airflow/example_dags/example_complex.py took 0.184 seconds
[2023-11-26T00:25:05.526+0000] {processor.py:157} INFO - Started process (PID=787) to work on /home/airflow/.local/lib/python3.8/site-packages/airflow/example_dags/example_complex.py
[2023-11-26T00:25:05.529+0000] {processor.py:829} INFO - Processing file /home/airflow/.local/lib/python3.8/site-packages/airflow/example_dags/example_complex.py for tasks to queue
[2023-11-26T00:25:05.539+0000] {logging_mixin.py:154} INFO - [2023-11-26T00:25:05.536+0000] {dagbag.py:536} INFO - Filling up the DagBag from /home/airflow/.local/lib/python3.8/site-packages/airflow/example_dags/example_complex.py
[2023-11-26T00:25:05.566+0000] {processor.py:839} INFO - DAG(s) dict_keys(['example_complex']) retrieved from /home/airflow/.local/lib/python3.8/site-packages/airflow/example_dags/example_complex.py
[2023-11-26T00:25:05.624+0000] {logging_mixin.py:154} INFO - [2023-11-26T00:25:05.623+0000] {dag.py:2941} INFO - Sync 1 DAGs
[2023-11-26T00:25:05.674+0000] {logging_mixin.py:154} INFO - [2023-11-26T00:25:05.674+0000] {dag.py:3722} INFO - Setting next_dagrun for example_complex to None, run_after=None
[2023-11-26T00:25:05.761+0000] {processor.py:179} INFO - Processing /home/airflow/.local/lib/python3.8/site-packages/airflow/example_dags/example_complex.py took 0.240 seconds
[2023-11-26T00:25:36.306+0000] {processor.py:157} INFO - Started process (PID=841) to work on /home/airflow/.local/lib/python3.8/site-packages/airflow/example_dags/example_complex.py
[2023-11-26T00:25:36.309+0000] {processor.py:829} INFO - Processing file /home/airflow/.local/lib/python3.8/site-packages/airflow/example_dags/example_complex.py for tasks to queue
[2023-11-26T00:25:36.317+0000] {logging_mixin.py:154} INFO - [2023-11-26T00:25:36.315+0000] {dagbag.py:536} INFO - Filling up the DagBag from /home/airflow/.local/lib/python3.8/site-packages/airflow/example_dags/example_complex.py
[2023-11-26T00:25:36.334+0000] {processor.py:839} INFO - DAG(s) dict_keys(['example_complex']) retrieved from /home/airflow/.local/lib/python3.8/site-packages/airflow/example_dags/example_complex.py
[2023-11-26T00:25:36.433+0000] {logging_mixin.py:154} INFO - [2023-11-26T00:25:36.431+0000] {dag.py:2941} INFO - Sync 1 DAGs
[2023-11-26T00:25:36.469+0000] {logging_mixin.py:154} INFO - [2023-11-26T00:25:36.468+0000] {dag.py:3722} INFO - Setting next_dagrun for example_complex to None, run_after=None
[2023-11-26T00:25:36.544+0000] {processor.py:179} INFO - Processing /home/airflow/.local/lib/python3.8/site-packages/airflow/example_dags/example_complex.py took 0.243 seconds
[2023-11-26T00:26:07.229+0000] {processor.py:157} INFO - Started process (PID=895) to work on /home/airflow/.local/lib/python3.8/site-packages/airflow/example_dags/example_complex.py
[2023-11-26T00:26:07.231+0000] {processor.py:829} INFO - Processing file /home/airflow/.local/lib/python3.8/site-packages/airflow/example_dags/example_complex.py for tasks to queue
[2023-11-26T00:26:07.235+0000] {logging_mixin.py:154} INFO - [2023-11-26T00:26:07.235+0000] {dagbag.py:536} INFO - Filling up the DagBag from /home/airflow/.local/lib/python3.8/site-packages/airflow/example_dags/example_complex.py
[2023-11-26T00:26:07.257+0000] {processor.py:839} INFO - DAG(s) dict_keys(['example_complex']) retrieved from /home/airflow/.local/lib/python3.8/site-packages/airflow/example_dags/example_complex.py
[2023-11-26T00:26:07.310+0000] {logging_mixin.py:154} INFO - [2023-11-26T00:26:07.310+0000] {dag.py:2941} INFO - Sync 1 DAGs
[2023-11-26T00:26:07.332+0000] {logging_mixin.py:154} INFO - [2023-11-26T00:26:07.332+0000] {dag.py:3722} INFO - Setting next_dagrun for example_complex to None, run_after=None
[2023-11-26T00:26:07.370+0000] {processor.py:179} INFO - Processing /home/airflow/.local/lib/python3.8/site-packages/airflow/example_dags/example_complex.py took 0.147 seconds
[2023-11-26T00:26:37.633+0000] {processor.py:157} INFO - Started process (PID=948) to work on /home/airflow/.local/lib/python3.8/site-packages/airflow/example_dags/example_complex.py
[2023-11-26T00:26:37.635+0000] {processor.py:829} INFO - Processing file /home/airflow/.local/lib/python3.8/site-packages/airflow/example_dags/example_complex.py for tasks to queue
[2023-11-26T00:26:37.640+0000] {logging_mixin.py:154} INFO - [2023-11-26T00:26:37.639+0000] {dagbag.py:536} INFO - Filling up the DagBag from /home/airflow/.local/lib/python3.8/site-packages/airflow/example_dags/example_complex.py
[2023-11-26T00:26:37.661+0000] {processor.py:839} INFO - DAG(s) dict_keys(['example_complex']) retrieved from /home/airflow/.local/lib/python3.8/site-packages/airflow/example_dags/example_complex.py
[2023-11-26T00:26:37.718+0000] {logging_mixin.py:154} INFO - [2023-11-26T00:26:37.718+0000] {dag.py:2941} INFO - Sync 1 DAGs
[2023-11-26T00:26:37.743+0000] {logging_mixin.py:154} INFO - [2023-11-26T00:26:37.742+0000] {dag.py:3722} INFO - Setting next_dagrun for example_complex to None, run_after=None
[2023-11-26T00:26:37.780+0000] {processor.py:179} INFO - Processing /home/airflow/.local/lib/python3.8/site-packages/airflow/example_dags/example_complex.py took 0.153 seconds
[2023-11-26T00:27:08.203+0000] {processor.py:157} INFO - Started process (PID=1002) to work on /home/airflow/.local/lib/python3.8/site-packages/airflow/example_dags/example_complex.py
[2023-11-26T00:27:08.206+0000] {processor.py:829} INFO - Processing file /home/airflow/.local/lib/python3.8/site-packages/airflow/example_dags/example_complex.py for tasks to queue
[2023-11-26T00:27:08.212+0000] {logging_mixin.py:154} INFO - [2023-11-26T00:27:08.211+0000] {dagbag.py:536} INFO - Filling up the DagBag from /home/airflow/.local/lib/python3.8/site-packages/airflow/example_dags/example_complex.py
[2023-11-26T00:27:08.235+0000] {processor.py:839} INFO - DAG(s) dict_keys(['example_complex']) retrieved from /home/airflow/.local/lib/python3.8/site-packages/airflow/example_dags/example_complex.py
[2023-11-26T00:27:08.302+0000] {logging_mixin.py:154} INFO - [2023-11-26T00:27:08.302+0000] {dag.py:2941} INFO - Sync 1 DAGs
[2023-11-26T00:27:08.326+0000] {logging_mixin.py:154} INFO - [2023-11-26T00:27:08.325+0000] {dag.py:3722} INFO - Setting next_dagrun for example_complex to None, run_after=None
[2023-11-26T00:27:08.366+0000] {processor.py:179} INFO - Processing /home/airflow/.local/lib/python3.8/site-packages/airflow/example_dags/example_complex.py took 0.168 seconds
[2023-11-26T00:27:38.850+0000] {processor.py:157} INFO - Started process (PID=1056) to work on /home/airflow/.local/lib/python3.8/site-packages/airflow/example_dags/example_complex.py
[2023-11-26T00:27:38.852+0000] {processor.py:829} INFO - Processing file /home/airflow/.local/lib/python3.8/site-packages/airflow/example_dags/example_complex.py for tasks to queue
[2023-11-26T00:27:38.855+0000] {logging_mixin.py:154} INFO - [2023-11-26T00:27:38.855+0000] {dagbag.py:536} INFO - Filling up the DagBag from /home/airflow/.local/lib/python3.8/site-packages/airflow/example_dags/example_complex.py
[2023-11-26T00:27:38.869+0000] {processor.py:839} INFO - DAG(s) dict_keys(['example_complex']) retrieved from /home/airflow/.local/lib/python3.8/site-packages/airflow/example_dags/example_complex.py
[2023-11-26T00:27:38.908+0000] {logging_mixin.py:154} INFO - [2023-11-26T00:27:38.908+0000] {dag.py:2941} INFO - Sync 1 DAGs
[2023-11-26T00:27:38.923+0000] {logging_mixin.py:154} INFO - [2023-11-26T00:27:38.923+0000] {dag.py:3722} INFO - Setting next_dagrun for example_complex to None, run_after=None
[2023-11-26T00:27:38.951+0000] {processor.py:179} INFO - Processing /home/airflow/.local/lib/python3.8/site-packages/airflow/example_dags/example_complex.py took 0.107 seconds
[2023-11-26T00:28:09.552+0000] {processor.py:157} INFO - Started process (PID=1110) to work on /home/airflow/.local/lib/python3.8/site-packages/airflow/example_dags/example_complex.py
[2023-11-26T00:28:09.554+0000] {processor.py:829} INFO - Processing file /home/airflow/.local/lib/python3.8/site-packages/airflow/example_dags/example_complex.py for tasks to queue
[2023-11-26T00:28:09.557+0000] {logging_mixin.py:154} INFO - [2023-11-26T00:28:09.557+0000] {dagbag.py:536} INFO - Filling up the DagBag from /home/airflow/.local/lib/python3.8/site-packages/airflow/example_dags/example_complex.py
[2023-11-26T00:28:09.574+0000] {processor.py:839} INFO - DAG(s) dict_keys(['example_complex']) retrieved from /home/airflow/.local/lib/python3.8/site-packages/airflow/example_dags/example_complex.py
[2023-11-26T00:28:09.625+0000] {logging_mixin.py:154} INFO - [2023-11-26T00:28:09.624+0000] {dag.py:2941} INFO - Sync 1 DAGs
[2023-11-26T00:28:09.644+0000] {logging_mixin.py:154} INFO - [2023-11-26T00:28:09.644+0000] {dag.py:3722} INFO - Setting next_dagrun for example_complex to None, run_after=None
[2023-11-26T00:28:09.684+0000] {processor.py:179} INFO - Processing /home/airflow/.local/lib/python3.8/site-packages/airflow/example_dags/example_complex.py took 0.136 seconds
[2023-11-26T00:28:39.910+0000] {processor.py:157} INFO - Started process (PID=1163) to work on /home/airflow/.local/lib/python3.8/site-packages/airflow/example_dags/example_complex.py
[2023-11-26T00:28:39.912+0000] {processor.py:829} INFO - Processing file /home/airflow/.local/lib/python3.8/site-packages/airflow/example_dags/example_complex.py for tasks to queue
[2023-11-26T00:28:39.916+0000] {logging_mixin.py:154} INFO - [2023-11-26T00:28:39.915+0000] {dagbag.py:536} INFO - Filling up the DagBag from /home/airflow/.local/lib/python3.8/site-packages/airflow/example_dags/example_complex.py
[2023-11-26T00:28:39.930+0000] {processor.py:839} INFO - DAG(s) dict_keys(['example_complex']) retrieved from /home/airflow/.local/lib/python3.8/site-packages/airflow/example_dags/example_complex.py
[2023-11-26T00:28:39.971+0000] {logging_mixin.py:154} INFO - [2023-11-26T00:28:39.971+0000] {dag.py:2941} INFO - Sync 1 DAGs
[2023-11-26T00:28:39.987+0000] {logging_mixin.py:154} INFO - [2023-11-26T00:28:39.987+0000] {dag.py:3722} INFO - Setting next_dagrun for example_complex to None, run_after=None
[2023-11-26T00:28:40.016+0000] {processor.py:179} INFO - Processing /home/airflow/.local/lib/python3.8/site-packages/airflow/example_dags/example_complex.py took 0.112 seconds
[2023-11-26T00:29:10.307+0000] {processor.py:157} INFO - Started process (PID=1217) to work on /home/airflow/.local/lib/python3.8/site-packages/airflow/example_dags/example_complex.py
[2023-11-26T00:29:10.311+0000] {processor.py:829} INFO - Processing file /home/airflow/.local/lib/python3.8/site-packages/airflow/example_dags/example_complex.py for tasks to queue
[2023-11-26T00:29:10.316+0000] {logging_mixin.py:154} INFO - [2023-11-26T00:29:10.315+0000] {dagbag.py:536} INFO - Filling up the DagBag from /home/airflow/.local/lib/python3.8/site-packages/airflow/example_dags/example_complex.py
[2023-11-26T00:29:10.346+0000] {processor.py:839} INFO - DAG(s) dict_keys(['example_complex']) retrieved from /home/airflow/.local/lib/python3.8/site-packages/airflow/example_dags/example_complex.py
[2023-11-26T00:29:10.407+0000] {logging_mixin.py:154} INFO - [2023-11-26T00:29:10.407+0000] {dag.py:2941} INFO - Sync 1 DAGs
[2023-11-26T00:29:10.424+0000] {logging_mixin.py:154} INFO - [2023-11-26T00:29:10.424+0000] {dag.py:3722} INFO - Setting next_dagrun for example_complex to None, run_after=None
[2023-11-26T00:29:10.452+0000] {processor.py:179} INFO - Processing /home/airflow/.local/lib/python3.8/site-packages/airflow/example_dags/example_complex.py took 0.153 seconds
[2023-11-26T00:29:41.143+0000] {processor.py:157} INFO - Started process (PID=1271) to work on /home/airflow/.local/lib/python3.8/site-packages/airflow/example_dags/example_complex.py
[2023-11-26T00:29:41.147+0000] {processor.py:829} INFO - Processing file /home/airflow/.local/lib/python3.8/site-packages/airflow/example_dags/example_complex.py for tasks to queue
[2023-11-26T00:29:41.159+0000] {logging_mixin.py:154} INFO - [2023-11-26T00:29:41.158+0000] {dagbag.py:536} INFO - Filling up the DagBag from /home/airflow/.local/lib/python3.8/site-packages/airflow/example_dags/example_complex.py
[2023-11-26T00:29:41.177+0000] {processor.py:839} INFO - DAG(s) dict_keys(['example_complex']) retrieved from /home/airflow/.local/lib/python3.8/site-packages/airflow/example_dags/example_complex.py
[2023-11-26T00:29:41.241+0000] {logging_mixin.py:154} INFO - [2023-11-26T00:29:41.241+0000] {dag.py:2941} INFO - Sync 1 DAGs
[2023-11-26T00:29:41.277+0000] {logging_mixin.py:154} INFO - [2023-11-26T00:29:41.277+0000] {dag.py:3722} INFO - Setting next_dagrun for example_complex to None, run_after=None
[2023-11-26T00:29:41.346+0000] {processor.py:179} INFO - Processing /home/airflow/.local/lib/python3.8/site-packages/airflow/example_dags/example_complex.py took 0.209 seconds
[2023-11-26T00:30:11.502+0000] {processor.py:157} INFO - Started process (PID=1325) to work on /home/airflow/.local/lib/python3.8/site-packages/airflow/example_dags/example_complex.py
[2023-11-26T00:30:11.504+0000] {processor.py:829} INFO - Processing file /home/airflow/.local/lib/python3.8/site-packages/airflow/example_dags/example_complex.py for tasks to queue
[2023-11-26T00:30:11.509+0000] {logging_mixin.py:154} INFO - [2023-11-26T00:30:11.507+0000] {dagbag.py:536} INFO - Filling up the DagBag from /home/airflow/.local/lib/python3.8/site-packages/airflow/example_dags/example_complex.py
[2023-11-26T00:30:11.521+0000] {processor.py:839} INFO - DAG(s) dict_keys(['example_complex']) retrieved from /home/airflow/.local/lib/python3.8/site-packages/airflow/example_dags/example_complex.py
[2023-11-26T00:30:11.575+0000] {logging_mixin.py:154} INFO - [2023-11-26T00:30:11.575+0000] {dag.py:2941} INFO - Sync 1 DAGs
[2023-11-26T00:30:11.593+0000] {logging_mixin.py:154} INFO - [2023-11-26T00:30:11.592+0000] {dag.py:3722} INFO - Setting next_dagrun for example_complex to None, run_after=None
[2023-11-26T00:30:11.632+0000] {processor.py:179} INFO - Processing /home/airflow/.local/lib/python3.8/site-packages/airflow/example_dags/example_complex.py took 0.135 seconds
[2023-11-26T00:30:41.715+0000] {processor.py:157} INFO - Started process (PID=1379) to work on /home/airflow/.local/lib/python3.8/site-packages/airflow/example_dags/example_complex.py
[2023-11-26T00:30:41.719+0000] {processor.py:829} INFO - Processing file /home/airflow/.local/lib/python3.8/site-packages/airflow/example_dags/example_complex.py for tasks to queue
[2023-11-26T00:30:41.725+0000] {logging_mixin.py:154} INFO - [2023-11-26T00:30:41.724+0000] {dagbag.py:536} INFO - Filling up the DagBag from /home/airflow/.local/lib/python3.8/site-packages/airflow/example_dags/example_complex.py
[2023-11-26T00:30:41.760+0000] {processor.py:839} INFO - DAG(s) dict_keys(['example_complex']) retrieved from /home/airflow/.local/lib/python3.8/site-packages/airflow/example_dags/example_complex.py
[2023-11-26T00:30:41.800+0000] {logging_mixin.py:154} INFO - [2023-11-26T00:30:41.799+0000] {dag.py:2941} INFO - Sync 1 DAGs
[2023-11-26T00:30:41.816+0000] {logging_mixin.py:154} INFO - [2023-11-26T00:30:41.815+0000] {dag.py:3722} INFO - Setting next_dagrun for example_complex to None, run_after=None
[2023-11-26T00:30:41.850+0000] {processor.py:179} INFO - Processing /home/airflow/.local/lib/python3.8/site-packages/airflow/example_dags/example_complex.py took 0.144 seconds
[2023-11-26T00:31:12.202+0000] {processor.py:157} INFO - Started process (PID=1433) to work on /home/airflow/.local/lib/python3.8/site-packages/airflow/example_dags/example_complex.py
[2023-11-26T00:31:12.204+0000] {processor.py:829} INFO - Processing file /home/airflow/.local/lib/python3.8/site-packages/airflow/example_dags/example_complex.py for tasks to queue
[2023-11-26T00:31:12.206+0000] {logging_mixin.py:154} INFO - [2023-11-26T00:31:12.206+0000] {dagbag.py:536} INFO - Filling up the DagBag from /home/airflow/.local/lib/python3.8/site-packages/airflow/example_dags/example_complex.py
[2023-11-26T00:31:12.221+0000] {processor.py:839} INFO - DAG(s) dict_keys(['example_complex']) retrieved from /home/airflow/.local/lib/python3.8/site-packages/airflow/example_dags/example_complex.py
[2023-11-26T00:31:12.270+0000] {logging_mixin.py:154} INFO - [2023-11-26T00:31:12.269+0000] {dag.py:2941} INFO - Sync 1 DAGs
[2023-11-26T00:31:12.286+0000] {logging_mixin.py:154} INFO - [2023-11-26T00:31:12.286+0000] {dag.py:3722} INFO - Setting next_dagrun for example_complex to None, run_after=None
[2023-11-26T00:31:12.321+0000] {processor.py:179} INFO - Processing /home/airflow/.local/lib/python3.8/site-packages/airflow/example_dags/example_complex.py took 0.126 seconds
[2023-11-26T00:31:42.473+0000] {processor.py:157} INFO - Started process (PID=1487) to work on /home/airflow/.local/lib/python3.8/site-packages/airflow/example_dags/example_complex.py
[2023-11-26T00:31:42.475+0000] {processor.py:829} INFO - Processing file /home/airflow/.local/lib/python3.8/site-packages/airflow/example_dags/example_complex.py for tasks to queue
[2023-11-26T00:31:42.480+0000] {logging_mixin.py:154} INFO - [2023-11-26T00:31:42.480+0000] {dagbag.py:536} INFO - Filling up the DagBag from /home/airflow/.local/lib/python3.8/site-packages/airflow/example_dags/example_complex.py
[2023-11-26T00:31:42.515+0000] {processor.py:839} INFO - DAG(s) dict_keys(['example_complex']) retrieved from /home/airflow/.local/lib/python3.8/site-packages/airflow/example_dags/example_complex.py
[2023-11-26T00:31:42.577+0000] {logging_mixin.py:154} INFO - [2023-11-26T00:31:42.577+0000] {dag.py:2941} INFO - Sync 1 DAGs
[2023-11-26T00:31:42.605+0000] {logging_mixin.py:154} INFO - [2023-11-26T00:31:42.604+0000] {dag.py:3722} INFO - Setting next_dagrun for example_complex to None, run_after=None
[2023-11-26T00:31:42.649+0000] {processor.py:179} INFO - Processing /home/airflow/.local/lib/python3.8/site-packages/airflow/example_dags/example_complex.py took 0.181 seconds
[2023-11-26T00:32:12.743+0000] {processor.py:157} INFO - Started process (PID=1541) to work on /home/airflow/.local/lib/python3.8/site-packages/airflow/example_dags/example_complex.py
[2023-11-26T00:32:12.745+0000] {processor.py:829} INFO - Processing file /home/airflow/.local/lib/python3.8/site-packages/airflow/example_dags/example_complex.py for tasks to queue
[2023-11-26T00:32:12.749+0000] {logging_mixin.py:154} INFO - [2023-11-26T00:32:12.748+0000] {dagbag.py:536} INFO - Filling up the DagBag from /home/airflow/.local/lib/python3.8/site-packages/airflow/example_dags/example_complex.py
[2023-11-26T00:32:12.764+0000] {processor.py:839} INFO - DAG(s) dict_keys(['example_complex']) retrieved from /home/airflow/.local/lib/python3.8/site-packages/airflow/example_dags/example_complex.py
[2023-11-26T00:32:12.806+0000] {logging_mixin.py:154} INFO - [2023-11-26T00:32:12.806+0000] {dag.py:2941} INFO - Sync 1 DAGs
[2023-11-26T00:32:12.823+0000] {logging_mixin.py:154} INFO - [2023-11-26T00:32:12.823+0000] {dag.py:3722} INFO - Setting next_dagrun for example_complex to None, run_after=None
[2023-11-26T00:32:12.868+0000] {processor.py:179} INFO - Processing /home/airflow/.local/lib/python3.8/site-packages/airflow/example_dags/example_complex.py took 0.130 seconds
[2023-11-26T00:32:43.258+0000] {processor.py:157} INFO - Started process (PID=1595) to work on /home/airflow/.local/lib/python3.8/site-packages/airflow/example_dags/example_complex.py
[2023-11-26T00:32:43.259+0000] {processor.py:829} INFO - Processing file /home/airflow/.local/lib/python3.8/site-packages/airflow/example_dags/example_complex.py for tasks to queue
[2023-11-26T00:32:43.263+0000] {logging_mixin.py:154} INFO - [2023-11-26T00:32:43.262+0000] {dagbag.py:536} INFO - Filling up the DagBag from /home/airflow/.local/lib/python3.8/site-packages/airflow/example_dags/example_complex.py
[2023-11-26T00:32:43.272+0000] {processor.py:839} INFO - DAG(s) dict_keys(['example_complex']) retrieved from /home/airflow/.local/lib/python3.8/site-packages/airflow/example_dags/example_complex.py
[2023-11-26T00:32:43.301+0000] {logging_mixin.py:154} INFO - [2023-11-26T00:32:43.301+0000] {dag.py:2941} INFO - Sync 1 DAGs
[2023-11-26T00:32:43.312+0000] {logging_mixin.py:154} INFO - [2023-11-26T00:32:43.312+0000] {dag.py:3722} INFO - Setting next_dagrun for example_complex to None, run_after=None
[2023-11-26T00:32:43.335+0000] {processor.py:179} INFO - Processing /home/airflow/.local/lib/python3.8/site-packages/airflow/example_dags/example_complex.py took 0.082 seconds
[2023-11-26T00:33:13.851+0000] {processor.py:157} INFO - Started process (PID=1649) to work on /home/airflow/.local/lib/python3.8/site-packages/airflow/example_dags/example_complex.py
[2023-11-26T00:33:13.854+0000] {processor.py:829} INFO - Processing file /home/airflow/.local/lib/python3.8/site-packages/airflow/example_dags/example_complex.py for tasks to queue
[2023-11-26T00:33:13.858+0000] {logging_mixin.py:154} INFO - [2023-11-26T00:33:13.858+0000] {dagbag.py:536} INFO - Filling up the DagBag from /home/airflow/.local/lib/python3.8/site-packages/airflow/example_dags/example_complex.py
[2023-11-26T00:33:13.878+0000] {processor.py:839} INFO - DAG(s) dict_keys(['example_complex']) retrieved from /home/airflow/.local/lib/python3.8/site-packages/airflow/example_dags/example_complex.py
[2023-11-26T00:33:13.934+0000] {logging_mixin.py:154} INFO - [2023-11-26T00:33:13.933+0000] {dag.py:2941} INFO - Sync 1 DAGs
[2023-11-26T00:33:13.950+0000] {logging_mixin.py:154} INFO - [2023-11-26T00:33:13.950+0000] {dag.py:3722} INFO - Setting next_dagrun for example_complex to None, run_after=None
[2023-11-26T00:33:13.995+0000] {processor.py:179} INFO - Processing /home/airflow/.local/lib/python3.8/site-packages/airflow/example_dags/example_complex.py took 0.154 seconds
[2023-11-26T00:33:44.364+0000] {processor.py:157} INFO - Started process (PID=1703) to work on /home/airflow/.local/lib/python3.8/site-packages/airflow/example_dags/example_complex.py
[2023-11-26T00:33:44.365+0000] {processor.py:829} INFO - Processing file /home/airflow/.local/lib/python3.8/site-packages/airflow/example_dags/example_complex.py for tasks to queue
[2023-11-26T00:33:44.368+0000] {logging_mixin.py:154} INFO - [2023-11-26T00:33:44.367+0000] {dagbag.py:536} INFO - Filling up the DagBag from /home/airflow/.local/lib/python3.8/site-packages/airflow/example_dags/example_complex.py
[2023-11-26T00:33:44.378+0000] {processor.py:839} INFO - DAG(s) dict_keys(['example_complex']) retrieved from /home/airflow/.local/lib/python3.8/site-packages/airflow/example_dags/example_complex.py
[2023-11-26T00:33:44.408+0000] {logging_mixin.py:154} INFO - [2023-11-26T00:33:44.408+0000] {dag.py:2941} INFO - Sync 1 DAGs
[2023-11-26T00:33:44.420+0000] {logging_mixin.py:154} INFO - [2023-11-26T00:33:44.420+0000] {dag.py:3722} INFO - Setting next_dagrun for example_complex to None, run_after=None
[2023-11-26T00:33:44.449+0000] {processor.py:179} INFO - Processing /home/airflow/.local/lib/python3.8/site-packages/airflow/example_dags/example_complex.py took 0.089 seconds
[2023-11-26T00:34:14.993+0000] {processor.py:157} INFO - Started process (PID=1757) to work on /home/airflow/.local/lib/python3.8/site-packages/airflow/example_dags/example_complex.py
[2023-11-26T00:34:14.994+0000] {processor.py:829} INFO - Processing file /home/airflow/.local/lib/python3.8/site-packages/airflow/example_dags/example_complex.py for tasks to queue
[2023-11-26T00:34:14.999+0000] {logging_mixin.py:154} INFO - [2023-11-26T00:34:14.998+0000] {dagbag.py:536} INFO - Filling up the DagBag from /home/airflow/.local/lib/python3.8/site-packages/airflow/example_dags/example_complex.py
[2023-11-26T00:34:15.010+0000] {processor.py:839} INFO - DAG(s) dict_keys(['example_complex']) retrieved from /home/airflow/.local/lib/python3.8/site-packages/airflow/example_dags/example_complex.py
[2023-11-26T00:34:15.041+0000] {logging_mixin.py:154} INFO - [2023-11-26T00:34:15.041+0000] {dag.py:2941} INFO - Sync 1 DAGs
[2023-11-26T00:34:15.053+0000] {logging_mixin.py:154} INFO - [2023-11-26T00:34:15.053+0000] {dag.py:3722} INFO - Setting next_dagrun for example_complex to None, run_after=None
[2023-11-26T00:34:15.078+0000] {processor.py:179} INFO - Processing /home/airflow/.local/lib/python3.8/site-packages/airflow/example_dags/example_complex.py took 0.089 seconds
[2023-11-26T00:34:45.478+0000] {processor.py:157} INFO - Started process (PID=1811) to work on /home/airflow/.local/lib/python3.8/site-packages/airflow/example_dags/example_complex.py
[2023-11-26T00:34:45.480+0000] {processor.py:829} INFO - Processing file /home/airflow/.local/lib/python3.8/site-packages/airflow/example_dags/example_complex.py for tasks to queue
[2023-11-26T00:34:45.483+0000] {logging_mixin.py:154} INFO - [2023-11-26T00:34:45.482+0000] {dagbag.py:536} INFO - Filling up the DagBag from /home/airflow/.local/lib/python3.8/site-packages/airflow/example_dags/example_complex.py
[2023-11-26T00:34:45.491+0000] {processor.py:839} INFO - DAG(s) dict_keys(['example_complex']) retrieved from /home/airflow/.local/lib/python3.8/site-packages/airflow/example_dags/example_complex.py
[2023-11-26T00:34:45.518+0000] {logging_mixin.py:154} INFO - [2023-11-26T00:34:45.518+0000] {dag.py:2941} INFO - Sync 1 DAGs
[2023-11-26T00:34:45.529+0000] {logging_mixin.py:154} INFO - [2023-11-26T00:34:45.529+0000] {dag.py:3722} INFO - Setting next_dagrun for example_complex to None, run_after=None
[2023-11-26T00:34:45.553+0000] {processor.py:179} INFO - Processing /home/airflow/.local/lib/python3.8/site-packages/airflow/example_dags/example_complex.py took 0.079 seconds
[2023-11-26T00:35:15.772+0000] {processor.py:157} INFO - Started process (PID=1865) to work on /home/airflow/.local/lib/python3.8/site-packages/airflow/example_dags/example_complex.py
[2023-11-26T00:35:15.773+0000] {processor.py:829} INFO - Processing file /home/airflow/.local/lib/python3.8/site-packages/airflow/example_dags/example_complex.py for tasks to queue
[2023-11-26T00:35:15.776+0000] {logging_mixin.py:154} INFO - [2023-11-26T00:35:15.775+0000] {dagbag.py:536} INFO - Filling up the DagBag from /home/airflow/.local/lib/python3.8/site-packages/airflow/example_dags/example_complex.py
[2023-11-26T00:35:15.785+0000] {processor.py:839} INFO - DAG(s) dict_keys(['example_complex']) retrieved from /home/airflow/.local/lib/python3.8/site-packages/airflow/example_dags/example_complex.py
[2023-11-26T00:35:15.814+0000] {logging_mixin.py:154} INFO - [2023-11-26T00:35:15.813+0000] {dag.py:2941} INFO - Sync 1 DAGs
[2023-11-26T00:35:15.825+0000] {logging_mixin.py:154} INFO - [2023-11-26T00:35:15.824+0000] {dag.py:3722} INFO - Setting next_dagrun for example_complex to None, run_after=None
[2023-11-26T00:35:15.849+0000] {processor.py:179} INFO - Processing /home/airflow/.local/lib/python3.8/site-packages/airflow/example_dags/example_complex.py took 0.080 seconds
[2023-11-26T00:35:46.250+0000] {processor.py:157} INFO - Started process (PID=1919) to work on /home/airflow/.local/lib/python3.8/site-packages/airflow/example_dags/example_complex.py
[2023-11-26T00:35:46.251+0000] {processor.py:829} INFO - Processing file /home/airflow/.local/lib/python3.8/site-packages/airflow/example_dags/example_complex.py for tasks to queue
[2023-11-26T00:35:46.254+0000] {logging_mixin.py:154} INFO - [2023-11-26T00:35:46.253+0000] {dagbag.py:536} INFO - Filling up the DagBag from /home/airflow/.local/lib/python3.8/site-packages/airflow/example_dags/example_complex.py
[2023-11-26T00:35:46.263+0000] {processor.py:839} INFO - DAG(s) dict_keys(['example_complex']) retrieved from /home/airflow/.local/lib/python3.8/site-packages/airflow/example_dags/example_complex.py
[2023-11-26T00:35:46.292+0000] {logging_mixin.py:154} INFO - [2023-11-26T00:35:46.291+0000] {dag.py:2941} INFO - Sync 1 DAGs
[2023-11-26T00:35:46.302+0000] {logging_mixin.py:154} INFO - [2023-11-26T00:35:46.302+0000] {dag.py:3722} INFO - Setting next_dagrun for example_complex to None, run_after=None
[2023-11-26T00:35:46.326+0000] {processor.py:179} INFO - Processing /home/airflow/.local/lib/python3.8/site-packages/airflow/example_dags/example_complex.py took 0.079 seconds
[2023-11-26T00:36:16.743+0000] {processor.py:157} INFO - Started process (PID=1973) to work on /home/airflow/.local/lib/python3.8/site-packages/airflow/example_dags/example_complex.py
[2023-11-26T00:36:16.745+0000] {processor.py:829} INFO - Processing file /home/airflow/.local/lib/python3.8/site-packages/airflow/example_dags/example_complex.py for tasks to queue
[2023-11-26T00:36:16.747+0000] {logging_mixin.py:154} INFO - [2023-11-26T00:36:16.747+0000] {dagbag.py:536} INFO - Filling up the DagBag from /home/airflow/.local/lib/python3.8/site-packages/airflow/example_dags/example_complex.py
[2023-11-26T00:36:16.757+0000] {processor.py:839} INFO - DAG(s) dict_keys(['example_complex']) retrieved from /home/airflow/.local/lib/python3.8/site-packages/airflow/example_dags/example_complex.py
[2023-11-26T00:36:16.785+0000] {logging_mixin.py:154} INFO - [2023-11-26T00:36:16.785+0000] {dag.py:2941} INFO - Sync 1 DAGs
[2023-11-26T00:36:16.797+0000] {logging_mixin.py:154} INFO - [2023-11-26T00:36:16.796+0000] {dag.py:3722} INFO - Setting next_dagrun for example_complex to None, run_after=None
[2023-11-26T00:36:16.819+0000] {processor.py:179} INFO - Processing /home/airflow/.local/lib/python3.8/site-packages/airflow/example_dags/example_complex.py took 0.080 seconds
[2023-11-26T00:36:47.424+0000] {processor.py:157} INFO - Started process (PID=2027) to work on /home/airflow/.local/lib/python3.8/site-packages/airflow/example_dags/example_complex.py
[2023-11-26T00:36:47.426+0000] {processor.py:829} INFO - Processing file /home/airflow/.local/lib/python3.8/site-packages/airflow/example_dags/example_complex.py for tasks to queue
[2023-11-26T00:36:47.428+0000] {logging_mixin.py:154} INFO - [2023-11-26T00:36:47.428+0000] {dagbag.py:536} INFO - Filling up the DagBag from /home/airflow/.local/lib/python3.8/site-packages/airflow/example_dags/example_complex.py
[2023-11-26T00:36:47.443+0000] {processor.py:839} INFO - DAG(s) dict_keys(['example_complex']) retrieved from /home/airflow/.local/lib/python3.8/site-packages/airflow/example_dags/example_complex.py
[2023-11-26T00:36:47.478+0000] {logging_mixin.py:154} INFO - [2023-11-26T00:36:47.477+0000] {dag.py:2941} INFO - Sync 1 DAGs
[2023-11-26T00:36:47.492+0000] {logging_mixin.py:154} INFO - [2023-11-26T00:36:47.492+0000] {dag.py:3722} INFO - Setting next_dagrun for example_complex to None, run_after=None
[2023-11-26T00:36:47.525+0000] {processor.py:179} INFO - Processing /home/airflow/.local/lib/python3.8/site-packages/airflow/example_dags/example_complex.py took 0.105 seconds
[2023-11-26T00:37:18.240+0000] {processor.py:157} INFO - Started process (PID=2081) to work on /home/airflow/.local/lib/python3.8/site-packages/airflow/example_dags/example_complex.py
[2023-11-26T00:37:18.241+0000] {processor.py:829} INFO - Processing file /home/airflow/.local/lib/python3.8/site-packages/airflow/example_dags/example_complex.py for tasks to queue
[2023-11-26T00:37:18.243+0000] {logging_mixin.py:154} INFO - [2023-11-26T00:37:18.243+0000] {dagbag.py:536} INFO - Filling up the DagBag from /home/airflow/.local/lib/python3.8/site-packages/airflow/example_dags/example_complex.py
[2023-11-26T00:37:18.254+0000] {processor.py:839} INFO - DAG(s) dict_keys(['example_complex']) retrieved from /home/airflow/.local/lib/python3.8/site-packages/airflow/example_dags/example_complex.py
[2023-11-26T00:37:18.286+0000] {logging_mixin.py:154} INFO - [2023-11-26T00:37:18.285+0000] {dag.py:2941} INFO - Sync 1 DAGs
[2023-11-26T00:37:18.297+0000] {logging_mixin.py:154} INFO - [2023-11-26T00:37:18.297+0000] {dag.py:3722} INFO - Setting next_dagrun for example_complex to None, run_after=None
[2023-11-26T00:37:18.321+0000] {processor.py:179} INFO - Processing /home/airflow/.local/lib/python3.8/site-packages/airflow/example_dags/example_complex.py took 0.085 seconds
[2023-11-26T00:37:48.704+0000] {processor.py:157} INFO - Started process (PID=2135) to work on /home/airflow/.local/lib/python3.8/site-packages/airflow/example_dags/example_complex.py
[2023-11-26T00:37:48.705+0000] {processor.py:829} INFO - Processing file /home/airflow/.local/lib/python3.8/site-packages/airflow/example_dags/example_complex.py for tasks to queue
[2023-11-26T00:37:48.709+0000] {logging_mixin.py:154} INFO - [2023-11-26T00:37:48.709+0000] {dagbag.py:536} INFO - Filling up the DagBag from /home/airflow/.local/lib/python3.8/site-packages/airflow/example_dags/example_complex.py
[2023-11-26T00:37:48.727+0000] {processor.py:839} INFO - DAG(s) dict_keys(['example_complex']) retrieved from /home/airflow/.local/lib/python3.8/site-packages/airflow/example_dags/example_complex.py
[2023-11-26T00:37:48.773+0000] {logging_mixin.py:154} INFO - [2023-11-26T00:37:48.772+0000] {dag.py:2941} INFO - Sync 1 DAGs
[2023-11-26T00:37:48.787+0000] {logging_mixin.py:154} INFO - [2023-11-26T00:37:48.787+0000] {dag.py:3722} INFO - Setting next_dagrun for example_complex to None, run_after=None
[2023-11-26T00:37:48.814+0000] {processor.py:179} INFO - Processing /home/airflow/.local/lib/python3.8/site-packages/airflow/example_dags/example_complex.py took 0.114 seconds
[2023-11-26T00:38:19.114+0000] {processor.py:157} INFO - Started process (PID=2189) to work on /home/airflow/.local/lib/python3.8/site-packages/airflow/example_dags/example_complex.py
[2023-11-26T00:38:19.116+0000] {processor.py:829} INFO - Processing file /home/airflow/.local/lib/python3.8/site-packages/airflow/example_dags/example_complex.py for tasks to queue
[2023-11-26T00:38:19.119+0000] {logging_mixin.py:154} INFO - [2023-11-26T00:38:19.119+0000] {dagbag.py:536} INFO - Filling up the DagBag from /home/airflow/.local/lib/python3.8/site-packages/airflow/example_dags/example_complex.py
[2023-11-26T00:38:19.141+0000] {processor.py:839} INFO - DAG(s) dict_keys(['example_complex']) retrieved from /home/airflow/.local/lib/python3.8/site-packages/airflow/example_dags/example_complex.py
[2023-11-26T00:38:19.188+0000] {logging_mixin.py:154} INFO - [2023-11-26T00:38:19.188+0000] {dag.py:2941} INFO - Sync 1 DAGs
[2023-11-26T00:38:19.205+0000] {logging_mixin.py:154} INFO - [2023-11-26T00:38:19.205+0000] {dag.py:3722} INFO - Setting next_dagrun for example_complex to None, run_after=None
[2023-11-26T00:38:19.240+0000] {processor.py:179} INFO - Processing /home/airflow/.local/lib/python3.8/site-packages/airflow/example_dags/example_complex.py took 0.130 seconds
[2023-11-26T00:38:50.109+0000] {processor.py:157} INFO - Started process (PID=2243) to work on /home/airflow/.local/lib/python3.8/site-packages/airflow/example_dags/example_complex.py
[2023-11-26T00:38:50.118+0000] {processor.py:829} INFO - Processing file /home/airflow/.local/lib/python3.8/site-packages/airflow/example_dags/example_complex.py for tasks to queue
[2023-11-26T00:38:50.124+0000] {logging_mixin.py:154} INFO - [2023-11-26T00:38:50.123+0000] {dagbag.py:536} INFO - Filling up the DagBag from /home/airflow/.local/lib/python3.8/site-packages/airflow/example_dags/example_complex.py
[2023-11-26T00:38:50.151+0000] {processor.py:839} INFO - DAG(s) dict_keys(['example_complex']) retrieved from /home/airflow/.local/lib/python3.8/site-packages/airflow/example_dags/example_complex.py
[2023-11-26T00:38:50.190+0000] {logging_mixin.py:154} INFO - [2023-11-26T00:38:50.190+0000] {dag.py:2941} INFO - Sync 1 DAGs
[2023-11-26T00:38:50.208+0000] {logging_mixin.py:154} INFO - [2023-11-26T00:38:50.208+0000] {dag.py:3722} INFO - Setting next_dagrun for example_complex to None, run_after=None
[2023-11-26T00:38:50.391+0000] {processor.py:179} INFO - Processing /home/airflow/.local/lib/python3.8/site-packages/airflow/example_dags/example_complex.py took 0.287 seconds
[2023-11-26T00:39:20.584+0000] {processor.py:157} INFO - Started process (PID=2297) to work on /home/airflow/.local/lib/python3.8/site-packages/airflow/example_dags/example_complex.py
[2023-11-26T00:39:20.585+0000] {processor.py:829} INFO - Processing file /home/airflow/.local/lib/python3.8/site-packages/airflow/example_dags/example_complex.py for tasks to queue
[2023-11-26T00:39:20.587+0000] {logging_mixin.py:154} INFO - [2023-11-26T00:39:20.587+0000] {dagbag.py:536} INFO - Filling up the DagBag from /home/airflow/.local/lib/python3.8/site-packages/airflow/example_dags/example_complex.py
[2023-11-26T00:39:20.602+0000] {processor.py:839} INFO - DAG(s) dict_keys(['example_complex']) retrieved from /home/airflow/.local/lib/python3.8/site-packages/airflow/example_dags/example_complex.py
[2023-11-26T00:39:20.640+0000] {logging_mixin.py:154} INFO - [2023-11-26T00:39:20.640+0000] {dag.py:2941} INFO - Sync 1 DAGs
[2023-11-26T00:39:20.655+0000] {logging_mixin.py:154} INFO - [2023-11-26T00:39:20.655+0000] {dag.py:3722} INFO - Setting next_dagrun for example_complex to None, run_after=None
[2023-11-26T00:39:20.677+0000] {processor.py:179} INFO - Processing /home/airflow/.local/lib/python3.8/site-packages/airflow/example_dags/example_complex.py took 0.096 seconds
[2023-11-26T00:39:51.014+0000] {processor.py:157} INFO - Started process (PID=2351) to work on /home/airflow/.local/lib/python3.8/site-packages/airflow/example_dags/example_complex.py
[2023-11-26T00:39:51.015+0000] {processor.py:829} INFO - Processing file /home/airflow/.local/lib/python3.8/site-packages/airflow/example_dags/example_complex.py for tasks to queue
[2023-11-26T00:39:51.017+0000] {logging_mixin.py:154} INFO - [2023-11-26T00:39:51.017+0000] {dagbag.py:536} INFO - Filling up the DagBag from /home/airflow/.local/lib/python3.8/site-packages/airflow/example_dags/example_complex.py
[2023-11-26T00:39:51.028+0000] {processor.py:839} INFO - DAG(s) dict_keys(['example_complex']) retrieved from /home/airflow/.local/lib/python3.8/site-packages/airflow/example_dags/example_complex.py
[2023-11-26T00:39:51.060+0000] {logging_mixin.py:154} INFO - [2023-11-26T00:39:51.059+0000] {dag.py:2941} INFO - Sync 1 DAGs
[2023-11-26T00:39:51.071+0000] {logging_mixin.py:154} INFO - [2023-11-26T00:39:51.071+0000] {dag.py:3722} INFO - Setting next_dagrun for example_complex to None, run_after=None
[2023-11-26T00:39:51.100+0000] {processor.py:179} INFO - Processing /home/airflow/.local/lib/python3.8/site-packages/airflow/example_dags/example_complex.py took 0.089 seconds
[2023-11-26T00:40:21.490+0000] {processor.py:157} INFO - Started process (PID=2405) to work on /home/airflow/.local/lib/python3.8/site-packages/airflow/example_dags/example_complex.py
[2023-11-26T00:40:21.491+0000] {processor.py:829} INFO - Processing file /home/airflow/.local/lib/python3.8/site-packages/airflow/example_dags/example_complex.py for tasks to queue
[2023-11-26T00:40:21.494+0000] {logging_mixin.py:154} INFO - [2023-11-26T00:40:21.493+0000] {dagbag.py:536} INFO - Filling up the DagBag from /home/airflow/.local/lib/python3.8/site-packages/airflow/example_dags/example_complex.py
[2023-11-26T00:40:21.503+0000] {processor.py:839} INFO - DAG(s) dict_keys(['example_complex']) retrieved from /home/airflow/.local/lib/python3.8/site-packages/airflow/example_dags/example_complex.py
[2023-11-26T00:40:21.536+0000] {logging_mixin.py:154} INFO - [2023-11-26T00:40:21.536+0000] {dag.py:2941} INFO - Sync 1 DAGs
[2023-11-26T00:40:21.682+0000] {logging_mixin.py:154} INFO - [2023-11-26T00:40:21.682+0000] {dag.py:3722} INFO - Setting next_dagrun for example_complex to None, run_after=None
[2023-11-26T00:40:21.704+0000] {processor.py:179} INFO - Processing /home/airflow/.local/lib/python3.8/site-packages/airflow/example_dags/example_complex.py took 0.218 seconds
[2023-11-26T00:40:51.923+0000] {processor.py:157} INFO - Started process (PID=2459) to work on /home/airflow/.local/lib/python3.8/site-packages/airflow/example_dags/example_complex.py
[2023-11-26T00:40:51.925+0000] {processor.py:829} INFO - Processing file /home/airflow/.local/lib/python3.8/site-packages/airflow/example_dags/example_complex.py for tasks to queue
[2023-11-26T00:40:51.927+0000] {logging_mixin.py:154} INFO - [2023-11-26T00:40:51.927+0000] {dagbag.py:536} INFO - Filling up the DagBag from /home/airflow/.local/lib/python3.8/site-packages/airflow/example_dags/example_complex.py
[2023-11-26T00:40:51.936+0000] {processor.py:839} INFO - DAG(s) dict_keys(['example_complex']) retrieved from /home/airflow/.local/lib/python3.8/site-packages/airflow/example_dags/example_complex.py
[2023-11-26T00:40:51.962+0000] {logging_mixin.py:154} INFO - [2023-11-26T00:40:51.962+0000] {dag.py:2941} INFO - Sync 1 DAGs
[2023-11-26T00:40:51.972+0000] {logging_mixin.py:154} INFO - [2023-11-26T00:40:51.972+0000] {dag.py:3722} INFO - Setting next_dagrun for example_complex to None, run_after=None
[2023-11-26T00:40:51.995+0000] {processor.py:179} INFO - Processing /home/airflow/.local/lib/python3.8/site-packages/airflow/example_dags/example_complex.py took 0.075 seconds
[2023-11-26T00:41:22.656+0000] {processor.py:157} INFO - Started process (PID=2511) to work on /home/airflow/.local/lib/python3.8/site-packages/airflow/example_dags/example_complex.py
[2023-11-26T00:41:22.658+0000] {processor.py:829} INFO - Processing file /home/airflow/.local/lib/python3.8/site-packages/airflow/example_dags/example_complex.py for tasks to queue
[2023-11-26T00:41:22.660+0000] {logging_mixin.py:154} INFO - [2023-11-26T00:41:22.660+0000] {dagbag.py:536} INFO - Filling up the DagBag from /home/airflow/.local/lib/python3.8/site-packages/airflow/example_dags/example_complex.py
[2023-11-26T00:41:22.670+0000] {processor.py:839} INFO - DAG(s) dict_keys(['example_complex']) retrieved from /home/airflow/.local/lib/python3.8/site-packages/airflow/example_dags/example_complex.py
[2023-11-26T00:41:22.698+0000] {logging_mixin.py:154} INFO - [2023-11-26T00:41:22.698+0000] {dag.py:2941} INFO - Sync 1 DAGs
[2023-11-26T00:41:22.711+0000] {logging_mixin.py:154} INFO - [2023-11-26T00:41:22.710+0000] {dag.py:3722} INFO - Setting next_dagrun for example_complex to None, run_after=None
[2023-11-26T00:41:22.733+0000] {processor.py:179} INFO - Processing /home/airflow/.local/lib/python3.8/site-packages/airflow/example_dags/example_complex.py took 0.080 seconds
[2023-11-26T00:41:53.169+0000] {processor.py:157} INFO - Started process (PID=2565) to work on /home/airflow/.local/lib/python3.8/site-packages/airflow/example_dags/example_complex.py
[2023-11-26T00:41:53.171+0000] {processor.py:829} INFO - Processing file /home/airflow/.local/lib/python3.8/site-packages/airflow/example_dags/example_complex.py for tasks to queue
[2023-11-26T00:41:53.174+0000] {logging_mixin.py:154} INFO - [2023-11-26T00:41:53.173+0000] {dagbag.py:536} INFO - Filling up the DagBag from /home/airflow/.local/lib/python3.8/site-packages/airflow/example_dags/example_complex.py
[2023-11-26T00:41:53.187+0000] {processor.py:839} INFO - DAG(s) dict_keys(['example_complex']) retrieved from /home/airflow/.local/lib/python3.8/site-packages/airflow/example_dags/example_complex.py
[2023-11-26T00:41:53.217+0000] {logging_mixin.py:154} INFO - [2023-11-26T00:41:53.217+0000] {dag.py:2941} INFO - Sync 1 DAGs
[2023-11-26T00:41:53.380+0000] {logging_mixin.py:154} INFO - [2023-11-26T00:41:53.380+0000] {dag.py:3722} INFO - Setting next_dagrun for example_complex to None, run_after=None
[2023-11-26T00:41:53.404+0000] {processor.py:179} INFO - Processing /home/airflow/.local/lib/python3.8/site-packages/airflow/example_dags/example_complex.py took 0.239 seconds
[2023-11-26T00:42:24.099+0000] {processor.py:157} INFO - Started process (PID=2619) to work on /home/airflow/.local/lib/python3.8/site-packages/airflow/example_dags/example_complex.py
[2023-11-26T00:42:24.101+0000] {processor.py:829} INFO - Processing file /home/airflow/.local/lib/python3.8/site-packages/airflow/example_dags/example_complex.py for tasks to queue
[2023-11-26T00:42:24.103+0000] {logging_mixin.py:154} INFO - [2023-11-26T00:42:24.103+0000] {dagbag.py:536} INFO - Filling up the DagBag from /home/airflow/.local/lib/python3.8/site-packages/airflow/example_dags/example_complex.py
[2023-11-26T00:42:24.113+0000] {processor.py:839} INFO - DAG(s) dict_keys(['example_complex']) retrieved from /home/airflow/.local/lib/python3.8/site-packages/airflow/example_dags/example_complex.py
[2023-11-26T00:42:24.147+0000] {logging_mixin.py:154} INFO - [2023-11-26T00:42:24.147+0000] {dag.py:2941} INFO - Sync 1 DAGs
[2023-11-26T00:42:24.160+0000] {logging_mixin.py:154} INFO - [2023-11-26T00:42:24.159+0000] {dag.py:3722} INFO - Setting next_dagrun for example_complex to None, run_after=None
[2023-11-26T00:42:24.187+0000] {processor.py:179} INFO - Processing /home/airflow/.local/lib/python3.8/site-packages/airflow/example_dags/example_complex.py took 0.090 seconds
[2023-11-26T00:42:54.685+0000] {processor.py:157} INFO - Started process (PID=2673) to work on /home/airflow/.local/lib/python3.8/site-packages/airflow/example_dags/example_complex.py
[2023-11-26T00:42:54.687+0000] {processor.py:829} INFO - Processing file /home/airflow/.local/lib/python3.8/site-packages/airflow/example_dags/example_complex.py for tasks to queue
[2023-11-26T00:42:54.691+0000] {logging_mixin.py:154} INFO - [2023-11-26T00:42:54.691+0000] {dagbag.py:536} INFO - Filling up the DagBag from /home/airflow/.local/lib/python3.8/site-packages/airflow/example_dags/example_complex.py
[2023-11-26T00:42:54.701+0000] {processor.py:839} INFO - DAG(s) dict_keys(['example_complex']) retrieved from /home/airflow/.local/lib/python3.8/site-packages/airflow/example_dags/example_complex.py
[2023-11-26T00:42:54.731+0000] {logging_mixin.py:154} INFO - [2023-11-26T00:42:54.731+0000] {dag.py:2941} INFO - Sync 1 DAGs
[2023-11-26T00:42:54.744+0000] {logging_mixin.py:154} INFO - [2023-11-26T00:42:54.743+0000] {dag.py:3722} INFO - Setting next_dagrun for example_complex to None, run_after=None
[2023-11-26T00:42:54.773+0000] {processor.py:179} INFO - Processing /home/airflow/.local/lib/python3.8/site-packages/airflow/example_dags/example_complex.py took 0.091 seconds
[2023-11-26T00:43:24.831+0000] {processor.py:157} INFO - Started process (PID=2727) to work on /home/airflow/.local/lib/python3.8/site-packages/airflow/example_dags/example_complex.py
[2023-11-26T00:43:24.832+0000] {processor.py:829} INFO - Processing file /home/airflow/.local/lib/python3.8/site-packages/airflow/example_dags/example_complex.py for tasks to queue
[2023-11-26T00:43:24.835+0000] {logging_mixin.py:154} INFO - [2023-11-26T00:43:24.835+0000] {dagbag.py:536} INFO - Filling up the DagBag from /home/airflow/.local/lib/python3.8/site-packages/airflow/example_dags/example_complex.py
[2023-11-26T00:43:24.845+0000] {processor.py:839} INFO - DAG(s) dict_keys(['example_complex']) retrieved from /home/airflow/.local/lib/python3.8/site-packages/airflow/example_dags/example_complex.py
[2023-11-26T00:43:24.872+0000] {logging_mixin.py:154} INFO - [2023-11-26T00:43:24.871+0000] {dag.py:2941} INFO - Sync 1 DAGs
[2023-11-26T00:43:24.988+0000] {logging_mixin.py:154} INFO - [2023-11-26T00:43:24.988+0000] {dag.py:3722} INFO - Setting next_dagrun for example_complex to None, run_after=None
[2023-11-26T00:43:25.012+0000] {processor.py:179} INFO - Processing /home/airflow/.local/lib/python3.8/site-packages/airflow/example_dags/example_complex.py took 0.185 seconds
[2023-11-26T00:43:55.225+0000] {processor.py:157} INFO - Started process (PID=2781) to work on /home/airflow/.local/lib/python3.8/site-packages/airflow/example_dags/example_complex.py
[2023-11-26T00:43:55.226+0000] {processor.py:829} INFO - Processing file /home/airflow/.local/lib/python3.8/site-packages/airflow/example_dags/example_complex.py for tasks to queue
[2023-11-26T00:43:55.228+0000] {logging_mixin.py:154} INFO - [2023-11-26T00:43:55.228+0000] {dagbag.py:536} INFO - Filling up the DagBag from /home/airflow/.local/lib/python3.8/site-packages/airflow/example_dags/example_complex.py
[2023-11-26T00:43:55.237+0000] {processor.py:839} INFO - DAG(s) dict_keys(['example_complex']) retrieved from /home/airflow/.local/lib/python3.8/site-packages/airflow/example_dags/example_complex.py
[2023-11-26T00:43:55.265+0000] {logging_mixin.py:154} INFO - [2023-11-26T00:43:55.265+0000] {dag.py:2941} INFO - Sync 1 DAGs
[2023-11-26T00:43:55.275+0000] {logging_mixin.py:154} INFO - [2023-11-26T00:43:55.275+0000] {dag.py:3722} INFO - Setting next_dagrun for example_complex to None, run_after=None
[2023-11-26T00:43:55.297+0000] {processor.py:179} INFO - Processing /home/airflow/.local/lib/python3.8/site-packages/airflow/example_dags/example_complex.py took 0.075 seconds
[2023-11-26T00:44:25.385+0000] {processor.py:157} INFO - Started process (PID=2835) to work on /home/airflow/.local/lib/python3.8/site-packages/airflow/example_dags/example_complex.py
[2023-11-26T00:44:25.386+0000] {processor.py:829} INFO - Processing file /home/airflow/.local/lib/python3.8/site-packages/airflow/example_dags/example_complex.py for tasks to queue
[2023-11-26T00:44:25.390+0000] {logging_mixin.py:154} INFO - [2023-11-26T00:44:25.390+0000] {dagbag.py:536} INFO - Filling up the DagBag from /home/airflow/.local/lib/python3.8/site-packages/airflow/example_dags/example_complex.py
[2023-11-26T00:44:25.401+0000] {processor.py:839} INFO - DAG(s) dict_keys(['example_complex']) retrieved from /home/airflow/.local/lib/python3.8/site-packages/airflow/example_dags/example_complex.py
[2023-11-26T00:44:25.444+0000] {logging_mixin.py:154} INFO - [2023-11-26T00:44:25.444+0000] {dag.py:2941} INFO - Sync 1 DAGs
[2023-11-26T00:44:25.458+0000] {logging_mixin.py:154} INFO - [2023-11-26T00:44:25.458+0000] {dag.py:3722} INFO - Setting next_dagrun for example_complex to None, run_after=None
[2023-11-26T00:44:25.493+0000] {processor.py:179} INFO - Processing /home/airflow/.local/lib/python3.8/site-packages/airflow/example_dags/example_complex.py took 0.112 seconds
[2023-11-26T00:44:55.607+0000] {processor.py:157} INFO - Started process (PID=2889) to work on /home/airflow/.local/lib/python3.8/site-packages/airflow/example_dags/example_complex.py
[2023-11-26T00:44:55.610+0000] {processor.py:829} INFO - Processing file /home/airflow/.local/lib/python3.8/site-packages/airflow/example_dags/example_complex.py for tasks to queue
[2023-11-26T00:44:55.612+0000] {logging_mixin.py:154} INFO - [2023-11-26T00:44:55.612+0000] {dagbag.py:536} INFO - Filling up the DagBag from /home/airflow/.local/lib/python3.8/site-packages/airflow/example_dags/example_complex.py
[2023-11-26T00:44:55.624+0000] {processor.py:839} INFO - DAG(s) dict_keys(['example_complex']) retrieved from /home/airflow/.local/lib/python3.8/site-packages/airflow/example_dags/example_complex.py
[2023-11-26T00:44:55.667+0000] {logging_mixin.py:154} INFO - [2023-11-26T00:44:55.665+0000] {dag.py:2941} INFO - Sync 1 DAGs
[2023-11-26T00:44:55.678+0000] {logging_mixin.py:154} INFO - [2023-11-26T00:44:55.678+0000] {dag.py:3722} INFO - Setting next_dagrun for example_complex to None, run_after=None
[2023-11-26T00:44:55.700+0000] {processor.py:179} INFO - Processing /home/airflow/.local/lib/python3.8/site-packages/airflow/example_dags/example_complex.py took 0.095 seconds
[2023-11-26T00:45:25.895+0000] {processor.py:157} INFO - Started process (PID=2943) to work on /home/airflow/.local/lib/python3.8/site-packages/airflow/example_dags/example_complex.py
[2023-11-26T00:45:25.898+0000] {processor.py:829} INFO - Processing file /home/airflow/.local/lib/python3.8/site-packages/airflow/example_dags/example_complex.py for tasks to queue
[2023-11-26T00:45:25.901+0000] {logging_mixin.py:154} INFO - [2023-11-26T00:45:25.900+0000] {dagbag.py:536} INFO - Filling up the DagBag from /home/airflow/.local/lib/python3.8/site-packages/airflow/example_dags/example_complex.py
[2023-11-26T00:45:25.917+0000] {processor.py:839} INFO - DAG(s) dict_keys(['example_complex']) retrieved from /home/airflow/.local/lib/python3.8/site-packages/airflow/example_dags/example_complex.py
[2023-11-26T00:45:25.961+0000] {logging_mixin.py:154} INFO - [2023-11-26T00:45:25.961+0000] {dag.py:2941} INFO - Sync 1 DAGs
[2023-11-26T00:45:25.979+0000] {logging_mixin.py:154} INFO - [2023-11-26T00:45:25.978+0000] {dag.py:3722} INFO - Setting next_dagrun for example_complex to None, run_after=None
[2023-11-26T00:45:26.013+0000] {processor.py:179} INFO - Processing /home/airflow/.local/lib/python3.8/site-packages/airflow/example_dags/example_complex.py took 0.123 seconds
[2023-11-26T00:45:56.187+0000] {processor.py:157} INFO - Started process (PID=2997) to work on /home/airflow/.local/lib/python3.8/site-packages/airflow/example_dags/example_complex.py
[2023-11-26T00:45:56.189+0000] {processor.py:829} INFO - Processing file /home/airflow/.local/lib/python3.8/site-packages/airflow/example_dags/example_complex.py for tasks to queue
[2023-11-26T00:45:56.192+0000] {logging_mixin.py:154} INFO - [2023-11-26T00:45:56.192+0000] {dagbag.py:536} INFO - Filling up the DagBag from /home/airflow/.local/lib/python3.8/site-packages/airflow/example_dags/example_complex.py
[2023-11-26T00:45:56.211+0000] {processor.py:839} INFO - DAG(s) dict_keys(['example_complex']) retrieved from /home/airflow/.local/lib/python3.8/site-packages/airflow/example_dags/example_complex.py
[2023-11-26T00:45:56.272+0000] {logging_mixin.py:154} INFO - [2023-11-26T00:45:56.272+0000] {dag.py:2941} INFO - Sync 1 DAGs
[2023-11-26T00:45:56.288+0000] {logging_mixin.py:154} INFO - [2023-11-26T00:45:56.288+0000] {dag.py:3722} INFO - Setting next_dagrun for example_complex to None, run_after=None
[2023-11-26T00:45:56.345+0000] {processor.py:179} INFO - Processing /home/airflow/.local/lib/python3.8/site-packages/airflow/example_dags/example_complex.py took 0.163 seconds
[2023-11-26T00:46:27.317+0000] {processor.py:157} INFO - Started process (PID=3051) to work on /home/airflow/.local/lib/python3.8/site-packages/airflow/example_dags/example_complex.py
[2023-11-26T00:46:27.319+0000] {processor.py:829} INFO - Processing file /home/airflow/.local/lib/python3.8/site-packages/airflow/example_dags/example_complex.py for tasks to queue
[2023-11-26T00:46:27.323+0000] {logging_mixin.py:154} INFO - [2023-11-26T00:46:27.323+0000] {dagbag.py:536} INFO - Filling up the DagBag from /home/airflow/.local/lib/python3.8/site-packages/airflow/example_dags/example_complex.py
[2023-11-26T00:46:27.338+0000] {processor.py:839} INFO - DAG(s) dict_keys(['example_complex']) retrieved from /home/airflow/.local/lib/python3.8/site-packages/airflow/example_dags/example_complex.py
[2023-11-26T00:46:27.378+0000] {logging_mixin.py:154} INFO - [2023-11-26T00:46:27.378+0000] {dag.py:2941} INFO - Sync 1 DAGs
[2023-11-26T00:46:27.393+0000] {logging_mixin.py:154} INFO - [2023-11-26T00:46:27.393+0000] {dag.py:3722} INFO - Setting next_dagrun for example_complex to None, run_after=None
[2023-11-26T00:46:27.422+0000] {processor.py:179} INFO - Processing /home/airflow/.local/lib/python3.8/site-packages/airflow/example_dags/example_complex.py took 0.109 seconds
[2023-11-26T00:46:58.269+0000] {processor.py:157} INFO - Started process (PID=3106) to work on /home/airflow/.local/lib/python3.8/site-packages/airflow/example_dags/example_complex.py
[2023-11-26T00:46:58.283+0000] {processor.py:829} INFO - Processing file /home/airflow/.local/lib/python3.8/site-packages/airflow/example_dags/example_complex.py for tasks to queue
[2023-11-26T00:46:58.307+0000] {logging_mixin.py:154} INFO - [2023-11-26T00:46:58.305+0000] {dagbag.py:536} INFO - Filling up the DagBag from /home/airflow/.local/lib/python3.8/site-packages/airflow/example_dags/example_complex.py
[2023-11-26T00:46:58.328+0000] {processor.py:839} INFO - DAG(s) dict_keys(['example_complex']) retrieved from /home/airflow/.local/lib/python3.8/site-packages/airflow/example_dags/example_complex.py
[2023-11-26T00:46:58.432+0000] {logging_mixin.py:154} INFO - [2023-11-26T00:46:58.431+0000] {dag.py:2941} INFO - Sync 1 DAGs
[2023-11-26T00:46:58.489+0000] {logging_mixin.py:154} INFO - [2023-11-26T00:46:58.489+0000] {dag.py:3722} INFO - Setting next_dagrun for example_complex to None, run_after=None
[2023-11-26T00:46:58.585+0000] {processor.py:179} INFO - Processing /home/airflow/.local/lib/python3.8/site-packages/airflow/example_dags/example_complex.py took 0.321 seconds
[2023-11-26T00:47:28.729+0000] {processor.py:157} INFO - Started process (PID=3160) to work on /home/airflow/.local/lib/python3.8/site-packages/airflow/example_dags/example_complex.py
[2023-11-26T00:47:28.731+0000] {processor.py:829} INFO - Processing file /home/airflow/.local/lib/python3.8/site-packages/airflow/example_dags/example_complex.py for tasks to queue
[2023-11-26T00:47:28.736+0000] {logging_mixin.py:154} INFO - [2023-11-26T00:47:28.736+0000] {dagbag.py:536} INFO - Filling up the DagBag from /home/airflow/.local/lib/python3.8/site-packages/airflow/example_dags/example_complex.py
[2023-11-26T00:47:28.767+0000] {processor.py:839} INFO - DAG(s) dict_keys(['example_complex']) retrieved from /home/airflow/.local/lib/python3.8/site-packages/airflow/example_dags/example_complex.py
[2023-11-26T00:47:28.853+0000] {logging_mixin.py:154} INFO - [2023-11-26T00:47:28.853+0000] {dag.py:2941} INFO - Sync 1 DAGs
[2023-11-26T00:47:28.884+0000] {logging_mixin.py:154} INFO - [2023-11-26T00:47:28.883+0000] {dag.py:3722} INFO - Setting next_dagrun for example_complex to None, run_after=None
[2023-11-26T00:47:28.963+0000] {processor.py:179} INFO - Processing /home/airflow/.local/lib/python3.8/site-packages/airflow/example_dags/example_complex.py took 0.239 seconds
[2023-11-26T00:47:59.241+0000] {processor.py:157} INFO - Started process (PID=3220) to work on /home/airflow/.local/lib/python3.8/site-packages/airflow/example_dags/example_complex.py
[2023-11-26T00:47:59.244+0000] {processor.py:829} INFO - Processing file /home/airflow/.local/lib/python3.8/site-packages/airflow/example_dags/example_complex.py for tasks to queue
[2023-11-26T00:47:59.248+0000] {logging_mixin.py:154} INFO - [2023-11-26T00:47:59.248+0000] {dagbag.py:536} INFO - Filling up the DagBag from /home/airflow/.local/lib/python3.8/site-packages/airflow/example_dags/example_complex.py
[2023-11-26T00:47:59.266+0000] {processor.py:839} INFO - DAG(s) dict_keys(['example_complex']) retrieved from /home/airflow/.local/lib/python3.8/site-packages/airflow/example_dags/example_complex.py
[2023-11-26T00:47:59.340+0000] {logging_mixin.py:154} INFO - [2023-11-26T00:47:59.339+0000] {dag.py:2941} INFO - Sync 1 DAGs
[2023-11-26T00:47:59.388+0000] {logging_mixin.py:154} INFO - [2023-11-26T00:47:59.387+0000] {dag.py:3722} INFO - Setting next_dagrun for example_complex to None, run_after=None
[2023-11-26T00:47:59.458+0000] {processor.py:179} INFO - Processing /home/airflow/.local/lib/python3.8/site-packages/airflow/example_dags/example_complex.py took 0.223 seconds
[2023-11-26T00:48:29.639+0000] {processor.py:157} INFO - Started process (PID=3273) to work on /home/airflow/.local/lib/python3.8/site-packages/airflow/example_dags/example_complex.py
[2023-11-26T00:48:29.642+0000] {processor.py:829} INFO - Processing file /home/airflow/.local/lib/python3.8/site-packages/airflow/example_dags/example_complex.py for tasks to queue
[2023-11-26T00:48:29.647+0000] {logging_mixin.py:154} INFO - [2023-11-26T00:48:29.647+0000] {dagbag.py:536} INFO - Filling up the DagBag from /home/airflow/.local/lib/python3.8/site-packages/airflow/example_dags/example_complex.py
[2023-11-26T00:48:29.667+0000] {processor.py:839} INFO - DAG(s) dict_keys(['example_complex']) retrieved from /home/airflow/.local/lib/python3.8/site-packages/airflow/example_dags/example_complex.py
[2023-11-26T00:48:29.719+0000] {logging_mixin.py:154} INFO - [2023-11-26T00:48:29.719+0000] {dag.py:2941} INFO - Sync 1 DAGs
[2023-11-26T00:48:29.740+0000] {logging_mixin.py:154} INFO - [2023-11-26T00:48:29.739+0000] {dag.py:3722} INFO - Setting next_dagrun for example_complex to None, run_after=None
[2023-11-26T00:48:29.806+0000] {processor.py:179} INFO - Processing /home/airflow/.local/lib/python3.8/site-packages/airflow/example_dags/example_complex.py took 0.174 seconds
[2023-11-26T00:49:00.625+0000] {processor.py:157} INFO - Started process (PID=3327) to work on /home/airflow/.local/lib/python3.8/site-packages/airflow/example_dags/example_complex.py
[2023-11-26T00:49:00.630+0000] {processor.py:829} INFO - Processing file /home/airflow/.local/lib/python3.8/site-packages/airflow/example_dags/example_complex.py for tasks to queue
[2023-11-26T00:49:00.646+0000] {logging_mixin.py:154} INFO - [2023-11-26T00:49:00.643+0000] {dagbag.py:536} INFO - Filling up the DagBag from /home/airflow/.local/lib/python3.8/site-packages/airflow/example_dags/example_complex.py
[2023-11-26T00:49:00.665+0000] {processor.py:839} INFO - DAG(s) dict_keys(['example_complex']) retrieved from /home/airflow/.local/lib/python3.8/site-packages/airflow/example_dags/example_complex.py
[2023-11-26T00:49:00.736+0000] {logging_mixin.py:154} INFO - [2023-11-26T00:49:00.735+0000] {dag.py:2941} INFO - Sync 1 DAGs
[2023-11-26T00:49:00.763+0000] {logging_mixin.py:154} INFO - [2023-11-26T00:49:00.763+0000] {dag.py:3722} INFO - Setting next_dagrun for example_complex to None, run_after=None
[2023-11-26T00:49:00.921+0000] {processor.py:179} INFO - Processing /home/airflow/.local/lib/python3.8/site-packages/airflow/example_dags/example_complex.py took 0.300 seconds
[2023-11-26T00:49:31.020+0000] {processor.py:157} INFO - Started process (PID=3381) to work on /home/airflow/.local/lib/python3.8/site-packages/airflow/example_dags/example_complex.py
[2023-11-26T00:49:31.024+0000] {processor.py:829} INFO - Processing file /home/airflow/.local/lib/python3.8/site-packages/airflow/example_dags/example_complex.py for tasks to queue
[2023-11-26T00:49:31.032+0000] {logging_mixin.py:154} INFO - [2023-11-26T00:49:31.032+0000] {dagbag.py:536} INFO - Filling up the DagBag from /home/airflow/.local/lib/python3.8/site-packages/airflow/example_dags/example_complex.py
[2023-11-26T00:49:31.052+0000] {processor.py:839} INFO - DAG(s) dict_keys(['example_complex']) retrieved from /home/airflow/.local/lib/python3.8/site-packages/airflow/example_dags/example_complex.py
[2023-11-26T00:49:31.117+0000] {logging_mixin.py:154} INFO - [2023-11-26T00:49:31.116+0000] {dag.py:2941} INFO - Sync 1 DAGs
[2023-11-26T00:49:31.136+0000] {logging_mixin.py:154} INFO - [2023-11-26T00:49:31.136+0000] {dag.py:3722} INFO - Setting next_dagrun for example_complex to None, run_after=None
[2023-11-26T00:49:31.191+0000] {processor.py:179} INFO - Processing /home/airflow/.local/lib/python3.8/site-packages/airflow/example_dags/example_complex.py took 0.175 seconds
[2023-11-26T00:50:01.402+0000] {processor.py:157} INFO - Started process (PID=3434) to work on /home/airflow/.local/lib/python3.8/site-packages/airflow/example_dags/example_complex.py
[2023-11-26T00:50:01.408+0000] {processor.py:829} INFO - Processing file /home/airflow/.local/lib/python3.8/site-packages/airflow/example_dags/example_complex.py for tasks to queue
[2023-11-26T00:50:01.421+0000] {logging_mixin.py:154} INFO - [2023-11-26T00:50:01.419+0000] {dagbag.py:536} INFO - Filling up the DagBag from /home/airflow/.local/lib/python3.8/site-packages/airflow/example_dags/example_complex.py
[2023-11-26T00:50:01.437+0000] {processor.py:839} INFO - DAG(s) dict_keys(['example_complex']) retrieved from /home/airflow/.local/lib/python3.8/site-packages/airflow/example_dags/example_complex.py
[2023-11-26T00:50:01.497+0000] {logging_mixin.py:154} INFO - [2023-11-26T00:50:01.496+0000] {dag.py:2941} INFO - Sync 1 DAGs
[2023-11-26T00:50:01.537+0000] {logging_mixin.py:154} INFO - [2023-11-26T00:50:01.536+0000] {dag.py:3722} INFO - Setting next_dagrun for example_complex to None, run_after=None
[2023-11-26T00:50:01.596+0000] {processor.py:179} INFO - Processing /home/airflow/.local/lib/python3.8/site-packages/airflow/example_dags/example_complex.py took 0.200 seconds
[2023-11-26T00:50:32.427+0000] {processor.py:157} INFO - Started process (PID=3488) to work on /home/airflow/.local/lib/python3.8/site-packages/airflow/example_dags/example_complex.py
[2023-11-26T00:50:32.430+0000] {processor.py:829} INFO - Processing file /home/airflow/.local/lib/python3.8/site-packages/airflow/example_dags/example_complex.py for tasks to queue
[2023-11-26T00:50:32.437+0000] {logging_mixin.py:154} INFO - [2023-11-26T00:50:32.436+0000] {dagbag.py:536} INFO - Filling up the DagBag from /home/airflow/.local/lib/python3.8/site-packages/airflow/example_dags/example_complex.py
[2023-11-26T00:50:32.452+0000] {processor.py:839} INFO - DAG(s) dict_keys(['example_complex']) retrieved from /home/airflow/.local/lib/python3.8/site-packages/airflow/example_dags/example_complex.py
[2023-11-26T00:50:32.508+0000] {logging_mixin.py:154} INFO - [2023-11-26T00:50:32.508+0000] {dag.py:2941} INFO - Sync 1 DAGs
[2023-11-26T00:50:32.533+0000] {logging_mixin.py:154} INFO - [2023-11-26T00:50:32.533+0000] {dag.py:3722} INFO - Setting next_dagrun for example_complex to None, run_after=None
[2023-11-26T00:50:32.572+0000] {processor.py:179} INFO - Processing /home/airflow/.local/lib/python3.8/site-packages/airflow/example_dags/example_complex.py took 0.152 seconds
[2023-11-26T00:51:02.911+0000] {processor.py:157} INFO - Started process (PID=3542) to work on /home/airflow/.local/lib/python3.8/site-packages/airflow/example_dags/example_complex.py
[2023-11-26T00:51:02.913+0000] {processor.py:829} INFO - Processing file /home/airflow/.local/lib/python3.8/site-packages/airflow/example_dags/example_complex.py for tasks to queue
[2023-11-26T00:51:02.918+0000] {logging_mixin.py:154} INFO - [2023-11-26T00:51:02.917+0000] {dagbag.py:536} INFO - Filling up the DagBag from /home/airflow/.local/lib/python3.8/site-packages/airflow/example_dags/example_complex.py
[2023-11-26T00:51:02.934+0000] {processor.py:839} INFO - DAG(s) dict_keys(['example_complex']) retrieved from /home/airflow/.local/lib/python3.8/site-packages/airflow/example_dags/example_complex.py
[2023-11-26T00:51:02.990+0000] {logging_mixin.py:154} INFO - [2023-11-26T00:51:02.990+0000] {dag.py:2941} INFO - Sync 1 DAGs
[2023-11-26T00:51:03.006+0000] {logging_mixin.py:154} INFO - [2023-11-26T00:51:03.006+0000] {dag.py:3722} INFO - Setting next_dagrun for example_complex to None, run_after=None
[2023-11-26T00:51:03.059+0000] {processor.py:179} INFO - Processing /home/airflow/.local/lib/python3.8/site-packages/airflow/example_dags/example_complex.py took 0.152 seconds
[2023-11-26T00:51:33.212+0000] {processor.py:157} INFO - Started process (PID=3596) to work on /home/airflow/.local/lib/python3.8/site-packages/airflow/example_dags/example_complex.py
[2023-11-26T00:51:33.215+0000] {processor.py:829} INFO - Processing file /home/airflow/.local/lib/python3.8/site-packages/airflow/example_dags/example_complex.py for tasks to queue
[2023-11-26T00:51:33.222+0000] {logging_mixin.py:154} INFO - [2023-11-26T00:51:33.222+0000] {dagbag.py:536} INFO - Filling up the DagBag from /home/airflow/.local/lib/python3.8/site-packages/airflow/example_dags/example_complex.py
[2023-11-26T00:51:33.237+0000] {processor.py:839} INFO - DAG(s) dict_keys(['example_complex']) retrieved from /home/airflow/.local/lib/python3.8/site-packages/airflow/example_dags/example_complex.py
[2023-11-26T00:51:33.310+0000] {logging_mixin.py:154} INFO - [2023-11-26T00:51:33.309+0000] {dag.py:2941} INFO - Sync 1 DAGs
[2023-11-26T00:51:33.333+0000] {logging_mixin.py:154} INFO - [2023-11-26T00:51:33.332+0000] {dag.py:3722} INFO - Setting next_dagrun for example_complex to None, run_after=None
[2023-11-26T00:51:33.393+0000] {processor.py:179} INFO - Processing /home/airflow/.local/lib/python3.8/site-packages/airflow/example_dags/example_complex.py took 0.184 seconds
[2023-11-26T00:52:03.562+0000] {processor.py:157} INFO - Started process (PID=3650) to work on /home/airflow/.local/lib/python3.8/site-packages/airflow/example_dags/example_complex.py
[2023-11-26T00:52:03.564+0000] {processor.py:829} INFO - Processing file /home/airflow/.local/lib/python3.8/site-packages/airflow/example_dags/example_complex.py for tasks to queue
[2023-11-26T00:52:03.567+0000] {logging_mixin.py:154} INFO - [2023-11-26T00:52:03.567+0000] {dagbag.py:536} INFO - Filling up the DagBag from /home/airflow/.local/lib/python3.8/site-packages/airflow/example_dags/example_complex.py
[2023-11-26T00:52:03.582+0000] {processor.py:839} INFO - DAG(s) dict_keys(['example_complex']) retrieved from /home/airflow/.local/lib/python3.8/site-packages/airflow/example_dags/example_complex.py
[2023-11-26T00:52:03.629+0000] {logging_mixin.py:154} INFO - [2023-11-26T00:52:03.629+0000] {dag.py:2941} INFO - Sync 1 DAGs
[2023-11-26T00:52:03.649+0000] {logging_mixin.py:154} INFO - [2023-11-26T00:52:03.649+0000] {dag.py:3722} INFO - Setting next_dagrun for example_complex to None, run_after=None
[2023-11-26T00:52:03.697+0000] {processor.py:179} INFO - Processing /home/airflow/.local/lib/python3.8/site-packages/airflow/example_dags/example_complex.py took 0.139 seconds
[2023-11-26T00:52:33.761+0000] {processor.py:157} INFO - Started process (PID=3705) to work on /home/airflow/.local/lib/python3.8/site-packages/airflow/example_dags/example_complex.py
[2023-11-26T00:52:33.762+0000] {processor.py:829} INFO - Processing file /home/airflow/.local/lib/python3.8/site-packages/airflow/example_dags/example_complex.py for tasks to queue
[2023-11-26T00:52:33.766+0000] {logging_mixin.py:154} INFO - [2023-11-26T00:52:33.766+0000] {dagbag.py:536} INFO - Filling up the DagBag from /home/airflow/.local/lib/python3.8/site-packages/airflow/example_dags/example_complex.py
[2023-11-26T00:52:33.780+0000] {processor.py:839} INFO - DAG(s) dict_keys(['example_complex']) retrieved from /home/airflow/.local/lib/python3.8/site-packages/airflow/example_dags/example_complex.py
[2023-11-26T00:52:33.825+0000] {logging_mixin.py:154} INFO - [2023-11-26T00:52:33.825+0000] {dag.py:2941} INFO - Sync 1 DAGs
[2023-11-26T00:52:33.844+0000] {logging_mixin.py:154} INFO - [2023-11-26T00:52:33.844+0000] {dag.py:3722} INFO - Setting next_dagrun for example_complex to None, run_after=None
[2023-11-26T00:52:33.880+0000] {processor.py:179} INFO - Processing /home/airflow/.local/lib/python3.8/site-packages/airflow/example_dags/example_complex.py took 0.123 seconds
