[2023-11-26T00:16:50.107+0000] {processor.py:157} INFO - Started process (PID=81) to work on /home/airflow/.local/lib/python3.8/site-packages/airflow/example_dags/example_branch_operator.py
[2023-11-26T00:16:50.146+0000] {processor.py:829} INFO - Processing file /home/airflow/.local/lib/python3.8/site-packages/airflow/example_dags/example_branch_operator.py for tasks to queue
[2023-11-26T00:16:50.182+0000] {logging_mixin.py:154} INFO - [2023-11-26T00:16:50.180+0000] {dagbag.py:536} INFO - Filling up the DagBag from /home/airflow/.local/lib/python3.8/site-packages/airflow/example_dags/example_branch_operator.py
[2023-11-26T00:16:50.215+0000] {processor.py:839} INFO - DAG(s) dict_keys(['example_branch_operator']) retrieved from /home/airflow/.local/lib/python3.8/site-packages/airflow/example_dags/example_branch_operator.py
[2023-11-26T00:16:50.318+0000] {logging_mixin.py:154} INFO - [2023-11-26T00:16:50.316+0000] {dag.py:2941} INFO - Sync 1 DAGs
[2023-11-26T00:16:50.372+0000] {logging_mixin.py:154} INFO - [2023-11-26T00:16:50.371+0000] {dag.py:3722} INFO - Setting next_dagrun for example_branch_operator to 2023-11-25T00:00:00+00:00, run_after=2023-11-26T00:00:00+00:00
[2023-11-26T00:16:50.454+0000] {processor.py:179} INFO - Processing /home/airflow/.local/lib/python3.8/site-packages/airflow/example_dags/example_branch_operator.py took 0.415 seconds
[2023-11-26T00:18:17.825+0000] {processor.py:157} INFO - Started process (PID=82) to work on /home/airflow/.local/lib/python3.8/site-packages/airflow/example_dags/example_branch_operator.py
[2023-11-26T00:18:17.833+0000] {processor.py:829} INFO - Processing file /home/airflow/.local/lib/python3.8/site-packages/airflow/example_dags/example_branch_operator.py for tasks to queue
[2023-11-26T00:18:17.845+0000] {logging_mixin.py:154} INFO - [2023-11-26T00:18:17.844+0000] {dagbag.py:536} INFO - Filling up the DagBag from /home/airflow/.local/lib/python3.8/site-packages/airflow/example_dags/example_branch_operator.py
[2023-11-26T00:18:17.893+0000] {processor.py:839} INFO - DAG(s) dict_keys(['example_branch_operator']) retrieved from /home/airflow/.local/lib/python3.8/site-packages/airflow/example_dags/example_branch_operator.py
[2023-11-26T00:18:18.051+0000] {logging_mixin.py:154} INFO - [2023-11-26T00:18:18.050+0000] {dag.py:2941} INFO - Sync 1 DAGs
[2023-11-26T00:18:18.175+0000] {logging_mixin.py:154} INFO - [2023-11-26T00:18:18.174+0000] {dag.py:3722} INFO - Setting next_dagrun for example_branch_operator to 2023-11-25T00:00:00+00:00, run_after=2023-11-26T00:00:00+00:00
[2023-11-26T00:18:18.298+0000] {processor.py:179} INFO - Processing /home/airflow/.local/lib/python3.8/site-packages/airflow/example_dags/example_branch_operator.py took 0.481 seconds
[2023-11-26T00:18:49.263+0000] {processor.py:157} INFO - Started process (PID=137) to work on /home/airflow/.local/lib/python3.8/site-packages/airflow/example_dags/example_branch_operator.py
[2023-11-26T00:18:49.267+0000] {processor.py:829} INFO - Processing file /home/airflow/.local/lib/python3.8/site-packages/airflow/example_dags/example_branch_operator.py for tasks to queue
[2023-11-26T00:18:49.273+0000] {logging_mixin.py:154} INFO - [2023-11-26T00:18:49.272+0000] {dagbag.py:536} INFO - Filling up the DagBag from /home/airflow/.local/lib/python3.8/site-packages/airflow/example_dags/example_branch_operator.py
[2023-11-26T00:18:49.289+0000] {processor.py:839} INFO - DAG(s) dict_keys(['example_branch_operator']) retrieved from /home/airflow/.local/lib/python3.8/site-packages/airflow/example_dags/example_branch_operator.py
[2023-11-26T00:18:49.345+0000] {logging_mixin.py:154} INFO - [2023-11-26T00:18:49.344+0000] {dag.py:2941} INFO - Sync 1 DAGs
[2023-11-26T00:18:49.391+0000] {logging_mixin.py:154} INFO - [2023-11-26T00:18:49.390+0000] {dag.py:3722} INFO - Setting next_dagrun for example_branch_operator to 2023-11-25T00:00:00+00:00, run_after=2023-11-26T00:00:00+00:00
[2023-11-26T00:18:49.461+0000] {processor.py:179} INFO - Processing /home/airflow/.local/lib/python3.8/site-packages/airflow/example_dags/example_branch_operator.py took 0.205 seconds
[2023-11-26T00:19:19.664+0000] {processor.py:157} INFO - Started process (PID=191) to work on /home/airflow/.local/lib/python3.8/site-packages/airflow/example_dags/example_branch_operator.py
[2023-11-26T00:19:19.666+0000] {processor.py:829} INFO - Processing file /home/airflow/.local/lib/python3.8/site-packages/airflow/example_dags/example_branch_operator.py for tasks to queue
[2023-11-26T00:19:19.672+0000] {logging_mixin.py:154} INFO - [2023-11-26T00:19:19.671+0000] {dagbag.py:536} INFO - Filling up the DagBag from /home/airflow/.local/lib/python3.8/site-packages/airflow/example_dags/example_branch_operator.py
[2023-11-26T00:19:19.699+0000] {processor.py:839} INFO - DAG(s) dict_keys(['example_branch_operator']) retrieved from /home/airflow/.local/lib/python3.8/site-packages/airflow/example_dags/example_branch_operator.py
[2023-11-26T00:19:19.733+0000] {logging_mixin.py:154} INFO - [2023-11-26T00:19:19.733+0000] {dag.py:2941} INFO - Sync 1 DAGs
[2023-11-26T00:19:19.803+0000] {logging_mixin.py:154} INFO - [2023-11-26T00:19:19.802+0000] {dag.py:3722} INFO - Setting next_dagrun for example_branch_operator to 2023-11-25T00:00:00+00:00, run_after=2023-11-26T00:00:00+00:00
[2023-11-26T00:19:19.886+0000] {processor.py:179} INFO - Processing /home/airflow/.local/lib/python3.8/site-packages/airflow/example_dags/example_branch_operator.py took 0.227 seconds
[2023-11-26T00:19:51.565+0000] {processor.py:157} INFO - Started process (PID=252) to work on /home/airflow/.local/lib/python3.8/site-packages/airflow/example_dags/example_branch_operator.py
[2023-11-26T00:19:51.569+0000] {processor.py:829} INFO - Processing file /home/airflow/.local/lib/python3.8/site-packages/airflow/example_dags/example_branch_operator.py for tasks to queue
[2023-11-26T00:19:51.582+0000] {logging_mixin.py:154} INFO - [2023-11-26T00:19:51.578+0000] {dagbag.py:536} INFO - Filling up the DagBag from /home/airflow/.local/lib/python3.8/site-packages/airflow/example_dags/example_branch_operator.py
[2023-11-26T00:19:51.645+0000] {processor.py:839} INFO - DAG(s) dict_keys(['example_branch_operator']) retrieved from /home/airflow/.local/lib/python3.8/site-packages/airflow/example_dags/example_branch_operator.py
[2023-11-26T00:19:51.805+0000] {logging_mixin.py:154} INFO - [2023-11-26T00:19:51.804+0000] {dag.py:2941} INFO - Sync 1 DAGs
[2023-11-26T00:19:51.996+0000] {logging_mixin.py:154} INFO - [2023-11-26T00:19:51.994+0000] {dag.py:3722} INFO - Setting next_dagrun for example_branch_operator to 2023-11-25T00:00:00+00:00, run_after=2023-11-26T00:00:00+00:00
[2023-11-26T00:19:52.139+0000] {processor.py:179} INFO - Processing /home/airflow/.local/lib/python3.8/site-packages/airflow/example_dags/example_branch_operator.py took 0.592 seconds
[2023-11-26T00:20:23.437+0000] {processor.py:157} INFO - Started process (PID=306) to work on /home/airflow/.local/lib/python3.8/site-packages/airflow/example_dags/example_branch_operator.py
[2023-11-26T00:20:23.441+0000] {processor.py:829} INFO - Processing file /home/airflow/.local/lib/python3.8/site-packages/airflow/example_dags/example_branch_operator.py for tasks to queue
[2023-11-26T00:20:23.451+0000] {logging_mixin.py:154} INFO - [2023-11-26T00:20:23.450+0000] {dagbag.py:536} INFO - Filling up the DagBag from /home/airflow/.local/lib/python3.8/site-packages/airflow/example_dags/example_branch_operator.py
[2023-11-26T00:20:23.529+0000] {processor.py:839} INFO - DAG(s) dict_keys(['example_branch_operator']) retrieved from /home/airflow/.local/lib/python3.8/site-packages/airflow/example_dags/example_branch_operator.py
[2023-11-26T00:20:23.686+0000] {logging_mixin.py:154} INFO - [2023-11-26T00:20:23.684+0000] {dag.py:2941} INFO - Sync 1 DAGs
[2023-11-26T00:20:23.859+0000] {logging_mixin.py:154} INFO - [2023-11-26T00:20:23.859+0000] {dag.py:3722} INFO - Setting next_dagrun for example_branch_operator to 2023-11-25T00:00:00+00:00, run_after=2023-11-26T00:00:00+00:00
[2023-11-26T00:20:23.965+0000] {processor.py:179} INFO - Processing /home/airflow/.local/lib/python3.8/site-packages/airflow/example_dags/example_branch_operator.py took 0.541 seconds
[2023-11-26T00:20:54.276+0000] {processor.py:157} INFO - Started process (PID=360) to work on /home/airflow/.local/lib/python3.8/site-packages/airflow/example_dags/example_branch_operator.py
[2023-11-26T00:20:54.283+0000] {processor.py:829} INFO - Processing file /home/airflow/.local/lib/python3.8/site-packages/airflow/example_dags/example_branch_operator.py for tasks to queue
[2023-11-26T00:20:54.290+0000] {logging_mixin.py:154} INFO - [2023-11-26T00:20:54.289+0000] {dagbag.py:536} INFO - Filling up the DagBag from /home/airflow/.local/lib/python3.8/site-packages/airflow/example_dags/example_branch_operator.py
[2023-11-26T00:20:54.323+0000] {processor.py:839} INFO - DAG(s) dict_keys(['example_branch_operator']) retrieved from /home/airflow/.local/lib/python3.8/site-packages/airflow/example_dags/example_branch_operator.py
[2023-11-26T00:20:54.406+0000] {logging_mixin.py:154} INFO - [2023-11-26T00:20:54.405+0000] {dag.py:2941} INFO - Sync 1 DAGs
[2023-11-26T00:20:54.462+0000] {logging_mixin.py:154} INFO - [2023-11-26T00:20:54.461+0000] {dag.py:3722} INFO - Setting next_dagrun for example_branch_operator to 2023-11-25T00:00:00+00:00, run_after=2023-11-26T00:00:00+00:00
[2023-11-26T00:20:54.529+0000] {processor.py:179} INFO - Processing /home/airflow/.local/lib/python3.8/site-packages/airflow/example_dags/example_branch_operator.py took 0.266 seconds
[2023-11-26T00:21:25.214+0000] {processor.py:157} INFO - Started process (PID=414) to work on /home/airflow/.local/lib/python3.8/site-packages/airflow/example_dags/example_branch_operator.py
[2023-11-26T00:21:25.220+0000] {processor.py:829} INFO - Processing file /home/airflow/.local/lib/python3.8/site-packages/airflow/example_dags/example_branch_operator.py for tasks to queue
[2023-11-26T00:21:25.240+0000] {logging_mixin.py:154} INFO - [2023-11-26T00:21:25.236+0000] {dagbag.py:536} INFO - Filling up the DagBag from /home/airflow/.local/lib/python3.8/site-packages/airflow/example_dags/example_branch_operator.py
[2023-11-26T00:21:25.285+0000] {processor.py:839} INFO - DAG(s) dict_keys(['example_branch_operator']) retrieved from /home/airflow/.local/lib/python3.8/site-packages/airflow/example_dags/example_branch_operator.py
[2023-11-26T00:21:25.376+0000] {logging_mixin.py:154} INFO - [2023-11-26T00:21:25.375+0000] {dag.py:2941} INFO - Sync 1 DAGs
[2023-11-26T00:21:25.456+0000] {logging_mixin.py:154} INFO - [2023-11-26T00:21:25.455+0000] {dag.py:3722} INFO - Setting next_dagrun for example_branch_operator to 2023-11-25T00:00:00+00:00, run_after=2023-11-26T00:00:00+00:00
[2023-11-26T00:21:25.526+0000] {processor.py:179} INFO - Processing /home/airflow/.local/lib/python3.8/site-packages/airflow/example_dags/example_branch_operator.py took 0.321 seconds
[2023-11-26T00:22:01.323+0000] {processor.py:157} INFO - Started process (PID=468) to work on /home/airflow/.local/lib/python3.8/site-packages/airflow/example_dags/example_branch_operator.py
[2023-11-26T00:22:01.338+0000] {processor.py:829} INFO - Processing file /home/airflow/.local/lib/python3.8/site-packages/airflow/example_dags/example_branch_operator.py for tasks to queue
[2023-11-26T00:22:01.355+0000] {logging_mixin.py:154} INFO - [2023-11-26T00:22:01.354+0000] {dagbag.py:536} INFO - Filling up the DagBag from /home/airflow/.local/lib/python3.8/site-packages/airflow/example_dags/example_branch_operator.py
[2023-11-26T00:22:01.454+0000] {processor.py:839} INFO - DAG(s) dict_keys(['example_branch_operator']) retrieved from /home/airflow/.local/lib/python3.8/site-packages/airflow/example_dags/example_branch_operator.py
[2023-11-26T00:22:01.975+0000] {logging_mixin.py:154} INFO - [2023-11-26T00:22:01.974+0000] {dag.py:2941} INFO - Sync 1 DAGs
[2023-11-26T00:22:02.191+0000] {logging_mixin.py:154} INFO - [2023-11-26T00:22:02.191+0000] {dag.py:3722} INFO - Setting next_dagrun for example_branch_operator to 2023-11-25T00:00:00+00:00, run_after=2023-11-26T00:00:00+00:00
[2023-11-26T00:22:02.371+0000] {processor.py:179} INFO - Processing /home/airflow/.local/lib/python3.8/site-packages/airflow/example_dags/example_branch_operator.py took 1.068 seconds
[2023-11-26T00:22:32.697+0000] {processor.py:157} INFO - Started process (PID=521) to work on /home/airflow/.local/lib/python3.8/site-packages/airflow/example_dags/example_branch_operator.py
[2023-11-26T00:22:32.702+0000] {processor.py:829} INFO - Processing file /home/airflow/.local/lib/python3.8/site-packages/airflow/example_dags/example_branch_operator.py for tasks to queue
[2023-11-26T00:22:32.711+0000] {logging_mixin.py:154} INFO - [2023-11-26T00:22:32.710+0000] {dagbag.py:536} INFO - Filling up the DagBag from /home/airflow/.local/lib/python3.8/site-packages/airflow/example_dags/example_branch_operator.py
[2023-11-26T00:22:32.770+0000] {processor.py:839} INFO - DAG(s) dict_keys(['example_branch_operator']) retrieved from /home/airflow/.local/lib/python3.8/site-packages/airflow/example_dags/example_branch_operator.py
[2023-11-26T00:22:32.891+0000] {logging_mixin.py:154} INFO - [2023-11-26T00:22:32.891+0000] {dag.py:2941} INFO - Sync 1 DAGs
[2023-11-26T00:22:33.046+0000] {logging_mixin.py:154} INFO - [2023-11-26T00:22:33.045+0000] {dag.py:3722} INFO - Setting next_dagrun for example_branch_operator to 2023-11-25T00:00:00+00:00, run_after=2023-11-26T00:00:00+00:00
[2023-11-26T00:22:33.162+0000] {processor.py:179} INFO - Processing /home/airflow/.local/lib/python3.8/site-packages/airflow/example_dags/example_branch_operator.py took 0.487 seconds
[2023-11-26T00:23:03.281+0000] {processor.py:157} INFO - Started process (PID=576) to work on /home/airflow/.local/lib/python3.8/site-packages/airflow/example_dags/example_branch_operator.py
[2023-11-26T00:23:03.283+0000] {processor.py:829} INFO - Processing file /home/airflow/.local/lib/python3.8/site-packages/airflow/example_dags/example_branch_operator.py for tasks to queue
[2023-11-26T00:23:03.286+0000] {logging_mixin.py:154} INFO - [2023-11-26T00:23:03.286+0000] {dagbag.py:536} INFO - Filling up the DagBag from /home/airflow/.local/lib/python3.8/site-packages/airflow/example_dags/example_branch_operator.py
[2023-11-26T00:23:03.300+0000] {processor.py:839} INFO - DAG(s) dict_keys(['example_branch_operator']) retrieved from /home/airflow/.local/lib/python3.8/site-packages/airflow/example_dags/example_branch_operator.py
[2023-11-26T00:23:03.337+0000] {logging_mixin.py:154} INFO - [2023-11-26T00:23:03.336+0000] {dag.py:2941} INFO - Sync 1 DAGs
[2023-11-26T00:23:03.376+0000] {logging_mixin.py:154} INFO - [2023-11-26T00:23:03.376+0000] {dag.py:3722} INFO - Setting next_dagrun for example_branch_operator to 2023-11-25T00:00:00+00:00, run_after=2023-11-26T00:00:00+00:00
[2023-11-26T00:23:03.416+0000] {processor.py:179} INFO - Processing /home/airflow/.local/lib/python3.8/site-packages/airflow/example_dags/example_branch_operator.py took 0.140 seconds
[2023-11-26T00:23:34.002+0000] {processor.py:157} INFO - Started process (PID=630) to work on /home/airflow/.local/lib/python3.8/site-packages/airflow/example_dags/example_branch_operator.py
[2023-11-26T00:23:34.004+0000] {processor.py:829} INFO - Processing file /home/airflow/.local/lib/python3.8/site-packages/airflow/example_dags/example_branch_operator.py for tasks to queue
[2023-11-26T00:23:34.009+0000] {logging_mixin.py:154} INFO - [2023-11-26T00:23:34.008+0000] {dagbag.py:536} INFO - Filling up the DagBag from /home/airflow/.local/lib/python3.8/site-packages/airflow/example_dags/example_branch_operator.py
[2023-11-26T00:23:34.034+0000] {processor.py:839} INFO - DAG(s) dict_keys(['example_branch_operator']) retrieved from /home/airflow/.local/lib/python3.8/site-packages/airflow/example_dags/example_branch_operator.py
[2023-11-26T00:23:34.084+0000] {logging_mixin.py:154} INFO - [2023-11-26T00:23:34.083+0000] {dag.py:2941} INFO - Sync 1 DAGs
[2023-11-26T00:23:34.136+0000] {logging_mixin.py:154} INFO - [2023-11-26T00:23:34.136+0000] {dag.py:3722} INFO - Setting next_dagrun for example_branch_operator to 2023-11-25T00:00:00+00:00, run_after=2023-11-26T00:00:00+00:00
[2023-11-26T00:23:34.185+0000] {processor.py:179} INFO - Processing /home/airflow/.local/lib/python3.8/site-packages/airflow/example_dags/example_branch_operator.py took 0.191 seconds
[2023-11-26T00:24:04.881+0000] {processor.py:157} INFO - Started process (PID=684) to work on /home/airflow/.local/lib/python3.8/site-packages/airflow/example_dags/example_branch_operator.py
[2023-11-26T00:24:04.886+0000] {processor.py:829} INFO - Processing file /home/airflow/.local/lib/python3.8/site-packages/airflow/example_dags/example_branch_operator.py for tasks to queue
[2023-11-26T00:24:04.897+0000] {logging_mixin.py:154} INFO - [2023-11-26T00:24:04.896+0000] {dagbag.py:536} INFO - Filling up the DagBag from /home/airflow/.local/lib/python3.8/site-packages/airflow/example_dags/example_branch_operator.py
[2023-11-26T00:24:04.915+0000] {processor.py:839} INFO - DAG(s) dict_keys(['example_branch_operator']) retrieved from /home/airflow/.local/lib/python3.8/site-packages/airflow/example_dags/example_branch_operator.py
[2023-11-26T00:24:04.987+0000] {logging_mixin.py:154} INFO - [2023-11-26T00:24:04.986+0000] {dag.py:2941} INFO - Sync 1 DAGs
[2023-11-26T00:24:05.054+0000] {logging_mixin.py:154} INFO - [2023-11-26T00:24:05.054+0000] {dag.py:3722} INFO - Setting next_dagrun for example_branch_operator to 2023-11-25T00:00:00+00:00, run_after=2023-11-26T00:00:00+00:00
[2023-11-26T00:24:05.150+0000] {processor.py:179} INFO - Processing /home/airflow/.local/lib/python3.8/site-packages/airflow/example_dags/example_branch_operator.py took 0.281 seconds
[2023-11-26T00:24:35.540+0000] {processor.py:157} INFO - Started process (PID=738) to work on /home/airflow/.local/lib/python3.8/site-packages/airflow/example_dags/example_branch_operator.py
[2023-11-26T00:24:35.542+0000] {processor.py:829} INFO - Processing file /home/airflow/.local/lib/python3.8/site-packages/airflow/example_dags/example_branch_operator.py for tasks to queue
[2023-11-26T00:24:35.548+0000] {logging_mixin.py:154} INFO - [2023-11-26T00:24:35.548+0000] {dagbag.py:536} INFO - Filling up the DagBag from /home/airflow/.local/lib/python3.8/site-packages/airflow/example_dags/example_branch_operator.py
[2023-11-26T00:24:35.562+0000] {processor.py:839} INFO - DAG(s) dict_keys(['example_branch_operator']) retrieved from /home/airflow/.local/lib/python3.8/site-packages/airflow/example_dags/example_branch_operator.py
[2023-11-26T00:24:35.600+0000] {logging_mixin.py:154} INFO - [2023-11-26T00:24:35.600+0000] {dag.py:2941} INFO - Sync 1 DAGs
[2023-11-26T00:24:35.646+0000] {logging_mixin.py:154} INFO - [2023-11-26T00:24:35.645+0000] {dag.py:3722} INFO - Setting next_dagrun for example_branch_operator to 2023-11-25T00:00:00+00:00, run_after=2023-11-26T00:00:00+00:00
[2023-11-26T00:24:35.717+0000] {processor.py:179} INFO - Processing /home/airflow/.local/lib/python3.8/site-packages/airflow/example_dags/example_branch_operator.py took 0.183 seconds
[2023-11-26T00:25:06.531+0000] {processor.py:157} INFO - Started process (PID=792) to work on /home/airflow/.local/lib/python3.8/site-packages/airflow/example_dags/example_branch_operator.py
[2023-11-26T00:25:06.534+0000] {processor.py:829} INFO - Processing file /home/airflow/.local/lib/python3.8/site-packages/airflow/example_dags/example_branch_operator.py for tasks to queue
[2023-11-26T00:25:06.540+0000] {logging_mixin.py:154} INFO - [2023-11-26T00:25:06.540+0000] {dagbag.py:536} INFO - Filling up the DagBag from /home/airflow/.local/lib/python3.8/site-packages/airflow/example_dags/example_branch_operator.py
[2023-11-26T00:25:06.570+0000] {processor.py:839} INFO - DAG(s) dict_keys(['example_branch_operator']) retrieved from /home/airflow/.local/lib/python3.8/site-packages/airflow/example_dags/example_branch_operator.py
[2023-11-26T00:25:06.607+0000] {logging_mixin.py:154} INFO - [2023-11-26T00:25:06.606+0000] {dag.py:2941} INFO - Sync 1 DAGs
[2023-11-26T00:25:06.669+0000] {logging_mixin.py:154} INFO - [2023-11-26T00:25:06.668+0000] {dag.py:3722} INFO - Setting next_dagrun for example_branch_operator to 2023-11-25T00:00:00+00:00, run_after=2023-11-26T00:00:00+00:00
[2023-11-26T00:25:06.755+0000] {processor.py:179} INFO - Processing /home/airflow/.local/lib/python3.8/site-packages/airflow/example_dags/example_branch_operator.py took 0.229 seconds
[2023-11-26T00:25:37.390+0000] {processor.py:157} INFO - Started process (PID=846) to work on /home/airflow/.local/lib/python3.8/site-packages/airflow/example_dags/example_branch_operator.py
[2023-11-26T00:25:37.394+0000] {processor.py:829} INFO - Processing file /home/airflow/.local/lib/python3.8/site-packages/airflow/example_dags/example_branch_operator.py for tasks to queue
[2023-11-26T00:25:37.406+0000] {logging_mixin.py:154} INFO - [2023-11-26T00:25:37.405+0000] {dagbag.py:536} INFO - Filling up the DagBag from /home/airflow/.local/lib/python3.8/site-packages/airflow/example_dags/example_branch_operator.py
[2023-11-26T00:25:37.424+0000] {processor.py:839} INFO - DAG(s) dict_keys(['example_branch_operator']) retrieved from /home/airflow/.local/lib/python3.8/site-packages/airflow/example_dags/example_branch_operator.py
[2023-11-26T00:25:37.499+0000] {logging_mixin.py:154} INFO - [2023-11-26T00:25:37.497+0000] {dag.py:2941} INFO - Sync 1 DAGs
[2023-11-26T00:25:37.560+0000] {logging_mixin.py:154} INFO - [2023-11-26T00:25:37.560+0000] {dag.py:3722} INFO - Setting next_dagrun for example_branch_operator to 2023-11-25T00:00:00+00:00, run_after=2023-11-26T00:00:00+00:00
[2023-11-26T00:25:37.647+0000] {processor.py:179} INFO - Processing /home/airflow/.local/lib/python3.8/site-packages/airflow/example_dags/example_branch_operator.py took 0.262 seconds
[2023-11-26T00:26:08.007+0000] {processor.py:157} INFO - Started process (PID=900) to work on /home/airflow/.local/lib/python3.8/site-packages/airflow/example_dags/example_branch_operator.py
[2023-11-26T00:26:08.009+0000] {processor.py:829} INFO - Processing file /home/airflow/.local/lib/python3.8/site-packages/airflow/example_dags/example_branch_operator.py for tasks to queue
[2023-11-26T00:26:08.015+0000] {logging_mixin.py:154} INFO - [2023-11-26T00:26:08.015+0000] {dagbag.py:536} INFO - Filling up the DagBag from /home/airflow/.local/lib/python3.8/site-packages/airflow/example_dags/example_branch_operator.py
[2023-11-26T00:26:08.031+0000] {processor.py:839} INFO - DAG(s) dict_keys(['example_branch_operator']) retrieved from /home/airflow/.local/lib/python3.8/site-packages/airflow/example_dags/example_branch_operator.py
[2023-11-26T00:26:08.066+0000] {logging_mixin.py:154} INFO - [2023-11-26T00:26:08.066+0000] {dag.py:2941} INFO - Sync 1 DAGs
[2023-11-26T00:26:08.098+0000] {logging_mixin.py:154} INFO - [2023-11-26T00:26:08.098+0000] {dag.py:3722} INFO - Setting next_dagrun for example_branch_operator to 2023-11-25T00:00:00+00:00, run_after=2023-11-26T00:00:00+00:00
[2023-11-26T00:26:08.132+0000] {processor.py:179} INFO - Processing /home/airflow/.local/lib/python3.8/site-packages/airflow/example_dags/example_branch_operator.py took 0.132 seconds
[2023-11-26T00:26:38.735+0000] {processor.py:157} INFO - Started process (PID=954) to work on /home/airflow/.local/lib/python3.8/site-packages/airflow/example_dags/example_branch_operator.py
[2023-11-26T00:26:38.737+0000] {processor.py:829} INFO - Processing file /home/airflow/.local/lib/python3.8/site-packages/airflow/example_dags/example_branch_operator.py for tasks to queue
[2023-11-26T00:26:38.743+0000] {logging_mixin.py:154} INFO - [2023-11-26T00:26:38.743+0000] {dagbag.py:536} INFO - Filling up the DagBag from /home/airflow/.local/lib/python3.8/site-packages/airflow/example_dags/example_branch_operator.py
[2023-11-26T00:26:38.757+0000] {processor.py:839} INFO - DAG(s) dict_keys(['example_branch_operator']) retrieved from /home/airflow/.local/lib/python3.8/site-packages/airflow/example_dags/example_branch_operator.py
[2023-11-26T00:26:38.801+0000] {logging_mixin.py:154} INFO - [2023-11-26T00:26:38.801+0000] {dag.py:2941} INFO - Sync 1 DAGs
[2023-11-26T00:26:38.843+0000] {logging_mixin.py:154} INFO - [2023-11-26T00:26:38.843+0000] {dag.py:3722} INFO - Setting next_dagrun for example_branch_operator to 2023-11-25T00:00:00+00:00, run_after=2023-11-26T00:00:00+00:00
[2023-11-26T00:26:38.882+0000] {processor.py:179} INFO - Processing /home/airflow/.local/lib/python3.8/site-packages/airflow/example_dags/example_branch_operator.py took 0.152 seconds
[2023-11-26T00:27:09.828+0000] {processor.py:157} INFO - Started process (PID=1008) to work on /home/airflow/.local/lib/python3.8/site-packages/airflow/example_dags/example_branch_operator.py
[2023-11-26T00:27:09.830+0000] {processor.py:829} INFO - Processing file /home/airflow/.local/lib/python3.8/site-packages/airflow/example_dags/example_branch_operator.py for tasks to queue
[2023-11-26T00:27:09.834+0000] {logging_mixin.py:154} INFO - [2023-11-26T00:27:09.833+0000] {dagbag.py:536} INFO - Filling up the DagBag from /home/airflow/.local/lib/python3.8/site-packages/airflow/example_dags/example_branch_operator.py
[2023-11-26T00:27:09.848+0000] {processor.py:839} INFO - DAG(s) dict_keys(['example_branch_operator']) retrieved from /home/airflow/.local/lib/python3.8/site-packages/airflow/example_dags/example_branch_operator.py
[2023-11-26T00:27:09.885+0000] {logging_mixin.py:154} INFO - [2023-11-26T00:27:09.885+0000] {dag.py:2941} INFO - Sync 1 DAGs
[2023-11-26T00:27:09.928+0000] {logging_mixin.py:154} INFO - [2023-11-26T00:27:09.927+0000] {dag.py:3722} INFO - Setting next_dagrun for example_branch_operator to 2023-11-25T00:00:00+00:00, run_after=2023-11-26T00:00:00+00:00
[2023-11-26T00:27:09.961+0000] {processor.py:179} INFO - Processing /home/airflow/.local/lib/python3.8/site-packages/airflow/example_dags/example_branch_operator.py took 0.138 seconds
[2023-11-26T00:27:40.489+0000] {processor.py:157} INFO - Started process (PID=1062) to work on /home/airflow/.local/lib/python3.8/site-packages/airflow/example_dags/example_branch_operator.py
[2023-11-26T00:27:40.491+0000] {processor.py:829} INFO - Processing file /home/airflow/.local/lib/python3.8/site-packages/airflow/example_dags/example_branch_operator.py for tasks to queue
[2023-11-26T00:27:40.494+0000] {logging_mixin.py:154} INFO - [2023-11-26T00:27:40.493+0000] {dagbag.py:536} INFO - Filling up the DagBag from /home/airflow/.local/lib/python3.8/site-packages/airflow/example_dags/example_branch_operator.py
[2023-11-26T00:27:40.503+0000] {processor.py:839} INFO - DAG(s) dict_keys(['example_branch_operator']) retrieved from /home/airflow/.local/lib/python3.8/site-packages/airflow/example_dags/example_branch_operator.py
[2023-11-26T00:27:40.530+0000] {logging_mixin.py:154} INFO - [2023-11-26T00:27:40.529+0000] {dag.py:2941} INFO - Sync 1 DAGs
[2023-11-26T00:27:40.556+0000] {logging_mixin.py:154} INFO - [2023-11-26T00:27:40.555+0000] {dag.py:3722} INFO - Setting next_dagrun for example_branch_operator to 2023-11-25T00:00:00+00:00, run_after=2023-11-26T00:00:00+00:00
[2023-11-26T00:27:40.582+0000] {processor.py:179} INFO - Processing /home/airflow/.local/lib/python3.8/site-packages/airflow/example_dags/example_branch_operator.py took 0.096 seconds
[2023-11-26T00:28:11.240+0000] {processor.py:157} INFO - Started process (PID=1116) to work on /home/airflow/.local/lib/python3.8/site-packages/airflow/example_dags/example_branch_operator.py
[2023-11-26T00:28:11.242+0000] {processor.py:829} INFO - Processing file /home/airflow/.local/lib/python3.8/site-packages/airflow/example_dags/example_branch_operator.py for tasks to queue
[2023-11-26T00:28:11.245+0000] {logging_mixin.py:154} INFO - [2023-11-26T00:28:11.244+0000] {dagbag.py:536} INFO - Filling up the DagBag from /home/airflow/.local/lib/python3.8/site-packages/airflow/example_dags/example_branch_operator.py
[2023-11-26T00:28:11.256+0000] {processor.py:839} INFO - DAG(s) dict_keys(['example_branch_operator']) retrieved from /home/airflow/.local/lib/python3.8/site-packages/airflow/example_dags/example_branch_operator.py
[2023-11-26T00:28:11.291+0000] {logging_mixin.py:154} INFO - [2023-11-26T00:28:11.290+0000] {dag.py:2941} INFO - Sync 1 DAGs
[2023-11-26T00:28:11.317+0000] {logging_mixin.py:154} INFO - [2023-11-26T00:28:11.316+0000] {dag.py:3722} INFO - Setting next_dagrun for example_branch_operator to 2023-11-25T00:00:00+00:00, run_after=2023-11-26T00:00:00+00:00
[2023-11-26T00:28:11.364+0000] {processor.py:179} INFO - Processing /home/airflow/.local/lib/python3.8/site-packages/airflow/example_dags/example_branch_operator.py took 0.128 seconds
[2023-11-26T00:28:41.523+0000] {processor.py:157} INFO - Started process (PID=1169) to work on /home/airflow/.local/lib/python3.8/site-packages/airflow/example_dags/example_branch_operator.py
[2023-11-26T00:28:41.525+0000] {processor.py:829} INFO - Processing file /home/airflow/.local/lib/python3.8/site-packages/airflow/example_dags/example_branch_operator.py for tasks to queue
[2023-11-26T00:28:41.530+0000] {logging_mixin.py:154} INFO - [2023-11-26T00:28:41.530+0000] {dagbag.py:536} INFO - Filling up the DagBag from /home/airflow/.local/lib/python3.8/site-packages/airflow/example_dags/example_branch_operator.py
[2023-11-26T00:28:41.552+0000] {processor.py:839} INFO - DAG(s) dict_keys(['example_branch_operator']) retrieved from /home/airflow/.local/lib/python3.8/site-packages/airflow/example_dags/example_branch_operator.py
[2023-11-26T00:28:41.608+0000] {logging_mixin.py:154} INFO - [2023-11-26T00:28:41.608+0000] {dag.py:2941} INFO - Sync 1 DAGs
[2023-11-26T00:28:41.649+0000] {logging_mixin.py:154} INFO - [2023-11-26T00:28:41.649+0000] {dag.py:3722} INFO - Setting next_dagrun for example_branch_operator to 2023-11-25T00:00:00+00:00, run_after=2023-11-26T00:00:00+00:00
[2023-11-26T00:28:41.689+0000] {processor.py:179} INFO - Processing /home/airflow/.local/lib/python3.8/site-packages/airflow/example_dags/example_branch_operator.py took 0.175 seconds
[2023-11-26T00:29:11.829+0000] {processor.py:157} INFO - Started process (PID=1223) to work on /home/airflow/.local/lib/python3.8/site-packages/airflow/example_dags/example_branch_operator.py
[2023-11-26T00:29:11.833+0000] {processor.py:829} INFO - Processing file /home/airflow/.local/lib/python3.8/site-packages/airflow/example_dags/example_branch_operator.py for tasks to queue
[2023-11-26T00:29:11.839+0000] {logging_mixin.py:154} INFO - [2023-11-26T00:29:11.839+0000] {dagbag.py:536} INFO - Filling up the DagBag from /home/airflow/.local/lib/python3.8/site-packages/airflow/example_dags/example_branch_operator.py
[2023-11-26T00:29:11.859+0000] {processor.py:839} INFO - DAG(s) dict_keys(['example_branch_operator']) retrieved from /home/airflow/.local/lib/python3.8/site-packages/airflow/example_dags/example_branch_operator.py
[2023-11-26T00:29:11.893+0000] {logging_mixin.py:154} INFO - [2023-11-26T00:29:11.893+0000] {dag.py:2941} INFO - Sync 1 DAGs
[2023-11-26T00:29:11.930+0000] {logging_mixin.py:154} INFO - [2023-11-26T00:29:11.930+0000] {dag.py:3722} INFO - Setting next_dagrun for example_branch_operator to 2023-11-25T00:00:00+00:00, run_after=2023-11-26T00:00:00+00:00
[2023-11-26T00:29:11.959+0000] {processor.py:179} INFO - Processing /home/airflow/.local/lib/python3.8/site-packages/airflow/example_dags/example_branch_operator.py took 0.139 seconds
[2023-11-26T00:29:42.965+0000] {processor.py:157} INFO - Started process (PID=1276) to work on /home/airflow/.local/lib/python3.8/site-packages/airflow/example_dags/example_branch_operator.py
[2023-11-26T00:29:42.971+0000] {processor.py:829} INFO - Processing file /home/airflow/.local/lib/python3.8/site-packages/airflow/example_dags/example_branch_operator.py for tasks to queue
[2023-11-26T00:29:42.976+0000] {logging_mixin.py:154} INFO - [2023-11-26T00:29:42.976+0000] {dagbag.py:536} INFO - Filling up the DagBag from /home/airflow/.local/lib/python3.8/site-packages/airflow/example_dags/example_branch_operator.py
[2023-11-26T00:29:42.992+0000] {processor.py:839} INFO - DAG(s) dict_keys(['example_branch_operator']) retrieved from /home/airflow/.local/lib/python3.8/site-packages/airflow/example_dags/example_branch_operator.py
[2023-11-26T00:29:43.050+0000] {logging_mixin.py:154} INFO - [2023-11-26T00:29:43.049+0000] {dag.py:2941} INFO - Sync 1 DAGs
[2023-11-26T00:29:43.119+0000] {logging_mixin.py:154} INFO - [2023-11-26T00:29:43.118+0000] {dag.py:3722} INFO - Setting next_dagrun for example_branch_operator to 2023-11-25T00:00:00+00:00, run_after=2023-11-26T00:00:00+00:00
[2023-11-26T00:29:43.180+0000] {processor.py:179} INFO - Processing /home/airflow/.local/lib/python3.8/site-packages/airflow/example_dags/example_branch_operator.py took 0.220 seconds
[2023-11-26T00:30:13.722+0000] {processor.py:157} INFO - Started process (PID=1330) to work on /home/airflow/.local/lib/python3.8/site-packages/airflow/example_dags/example_branch_operator.py
[2023-11-26T00:30:13.723+0000] {processor.py:829} INFO - Processing file /home/airflow/.local/lib/python3.8/site-packages/airflow/example_dags/example_branch_operator.py for tasks to queue
[2023-11-26T00:30:13.727+0000] {logging_mixin.py:154} INFO - [2023-11-26T00:30:13.726+0000] {dagbag.py:536} INFO - Filling up the DagBag from /home/airflow/.local/lib/python3.8/site-packages/airflow/example_dags/example_branch_operator.py
[2023-11-26T00:30:13.739+0000] {processor.py:839} INFO - DAG(s) dict_keys(['example_branch_operator']) retrieved from /home/airflow/.local/lib/python3.8/site-packages/airflow/example_dags/example_branch_operator.py
[2023-11-26T00:30:13.785+0000] {logging_mixin.py:154} INFO - [2023-11-26T00:30:13.784+0000] {dag.py:2941} INFO - Sync 1 DAGs
[2023-11-26T00:30:13.828+0000] {logging_mixin.py:154} INFO - [2023-11-26T00:30:13.827+0000] {dag.py:3722} INFO - Setting next_dagrun for example_branch_operator to 2023-11-25T00:00:00+00:00, run_after=2023-11-26T00:00:00+00:00
[2023-11-26T00:30:13.862+0000] {processor.py:179} INFO - Processing /home/airflow/.local/lib/python3.8/site-packages/airflow/example_dags/example_branch_operator.py took 0.144 seconds
[2023-11-26T00:30:44.098+0000] {processor.py:157} INFO - Started process (PID=1384) to work on /home/airflow/.local/lib/python3.8/site-packages/airflow/example_dags/example_branch_operator.py
[2023-11-26T00:30:44.099+0000] {processor.py:829} INFO - Processing file /home/airflow/.local/lib/python3.8/site-packages/airflow/example_dags/example_branch_operator.py for tasks to queue
[2023-11-26T00:30:44.101+0000] {logging_mixin.py:154} INFO - [2023-11-26T00:30:44.101+0000] {dagbag.py:536} INFO - Filling up the DagBag from /home/airflow/.local/lib/python3.8/site-packages/airflow/example_dags/example_branch_operator.py
[2023-11-26T00:30:44.109+0000] {processor.py:839} INFO - DAG(s) dict_keys(['example_branch_operator']) retrieved from /home/airflow/.local/lib/python3.8/site-packages/airflow/example_dags/example_branch_operator.py
[2023-11-26T00:30:44.131+0000] {logging_mixin.py:154} INFO - [2023-11-26T00:30:44.131+0000] {dag.py:2941} INFO - Sync 1 DAGs
[2023-11-26T00:30:44.153+0000] {logging_mixin.py:154} INFO - [2023-11-26T00:30:44.153+0000] {dag.py:3722} INFO - Setting next_dagrun for example_branch_operator to 2023-11-25T00:00:00+00:00, run_after=2023-11-26T00:00:00+00:00
[2023-11-26T00:30:44.176+0000] {processor.py:179} INFO - Processing /home/airflow/.local/lib/python3.8/site-packages/airflow/example_dags/example_branch_operator.py took 0.081 seconds
[2023-11-26T00:31:14.579+0000] {processor.py:157} INFO - Started process (PID=1438) to work on /home/airflow/.local/lib/python3.8/site-packages/airflow/example_dags/example_branch_operator.py
[2023-11-26T00:31:14.580+0000] {processor.py:829} INFO - Processing file /home/airflow/.local/lib/python3.8/site-packages/airflow/example_dags/example_branch_operator.py for tasks to queue
[2023-11-26T00:31:14.584+0000] {logging_mixin.py:154} INFO - [2023-11-26T00:31:14.584+0000] {dagbag.py:536} INFO - Filling up the DagBag from /home/airflow/.local/lib/python3.8/site-packages/airflow/example_dags/example_branch_operator.py
[2023-11-26T00:31:14.592+0000] {processor.py:839} INFO - DAG(s) dict_keys(['example_branch_operator']) retrieved from /home/airflow/.local/lib/python3.8/site-packages/airflow/example_dags/example_branch_operator.py
[2023-11-26T00:31:14.616+0000] {logging_mixin.py:154} INFO - [2023-11-26T00:31:14.616+0000] {dag.py:2941} INFO - Sync 1 DAGs
[2023-11-26T00:31:14.637+0000] {logging_mixin.py:154} INFO - [2023-11-26T00:31:14.637+0000] {dag.py:3722} INFO - Setting next_dagrun for example_branch_operator to 2023-11-25T00:00:00+00:00, run_after=2023-11-26T00:00:00+00:00
[2023-11-26T00:31:14.659+0000] {processor.py:179} INFO - Processing /home/airflow/.local/lib/python3.8/site-packages/airflow/example_dags/example_branch_operator.py took 0.085 seconds
[2023-11-26T00:31:44.932+0000] {processor.py:157} INFO - Started process (PID=1492) to work on /home/airflow/.local/lib/python3.8/site-packages/airflow/example_dags/example_branch_operator.py
[2023-11-26T00:31:44.934+0000] {processor.py:829} INFO - Processing file /home/airflow/.local/lib/python3.8/site-packages/airflow/example_dags/example_branch_operator.py for tasks to queue
[2023-11-26T00:31:44.938+0000] {logging_mixin.py:154} INFO - [2023-11-26T00:31:44.937+0000] {dagbag.py:536} INFO - Filling up the DagBag from /home/airflow/.local/lib/python3.8/site-packages/airflow/example_dags/example_branch_operator.py
[2023-11-26T00:31:44.949+0000] {processor.py:839} INFO - DAG(s) dict_keys(['example_branch_operator']) retrieved from /home/airflow/.local/lib/python3.8/site-packages/airflow/example_dags/example_branch_operator.py
[2023-11-26T00:31:44.984+0000] {logging_mixin.py:154} INFO - [2023-11-26T00:31:44.983+0000] {dag.py:2941} INFO - Sync 1 DAGs
[2023-11-26T00:31:45.015+0000] {logging_mixin.py:154} INFO - [2023-11-26T00:31:45.015+0000] {dag.py:3722} INFO - Setting next_dagrun for example_branch_operator to 2023-11-25T00:00:00+00:00, run_after=2023-11-26T00:00:00+00:00
[2023-11-26T00:31:45.057+0000] {processor.py:179} INFO - Processing /home/airflow/.local/lib/python3.8/site-packages/airflow/example_dags/example_branch_operator.py took 0.129 seconds
[2023-11-26T00:32:15.242+0000] {processor.py:157} INFO - Started process (PID=1546) to work on /home/airflow/.local/lib/python3.8/site-packages/airflow/example_dags/example_branch_operator.py
[2023-11-26T00:32:15.245+0000] {processor.py:829} INFO - Processing file /home/airflow/.local/lib/python3.8/site-packages/airflow/example_dags/example_branch_operator.py for tasks to queue
[2023-11-26T00:32:15.250+0000] {logging_mixin.py:154} INFO - [2023-11-26T00:32:15.249+0000] {dagbag.py:536} INFO - Filling up the DagBag from /home/airflow/.local/lib/python3.8/site-packages/airflow/example_dags/example_branch_operator.py
[2023-11-26T00:32:15.273+0000] {processor.py:839} INFO - DAG(s) dict_keys(['example_branch_operator']) retrieved from /home/airflow/.local/lib/python3.8/site-packages/airflow/example_dags/example_branch_operator.py
[2023-11-26T00:32:15.317+0000] {logging_mixin.py:154} INFO - [2023-11-26T00:32:15.317+0000] {dag.py:2941} INFO - Sync 1 DAGs
[2023-11-26T00:32:15.361+0000] {logging_mixin.py:154} INFO - [2023-11-26T00:32:15.359+0000] {dag.py:3722} INFO - Setting next_dagrun for example_branch_operator to 2023-11-25T00:00:00+00:00, run_after=2023-11-26T00:00:00+00:00
[2023-11-26T00:32:15.404+0000] {processor.py:179} INFO - Processing /home/airflow/.local/lib/python3.8/site-packages/airflow/example_dags/example_branch_operator.py took 0.169 seconds
[2023-11-26T00:32:45.500+0000] {processor.py:157} INFO - Started process (PID=1600) to work on /home/airflow/.local/lib/python3.8/site-packages/airflow/example_dags/example_branch_operator.py
[2023-11-26T00:32:45.501+0000] {processor.py:829} INFO - Processing file /home/airflow/.local/lib/python3.8/site-packages/airflow/example_dags/example_branch_operator.py for tasks to queue
[2023-11-26T00:32:45.504+0000] {logging_mixin.py:154} INFO - [2023-11-26T00:32:45.503+0000] {dagbag.py:536} INFO - Filling up the DagBag from /home/airflow/.local/lib/python3.8/site-packages/airflow/example_dags/example_branch_operator.py
[2023-11-26T00:32:45.512+0000] {processor.py:839} INFO - DAG(s) dict_keys(['example_branch_operator']) retrieved from /home/airflow/.local/lib/python3.8/site-packages/airflow/example_dags/example_branch_operator.py
[2023-11-26T00:32:45.536+0000] {logging_mixin.py:154} INFO - [2023-11-26T00:32:45.536+0000] {dag.py:2941} INFO - Sync 1 DAGs
[2023-11-26T00:32:45.558+0000] {logging_mixin.py:154} INFO - [2023-11-26T00:32:45.558+0000] {dag.py:3722} INFO - Setting next_dagrun for example_branch_operator to 2023-11-25T00:00:00+00:00, run_after=2023-11-26T00:00:00+00:00
[2023-11-26T00:32:45.579+0000] {processor.py:179} INFO - Processing /home/airflow/.local/lib/python3.8/site-packages/airflow/example_dags/example_branch_operator.py took 0.083 seconds
[2023-11-26T00:33:16.109+0000] {processor.py:157} INFO - Started process (PID=1654) to work on /home/airflow/.local/lib/python3.8/site-packages/airflow/example_dags/example_branch_operator.py
[2023-11-26T00:33:16.113+0000] {processor.py:829} INFO - Processing file /home/airflow/.local/lib/python3.8/site-packages/airflow/example_dags/example_branch_operator.py for tasks to queue
[2023-11-26T00:33:16.119+0000] {logging_mixin.py:154} INFO - [2023-11-26T00:33:16.118+0000] {dagbag.py:536} INFO - Filling up the DagBag from /home/airflow/.local/lib/python3.8/site-packages/airflow/example_dags/example_branch_operator.py
[2023-11-26T00:33:16.142+0000] {processor.py:839} INFO - DAG(s) dict_keys(['example_branch_operator']) retrieved from /home/airflow/.local/lib/python3.8/site-packages/airflow/example_dags/example_branch_operator.py
[2023-11-26T00:33:16.176+0000] {logging_mixin.py:154} INFO - [2023-11-26T00:33:16.176+0000] {dag.py:2941} INFO - Sync 1 DAGs
[2023-11-26T00:33:16.210+0000] {logging_mixin.py:154} INFO - [2023-11-26T00:33:16.210+0000] {dag.py:3722} INFO - Setting next_dagrun for example_branch_operator to 2023-11-25T00:00:00+00:00, run_after=2023-11-26T00:00:00+00:00
[2023-11-26T00:33:16.247+0000] {processor.py:179} INFO - Processing /home/airflow/.local/lib/python3.8/site-packages/airflow/example_dags/example_branch_operator.py took 0.141 seconds
[2023-11-26T00:33:46.619+0000] {processor.py:157} INFO - Started process (PID=1708) to work on /home/airflow/.local/lib/python3.8/site-packages/airflow/example_dags/example_branch_operator.py
[2023-11-26T00:33:46.620+0000] {processor.py:829} INFO - Processing file /home/airflow/.local/lib/python3.8/site-packages/airflow/example_dags/example_branch_operator.py for tasks to queue
[2023-11-26T00:33:46.622+0000] {logging_mixin.py:154} INFO - [2023-11-26T00:33:46.622+0000] {dagbag.py:536} INFO - Filling up the DagBag from /home/airflow/.local/lib/python3.8/site-packages/airflow/example_dags/example_branch_operator.py
[2023-11-26T00:33:46.629+0000] {processor.py:839} INFO - DAG(s) dict_keys(['example_branch_operator']) retrieved from /home/airflow/.local/lib/python3.8/site-packages/airflow/example_dags/example_branch_operator.py
[2023-11-26T00:33:46.648+0000] {logging_mixin.py:154} INFO - [2023-11-26T00:33:46.648+0000] {dag.py:2941} INFO - Sync 1 DAGs
[2023-11-26T00:33:46.669+0000] {logging_mixin.py:154} INFO - [2023-11-26T00:33:46.668+0000] {dag.py:3722} INFO - Setting next_dagrun for example_branch_operator to 2023-11-25T00:00:00+00:00, run_after=2023-11-26T00:00:00+00:00
[2023-11-26T00:33:46.692+0000] {processor.py:179} INFO - Processing /home/airflow/.local/lib/python3.8/site-packages/airflow/example_dags/example_branch_operator.py took 0.078 seconds
[2023-11-26T00:34:17.122+0000] {processor.py:157} INFO - Started process (PID=1762) to work on /home/airflow/.local/lib/python3.8/site-packages/airflow/example_dags/example_branch_operator.py
[2023-11-26T00:34:17.123+0000] {processor.py:829} INFO - Processing file /home/airflow/.local/lib/python3.8/site-packages/airflow/example_dags/example_branch_operator.py for tasks to queue
[2023-11-26T00:34:17.125+0000] {logging_mixin.py:154} INFO - [2023-11-26T00:34:17.125+0000] {dagbag.py:536} INFO - Filling up the DagBag from /home/airflow/.local/lib/python3.8/site-packages/airflow/example_dags/example_branch_operator.py
[2023-11-26T00:34:17.133+0000] {processor.py:839} INFO - DAG(s) dict_keys(['example_branch_operator']) retrieved from /home/airflow/.local/lib/python3.8/site-packages/airflow/example_dags/example_branch_operator.py
[2023-11-26T00:34:17.153+0000] {logging_mixin.py:154} INFO - [2023-11-26T00:34:17.153+0000] {dag.py:2941} INFO - Sync 1 DAGs
[2023-11-26T00:34:17.173+0000] {logging_mixin.py:154} INFO - [2023-11-26T00:34:17.173+0000] {dag.py:3722} INFO - Setting next_dagrun for example_branch_operator to 2023-11-25T00:00:00+00:00, run_after=2023-11-26T00:00:00+00:00
[2023-11-26T00:34:17.198+0000] {processor.py:179} INFO - Processing /home/airflow/.local/lib/python3.8/site-packages/airflow/example_dags/example_branch_operator.py took 0.079 seconds
[2023-11-26T00:34:47.610+0000] {processor.py:157} INFO - Started process (PID=1816) to work on /home/airflow/.local/lib/python3.8/site-packages/airflow/example_dags/example_branch_operator.py
[2023-11-26T00:34:47.611+0000] {processor.py:829} INFO - Processing file /home/airflow/.local/lib/python3.8/site-packages/airflow/example_dags/example_branch_operator.py for tasks to queue
[2023-11-26T00:34:47.614+0000] {logging_mixin.py:154} INFO - [2023-11-26T00:34:47.614+0000] {dagbag.py:536} INFO - Filling up the DagBag from /home/airflow/.local/lib/python3.8/site-packages/airflow/example_dags/example_branch_operator.py
[2023-11-26T00:34:47.622+0000] {processor.py:839} INFO - DAG(s) dict_keys(['example_branch_operator']) retrieved from /home/airflow/.local/lib/python3.8/site-packages/airflow/example_dags/example_branch_operator.py
[2023-11-26T00:34:47.644+0000] {logging_mixin.py:154} INFO - [2023-11-26T00:34:47.644+0000] {dag.py:2941} INFO - Sync 1 DAGs
[2023-11-26T00:34:47.665+0000] {logging_mixin.py:154} INFO - [2023-11-26T00:34:47.665+0000] {dag.py:3722} INFO - Setting next_dagrun for example_branch_operator to 2023-11-25T00:00:00+00:00, run_after=2023-11-26T00:00:00+00:00
[2023-11-26T00:34:47.690+0000] {processor.py:179} INFO - Processing /home/airflow/.local/lib/python3.8/site-packages/airflow/example_dags/example_branch_operator.py took 0.084 seconds
[2023-11-26T00:35:17.923+0000] {processor.py:157} INFO - Started process (PID=1870) to work on /home/airflow/.local/lib/python3.8/site-packages/airflow/example_dags/example_branch_operator.py
[2023-11-26T00:35:17.925+0000] {processor.py:829} INFO - Processing file /home/airflow/.local/lib/python3.8/site-packages/airflow/example_dags/example_branch_operator.py for tasks to queue
[2023-11-26T00:35:17.928+0000] {logging_mixin.py:154} INFO - [2023-11-26T00:35:17.928+0000] {dagbag.py:536} INFO - Filling up the DagBag from /home/airflow/.local/lib/python3.8/site-packages/airflow/example_dags/example_branch_operator.py
[2023-11-26T00:35:17.939+0000] {processor.py:839} INFO - DAG(s) dict_keys(['example_branch_operator']) retrieved from /home/airflow/.local/lib/python3.8/site-packages/airflow/example_dags/example_branch_operator.py
[2023-11-26T00:35:17.963+0000] {logging_mixin.py:154} INFO - [2023-11-26T00:35:17.962+0000] {dag.py:2941} INFO - Sync 1 DAGs
[2023-11-26T00:35:17.985+0000] {logging_mixin.py:154} INFO - [2023-11-26T00:35:17.985+0000] {dag.py:3722} INFO - Setting next_dagrun for example_branch_operator to 2023-11-25T00:00:00+00:00, run_after=2023-11-26T00:00:00+00:00
[2023-11-26T00:35:18.009+0000] {processor.py:179} INFO - Processing /home/airflow/.local/lib/python3.8/site-packages/airflow/example_dags/example_branch_operator.py took 0.088 seconds
[2023-11-26T00:35:48.401+0000] {processor.py:157} INFO - Started process (PID=1924) to work on /home/airflow/.local/lib/python3.8/site-packages/airflow/example_dags/example_branch_operator.py
[2023-11-26T00:35:48.402+0000] {processor.py:829} INFO - Processing file /home/airflow/.local/lib/python3.8/site-packages/airflow/example_dags/example_branch_operator.py for tasks to queue
[2023-11-26T00:35:48.405+0000] {logging_mixin.py:154} INFO - [2023-11-26T00:35:48.405+0000] {dagbag.py:536} INFO - Filling up the DagBag from /home/airflow/.local/lib/python3.8/site-packages/airflow/example_dags/example_branch_operator.py
[2023-11-26T00:35:48.414+0000] {processor.py:839} INFO - DAG(s) dict_keys(['example_branch_operator']) retrieved from /home/airflow/.local/lib/python3.8/site-packages/airflow/example_dags/example_branch_operator.py
[2023-11-26T00:35:48.435+0000] {logging_mixin.py:154} INFO - [2023-11-26T00:35:48.435+0000] {dag.py:2941} INFO - Sync 1 DAGs
[2023-11-26T00:35:48.457+0000] {logging_mixin.py:154} INFO - [2023-11-26T00:35:48.457+0000] {dag.py:3722} INFO - Setting next_dagrun for example_branch_operator to 2023-11-25T00:00:00+00:00, run_after=2023-11-26T00:00:00+00:00
[2023-11-26T00:35:48.480+0000] {processor.py:179} INFO - Processing /home/airflow/.local/lib/python3.8/site-packages/airflow/example_dags/example_branch_operator.py took 0.083 seconds
[2023-11-26T00:36:18.897+0000] {processor.py:157} INFO - Started process (PID=1978) to work on /home/airflow/.local/lib/python3.8/site-packages/airflow/example_dags/example_branch_operator.py
[2023-11-26T00:36:18.898+0000] {processor.py:829} INFO - Processing file /home/airflow/.local/lib/python3.8/site-packages/airflow/example_dags/example_branch_operator.py for tasks to queue
[2023-11-26T00:36:18.901+0000] {logging_mixin.py:154} INFO - [2023-11-26T00:36:18.900+0000] {dagbag.py:536} INFO - Filling up the DagBag from /home/airflow/.local/lib/python3.8/site-packages/airflow/example_dags/example_branch_operator.py
[2023-11-26T00:36:18.910+0000] {processor.py:839} INFO - DAG(s) dict_keys(['example_branch_operator']) retrieved from /home/airflow/.local/lib/python3.8/site-packages/airflow/example_dags/example_branch_operator.py
[2023-11-26T00:36:18.929+0000] {logging_mixin.py:154} INFO - [2023-11-26T00:36:18.929+0000] {dag.py:2941} INFO - Sync 1 DAGs
[2023-11-26T00:36:18.949+0000] {logging_mixin.py:154} INFO - [2023-11-26T00:36:18.949+0000] {dag.py:3722} INFO - Setting next_dagrun for example_branch_operator to 2023-11-25T00:00:00+00:00, run_after=2023-11-26T00:00:00+00:00
[2023-11-26T00:36:18.971+0000] {processor.py:179} INFO - Processing /home/airflow/.local/lib/python3.8/site-packages/airflow/example_dags/example_branch_operator.py took 0.077 seconds
[2023-11-26T00:36:49.836+0000] {processor.py:157} INFO - Started process (PID=2032) to work on /home/airflow/.local/lib/python3.8/site-packages/airflow/example_dags/example_branch_operator.py
[2023-11-26T00:36:49.837+0000] {processor.py:829} INFO - Processing file /home/airflow/.local/lib/python3.8/site-packages/airflow/example_dags/example_branch_operator.py for tasks to queue
[2023-11-26T00:36:49.839+0000] {logging_mixin.py:154} INFO - [2023-11-26T00:36:49.839+0000] {dagbag.py:536} INFO - Filling up the DagBag from /home/airflow/.local/lib/python3.8/site-packages/airflow/example_dags/example_branch_operator.py
[2023-11-26T00:36:49.847+0000] {processor.py:839} INFO - DAG(s) dict_keys(['example_branch_operator']) retrieved from /home/airflow/.local/lib/python3.8/site-packages/airflow/example_dags/example_branch_operator.py
[2023-11-26T00:36:49.869+0000] {logging_mixin.py:154} INFO - [2023-11-26T00:36:49.869+0000] {dag.py:2941} INFO - Sync 1 DAGs
[2023-11-26T00:36:49.890+0000] {logging_mixin.py:154} INFO - [2023-11-26T00:36:49.890+0000] {dag.py:3722} INFO - Setting next_dagrun for example_branch_operator to 2023-11-25T00:00:00+00:00, run_after=2023-11-26T00:00:00+00:00
[2023-11-26T00:36:50.017+0000] {processor.py:179} INFO - Processing /home/airflow/.local/lib/python3.8/site-packages/airflow/example_dags/example_branch_operator.py took 0.185 seconds
[2023-11-26T00:37:20.380+0000] {processor.py:157} INFO - Started process (PID=2086) to work on /home/airflow/.local/lib/python3.8/site-packages/airflow/example_dags/example_branch_operator.py
[2023-11-26T00:37:20.381+0000] {processor.py:829} INFO - Processing file /home/airflow/.local/lib/python3.8/site-packages/airflow/example_dags/example_branch_operator.py for tasks to queue
[2023-11-26T00:37:20.385+0000] {logging_mixin.py:154} INFO - [2023-11-26T00:37:20.384+0000] {dagbag.py:536} INFO - Filling up the DagBag from /home/airflow/.local/lib/python3.8/site-packages/airflow/example_dags/example_branch_operator.py
[2023-11-26T00:37:20.395+0000] {processor.py:839} INFO - DAG(s) dict_keys(['example_branch_operator']) retrieved from /home/airflow/.local/lib/python3.8/site-packages/airflow/example_dags/example_branch_operator.py
[2023-11-26T00:37:20.423+0000] {logging_mixin.py:154} INFO - [2023-11-26T00:37:20.423+0000] {dag.py:2941} INFO - Sync 1 DAGs
[2023-11-26T00:37:20.445+0000] {logging_mixin.py:154} INFO - [2023-11-26T00:37:20.444+0000] {dag.py:3722} INFO - Setting next_dagrun for example_branch_operator to 2023-11-25T00:00:00+00:00, run_after=2023-11-26T00:00:00+00:00
[2023-11-26T00:37:20.470+0000] {processor.py:179} INFO - Processing /home/airflow/.local/lib/python3.8/site-packages/airflow/example_dags/example_branch_operator.py took 0.094 seconds
[2023-11-26T00:37:50.957+0000] {processor.py:157} INFO - Started process (PID=2140) to work on /home/airflow/.local/lib/python3.8/site-packages/airflow/example_dags/example_branch_operator.py
[2023-11-26T00:37:50.959+0000] {processor.py:829} INFO - Processing file /home/airflow/.local/lib/python3.8/site-packages/airflow/example_dags/example_branch_operator.py for tasks to queue
[2023-11-26T00:37:50.962+0000] {logging_mixin.py:154} INFO - [2023-11-26T00:37:50.962+0000] {dagbag.py:536} INFO - Filling up the DagBag from /home/airflow/.local/lib/python3.8/site-packages/airflow/example_dags/example_branch_operator.py
[2023-11-26T00:37:50.968+0000] {processor.py:839} INFO - DAG(s) dict_keys(['example_branch_operator']) retrieved from /home/airflow/.local/lib/python3.8/site-packages/airflow/example_dags/example_branch_operator.py
[2023-11-26T00:37:50.990+0000] {logging_mixin.py:154} INFO - [2023-11-26T00:37:50.990+0000] {dag.py:2941} INFO - Sync 1 DAGs
[2023-11-26T00:37:51.011+0000] {logging_mixin.py:154} INFO - [2023-11-26T00:37:51.011+0000] {dag.py:3722} INFO - Setting next_dagrun for example_branch_operator to 2023-11-25T00:00:00+00:00, run_after=2023-11-26T00:00:00+00:00
[2023-11-26T00:37:51.033+0000] {processor.py:179} INFO - Processing /home/airflow/.local/lib/python3.8/site-packages/airflow/example_dags/example_branch_operator.py took 0.079 seconds
[2023-11-26T00:38:21.279+0000] {processor.py:157} INFO - Started process (PID=2194) to work on /home/airflow/.local/lib/python3.8/site-packages/airflow/example_dags/example_branch_operator.py
[2023-11-26T00:38:21.280+0000] {processor.py:829} INFO - Processing file /home/airflow/.local/lib/python3.8/site-packages/airflow/example_dags/example_branch_operator.py for tasks to queue
[2023-11-26T00:38:21.282+0000] {logging_mixin.py:154} INFO - [2023-11-26T00:38:21.282+0000] {dagbag.py:536} INFO - Filling up the DagBag from /home/airflow/.local/lib/python3.8/site-packages/airflow/example_dags/example_branch_operator.py
[2023-11-26T00:38:21.291+0000] {processor.py:839} INFO - DAG(s) dict_keys(['example_branch_operator']) retrieved from /home/airflow/.local/lib/python3.8/site-packages/airflow/example_dags/example_branch_operator.py
[2023-11-26T00:38:21.314+0000] {logging_mixin.py:154} INFO - [2023-11-26T00:38:21.314+0000] {dag.py:2941} INFO - Sync 1 DAGs
[2023-11-26T00:38:21.334+0000] {logging_mixin.py:154} INFO - [2023-11-26T00:38:21.334+0000] {dag.py:3722} INFO - Setting next_dagrun for example_branch_operator to 2023-11-25T00:00:00+00:00, run_after=2023-11-26T00:00:00+00:00
[2023-11-26T00:38:21.357+0000] {processor.py:179} INFO - Processing /home/airflow/.local/lib/python3.8/site-packages/airflow/example_dags/example_branch_operator.py took 0.081 seconds
[2023-11-26T00:38:51.747+0000] {processor.py:157} INFO - Started process (PID=2248) to work on /home/airflow/.local/lib/python3.8/site-packages/airflow/example_dags/example_branch_operator.py
[2023-11-26T00:38:51.749+0000] {processor.py:829} INFO - Processing file /home/airflow/.local/lib/python3.8/site-packages/airflow/example_dags/example_branch_operator.py for tasks to queue
[2023-11-26T00:38:51.753+0000] {logging_mixin.py:154} INFO - [2023-11-26T00:38:51.753+0000] {dagbag.py:536} INFO - Filling up the DagBag from /home/airflow/.local/lib/python3.8/site-packages/airflow/example_dags/example_branch_operator.py
[2023-11-26T00:38:51.765+0000] {processor.py:839} INFO - DAG(s) dict_keys(['example_branch_operator']) retrieved from /home/airflow/.local/lib/python3.8/site-packages/airflow/example_dags/example_branch_operator.py
[2023-11-26T00:38:51.796+0000] {logging_mixin.py:154} INFO - [2023-11-26T00:38:51.796+0000] {dag.py:2941} INFO - Sync 1 DAGs
[2023-11-26T00:38:51.959+0000] {logging_mixin.py:154} INFO - [2023-11-26T00:38:51.959+0000] {dag.py:3722} INFO - Setting next_dagrun for example_branch_operator to 2023-11-25T00:00:00+00:00, run_after=2023-11-26T00:00:00+00:00
[2023-11-26T00:38:51.985+0000] {processor.py:179} INFO - Processing /home/airflow/.local/lib/python3.8/site-packages/airflow/example_dags/example_branch_operator.py took 0.244 seconds
[2023-11-26T00:39:22.723+0000] {processor.py:157} INFO - Started process (PID=2302) to work on /home/airflow/.local/lib/python3.8/site-packages/airflow/example_dags/example_branch_operator.py
[2023-11-26T00:39:22.725+0000] {processor.py:829} INFO - Processing file /home/airflow/.local/lib/python3.8/site-packages/airflow/example_dags/example_branch_operator.py for tasks to queue
[2023-11-26T00:39:22.727+0000] {logging_mixin.py:154} INFO - [2023-11-26T00:39:22.727+0000] {dagbag.py:536} INFO - Filling up the DagBag from /home/airflow/.local/lib/python3.8/site-packages/airflow/example_dags/example_branch_operator.py
[2023-11-26T00:39:22.734+0000] {processor.py:839} INFO - DAG(s) dict_keys(['example_branch_operator']) retrieved from /home/airflow/.local/lib/python3.8/site-packages/airflow/example_dags/example_branch_operator.py
[2023-11-26T00:39:22.756+0000] {logging_mixin.py:154} INFO - [2023-11-26T00:39:22.756+0000] {dag.py:2941} INFO - Sync 1 DAGs
[2023-11-26T00:39:22.778+0000] {logging_mixin.py:154} INFO - [2023-11-26T00:39:22.778+0000] {dag.py:3722} INFO - Setting next_dagrun for example_branch_operator to 2023-11-25T00:00:00+00:00, run_after=2023-11-26T00:00:00+00:00
[2023-11-26T00:39:22.802+0000] {processor.py:179} INFO - Processing /home/airflow/.local/lib/python3.8/site-packages/airflow/example_dags/example_branch_operator.py took 0.082 seconds
[2023-11-26T00:39:53.162+0000] {processor.py:157} INFO - Started process (PID=2356) to work on /home/airflow/.local/lib/python3.8/site-packages/airflow/example_dags/example_branch_operator.py
[2023-11-26T00:39:53.163+0000] {processor.py:829} INFO - Processing file /home/airflow/.local/lib/python3.8/site-packages/airflow/example_dags/example_branch_operator.py for tasks to queue
[2023-11-26T00:39:53.165+0000] {logging_mixin.py:154} INFO - [2023-11-26T00:39:53.165+0000] {dagbag.py:536} INFO - Filling up the DagBag from /home/airflow/.local/lib/python3.8/site-packages/airflow/example_dags/example_branch_operator.py
[2023-11-26T00:39:53.173+0000] {processor.py:839} INFO - DAG(s) dict_keys(['example_branch_operator']) retrieved from /home/airflow/.local/lib/python3.8/site-packages/airflow/example_dags/example_branch_operator.py
[2023-11-26T00:39:53.197+0000] {logging_mixin.py:154} INFO - [2023-11-26T00:39:53.196+0000] {dag.py:2941} INFO - Sync 1 DAGs
[2023-11-26T00:39:53.216+0000] {logging_mixin.py:154} INFO - [2023-11-26T00:39:53.215+0000] {dag.py:3722} INFO - Setting next_dagrun for example_branch_operator to 2023-11-25T00:00:00+00:00, run_after=2023-11-26T00:00:00+00:00
[2023-11-26T00:39:53.236+0000] {processor.py:179} INFO - Processing /home/airflow/.local/lib/python3.8/site-packages/airflow/example_dags/example_branch_operator.py took 0.077 seconds
[2023-11-26T00:40:24.011+0000] {processor.py:157} INFO - Started process (PID=2410) to work on /home/airflow/.local/lib/python3.8/site-packages/airflow/example_dags/example_branch_operator.py
[2023-11-26T00:40:24.012+0000] {processor.py:829} INFO - Processing file /home/airflow/.local/lib/python3.8/site-packages/airflow/example_dags/example_branch_operator.py for tasks to queue
[2023-11-26T00:40:24.015+0000] {logging_mixin.py:154} INFO - [2023-11-26T00:40:24.014+0000] {dagbag.py:536} INFO - Filling up the DagBag from /home/airflow/.local/lib/python3.8/site-packages/airflow/example_dags/example_branch_operator.py
[2023-11-26T00:40:24.024+0000] {processor.py:839} INFO - DAG(s) dict_keys(['example_branch_operator']) retrieved from /home/airflow/.local/lib/python3.8/site-packages/airflow/example_dags/example_branch_operator.py
[2023-11-26T00:40:24.045+0000] {logging_mixin.py:154} INFO - [2023-11-26T00:40:24.045+0000] {dag.py:2941} INFO - Sync 1 DAGs
[2023-11-26T00:40:24.168+0000] {logging_mixin.py:154} INFO - [2023-11-26T00:40:24.168+0000] {dag.py:3722} INFO - Setting next_dagrun for example_branch_operator to 2023-11-25T00:00:00+00:00, run_after=2023-11-26T00:00:00+00:00
[2023-11-26T00:40:24.192+0000] {processor.py:179} INFO - Processing /home/airflow/.local/lib/python3.8/site-packages/airflow/example_dags/example_branch_operator.py took 0.184 seconds
[2023-11-26T00:40:54.300+0000] {processor.py:157} INFO - Started process (PID=2464) to work on /home/airflow/.local/lib/python3.8/site-packages/airflow/example_dags/example_branch_operator.py
[2023-11-26T00:40:54.301+0000] {processor.py:829} INFO - Processing file /home/airflow/.local/lib/python3.8/site-packages/airflow/example_dags/example_branch_operator.py for tasks to queue
[2023-11-26T00:40:54.303+0000] {logging_mixin.py:154} INFO - [2023-11-26T00:40:54.303+0000] {dagbag.py:536} INFO - Filling up the DagBag from /home/airflow/.local/lib/python3.8/site-packages/airflow/example_dags/example_branch_operator.py
[2023-11-26T00:40:54.311+0000] {processor.py:839} INFO - DAG(s) dict_keys(['example_branch_operator']) retrieved from /home/airflow/.local/lib/python3.8/site-packages/airflow/example_dags/example_branch_operator.py
[2023-11-26T00:40:54.332+0000] {logging_mixin.py:154} INFO - [2023-11-26T00:40:54.332+0000] {dag.py:2941} INFO - Sync 1 DAGs
[2023-11-26T00:40:54.353+0000] {logging_mixin.py:154} INFO - [2023-11-26T00:40:54.353+0000] {dag.py:3722} INFO - Setting next_dagrun for example_branch_operator to 2023-11-25T00:00:00+00:00, run_after=2023-11-26T00:00:00+00:00
[2023-11-26T00:40:54.480+0000] {processor.py:179} INFO - Processing /home/airflow/.local/lib/python3.8/site-packages/airflow/example_dags/example_branch_operator.py took 0.185 seconds
[2023-11-26T00:41:24.908+0000] {processor.py:157} INFO - Started process (PID=2518) to work on /home/airflow/.local/lib/python3.8/site-packages/airflow/example_dags/example_branch_operator.py
[2023-11-26T00:41:24.910+0000] {processor.py:829} INFO - Processing file /home/airflow/.local/lib/python3.8/site-packages/airflow/example_dags/example_branch_operator.py for tasks to queue
[2023-11-26T00:41:24.913+0000] {logging_mixin.py:154} INFO - [2023-11-26T00:41:24.912+0000] {dagbag.py:536} INFO - Filling up the DagBag from /home/airflow/.local/lib/python3.8/site-packages/airflow/example_dags/example_branch_operator.py
[2023-11-26T00:41:24.921+0000] {processor.py:839} INFO - DAG(s) dict_keys(['example_branch_operator']) retrieved from /home/airflow/.local/lib/python3.8/site-packages/airflow/example_dags/example_branch_operator.py
[2023-11-26T00:41:24.941+0000] {logging_mixin.py:154} INFO - [2023-11-26T00:41:24.941+0000] {dag.py:2941} INFO - Sync 1 DAGs
[2023-11-26T00:41:24.961+0000] {logging_mixin.py:154} INFO - [2023-11-26T00:41:24.961+0000] {dag.py:3722} INFO - Setting next_dagrun for example_branch_operator to 2023-11-25T00:00:00+00:00, run_after=2023-11-26T00:00:00+00:00
[2023-11-26T00:41:24.982+0000] {processor.py:179} INFO - Processing /home/airflow/.local/lib/python3.8/site-packages/airflow/example_dags/example_branch_operator.py took 0.079 seconds
[2023-11-26T00:41:55.469+0000] {processor.py:157} INFO - Started process (PID=2572) to work on /home/airflow/.local/lib/python3.8/site-packages/airflow/example_dags/example_branch_operator.py
[2023-11-26T00:41:55.470+0000] {processor.py:829} INFO - Processing file /home/airflow/.local/lib/python3.8/site-packages/airflow/example_dags/example_branch_operator.py for tasks to queue
[2023-11-26T00:41:55.473+0000] {logging_mixin.py:154} INFO - [2023-11-26T00:41:55.473+0000] {dagbag.py:536} INFO - Filling up the DagBag from /home/airflow/.local/lib/python3.8/site-packages/airflow/example_dags/example_branch_operator.py
[2023-11-26T00:41:55.481+0000] {processor.py:839} INFO - DAG(s) dict_keys(['example_branch_operator']) retrieved from /home/airflow/.local/lib/python3.8/site-packages/airflow/example_dags/example_branch_operator.py
[2023-11-26T00:41:55.519+0000] {logging_mixin.py:154} INFO - [2023-11-26T00:41:55.519+0000] {dag.py:2941} INFO - Sync 1 DAGs
[2023-11-26T00:41:55.670+0000] {logging_mixin.py:154} INFO - [2023-11-26T00:41:55.670+0000] {dag.py:3722} INFO - Setting next_dagrun for example_branch_operator to 2023-11-25T00:00:00+00:00, run_after=2023-11-26T00:00:00+00:00
[2023-11-26T00:41:55.696+0000] {processor.py:179} INFO - Processing /home/airflow/.local/lib/python3.8/site-packages/airflow/example_dags/example_branch_operator.py took 0.233 seconds
[2023-11-26T00:42:26.596+0000] {processor.py:157} INFO - Started process (PID=2626) to work on /home/airflow/.local/lib/python3.8/site-packages/airflow/example_dags/example_branch_operator.py
[2023-11-26T00:42:26.597+0000] {processor.py:829} INFO - Processing file /home/airflow/.local/lib/python3.8/site-packages/airflow/example_dags/example_branch_operator.py for tasks to queue
[2023-11-26T00:42:26.600+0000] {logging_mixin.py:154} INFO - [2023-11-26T00:42:26.599+0000] {dagbag.py:536} INFO - Filling up the DagBag from /home/airflow/.local/lib/python3.8/site-packages/airflow/example_dags/example_branch_operator.py
[2023-11-26T00:42:26.607+0000] {processor.py:839} INFO - DAG(s) dict_keys(['example_branch_operator']) retrieved from /home/airflow/.local/lib/python3.8/site-packages/airflow/example_dags/example_branch_operator.py
[2023-11-26T00:42:26.627+0000] {logging_mixin.py:154} INFO - [2023-11-26T00:42:26.627+0000] {dag.py:2941} INFO - Sync 1 DAGs
[2023-11-26T00:42:26.647+0000] {logging_mixin.py:154} INFO - [2023-11-26T00:42:26.647+0000] {dag.py:3722} INFO - Setting next_dagrun for example_branch_operator to 2023-11-25T00:00:00+00:00, run_after=2023-11-26T00:00:00+00:00
[2023-11-26T00:42:26.772+0000] {processor.py:179} INFO - Processing /home/airflow/.local/lib/python3.8/site-packages/airflow/example_dags/example_branch_operator.py took 0.179 seconds
[2023-11-26T00:42:57.061+0000] {processor.py:157} INFO - Started process (PID=2680) to work on /home/airflow/.local/lib/python3.8/site-packages/airflow/example_dags/example_branch_operator.py
[2023-11-26T00:42:57.063+0000] {processor.py:829} INFO - Processing file /home/airflow/.local/lib/python3.8/site-packages/airflow/example_dags/example_branch_operator.py for tasks to queue
[2023-11-26T00:42:57.068+0000] {logging_mixin.py:154} INFO - [2023-11-26T00:42:57.068+0000] {dagbag.py:536} INFO - Filling up the DagBag from /home/airflow/.local/lib/python3.8/site-packages/airflow/example_dags/example_branch_operator.py
[2023-11-26T00:42:57.083+0000] {processor.py:839} INFO - DAG(s) dict_keys(['example_branch_operator']) retrieved from /home/airflow/.local/lib/python3.8/site-packages/airflow/example_dags/example_branch_operator.py
[2023-11-26T00:42:57.116+0000] {logging_mixin.py:154} INFO - [2023-11-26T00:42:57.116+0000] {dag.py:2941} INFO - Sync 1 DAGs
[2023-11-26T00:42:57.143+0000] {logging_mixin.py:154} INFO - [2023-11-26T00:42:57.143+0000] {dag.py:3722} INFO - Setting next_dagrun for example_branch_operator to 2023-11-25T00:00:00+00:00, run_after=2023-11-26T00:00:00+00:00
[2023-11-26T00:42:57.179+0000] {processor.py:179} INFO - Processing /home/airflow/.local/lib/python3.8/site-packages/airflow/example_dags/example_branch_operator.py took 0.122 seconds
[2023-11-26T00:43:27.292+0000] {processor.py:157} INFO - Started process (PID=2734) to work on /home/airflow/.local/lib/python3.8/site-packages/airflow/example_dags/example_branch_operator.py
[2023-11-26T00:43:27.294+0000] {processor.py:829} INFO - Processing file /home/airflow/.local/lib/python3.8/site-packages/airflow/example_dags/example_branch_operator.py for tasks to queue
[2023-11-26T00:43:27.297+0000] {logging_mixin.py:154} INFO - [2023-11-26T00:43:27.296+0000] {dagbag.py:536} INFO - Filling up the DagBag from /home/airflow/.local/lib/python3.8/site-packages/airflow/example_dags/example_branch_operator.py
[2023-11-26T00:43:27.305+0000] {processor.py:839} INFO - DAG(s) dict_keys(['example_branch_operator']) retrieved from /home/airflow/.local/lib/python3.8/site-packages/airflow/example_dags/example_branch_operator.py
[2023-11-26T00:43:27.326+0000] {logging_mixin.py:154} INFO - [2023-11-26T00:43:27.326+0000] {dag.py:2941} INFO - Sync 1 DAGs
[2023-11-26T00:43:27.447+0000] {logging_mixin.py:154} INFO - [2023-11-26T00:43:27.447+0000] {dag.py:3722} INFO - Setting next_dagrun for example_branch_operator to 2023-11-25T00:00:00+00:00, run_after=2023-11-26T00:00:00+00:00
[2023-11-26T00:43:27.471+0000] {processor.py:179} INFO - Processing /home/airflow/.local/lib/python3.8/site-packages/airflow/example_dags/example_branch_operator.py took 0.185 seconds
[2023-11-26T00:43:57.590+0000] {processor.py:157} INFO - Started process (PID=2788) to work on /home/airflow/.local/lib/python3.8/site-packages/airflow/example_dags/example_branch_operator.py
[2023-11-26T00:43:57.591+0000] {processor.py:829} INFO - Processing file /home/airflow/.local/lib/python3.8/site-packages/airflow/example_dags/example_branch_operator.py for tasks to queue
[2023-11-26T00:43:57.594+0000] {logging_mixin.py:154} INFO - [2023-11-26T00:43:57.594+0000] {dagbag.py:536} INFO - Filling up the DagBag from /home/airflow/.local/lib/python3.8/site-packages/airflow/example_dags/example_branch_operator.py
[2023-11-26T00:43:57.603+0000] {processor.py:839} INFO - DAG(s) dict_keys(['example_branch_operator']) retrieved from /home/airflow/.local/lib/python3.8/site-packages/airflow/example_dags/example_branch_operator.py
[2023-11-26T00:43:57.631+0000] {logging_mixin.py:154} INFO - [2023-11-26T00:43:57.631+0000] {dag.py:2941} INFO - Sync 1 DAGs
[2023-11-26T00:43:57.652+0000] {logging_mixin.py:154} INFO - [2023-11-26T00:43:57.652+0000] {dag.py:3722} INFO - Setting next_dagrun for example_branch_operator to 2023-11-25T00:00:00+00:00, run_after=2023-11-26T00:00:00+00:00
[2023-11-26T00:43:57.677+0000] {processor.py:179} INFO - Processing /home/airflow/.local/lib/python3.8/site-packages/airflow/example_dags/example_branch_operator.py took 0.091 seconds
[2023-11-26T00:44:27.846+0000] {processor.py:157} INFO - Started process (PID=2842) to work on /home/airflow/.local/lib/python3.8/site-packages/airflow/example_dags/example_branch_operator.py
[2023-11-26T00:44:27.848+0000] {processor.py:829} INFO - Processing file /home/airflow/.local/lib/python3.8/site-packages/airflow/example_dags/example_branch_operator.py for tasks to queue
[2023-11-26T00:44:27.852+0000] {logging_mixin.py:154} INFO - [2023-11-26T00:44:27.852+0000] {dagbag.py:536} INFO - Filling up the DagBag from /home/airflow/.local/lib/python3.8/site-packages/airflow/example_dags/example_branch_operator.py
[2023-11-26T00:44:27.864+0000] {processor.py:839} INFO - DAG(s) dict_keys(['example_branch_operator']) retrieved from /home/airflow/.local/lib/python3.8/site-packages/airflow/example_dags/example_branch_operator.py
[2023-11-26T00:44:27.902+0000] {logging_mixin.py:154} INFO - [2023-11-26T00:44:27.902+0000] {dag.py:2941} INFO - Sync 1 DAGs
[2023-11-26T00:44:27.955+0000] {logging_mixin.py:154} INFO - [2023-11-26T00:44:27.954+0000] {dag.py:3722} INFO - Setting next_dagrun for example_branch_operator to 2023-11-25T00:00:00+00:00, run_after=2023-11-26T00:00:00+00:00
[2023-11-26T00:44:27.995+0000] {processor.py:179} INFO - Processing /home/airflow/.local/lib/python3.8/site-packages/airflow/example_dags/example_branch_operator.py took 0.153 seconds
[2023-11-26T00:44:58.184+0000] {processor.py:157} INFO - Started process (PID=2896) to work on /home/airflow/.local/lib/python3.8/site-packages/airflow/example_dags/example_branch_operator.py
[2023-11-26T00:44:58.186+0000] {processor.py:829} INFO - Processing file /home/airflow/.local/lib/python3.8/site-packages/airflow/example_dags/example_branch_operator.py for tasks to queue
[2023-11-26T00:44:58.189+0000] {logging_mixin.py:154} INFO - [2023-11-26T00:44:58.189+0000] {dagbag.py:536} INFO - Filling up the DagBag from /home/airflow/.local/lib/python3.8/site-packages/airflow/example_dags/example_branch_operator.py
[2023-11-26T00:44:58.197+0000] {processor.py:839} INFO - DAG(s) dict_keys(['example_branch_operator']) retrieved from /home/airflow/.local/lib/python3.8/site-packages/airflow/example_dags/example_branch_operator.py
[2023-11-26T00:44:58.218+0000] {logging_mixin.py:154} INFO - [2023-11-26T00:44:58.218+0000] {dag.py:2941} INFO - Sync 1 DAGs
[2023-11-26T00:44:58.242+0000] {logging_mixin.py:154} INFO - [2023-11-26T00:44:58.241+0000] {dag.py:3722} INFO - Setting next_dagrun for example_branch_operator to 2023-11-25T00:00:00+00:00, run_after=2023-11-26T00:00:00+00:00
[2023-11-26T00:44:58.266+0000] {processor.py:179} INFO - Processing /home/airflow/.local/lib/python3.8/site-packages/airflow/example_dags/example_branch_operator.py took 0.085 seconds
[2023-11-26T00:45:28.541+0000] {processor.py:157} INFO - Started process (PID=2957) to work on /home/airflow/.local/lib/python3.8/site-packages/airflow/example_dags/example_branch_operator.py
[2023-11-26T00:45:28.543+0000] {processor.py:829} INFO - Processing file /home/airflow/.local/lib/python3.8/site-packages/airflow/example_dags/example_branch_operator.py for tasks to queue
[2023-11-26T00:45:28.550+0000] {logging_mixin.py:154} INFO - [2023-11-26T00:45:28.549+0000] {dagbag.py:536} INFO - Filling up the DagBag from /home/airflow/.local/lib/python3.8/site-packages/airflow/example_dags/example_branch_operator.py
[2023-11-26T00:45:28.570+0000] {processor.py:839} INFO - DAG(s) dict_keys(['example_branch_operator']) retrieved from /home/airflow/.local/lib/python3.8/site-packages/airflow/example_dags/example_branch_operator.py
[2023-11-26T00:45:28.619+0000] {logging_mixin.py:154} INFO - [2023-11-26T00:45:28.619+0000] {dag.py:2941} INFO - Sync 1 DAGs
[2023-11-26T00:45:28.667+0000] {logging_mixin.py:154} INFO - [2023-11-26T00:45:28.667+0000] {dag.py:3722} INFO - Setting next_dagrun for example_branch_operator to 2023-11-25T00:00:00+00:00, run_after=2023-11-26T00:00:00+00:00
[2023-11-26T00:45:28.728+0000] {processor.py:179} INFO - Processing /home/airflow/.local/lib/python3.8/site-packages/airflow/example_dags/example_branch_operator.py took 0.191 seconds
[2023-11-26T00:45:59.623+0000] {processor.py:157} INFO - Started process (PID=3009) to work on /home/airflow/.local/lib/python3.8/site-packages/airflow/example_dags/example_branch_operator.py
[2023-11-26T00:45:59.624+0000] {processor.py:829} INFO - Processing file /home/airflow/.local/lib/python3.8/site-packages/airflow/example_dags/example_branch_operator.py for tasks to queue
[2023-11-26T00:45:59.627+0000] {logging_mixin.py:154} INFO - [2023-11-26T00:45:59.627+0000] {dagbag.py:536} INFO - Filling up the DagBag from /home/airflow/.local/lib/python3.8/site-packages/airflow/example_dags/example_branch_operator.py
[2023-11-26T00:45:59.642+0000] {processor.py:839} INFO - DAG(s) dict_keys(['example_branch_operator']) retrieved from /home/airflow/.local/lib/python3.8/site-packages/airflow/example_dags/example_branch_operator.py
[2023-11-26T00:45:59.685+0000] {logging_mixin.py:154} INFO - [2023-11-26T00:45:59.684+0000] {dag.py:2941} INFO - Sync 1 DAGs
[2023-11-26T00:45:59.723+0000] {logging_mixin.py:154} INFO - [2023-11-26T00:45:59.723+0000] {dag.py:3722} INFO - Setting next_dagrun for example_branch_operator to 2023-11-25T00:00:00+00:00, run_after=2023-11-26T00:00:00+00:00
[2023-11-26T00:45:59.758+0000] {processor.py:179} INFO - Processing /home/airflow/.local/lib/python3.8/site-packages/airflow/example_dags/example_branch_operator.py took 0.141 seconds
[2023-11-26T00:46:30.634+0000] {processor.py:157} INFO - Started process (PID=3064) to work on /home/airflow/.local/lib/python3.8/site-packages/airflow/example_dags/example_branch_operator.py
[2023-11-26T00:46:30.636+0000] {processor.py:829} INFO - Processing file /home/airflow/.local/lib/python3.8/site-packages/airflow/example_dags/example_branch_operator.py for tasks to queue
[2023-11-26T00:46:30.638+0000] {logging_mixin.py:154} INFO - [2023-11-26T00:46:30.638+0000] {dagbag.py:536} INFO - Filling up the DagBag from /home/airflow/.local/lib/python3.8/site-packages/airflow/example_dags/example_branch_operator.py
[2023-11-26T00:46:30.649+0000] {processor.py:839} INFO - DAG(s) dict_keys(['example_branch_operator']) retrieved from /home/airflow/.local/lib/python3.8/site-packages/airflow/example_dags/example_branch_operator.py
[2023-11-26T00:46:30.676+0000] {logging_mixin.py:154} INFO - [2023-11-26T00:46:30.675+0000] {dag.py:2941} INFO - Sync 1 DAGs
[2023-11-26T00:46:30.701+0000] {logging_mixin.py:154} INFO - [2023-11-26T00:46:30.700+0000] {dag.py:3722} INFO - Setting next_dagrun for example_branch_operator to 2023-11-25T00:00:00+00:00, run_after=2023-11-26T00:00:00+00:00
[2023-11-26T00:46:30.727+0000] {processor.py:179} INFO - Processing /home/airflow/.local/lib/python3.8/site-packages/airflow/example_dags/example_branch_operator.py took 0.096 seconds
[2023-11-26T00:47:01.074+0000] {processor.py:157} INFO - Started process (PID=3118) to work on /home/airflow/.local/lib/python3.8/site-packages/airflow/example_dags/example_branch_operator.py
[2023-11-26T00:47:01.078+0000] {processor.py:829} INFO - Processing file /home/airflow/.local/lib/python3.8/site-packages/airflow/example_dags/example_branch_operator.py for tasks to queue
[2023-11-26T00:47:01.082+0000] {logging_mixin.py:154} INFO - [2023-11-26T00:47:01.081+0000] {dagbag.py:536} INFO - Filling up the DagBag from /home/airflow/.local/lib/python3.8/site-packages/airflow/example_dags/example_branch_operator.py
[2023-11-26T00:47:01.100+0000] {processor.py:839} INFO - DAG(s) dict_keys(['example_branch_operator']) retrieved from /home/airflow/.local/lib/python3.8/site-packages/airflow/example_dags/example_branch_operator.py
[2023-11-26T00:47:01.151+0000] {logging_mixin.py:154} INFO - [2023-11-26T00:47:01.151+0000] {dag.py:2941} INFO - Sync 1 DAGs
[2023-11-26T00:47:01.195+0000] {logging_mixin.py:154} INFO - [2023-11-26T00:47:01.194+0000] {dag.py:3722} INFO - Setting next_dagrun for example_branch_operator to 2023-11-25T00:00:00+00:00, run_after=2023-11-26T00:00:00+00:00
[2023-11-26T00:47:01.243+0000] {processor.py:179} INFO - Processing /home/airflow/.local/lib/python3.8/site-packages/airflow/example_dags/example_branch_operator.py took 0.175 seconds
[2023-11-26T00:47:31.529+0000] {processor.py:157} INFO - Started process (PID=3171) to work on /home/airflow/.local/lib/python3.8/site-packages/airflow/example_dags/example_branch_operator.py
[2023-11-26T00:47:31.534+0000] {processor.py:829} INFO - Processing file /home/airflow/.local/lib/python3.8/site-packages/airflow/example_dags/example_branch_operator.py for tasks to queue
[2023-11-26T00:47:31.542+0000] {logging_mixin.py:154} INFO - [2023-11-26T00:47:31.540+0000] {dagbag.py:536} INFO - Filling up the DagBag from /home/airflow/.local/lib/python3.8/site-packages/airflow/example_dags/example_branch_operator.py
[2023-11-26T00:47:31.557+0000] {processor.py:839} INFO - DAG(s) dict_keys(['example_branch_operator']) retrieved from /home/airflow/.local/lib/python3.8/site-packages/airflow/example_dags/example_branch_operator.py
[2023-11-26T00:47:31.608+0000] {logging_mixin.py:154} INFO - [2023-11-26T00:47:31.607+0000] {dag.py:2941} INFO - Sync 1 DAGs
[2023-11-26T00:47:31.652+0000] {logging_mixin.py:154} INFO - [2023-11-26T00:47:31.652+0000] {dag.py:3722} INFO - Setting next_dagrun for example_branch_operator to 2023-11-25T00:00:00+00:00, run_after=2023-11-26T00:00:00+00:00
[2023-11-26T00:47:31.723+0000] {processor.py:179} INFO - Processing /home/airflow/.local/lib/python3.8/site-packages/airflow/example_dags/example_branch_operator.py took 0.198 seconds
[2023-11-26T00:48:01.989+0000] {processor.py:157} INFO - Started process (PID=3225) to work on /home/airflow/.local/lib/python3.8/site-packages/airflow/example_dags/example_branch_operator.py
[2023-11-26T00:48:01.991+0000] {processor.py:829} INFO - Processing file /home/airflow/.local/lib/python3.8/site-packages/airflow/example_dags/example_branch_operator.py for tasks to queue
[2023-11-26T00:48:02.001+0000] {logging_mixin.py:154} INFO - [2023-11-26T00:48:01.999+0000] {dagbag.py:536} INFO - Filling up the DagBag from /home/airflow/.local/lib/python3.8/site-packages/airflow/example_dags/example_branch_operator.py
[2023-11-26T00:48:02.018+0000] {processor.py:839} INFO - DAG(s) dict_keys(['example_branch_operator']) retrieved from /home/airflow/.local/lib/python3.8/site-packages/airflow/example_dags/example_branch_operator.py
[2023-11-26T00:48:02.082+0000] {logging_mixin.py:154} INFO - [2023-11-26T00:48:02.081+0000] {dag.py:2941} INFO - Sync 1 DAGs
[2023-11-26T00:48:02.168+0000] {logging_mixin.py:154} INFO - [2023-11-26T00:48:02.168+0000] {dag.py:3722} INFO - Setting next_dagrun for example_branch_operator to 2023-11-25T00:00:00+00:00, run_after=2023-11-26T00:00:00+00:00
[2023-11-26T00:48:02.237+0000] {processor.py:179} INFO - Processing /home/airflow/.local/lib/python3.8/site-packages/airflow/example_dags/example_branch_operator.py took 0.263 seconds
[2023-11-26T00:48:32.667+0000] {processor.py:157} INFO - Started process (PID=3278) to work on /home/airflow/.local/lib/python3.8/site-packages/airflow/example_dags/example_branch_operator.py
[2023-11-26T00:48:32.670+0000] {processor.py:829} INFO - Processing file /home/airflow/.local/lib/python3.8/site-packages/airflow/example_dags/example_branch_operator.py for tasks to queue
[2023-11-26T00:48:32.675+0000] {logging_mixin.py:154} INFO - [2023-11-26T00:48:32.675+0000] {dagbag.py:536} INFO - Filling up the DagBag from /home/airflow/.local/lib/python3.8/site-packages/airflow/example_dags/example_branch_operator.py
[2023-11-26T00:48:32.692+0000] {processor.py:839} INFO - DAG(s) dict_keys(['example_branch_operator']) retrieved from /home/airflow/.local/lib/python3.8/site-packages/airflow/example_dags/example_branch_operator.py
[2023-11-26T00:48:32.737+0000] {logging_mixin.py:154} INFO - [2023-11-26T00:48:32.737+0000] {dag.py:2941} INFO - Sync 1 DAGs
[2023-11-26T00:48:32.780+0000] {logging_mixin.py:154} INFO - [2023-11-26T00:48:32.780+0000] {dag.py:3722} INFO - Setting next_dagrun for example_branch_operator to 2023-11-25T00:00:00+00:00, run_after=2023-11-26T00:00:00+00:00
[2023-11-26T00:48:32.852+0000] {processor.py:179} INFO - Processing /home/airflow/.local/lib/python3.8/site-packages/airflow/example_dags/example_branch_operator.py took 0.190 seconds
[2023-11-26T00:49:03.020+0000] {processor.py:157} INFO - Started process (PID=3332) to work on /home/airflow/.local/lib/python3.8/site-packages/airflow/example_dags/example_branch_operator.py
[2023-11-26T00:49:03.023+0000] {processor.py:829} INFO - Processing file /home/airflow/.local/lib/python3.8/site-packages/airflow/example_dags/example_branch_operator.py for tasks to queue
[2023-11-26T00:49:03.029+0000] {logging_mixin.py:154} INFO - [2023-11-26T00:49:03.028+0000] {dagbag.py:536} INFO - Filling up the DagBag from /home/airflow/.local/lib/python3.8/site-packages/airflow/example_dags/example_branch_operator.py
[2023-11-26T00:49:03.043+0000] {processor.py:839} INFO - DAG(s) dict_keys(['example_branch_operator']) retrieved from /home/airflow/.local/lib/python3.8/site-packages/airflow/example_dags/example_branch_operator.py
[2023-11-26T00:49:03.079+0000] {logging_mixin.py:154} INFO - [2023-11-26T00:49:03.079+0000] {dag.py:2941} INFO - Sync 1 DAGs
[2023-11-26T00:49:03.110+0000] {logging_mixin.py:154} INFO - [2023-11-26T00:49:03.110+0000] {dag.py:3722} INFO - Setting next_dagrun for example_branch_operator to 2023-11-25T00:00:00+00:00, run_after=2023-11-26T00:00:00+00:00
[2023-11-26T00:49:03.145+0000] {processor.py:179} INFO - Processing /home/airflow/.local/lib/python3.8/site-packages/airflow/example_dags/example_branch_operator.py took 0.130 seconds
[2023-11-26T00:49:33.350+0000] {processor.py:157} INFO - Started process (PID=3386) to work on /home/airflow/.local/lib/python3.8/site-packages/airflow/example_dags/example_branch_operator.py
[2023-11-26T00:49:33.356+0000] {processor.py:829} INFO - Processing file /home/airflow/.local/lib/python3.8/site-packages/airflow/example_dags/example_branch_operator.py for tasks to queue
[2023-11-26T00:49:33.360+0000] {logging_mixin.py:154} INFO - [2023-11-26T00:49:33.360+0000] {dagbag.py:536} INFO - Filling up the DagBag from /home/airflow/.local/lib/python3.8/site-packages/airflow/example_dags/example_branch_operator.py
[2023-11-26T00:49:33.374+0000] {processor.py:839} INFO - DAG(s) dict_keys(['example_branch_operator']) retrieved from /home/airflow/.local/lib/python3.8/site-packages/airflow/example_dags/example_branch_operator.py
[2023-11-26T00:49:33.457+0000] {logging_mixin.py:154} INFO - [2023-11-26T00:49:33.455+0000] {dag.py:2941} INFO - Sync 1 DAGs
[2023-11-26T00:49:33.530+0000] {logging_mixin.py:154} INFO - [2023-11-26T00:49:33.530+0000] {dag.py:3722} INFO - Setting next_dagrun for example_branch_operator to 2023-11-25T00:00:00+00:00, run_after=2023-11-26T00:00:00+00:00
[2023-11-26T00:49:33.594+0000] {processor.py:179} INFO - Processing /home/airflow/.local/lib/python3.8/site-packages/airflow/example_dags/example_branch_operator.py took 0.253 seconds
[2023-11-26T00:50:03.763+0000] {processor.py:157} INFO - Started process (PID=3439) to work on /home/airflow/.local/lib/python3.8/site-packages/airflow/example_dags/example_branch_operator.py
[2023-11-26T00:50:03.766+0000] {processor.py:829} INFO - Processing file /home/airflow/.local/lib/python3.8/site-packages/airflow/example_dags/example_branch_operator.py for tasks to queue
[2023-11-26T00:50:03.771+0000] {logging_mixin.py:154} INFO - [2023-11-26T00:50:03.771+0000] {dagbag.py:536} INFO - Filling up the DagBag from /home/airflow/.local/lib/python3.8/site-packages/airflow/example_dags/example_branch_operator.py
[2023-11-26T00:50:03.785+0000] {processor.py:839} INFO - DAG(s) dict_keys(['example_branch_operator']) retrieved from /home/airflow/.local/lib/python3.8/site-packages/airflow/example_dags/example_branch_operator.py
[2023-11-26T00:50:03.824+0000] {logging_mixin.py:154} INFO - [2023-11-26T00:50:03.824+0000] {dag.py:2941} INFO - Sync 1 DAGs
[2023-11-26T00:50:03.871+0000] {logging_mixin.py:154} INFO - [2023-11-26T00:50:03.871+0000] {dag.py:3722} INFO - Setting next_dagrun for example_branch_operator to 2023-11-25T00:00:00+00:00, run_after=2023-11-26T00:00:00+00:00
[2023-11-26T00:50:03.941+0000] {processor.py:179} INFO - Processing /home/airflow/.local/lib/python3.8/site-packages/airflow/example_dags/example_branch_operator.py took 0.182 seconds
[2023-11-26T00:50:34.797+0000] {processor.py:157} INFO - Started process (PID=3493) to work on /home/airflow/.local/lib/python3.8/site-packages/airflow/example_dags/example_branch_operator.py
[2023-11-26T00:50:34.798+0000] {processor.py:829} INFO - Processing file /home/airflow/.local/lib/python3.8/site-packages/airflow/example_dags/example_branch_operator.py for tasks to queue
[2023-11-26T00:50:34.801+0000] {logging_mixin.py:154} INFO - [2023-11-26T00:50:34.800+0000] {dagbag.py:536} INFO - Filling up the DagBag from /home/airflow/.local/lib/python3.8/site-packages/airflow/example_dags/example_branch_operator.py
[2023-11-26T00:50:34.808+0000] {processor.py:839} INFO - DAG(s) dict_keys(['example_branch_operator']) retrieved from /home/airflow/.local/lib/python3.8/site-packages/airflow/example_dags/example_branch_operator.py
[2023-11-26T00:50:34.831+0000] {logging_mixin.py:154} INFO - [2023-11-26T00:50:34.831+0000] {dag.py:2941} INFO - Sync 1 DAGs
[2023-11-26T00:50:34.854+0000] {logging_mixin.py:154} INFO - [2023-11-26T00:50:34.853+0000] {dag.py:3722} INFO - Setting next_dagrun for example_branch_operator to 2023-11-25T00:00:00+00:00, run_after=2023-11-26T00:00:00+00:00
[2023-11-26T00:50:34.880+0000] {processor.py:179} INFO - Processing /home/airflow/.local/lib/python3.8/site-packages/airflow/example_dags/example_branch_operator.py took 0.086 seconds
[2023-11-26T00:51:05.419+0000] {processor.py:157} INFO - Started process (PID=3547) to work on /home/airflow/.local/lib/python3.8/site-packages/airflow/example_dags/example_branch_operator.py
[2023-11-26T00:51:05.423+0000] {processor.py:829} INFO - Processing file /home/airflow/.local/lib/python3.8/site-packages/airflow/example_dags/example_branch_operator.py for tasks to queue
[2023-11-26T00:51:05.429+0000] {logging_mixin.py:154} INFO - [2023-11-26T00:51:05.428+0000] {dagbag.py:536} INFO - Filling up the DagBag from /home/airflow/.local/lib/python3.8/site-packages/airflow/example_dags/example_branch_operator.py
[2023-11-26T00:51:05.443+0000] {processor.py:839} INFO - DAG(s) dict_keys(['example_branch_operator']) retrieved from /home/airflow/.local/lib/python3.8/site-packages/airflow/example_dags/example_branch_operator.py
[2023-11-26T00:51:05.498+0000] {logging_mixin.py:154} INFO - [2023-11-26T00:51:05.498+0000] {dag.py:2941} INFO - Sync 1 DAGs
[2023-11-26T00:51:05.535+0000] {logging_mixin.py:154} INFO - [2023-11-26T00:51:05.534+0000] {dag.py:3722} INFO - Setting next_dagrun for example_branch_operator to 2023-11-25T00:00:00+00:00, run_after=2023-11-26T00:00:00+00:00
[2023-11-26T00:51:05.580+0000] {processor.py:179} INFO - Processing /home/airflow/.local/lib/python3.8/site-packages/airflow/example_dags/example_branch_operator.py took 0.165 seconds
[2023-11-26T00:51:35.689+0000] {processor.py:157} INFO - Started process (PID=3601) to work on /home/airflow/.local/lib/python3.8/site-packages/airflow/example_dags/example_branch_operator.py
[2023-11-26T00:51:35.692+0000] {processor.py:829} INFO - Processing file /home/airflow/.local/lib/python3.8/site-packages/airflow/example_dags/example_branch_operator.py for tasks to queue
[2023-11-26T00:51:35.695+0000] {logging_mixin.py:154} INFO - [2023-11-26T00:51:35.695+0000] {dagbag.py:536} INFO - Filling up the DagBag from /home/airflow/.local/lib/python3.8/site-packages/airflow/example_dags/example_branch_operator.py
[2023-11-26T00:51:35.707+0000] {processor.py:839} INFO - DAG(s) dict_keys(['example_branch_operator']) retrieved from /home/airflow/.local/lib/python3.8/site-packages/airflow/example_dags/example_branch_operator.py
[2023-11-26T00:51:35.755+0000] {logging_mixin.py:154} INFO - [2023-11-26T00:51:35.755+0000] {dag.py:2941} INFO - Sync 1 DAGs
[2023-11-26T00:51:35.802+0000] {logging_mixin.py:154} INFO - [2023-11-26T00:51:35.802+0000] {dag.py:3722} INFO - Setting next_dagrun for example_branch_operator to 2023-11-25T00:00:00+00:00, run_after=2023-11-26T00:00:00+00:00
[2023-11-26T00:51:35.861+0000] {processor.py:179} INFO - Processing /home/airflow/.local/lib/python3.8/site-packages/airflow/example_dags/example_branch_operator.py took 0.175 seconds
[2023-11-26T00:52:06.030+0000] {processor.py:157} INFO - Started process (PID=3655) to work on /home/airflow/.local/lib/python3.8/site-packages/airflow/example_dags/example_branch_operator.py
[2023-11-26T00:52:06.032+0000] {processor.py:829} INFO - Processing file /home/airflow/.local/lib/python3.8/site-packages/airflow/example_dags/example_branch_operator.py for tasks to queue
[2023-11-26T00:52:06.038+0000] {logging_mixin.py:154} INFO - [2023-11-26T00:52:06.038+0000] {dagbag.py:536} INFO - Filling up the DagBag from /home/airflow/.local/lib/python3.8/site-packages/airflow/example_dags/example_branch_operator.py
[2023-11-26T00:52:06.050+0000] {processor.py:839} INFO - DAG(s) dict_keys(['example_branch_operator']) retrieved from /home/airflow/.local/lib/python3.8/site-packages/airflow/example_dags/example_branch_operator.py
[2023-11-26T00:52:06.083+0000] {logging_mixin.py:154} INFO - [2023-11-26T00:52:06.083+0000] {dag.py:2941} INFO - Sync 1 DAGs
[2023-11-26T00:52:06.121+0000] {logging_mixin.py:154} INFO - [2023-11-26T00:52:06.121+0000] {dag.py:3722} INFO - Setting next_dagrun for example_branch_operator to 2023-11-25T00:00:00+00:00, run_after=2023-11-26T00:00:00+00:00
[2023-11-26T00:52:06.165+0000] {processor.py:179} INFO - Processing /home/airflow/.local/lib/python3.8/site-packages/airflow/example_dags/example_branch_operator.py took 0.139 seconds
[2023-11-26T00:52:37.075+0000] {processor.py:157} INFO - Started process (PID=3710) to work on /home/airflow/.local/lib/python3.8/site-packages/airflow/example_dags/example_branch_operator.py
[2023-11-26T00:52:37.077+0000] {processor.py:829} INFO - Processing file /home/airflow/.local/lib/python3.8/site-packages/airflow/example_dags/example_branch_operator.py for tasks to queue
[2023-11-26T00:52:37.079+0000] {logging_mixin.py:154} INFO - [2023-11-26T00:52:37.079+0000] {dagbag.py:536} INFO - Filling up the DagBag from /home/airflow/.local/lib/python3.8/site-packages/airflow/example_dags/example_branch_operator.py
[2023-11-26T00:52:37.088+0000] {processor.py:839} INFO - DAG(s) dict_keys(['example_branch_operator']) retrieved from /home/airflow/.local/lib/python3.8/site-packages/airflow/example_dags/example_branch_operator.py
[2023-11-26T00:52:37.112+0000] {logging_mixin.py:154} INFO - [2023-11-26T00:52:37.112+0000] {dag.py:2941} INFO - Sync 1 DAGs
[2023-11-26T00:52:37.137+0000] {logging_mixin.py:154} INFO - [2023-11-26T00:52:37.136+0000] {dag.py:3722} INFO - Setting next_dagrun for example_branch_operator to 2023-11-25T00:00:00+00:00, run_after=2023-11-26T00:00:00+00:00
[2023-11-26T00:52:37.163+0000] {processor.py:179} INFO - Processing /home/airflow/.local/lib/python3.8/site-packages/airflow/example_dags/example_branch_operator.py took 0.092 seconds
