[2023-11-26T00:16:50.852+0000] {processor.py:157} INFO - Started process (PID=85) to work on /home/airflow/.local/lib/python3.8/site-packages/airflow/example_dags/example_python_operator.py
[2023-11-26T00:16:50.856+0000] {processor.py:829} INFO - Processing file /home/airflow/.local/lib/python3.8/site-packages/airflow/example_dags/example_python_operator.py for tasks to queue
[2023-11-26T00:16:50.862+0000] {logging_mixin.py:154} INFO - [2023-11-26T00:16:50.861+0000] {dagbag.py:536} INFO - Filling up the DagBag from /home/airflow/.local/lib/python3.8/site-packages/airflow/example_dags/example_python_operator.py
[2023-11-26T00:16:50.885+0000] {processor.py:839} INFO - DAG(s) dict_keys(['example_python_operator']) retrieved from /home/airflow/.local/lib/python3.8/site-packages/airflow/example_dags/example_python_operator.py
[2023-11-26T00:16:51.198+0000] {logging_mixin.py:154} INFO - [2023-11-26T00:16:51.198+0000] {dag.py:2941} INFO - Sync 1 DAGs
[2023-11-26T00:16:51.231+0000] {logging_mixin.py:154} INFO - [2023-11-26T00:16:51.230+0000] {dag.py:3722} INFO - Setting next_dagrun for example_python_operator to None, run_after=None
[2023-11-26T00:16:51.314+0000] {processor.py:179} INFO - Processing /home/airflow/.local/lib/python3.8/site-packages/airflow/example_dags/example_python_operator.py took 0.468 seconds
[2023-11-26T00:18:19.159+0000] {processor.py:157} INFO - Started process (PID=86) to work on /home/airflow/.local/lib/python3.8/site-packages/airflow/example_dags/example_python_operator.py
[2023-11-26T00:18:19.174+0000] {processor.py:829} INFO - Processing file /home/airflow/.local/lib/python3.8/site-packages/airflow/example_dags/example_python_operator.py for tasks to queue
[2023-11-26T00:18:19.187+0000] {logging_mixin.py:154} INFO - [2023-11-26T00:18:19.186+0000] {dagbag.py:536} INFO - Filling up the DagBag from /home/airflow/.local/lib/python3.8/site-packages/airflow/example_dags/example_python_operator.py
[2023-11-26T00:18:19.295+0000] {processor.py:839} INFO - DAG(s) dict_keys(['example_python_operator']) retrieved from /home/airflow/.local/lib/python3.8/site-packages/airflow/example_dags/example_python_operator.py
[2023-11-26T00:18:20.168+0000] {logging_mixin.py:154} INFO - [2023-11-26T00:18:20.167+0000] {dag.py:2941} INFO - Sync 1 DAGs
[2023-11-26T00:18:20.292+0000] {logging_mixin.py:154} INFO - [2023-11-26T00:18:20.291+0000] {dag.py:3722} INFO - Setting next_dagrun for example_python_operator to None, run_after=None
[2023-11-26T00:18:20.446+0000] {processor.py:179} INFO - Processing /home/airflow/.local/lib/python3.8/site-packages/airflow/example_dags/example_python_operator.py took 1.317 seconds
[2023-11-26T00:18:50.937+0000] {processor.py:157} INFO - Started process (PID=148) to work on /home/airflow/.local/lib/python3.8/site-packages/airflow/example_dags/example_python_operator.py
[2023-11-26T00:18:50.941+0000] {processor.py:829} INFO - Processing file /home/airflow/.local/lib/python3.8/site-packages/airflow/example_dags/example_python_operator.py for tasks to queue
[2023-11-26T00:18:50.949+0000] {logging_mixin.py:154} INFO - [2023-11-26T00:18:50.948+0000] {dagbag.py:536} INFO - Filling up the DagBag from /home/airflow/.local/lib/python3.8/site-packages/airflow/example_dags/example_python_operator.py
[2023-11-26T00:18:50.968+0000] {processor.py:839} INFO - DAG(s) dict_keys(['example_python_operator']) retrieved from /home/airflow/.local/lib/python3.8/site-packages/airflow/example_dags/example_python_operator.py
[2023-11-26T00:18:51.027+0000] {logging_mixin.py:154} INFO - [2023-11-26T00:18:51.026+0000] {dag.py:2941} INFO - Sync 1 DAGs
[2023-11-26T00:18:51.050+0000] {logging_mixin.py:154} INFO - [2023-11-26T00:18:51.049+0000] {dag.py:3722} INFO - Setting next_dagrun for example_python_operator to None, run_after=None
[2023-11-26T00:18:51.107+0000] {processor.py:179} INFO - Processing /home/airflow/.local/lib/python3.8/site-packages/airflow/example_dags/example_python_operator.py took 0.178 seconds
[2023-11-26T00:19:21.177+0000] {processor.py:157} INFO - Started process (PID=202) to work on /home/airflow/.local/lib/python3.8/site-packages/airflow/example_dags/example_python_operator.py
[2023-11-26T00:19:21.182+0000] {processor.py:829} INFO - Processing file /home/airflow/.local/lib/python3.8/site-packages/airflow/example_dags/example_python_operator.py for tasks to queue
[2023-11-26T00:19:21.186+0000] {logging_mixin.py:154} INFO - [2023-11-26T00:19:21.186+0000] {dagbag.py:536} INFO - Filling up the DagBag from /home/airflow/.local/lib/python3.8/site-packages/airflow/example_dags/example_python_operator.py
[2023-11-26T00:19:21.206+0000] {processor.py:839} INFO - DAG(s) dict_keys(['example_python_operator']) retrieved from /home/airflow/.local/lib/python3.8/site-packages/airflow/example_dags/example_python_operator.py
[2023-11-26T00:19:21.238+0000] {logging_mixin.py:154} INFO - [2023-11-26T00:19:21.237+0000] {dag.py:2941} INFO - Sync 1 DAGs
[2023-11-26T00:19:21.264+0000] {logging_mixin.py:154} INFO - [2023-11-26T00:19:21.263+0000] {dag.py:3722} INFO - Setting next_dagrun for example_python_operator to None, run_after=None
[2023-11-26T00:19:21.320+0000] {processor.py:179} INFO - Processing /home/airflow/.local/lib/python3.8/site-packages/airflow/example_dags/example_python_operator.py took 0.149 seconds
[2023-11-26T00:19:52.991+0000] {processor.py:157} INFO - Started process (PID=256) to work on /home/airflow/.local/lib/python3.8/site-packages/airflow/example_dags/example_python_operator.py
[2023-11-26T00:19:52.995+0000] {processor.py:829} INFO - Processing file /home/airflow/.local/lib/python3.8/site-packages/airflow/example_dags/example_python_operator.py for tasks to queue
[2023-11-26T00:19:53.010+0000] {logging_mixin.py:154} INFO - [2023-11-26T00:19:53.008+0000] {dagbag.py:536} INFO - Filling up the DagBag from /home/airflow/.local/lib/python3.8/site-packages/airflow/example_dags/example_python_operator.py
[2023-11-26T00:19:53.107+0000] {processor.py:839} INFO - DAG(s) dict_keys(['example_python_operator']) retrieved from /home/airflow/.local/lib/python3.8/site-packages/airflow/example_dags/example_python_operator.py
[2023-11-26T00:19:53.991+0000] {logging_mixin.py:154} INFO - [2023-11-26T00:19:53.989+0000] {dag.py:2941} INFO - Sync 1 DAGs
[2023-11-26T00:19:54.100+0000] {logging_mixin.py:154} INFO - [2023-11-26T00:19:54.099+0000] {dag.py:3722} INFO - Setting next_dagrun for example_python_operator to None, run_after=None
[2023-11-26T00:19:54.255+0000] {processor.py:179} INFO - Processing /home/airflow/.local/lib/python3.8/site-packages/airflow/example_dags/example_python_operator.py took 1.282 seconds
[2023-11-26T00:20:25.033+0000] {processor.py:157} INFO - Started process (PID=311) to work on /home/airflow/.local/lib/python3.8/site-packages/airflow/example_dags/example_python_operator.py
[2023-11-26T00:20:25.046+0000] {processor.py:829} INFO - Processing file /home/airflow/.local/lib/python3.8/site-packages/airflow/example_dags/example_python_operator.py for tasks to queue
[2023-11-26T00:20:25.073+0000] {logging_mixin.py:154} INFO - [2023-11-26T00:20:25.071+0000] {dagbag.py:536} INFO - Filling up the DagBag from /home/airflow/.local/lib/python3.8/site-packages/airflow/example_dags/example_python_operator.py
[2023-11-26T00:20:25.241+0000] {processor.py:839} INFO - DAG(s) dict_keys(['example_python_operator']) retrieved from /home/airflow/.local/lib/python3.8/site-packages/airflow/example_dags/example_python_operator.py
[2023-11-26T00:20:25.415+0000] {logging_mixin.py:154} INFO - [2023-11-26T00:20:25.415+0000] {dag.py:2941} INFO - Sync 1 DAGs
[2023-11-26T00:20:25.505+0000] {logging_mixin.py:154} INFO - [2023-11-26T00:20:25.505+0000] {dag.py:3722} INFO - Setting next_dagrun for example_python_operator to None, run_after=None
[2023-11-26T00:20:25.635+0000] {processor.py:179} INFO - Processing /home/airflow/.local/lib/python3.8/site-packages/airflow/example_dags/example_python_operator.py took 0.641 seconds
[2023-11-26T00:20:56.150+0000] {processor.py:157} INFO - Started process (PID=365) to work on /home/airflow/.local/lib/python3.8/site-packages/airflow/example_dags/example_python_operator.py
[2023-11-26T00:20:56.153+0000] {processor.py:829} INFO - Processing file /home/airflow/.local/lib/python3.8/site-packages/airflow/example_dags/example_python_operator.py for tasks to queue
[2023-11-26T00:20:56.158+0000] {logging_mixin.py:154} INFO - [2023-11-26T00:20:56.157+0000] {dagbag.py:536} INFO - Filling up the DagBag from /home/airflow/.local/lib/python3.8/site-packages/airflow/example_dags/example_python_operator.py
[2023-11-26T00:20:56.174+0000] {processor.py:839} INFO - DAG(s) dict_keys(['example_python_operator']) retrieved from /home/airflow/.local/lib/python3.8/site-packages/airflow/example_dags/example_python_operator.py
[2023-11-26T00:20:56.246+0000] {logging_mixin.py:154} INFO - [2023-11-26T00:20:56.246+0000] {dag.py:2941} INFO - Sync 1 DAGs
[2023-11-26T00:20:56.287+0000] {logging_mixin.py:154} INFO - [2023-11-26T00:20:56.287+0000] {dag.py:3722} INFO - Setting next_dagrun for example_python_operator to None, run_after=None
[2023-11-26T00:20:56.339+0000] {processor.py:179} INFO - Processing /home/airflow/.local/lib/python3.8/site-packages/airflow/example_dags/example_python_operator.py took 0.194 seconds
[2023-11-26T00:21:27.244+0000] {processor.py:157} INFO - Started process (PID=419) to work on /home/airflow/.local/lib/python3.8/site-packages/airflow/example_dags/example_python_operator.py
[2023-11-26T00:21:27.247+0000] {processor.py:829} INFO - Processing file /home/airflow/.local/lib/python3.8/site-packages/airflow/example_dags/example_python_operator.py for tasks to queue
[2023-11-26T00:21:27.255+0000] {logging_mixin.py:154} INFO - [2023-11-26T00:21:27.254+0000] {dagbag.py:536} INFO - Filling up the DagBag from /home/airflow/.local/lib/python3.8/site-packages/airflow/example_dags/example_python_operator.py
[2023-11-26T00:21:27.286+0000] {processor.py:839} INFO - DAG(s) dict_keys(['example_python_operator']) retrieved from /home/airflow/.local/lib/python3.8/site-packages/airflow/example_dags/example_python_operator.py
[2023-11-26T00:21:27.386+0000] {logging_mixin.py:154} INFO - [2023-11-26T00:21:27.385+0000] {dag.py:2941} INFO - Sync 1 DAGs
[2023-11-26T00:21:27.421+0000] {logging_mixin.py:154} INFO - [2023-11-26T00:21:27.420+0000] {dag.py:3722} INFO - Setting next_dagrun for example_python_operator to None, run_after=None
[2023-11-26T00:21:27.497+0000] {processor.py:179} INFO - Processing /home/airflow/.local/lib/python3.8/site-packages/airflow/example_dags/example_python_operator.py took 0.263 seconds
[2023-11-26T00:22:03.929+0000] {processor.py:157} INFO - Started process (PID=472) to work on /home/airflow/.local/lib/python3.8/site-packages/airflow/example_dags/example_python_operator.py
[2023-11-26T00:22:03.940+0000] {processor.py:829} INFO - Processing file /home/airflow/.local/lib/python3.8/site-packages/airflow/example_dags/example_python_operator.py for tasks to queue
[2023-11-26T00:22:03.956+0000] {logging_mixin.py:154} INFO - [2023-11-26T00:22:03.954+0000] {dagbag.py:536} INFO - Filling up the DagBag from /home/airflow/.local/lib/python3.8/site-packages/airflow/example_dags/example_python_operator.py
[2023-11-26T00:22:04.015+0000] {processor.py:839} INFO - DAG(s) dict_keys(['example_python_operator']) retrieved from /home/airflow/.local/lib/python3.8/site-packages/airflow/example_dags/example_python_operator.py
[2023-11-26T00:22:04.194+0000] {logging_mixin.py:154} INFO - [2023-11-26T00:22:04.193+0000] {dag.py:2941} INFO - Sync 1 DAGs
[2023-11-26T00:22:04.281+0000] {logging_mixin.py:154} INFO - [2023-11-26T00:22:04.280+0000] {dag.py:3722} INFO - Setting next_dagrun for example_python_operator to None, run_after=None
[2023-11-26T00:22:04.500+0000] {processor.py:179} INFO - Processing /home/airflow/.local/lib/python3.8/site-packages/airflow/example_dags/example_python_operator.py took 0.593 seconds
[2023-11-26T00:22:35.149+0000] {processor.py:157} INFO - Started process (PID=524) to work on /home/airflow/.local/lib/python3.8/site-packages/airflow/example_dags/example_python_operator.py
[2023-11-26T00:22:35.161+0000] {processor.py:829} INFO - Processing file /home/airflow/.local/lib/python3.8/site-packages/airflow/example_dags/example_python_operator.py for tasks to queue
[2023-11-26T00:22:35.181+0000] {logging_mixin.py:154} INFO - [2023-11-26T00:22:35.180+0000] {dagbag.py:536} INFO - Filling up the DagBag from /home/airflow/.local/lib/python3.8/site-packages/airflow/example_dags/example_python_operator.py
[2023-11-26T00:22:35.308+0000] {processor.py:839} INFO - DAG(s) dict_keys(['example_python_operator']) retrieved from /home/airflow/.local/lib/python3.8/site-packages/airflow/example_dags/example_python_operator.py
[2023-11-26T00:22:35.516+0000] {logging_mixin.py:154} INFO - [2023-11-26T00:22:35.515+0000] {dag.py:2941} INFO - Sync 1 DAGs
[2023-11-26T00:22:35.666+0000] {logging_mixin.py:154} INFO - [2023-11-26T00:22:35.665+0000] {dag.py:3722} INFO - Setting next_dagrun for example_python_operator to None, run_after=None
[2023-11-26T00:22:35.834+0000] {processor.py:179} INFO - Processing /home/airflow/.local/lib/python3.8/site-packages/airflow/example_dags/example_python_operator.py took 0.719 seconds
[2023-11-26T00:23:06.561+0000] {processor.py:157} INFO - Started process (PID=580) to work on /home/airflow/.local/lib/python3.8/site-packages/airflow/example_dags/example_python_operator.py
[2023-11-26T00:23:06.563+0000] {processor.py:829} INFO - Processing file /home/airflow/.local/lib/python3.8/site-packages/airflow/example_dags/example_python_operator.py for tasks to queue
[2023-11-26T00:23:06.567+0000] {logging_mixin.py:154} INFO - [2023-11-26T00:23:06.566+0000] {dagbag.py:536} INFO - Filling up the DagBag from /home/airflow/.local/lib/python3.8/site-packages/airflow/example_dags/example_python_operator.py
[2023-11-26T00:23:06.585+0000] {processor.py:839} INFO - DAG(s) dict_keys(['example_python_operator']) retrieved from /home/airflow/.local/lib/python3.8/site-packages/airflow/example_dags/example_python_operator.py
[2023-11-26T00:23:06.655+0000] {logging_mixin.py:154} INFO - [2023-11-26T00:23:06.654+0000] {dag.py:2941} INFO - Sync 1 DAGs
[2023-11-26T00:23:06.678+0000] {logging_mixin.py:154} INFO - [2023-11-26T00:23:06.678+0000] {dag.py:3722} INFO - Setting next_dagrun for example_python_operator to None, run_after=None
[2023-11-26T00:23:06.722+0000] {processor.py:179} INFO - Processing /home/airflow/.local/lib/python3.8/site-packages/airflow/example_dags/example_python_operator.py took 0.167 seconds
[2023-11-26T00:23:37.496+0000] {processor.py:157} INFO - Started process (PID=634) to work on /home/airflow/.local/lib/python3.8/site-packages/airflow/example_dags/example_python_operator.py
[2023-11-26T00:23:37.499+0000] {processor.py:829} INFO - Processing file /home/airflow/.local/lib/python3.8/site-packages/airflow/example_dags/example_python_operator.py for tasks to queue
[2023-11-26T00:23:37.506+0000] {logging_mixin.py:154} INFO - [2023-11-26T00:23:37.505+0000] {dagbag.py:536} INFO - Filling up the DagBag from /home/airflow/.local/lib/python3.8/site-packages/airflow/example_dags/example_python_operator.py
[2023-11-26T00:23:37.542+0000] {processor.py:839} INFO - DAG(s) dict_keys(['example_python_operator']) retrieved from /home/airflow/.local/lib/python3.8/site-packages/airflow/example_dags/example_python_operator.py
[2023-11-26T00:23:37.582+0000] {logging_mixin.py:154} INFO - [2023-11-26T00:23:37.581+0000] {dag.py:2941} INFO - Sync 1 DAGs
[2023-11-26T00:23:37.602+0000] {logging_mixin.py:154} INFO - [2023-11-26T00:23:37.602+0000] {dag.py:3722} INFO - Setting next_dagrun for example_python_operator to None, run_after=None
[2023-11-26T00:23:37.661+0000] {processor.py:179} INFO - Processing /home/airflow/.local/lib/python3.8/site-packages/airflow/example_dags/example_python_operator.py took 0.173 seconds
[2023-11-26T00:24:08.573+0000] {processor.py:157} INFO - Started process (PID=688) to work on /home/airflow/.local/lib/python3.8/site-packages/airflow/example_dags/example_python_operator.py
[2023-11-26T00:24:08.582+0000] {processor.py:829} INFO - Processing file /home/airflow/.local/lib/python3.8/site-packages/airflow/example_dags/example_python_operator.py for tasks to queue
[2023-11-26T00:24:08.593+0000] {logging_mixin.py:154} INFO - [2023-11-26T00:24:08.591+0000] {dagbag.py:536} INFO - Filling up the DagBag from /home/airflow/.local/lib/python3.8/site-packages/airflow/example_dags/example_python_operator.py
[2023-11-26T00:24:08.619+0000] {processor.py:839} INFO - DAG(s) dict_keys(['example_python_operator']) retrieved from /home/airflow/.local/lib/python3.8/site-packages/airflow/example_dags/example_python_operator.py
[2023-11-26T00:24:08.743+0000] {logging_mixin.py:154} INFO - [2023-11-26T00:24:08.741+0000] {dag.py:2941} INFO - Sync 1 DAGs
[2023-11-26T00:24:08.776+0000] {logging_mixin.py:154} INFO - [2023-11-26T00:24:08.775+0000] {dag.py:3722} INFO - Setting next_dagrun for example_python_operator to None, run_after=None
[2023-11-26T00:24:08.834+0000] {processor.py:179} INFO - Processing /home/airflow/.local/lib/python3.8/site-packages/airflow/example_dags/example_python_operator.py took 0.270 seconds
[2023-11-26T00:24:39.032+0000] {processor.py:157} INFO - Started process (PID=742) to work on /home/airflow/.local/lib/python3.8/site-packages/airflow/example_dags/example_python_operator.py
[2023-11-26T00:24:39.035+0000] {processor.py:829} INFO - Processing file /home/airflow/.local/lib/python3.8/site-packages/airflow/example_dags/example_python_operator.py for tasks to queue
[2023-11-26T00:24:39.038+0000] {logging_mixin.py:154} INFO - [2023-11-26T00:24:39.037+0000] {dagbag.py:536} INFO - Filling up the DagBag from /home/airflow/.local/lib/python3.8/site-packages/airflow/example_dags/example_python_operator.py
[2023-11-26T00:24:39.060+0000] {processor.py:839} INFO - DAG(s) dict_keys(['example_python_operator']) retrieved from /home/airflow/.local/lib/python3.8/site-packages/airflow/example_dags/example_python_operator.py
[2023-11-26T00:24:39.100+0000] {logging_mixin.py:154} INFO - [2023-11-26T00:24:39.099+0000] {dag.py:2941} INFO - Sync 1 DAGs
[2023-11-26T00:24:39.129+0000] {logging_mixin.py:154} INFO - [2023-11-26T00:24:39.128+0000] {dag.py:3722} INFO - Setting next_dagrun for example_python_operator to None, run_after=None
[2023-11-26T00:24:39.187+0000] {processor.py:179} INFO - Processing /home/airflow/.local/lib/python3.8/site-packages/airflow/example_dags/example_python_operator.py took 0.164 seconds
[2023-11-26T00:25:09.805+0000] {processor.py:157} INFO - Started process (PID=796) to work on /home/airflow/.local/lib/python3.8/site-packages/airflow/example_dags/example_python_operator.py
[2023-11-26T00:25:09.808+0000] {processor.py:829} INFO - Processing file /home/airflow/.local/lib/python3.8/site-packages/airflow/example_dags/example_python_operator.py for tasks to queue
[2023-11-26T00:25:09.811+0000] {logging_mixin.py:154} INFO - [2023-11-26T00:25:09.811+0000] {dagbag.py:536} INFO - Filling up the DagBag from /home/airflow/.local/lib/python3.8/site-packages/airflow/example_dags/example_python_operator.py
[2023-11-26T00:25:09.829+0000] {processor.py:839} INFO - DAG(s) dict_keys(['example_python_operator']) retrieved from /home/airflow/.local/lib/python3.8/site-packages/airflow/example_dags/example_python_operator.py
[2023-11-26T00:25:09.854+0000] {logging_mixin.py:154} INFO - [2023-11-26T00:25:09.853+0000] {dag.py:2941} INFO - Sync 1 DAGs
[2023-11-26T00:25:09.883+0000] {logging_mixin.py:154} INFO - [2023-11-26T00:25:09.883+0000] {dag.py:3722} INFO - Setting next_dagrun for example_python_operator to None, run_after=None
[2023-11-26T00:25:09.927+0000] {processor.py:179} INFO - Processing /home/airflow/.local/lib/python3.8/site-packages/airflow/example_dags/example_python_operator.py took 0.126 seconds
[2023-11-26T00:25:40.999+0000] {processor.py:157} INFO - Started process (PID=851) to work on /home/airflow/.local/lib/python3.8/site-packages/airflow/example_dags/example_python_operator.py
[2023-11-26T00:25:41.002+0000] {processor.py:829} INFO - Processing file /home/airflow/.local/lib/python3.8/site-packages/airflow/example_dags/example_python_operator.py for tasks to queue
[2023-11-26T00:25:41.008+0000] {logging_mixin.py:154} INFO - [2023-11-26T00:25:41.007+0000] {dagbag.py:536} INFO - Filling up the DagBag from /home/airflow/.local/lib/python3.8/site-packages/airflow/example_dags/example_python_operator.py
[2023-11-26T00:25:41.025+0000] {processor.py:839} INFO - DAG(s) dict_keys(['example_python_operator']) retrieved from /home/airflow/.local/lib/python3.8/site-packages/airflow/example_dags/example_python_operator.py
[2023-11-26T00:25:41.208+0000] {logging_mixin.py:154} INFO - [2023-11-26T00:25:41.207+0000] {dag.py:2941} INFO - Sync 1 DAGs
[2023-11-26T00:25:41.234+0000] {logging_mixin.py:154} INFO - [2023-11-26T00:25:41.233+0000] {dag.py:3722} INFO - Setting next_dagrun for example_python_operator to None, run_after=None
[2023-11-26T00:25:41.286+0000] {processor.py:179} INFO - Processing /home/airflow/.local/lib/python3.8/site-packages/airflow/example_dags/example_python_operator.py took 0.292 seconds
[2023-11-26T00:26:11.466+0000] {processor.py:157} INFO - Started process (PID=905) to work on /home/airflow/.local/lib/python3.8/site-packages/airflow/example_dags/example_python_operator.py
[2023-11-26T00:26:11.468+0000] {processor.py:829} INFO - Processing file /home/airflow/.local/lib/python3.8/site-packages/airflow/example_dags/example_python_operator.py for tasks to queue
[2023-11-26T00:26:11.475+0000] {logging_mixin.py:154} INFO - [2023-11-26T00:26:11.473+0000] {dagbag.py:536} INFO - Filling up the DagBag from /home/airflow/.local/lib/python3.8/site-packages/airflow/example_dags/example_python_operator.py
[2023-11-26T00:26:11.497+0000] {processor.py:839} INFO - DAG(s) dict_keys(['example_python_operator']) retrieved from /home/airflow/.local/lib/python3.8/site-packages/airflow/example_dags/example_python_operator.py
[2023-11-26T00:26:11.546+0000] {logging_mixin.py:154} INFO - [2023-11-26T00:26:11.544+0000] {dag.py:2941} INFO - Sync 1 DAGs
[2023-11-26T00:26:11.576+0000] {logging_mixin.py:154} INFO - [2023-11-26T00:26:11.576+0000] {dag.py:3722} INFO - Setting next_dagrun for example_python_operator to None, run_after=None
[2023-11-26T00:26:11.636+0000] {processor.py:179} INFO - Processing /home/airflow/.local/lib/python3.8/site-packages/airflow/example_dags/example_python_operator.py took 0.176 seconds
[2023-11-26T00:26:42.309+0000] {processor.py:157} INFO - Started process (PID=959) to work on /home/airflow/.local/lib/python3.8/site-packages/airflow/example_dags/example_python_operator.py
[2023-11-26T00:26:42.311+0000] {processor.py:829} INFO - Processing file /home/airflow/.local/lib/python3.8/site-packages/airflow/example_dags/example_python_operator.py for tasks to queue
[2023-11-26T00:26:42.314+0000] {logging_mixin.py:154} INFO - [2023-11-26T00:26:42.314+0000] {dagbag.py:536} INFO - Filling up the DagBag from /home/airflow/.local/lib/python3.8/site-packages/airflow/example_dags/example_python_operator.py
[2023-11-26T00:26:42.329+0000] {processor.py:839} INFO - DAG(s) dict_keys(['example_python_operator']) retrieved from /home/airflow/.local/lib/python3.8/site-packages/airflow/example_dags/example_python_operator.py
[2023-11-26T00:26:42.373+0000] {logging_mixin.py:154} INFO - [2023-11-26T00:26:42.373+0000] {dag.py:2941} INFO - Sync 1 DAGs
[2023-11-26T00:26:42.400+0000] {logging_mixin.py:154} INFO - [2023-11-26T00:26:42.400+0000] {dag.py:3722} INFO - Setting next_dagrun for example_python_operator to None, run_after=None
[2023-11-26T00:26:42.437+0000] {processor.py:179} INFO - Processing /home/airflow/.local/lib/python3.8/site-packages/airflow/example_dags/example_python_operator.py took 0.134 seconds
[2023-11-26T00:27:13.276+0000] {processor.py:157} INFO - Started process (PID=1013) to work on /home/airflow/.local/lib/python3.8/site-packages/airflow/example_dags/example_python_operator.py
[2023-11-26T00:27:13.278+0000] {processor.py:829} INFO - Processing file /home/airflow/.local/lib/python3.8/site-packages/airflow/example_dags/example_python_operator.py for tasks to queue
[2023-11-26T00:27:13.281+0000] {logging_mixin.py:154} INFO - [2023-11-26T00:27:13.281+0000] {dagbag.py:536} INFO - Filling up the DagBag from /home/airflow/.local/lib/python3.8/site-packages/airflow/example_dags/example_python_operator.py
[2023-11-26T00:27:13.296+0000] {processor.py:839} INFO - DAG(s) dict_keys(['example_python_operator']) retrieved from /home/airflow/.local/lib/python3.8/site-packages/airflow/example_dags/example_python_operator.py
[2023-11-26T00:27:13.352+0000] {logging_mixin.py:154} INFO - [2023-11-26T00:27:13.352+0000] {dag.py:2941} INFO - Sync 1 DAGs
[2023-11-26T00:27:13.382+0000] {logging_mixin.py:154} INFO - [2023-11-26T00:27:13.382+0000] {dag.py:3722} INFO - Setting next_dagrun for example_python_operator to None, run_after=None
[2023-11-26T00:27:13.424+0000] {processor.py:179} INFO - Processing /home/airflow/.local/lib/python3.8/site-packages/airflow/example_dags/example_python_operator.py took 0.152 seconds
[2023-11-26T00:27:43.930+0000] {processor.py:157} INFO - Started process (PID=1067) to work on /home/airflow/.local/lib/python3.8/site-packages/airflow/example_dags/example_python_operator.py
[2023-11-26T00:27:43.932+0000] {processor.py:829} INFO - Processing file /home/airflow/.local/lib/python3.8/site-packages/airflow/example_dags/example_python_operator.py for tasks to queue
[2023-11-26T00:27:43.936+0000] {logging_mixin.py:154} INFO - [2023-11-26T00:27:43.935+0000] {dagbag.py:536} INFO - Filling up the DagBag from /home/airflow/.local/lib/python3.8/site-packages/airflow/example_dags/example_python_operator.py
[2023-11-26T00:27:43.949+0000] {processor.py:839} INFO - DAG(s) dict_keys(['example_python_operator']) retrieved from /home/airflow/.local/lib/python3.8/site-packages/airflow/example_dags/example_python_operator.py
[2023-11-26T00:27:43.979+0000] {logging_mixin.py:154} INFO - [2023-11-26T00:27:43.978+0000] {dag.py:2941} INFO - Sync 1 DAGs
[2023-11-26T00:27:43.995+0000] {logging_mixin.py:154} INFO - [2023-11-26T00:27:43.995+0000] {dag.py:3722} INFO - Setting next_dagrun for example_python_operator to None, run_after=None
[2023-11-26T00:27:44.038+0000] {processor.py:179} INFO - Processing /home/airflow/.local/lib/python3.8/site-packages/airflow/example_dags/example_python_operator.py took 0.112 seconds
[2023-11-26T00:28:14.619+0000] {processor.py:157} INFO - Started process (PID=1121) to work on /home/airflow/.local/lib/python3.8/site-packages/airflow/example_dags/example_python_operator.py
[2023-11-26T00:28:14.620+0000] {processor.py:829} INFO - Processing file /home/airflow/.local/lib/python3.8/site-packages/airflow/example_dags/example_python_operator.py for tasks to queue
[2023-11-26T00:28:14.625+0000] {logging_mixin.py:154} INFO - [2023-11-26T00:28:14.624+0000] {dagbag.py:536} INFO - Filling up the DagBag from /home/airflow/.local/lib/python3.8/site-packages/airflow/example_dags/example_python_operator.py
[2023-11-26T00:28:14.637+0000] {processor.py:839} INFO - DAG(s) dict_keys(['example_python_operator']) retrieved from /home/airflow/.local/lib/python3.8/site-packages/airflow/example_dags/example_python_operator.py
[2023-11-26T00:28:14.666+0000] {logging_mixin.py:154} INFO - [2023-11-26T00:28:14.666+0000] {dag.py:2941} INFO - Sync 1 DAGs
[2023-11-26T00:28:14.681+0000] {logging_mixin.py:154} INFO - [2023-11-26T00:28:14.681+0000] {dag.py:3722} INFO - Setting next_dagrun for example_python_operator to None, run_after=None
[2023-11-26T00:28:14.705+0000] {processor.py:179} INFO - Processing /home/airflow/.local/lib/python3.8/site-packages/airflow/example_dags/example_python_operator.py took 0.090 seconds
[2023-11-26T00:28:45.068+0000] {processor.py:157} INFO - Started process (PID=1174) to work on /home/airflow/.local/lib/python3.8/site-packages/airflow/example_dags/example_python_operator.py
[2023-11-26T00:28:45.071+0000] {processor.py:829} INFO - Processing file /home/airflow/.local/lib/python3.8/site-packages/airflow/example_dags/example_python_operator.py for tasks to queue
[2023-11-26T00:28:45.075+0000] {logging_mixin.py:154} INFO - [2023-11-26T00:28:45.075+0000] {dagbag.py:536} INFO - Filling up the DagBag from /home/airflow/.local/lib/python3.8/site-packages/airflow/example_dags/example_python_operator.py
[2023-11-26T00:28:45.095+0000] {processor.py:839} INFO - DAG(s) dict_keys(['example_python_operator']) retrieved from /home/airflow/.local/lib/python3.8/site-packages/airflow/example_dags/example_python_operator.py
[2023-11-26T00:28:45.136+0000] {logging_mixin.py:154} INFO - [2023-11-26T00:28:45.136+0000] {dag.py:2941} INFO - Sync 1 DAGs
[2023-11-26T00:28:45.153+0000] {logging_mixin.py:154} INFO - [2023-11-26T00:28:45.153+0000] {dag.py:3722} INFO - Setting next_dagrun for example_python_operator to None, run_after=None
[2023-11-26T00:28:45.188+0000] {processor.py:179} INFO - Processing /home/airflow/.local/lib/python3.8/site-packages/airflow/example_dags/example_python_operator.py took 0.127 seconds
[2023-11-26T00:29:15.390+0000] {processor.py:157} INFO - Started process (PID=1228) to work on /home/airflow/.local/lib/python3.8/site-packages/airflow/example_dags/example_python_operator.py
[2023-11-26T00:29:15.394+0000] {processor.py:829} INFO - Processing file /home/airflow/.local/lib/python3.8/site-packages/airflow/example_dags/example_python_operator.py for tasks to queue
[2023-11-26T00:29:15.409+0000] {logging_mixin.py:154} INFO - [2023-11-26T00:29:15.408+0000] {dagbag.py:536} INFO - Filling up the DagBag from /home/airflow/.local/lib/python3.8/site-packages/airflow/example_dags/example_python_operator.py
[2023-11-26T00:29:15.468+0000] {processor.py:839} INFO - DAG(s) dict_keys(['example_python_operator']) retrieved from /home/airflow/.local/lib/python3.8/site-packages/airflow/example_dags/example_python_operator.py
[2023-11-26T00:29:15.581+0000] {logging_mixin.py:154} INFO - [2023-11-26T00:29:15.581+0000] {dag.py:2941} INFO - Sync 1 DAGs
[2023-11-26T00:29:15.604+0000] {logging_mixin.py:154} INFO - [2023-11-26T00:29:15.603+0000] {dag.py:3722} INFO - Setting next_dagrun for example_python_operator to None, run_after=None
[2023-11-26T00:29:15.680+0000] {processor.py:179} INFO - Processing /home/airflow/.local/lib/python3.8/site-packages/airflow/example_dags/example_python_operator.py took 0.294 seconds
[2023-11-26T00:29:46.334+0000] {processor.py:157} INFO - Started process (PID=1282) to work on /home/airflow/.local/lib/python3.8/site-packages/airflow/example_dags/example_python_operator.py
[2023-11-26T00:29:46.337+0000] {processor.py:829} INFO - Processing file /home/airflow/.local/lib/python3.8/site-packages/airflow/example_dags/example_python_operator.py for tasks to queue
[2023-11-26T00:29:46.341+0000] {logging_mixin.py:154} INFO - [2023-11-26T00:29:46.341+0000] {dagbag.py:536} INFO - Filling up the DagBag from /home/airflow/.local/lib/python3.8/site-packages/airflow/example_dags/example_python_operator.py
[2023-11-26T00:29:46.373+0000] {processor.py:839} INFO - DAG(s) dict_keys(['example_python_operator']) retrieved from /home/airflow/.local/lib/python3.8/site-packages/airflow/example_dags/example_python_operator.py
[2023-11-26T00:29:46.437+0000] {logging_mixin.py:154} INFO - [2023-11-26T00:29:46.436+0000] {dag.py:2941} INFO - Sync 1 DAGs
[2023-11-26T00:29:46.463+0000] {logging_mixin.py:154} INFO - [2023-11-26T00:29:46.462+0000] {dag.py:3722} INFO - Setting next_dagrun for example_python_operator to None, run_after=None
[2023-11-26T00:29:46.527+0000] {processor.py:179} INFO - Processing /home/airflow/.local/lib/python3.8/site-packages/airflow/example_dags/example_python_operator.py took 0.197 seconds
[2023-11-26T00:30:16.845+0000] {processor.py:157} INFO - Started process (PID=1336) to work on /home/airflow/.local/lib/python3.8/site-packages/airflow/example_dags/example_python_operator.py
[2023-11-26T00:30:16.847+0000] {processor.py:829} INFO - Processing file /home/airflow/.local/lib/python3.8/site-packages/airflow/example_dags/example_python_operator.py for tasks to queue
[2023-11-26T00:30:16.850+0000] {logging_mixin.py:154} INFO - [2023-11-26T00:30:16.850+0000] {dagbag.py:536} INFO - Filling up the DagBag from /home/airflow/.local/lib/python3.8/site-packages/airflow/example_dags/example_python_operator.py
[2023-11-26T00:30:16.863+0000] {processor.py:839} INFO - DAG(s) dict_keys(['example_python_operator']) retrieved from /home/airflow/.local/lib/python3.8/site-packages/airflow/example_dags/example_python_operator.py
[2023-11-26T00:30:16.891+0000] {logging_mixin.py:154} INFO - [2023-11-26T00:30:16.891+0000] {dag.py:2941} INFO - Sync 1 DAGs
[2023-11-26T00:30:16.906+0000] {logging_mixin.py:154} INFO - [2023-11-26T00:30:16.906+0000] {dag.py:3722} INFO - Setting next_dagrun for example_python_operator to None, run_after=None
[2023-11-26T00:30:16.933+0000] {processor.py:179} INFO - Processing /home/airflow/.local/lib/python3.8/site-packages/airflow/example_dags/example_python_operator.py took 0.094 seconds
[2023-11-26T00:30:47.815+0000] {processor.py:157} INFO - Started process (PID=1390) to work on /home/airflow/.local/lib/python3.8/site-packages/airflow/example_dags/example_python_operator.py
[2023-11-26T00:30:47.816+0000] {processor.py:829} INFO - Processing file /home/airflow/.local/lib/python3.8/site-packages/airflow/example_dags/example_python_operator.py for tasks to queue
[2023-11-26T00:30:47.819+0000] {logging_mixin.py:154} INFO - [2023-11-26T00:30:47.819+0000] {dagbag.py:536} INFO - Filling up the DagBag from /home/airflow/.local/lib/python3.8/site-packages/airflow/example_dags/example_python_operator.py
[2023-11-26T00:30:47.830+0000] {processor.py:839} INFO - DAG(s) dict_keys(['example_python_operator']) retrieved from /home/airflow/.local/lib/python3.8/site-packages/airflow/example_dags/example_python_operator.py
[2023-11-26T00:30:47.860+0000] {logging_mixin.py:154} INFO - [2023-11-26T00:30:47.860+0000] {dag.py:2941} INFO - Sync 1 DAGs
[2023-11-26T00:30:47.876+0000] {logging_mixin.py:154} INFO - [2023-11-26T00:30:47.876+0000] {dag.py:3722} INFO - Setting next_dagrun for example_python_operator to None, run_after=None
[2023-11-26T00:30:47.907+0000] {processor.py:179} INFO - Processing /home/airflow/.local/lib/python3.8/site-packages/airflow/example_dags/example_python_operator.py took 0.095 seconds
[2023-11-26T00:31:17.964+0000] {processor.py:157} INFO - Started process (PID=1444) to work on /home/airflow/.local/lib/python3.8/site-packages/airflow/example_dags/example_python_operator.py
[2023-11-26T00:31:17.965+0000] {processor.py:829} INFO - Processing file /home/airflow/.local/lib/python3.8/site-packages/airflow/example_dags/example_python_operator.py for tasks to queue
[2023-11-26T00:31:17.968+0000] {logging_mixin.py:154} INFO - [2023-11-26T00:31:17.967+0000] {dagbag.py:536} INFO - Filling up the DagBag from /home/airflow/.local/lib/python3.8/site-packages/airflow/example_dags/example_python_operator.py
[2023-11-26T00:31:17.976+0000] {processor.py:839} INFO - DAG(s) dict_keys(['example_python_operator']) retrieved from /home/airflow/.local/lib/python3.8/site-packages/airflow/example_dags/example_python_operator.py
[2023-11-26T00:31:18.002+0000] {logging_mixin.py:154} INFO - [2023-11-26T00:31:18.001+0000] {dag.py:2941} INFO - Sync 1 DAGs
[2023-11-26T00:31:18.014+0000] {logging_mixin.py:154} INFO - [2023-11-26T00:31:18.014+0000] {dag.py:3722} INFO - Setting next_dagrun for example_python_operator to None, run_after=None
[2023-11-26T00:31:18.037+0000] {processor.py:179} INFO - Processing /home/airflow/.local/lib/python3.8/site-packages/airflow/example_dags/example_python_operator.py took 0.076 seconds
[2023-11-26T00:31:48.722+0000] {processor.py:157} INFO - Started process (PID=1498) to work on /home/airflow/.local/lib/python3.8/site-packages/airflow/example_dags/example_python_operator.py
[2023-11-26T00:31:48.724+0000] {processor.py:829} INFO - Processing file /home/airflow/.local/lib/python3.8/site-packages/airflow/example_dags/example_python_operator.py for tasks to queue
[2023-11-26T00:31:48.729+0000] {logging_mixin.py:154} INFO - [2023-11-26T00:31:48.728+0000] {dagbag.py:536} INFO - Filling up the DagBag from /home/airflow/.local/lib/python3.8/site-packages/airflow/example_dags/example_python_operator.py
[2023-11-26T00:31:48.743+0000] {processor.py:839} INFO - DAG(s) dict_keys(['example_python_operator']) retrieved from /home/airflow/.local/lib/python3.8/site-packages/airflow/example_dags/example_python_operator.py
[2023-11-26T00:31:48.778+0000] {logging_mixin.py:154} INFO - [2023-11-26T00:31:48.778+0000] {dag.py:2941} INFO - Sync 1 DAGs
[2023-11-26T00:31:48.798+0000] {logging_mixin.py:154} INFO - [2023-11-26T00:31:48.798+0000] {dag.py:3722} INFO - Setting next_dagrun for example_python_operator to None, run_after=None
[2023-11-26T00:31:48.831+0000] {processor.py:179} INFO - Processing /home/airflow/.local/lib/python3.8/site-packages/airflow/example_dags/example_python_operator.py took 0.114 seconds
[2023-11-26T00:32:19.079+0000] {processor.py:157} INFO - Started process (PID=1552) to work on /home/airflow/.local/lib/python3.8/site-packages/airflow/example_dags/example_python_operator.py
[2023-11-26T00:32:19.081+0000] {processor.py:829} INFO - Processing file /home/airflow/.local/lib/python3.8/site-packages/airflow/example_dags/example_python_operator.py for tasks to queue
[2023-11-26T00:32:19.084+0000] {logging_mixin.py:154} INFO - [2023-11-26T00:32:19.084+0000] {dagbag.py:536} INFO - Filling up the DagBag from /home/airflow/.local/lib/python3.8/site-packages/airflow/example_dags/example_python_operator.py
[2023-11-26T00:32:19.099+0000] {processor.py:839} INFO - DAG(s) dict_keys(['example_python_operator']) retrieved from /home/airflow/.local/lib/python3.8/site-packages/airflow/example_dags/example_python_operator.py
[2023-11-26T00:32:19.128+0000] {logging_mixin.py:154} INFO - [2023-11-26T00:32:19.128+0000] {dag.py:2941} INFO - Sync 1 DAGs
[2023-11-26T00:32:19.144+0000] {logging_mixin.py:154} INFO - [2023-11-26T00:32:19.144+0000] {dag.py:3722} INFO - Setting next_dagrun for example_python_operator to None, run_after=None
[2023-11-26T00:32:19.179+0000] {processor.py:179} INFO - Processing /home/airflow/.local/lib/python3.8/site-packages/airflow/example_dags/example_python_operator.py took 0.103 seconds
[2023-11-26T00:32:49.875+0000] {processor.py:157} INFO - Started process (PID=1606) to work on /home/airflow/.local/lib/python3.8/site-packages/airflow/example_dags/example_python_operator.py
[2023-11-26T00:32:49.876+0000] {processor.py:829} INFO - Processing file /home/airflow/.local/lib/python3.8/site-packages/airflow/example_dags/example_python_operator.py for tasks to queue
[2023-11-26T00:32:49.879+0000] {logging_mixin.py:154} INFO - [2023-11-26T00:32:49.879+0000] {dagbag.py:536} INFO - Filling up the DagBag from /home/airflow/.local/lib/python3.8/site-packages/airflow/example_dags/example_python_operator.py
[2023-11-26T00:32:49.888+0000] {processor.py:839} INFO - DAG(s) dict_keys(['example_python_operator']) retrieved from /home/airflow/.local/lib/python3.8/site-packages/airflow/example_dags/example_python_operator.py
[2023-11-26T00:32:49.912+0000] {logging_mixin.py:154} INFO - [2023-11-26T00:32:49.911+0000] {dag.py:2941} INFO - Sync 1 DAGs
[2023-11-26T00:32:49.924+0000] {logging_mixin.py:154} INFO - [2023-11-26T00:32:49.923+0000] {dag.py:3722} INFO - Setting next_dagrun for example_python_operator to None, run_after=None
[2023-11-26T00:32:49.947+0000] {processor.py:179} INFO - Processing /home/airflow/.local/lib/python3.8/site-packages/airflow/example_dags/example_python_operator.py took 0.076 seconds
[2023-11-26T00:33:20.879+0000] {processor.py:157} INFO - Started process (PID=1660) to work on /home/airflow/.local/lib/python3.8/site-packages/airflow/example_dags/example_python_operator.py
[2023-11-26T00:33:20.881+0000] {processor.py:829} INFO - Processing file /home/airflow/.local/lib/python3.8/site-packages/airflow/example_dags/example_python_operator.py for tasks to queue
[2023-11-26T00:33:20.887+0000] {logging_mixin.py:154} INFO - [2023-11-26T00:33:20.886+0000] {dagbag.py:536} INFO - Filling up the DagBag from /home/airflow/.local/lib/python3.8/site-packages/airflow/example_dags/example_python_operator.py
[2023-11-26T00:33:20.903+0000] {processor.py:839} INFO - DAG(s) dict_keys(['example_python_operator']) retrieved from /home/airflow/.local/lib/python3.8/site-packages/airflow/example_dags/example_python_operator.py
[2023-11-26T00:33:20.950+0000] {logging_mixin.py:154} INFO - [2023-11-26T00:33:20.950+0000] {dag.py:2941} INFO - Sync 1 DAGs
[2023-11-26T00:33:20.973+0000] {logging_mixin.py:154} INFO - [2023-11-26T00:33:20.972+0000] {dag.py:3722} INFO - Setting next_dagrun for example_python_operator to None, run_after=None
[2023-11-26T00:33:21.017+0000] {processor.py:179} INFO - Processing /home/airflow/.local/lib/python3.8/site-packages/airflow/example_dags/example_python_operator.py took 0.143 seconds
[2023-11-26T00:33:52.054+0000] {processor.py:157} INFO - Started process (PID=1716) to work on /home/airflow/.local/lib/python3.8/site-packages/airflow/example_dags/example_python_operator.py
[2023-11-26T00:33:52.055+0000] {processor.py:829} INFO - Processing file /home/airflow/.local/lib/python3.8/site-packages/airflow/example_dags/example_python_operator.py for tasks to queue
[2023-11-26T00:33:52.059+0000] {logging_mixin.py:154} INFO - [2023-11-26T00:33:52.058+0000] {dagbag.py:536} INFO - Filling up the DagBag from /home/airflow/.local/lib/python3.8/site-packages/airflow/example_dags/example_python_operator.py
[2023-11-26T00:33:52.071+0000] {processor.py:839} INFO - DAG(s) dict_keys(['example_python_operator']) retrieved from /home/airflow/.local/lib/python3.8/site-packages/airflow/example_dags/example_python_operator.py
[2023-11-26T00:33:52.095+0000] {logging_mixin.py:154} INFO - [2023-11-26T00:33:52.095+0000] {dag.py:2941} INFO - Sync 1 DAGs
[2023-11-26T00:33:52.106+0000] {logging_mixin.py:154} INFO - [2023-11-26T00:33:52.106+0000] {dag.py:3722} INFO - Setting next_dagrun for example_python_operator to None, run_after=None
[2023-11-26T00:33:52.131+0000] {processor.py:179} INFO - Processing /home/airflow/.local/lib/python3.8/site-packages/airflow/example_dags/example_python_operator.py took 0.079 seconds
[2023-11-26T00:34:22.488+0000] {processor.py:157} INFO - Started process (PID=1769) to work on /home/airflow/.local/lib/python3.8/site-packages/airflow/example_dags/example_python_operator.py
[2023-11-26T00:34:22.489+0000] {processor.py:829} INFO - Processing file /home/airflow/.local/lib/python3.8/site-packages/airflow/example_dags/example_python_operator.py for tasks to queue
[2023-11-26T00:34:22.492+0000] {logging_mixin.py:154} INFO - [2023-11-26T00:34:22.492+0000] {dagbag.py:536} INFO - Filling up the DagBag from /home/airflow/.local/lib/python3.8/site-packages/airflow/example_dags/example_python_operator.py
[2023-11-26T00:34:22.502+0000] {processor.py:839} INFO - DAG(s) dict_keys(['example_python_operator']) retrieved from /home/airflow/.local/lib/python3.8/site-packages/airflow/example_dags/example_python_operator.py
[2023-11-26T00:34:22.529+0000] {logging_mixin.py:154} INFO - [2023-11-26T00:34:22.528+0000] {dag.py:2941} INFO - Sync 1 DAGs
[2023-11-26T00:34:22.543+0000] {logging_mixin.py:154} INFO - [2023-11-26T00:34:22.543+0000] {dag.py:3722} INFO - Setting next_dagrun for example_python_operator to None, run_after=None
[2023-11-26T00:34:22.567+0000] {processor.py:179} INFO - Processing /home/airflow/.local/lib/python3.8/site-packages/airflow/example_dags/example_python_operator.py took 0.082 seconds
[2023-11-26T00:34:53.011+0000] {processor.py:157} INFO - Started process (PID=1823) to work on /home/airflow/.local/lib/python3.8/site-packages/airflow/example_dags/example_python_operator.py
[2023-11-26T00:34:53.012+0000] {processor.py:829} INFO - Processing file /home/airflow/.local/lib/python3.8/site-packages/airflow/example_dags/example_python_operator.py for tasks to queue
[2023-11-26T00:34:53.014+0000] {logging_mixin.py:154} INFO - [2023-11-26T00:34:53.014+0000] {dagbag.py:536} INFO - Filling up the DagBag from /home/airflow/.local/lib/python3.8/site-packages/airflow/example_dags/example_python_operator.py
[2023-11-26T00:34:53.022+0000] {processor.py:839} INFO - DAG(s) dict_keys(['example_python_operator']) retrieved from /home/airflow/.local/lib/python3.8/site-packages/airflow/example_dags/example_python_operator.py
[2023-11-26T00:34:53.041+0000] {logging_mixin.py:154} INFO - [2023-11-26T00:34:53.041+0000] {dag.py:2941} INFO - Sync 1 DAGs
[2023-11-26T00:34:53.052+0000] {logging_mixin.py:154} INFO - [2023-11-26T00:34:53.052+0000] {dag.py:3722} INFO - Setting next_dagrun for example_python_operator to None, run_after=None
[2023-11-26T00:34:53.072+0000] {processor.py:179} INFO - Processing /home/airflow/.local/lib/python3.8/site-packages/airflow/example_dags/example_python_operator.py took 0.064 seconds
[2023-11-26T00:35:23.356+0000] {processor.py:157} INFO - Started process (PID=1877) to work on /home/airflow/.local/lib/python3.8/site-packages/airflow/example_dags/example_python_operator.py
[2023-11-26T00:35:23.357+0000] {processor.py:829} INFO - Processing file /home/airflow/.local/lib/python3.8/site-packages/airflow/example_dags/example_python_operator.py for tasks to queue
[2023-11-26T00:35:23.359+0000] {logging_mixin.py:154} INFO - [2023-11-26T00:35:23.359+0000] {dagbag.py:536} INFO - Filling up the DagBag from /home/airflow/.local/lib/python3.8/site-packages/airflow/example_dags/example_python_operator.py
[2023-11-26T00:35:23.366+0000] {processor.py:839} INFO - DAG(s) dict_keys(['example_python_operator']) retrieved from /home/airflow/.local/lib/python3.8/site-packages/airflow/example_dags/example_python_operator.py
[2023-11-26T00:35:23.387+0000] {logging_mixin.py:154} INFO - [2023-11-26T00:35:23.387+0000] {dag.py:2941} INFO - Sync 1 DAGs
[2023-11-26T00:35:23.398+0000] {logging_mixin.py:154} INFO - [2023-11-26T00:35:23.398+0000] {dag.py:3722} INFO - Setting next_dagrun for example_python_operator to None, run_after=None
[2023-11-26T00:35:23.421+0000] {processor.py:179} INFO - Processing /home/airflow/.local/lib/python3.8/site-packages/airflow/example_dags/example_python_operator.py took 0.069 seconds
[2023-11-26T00:35:53.783+0000] {processor.py:157} INFO - Started process (PID=1931) to work on /home/airflow/.local/lib/python3.8/site-packages/airflow/example_dags/example_python_operator.py
[2023-11-26T00:35:53.785+0000] {processor.py:829} INFO - Processing file /home/airflow/.local/lib/python3.8/site-packages/airflow/example_dags/example_python_operator.py for tasks to queue
[2023-11-26T00:35:53.787+0000] {logging_mixin.py:154} INFO - [2023-11-26T00:35:53.787+0000] {dagbag.py:536} INFO - Filling up the DagBag from /home/airflow/.local/lib/python3.8/site-packages/airflow/example_dags/example_python_operator.py
[2023-11-26T00:35:53.795+0000] {processor.py:839} INFO - DAG(s) dict_keys(['example_python_operator']) retrieved from /home/airflow/.local/lib/python3.8/site-packages/airflow/example_dags/example_python_operator.py
[2023-11-26T00:35:53.817+0000] {logging_mixin.py:154} INFO - [2023-11-26T00:35:53.817+0000] {dag.py:2941} INFO - Sync 1 DAGs
[2023-11-26T00:35:53.828+0000] {logging_mixin.py:154} INFO - [2023-11-26T00:35:53.827+0000] {dag.py:3722} INFO - Setting next_dagrun for example_python_operator to None, run_after=None
[2023-11-26T00:35:53.849+0000] {processor.py:179} INFO - Processing /home/airflow/.local/lib/python3.8/site-packages/airflow/example_dags/example_python_operator.py took 0.068 seconds
[2023-11-26T00:36:24.300+0000] {processor.py:157} INFO - Started process (PID=1985) to work on /home/airflow/.local/lib/python3.8/site-packages/airflow/example_dags/example_python_operator.py
[2023-11-26T00:36:24.301+0000] {processor.py:829} INFO - Processing file /home/airflow/.local/lib/python3.8/site-packages/airflow/example_dags/example_python_operator.py for tasks to queue
[2023-11-26T00:36:24.304+0000] {logging_mixin.py:154} INFO - [2023-11-26T00:36:24.304+0000] {dagbag.py:536} INFO - Filling up the DagBag from /home/airflow/.local/lib/python3.8/site-packages/airflow/example_dags/example_python_operator.py
[2023-11-26T00:36:24.315+0000] {processor.py:839} INFO - DAG(s) dict_keys(['example_python_operator']) retrieved from /home/airflow/.local/lib/python3.8/site-packages/airflow/example_dags/example_python_operator.py
[2023-11-26T00:36:24.347+0000] {logging_mixin.py:154} INFO - [2023-11-26T00:36:24.347+0000] {dag.py:2941} INFO - Sync 1 DAGs
[2023-11-26T00:36:24.363+0000] {logging_mixin.py:154} INFO - [2023-11-26T00:36:24.362+0000] {dag.py:3722} INFO - Setting next_dagrun for example_python_operator to None, run_after=None
[2023-11-26T00:36:24.401+0000] {processor.py:179} INFO - Processing /home/airflow/.local/lib/python3.8/site-packages/airflow/example_dags/example_python_operator.py took 0.104 seconds
[2023-11-26T00:36:54.436+0000] {processor.py:157} INFO - Started process (PID=2040) to work on /home/airflow/.local/lib/python3.8/site-packages/airflow/example_dags/example_python_operator.py
[2023-11-26T00:36:54.437+0000] {processor.py:829} INFO - Processing file /home/airflow/.local/lib/python3.8/site-packages/airflow/example_dags/example_python_operator.py for tasks to queue
[2023-11-26T00:36:54.439+0000] {logging_mixin.py:154} INFO - [2023-11-26T00:36:54.439+0000] {dagbag.py:536} INFO - Filling up the DagBag from /home/airflow/.local/lib/python3.8/site-packages/airflow/example_dags/example_python_operator.py
[2023-11-26T00:36:54.447+0000] {processor.py:839} INFO - DAG(s) dict_keys(['example_python_operator']) retrieved from /home/airflow/.local/lib/python3.8/site-packages/airflow/example_dags/example_python_operator.py
[2023-11-26T00:36:54.467+0000] {logging_mixin.py:154} INFO - [2023-11-26T00:36:54.467+0000] {dag.py:2941} INFO - Sync 1 DAGs
[2023-11-26T00:36:54.479+0000] {logging_mixin.py:154} INFO - [2023-11-26T00:36:54.479+0000] {dag.py:3722} INFO - Setting next_dagrun for example_python_operator to None, run_after=None
[2023-11-26T00:36:54.501+0000] {processor.py:179} INFO - Processing /home/airflow/.local/lib/python3.8/site-packages/airflow/example_dags/example_python_operator.py took 0.067 seconds
[2023-11-26T00:37:24.847+0000] {processor.py:157} INFO - Started process (PID=2093) to work on /home/airflow/.local/lib/python3.8/site-packages/airflow/example_dags/example_python_operator.py
[2023-11-26T00:37:24.848+0000] {processor.py:829} INFO - Processing file /home/airflow/.local/lib/python3.8/site-packages/airflow/example_dags/example_python_operator.py for tasks to queue
[2023-11-26T00:37:24.850+0000] {logging_mixin.py:154} INFO - [2023-11-26T00:37:24.850+0000] {dagbag.py:536} INFO - Filling up the DagBag from /home/airflow/.local/lib/python3.8/site-packages/airflow/example_dags/example_python_operator.py
[2023-11-26T00:37:24.859+0000] {processor.py:839} INFO - DAG(s) dict_keys(['example_python_operator']) retrieved from /home/airflow/.local/lib/python3.8/site-packages/airflow/example_dags/example_python_operator.py
[2023-11-26T00:37:24.879+0000] {logging_mixin.py:154} INFO - [2023-11-26T00:37:24.879+0000] {dag.py:2941} INFO - Sync 1 DAGs
[2023-11-26T00:37:24.890+0000] {logging_mixin.py:154} INFO - [2023-11-26T00:37:24.890+0000] {dag.py:3722} INFO - Setting next_dagrun for example_python_operator to None, run_after=None
[2023-11-26T00:37:24.913+0000] {processor.py:179} INFO - Processing /home/airflow/.local/lib/python3.8/site-packages/airflow/example_dags/example_python_operator.py took 0.069 seconds
[2023-11-26T00:37:55.512+0000] {processor.py:157} INFO - Started process (PID=2147) to work on /home/airflow/.local/lib/python3.8/site-packages/airflow/example_dags/example_python_operator.py
[2023-11-26T00:37:55.514+0000] {processor.py:829} INFO - Processing file /home/airflow/.local/lib/python3.8/site-packages/airflow/example_dags/example_python_operator.py for tasks to queue
[2023-11-26T00:37:55.517+0000] {logging_mixin.py:154} INFO - [2023-11-26T00:37:55.517+0000] {dagbag.py:536} INFO - Filling up the DagBag from /home/airflow/.local/lib/python3.8/site-packages/airflow/example_dags/example_python_operator.py
[2023-11-26T00:37:55.530+0000] {processor.py:839} INFO - DAG(s) dict_keys(['example_python_operator']) retrieved from /home/airflow/.local/lib/python3.8/site-packages/airflow/example_dags/example_python_operator.py
[2023-11-26T00:37:55.558+0000] {logging_mixin.py:154} INFO - [2023-11-26T00:37:55.558+0000] {dag.py:2941} INFO - Sync 1 DAGs
[2023-11-26T00:37:55.575+0000] {logging_mixin.py:154} INFO - [2023-11-26T00:37:55.575+0000] {dag.py:3722} INFO - Setting next_dagrun for example_python_operator to None, run_after=None
[2023-11-26T00:37:55.602+0000] {processor.py:179} INFO - Processing /home/airflow/.local/lib/python3.8/site-packages/airflow/example_dags/example_python_operator.py took 0.094 seconds
[2023-11-26T00:38:25.961+0000] {processor.py:157} INFO - Started process (PID=2201) to work on /home/airflow/.local/lib/python3.8/site-packages/airflow/example_dags/example_python_operator.py
[2023-11-26T00:38:25.962+0000] {processor.py:829} INFO - Processing file /home/airflow/.local/lib/python3.8/site-packages/airflow/example_dags/example_python_operator.py for tasks to queue
[2023-11-26T00:38:25.966+0000] {logging_mixin.py:154} INFO - [2023-11-26T00:38:25.966+0000] {dagbag.py:536} INFO - Filling up the DagBag from /home/airflow/.local/lib/python3.8/site-packages/airflow/example_dags/example_python_operator.py
[2023-11-26T00:38:25.978+0000] {processor.py:839} INFO - DAG(s) dict_keys(['example_python_operator']) retrieved from /home/airflow/.local/lib/python3.8/site-packages/airflow/example_dags/example_python_operator.py
[2023-11-26T00:38:26.007+0000] {logging_mixin.py:154} INFO - [2023-11-26T00:38:26.007+0000] {dag.py:2941} INFO - Sync 1 DAGs
[2023-11-26T00:38:26.024+0000] {logging_mixin.py:154} INFO - [2023-11-26T00:38:26.023+0000] {dag.py:3722} INFO - Setting next_dagrun for example_python_operator to None, run_after=None
[2023-11-26T00:38:26.052+0000] {processor.py:179} INFO - Processing /home/airflow/.local/lib/python3.8/site-packages/airflow/example_dags/example_python_operator.py took 0.097 seconds
[2023-11-26T00:38:56.966+0000] {processor.py:157} INFO - Started process (PID=2255) to work on /home/airflow/.local/lib/python3.8/site-packages/airflow/example_dags/example_python_operator.py
[2023-11-26T00:38:56.968+0000] {processor.py:829} INFO - Processing file /home/airflow/.local/lib/python3.8/site-packages/airflow/example_dags/example_python_operator.py for tasks to queue
[2023-11-26T00:38:56.971+0000] {logging_mixin.py:154} INFO - [2023-11-26T00:38:56.970+0000] {dagbag.py:536} INFO - Filling up the DagBag from /home/airflow/.local/lib/python3.8/site-packages/airflow/example_dags/example_python_operator.py
[2023-11-26T00:38:56.984+0000] {processor.py:839} INFO - DAG(s) dict_keys(['example_python_operator']) retrieved from /home/airflow/.local/lib/python3.8/site-packages/airflow/example_dags/example_python_operator.py
[2023-11-26T00:38:57.010+0000] {logging_mixin.py:154} INFO - [2023-11-26T00:38:57.009+0000] {dag.py:2941} INFO - Sync 1 DAGs
[2023-11-26T00:38:57.028+0000] {logging_mixin.py:154} INFO - [2023-11-26T00:38:57.028+0000] {dag.py:3722} INFO - Setting next_dagrun for example_python_operator to None, run_after=None
[2023-11-26T00:38:57.054+0000] {processor.py:179} INFO - Processing /home/airflow/.local/lib/python3.8/site-packages/airflow/example_dags/example_python_operator.py took 0.093 seconds
[2023-11-26T00:39:27.298+0000] {processor.py:157} INFO - Started process (PID=2309) to work on /home/airflow/.local/lib/python3.8/site-packages/airflow/example_dags/example_python_operator.py
[2023-11-26T00:39:27.300+0000] {processor.py:829} INFO - Processing file /home/airflow/.local/lib/python3.8/site-packages/airflow/example_dags/example_python_operator.py for tasks to queue
[2023-11-26T00:39:27.305+0000] {logging_mixin.py:154} INFO - [2023-11-26T00:39:27.305+0000] {dagbag.py:536} INFO - Filling up the DagBag from /home/airflow/.local/lib/python3.8/site-packages/airflow/example_dags/example_python_operator.py
[2023-11-26T00:39:27.324+0000] {processor.py:839} INFO - DAG(s) dict_keys(['example_python_operator']) retrieved from /home/airflow/.local/lib/python3.8/site-packages/airflow/example_dags/example_python_operator.py
[2023-11-26T00:39:27.392+0000] {logging_mixin.py:154} INFO - [2023-11-26T00:39:27.391+0000] {dag.py:2941} INFO - Sync 1 DAGs
[2023-11-26T00:39:27.460+0000] {logging_mixin.py:154} INFO - [2023-11-26T00:39:27.459+0000] {dag.py:3722} INFO - Setting next_dagrun for example_python_operator to None, run_after=None
[2023-11-26T00:39:27.531+0000] {processor.py:179} INFO - Processing /home/airflow/.local/lib/python3.8/site-packages/airflow/example_dags/example_python_operator.py took 0.238 seconds
[2023-11-26T00:39:57.653+0000] {processor.py:157} INFO - Started process (PID=2370) to work on /home/airflow/.local/lib/python3.8/site-packages/airflow/example_dags/example_python_operator.py
[2023-11-26T00:39:57.655+0000] {processor.py:829} INFO - Processing file /home/airflow/.local/lib/python3.8/site-packages/airflow/example_dags/example_python_operator.py for tasks to queue
[2023-11-26T00:39:57.657+0000] {logging_mixin.py:154} INFO - [2023-11-26T00:39:57.657+0000] {dagbag.py:536} INFO - Filling up the DagBag from /home/airflow/.local/lib/python3.8/site-packages/airflow/example_dags/example_python_operator.py
[2023-11-26T00:39:57.667+0000] {processor.py:839} INFO - DAG(s) dict_keys(['example_python_operator']) retrieved from /home/airflow/.local/lib/python3.8/site-packages/airflow/example_dags/example_python_operator.py
[2023-11-26T00:39:57.691+0000] {logging_mixin.py:154} INFO - [2023-11-26T00:39:57.690+0000] {dag.py:2941} INFO - Sync 1 DAGs
[2023-11-26T00:39:57.703+0000] {logging_mixin.py:154} INFO - [2023-11-26T00:39:57.702+0000] {dag.py:3722} INFO - Setting next_dagrun for example_python_operator to None, run_after=None
[2023-11-26T00:39:57.726+0000] {processor.py:179} INFO - Processing /home/airflow/.local/lib/python3.8/site-packages/airflow/example_dags/example_python_operator.py took 0.076 seconds
[2023-11-26T00:40:28.858+0000] {processor.py:157} INFO - Started process (PID=2424) to work on /home/airflow/.local/lib/python3.8/site-packages/airflow/example_dags/example_python_operator.py
[2023-11-26T00:40:28.860+0000] {processor.py:829} INFO - Processing file /home/airflow/.local/lib/python3.8/site-packages/airflow/example_dags/example_python_operator.py for tasks to queue
[2023-11-26T00:40:28.862+0000] {logging_mixin.py:154} INFO - [2023-11-26T00:40:28.862+0000] {dagbag.py:536} INFO - Filling up the DagBag from /home/airflow/.local/lib/python3.8/site-packages/airflow/example_dags/example_python_operator.py
[2023-11-26T00:40:28.870+0000] {processor.py:839} INFO - DAG(s) dict_keys(['example_python_operator']) retrieved from /home/airflow/.local/lib/python3.8/site-packages/airflow/example_dags/example_python_operator.py
[2023-11-26T00:40:28.897+0000] {logging_mixin.py:154} INFO - [2023-11-26T00:40:28.897+0000] {dag.py:2941} INFO - Sync 1 DAGs
[2023-11-26T00:40:28.909+0000] {logging_mixin.py:154} INFO - [2023-11-26T00:40:28.909+0000] {dag.py:3722} INFO - Setting next_dagrun for example_python_operator to None, run_after=None
[2023-11-26T00:40:28.935+0000] {processor.py:179} INFO - Processing /home/airflow/.local/lib/python3.8/site-packages/airflow/example_dags/example_python_operator.py took 0.080 seconds
[2023-11-26T00:41:00.142+0000] {processor.py:157} INFO - Started process (PID=2478) to work on /home/airflow/.local/lib/python3.8/site-packages/airflow/example_dags/example_python_operator.py
[2023-11-26T00:41:00.144+0000] {processor.py:829} INFO - Processing file /home/airflow/.local/lib/python3.8/site-packages/airflow/example_dags/example_python_operator.py for tasks to queue
[2023-11-26T00:41:00.146+0000] {logging_mixin.py:154} INFO - [2023-11-26T00:41:00.145+0000] {dagbag.py:536} INFO - Filling up the DagBag from /home/airflow/.local/lib/python3.8/site-packages/airflow/example_dags/example_python_operator.py
[2023-11-26T00:41:00.154+0000] {processor.py:839} INFO - DAG(s) dict_keys(['example_python_operator']) retrieved from /home/airflow/.local/lib/python3.8/site-packages/airflow/example_dags/example_python_operator.py
[2023-11-26T00:41:00.176+0000] {logging_mixin.py:154} INFO - [2023-11-26T00:41:00.176+0000] {dag.py:2941} INFO - Sync 1 DAGs
[2023-11-26T00:41:00.187+0000] {logging_mixin.py:154} INFO - [2023-11-26T00:41:00.187+0000] {dag.py:3722} INFO - Setting next_dagrun for example_python_operator to None, run_after=None
[2023-11-26T00:41:00.332+0000] {processor.py:179} INFO - Processing /home/airflow/.local/lib/python3.8/site-packages/airflow/example_dags/example_python_operator.py took 0.193 seconds
[2023-11-26T00:41:30.398+0000] {processor.py:157} INFO - Started process (PID=2532) to work on /home/airflow/.local/lib/python3.8/site-packages/airflow/example_dags/example_python_operator.py
[2023-11-26T00:41:30.399+0000] {processor.py:829} INFO - Processing file /home/airflow/.local/lib/python3.8/site-packages/airflow/example_dags/example_python_operator.py for tasks to queue
[2023-11-26T00:41:30.402+0000] {logging_mixin.py:154} INFO - [2023-11-26T00:41:30.402+0000] {dagbag.py:536} INFO - Filling up the DagBag from /home/airflow/.local/lib/python3.8/site-packages/airflow/example_dags/example_python_operator.py
[2023-11-26T00:41:30.412+0000] {processor.py:839} INFO - DAG(s) dict_keys(['example_python_operator']) retrieved from /home/airflow/.local/lib/python3.8/site-packages/airflow/example_dags/example_python_operator.py
[2023-11-26T00:41:30.440+0000] {logging_mixin.py:154} INFO - [2023-11-26T00:41:30.439+0000] {dag.py:2941} INFO - Sync 1 DAGs
[2023-11-26T00:41:30.453+0000] {logging_mixin.py:154} INFO - [2023-11-26T00:41:30.452+0000] {dag.py:3722} INFO - Setting next_dagrun for example_python_operator to None, run_after=None
[2023-11-26T00:41:30.477+0000] {processor.py:179} INFO - Processing /home/airflow/.local/lib/python3.8/site-packages/airflow/example_dags/example_python_operator.py took 0.082 seconds
[2023-11-26T00:42:01.412+0000] {processor.py:157} INFO - Started process (PID=2586) to work on /home/airflow/.local/lib/python3.8/site-packages/airflow/example_dags/example_python_operator.py
[2023-11-26T00:42:01.413+0000] {processor.py:829} INFO - Processing file /home/airflow/.local/lib/python3.8/site-packages/airflow/example_dags/example_python_operator.py for tasks to queue
[2023-11-26T00:42:01.417+0000] {logging_mixin.py:154} INFO - [2023-11-26T00:42:01.416+0000] {dagbag.py:536} INFO - Filling up the DagBag from /home/airflow/.local/lib/python3.8/site-packages/airflow/example_dags/example_python_operator.py
[2023-11-26T00:42:01.425+0000] {processor.py:839} INFO - DAG(s) dict_keys(['example_python_operator']) retrieved from /home/airflow/.local/lib/python3.8/site-packages/airflow/example_dags/example_python_operator.py
[2023-11-26T00:42:01.450+0000] {logging_mixin.py:154} INFO - [2023-11-26T00:42:01.449+0000] {dag.py:2941} INFO - Sync 1 DAGs
[2023-11-26T00:42:01.461+0000] {logging_mixin.py:154} INFO - [2023-11-26T00:42:01.461+0000] {dag.py:3722} INFO - Setting next_dagrun for example_python_operator to None, run_after=None
[2023-11-26T00:42:01.488+0000] {processor.py:179} INFO - Processing /home/airflow/.local/lib/python3.8/site-packages/airflow/example_dags/example_python_operator.py took 0.079 seconds
[2023-11-26T00:42:32.248+0000] {processor.py:157} INFO - Started process (PID=2640) to work on /home/airflow/.local/lib/python3.8/site-packages/airflow/example_dags/example_python_operator.py
[2023-11-26T00:42:32.250+0000] {processor.py:829} INFO - Processing file /home/airflow/.local/lib/python3.8/site-packages/airflow/example_dags/example_python_operator.py for tasks to queue
[2023-11-26T00:42:32.252+0000] {logging_mixin.py:154} INFO - [2023-11-26T00:42:32.252+0000] {dagbag.py:536} INFO - Filling up the DagBag from /home/airflow/.local/lib/python3.8/site-packages/airflow/example_dags/example_python_operator.py
[2023-11-26T00:42:32.260+0000] {processor.py:839} INFO - DAG(s) dict_keys(['example_python_operator']) retrieved from /home/airflow/.local/lib/python3.8/site-packages/airflow/example_dags/example_python_operator.py
[2023-11-26T00:42:32.280+0000] {logging_mixin.py:154} INFO - [2023-11-26T00:42:32.280+0000] {dag.py:2941} INFO - Sync 1 DAGs
[2023-11-26T00:42:32.292+0000] {logging_mixin.py:154} INFO - [2023-11-26T00:42:32.292+0000] {dag.py:3722} INFO - Setting next_dagrun for example_python_operator to None, run_after=None
[2023-11-26T00:42:32.416+0000] {processor.py:179} INFO - Processing /home/airflow/.local/lib/python3.8/site-packages/airflow/example_dags/example_python_operator.py took 0.170 seconds
[2023-11-26T00:43:02.609+0000] {processor.py:157} INFO - Started process (PID=2694) to work on /home/airflow/.local/lib/python3.8/site-packages/airflow/example_dags/example_python_operator.py
[2023-11-26T00:43:02.610+0000] {processor.py:829} INFO - Processing file /home/airflow/.local/lib/python3.8/site-packages/airflow/example_dags/example_python_operator.py for tasks to queue
[2023-11-26T00:43:02.612+0000] {logging_mixin.py:154} INFO - [2023-11-26T00:43:02.612+0000] {dagbag.py:536} INFO - Filling up the DagBag from /home/airflow/.local/lib/python3.8/site-packages/airflow/example_dags/example_python_operator.py
[2023-11-26T00:43:02.621+0000] {processor.py:839} INFO - DAG(s) dict_keys(['example_python_operator']) retrieved from /home/airflow/.local/lib/python3.8/site-packages/airflow/example_dags/example_python_operator.py
[2023-11-26T00:43:02.641+0000] {logging_mixin.py:154} INFO - [2023-11-26T00:43:02.641+0000] {dag.py:2941} INFO - Sync 1 DAGs
[2023-11-26T00:43:02.653+0000] {logging_mixin.py:154} INFO - [2023-11-26T00:43:02.653+0000] {dag.py:3722} INFO - Setting next_dagrun for example_python_operator to None, run_after=None
[2023-11-26T00:43:02.673+0000] {processor.py:179} INFO - Processing /home/airflow/.local/lib/python3.8/site-packages/airflow/example_dags/example_python_operator.py took 0.067 seconds
[2023-11-26T00:43:32.977+0000] {processor.py:157} INFO - Started process (PID=2748) to work on /home/airflow/.local/lib/python3.8/site-packages/airflow/example_dags/example_python_operator.py
[2023-11-26T00:43:32.978+0000] {processor.py:829} INFO - Processing file /home/airflow/.local/lib/python3.8/site-packages/airflow/example_dags/example_python_operator.py for tasks to queue
[2023-11-26T00:43:32.980+0000] {logging_mixin.py:154} INFO - [2023-11-26T00:43:32.979+0000] {dagbag.py:536} INFO - Filling up the DagBag from /home/airflow/.local/lib/python3.8/site-packages/airflow/example_dags/example_python_operator.py
[2023-11-26T00:43:32.987+0000] {processor.py:839} INFO - DAG(s) dict_keys(['example_python_operator']) retrieved from /home/airflow/.local/lib/python3.8/site-packages/airflow/example_dags/example_python_operator.py
[2023-11-26T00:43:33.111+0000] {logging_mixin.py:154} INFO - [2023-11-26T00:43:33.111+0000] {dag.py:2941} INFO - Sync 1 DAGs
[2023-11-26T00:43:33.121+0000] {logging_mixin.py:154} INFO - [2023-11-26T00:43:33.121+0000] {dag.py:3722} INFO - Setting next_dagrun for example_python_operator to None, run_after=None
[2023-11-26T00:43:33.146+0000] {processor.py:179} INFO - Processing /home/airflow/.local/lib/python3.8/site-packages/airflow/example_dags/example_python_operator.py took 0.172 seconds
[2023-11-26T00:44:04.069+0000] {processor.py:157} INFO - Started process (PID=2802) to work on /home/airflow/.local/lib/python3.8/site-packages/airflow/example_dags/example_python_operator.py
[2023-11-26T00:44:04.070+0000] {processor.py:829} INFO - Processing file /home/airflow/.local/lib/python3.8/site-packages/airflow/example_dags/example_python_operator.py for tasks to queue
[2023-11-26T00:44:04.073+0000] {logging_mixin.py:154} INFO - [2023-11-26T00:44:04.072+0000] {dagbag.py:536} INFO - Filling up the DagBag from /home/airflow/.local/lib/python3.8/site-packages/airflow/example_dags/example_python_operator.py
[2023-11-26T00:44:04.081+0000] {processor.py:839} INFO - DAG(s) dict_keys(['example_python_operator']) retrieved from /home/airflow/.local/lib/python3.8/site-packages/airflow/example_dags/example_python_operator.py
[2023-11-26T00:44:04.102+0000] {logging_mixin.py:154} INFO - [2023-11-26T00:44:04.102+0000] {dag.py:2941} INFO - Sync 1 DAGs
[2023-11-26T00:44:04.113+0000] {logging_mixin.py:154} INFO - [2023-11-26T00:44:04.113+0000] {dag.py:3722} INFO - Setting next_dagrun for example_python_operator to None, run_after=None
[2023-11-26T00:44:04.134+0000] {processor.py:179} INFO - Processing /home/airflow/.local/lib/python3.8/site-packages/airflow/example_dags/example_python_operator.py took 0.068 seconds
[2023-11-26T00:44:34.502+0000] {processor.py:157} INFO - Started process (PID=2856) to work on /home/airflow/.local/lib/python3.8/site-packages/airflow/example_dags/example_python_operator.py
[2023-11-26T00:44:34.504+0000] {processor.py:829} INFO - Processing file /home/airflow/.local/lib/python3.8/site-packages/airflow/example_dags/example_python_operator.py for tasks to queue
[2023-11-26T00:44:34.509+0000] {logging_mixin.py:154} INFO - [2023-11-26T00:44:34.508+0000] {dagbag.py:536} INFO - Filling up the DagBag from /home/airflow/.local/lib/python3.8/site-packages/airflow/example_dags/example_python_operator.py
[2023-11-26T00:44:34.522+0000] {processor.py:839} INFO - DAG(s) dict_keys(['example_python_operator']) retrieved from /home/airflow/.local/lib/python3.8/site-packages/airflow/example_dags/example_python_operator.py
[2023-11-26T00:44:34.569+0000] {logging_mixin.py:154} INFO - [2023-11-26T00:44:34.567+0000] {dag.py:2941} INFO - Sync 1 DAGs
[2023-11-26T00:44:34.591+0000] {logging_mixin.py:154} INFO - [2023-11-26T00:44:34.590+0000] {dag.py:3722} INFO - Setting next_dagrun for example_python_operator to None, run_after=None
[2023-11-26T00:44:34.630+0000] {processor.py:179} INFO - Processing /home/airflow/.local/lib/python3.8/site-packages/airflow/example_dags/example_python_operator.py took 0.132 seconds
[2023-11-26T00:45:05.654+0000] {processor.py:157} INFO - Started process (PID=2910) to work on /home/airflow/.local/lib/python3.8/site-packages/airflow/example_dags/example_python_operator.py
[2023-11-26T00:45:05.656+0000] {processor.py:829} INFO - Processing file /home/airflow/.local/lib/python3.8/site-packages/airflow/example_dags/example_python_operator.py for tasks to queue
[2023-11-26T00:45:05.659+0000] {logging_mixin.py:154} INFO - [2023-11-26T00:45:05.659+0000] {dagbag.py:536} INFO - Filling up the DagBag from /home/airflow/.local/lib/python3.8/site-packages/airflow/example_dags/example_python_operator.py
[2023-11-26T00:45:05.669+0000] {processor.py:839} INFO - DAG(s) dict_keys(['example_python_operator']) retrieved from /home/airflow/.local/lib/python3.8/site-packages/airflow/example_dags/example_python_operator.py
[2023-11-26T00:45:05.693+0000] {logging_mixin.py:154} INFO - [2023-11-26T00:45:05.693+0000] {dag.py:2941} INFO - Sync 1 DAGs
[2023-11-26T00:45:05.706+0000] {logging_mixin.py:154} INFO - [2023-11-26T00:45:05.706+0000] {dag.py:3722} INFO - Setting next_dagrun for example_python_operator to None, run_after=None
[2023-11-26T00:45:05.730+0000] {processor.py:179} INFO - Processing /home/airflow/.local/lib/python3.8/site-packages/airflow/example_dags/example_python_operator.py took 0.084 seconds
[2023-11-26T00:45:36.197+0000] {processor.py:157} INFO - Started process (PID=2964) to work on /home/airflow/.local/lib/python3.8/site-packages/airflow/example_dags/example_python_operator.py
[2023-11-26T00:45:36.199+0000] {processor.py:829} INFO - Processing file /home/airflow/.local/lib/python3.8/site-packages/airflow/example_dags/example_python_operator.py for tasks to queue
[2023-11-26T00:45:36.202+0000] {logging_mixin.py:154} INFO - [2023-11-26T00:45:36.202+0000] {dagbag.py:536} INFO - Filling up the DagBag from /home/airflow/.local/lib/python3.8/site-packages/airflow/example_dags/example_python_operator.py
[2023-11-26T00:45:36.214+0000] {processor.py:839} INFO - DAG(s) dict_keys(['example_python_operator']) retrieved from /home/airflow/.local/lib/python3.8/site-packages/airflow/example_dags/example_python_operator.py
[2023-11-26T00:45:36.237+0000] {logging_mixin.py:154} INFO - [2023-11-26T00:45:36.237+0000] {dag.py:2941} INFO - Sync 1 DAGs
[2023-11-26T00:45:36.249+0000] {logging_mixin.py:154} INFO - [2023-11-26T00:45:36.249+0000] {dag.py:3722} INFO - Setting next_dagrun for example_python_operator to None, run_after=None
[2023-11-26T00:45:36.269+0000] {processor.py:179} INFO - Processing /home/airflow/.local/lib/python3.8/site-packages/airflow/example_dags/example_python_operator.py took 0.077 seconds
[2023-11-26T00:46:06.769+0000] {processor.py:157} INFO - Started process (PID=3018) to work on /home/airflow/.local/lib/python3.8/site-packages/airflow/example_dags/example_python_operator.py
[2023-11-26T00:46:06.770+0000] {processor.py:829} INFO - Processing file /home/airflow/.local/lib/python3.8/site-packages/airflow/example_dags/example_python_operator.py for tasks to queue
[2023-11-26T00:46:06.773+0000] {logging_mixin.py:154} INFO - [2023-11-26T00:46:06.773+0000] {dagbag.py:536} INFO - Filling up the DagBag from /home/airflow/.local/lib/python3.8/site-packages/airflow/example_dags/example_python_operator.py
[2023-11-26T00:46:06.787+0000] {processor.py:839} INFO - DAG(s) dict_keys(['example_python_operator']) retrieved from /home/airflow/.local/lib/python3.8/site-packages/airflow/example_dags/example_python_operator.py
[2023-11-26T00:46:06.822+0000] {logging_mixin.py:154} INFO - [2023-11-26T00:46:06.821+0000] {dag.py:2941} INFO - Sync 1 DAGs
[2023-11-26T00:46:06.839+0000] {logging_mixin.py:154} INFO - [2023-11-26T00:46:06.839+0000] {dag.py:3722} INFO - Setting next_dagrun for example_python_operator to None, run_after=None
[2023-11-26T00:46:06.874+0000] {processor.py:179} INFO - Processing /home/airflow/.local/lib/python3.8/site-packages/airflow/example_dags/example_python_operator.py took 0.109 seconds
[2023-11-26T00:46:37.163+0000] {processor.py:157} INFO - Started process (PID=3073) to work on /home/airflow/.local/lib/python3.8/site-packages/airflow/example_dags/example_python_operator.py
[2023-11-26T00:46:37.165+0000] {processor.py:829} INFO - Processing file /home/airflow/.local/lib/python3.8/site-packages/airflow/example_dags/example_python_operator.py for tasks to queue
[2023-11-26T00:46:37.167+0000] {logging_mixin.py:154} INFO - [2023-11-26T00:46:37.167+0000] {dagbag.py:536} INFO - Filling up the DagBag from /home/airflow/.local/lib/python3.8/site-packages/airflow/example_dags/example_python_operator.py
[2023-11-26T00:46:37.175+0000] {processor.py:839} INFO - DAG(s) dict_keys(['example_python_operator']) retrieved from /home/airflow/.local/lib/python3.8/site-packages/airflow/example_dags/example_python_operator.py
[2023-11-26T00:46:37.198+0000] {logging_mixin.py:154} INFO - [2023-11-26T00:46:37.198+0000] {dag.py:2941} INFO - Sync 1 DAGs
[2023-11-26T00:46:37.209+0000] {logging_mixin.py:154} INFO - [2023-11-26T00:46:37.209+0000] {dag.py:3722} INFO - Setting next_dagrun for example_python_operator to None, run_after=None
[2023-11-26T00:46:37.230+0000] {processor.py:179} INFO - Processing /home/airflow/.local/lib/python3.8/site-packages/airflow/example_dags/example_python_operator.py took 0.070 seconds
[2023-11-26T00:47:07.983+0000] {processor.py:157} INFO - Started process (PID=3127) to work on /home/airflow/.local/lib/python3.8/site-packages/airflow/example_dags/example_python_operator.py
[2023-11-26T00:47:07.987+0000] {processor.py:829} INFO - Processing file /home/airflow/.local/lib/python3.8/site-packages/airflow/example_dags/example_python_operator.py for tasks to queue
[2023-11-26T00:47:07.997+0000] {logging_mixin.py:154} INFO - [2023-11-26T00:47:07.994+0000] {dagbag.py:536} INFO - Filling up the DagBag from /home/airflow/.local/lib/python3.8/site-packages/airflow/example_dags/example_python_operator.py
[2023-11-26T00:47:08.019+0000] {processor.py:839} INFO - DAG(s) dict_keys(['example_python_operator']) retrieved from /home/airflow/.local/lib/python3.8/site-packages/airflow/example_dags/example_python_operator.py
[2023-11-26T00:47:08.079+0000] {logging_mixin.py:154} INFO - [2023-11-26T00:47:08.079+0000] {dag.py:2941} INFO - Sync 1 DAGs
[2023-11-26T00:47:08.103+0000] {logging_mixin.py:154} INFO - [2023-11-26T00:47:08.103+0000] {dag.py:3722} INFO - Setting next_dagrun for example_python_operator to None, run_after=None
[2023-11-26T00:47:08.155+0000] {processor.py:179} INFO - Processing /home/airflow/.local/lib/python3.8/site-packages/airflow/example_dags/example_python_operator.py took 0.180 seconds
[2023-11-26T00:47:38.264+0000] {processor.py:157} INFO - Started process (PID=3180) to work on /home/airflow/.local/lib/python3.8/site-packages/airflow/example_dags/example_python_operator.py
[2023-11-26T00:47:38.266+0000] {processor.py:829} INFO - Processing file /home/airflow/.local/lib/python3.8/site-packages/airflow/example_dags/example_python_operator.py for tasks to queue
[2023-11-26T00:47:38.269+0000] {logging_mixin.py:154} INFO - [2023-11-26T00:47:38.269+0000] {dagbag.py:536} INFO - Filling up the DagBag from /home/airflow/.local/lib/python3.8/site-packages/airflow/example_dags/example_python_operator.py
[2023-11-26T00:47:38.287+0000] {processor.py:839} INFO - DAG(s) dict_keys(['example_python_operator']) retrieved from /home/airflow/.local/lib/python3.8/site-packages/airflow/example_dags/example_python_operator.py
[2023-11-26T00:47:38.329+0000] {logging_mixin.py:154} INFO - [2023-11-26T00:47:38.328+0000] {dag.py:2941} INFO - Sync 1 DAGs
[2023-11-26T00:47:38.348+0000] {logging_mixin.py:154} INFO - [2023-11-26T00:47:38.348+0000] {dag.py:3722} INFO - Setting next_dagrun for example_python_operator to None, run_after=None
[2023-11-26T00:47:38.397+0000] {processor.py:179} INFO - Processing /home/airflow/.local/lib/python3.8/site-packages/airflow/example_dags/example_python_operator.py took 0.140 seconds
[2023-11-26T00:48:08.671+0000] {processor.py:157} INFO - Started process (PID=3234) to work on /home/airflow/.local/lib/python3.8/site-packages/airflow/example_dags/example_python_operator.py
[2023-11-26T00:48:08.673+0000] {processor.py:829} INFO - Processing file /home/airflow/.local/lib/python3.8/site-packages/airflow/example_dags/example_python_operator.py for tasks to queue
[2023-11-26T00:48:08.679+0000] {logging_mixin.py:154} INFO - [2023-11-26T00:48:08.678+0000] {dagbag.py:536} INFO - Filling up the DagBag from /home/airflow/.local/lib/python3.8/site-packages/airflow/example_dags/example_python_operator.py
[2023-11-26T00:48:08.696+0000] {processor.py:839} INFO - DAG(s) dict_keys(['example_python_operator']) retrieved from /home/airflow/.local/lib/python3.8/site-packages/airflow/example_dags/example_python_operator.py
[2023-11-26T00:48:08.745+0000] {logging_mixin.py:154} INFO - [2023-11-26T00:48:08.745+0000] {dag.py:2941} INFO - Sync 1 DAGs
[2023-11-26T00:48:08.769+0000] {logging_mixin.py:154} INFO - [2023-11-26T00:48:08.769+0000] {dag.py:3722} INFO - Setting next_dagrun for example_python_operator to None, run_after=None
[2023-11-26T00:48:08.827+0000] {processor.py:179} INFO - Processing /home/airflow/.local/lib/python3.8/site-packages/airflow/example_dags/example_python_operator.py took 0.162 seconds
[2023-11-26T00:48:39.430+0000] {processor.py:157} INFO - Started process (PID=3287) to work on /home/airflow/.local/lib/python3.8/site-packages/airflow/example_dags/example_python_operator.py
[2023-11-26T00:48:39.434+0000] {processor.py:829} INFO - Processing file /home/airflow/.local/lib/python3.8/site-packages/airflow/example_dags/example_python_operator.py for tasks to queue
[2023-11-26T00:48:39.441+0000] {logging_mixin.py:154} INFO - [2023-11-26T00:48:39.441+0000] {dagbag.py:536} INFO - Filling up the DagBag from /home/airflow/.local/lib/python3.8/site-packages/airflow/example_dags/example_python_operator.py
[2023-11-26T00:48:39.469+0000] {processor.py:839} INFO - DAG(s) dict_keys(['example_python_operator']) retrieved from /home/airflow/.local/lib/python3.8/site-packages/airflow/example_dags/example_python_operator.py
[2023-11-26T00:48:39.544+0000] {logging_mixin.py:154} INFO - [2023-11-26T00:48:39.543+0000] {dag.py:2941} INFO - Sync 1 DAGs
[2023-11-26T00:48:39.566+0000] {logging_mixin.py:154} INFO - [2023-11-26T00:48:39.566+0000] {dag.py:3722} INFO - Setting next_dagrun for example_python_operator to None, run_after=None
[2023-11-26T00:48:39.640+0000] {processor.py:179} INFO - Processing /home/airflow/.local/lib/python3.8/site-packages/airflow/example_dags/example_python_operator.py took 0.214 seconds
[2023-11-26T00:49:09.723+0000] {processor.py:157} INFO - Started process (PID=3341) to work on /home/airflow/.local/lib/python3.8/site-packages/airflow/example_dags/example_python_operator.py
[2023-11-26T00:49:09.725+0000] {processor.py:829} INFO - Processing file /home/airflow/.local/lib/python3.8/site-packages/airflow/example_dags/example_python_operator.py for tasks to queue
[2023-11-26T00:49:09.730+0000] {logging_mixin.py:154} INFO - [2023-11-26T00:49:09.730+0000] {dagbag.py:536} INFO - Filling up the DagBag from /home/airflow/.local/lib/python3.8/site-packages/airflow/example_dags/example_python_operator.py
[2023-11-26T00:49:09.745+0000] {processor.py:839} INFO - DAG(s) dict_keys(['example_python_operator']) retrieved from /home/airflow/.local/lib/python3.8/site-packages/airflow/example_dags/example_python_operator.py
[2023-11-26T00:49:09.789+0000] {logging_mixin.py:154} INFO - [2023-11-26T00:49:09.788+0000] {dag.py:2941} INFO - Sync 1 DAGs
[2023-11-26T00:49:09.809+0000] {logging_mixin.py:154} INFO - [2023-11-26T00:49:09.809+0000] {dag.py:3722} INFO - Setting next_dagrun for example_python_operator to None, run_after=None
[2023-11-26T00:49:09.851+0000] {processor.py:179} INFO - Processing /home/airflow/.local/lib/python3.8/site-packages/airflow/example_dags/example_python_operator.py took 0.132 seconds
[2023-11-26T00:49:40.534+0000] {processor.py:157} INFO - Started process (PID=3395) to work on /home/airflow/.local/lib/python3.8/site-packages/airflow/example_dags/example_python_operator.py
[2023-11-26T00:49:40.538+0000] {processor.py:829} INFO - Processing file /home/airflow/.local/lib/python3.8/site-packages/airflow/example_dags/example_python_operator.py for tasks to queue
[2023-11-26T00:49:40.544+0000] {logging_mixin.py:154} INFO - [2023-11-26T00:49:40.543+0000] {dagbag.py:536} INFO - Filling up the DagBag from /home/airflow/.local/lib/python3.8/site-packages/airflow/example_dags/example_python_operator.py
[2023-11-26T00:49:40.570+0000] {processor.py:839} INFO - DAG(s) dict_keys(['example_python_operator']) retrieved from /home/airflow/.local/lib/python3.8/site-packages/airflow/example_dags/example_python_operator.py
[2023-11-26T00:49:40.634+0000] {logging_mixin.py:154} INFO - [2023-11-26T00:49:40.634+0000] {dag.py:2941} INFO - Sync 1 DAGs
[2023-11-26T00:49:40.675+0000] {logging_mixin.py:154} INFO - [2023-11-26T00:49:40.675+0000] {dag.py:3722} INFO - Setting next_dagrun for example_python_operator to None, run_after=None
[2023-11-26T00:49:40.725+0000] {processor.py:179} INFO - Processing /home/airflow/.local/lib/python3.8/site-packages/airflow/example_dags/example_python_operator.py took 0.196 seconds
[2023-11-26T00:50:11.475+0000] {processor.py:157} INFO - Started process (PID=3448) to work on /home/airflow/.local/lib/python3.8/site-packages/airflow/example_dags/example_python_operator.py
[2023-11-26T00:50:11.477+0000] {processor.py:829} INFO - Processing file /home/airflow/.local/lib/python3.8/site-packages/airflow/example_dags/example_python_operator.py for tasks to queue
[2023-11-26T00:50:11.481+0000] {logging_mixin.py:154} INFO - [2023-11-26T00:50:11.480+0000] {dagbag.py:536} INFO - Filling up the DagBag from /home/airflow/.local/lib/python3.8/site-packages/airflow/example_dags/example_python_operator.py
[2023-11-26T00:50:11.494+0000] {processor.py:839} INFO - DAG(s) dict_keys(['example_python_operator']) retrieved from /home/airflow/.local/lib/python3.8/site-packages/airflow/example_dags/example_python_operator.py
[2023-11-26T00:50:11.550+0000] {logging_mixin.py:154} INFO - [2023-11-26T00:50:11.549+0000] {dag.py:2941} INFO - Sync 1 DAGs
[2023-11-26T00:50:11.578+0000] {logging_mixin.py:154} INFO - [2023-11-26T00:50:11.578+0000] {dag.py:3722} INFO - Setting next_dagrun for example_python_operator to None, run_after=None
[2023-11-26T00:50:11.628+0000] {processor.py:179} INFO - Processing /home/airflow/.local/lib/python3.8/site-packages/airflow/example_dags/example_python_operator.py took 0.157 seconds
[2023-11-26T00:50:42.009+0000] {processor.py:157} INFO - Started process (PID=3502) to work on /home/airflow/.local/lib/python3.8/site-packages/airflow/example_dags/example_python_operator.py
[2023-11-26T00:50:42.011+0000] {processor.py:829} INFO - Processing file /home/airflow/.local/lib/python3.8/site-packages/airflow/example_dags/example_python_operator.py for tasks to queue
[2023-11-26T00:50:42.019+0000] {logging_mixin.py:154} INFO - [2023-11-26T00:50:42.018+0000] {dagbag.py:536} INFO - Filling up the DagBag from /home/airflow/.local/lib/python3.8/site-packages/airflow/example_dags/example_python_operator.py
[2023-11-26T00:50:42.037+0000] {processor.py:839} INFO - DAG(s) dict_keys(['example_python_operator']) retrieved from /home/airflow/.local/lib/python3.8/site-packages/airflow/example_dags/example_python_operator.py
[2023-11-26T00:50:42.084+0000] {logging_mixin.py:154} INFO - [2023-11-26T00:50:42.084+0000] {dag.py:2941} INFO - Sync 1 DAGs
[2023-11-26T00:50:42.122+0000] {logging_mixin.py:154} INFO - [2023-11-26T00:50:42.122+0000] {dag.py:3722} INFO - Setting next_dagrun for example_python_operator to None, run_after=None
[2023-11-26T00:50:42.172+0000] {processor.py:179} INFO - Processing /home/airflow/.local/lib/python3.8/site-packages/airflow/example_dags/example_python_operator.py took 0.170 seconds
[2023-11-26T00:51:12.682+0000] {processor.py:157} INFO - Started process (PID=3556) to work on /home/airflow/.local/lib/python3.8/site-packages/airflow/example_dags/example_python_operator.py
[2023-11-26T00:51:12.684+0000] {processor.py:829} INFO - Processing file /home/airflow/.local/lib/python3.8/site-packages/airflow/example_dags/example_python_operator.py for tasks to queue
[2023-11-26T00:51:12.688+0000] {logging_mixin.py:154} INFO - [2023-11-26T00:51:12.688+0000] {dagbag.py:536} INFO - Filling up the DagBag from /home/airflow/.local/lib/python3.8/site-packages/airflow/example_dags/example_python_operator.py
[2023-11-26T00:51:12.705+0000] {processor.py:839} INFO - DAG(s) dict_keys(['example_python_operator']) retrieved from /home/airflow/.local/lib/python3.8/site-packages/airflow/example_dags/example_python_operator.py
[2023-11-26T00:51:12.763+0000] {logging_mixin.py:154} INFO - [2023-11-26T00:51:12.763+0000] {dag.py:2941} INFO - Sync 1 DAGs
[2023-11-26T00:51:12.808+0000] {logging_mixin.py:154} INFO - [2023-11-26T00:51:12.808+0000] {dag.py:3722} INFO - Setting next_dagrun for example_python_operator to None, run_after=None
[2023-11-26T00:51:12.868+0000] {processor.py:179} INFO - Processing /home/airflow/.local/lib/python3.8/site-packages/airflow/example_dags/example_python_operator.py took 0.191 seconds
[2023-11-26T00:51:43.122+0000] {processor.py:157} INFO - Started process (PID=3610) to work on /home/airflow/.local/lib/python3.8/site-packages/airflow/example_dags/example_python_operator.py
[2023-11-26T00:51:43.125+0000] {processor.py:829} INFO - Processing file /home/airflow/.local/lib/python3.8/site-packages/airflow/example_dags/example_python_operator.py for tasks to queue
[2023-11-26T00:51:43.132+0000] {logging_mixin.py:154} INFO - [2023-11-26T00:51:43.131+0000] {dagbag.py:536} INFO - Filling up the DagBag from /home/airflow/.local/lib/python3.8/site-packages/airflow/example_dags/example_python_operator.py
[2023-11-26T00:51:43.146+0000] {processor.py:839} INFO - DAG(s) dict_keys(['example_python_operator']) retrieved from /home/airflow/.local/lib/python3.8/site-packages/airflow/example_dags/example_python_operator.py
[2023-11-26T00:51:43.195+0000] {logging_mixin.py:154} INFO - [2023-11-26T00:51:43.194+0000] {dag.py:2941} INFO - Sync 1 DAGs
[2023-11-26T00:51:43.213+0000] {logging_mixin.py:154} INFO - [2023-11-26T00:51:43.213+0000] {dag.py:3722} INFO - Setting next_dagrun for example_python_operator to None, run_after=None
[2023-11-26T00:51:43.276+0000] {processor.py:179} INFO - Processing /home/airflow/.local/lib/python3.8/site-packages/airflow/example_dags/example_python_operator.py took 0.157 seconds
[2023-11-26T00:52:13.723+0000] {processor.py:157} INFO - Started process (PID=3664) to work on /home/airflow/.local/lib/python3.8/site-packages/airflow/example_dags/example_python_operator.py
[2023-11-26T00:52:13.724+0000] {processor.py:829} INFO - Processing file /home/airflow/.local/lib/python3.8/site-packages/airflow/example_dags/example_python_operator.py for tasks to queue
[2023-11-26T00:52:13.726+0000] {logging_mixin.py:154} INFO - [2023-11-26T00:52:13.726+0000] {dagbag.py:536} INFO - Filling up the DagBag from /home/airflow/.local/lib/python3.8/site-packages/airflow/example_dags/example_python_operator.py
[2023-11-26T00:52:13.735+0000] {processor.py:839} INFO - DAG(s) dict_keys(['example_python_operator']) retrieved from /home/airflow/.local/lib/python3.8/site-packages/airflow/example_dags/example_python_operator.py
[2023-11-26T00:52:13.762+0000] {logging_mixin.py:154} INFO - [2023-11-26T00:52:13.762+0000] {dag.py:2941} INFO - Sync 1 DAGs
[2023-11-26T00:52:13.775+0000] {logging_mixin.py:154} INFO - [2023-11-26T00:52:13.775+0000] {dag.py:3722} INFO - Setting next_dagrun for example_python_operator to None, run_after=None
[2023-11-26T00:52:13.802+0000] {processor.py:179} INFO - Processing /home/airflow/.local/lib/python3.8/site-packages/airflow/example_dags/example_python_operator.py took 0.082 seconds
[2023-11-26T00:52:44.343+0000] {processor.py:157} INFO - Started process (PID=3719) to work on /home/airflow/.local/lib/python3.8/site-packages/airflow/example_dags/example_python_operator.py
[2023-11-26T00:52:44.346+0000] {processor.py:829} INFO - Processing file /home/airflow/.local/lib/python3.8/site-packages/airflow/example_dags/example_python_operator.py for tasks to queue
[2023-11-26T00:52:44.352+0000] {logging_mixin.py:154} INFO - [2023-11-26T00:52:44.352+0000] {dagbag.py:536} INFO - Filling up the DagBag from /home/airflow/.local/lib/python3.8/site-packages/airflow/example_dags/example_python_operator.py
[2023-11-26T00:52:44.377+0000] {processor.py:839} INFO - DAG(s) dict_keys(['example_python_operator']) retrieved from /home/airflow/.local/lib/python3.8/site-packages/airflow/example_dags/example_python_operator.py
[2023-11-26T00:52:44.428+0000] {logging_mixin.py:154} INFO - [2023-11-26T00:52:44.428+0000] {dag.py:2941} INFO - Sync 1 DAGs
[2023-11-26T00:52:44.450+0000] {logging_mixin.py:154} INFO - [2023-11-26T00:52:44.449+0000] {dag.py:3722} INFO - Setting next_dagrun for example_python_operator to None, run_after=None
[2023-11-26T00:52:44.489+0000] {processor.py:179} INFO - Processing /home/airflow/.local/lib/python3.8/site-packages/airflow/example_dags/example_python_operator.py took 0.153 seconds
