[2023-11-26T00:16:00.167+0000] {processor.py:157} INFO - Started process (PID=80) to work on /home/airflow/.local/lib/python3.8/site-packages/airflow/example_dags/example_dag_decorator.py
[2023-11-26T00:16:00.174+0000] {processor.py:829} INFO - Processing file /home/airflow/.local/lib/python3.8/site-packages/airflow/example_dags/example_dag_decorator.py for tasks to queue
[2023-11-26T00:16:00.185+0000] {logging_mixin.py:154} INFO - [2023-11-26T00:16:00.183+0000] {dagbag.py:536} INFO - Filling up the DagBag from /home/airflow/.local/lib/python3.8/site-packages/airflow/example_dags/example_dag_decorator.py
[2023-11-26T00:16:01.472+0000] {processor.py:839} INFO - DAG(s) dict_keys(['example_dag_decorator']) retrieved from /home/airflow/.local/lib/python3.8/site-packages/airflow/example_dags/example_dag_decorator.py
[2023-11-26T00:16:06.150+0000] {logging_mixin.py:154} INFO - [2023-11-26T00:16:06.149+0000] {process_utils.py:259} INFO - Waiting up to 5 seconds for processes to exit...
[2023-11-26T00:16:46.992+0000] {processor.py:157} INFO - Started process (PID=66) to work on /home/airflow/.local/lib/python3.8/site-packages/airflow/example_dags/example_dag_decorator.py
[2023-11-26T00:16:46.996+0000] {processor.py:829} INFO - Processing file /home/airflow/.local/lib/python3.8/site-packages/airflow/example_dags/example_dag_decorator.py for tasks to queue
[2023-11-26T00:16:47.001+0000] {logging_mixin.py:154} INFO - [2023-11-26T00:16:47.000+0000] {dagbag.py:536} INFO - Filling up the DagBag from /home/airflow/.local/lib/python3.8/site-packages/airflow/example_dags/example_dag_decorator.py
[2023-11-26T00:16:47.146+0000] {processor.py:839} INFO - DAG(s) dict_keys(['example_dag_decorator']) retrieved from /home/airflow/.local/lib/python3.8/site-packages/airflow/example_dags/example_dag_decorator.py
[2023-11-26T00:16:47.440+0000] {logging_mixin.py:154} INFO - [2023-11-26T00:16:47.439+0000] {dag.py:2941} INFO - Sync 1 DAGs
[2023-11-26T00:16:47.459+0000] {logging_mixin.py:154} INFO - [2023-11-26T00:16:47.459+0000] {dag.py:3722} INFO - Setting next_dagrun for example_dag_decorator to None, run_after=None
[2023-11-26T00:16:47.525+0000] {processor.py:179} INFO - Processing /home/airflow/.local/lib/python3.8/site-packages/airflow/example_dags/example_dag_decorator.py took 0.539 seconds
[2023-11-26T00:18:09.981+0000] {processor.py:157} INFO - Started process (PID=67) to work on /home/airflow/.local/lib/python3.8/site-packages/airflow/example_dags/example_dag_decorator.py
[2023-11-26T00:18:09.997+0000] {processor.py:829} INFO - Processing file /home/airflow/.local/lib/python3.8/site-packages/airflow/example_dags/example_dag_decorator.py for tasks to queue
[2023-11-26T00:18:10.027+0000] {logging_mixin.py:154} INFO - [2023-11-26T00:18:10.026+0000] {dagbag.py:536} INFO - Filling up the DagBag from /home/airflow/.local/lib/python3.8/site-packages/airflow/example_dags/example_dag_decorator.py
[2023-11-26T00:18:11.182+0000] {processor.py:839} INFO - DAG(s) dict_keys(['example_dag_decorator']) retrieved from /home/airflow/.local/lib/python3.8/site-packages/airflow/example_dags/example_dag_decorator.py
[2023-11-26T00:18:12.960+0000] {logging_mixin.py:154} INFO - [2023-11-26T00:18:12.959+0000] {dag.py:2941} INFO - Sync 1 DAGs
[2023-11-26T00:18:13.088+0000] {logging_mixin.py:154} INFO - [2023-11-26T00:18:13.086+0000] {dag.py:3722} INFO - Setting next_dagrun for example_dag_decorator to None, run_after=None
[2023-11-26T00:18:13.270+0000] {processor.py:179} INFO - Processing /home/airflow/.local/lib/python3.8/site-packages/airflow/example_dags/example_dag_decorator.py took 3.309 seconds
[2023-11-26T00:18:43.964+0000] {processor.py:157} INFO - Started process (PID=124) to work on /home/airflow/.local/lib/python3.8/site-packages/airflow/example_dags/example_dag_decorator.py
[2023-11-26T00:18:43.969+0000] {processor.py:829} INFO - Processing file /home/airflow/.local/lib/python3.8/site-packages/airflow/example_dags/example_dag_decorator.py for tasks to queue
[2023-11-26T00:18:43.982+0000] {logging_mixin.py:154} INFO - [2023-11-26T00:18:43.980+0000] {dagbag.py:536} INFO - Filling up the DagBag from /home/airflow/.local/lib/python3.8/site-packages/airflow/example_dags/example_dag_decorator.py
[2023-11-26T00:18:44.319+0000] {processor.py:839} INFO - DAG(s) dict_keys(['example_dag_decorator']) retrieved from /home/airflow/.local/lib/python3.8/site-packages/airflow/example_dags/example_dag_decorator.py
[2023-11-26T00:18:44.896+0000] {logging_mixin.py:154} INFO - [2023-11-26T00:18:44.894+0000] {dag.py:2941} INFO - Sync 1 DAGs
[2023-11-26T00:18:44.935+0000] {logging_mixin.py:154} INFO - [2023-11-26T00:18:44.935+0000] {dag.py:3722} INFO - Setting next_dagrun for example_dag_decorator to None, run_after=None
[2023-11-26T00:18:45.054+0000] {processor.py:179} INFO - Processing /home/airflow/.local/lib/python3.8/site-packages/airflow/example_dags/example_dag_decorator.py took 1.104 seconds
[2023-11-26T00:19:15.239+0000] {processor.py:157} INFO - Started process (PID=179) to work on /home/airflow/.local/lib/python3.8/site-packages/airflow/example_dags/example_dag_decorator.py
[2023-11-26T00:19:15.243+0000] {processor.py:829} INFO - Processing file /home/airflow/.local/lib/python3.8/site-packages/airflow/example_dags/example_dag_decorator.py for tasks to queue
[2023-11-26T00:19:15.259+0000] {logging_mixin.py:154} INFO - [2023-11-26T00:19:15.256+0000] {dagbag.py:536} INFO - Filling up the DagBag from /home/airflow/.local/lib/python3.8/site-packages/airflow/example_dags/example_dag_decorator.py
[2023-11-26T00:19:15.465+0000] {processor.py:839} INFO - DAG(s) dict_keys(['example_dag_decorator']) retrieved from /home/airflow/.local/lib/python3.8/site-packages/airflow/example_dags/example_dag_decorator.py
[2023-11-26T00:19:15.524+0000] {logging_mixin.py:154} INFO - [2023-11-26T00:19:15.524+0000] {dag.py:2941} INFO - Sync 1 DAGs
[2023-11-26T00:19:15.573+0000] {logging_mixin.py:154} INFO - [2023-11-26T00:19:15.571+0000] {dag.py:3722} INFO - Setting next_dagrun for example_dag_decorator to None, run_after=None
[2023-11-26T00:19:15.660+0000] {processor.py:179} INFO - Processing /home/airflow/.local/lib/python3.8/site-packages/airflow/example_dags/example_dag_decorator.py took 0.427 seconds
[2023-11-26T00:19:46.081+0000] {processor.py:157} INFO - Started process (PID=232) to work on /home/airflow/.local/lib/python3.8/site-packages/airflow/example_dags/example_dag_decorator.py
[2023-11-26T00:19:46.086+0000] {processor.py:829} INFO - Processing file /home/airflow/.local/lib/python3.8/site-packages/airflow/example_dags/example_dag_decorator.py for tasks to queue
[2023-11-26T00:19:46.112+0000] {logging_mixin.py:154} INFO - [2023-11-26T00:19:46.103+0000] {dagbag.py:536} INFO - Filling up the DagBag from /home/airflow/.local/lib/python3.8/site-packages/airflow/example_dags/example_dag_decorator.py
[2023-11-26T00:19:46.854+0000] {processor.py:839} INFO - DAG(s) dict_keys(['example_dag_decorator']) retrieved from /home/airflow/.local/lib/python3.8/site-packages/airflow/example_dags/example_dag_decorator.py
[2023-11-26T00:19:47.559+0000] {logging_mixin.py:154} INFO - [2023-11-26T00:19:47.559+0000] {dag.py:2941} INFO - Sync 1 DAGs
[2023-11-26T00:19:47.592+0000] {logging_mixin.py:154} INFO - [2023-11-26T00:19:47.591+0000] {dag.py:3722} INFO - Setting next_dagrun for example_dag_decorator to None, run_after=None
[2023-11-26T00:19:47.674+0000] {processor.py:179} INFO - Processing /home/airflow/.local/lib/python3.8/site-packages/airflow/example_dags/example_dag_decorator.py took 1.610 seconds
[2023-11-26T00:20:18.133+0000] {processor.py:157} INFO - Started process (PID=288) to work on /home/airflow/.local/lib/python3.8/site-packages/airflow/example_dags/example_dag_decorator.py
[2023-11-26T00:20:18.139+0000] {processor.py:829} INFO - Processing file /home/airflow/.local/lib/python3.8/site-packages/airflow/example_dags/example_dag_decorator.py for tasks to queue
[2023-11-26T00:20:18.154+0000] {logging_mixin.py:154} INFO - [2023-11-26T00:20:18.152+0000] {dagbag.py:536} INFO - Filling up the DagBag from /home/airflow/.local/lib/python3.8/site-packages/airflow/example_dags/example_dag_decorator.py
[2023-11-26T00:20:18.683+0000] {processor.py:839} INFO - DAG(s) dict_keys(['example_dag_decorator']) retrieved from /home/airflow/.local/lib/python3.8/site-packages/airflow/example_dags/example_dag_decorator.py
[2023-11-26T00:20:19.497+0000] {logging_mixin.py:154} INFO - [2023-11-26T00:20:19.496+0000] {dag.py:2941} INFO - Sync 1 DAGs
[2023-11-26T00:20:19.574+0000] {logging_mixin.py:154} INFO - [2023-11-26T00:20:19.573+0000] {dag.py:3722} INFO - Setting next_dagrun for example_dag_decorator to None, run_after=None
[2023-11-26T00:20:19.698+0000] {processor.py:179} INFO - Processing /home/airflow/.local/lib/python3.8/site-packages/airflow/example_dags/example_dag_decorator.py took 1.580 seconds
[2023-11-26T00:20:50.315+0000] {processor.py:157} INFO - Started process (PID=343) to work on /home/airflow/.local/lib/python3.8/site-packages/airflow/example_dags/example_dag_decorator.py
[2023-11-26T00:20:50.318+0000] {processor.py:829} INFO - Processing file /home/airflow/.local/lib/python3.8/site-packages/airflow/example_dags/example_dag_decorator.py for tasks to queue
[2023-11-26T00:20:50.324+0000] {logging_mixin.py:154} INFO - [2023-11-26T00:20:50.323+0000] {dagbag.py:536} INFO - Filling up the DagBag from /home/airflow/.local/lib/python3.8/site-packages/airflow/example_dags/example_dag_decorator.py
[2023-11-26T00:20:50.566+0000] {processor.py:839} INFO - DAG(s) dict_keys(['example_dag_decorator']) retrieved from /home/airflow/.local/lib/python3.8/site-packages/airflow/example_dags/example_dag_decorator.py
[2023-11-26T00:20:50.907+0000] {logging_mixin.py:154} INFO - [2023-11-26T00:20:50.907+0000] {dag.py:2941} INFO - Sync 1 DAGs
[2023-11-26T00:20:50.957+0000] {logging_mixin.py:154} INFO - [2023-11-26T00:20:50.955+0000] {dag.py:3722} INFO - Setting next_dagrun for example_dag_decorator to None, run_after=None
[2023-11-26T00:20:51.049+0000] {processor.py:179} INFO - Processing /home/airflow/.local/lib/python3.8/site-packages/airflow/example_dags/example_dag_decorator.py took 0.739 seconds
[2023-11-26T00:21:21.192+0000] {processor.py:157} INFO - Started process (PID=397) to work on /home/airflow/.local/lib/python3.8/site-packages/airflow/example_dags/example_dag_decorator.py
[2023-11-26T00:21:21.197+0000] {processor.py:829} INFO - Processing file /home/airflow/.local/lib/python3.8/site-packages/airflow/example_dags/example_dag_decorator.py for tasks to queue
[2023-11-26T00:21:21.204+0000] {logging_mixin.py:154} INFO - [2023-11-26T00:21:21.203+0000] {dagbag.py:536} INFO - Filling up the DagBag from /home/airflow/.local/lib/python3.8/site-packages/airflow/example_dags/example_dag_decorator.py
[2023-11-26T00:21:21.434+0000] {processor.py:839} INFO - DAG(s) dict_keys(['example_dag_decorator']) retrieved from /home/airflow/.local/lib/python3.8/site-packages/airflow/example_dags/example_dag_decorator.py
[2023-11-26T00:21:21.778+0000] {logging_mixin.py:154} INFO - [2023-11-26T00:21:21.777+0000] {dag.py:2941} INFO - Sync 1 DAGs
[2023-11-26T00:21:21.811+0000] {logging_mixin.py:154} INFO - [2023-11-26T00:21:21.811+0000] {dag.py:3722} INFO - Setting next_dagrun for example_dag_decorator to None, run_after=None
[2023-11-26T00:21:21.905+0000] {processor.py:179} INFO - Processing /home/airflow/.local/lib/python3.8/site-packages/airflow/example_dags/example_dag_decorator.py took 0.720 seconds
[2023-11-26T00:21:52.966+0000] {processor.py:157} INFO - Started process (PID=451) to work on /home/airflow/.local/lib/python3.8/site-packages/airflow/example_dags/example_dag_decorator.py
[2023-11-26T00:21:52.990+0000] {processor.py:829} INFO - Processing file /home/airflow/.local/lib/python3.8/site-packages/airflow/example_dags/example_dag_decorator.py for tasks to queue
[2023-11-26T00:21:53.011+0000] {logging_mixin.py:154} INFO - [2023-11-26T00:21:53.002+0000] {dagbag.py:536} INFO - Filling up the DagBag from /home/airflow/.local/lib/python3.8/site-packages/airflow/example_dags/example_dag_decorator.py
[2023-11-26T00:21:54.987+0000] {processor.py:839} INFO - DAG(s) dict_keys(['example_dag_decorator']) retrieved from /home/airflow/.local/lib/python3.8/site-packages/airflow/example_dags/example_dag_decorator.py
[2023-11-26T00:21:56.276+0000] {logging_mixin.py:154} INFO - [2023-11-26T00:21:56.266+0000] {dag.py:2941} INFO - Sync 1 DAGs
[2023-11-26T00:21:56.393+0000] {logging_mixin.py:154} INFO - [2023-11-26T00:21:56.392+0000] {dag.py:3722} INFO - Setting next_dagrun for example_dag_decorator to None, run_after=None
[2023-11-26T00:21:56.584+0000] {processor.py:179} INFO - Processing /home/airflow/.local/lib/python3.8/site-packages/airflow/example_dags/example_dag_decorator.py took 3.636 seconds
[2023-11-26T00:22:27.581+0000] {processor.py:157} INFO - Started process (PID=512) to work on /home/airflow/.local/lib/python3.8/site-packages/airflow/example_dags/example_dag_decorator.py
[2023-11-26T00:22:27.593+0000] {processor.py:829} INFO - Processing file /home/airflow/.local/lib/python3.8/site-packages/airflow/example_dags/example_dag_decorator.py for tasks to queue
[2023-11-26T00:22:27.612+0000] {logging_mixin.py:154} INFO - [2023-11-26T00:22:27.610+0000] {dagbag.py:536} INFO - Filling up the DagBag from /home/airflow/.local/lib/python3.8/site-packages/airflow/example_dags/example_dag_decorator.py
[2023-11-26T00:22:28.062+0000] {processor.py:839} INFO - DAG(s) dict_keys(['example_dag_decorator']) retrieved from /home/airflow/.local/lib/python3.8/site-packages/airflow/example_dags/example_dag_decorator.py
[2023-11-26T00:22:29.326+0000] {logging_mixin.py:154} INFO - [2023-11-26T00:22:29.325+0000] {dag.py:2941} INFO - Sync 1 DAGs
[2023-11-26T00:22:29.472+0000] {logging_mixin.py:154} INFO - [2023-11-26T00:22:29.471+0000] {dag.py:3722} INFO - Setting next_dagrun for example_dag_decorator to None, run_after=None
[2023-11-26T00:22:29.702+0000] {processor.py:179} INFO - Processing /home/airflow/.local/lib/python3.8/site-packages/airflow/example_dags/example_dag_decorator.py took 2.139 seconds
[2023-11-26T00:22:59.993+0000] {processor.py:157} INFO - Started process (PID=569) to work on /home/airflow/.local/lib/python3.8/site-packages/airflow/example_dags/example_dag_decorator.py
[2023-11-26T00:23:00.025+0000] {processor.py:829} INFO - Processing file /home/airflow/.local/lib/python3.8/site-packages/airflow/example_dags/example_dag_decorator.py for tasks to queue
[2023-11-26T00:23:00.049+0000] {logging_mixin.py:154} INFO - [2023-11-26T00:23:00.048+0000] {dagbag.py:536} INFO - Filling up the DagBag from /home/airflow/.local/lib/python3.8/site-packages/airflow/example_dags/example_dag_decorator.py
[2023-11-26T00:23:00.337+0000] {processor.py:839} INFO - DAG(s) dict_keys(['example_dag_decorator']) retrieved from /home/airflow/.local/lib/python3.8/site-packages/airflow/example_dags/example_dag_decorator.py
[2023-11-26T00:23:00.833+0000] {logging_mixin.py:154} INFO - [2023-11-26T00:23:00.833+0000] {dag.py:2941} INFO - Sync 1 DAGs
[2023-11-26T00:23:00.886+0000] {logging_mixin.py:154} INFO - [2023-11-26T00:23:00.885+0000] {dag.py:3722} INFO - Setting next_dagrun for example_dag_decorator to None, run_after=None
[2023-11-26T00:23:01.017+0000] {processor.py:179} INFO - Processing /home/airflow/.local/lib/python3.8/site-packages/airflow/example_dags/example_dag_decorator.py took 1.033 seconds
[2023-11-26T00:23:31.403+0000] {processor.py:157} INFO - Started process (PID=623) to work on /home/airflow/.local/lib/python3.8/site-packages/airflow/example_dags/example_dag_decorator.py
[2023-11-26T00:23:31.406+0000] {processor.py:829} INFO - Processing file /home/airflow/.local/lib/python3.8/site-packages/airflow/example_dags/example_dag_decorator.py for tasks to queue
[2023-11-26T00:23:31.415+0000] {logging_mixin.py:154} INFO - [2023-11-26T00:23:31.414+0000] {dagbag.py:536} INFO - Filling up the DagBag from /home/airflow/.local/lib/python3.8/site-packages/airflow/example_dags/example_dag_decorator.py
[2023-11-26T00:23:31.542+0000] {processor.py:839} INFO - DAG(s) dict_keys(['example_dag_decorator']) retrieved from /home/airflow/.local/lib/python3.8/site-packages/airflow/example_dags/example_dag_decorator.py
[2023-11-26T00:23:31.756+0000] {logging_mixin.py:154} INFO - [2023-11-26T00:23:31.755+0000] {dag.py:2941} INFO - Sync 1 DAGs
[2023-11-26T00:23:31.781+0000] {logging_mixin.py:154} INFO - [2023-11-26T00:23:31.780+0000] {dag.py:3722} INFO - Setting next_dagrun for example_dag_decorator to None, run_after=None
[2023-11-26T00:23:32.138+0000] {processor.py:179} INFO - Processing /home/airflow/.local/lib/python3.8/site-packages/airflow/example_dags/example_dag_decorator.py took 0.742 seconds
[2023-11-26T00:24:02.794+0000] {processor.py:157} INFO - Started process (PID=678) to work on /home/airflow/.local/lib/python3.8/site-packages/airflow/example_dags/example_dag_decorator.py
[2023-11-26T00:24:02.796+0000] {processor.py:829} INFO - Processing file /home/airflow/.local/lib/python3.8/site-packages/airflow/example_dags/example_dag_decorator.py for tasks to queue
[2023-11-26T00:24:02.805+0000] {logging_mixin.py:154} INFO - [2023-11-26T00:24:02.802+0000] {dagbag.py:536} INFO - Filling up the DagBag from /home/airflow/.local/lib/python3.8/site-packages/airflow/example_dags/example_dag_decorator.py
[2023-11-26T00:24:03.044+0000] {processor.py:839} INFO - DAG(s) dict_keys(['example_dag_decorator']) retrieved from /home/airflow/.local/lib/python3.8/site-packages/airflow/example_dags/example_dag_decorator.py
[2023-11-26T00:24:03.297+0000] {logging_mixin.py:154} INFO - [2023-11-26T00:24:03.295+0000] {dag.py:2941} INFO - Sync 1 DAGs
[2023-11-26T00:24:03.321+0000] {logging_mixin.py:154} INFO - [2023-11-26T00:24:03.321+0000] {dag.py:3722} INFO - Setting next_dagrun for example_dag_decorator to None, run_after=None
[2023-11-26T00:24:03.409+0000] {processor.py:179} INFO - Processing /home/airflow/.local/lib/python3.8/site-packages/airflow/example_dags/example_dag_decorator.py took 0.620 seconds
[2023-11-26T00:24:33.860+0000] {processor.py:157} INFO - Started process (PID=732) to work on /home/airflow/.local/lib/python3.8/site-packages/airflow/example_dags/example_dag_decorator.py
[2023-11-26T00:24:33.862+0000] {processor.py:829} INFO - Processing file /home/airflow/.local/lib/python3.8/site-packages/airflow/example_dags/example_dag_decorator.py for tasks to queue
[2023-11-26T00:24:33.866+0000] {logging_mixin.py:154} INFO - [2023-11-26T00:24:33.865+0000] {dagbag.py:536} INFO - Filling up the DagBag from /home/airflow/.local/lib/python3.8/site-packages/airflow/example_dags/example_dag_decorator.py
[2023-11-26T00:24:33.979+0000] {processor.py:839} INFO - DAG(s) dict_keys(['example_dag_decorator']) retrieved from /home/airflow/.local/lib/python3.8/site-packages/airflow/example_dags/example_dag_decorator.py
[2023-11-26T00:24:34.177+0000] {logging_mixin.py:154} INFO - [2023-11-26T00:24:34.176+0000] {dag.py:2941} INFO - Sync 1 DAGs
[2023-11-26T00:24:34.217+0000] {logging_mixin.py:154} INFO - [2023-11-26T00:24:34.216+0000] {dag.py:3722} INFO - Setting next_dagrun for example_dag_decorator to None, run_after=None
[2023-11-26T00:24:34.328+0000] {processor.py:179} INFO - Processing /home/airflow/.local/lib/python3.8/site-packages/airflow/example_dags/example_dag_decorator.py took 0.473 seconds
[2023-11-26T00:25:04.967+0000] {processor.py:157} INFO - Started process (PID=786) to work on /home/airflow/.local/lib/python3.8/site-packages/airflow/example_dags/example_dag_decorator.py
[2023-11-26T00:25:04.972+0000] {processor.py:829} INFO - Processing file /home/airflow/.local/lib/python3.8/site-packages/airflow/example_dags/example_dag_decorator.py for tasks to queue
[2023-11-26T00:25:04.982+0000] {logging_mixin.py:154} INFO - [2023-11-26T00:25:04.979+0000] {dagbag.py:536} INFO - Filling up the DagBag from /home/airflow/.local/lib/python3.8/site-packages/airflow/example_dags/example_dag_decorator.py
[2023-11-26T00:25:05.239+0000] {processor.py:839} INFO - DAG(s) dict_keys(['example_dag_decorator']) retrieved from /home/airflow/.local/lib/python3.8/site-packages/airflow/example_dags/example_dag_decorator.py
[2023-11-26T00:25:05.301+0000] {logging_mixin.py:154} INFO - [2023-11-26T00:25:05.301+0000] {dag.py:2941} INFO - Sync 1 DAGs
[2023-11-26T00:25:05.327+0000] {logging_mixin.py:154} INFO - [2023-11-26T00:25:05.326+0000] {dag.py:3722} INFO - Setting next_dagrun for example_dag_decorator to None, run_after=None
[2023-11-26T00:25:05.397+0000] {processor.py:179} INFO - Processing /home/airflow/.local/lib/python3.8/site-packages/airflow/example_dags/example_dag_decorator.py took 0.436 seconds
[2023-11-26T00:25:36.306+0000] {processor.py:157} INFO - Started process (PID=840) to work on /home/airflow/.local/lib/python3.8/site-packages/airflow/example_dags/example_dag_decorator.py
[2023-11-26T00:25:36.310+0000] {processor.py:829} INFO - Processing file /home/airflow/.local/lib/python3.8/site-packages/airflow/example_dags/example_dag_decorator.py for tasks to queue
[2023-11-26T00:25:36.325+0000] {logging_mixin.py:154} INFO - [2023-11-26T00:25:36.323+0000] {dagbag.py:536} INFO - Filling up the DagBag from /home/airflow/.local/lib/python3.8/site-packages/airflow/example_dags/example_dag_decorator.py
[2023-11-26T00:25:36.462+0000] {processor.py:839} INFO - DAG(s) dict_keys(['example_dag_decorator']) retrieved from /home/airflow/.local/lib/python3.8/site-packages/airflow/example_dags/example_dag_decorator.py
[2023-11-26T00:25:36.734+0000] {logging_mixin.py:154} INFO - [2023-11-26T00:25:36.732+0000] {dag.py:2941} INFO - Sync 1 DAGs
[2023-11-26T00:25:36.776+0000] {logging_mixin.py:154} INFO - [2023-11-26T00:25:36.775+0000] {dag.py:3722} INFO - Setting next_dagrun for example_dag_decorator to None, run_after=None
[2023-11-26T00:25:36.857+0000] {processor.py:179} INFO - Processing /home/airflow/.local/lib/python3.8/site-packages/airflow/example_dags/example_dag_decorator.py took 0.556 seconds
[2023-11-26T00:26:07.227+0000] {processor.py:157} INFO - Started process (PID=894) to work on /home/airflow/.local/lib/python3.8/site-packages/airflow/example_dags/example_dag_decorator.py
[2023-11-26T00:26:07.229+0000] {processor.py:829} INFO - Processing file /home/airflow/.local/lib/python3.8/site-packages/airflow/example_dags/example_dag_decorator.py for tasks to queue
[2023-11-26T00:26:07.234+0000] {logging_mixin.py:154} INFO - [2023-11-26T00:26:07.233+0000] {dagbag.py:536} INFO - Filling up the DagBag from /home/airflow/.local/lib/python3.8/site-packages/airflow/example_dags/example_dag_decorator.py
[2023-11-26T00:26:07.346+0000] {processor.py:839} INFO - DAG(s) dict_keys(['example_dag_decorator']) retrieved from /home/airflow/.local/lib/python3.8/site-packages/airflow/example_dags/example_dag_decorator.py
[2023-11-26T00:26:07.514+0000] {logging_mixin.py:154} INFO - [2023-11-26T00:26:07.513+0000] {dag.py:2941} INFO - Sync 1 DAGs
[2023-11-26T00:26:07.530+0000] {logging_mixin.py:154} INFO - [2023-11-26T00:26:07.530+0000] {dag.py:3722} INFO - Setting next_dagrun for example_dag_decorator to None, run_after=None
[2023-11-26T00:26:07.571+0000] {processor.py:179} INFO - Processing /home/airflow/.local/lib/python3.8/site-packages/airflow/example_dags/example_dag_decorator.py took 0.350 seconds
[2023-11-26T00:26:37.856+0000] {processor.py:157} INFO - Started process (PID=950) to work on /home/airflow/.local/lib/python3.8/site-packages/airflow/example_dags/example_dag_decorator.py
[2023-11-26T00:26:37.859+0000] {processor.py:829} INFO - Processing file /home/airflow/.local/lib/python3.8/site-packages/airflow/example_dags/example_dag_decorator.py for tasks to queue
[2023-11-26T00:26:37.862+0000] {logging_mixin.py:154} INFO - [2023-11-26T00:26:37.862+0000] {dagbag.py:536} INFO - Filling up the DagBag from /home/airflow/.local/lib/python3.8/site-packages/airflow/example_dags/example_dag_decorator.py
[2023-11-26T00:26:37.961+0000] {processor.py:839} INFO - DAG(s) dict_keys(['example_dag_decorator']) retrieved from /home/airflow/.local/lib/python3.8/site-packages/airflow/example_dags/example_dag_decorator.py
[2023-11-26T00:26:38.112+0000] {logging_mixin.py:154} INFO - [2023-11-26T00:26:38.111+0000] {dag.py:2941} INFO - Sync 1 DAGs
[2023-11-26T00:26:38.130+0000] {logging_mixin.py:154} INFO - [2023-11-26T00:26:38.129+0000] {dag.py:3722} INFO - Setting next_dagrun for example_dag_decorator to None, run_after=None
[2023-11-26T00:26:38.401+0000] {processor.py:179} INFO - Processing /home/airflow/.local/lib/python3.8/site-packages/airflow/example_dags/example_dag_decorator.py took 0.551 seconds
[2023-11-26T00:27:09.261+0000] {processor.py:157} INFO - Started process (PID=1004) to work on /home/airflow/.local/lib/python3.8/site-packages/airflow/example_dags/example_dag_decorator.py
[2023-11-26T00:27:09.264+0000] {processor.py:829} INFO - Processing file /home/airflow/.local/lib/python3.8/site-packages/airflow/example_dags/example_dag_decorator.py for tasks to queue
[2023-11-26T00:27:09.267+0000] {logging_mixin.py:154} INFO - [2023-11-26T00:27:09.267+0000] {dagbag.py:536} INFO - Filling up the DagBag from /home/airflow/.local/lib/python3.8/site-packages/airflow/example_dags/example_dag_decorator.py
[2023-11-26T00:27:09.391+0000] {processor.py:839} INFO - DAG(s) dict_keys(['example_dag_decorator']) retrieved from /home/airflow/.local/lib/python3.8/site-packages/airflow/example_dags/example_dag_decorator.py
[2023-11-26T00:27:09.560+0000] {logging_mixin.py:154} INFO - [2023-11-26T00:27:09.560+0000] {dag.py:2941} INFO - Sync 1 DAGs
[2023-11-26T00:27:09.576+0000] {logging_mixin.py:154} INFO - [2023-11-26T00:27:09.576+0000] {dag.py:3722} INFO - Setting next_dagrun for example_dag_decorator to None, run_after=None
[2023-11-26T00:27:09.614+0000] {processor.py:179} INFO - Processing /home/airflow/.local/lib/python3.8/site-packages/airflow/example_dags/example_dag_decorator.py took 0.359 seconds
[2023-11-26T00:27:40.023+0000] {processor.py:157} INFO - Started process (PID=1058) to work on /home/airflow/.local/lib/python3.8/site-packages/airflow/example_dags/example_dag_decorator.py
[2023-11-26T00:27:40.026+0000] {processor.py:829} INFO - Processing file /home/airflow/.local/lib/python3.8/site-packages/airflow/example_dags/example_dag_decorator.py for tasks to queue
[2023-11-26T00:27:40.033+0000] {logging_mixin.py:154} INFO - [2023-11-26T00:27:40.032+0000] {dagbag.py:536} INFO - Filling up the DagBag from /home/airflow/.local/lib/python3.8/site-packages/airflow/example_dags/example_dag_decorator.py
[2023-11-26T00:27:40.158+0000] {processor.py:839} INFO - DAG(s) dict_keys(['example_dag_decorator']) retrieved from /home/airflow/.local/lib/python3.8/site-packages/airflow/example_dags/example_dag_decorator.py
[2023-11-26T00:27:40.433+0000] {logging_mixin.py:154} INFO - [2023-11-26T00:27:40.432+0000] {dag.py:2941} INFO - Sync 1 DAGs
[2023-11-26T00:27:40.446+0000] {logging_mixin.py:154} INFO - [2023-11-26T00:27:40.445+0000] {dag.py:3722} INFO - Setting next_dagrun for example_dag_decorator to None, run_after=None
[2023-11-26T00:27:40.477+0000] {processor.py:179} INFO - Processing /home/airflow/.local/lib/python3.8/site-packages/airflow/example_dags/example_dag_decorator.py took 0.462 seconds
[2023-11-26T00:28:10.751+0000] {processor.py:157} INFO - Started process (PID=1112) to work on /home/airflow/.local/lib/python3.8/site-packages/airflow/example_dags/example_dag_decorator.py
[2023-11-26T00:28:10.753+0000] {processor.py:829} INFO - Processing file /home/airflow/.local/lib/python3.8/site-packages/airflow/example_dags/example_dag_decorator.py for tasks to queue
[2023-11-26T00:28:10.757+0000] {logging_mixin.py:154} INFO - [2023-11-26T00:28:10.756+0000] {dagbag.py:536} INFO - Filling up the DagBag from /home/airflow/.local/lib/python3.8/site-packages/airflow/example_dags/example_dag_decorator.py
[2023-11-26T00:28:10.894+0000] {processor.py:839} INFO - DAG(s) dict_keys(['example_dag_decorator']) retrieved from /home/airflow/.local/lib/python3.8/site-packages/airflow/example_dags/example_dag_decorator.py
[2023-11-26T00:28:11.018+0000] {logging_mixin.py:154} INFO - [2023-11-26T00:28:11.017+0000] {dag.py:2941} INFO - Sync 1 DAGs
[2023-11-26T00:28:11.160+0000] {logging_mixin.py:154} INFO - [2023-11-26T00:28:11.159+0000] {dag.py:3722} INFO - Setting next_dagrun for example_dag_decorator to None, run_after=None
[2023-11-26T00:28:11.186+0000] {processor.py:179} INFO - Processing /home/airflow/.local/lib/python3.8/site-packages/airflow/example_dags/example_dag_decorator.py took 0.442 seconds
[2023-11-26T00:28:41.345+0000] {processor.py:157} INFO - Started process (PID=1167) to work on /home/airflow/.local/lib/python3.8/site-packages/airflow/example_dags/example_dag_decorator.py
[2023-11-26T00:28:41.347+0000] {processor.py:829} INFO - Processing file /home/airflow/.local/lib/python3.8/site-packages/airflow/example_dags/example_dag_decorator.py for tasks to queue
[2023-11-26T00:28:41.351+0000] {logging_mixin.py:154} INFO - [2023-11-26T00:28:41.350+0000] {dagbag.py:536} INFO - Filling up the DagBag from /home/airflow/.local/lib/python3.8/site-packages/airflow/example_dags/example_dag_decorator.py
[2023-11-26T00:28:41.454+0000] {processor.py:839} INFO - DAG(s) dict_keys(['example_dag_decorator']) retrieved from /home/airflow/.local/lib/python3.8/site-packages/airflow/example_dags/example_dag_decorator.py
[2023-11-26T00:28:41.595+0000] {logging_mixin.py:154} INFO - [2023-11-26T00:28:41.595+0000] {dag.py:2941} INFO - Sync 1 DAGs
[2023-11-26T00:28:41.612+0000] {logging_mixin.py:154} INFO - [2023-11-26T00:28:41.611+0000] {dag.py:3722} INFO - Setting next_dagrun for example_dag_decorator to None, run_after=None
[2023-11-26T00:28:41.655+0000] {processor.py:179} INFO - Processing /home/airflow/.local/lib/python3.8/site-packages/airflow/example_dags/example_dag_decorator.py took 0.314 seconds
[2023-11-26T00:29:11.830+0000] {processor.py:157} INFO - Started process (PID=1222) to work on /home/airflow/.local/lib/python3.8/site-packages/airflow/example_dags/example_dag_decorator.py
[2023-11-26T00:29:11.834+0000] {processor.py:829} INFO - Processing file /home/airflow/.local/lib/python3.8/site-packages/airflow/example_dags/example_dag_decorator.py for tasks to queue
[2023-11-26T00:29:11.841+0000] {logging_mixin.py:154} INFO - [2023-11-26T00:29:11.841+0000] {dagbag.py:536} INFO - Filling up the DagBag from /home/airflow/.local/lib/python3.8/site-packages/airflow/example_dags/example_dag_decorator.py
[2023-11-26T00:29:11.941+0000] {processor.py:839} INFO - DAG(s) dict_keys(['example_dag_decorator']) retrieved from /home/airflow/.local/lib/python3.8/site-packages/airflow/example_dags/example_dag_decorator.py
[2023-11-26T00:29:12.232+0000] {logging_mixin.py:154} INFO - [2023-11-26T00:29:12.232+0000] {dag.py:2941} INFO - Sync 1 DAGs
[2023-11-26T00:29:12.251+0000] {logging_mixin.py:154} INFO - [2023-11-26T00:29:12.251+0000] {dag.py:3722} INFO - Setting next_dagrun for example_dag_decorator to None, run_after=None
[2023-11-26T00:29:12.299+0000] {processor.py:179} INFO - Processing /home/airflow/.local/lib/python3.8/site-packages/airflow/example_dags/example_dag_decorator.py took 0.481 seconds
[2023-11-26T00:29:43.315+0000] {processor.py:157} INFO - Started process (PID=1277) to work on /home/airflow/.local/lib/python3.8/site-packages/airflow/example_dags/example_dag_decorator.py
[2023-11-26T00:29:43.318+0000] {processor.py:829} INFO - Processing file /home/airflow/.local/lib/python3.8/site-packages/airflow/example_dags/example_dag_decorator.py for tasks to queue
[2023-11-26T00:29:43.323+0000] {logging_mixin.py:154} INFO - [2023-11-26T00:29:43.322+0000] {dagbag.py:536} INFO - Filling up the DagBag from /home/airflow/.local/lib/python3.8/site-packages/airflow/example_dags/example_dag_decorator.py
[2023-11-26T00:29:43.462+0000] {processor.py:839} INFO - DAG(s) dict_keys(['example_dag_decorator']) retrieved from /home/airflow/.local/lib/python3.8/site-packages/airflow/example_dags/example_dag_decorator.py
[2023-11-26T00:29:43.710+0000] {logging_mixin.py:154} INFO - [2023-11-26T00:29:43.710+0000] {dag.py:2941} INFO - Sync 1 DAGs
[2023-11-26T00:29:43.741+0000] {logging_mixin.py:154} INFO - [2023-11-26T00:29:43.741+0000] {dag.py:3722} INFO - Setting next_dagrun for example_dag_decorator to None, run_after=None
[2023-11-26T00:29:44.033+0000] {processor.py:179} INFO - Processing /home/airflow/.local/lib/python3.8/site-packages/airflow/example_dags/example_dag_decorator.py took 0.723 seconds
[2023-11-26T00:30:14.933+0000] {processor.py:157} INFO - Started process (PID=1331) to work on /home/airflow/.local/lib/python3.8/site-packages/airflow/example_dags/example_dag_decorator.py
[2023-11-26T00:30:14.936+0000] {processor.py:829} INFO - Processing file /home/airflow/.local/lib/python3.8/site-packages/airflow/example_dags/example_dag_decorator.py for tasks to queue
[2023-11-26T00:30:14.942+0000] {logging_mixin.py:154} INFO - [2023-11-26T00:30:14.941+0000] {dagbag.py:536} INFO - Filling up the DagBag from /home/airflow/.local/lib/python3.8/site-packages/airflow/example_dags/example_dag_decorator.py
[2023-11-26T00:30:15.071+0000] {processor.py:839} INFO - DAG(s) dict_keys(['example_dag_decorator']) retrieved from /home/airflow/.local/lib/python3.8/site-packages/airflow/example_dags/example_dag_decorator.py
[2023-11-26T00:30:15.343+0000] {logging_mixin.py:154} INFO - [2023-11-26T00:30:15.342+0000] {dag.py:2941} INFO - Sync 1 DAGs
[2023-11-26T00:30:15.363+0000] {logging_mixin.py:154} INFO - [2023-11-26T00:30:15.363+0000] {dag.py:3722} INFO - Setting next_dagrun for example_dag_decorator to None, run_after=None
[2023-11-26T00:30:15.415+0000] {processor.py:179} INFO - Processing /home/airflow/.local/lib/python3.8/site-packages/airflow/example_dags/example_dag_decorator.py took 0.490 seconds
[2023-11-26T00:30:46.242+0000] {processor.py:157} INFO - Started process (PID=1385) to work on /home/airflow/.local/lib/python3.8/site-packages/airflow/example_dags/example_dag_decorator.py
[2023-11-26T00:30:46.246+0000] {processor.py:829} INFO - Processing file /home/airflow/.local/lib/python3.8/site-packages/airflow/example_dags/example_dag_decorator.py for tasks to queue
[2023-11-26T00:30:46.255+0000] {logging_mixin.py:154} INFO - [2023-11-26T00:30:46.254+0000] {dagbag.py:536} INFO - Filling up the DagBag from /home/airflow/.local/lib/python3.8/site-packages/airflow/example_dags/example_dag_decorator.py
[2023-11-26T00:30:46.359+0000] {processor.py:839} INFO - DAG(s) dict_keys(['example_dag_decorator']) retrieved from /home/airflow/.local/lib/python3.8/site-packages/airflow/example_dags/example_dag_decorator.py
[2023-11-26T00:30:46.524+0000] {logging_mixin.py:154} INFO - [2023-11-26T00:30:46.524+0000] {dag.py:2941} INFO - Sync 1 DAGs
[2023-11-26T00:30:46.693+0000] {logging_mixin.py:154} INFO - [2023-11-26T00:30:46.692+0000] {dag.py:3722} INFO - Setting next_dagrun for example_dag_decorator to None, run_after=None
[2023-11-26T00:30:46.719+0000] {processor.py:179} INFO - Processing /home/airflow/.local/lib/python3.8/site-packages/airflow/example_dags/example_dag_decorator.py took 0.487 seconds
[2023-11-26T00:31:16.825+0000] {processor.py:157} INFO - Started process (PID=1441) to work on /home/airflow/.local/lib/python3.8/site-packages/airflow/example_dags/example_dag_decorator.py
[2023-11-26T00:31:16.826+0000] {processor.py:829} INFO - Processing file /home/airflow/.local/lib/python3.8/site-packages/airflow/example_dags/example_dag_decorator.py for tasks to queue
[2023-11-26T00:31:16.829+0000] {logging_mixin.py:154} INFO - [2023-11-26T00:31:16.829+0000] {dagbag.py:536} INFO - Filling up the DagBag from /home/airflow/.local/lib/python3.8/site-packages/airflow/example_dags/example_dag_decorator.py
[2023-11-26T00:31:16.886+0000] {processor.py:839} INFO - DAG(s) dict_keys(['example_dag_decorator']) retrieved from /home/airflow/.local/lib/python3.8/site-packages/airflow/example_dags/example_dag_decorator.py
[2023-11-26T00:31:16.971+0000] {logging_mixin.py:154} INFO - [2023-11-26T00:31:16.970+0000] {dag.py:2941} INFO - Sync 1 DAGs
[2023-11-26T00:31:16.980+0000] {logging_mixin.py:154} INFO - [2023-11-26T00:31:16.980+0000] {dag.py:3722} INFO - Setting next_dagrun for example_dag_decorator to None, run_after=None
[2023-11-26T00:31:17.002+0000] {processor.py:179} INFO - Processing /home/airflow/.local/lib/python3.8/site-packages/airflow/example_dags/example_dag_decorator.py took 0.179 seconds
[2023-11-26T00:31:47.108+0000] {processor.py:157} INFO - Started process (PID=1493) to work on /home/airflow/.local/lib/python3.8/site-packages/airflow/example_dags/example_dag_decorator.py
[2023-11-26T00:31:47.110+0000] {processor.py:829} INFO - Processing file /home/airflow/.local/lib/python3.8/site-packages/airflow/example_dags/example_dag_decorator.py for tasks to queue
[2023-11-26T00:31:47.115+0000] {logging_mixin.py:154} INFO - [2023-11-26T00:31:47.115+0000] {dagbag.py:536} INFO - Filling up the DagBag from /home/airflow/.local/lib/python3.8/site-packages/airflow/example_dags/example_dag_decorator.py
[2023-11-26T00:31:47.209+0000] {processor.py:839} INFO - DAG(s) dict_keys(['example_dag_decorator']) retrieved from /home/airflow/.local/lib/python3.8/site-packages/airflow/example_dags/example_dag_decorator.py
[2023-11-26T00:31:47.524+0000] {logging_mixin.py:154} INFO - [2023-11-26T00:31:47.524+0000] {dag.py:2941} INFO - Sync 1 DAGs
[2023-11-26T00:31:47.537+0000] {logging_mixin.py:154} INFO - [2023-11-26T00:31:47.536+0000] {dag.py:3722} INFO - Setting next_dagrun for example_dag_decorator to None, run_after=None
[2023-11-26T00:31:47.574+0000] {processor.py:179} INFO - Processing /home/airflow/.local/lib/python3.8/site-packages/airflow/example_dags/example_dag_decorator.py took 0.472 seconds
[2023-11-26T00:32:18.626+0000] {processor.py:157} INFO - Started process (PID=1549) to work on /home/airflow/.local/lib/python3.8/site-packages/airflow/example_dags/example_dag_decorator.py
[2023-11-26T00:32:18.629+0000] {processor.py:829} INFO - Processing file /home/airflow/.local/lib/python3.8/site-packages/airflow/example_dags/example_dag_decorator.py for tasks to queue
[2023-11-26T00:32:18.632+0000] {logging_mixin.py:154} INFO - [2023-11-26T00:32:18.632+0000] {dagbag.py:536} INFO - Filling up the DagBag from /home/airflow/.local/lib/python3.8/site-packages/airflow/example_dags/example_dag_decorator.py
[2023-11-26T00:32:18.761+0000] {processor.py:839} INFO - DAG(s) dict_keys(['example_dag_decorator']) retrieved from /home/airflow/.local/lib/python3.8/site-packages/airflow/example_dags/example_dag_decorator.py
[2023-11-26T00:32:18.794+0000] {logging_mixin.py:154} INFO - [2023-11-26T00:32:18.794+0000] {dag.py:2941} INFO - Sync 1 DAGs
[2023-11-26T00:32:18.813+0000] {logging_mixin.py:154} INFO - [2023-11-26T00:32:18.812+0000] {dag.py:3722} INFO - Setting next_dagrun for example_dag_decorator to None, run_after=None
[2023-11-26T00:32:18.845+0000] {processor.py:179} INFO - Processing /home/airflow/.local/lib/python3.8/site-packages/airflow/example_dags/example_dag_decorator.py took 0.225 seconds
[2023-11-26T00:32:49.646+0000] {processor.py:157} INFO - Started process (PID=1604) to work on /home/airflow/.local/lib/python3.8/site-packages/airflow/example_dags/example_dag_decorator.py
[2023-11-26T00:32:49.648+0000] {processor.py:829} INFO - Processing file /home/airflow/.local/lib/python3.8/site-packages/airflow/example_dags/example_dag_decorator.py for tasks to queue
[2023-11-26T00:32:49.651+0000] {logging_mixin.py:154} INFO - [2023-11-26T00:32:49.651+0000] {dagbag.py:536} INFO - Filling up the DagBag from /home/airflow/.local/lib/python3.8/site-packages/airflow/example_dags/example_dag_decorator.py
[2023-11-26T00:32:49.705+0000] {processor.py:839} INFO - DAG(s) dict_keys(['example_dag_decorator']) retrieved from /home/airflow/.local/lib/python3.8/site-packages/airflow/example_dags/example_dag_decorator.py
[2023-11-26T00:32:49.909+0000] {logging_mixin.py:154} INFO - [2023-11-26T00:32:49.909+0000] {dag.py:2941} INFO - Sync 1 DAGs
[2023-11-26T00:32:49.920+0000] {logging_mixin.py:154} INFO - [2023-11-26T00:32:49.920+0000] {dag.py:3722} INFO - Setting next_dagrun for example_dag_decorator to None, run_after=None
[2023-11-26T00:32:49.945+0000] {processor.py:179} INFO - Processing /home/airflow/.local/lib/python3.8/site-packages/airflow/example_dags/example_dag_decorator.py took 0.303 seconds
[2023-11-26T00:33:20.466+0000] {processor.py:157} INFO - Started process (PID=1658) to work on /home/airflow/.local/lib/python3.8/site-packages/airflow/example_dags/example_dag_decorator.py
[2023-11-26T00:33:20.467+0000] {processor.py:829} INFO - Processing file /home/airflow/.local/lib/python3.8/site-packages/airflow/example_dags/example_dag_decorator.py for tasks to queue
[2023-11-26T00:33:20.476+0000] {logging_mixin.py:154} INFO - [2023-11-26T00:33:20.474+0000] {dagbag.py:536} INFO - Filling up the DagBag from /home/airflow/.local/lib/python3.8/site-packages/airflow/example_dags/example_dag_decorator.py
[2023-11-26T00:33:20.627+0000] {processor.py:839} INFO - DAG(s) dict_keys(['example_dag_decorator']) retrieved from /home/airflow/.local/lib/python3.8/site-packages/airflow/example_dags/example_dag_decorator.py
[2023-11-26T00:33:21.008+0000] {logging_mixin.py:154} INFO - [2023-11-26T00:33:21.008+0000] {dag.py:2941} INFO - Sync 1 DAGs
[2023-11-26T00:33:21.023+0000] {logging_mixin.py:154} INFO - [2023-11-26T00:33:21.022+0000] {dag.py:3722} INFO - Setting next_dagrun for example_dag_decorator to None, run_after=None
[2023-11-26T00:33:21.073+0000] {processor.py:179} INFO - Processing /home/airflow/.local/lib/python3.8/site-packages/airflow/example_dags/example_dag_decorator.py took 0.613 seconds
[2023-11-26T00:33:52.053+0000] {processor.py:157} INFO - Started process (PID=1715) to work on /home/airflow/.local/lib/python3.8/site-packages/airflow/example_dags/example_dag_decorator.py
[2023-11-26T00:33:52.055+0000] {processor.py:829} INFO - Processing file /home/airflow/.local/lib/python3.8/site-packages/airflow/example_dags/example_dag_decorator.py for tasks to queue
[2023-11-26T00:33:52.057+0000] {logging_mixin.py:154} INFO - [2023-11-26T00:33:52.057+0000] {dagbag.py:536} INFO - Filling up the DagBag from /home/airflow/.local/lib/python3.8/site-packages/airflow/example_dags/example_dag_decorator.py
[2023-11-26T00:33:52.116+0000] {processor.py:839} INFO - DAG(s) dict_keys(['example_dag_decorator']) retrieved from /home/airflow/.local/lib/python3.8/site-packages/airflow/example_dags/example_dag_decorator.py
[2023-11-26T00:33:52.213+0000] {logging_mixin.py:154} INFO - [2023-11-26T00:33:52.213+0000] {dag.py:2941} INFO - Sync 1 DAGs
[2023-11-26T00:33:52.341+0000] {logging_mixin.py:154} INFO - [2023-11-26T00:33:52.340+0000] {dag.py:3722} INFO - Setting next_dagrun for example_dag_decorator to None, run_after=None
[2023-11-26T00:33:52.366+0000] {processor.py:179} INFO - Processing /home/airflow/.local/lib/python3.8/site-packages/airflow/example_dags/example_dag_decorator.py took 0.316 seconds
[2023-11-26T00:34:22.605+0000] {processor.py:157} INFO - Started process (PID=1771) to work on /home/airflow/.local/lib/python3.8/site-packages/airflow/example_dags/example_dag_decorator.py
[2023-11-26T00:34:22.607+0000] {processor.py:829} INFO - Processing file /home/airflow/.local/lib/python3.8/site-packages/airflow/example_dags/example_dag_decorator.py for tasks to queue
[2023-11-26T00:34:22.612+0000] {logging_mixin.py:154} INFO - [2023-11-26T00:34:22.611+0000] {dagbag.py:536} INFO - Filling up the DagBag from /home/airflow/.local/lib/python3.8/site-packages/airflow/example_dags/example_dag_decorator.py
[2023-11-26T00:34:22.672+0000] {processor.py:839} INFO - DAG(s) dict_keys(['example_dag_decorator']) retrieved from /home/airflow/.local/lib/python3.8/site-packages/airflow/example_dags/example_dag_decorator.py
[2023-11-26T00:34:22.755+0000] {logging_mixin.py:154} INFO - [2023-11-26T00:34:22.754+0000] {dag.py:2941} INFO - Sync 1 DAGs
[2023-11-26T00:34:22.879+0000] {logging_mixin.py:154} INFO - [2023-11-26T00:34:22.878+0000] {dag.py:3722} INFO - Setting next_dagrun for example_dag_decorator to None, run_after=None
[2023-11-26T00:34:22.902+0000] {processor.py:179} INFO - Processing /home/airflow/.local/lib/python3.8/site-packages/airflow/example_dags/example_dag_decorator.py took 0.301 seconds
[2023-11-26T00:34:53.258+0000] {processor.py:157} INFO - Started process (PID=1828) to work on /home/airflow/.local/lib/python3.8/site-packages/airflow/example_dags/example_dag_decorator.py
[2023-11-26T00:34:53.259+0000] {processor.py:829} INFO - Processing file /home/airflow/.local/lib/python3.8/site-packages/airflow/example_dags/example_dag_decorator.py for tasks to queue
[2023-11-26T00:34:53.262+0000] {logging_mixin.py:154} INFO - [2023-11-26T00:34:53.261+0000] {dagbag.py:536} INFO - Filling up the DagBag from /home/airflow/.local/lib/python3.8/site-packages/airflow/example_dags/example_dag_decorator.py
[2023-11-26T00:34:53.320+0000] {processor.py:839} INFO - DAG(s) dict_keys(['example_dag_decorator']) retrieved from /home/airflow/.local/lib/python3.8/site-packages/airflow/example_dags/example_dag_decorator.py
[2023-11-26T00:34:53.512+0000] {logging_mixin.py:154} INFO - [2023-11-26T00:34:53.512+0000] {dag.py:2941} INFO - Sync 1 DAGs
[2023-11-26T00:34:53.522+0000] {logging_mixin.py:154} INFO - [2023-11-26T00:34:53.522+0000] {dag.py:3722} INFO - Setting next_dagrun for example_dag_decorator to None, run_after=None
[2023-11-26T00:34:53.549+0000] {processor.py:179} INFO - Processing /home/airflow/.local/lib/python3.8/site-packages/airflow/example_dags/example_dag_decorator.py took 0.294 seconds
[2023-11-26T00:35:23.649+0000] {processor.py:157} INFO - Started process (PID=1882) to work on /home/airflow/.local/lib/python3.8/site-packages/airflow/example_dags/example_dag_decorator.py
[2023-11-26T00:35:23.650+0000] {processor.py:829} INFO - Processing file /home/airflow/.local/lib/python3.8/site-packages/airflow/example_dags/example_dag_decorator.py for tasks to queue
[2023-11-26T00:35:23.652+0000] {logging_mixin.py:154} INFO - [2023-11-26T00:35:23.652+0000] {dagbag.py:536} INFO - Filling up the DagBag from /home/airflow/.local/lib/python3.8/site-packages/airflow/example_dags/example_dag_decorator.py
[2023-11-26T00:35:23.706+0000] {processor.py:839} INFO - DAG(s) dict_keys(['example_dag_decorator']) retrieved from /home/airflow/.local/lib/python3.8/site-packages/airflow/example_dags/example_dag_decorator.py
[2023-11-26T00:35:23.869+0000] {logging_mixin.py:154} INFO - [2023-11-26T00:35:23.869+0000] {dag.py:2941} INFO - Sync 1 DAGs
[2023-11-26T00:35:23.877+0000] {logging_mixin.py:154} INFO - [2023-11-26T00:35:23.877+0000] {dag.py:3722} INFO - Setting next_dagrun for example_dag_decorator to None, run_after=None
[2023-11-26T00:35:23.896+0000] {processor.py:179} INFO - Processing /home/airflow/.local/lib/python3.8/site-packages/airflow/example_dags/example_dag_decorator.py took 0.252 seconds
[2023-11-26T00:35:54.037+0000] {processor.py:157} INFO - Started process (PID=1935) to work on /home/airflow/.local/lib/python3.8/site-packages/airflow/example_dags/example_dag_decorator.py
[2023-11-26T00:35:54.039+0000] {processor.py:829} INFO - Processing file /home/airflow/.local/lib/python3.8/site-packages/airflow/example_dags/example_dag_decorator.py for tasks to queue
[2023-11-26T00:35:54.042+0000] {logging_mixin.py:154} INFO - [2023-11-26T00:35:54.041+0000] {dagbag.py:536} INFO - Filling up the DagBag from /home/airflow/.local/lib/python3.8/site-packages/airflow/example_dags/example_dag_decorator.py
[2023-11-26T00:35:54.101+0000] {processor.py:839} INFO - DAG(s) dict_keys(['example_dag_decorator']) retrieved from /home/airflow/.local/lib/python3.8/site-packages/airflow/example_dags/example_dag_decorator.py
[2023-11-26T00:35:54.287+0000] {logging_mixin.py:154} INFO - [2023-11-26T00:35:54.287+0000] {dag.py:2941} INFO - Sync 1 DAGs
[2023-11-26T00:35:54.299+0000] {logging_mixin.py:154} INFO - [2023-11-26T00:35:54.299+0000] {dag.py:3722} INFO - Setting next_dagrun for example_dag_decorator to None, run_after=None
[2023-11-26T00:35:54.319+0000] {processor.py:179} INFO - Processing /home/airflow/.local/lib/python3.8/site-packages/airflow/example_dags/example_dag_decorator.py took 0.286 seconds
[2023-11-26T00:36:24.566+0000] {processor.py:157} INFO - Started process (PID=1989) to work on /home/airflow/.local/lib/python3.8/site-packages/airflow/example_dags/example_dag_decorator.py
[2023-11-26T00:36:24.568+0000] {processor.py:829} INFO - Processing file /home/airflow/.local/lib/python3.8/site-packages/airflow/example_dags/example_dag_decorator.py for tasks to queue
[2023-11-26T00:36:24.570+0000] {logging_mixin.py:154} INFO - [2023-11-26T00:36:24.570+0000] {dagbag.py:536} INFO - Filling up the DagBag from /home/airflow/.local/lib/python3.8/site-packages/airflow/example_dags/example_dag_decorator.py
[2023-11-26T00:36:24.678+0000] {processor.py:839} INFO - DAG(s) dict_keys(['example_dag_decorator']) retrieved from /home/airflow/.local/lib/python3.8/site-packages/airflow/example_dags/example_dag_decorator.py
[2023-11-26T00:36:24.954+0000] {logging_mixin.py:154} INFO - [2023-11-26T00:36:24.954+0000] {dag.py:2941} INFO - Sync 1 DAGs
[2023-11-26T00:36:24.967+0000] {logging_mixin.py:154} INFO - [2023-11-26T00:36:24.967+0000] {dag.py:3722} INFO - Setting next_dagrun for example_dag_decorator to None, run_after=None
[2023-11-26T00:36:24.999+0000] {processor.py:179} INFO - Processing /home/airflow/.local/lib/python3.8/site-packages/airflow/example_dags/example_dag_decorator.py took 0.438 seconds
[2023-11-26T00:36:55.566+0000] {processor.py:157} INFO - Started process (PID=2043) to work on /home/airflow/.local/lib/python3.8/site-packages/airflow/example_dags/example_dag_decorator.py
[2023-11-26T00:36:55.567+0000] {processor.py:829} INFO - Processing file /home/airflow/.local/lib/python3.8/site-packages/airflow/example_dags/example_dag_decorator.py for tasks to queue
[2023-11-26T00:36:55.570+0000] {logging_mixin.py:154} INFO - [2023-11-26T00:36:55.570+0000] {dagbag.py:536} INFO - Filling up the DagBag from /home/airflow/.local/lib/python3.8/site-packages/airflow/example_dags/example_dag_decorator.py
[2023-11-26T00:36:55.632+0000] {processor.py:839} INFO - DAG(s) dict_keys(['example_dag_decorator']) retrieved from /home/airflow/.local/lib/python3.8/site-packages/airflow/example_dags/example_dag_decorator.py
[2023-11-26T00:36:55.823+0000] {logging_mixin.py:154} INFO - [2023-11-26T00:36:55.822+0000] {dag.py:2941} INFO - Sync 1 DAGs
[2023-11-26T00:36:55.831+0000] {logging_mixin.py:154} INFO - [2023-11-26T00:36:55.831+0000] {dag.py:3722} INFO - Setting next_dagrun for example_dag_decorator to None, run_after=None
[2023-11-26T00:36:55.853+0000] {processor.py:179} INFO - Processing /home/airflow/.local/lib/python3.8/site-packages/airflow/example_dags/example_dag_decorator.py took 0.290 seconds
[2023-11-26T00:37:26.040+0000] {processor.py:157} INFO - Started process (PID=2097) to work on /home/airflow/.local/lib/python3.8/site-packages/airflow/example_dags/example_dag_decorator.py
[2023-11-26T00:37:26.041+0000] {processor.py:829} INFO - Processing file /home/airflow/.local/lib/python3.8/site-packages/airflow/example_dags/example_dag_decorator.py for tasks to queue
[2023-11-26T00:37:26.043+0000] {logging_mixin.py:154} INFO - [2023-11-26T00:37:26.043+0000] {dagbag.py:536} INFO - Filling up the DagBag from /home/airflow/.local/lib/python3.8/site-packages/airflow/example_dags/example_dag_decorator.py
[2023-11-26T00:37:26.112+0000] {processor.py:839} INFO - DAG(s) dict_keys(['example_dag_decorator']) retrieved from /home/airflow/.local/lib/python3.8/site-packages/airflow/example_dags/example_dag_decorator.py
[2023-11-26T00:37:26.306+0000] {logging_mixin.py:154} INFO - [2023-11-26T00:37:26.306+0000] {dag.py:2941} INFO - Sync 1 DAGs
[2023-11-26T00:37:26.315+0000] {logging_mixin.py:154} INFO - [2023-11-26T00:37:26.315+0000] {dag.py:3722} INFO - Setting next_dagrun for example_dag_decorator to None, run_after=None
[2023-11-26T00:37:26.341+0000] {processor.py:179} INFO - Processing /home/airflow/.local/lib/python3.8/site-packages/airflow/example_dags/example_dag_decorator.py took 0.305 seconds
[2023-11-26T00:37:56.782+0000] {processor.py:157} INFO - Started process (PID=2151) to work on /home/airflow/.local/lib/python3.8/site-packages/airflow/example_dags/example_dag_decorator.py
[2023-11-26T00:37:56.783+0000] {processor.py:829} INFO - Processing file /home/airflow/.local/lib/python3.8/site-packages/airflow/example_dags/example_dag_decorator.py for tasks to queue
[2023-11-26T00:37:56.785+0000] {logging_mixin.py:154} INFO - [2023-11-26T00:37:56.785+0000] {dagbag.py:536} INFO - Filling up the DagBag from /home/airflow/.local/lib/python3.8/site-packages/airflow/example_dags/example_dag_decorator.py
[2023-11-26T00:37:56.848+0000] {processor.py:839} INFO - DAG(s) dict_keys(['example_dag_decorator']) retrieved from /home/airflow/.local/lib/python3.8/site-packages/airflow/example_dags/example_dag_decorator.py
[2023-11-26T00:37:57.032+0000] {logging_mixin.py:154} INFO - [2023-11-26T00:37:57.032+0000] {dag.py:2941} INFO - Sync 1 DAGs
[2023-11-26T00:37:57.040+0000] {logging_mixin.py:154} INFO - [2023-11-26T00:37:57.040+0000] {dag.py:3722} INFO - Setting next_dagrun for example_dag_decorator to None, run_after=None
[2023-11-26T00:37:57.059+0000] {processor.py:179} INFO - Processing /home/airflow/.local/lib/python3.8/site-packages/airflow/example_dags/example_dag_decorator.py took 0.280 seconds
[2023-11-26T00:38:27.212+0000] {processor.py:157} INFO - Started process (PID=2205) to work on /home/airflow/.local/lib/python3.8/site-packages/airflow/example_dags/example_dag_decorator.py
[2023-11-26T00:38:27.213+0000] {processor.py:829} INFO - Processing file /home/airflow/.local/lib/python3.8/site-packages/airflow/example_dags/example_dag_decorator.py for tasks to queue
[2023-11-26T00:38:27.216+0000] {logging_mixin.py:154} INFO - [2023-11-26T00:38:27.215+0000] {dagbag.py:536} INFO - Filling up the DagBag from /home/airflow/.local/lib/python3.8/site-packages/airflow/example_dags/example_dag_decorator.py
[2023-11-26T00:38:27.284+0000] {processor.py:839} INFO - DAG(s) dict_keys(['example_dag_decorator']) retrieved from /home/airflow/.local/lib/python3.8/site-packages/airflow/example_dags/example_dag_decorator.py
[2023-11-26T00:38:27.477+0000] {logging_mixin.py:154} INFO - [2023-11-26T00:38:27.476+0000] {dag.py:2941} INFO - Sync 1 DAGs
[2023-11-26T00:38:27.485+0000] {logging_mixin.py:154} INFO - [2023-11-26T00:38:27.485+0000] {dag.py:3722} INFO - Setting next_dagrun for example_dag_decorator to None, run_after=None
[2023-11-26T00:38:27.509+0000] {processor.py:179} INFO - Processing /home/airflow/.local/lib/python3.8/site-packages/airflow/example_dags/example_dag_decorator.py took 0.301 seconds
[2023-11-26T00:38:58.199+0000] {processor.py:157} INFO - Started process (PID=2266) to work on /home/airflow/.local/lib/python3.8/site-packages/airflow/example_dags/example_dag_decorator.py
[2023-11-26T00:38:58.205+0000] {processor.py:829} INFO - Processing file /home/airflow/.local/lib/python3.8/site-packages/airflow/example_dags/example_dag_decorator.py for tasks to queue
[2023-11-26T00:38:58.209+0000] {logging_mixin.py:154} INFO - [2023-11-26T00:38:58.208+0000] {dagbag.py:536} INFO - Filling up the DagBag from /home/airflow/.local/lib/python3.8/site-packages/airflow/example_dags/example_dag_decorator.py
[2023-11-26T00:38:58.291+0000] {processor.py:839} INFO - DAG(s) dict_keys(['example_dag_decorator']) retrieved from /home/airflow/.local/lib/python3.8/site-packages/airflow/example_dags/example_dag_decorator.py
[2023-11-26T00:38:58.534+0000] {logging_mixin.py:154} INFO - [2023-11-26T00:38:58.534+0000] {dag.py:2941} INFO - Sync 1 DAGs
[2023-11-26T00:38:58.548+0000] {logging_mixin.py:154} INFO - [2023-11-26T00:38:58.548+0000] {dag.py:3722} INFO - Setting next_dagrun for example_dag_decorator to None, run_after=None
[2023-11-26T00:38:58.578+0000] {processor.py:179} INFO - Processing /home/airflow/.local/lib/python3.8/site-packages/airflow/example_dags/example_dag_decorator.py took 0.384 seconds
[2023-11-26T00:39:28.753+0000] {processor.py:157} INFO - Started process (PID=2320) to work on /home/airflow/.local/lib/python3.8/site-packages/airflow/example_dags/example_dag_decorator.py
[2023-11-26T00:39:28.756+0000] {processor.py:829} INFO - Processing file /home/airflow/.local/lib/python3.8/site-packages/airflow/example_dags/example_dag_decorator.py for tasks to queue
[2023-11-26T00:39:28.760+0000] {logging_mixin.py:154} INFO - [2023-11-26T00:39:28.760+0000] {dagbag.py:536} INFO - Filling up the DagBag from /home/airflow/.local/lib/python3.8/site-packages/airflow/example_dags/example_dag_decorator.py
[2023-11-26T00:39:28.993+0000] {processor.py:839} INFO - DAG(s) dict_keys(['example_dag_decorator']) retrieved from /home/airflow/.local/lib/python3.8/site-packages/airflow/example_dags/example_dag_decorator.py
[2023-11-26T00:39:29.135+0000] {logging_mixin.py:154} INFO - [2023-11-26T00:39:29.135+0000] {dag.py:2941} INFO - Sync 1 DAGs
[2023-11-26T00:39:29.160+0000] {logging_mixin.py:154} INFO - [2023-11-26T00:39:29.159+0000] {dag.py:3722} INFO - Setting next_dagrun for example_dag_decorator to None, run_after=None
[2023-11-26T00:39:29.214+0000] {processor.py:179} INFO - Processing /home/airflow/.local/lib/python3.8/site-packages/airflow/example_dags/example_dag_decorator.py took 0.465 seconds
[2023-11-26T00:39:59.915+0000] {processor.py:157} INFO - Started process (PID=2375) to work on /home/airflow/.local/lib/python3.8/site-packages/airflow/example_dags/example_dag_decorator.py
[2023-11-26T00:39:59.917+0000] {processor.py:829} INFO - Processing file /home/airflow/.local/lib/python3.8/site-packages/airflow/example_dags/example_dag_decorator.py for tasks to queue
[2023-11-26T00:39:59.919+0000] {logging_mixin.py:154} INFO - [2023-11-26T00:39:59.919+0000] {dagbag.py:536} INFO - Filling up the DagBag from /home/airflow/.local/lib/python3.8/site-packages/airflow/example_dags/example_dag_decorator.py
[2023-11-26T00:39:59.979+0000] {processor.py:839} INFO - DAG(s) dict_keys(['example_dag_decorator']) retrieved from /home/airflow/.local/lib/python3.8/site-packages/airflow/example_dags/example_dag_decorator.py
[2023-11-26T00:40:00.170+0000] {logging_mixin.py:154} INFO - [2023-11-26T00:40:00.170+0000] {dag.py:2941} INFO - Sync 1 DAGs
[2023-11-26T00:40:00.180+0000] {logging_mixin.py:154} INFO - [2023-11-26T00:40:00.179+0000] {dag.py:3722} INFO - Setting next_dagrun for example_dag_decorator to None, run_after=None
[2023-11-26T00:40:00.201+0000] {processor.py:179} INFO - Processing /home/airflow/.local/lib/python3.8/site-packages/airflow/example_dags/example_dag_decorator.py took 0.289 seconds
[2023-11-26T00:40:30.269+0000] {processor.py:157} INFO - Started process (PID=2429) to work on /home/airflow/.local/lib/python3.8/site-packages/airflow/example_dags/example_dag_decorator.py
[2023-11-26T00:40:30.271+0000] {processor.py:829} INFO - Processing file /home/airflow/.local/lib/python3.8/site-packages/airflow/example_dags/example_dag_decorator.py for tasks to queue
[2023-11-26T00:40:30.274+0000] {logging_mixin.py:154} INFO - [2023-11-26T00:40:30.273+0000] {dagbag.py:536} INFO - Filling up the DagBag from /home/airflow/.local/lib/python3.8/site-packages/airflow/example_dags/example_dag_decorator.py
[2023-11-26T00:40:30.354+0000] {processor.py:839} INFO - DAG(s) dict_keys(['example_dag_decorator']) retrieved from /home/airflow/.local/lib/python3.8/site-packages/airflow/example_dags/example_dag_decorator.py
[2023-11-26T00:40:30.610+0000] {logging_mixin.py:154} INFO - [2023-11-26T00:40:30.610+0000] {dag.py:2941} INFO - Sync 1 DAGs
[2023-11-26T00:40:30.625+0000] {logging_mixin.py:154} INFO - [2023-11-26T00:40:30.625+0000] {dag.py:3722} INFO - Setting next_dagrun for example_dag_decorator to None, run_after=None
[2023-11-26T00:40:30.659+0000] {processor.py:179} INFO - Processing /home/airflow/.local/lib/python3.8/site-packages/airflow/example_dags/example_dag_decorator.py took 0.395 seconds
[2023-11-26T00:41:00.708+0000] {processor.py:157} INFO - Started process (PID=2484) to work on /home/airflow/.local/lib/python3.8/site-packages/airflow/example_dags/example_dag_decorator.py
[2023-11-26T00:41:00.709+0000] {processor.py:829} INFO - Processing file /home/airflow/.local/lib/python3.8/site-packages/airflow/example_dags/example_dag_decorator.py for tasks to queue
[2023-11-26T00:41:00.712+0000] {logging_mixin.py:154} INFO - [2023-11-26T00:41:00.712+0000] {dagbag.py:536} INFO - Filling up the DagBag from /home/airflow/.local/lib/python3.8/site-packages/airflow/example_dags/example_dag_decorator.py
[2023-11-26T00:41:00.862+0000] {processor.py:839} INFO - DAG(s) dict_keys(['example_dag_decorator']) retrieved from /home/airflow/.local/lib/python3.8/site-packages/airflow/example_dags/example_dag_decorator.py
[2023-11-26T00:41:00.937+0000] {logging_mixin.py:154} INFO - [2023-11-26T00:41:00.937+0000] {dag.py:2941} INFO - Sync 1 DAGs
[2023-11-26T00:41:00.947+0000] {logging_mixin.py:154} INFO - [2023-11-26T00:41:00.946+0000] {dag.py:3722} INFO - Setting next_dagrun for example_dag_decorator to None, run_after=None
[2023-11-26T00:41:00.967+0000] {processor.py:179} INFO - Processing /home/airflow/.local/lib/python3.8/site-packages/airflow/example_dags/example_dag_decorator.py took 0.262 seconds
[2023-11-26T00:41:31.616+0000] {processor.py:157} INFO - Started process (PID=2537) to work on /home/airflow/.local/lib/python3.8/site-packages/airflow/example_dags/example_dag_decorator.py
[2023-11-26T00:41:31.618+0000] {processor.py:829} INFO - Processing file /home/airflow/.local/lib/python3.8/site-packages/airflow/example_dags/example_dag_decorator.py for tasks to queue
[2023-11-26T00:41:31.620+0000] {logging_mixin.py:154} INFO - [2023-11-26T00:41:31.620+0000] {dagbag.py:536} INFO - Filling up the DagBag from /home/airflow/.local/lib/python3.8/site-packages/airflow/example_dags/example_dag_decorator.py
[2023-11-26T00:41:31.688+0000] {processor.py:839} INFO - DAG(s) dict_keys(['example_dag_decorator']) retrieved from /home/airflow/.local/lib/python3.8/site-packages/airflow/example_dags/example_dag_decorator.py
[2023-11-26T00:41:31.867+0000] {logging_mixin.py:154} INFO - [2023-11-26T00:41:31.867+0000] {dag.py:2941} INFO - Sync 1 DAGs
[2023-11-26T00:41:31.876+0000] {logging_mixin.py:154} INFO - [2023-11-26T00:41:31.876+0000] {dag.py:3722} INFO - Setting next_dagrun for example_dag_decorator to None, run_after=None
[2023-11-26T00:41:31.894+0000] {processor.py:179} INFO - Processing /home/airflow/.local/lib/python3.8/site-packages/airflow/example_dags/example_dag_decorator.py took 0.282 seconds
[2023-11-26T00:42:02.713+0000] {processor.py:157} INFO - Started process (PID=2591) to work on /home/airflow/.local/lib/python3.8/site-packages/airflow/example_dags/example_dag_decorator.py
[2023-11-26T00:42:02.715+0000] {processor.py:829} INFO - Processing file /home/airflow/.local/lib/python3.8/site-packages/airflow/example_dags/example_dag_decorator.py for tasks to queue
[2023-11-26T00:42:02.718+0000] {logging_mixin.py:154} INFO - [2023-11-26T00:42:02.718+0000] {dagbag.py:536} INFO - Filling up the DagBag from /home/airflow/.local/lib/python3.8/site-packages/airflow/example_dags/example_dag_decorator.py
[2023-11-26T00:42:02.778+0000] {processor.py:839} INFO - DAG(s) dict_keys(['example_dag_decorator']) retrieved from /home/airflow/.local/lib/python3.8/site-packages/airflow/example_dags/example_dag_decorator.py
[2023-11-26T00:42:02.969+0000] {logging_mixin.py:154} INFO - [2023-11-26T00:42:02.969+0000] {dag.py:2941} INFO - Sync 1 DAGs
[2023-11-26T00:42:02.978+0000] {logging_mixin.py:154} INFO - [2023-11-26T00:42:02.978+0000] {dag.py:3722} INFO - Setting next_dagrun for example_dag_decorator to None, run_after=None
[2023-11-26T00:42:02.996+0000] {processor.py:179} INFO - Processing /home/airflow/.local/lib/python3.8/site-packages/airflow/example_dags/example_dag_decorator.py took 0.285 seconds
[2023-11-26T00:42:33.766+0000] {processor.py:157} INFO - Started process (PID=2647) to work on /home/airflow/.local/lib/python3.8/site-packages/airflow/example_dags/example_dag_decorator.py
[2023-11-26T00:42:33.768+0000] {processor.py:829} INFO - Processing file /home/airflow/.local/lib/python3.8/site-packages/airflow/example_dags/example_dag_decorator.py for tasks to queue
[2023-11-26T00:42:33.770+0000] {logging_mixin.py:154} INFO - [2023-11-26T00:42:33.770+0000] {dagbag.py:536} INFO - Filling up the DagBag from /home/airflow/.local/lib/python3.8/site-packages/airflow/example_dags/example_dag_decorator.py
[2023-11-26T00:42:33.939+0000] {processor.py:839} INFO - DAG(s) dict_keys(['example_dag_decorator']) retrieved from /home/airflow/.local/lib/python3.8/site-packages/airflow/example_dags/example_dag_decorator.py
[2023-11-26T00:42:34.022+0000] {logging_mixin.py:154} INFO - [2023-11-26T00:42:34.021+0000] {dag.py:2941} INFO - Sync 1 DAGs
[2023-11-26T00:42:34.032+0000] {logging_mixin.py:154} INFO - [2023-11-26T00:42:34.031+0000] {dag.py:3722} INFO - Setting next_dagrun for example_dag_decorator to None, run_after=None
[2023-11-26T00:42:34.054+0000] {processor.py:179} INFO - Processing /home/airflow/.local/lib/python3.8/site-packages/airflow/example_dags/example_dag_decorator.py took 0.291 seconds
[2023-11-26T00:43:04.196+0000] {processor.py:157} INFO - Started process (PID=2701) to work on /home/airflow/.local/lib/python3.8/site-packages/airflow/example_dags/example_dag_decorator.py
[2023-11-26T00:43:04.198+0000] {processor.py:829} INFO - Processing file /home/airflow/.local/lib/python3.8/site-packages/airflow/example_dags/example_dag_decorator.py for tasks to queue
[2023-11-26T00:43:04.204+0000] {logging_mixin.py:154} INFO - [2023-11-26T00:43:04.203+0000] {dagbag.py:536} INFO - Filling up the DagBag from /home/airflow/.local/lib/python3.8/site-packages/airflow/example_dags/example_dag_decorator.py
[2023-11-26T00:43:04.273+0000] {processor.py:839} INFO - DAG(s) dict_keys(['example_dag_decorator']) retrieved from /home/airflow/.local/lib/python3.8/site-packages/airflow/example_dags/example_dag_decorator.py
[2023-11-26T00:43:04.478+0000] {logging_mixin.py:154} INFO - [2023-11-26T00:43:04.478+0000] {dag.py:2941} INFO - Sync 1 DAGs
[2023-11-26T00:43:04.487+0000] {logging_mixin.py:154} INFO - [2023-11-26T00:43:04.487+0000] {dag.py:3722} INFO - Setting next_dagrun for example_dag_decorator to None, run_after=None
[2023-11-26T00:43:04.507+0000] {processor.py:179} INFO - Processing /home/airflow/.local/lib/python3.8/site-packages/airflow/example_dags/example_dag_decorator.py took 0.316 seconds
[2023-11-26T00:43:34.703+0000] {processor.py:157} INFO - Started process (PID=2755) to work on /home/airflow/.local/lib/python3.8/site-packages/airflow/example_dags/example_dag_decorator.py
[2023-11-26T00:43:34.705+0000] {processor.py:829} INFO - Processing file /home/airflow/.local/lib/python3.8/site-packages/airflow/example_dags/example_dag_decorator.py for tasks to queue
[2023-11-26T00:43:34.707+0000] {logging_mixin.py:154} INFO - [2023-11-26T00:43:34.707+0000] {dagbag.py:536} INFO - Filling up the DagBag from /home/airflow/.local/lib/python3.8/site-packages/airflow/example_dags/example_dag_decorator.py
[2023-11-26T00:43:34.881+0000] {processor.py:839} INFO - DAG(s) dict_keys(['example_dag_decorator']) retrieved from /home/airflow/.local/lib/python3.8/site-packages/airflow/example_dags/example_dag_decorator.py
[2023-11-26T00:43:34.959+0000] {logging_mixin.py:154} INFO - [2023-11-26T00:43:34.959+0000] {dag.py:2941} INFO - Sync 1 DAGs
[2023-11-26T00:43:34.969+0000] {logging_mixin.py:154} INFO - [2023-11-26T00:43:34.969+0000] {dag.py:3722} INFO - Setting next_dagrun for example_dag_decorator to None, run_after=None
[2023-11-26T00:43:34.987+0000] {processor.py:179} INFO - Processing /home/airflow/.local/lib/python3.8/site-packages/airflow/example_dags/example_dag_decorator.py took 0.288 seconds
[2023-11-26T00:44:05.502+0000] {processor.py:157} INFO - Started process (PID=2809) to work on /home/airflow/.local/lib/python3.8/site-packages/airflow/example_dags/example_dag_decorator.py
[2023-11-26T00:44:05.503+0000] {processor.py:829} INFO - Processing file /home/airflow/.local/lib/python3.8/site-packages/airflow/example_dags/example_dag_decorator.py for tasks to queue
[2023-11-26T00:44:05.505+0000] {logging_mixin.py:154} INFO - [2023-11-26T00:44:05.505+0000] {dagbag.py:536} INFO - Filling up the DagBag from /home/airflow/.local/lib/python3.8/site-packages/airflow/example_dags/example_dag_decorator.py
[2023-11-26T00:44:05.565+0000] {processor.py:839} INFO - DAG(s) dict_keys(['example_dag_decorator']) retrieved from /home/airflow/.local/lib/python3.8/site-packages/airflow/example_dags/example_dag_decorator.py
[2023-11-26T00:44:05.647+0000] {logging_mixin.py:154} INFO - [2023-11-26T00:44:05.647+0000] {dag.py:2941} INFO - Sync 1 DAGs
[2023-11-26T00:44:05.657+0000] {logging_mixin.py:154} INFO - [2023-11-26T00:44:05.657+0000] {dag.py:3722} INFO - Setting next_dagrun for example_dag_decorator to None, run_after=None
[2023-11-26T00:44:05.677+0000] {processor.py:179} INFO - Processing /home/airflow/.local/lib/python3.8/site-packages/airflow/example_dags/example_dag_decorator.py took 0.179 seconds
[2023-11-26T00:44:36.057+0000] {processor.py:157} INFO - Started process (PID=2863) to work on /home/airflow/.local/lib/python3.8/site-packages/airflow/example_dags/example_dag_decorator.py
[2023-11-26T00:44:36.058+0000] {processor.py:829} INFO - Processing file /home/airflow/.local/lib/python3.8/site-packages/airflow/example_dags/example_dag_decorator.py for tasks to queue
[2023-11-26T00:44:36.061+0000] {logging_mixin.py:154} INFO - [2023-11-26T00:44:36.061+0000] {dagbag.py:536} INFO - Filling up the DagBag from /home/airflow/.local/lib/python3.8/site-packages/airflow/example_dags/example_dag_decorator.py
[2023-11-26T00:44:36.147+0000] {processor.py:839} INFO - DAG(s) dict_keys(['example_dag_decorator']) retrieved from /home/airflow/.local/lib/python3.8/site-packages/airflow/example_dags/example_dag_decorator.py
[2023-11-26T00:44:36.268+0000] {logging_mixin.py:154} INFO - [2023-11-26T00:44:36.268+0000] {dag.py:2941} INFO - Sync 1 DAGs
[2023-11-26T00:44:36.280+0000] {logging_mixin.py:154} INFO - [2023-11-26T00:44:36.280+0000] {dag.py:3722} INFO - Setting next_dagrun for example_dag_decorator to None, run_after=None
[2023-11-26T00:44:36.302+0000] {processor.py:179} INFO - Processing /home/airflow/.local/lib/python3.8/site-packages/airflow/example_dags/example_dag_decorator.py took 0.249 seconds
[2023-11-26T00:45:07.101+0000] {processor.py:157} INFO - Started process (PID=2917) to work on /home/airflow/.local/lib/python3.8/site-packages/airflow/example_dags/example_dag_decorator.py
[2023-11-26T00:45:07.102+0000] {processor.py:829} INFO - Processing file /home/airflow/.local/lib/python3.8/site-packages/airflow/example_dags/example_dag_decorator.py for tasks to queue
[2023-11-26T00:45:07.104+0000] {logging_mixin.py:154} INFO - [2023-11-26T00:45:07.104+0000] {dagbag.py:536} INFO - Filling up the DagBag from /home/airflow/.local/lib/python3.8/site-packages/airflow/example_dags/example_dag_decorator.py
[2023-11-26T00:45:07.165+0000] {processor.py:839} INFO - DAG(s) dict_keys(['example_dag_decorator']) retrieved from /home/airflow/.local/lib/python3.8/site-packages/airflow/example_dags/example_dag_decorator.py
[2023-11-26T00:45:07.188+0000] {logging_mixin.py:154} INFO - [2023-11-26T00:45:07.188+0000] {dag.py:2941} INFO - Sync 1 DAGs
[2023-11-26T00:45:07.200+0000] {logging_mixin.py:154} INFO - [2023-11-26T00:45:07.200+0000] {dag.py:3722} INFO - Setting next_dagrun for example_dag_decorator to None, run_after=None
[2023-11-26T00:45:07.220+0000] {processor.py:179} INFO - Processing /home/airflow/.local/lib/python3.8/site-packages/airflow/example_dags/example_dag_decorator.py took 0.121 seconds
[2023-11-26T00:45:37.637+0000] {processor.py:157} INFO - Started process (PID=2971) to work on /home/airflow/.local/lib/python3.8/site-packages/airflow/example_dags/example_dag_decorator.py
[2023-11-26T00:45:37.638+0000] {processor.py:829} INFO - Processing file /home/airflow/.local/lib/python3.8/site-packages/airflow/example_dags/example_dag_decorator.py for tasks to queue
[2023-11-26T00:45:37.641+0000] {logging_mixin.py:154} INFO - [2023-11-26T00:45:37.640+0000] {dagbag.py:536} INFO - Filling up the DagBag from /home/airflow/.local/lib/python3.8/site-packages/airflow/example_dags/example_dag_decorator.py
[2023-11-26T00:45:37.712+0000] {processor.py:839} INFO - DAG(s) dict_keys(['example_dag_decorator']) retrieved from /home/airflow/.local/lib/python3.8/site-packages/airflow/example_dags/example_dag_decorator.py
[2023-11-26T00:45:37.809+0000] {logging_mixin.py:154} INFO - [2023-11-26T00:45:37.808+0000] {dag.py:2941} INFO - Sync 1 DAGs
[2023-11-26T00:45:37.819+0000] {logging_mixin.py:154} INFO - [2023-11-26T00:45:37.819+0000] {dag.py:3722} INFO - Setting next_dagrun for example_dag_decorator to None, run_after=None
[2023-11-26T00:45:37.844+0000] {processor.py:179} INFO - Processing /home/airflow/.local/lib/python3.8/site-packages/airflow/example_dags/example_dag_decorator.py took 0.211 seconds
[2023-11-26T00:46:08.277+0000] {processor.py:157} INFO - Started process (PID=3025) to work on /home/airflow/.local/lib/python3.8/site-packages/airflow/example_dags/example_dag_decorator.py
[2023-11-26T00:46:08.280+0000] {processor.py:829} INFO - Processing file /home/airflow/.local/lib/python3.8/site-packages/airflow/example_dags/example_dag_decorator.py for tasks to queue
[2023-11-26T00:46:08.283+0000] {logging_mixin.py:154} INFO - [2023-11-26T00:46:08.283+0000] {dagbag.py:536} INFO - Filling up the DagBag from /home/airflow/.local/lib/python3.8/site-packages/airflow/example_dags/example_dag_decorator.py
[2023-11-26T00:46:08.404+0000] {processor.py:839} INFO - DAG(s) dict_keys(['example_dag_decorator']) retrieved from /home/airflow/.local/lib/python3.8/site-packages/airflow/example_dags/example_dag_decorator.py
[2023-11-26T00:46:08.584+0000] {logging_mixin.py:154} INFO - [2023-11-26T00:46:08.583+0000] {dag.py:2941} INFO - Sync 1 DAGs
[2023-11-26T00:46:08.603+0000] {logging_mixin.py:154} INFO - [2023-11-26T00:46:08.603+0000] {dag.py:3722} INFO - Setting next_dagrun for example_dag_decorator to None, run_after=None
[2023-11-26T00:46:08.649+0000] {processor.py:179} INFO - Processing /home/airflow/.local/lib/python3.8/site-packages/airflow/example_dags/example_dag_decorator.py took 0.376 seconds
[2023-11-26T00:46:38.796+0000] {processor.py:157} INFO - Started process (PID=3080) to work on /home/airflow/.local/lib/python3.8/site-packages/airflow/example_dags/example_dag_decorator.py
[2023-11-26T00:46:38.799+0000] {processor.py:829} INFO - Processing file /home/airflow/.local/lib/python3.8/site-packages/airflow/example_dags/example_dag_decorator.py for tasks to queue
[2023-11-26T00:46:38.804+0000] {logging_mixin.py:154} INFO - [2023-11-26T00:46:38.803+0000] {dagbag.py:536} INFO - Filling up the DagBag from /home/airflow/.local/lib/python3.8/site-packages/airflow/example_dags/example_dag_decorator.py
[2023-11-26T00:46:38.900+0000] {processor.py:839} INFO - DAG(s) dict_keys(['example_dag_decorator']) retrieved from /home/airflow/.local/lib/python3.8/site-packages/airflow/example_dags/example_dag_decorator.py
[2023-11-26T00:46:39.017+0000] {logging_mixin.py:154} INFO - [2023-11-26T00:46:39.017+0000] {dag.py:2941} INFO - Sync 1 DAGs
[2023-11-26T00:46:39.030+0000] {logging_mixin.py:154} INFO - [2023-11-26T00:46:39.030+0000] {dag.py:3722} INFO - Setting next_dagrun for example_dag_decorator to None, run_after=None
[2023-11-26T00:46:39.059+0000] {processor.py:179} INFO - Processing /home/airflow/.local/lib/python3.8/site-packages/airflow/example_dags/example_dag_decorator.py took 0.267 seconds
[2023-11-26T00:47:09.977+0000] {processor.py:157} INFO - Started process (PID=3134) to work on /home/airflow/.local/lib/python3.8/site-packages/airflow/example_dags/example_dag_decorator.py
[2023-11-26T00:47:09.984+0000] {processor.py:829} INFO - Processing file /home/airflow/.local/lib/python3.8/site-packages/airflow/example_dags/example_dag_decorator.py for tasks to queue
[2023-11-26T00:47:09.994+0000] {logging_mixin.py:154} INFO - [2023-11-26T00:47:09.993+0000] {dagbag.py:536} INFO - Filling up the DagBag from /home/airflow/.local/lib/python3.8/site-packages/airflow/example_dags/example_dag_decorator.py
[2023-11-26T00:47:10.115+0000] {processor.py:839} INFO - DAG(s) dict_keys(['example_dag_decorator']) retrieved from /home/airflow/.local/lib/python3.8/site-packages/airflow/example_dags/example_dag_decorator.py
[2023-11-26T00:47:10.306+0000] {logging_mixin.py:154} INFO - [2023-11-26T00:47:10.306+0000] {dag.py:2941} INFO - Sync 1 DAGs
[2023-11-26T00:47:10.325+0000] {logging_mixin.py:154} INFO - [2023-11-26T00:47:10.324+0000] {dag.py:3722} INFO - Setting next_dagrun for example_dag_decorator to None, run_after=None
[2023-11-26T00:47:10.407+0000] {processor.py:179} INFO - Processing /home/airflow/.local/lib/python3.8/site-packages/airflow/example_dags/example_dag_decorator.py took 0.435 seconds
[2023-11-26T00:47:41.298+0000] {processor.py:157} INFO - Started process (PID=3189) to work on /home/airflow/.local/lib/python3.8/site-packages/airflow/example_dags/example_dag_decorator.py
[2023-11-26T00:47:41.302+0000] {processor.py:829} INFO - Processing file /home/airflow/.local/lib/python3.8/site-packages/airflow/example_dags/example_dag_decorator.py for tasks to queue
[2023-11-26T00:47:41.306+0000] {logging_mixin.py:154} INFO - [2023-11-26T00:47:41.306+0000] {dagbag.py:536} INFO - Filling up the DagBag from /home/airflow/.local/lib/python3.8/site-packages/airflow/example_dags/example_dag_decorator.py
[2023-11-26T00:47:41.432+0000] {processor.py:839} INFO - DAG(s) dict_keys(['example_dag_decorator']) retrieved from /home/airflow/.local/lib/python3.8/site-packages/airflow/example_dags/example_dag_decorator.py
[2023-11-26T00:47:41.628+0000] {logging_mixin.py:154} INFO - [2023-11-26T00:47:41.628+0000] {dag.py:2941} INFO - Sync 1 DAGs
[2023-11-26T00:47:41.654+0000] {logging_mixin.py:154} INFO - [2023-11-26T00:47:41.654+0000] {dag.py:3722} INFO - Setting next_dagrun for example_dag_decorator to None, run_after=None
[2023-11-26T00:47:41.717+0000] {processor.py:179} INFO - Processing /home/airflow/.local/lib/python3.8/site-packages/airflow/example_dags/example_dag_decorator.py took 0.423 seconds
[2023-11-26T00:48:12.496+0000] {processor.py:157} INFO - Started process (PID=3243) to work on /home/airflow/.local/lib/python3.8/site-packages/airflow/example_dags/example_dag_decorator.py
[2023-11-26T00:48:12.499+0000] {processor.py:829} INFO - Processing file /home/airflow/.local/lib/python3.8/site-packages/airflow/example_dags/example_dag_decorator.py for tasks to queue
[2023-11-26T00:48:12.505+0000] {logging_mixin.py:154} INFO - [2023-11-26T00:48:12.504+0000] {dagbag.py:536} INFO - Filling up the DagBag from /home/airflow/.local/lib/python3.8/site-packages/airflow/example_dags/example_dag_decorator.py
[2023-11-26T00:48:12.659+0000] {processor.py:839} INFO - DAG(s) dict_keys(['example_dag_decorator']) retrieved from /home/airflow/.local/lib/python3.8/site-packages/airflow/example_dags/example_dag_decorator.py
[2023-11-26T00:48:12.868+0000] {logging_mixin.py:154} INFO - [2023-11-26T00:48:12.868+0000] {dag.py:2941} INFO - Sync 1 DAGs
[2023-11-26T00:48:12.891+0000] {logging_mixin.py:154} INFO - [2023-11-26T00:48:12.891+0000] {dag.py:3722} INFO - Setting next_dagrun for example_dag_decorator to None, run_after=None
[2023-11-26T00:48:12.963+0000] {processor.py:179} INFO - Processing /home/airflow/.local/lib/python3.8/site-packages/airflow/example_dags/example_dag_decorator.py took 0.482 seconds
[2023-11-26T00:48:43.513+0000] {processor.py:157} INFO - Started process (PID=3297) to work on /home/airflow/.local/lib/python3.8/site-packages/airflow/example_dags/example_dag_decorator.py
[2023-11-26T00:48:43.516+0000] {processor.py:829} INFO - Processing file /home/airflow/.local/lib/python3.8/site-packages/airflow/example_dags/example_dag_decorator.py for tasks to queue
[2023-11-26T00:48:43.522+0000] {logging_mixin.py:154} INFO - [2023-11-26T00:48:43.521+0000] {dagbag.py:536} INFO - Filling up the DagBag from /home/airflow/.local/lib/python3.8/site-packages/airflow/example_dags/example_dag_decorator.py
[2023-11-26T00:48:43.668+0000] {processor.py:839} INFO - DAG(s) dict_keys(['example_dag_decorator']) retrieved from /home/airflow/.local/lib/python3.8/site-packages/airflow/example_dags/example_dag_decorator.py
[2023-11-26T00:48:43.924+0000] {logging_mixin.py:154} INFO - [2023-11-26T00:48:43.924+0000] {dag.py:2941} INFO - Sync 1 DAGs
[2023-11-26T00:48:43.948+0000] {logging_mixin.py:154} INFO - [2023-11-26T00:48:43.947+0000] {dag.py:3722} INFO - Setting next_dagrun for example_dag_decorator to None, run_after=None
[2023-11-26T00:48:44.007+0000] {processor.py:179} INFO - Processing /home/airflow/.local/lib/python3.8/site-packages/airflow/example_dags/example_dag_decorator.py took 0.497 seconds
[2023-11-26T00:49:14.500+0000] {processor.py:157} INFO - Started process (PID=3351) to work on /home/airflow/.local/lib/python3.8/site-packages/airflow/example_dags/example_dag_decorator.py
[2023-11-26T00:49:14.503+0000] {processor.py:829} INFO - Processing file /home/airflow/.local/lib/python3.8/site-packages/airflow/example_dags/example_dag_decorator.py for tasks to queue
[2023-11-26T00:49:14.507+0000] {logging_mixin.py:154} INFO - [2023-11-26T00:49:14.507+0000] {dagbag.py:536} INFO - Filling up the DagBag from /home/airflow/.local/lib/python3.8/site-packages/airflow/example_dags/example_dag_decorator.py
[2023-11-26T00:49:14.615+0000] {processor.py:839} INFO - DAG(s) dict_keys(['example_dag_decorator']) retrieved from /home/airflow/.local/lib/python3.8/site-packages/airflow/example_dags/example_dag_decorator.py
[2023-11-26T00:49:14.760+0000] {logging_mixin.py:154} INFO - [2023-11-26T00:49:14.759+0000] {dag.py:2941} INFO - Sync 1 DAGs
[2023-11-26T00:49:14.776+0000] {logging_mixin.py:154} INFO - [2023-11-26T00:49:14.776+0000] {dag.py:3722} INFO - Setting next_dagrun for example_dag_decorator to None, run_after=None
[2023-11-26T00:49:14.826+0000] {processor.py:179} INFO - Processing /home/airflow/.local/lib/python3.8/site-packages/airflow/example_dags/example_dag_decorator.py took 0.332 seconds
[2023-11-26T00:49:45.292+0000] {processor.py:157} INFO - Started process (PID=3405) to work on /home/airflow/.local/lib/python3.8/site-packages/airflow/example_dags/example_dag_decorator.py
[2023-11-26T00:49:45.295+0000] {processor.py:829} INFO - Processing file /home/airflow/.local/lib/python3.8/site-packages/airflow/example_dags/example_dag_decorator.py for tasks to queue
[2023-11-26T00:49:45.299+0000] {logging_mixin.py:154} INFO - [2023-11-26T00:49:45.298+0000] {dagbag.py:536} INFO - Filling up the DagBag from /home/airflow/.local/lib/python3.8/site-packages/airflow/example_dags/example_dag_decorator.py
[2023-11-26T00:49:45.405+0000] {processor.py:839} INFO - DAG(s) dict_keys(['example_dag_decorator']) retrieved from /home/airflow/.local/lib/python3.8/site-packages/airflow/example_dags/example_dag_decorator.py
[2023-11-26T00:49:45.625+0000] {logging_mixin.py:154} INFO - [2023-11-26T00:49:45.625+0000] {dag.py:2941} INFO - Sync 1 DAGs
[2023-11-26T00:49:45.646+0000] {logging_mixin.py:154} INFO - [2023-11-26T00:49:45.646+0000] {dag.py:3722} INFO - Setting next_dagrun for example_dag_decorator to None, run_after=None
[2023-11-26T00:49:45.715+0000] {processor.py:179} INFO - Processing /home/airflow/.local/lib/python3.8/site-packages/airflow/example_dags/example_dag_decorator.py took 0.429 seconds
[2023-11-26T00:50:16.405+0000] {processor.py:157} INFO - Started process (PID=3458) to work on /home/airflow/.local/lib/python3.8/site-packages/airflow/example_dags/example_dag_decorator.py
[2023-11-26T00:50:16.410+0000] {processor.py:829} INFO - Processing file /home/airflow/.local/lib/python3.8/site-packages/airflow/example_dags/example_dag_decorator.py for tasks to queue
[2023-11-26T00:50:16.422+0000] {logging_mixin.py:154} INFO - [2023-11-26T00:50:16.419+0000] {dagbag.py:536} INFO - Filling up the DagBag from /home/airflow/.local/lib/python3.8/site-packages/airflow/example_dags/example_dag_decorator.py
[2023-11-26T00:50:16.544+0000] {processor.py:839} INFO - DAG(s) dict_keys(['example_dag_decorator']) retrieved from /home/airflow/.local/lib/python3.8/site-packages/airflow/example_dags/example_dag_decorator.py
[2023-11-26T00:50:16.809+0000] {logging_mixin.py:154} INFO - [2023-11-26T00:50:16.807+0000] {dag.py:2941} INFO - Sync 1 DAGs
[2023-11-26T00:50:16.842+0000] {logging_mixin.py:154} INFO - [2023-11-26T00:50:16.842+0000] {dag.py:3722} INFO - Setting next_dagrun for example_dag_decorator to None, run_after=None
[2023-11-26T00:50:16.937+0000] {processor.py:179} INFO - Processing /home/airflow/.local/lib/python3.8/site-packages/airflow/example_dags/example_dag_decorator.py took 0.558 seconds
[2023-11-26T00:50:47.072+0000] {processor.py:157} INFO - Started process (PID=3512) to work on /home/airflow/.local/lib/python3.8/site-packages/airflow/example_dags/example_dag_decorator.py
[2023-11-26T00:50:47.074+0000] {processor.py:829} INFO - Processing file /home/airflow/.local/lib/python3.8/site-packages/airflow/example_dags/example_dag_decorator.py for tasks to queue
[2023-11-26T00:50:47.076+0000] {logging_mixin.py:154} INFO - [2023-11-26T00:50:47.076+0000] {dagbag.py:536} INFO - Filling up the DagBag from /home/airflow/.local/lib/python3.8/site-packages/airflow/example_dags/example_dag_decorator.py
[2023-11-26T00:50:47.171+0000] {processor.py:839} INFO - DAG(s) dict_keys(['example_dag_decorator']) retrieved from /home/airflow/.local/lib/python3.8/site-packages/airflow/example_dags/example_dag_decorator.py
[2023-11-26T00:50:47.314+0000] {logging_mixin.py:154} INFO - [2023-11-26T00:50:47.313+0000] {dag.py:2941} INFO - Sync 1 DAGs
[2023-11-26T00:50:47.328+0000] {logging_mixin.py:154} INFO - [2023-11-26T00:50:47.328+0000] {dag.py:3722} INFO - Setting next_dagrun for example_dag_decorator to None, run_after=None
[2023-11-26T00:50:47.366+0000] {processor.py:179} INFO - Processing /home/airflow/.local/lib/python3.8/site-packages/airflow/example_dags/example_dag_decorator.py took 0.298 seconds
[2023-11-26T00:51:17.521+0000] {processor.py:157} INFO - Started process (PID=3566) to work on /home/airflow/.local/lib/python3.8/site-packages/airflow/example_dags/example_dag_decorator.py
[2023-11-26T00:51:17.524+0000] {processor.py:829} INFO - Processing file /home/airflow/.local/lib/python3.8/site-packages/airflow/example_dags/example_dag_decorator.py for tasks to queue
[2023-11-26T00:51:17.528+0000] {logging_mixin.py:154} INFO - [2023-11-26T00:51:17.527+0000] {dagbag.py:536} INFO - Filling up the DagBag from /home/airflow/.local/lib/python3.8/site-packages/airflow/example_dags/example_dag_decorator.py
[2023-11-26T00:51:17.621+0000] {processor.py:839} INFO - DAG(s) dict_keys(['example_dag_decorator']) retrieved from /home/airflow/.local/lib/python3.8/site-packages/airflow/example_dags/example_dag_decorator.py
[2023-11-26T00:51:17.804+0000] {logging_mixin.py:154} INFO - [2023-11-26T00:51:17.804+0000] {dag.py:2941} INFO - Sync 1 DAGs
[2023-11-26T00:51:17.823+0000] {logging_mixin.py:154} INFO - [2023-11-26T00:51:17.823+0000] {dag.py:3722} INFO - Setting next_dagrun for example_dag_decorator to None, run_after=None
[2023-11-26T00:51:17.884+0000] {processor.py:179} INFO - Processing /home/airflow/.local/lib/python3.8/site-packages/airflow/example_dags/example_dag_decorator.py took 0.367 seconds
[2023-11-26T00:51:48.546+0000] {processor.py:157} INFO - Started process (PID=3622) to work on /home/airflow/.local/lib/python3.8/site-packages/airflow/example_dags/example_dag_decorator.py
[2023-11-26T00:51:48.550+0000] {processor.py:829} INFO - Processing file /home/airflow/.local/lib/python3.8/site-packages/airflow/example_dags/example_dag_decorator.py for tasks to queue
[2023-11-26T00:51:48.557+0000] {logging_mixin.py:154} INFO - [2023-11-26T00:51:48.556+0000] {dagbag.py:536} INFO - Filling up the DagBag from /home/airflow/.local/lib/python3.8/site-packages/airflow/example_dags/example_dag_decorator.py
[2023-11-26T00:51:48.696+0000] {processor.py:839} INFO - DAG(s) dict_keys(['example_dag_decorator']) retrieved from /home/airflow/.local/lib/python3.8/site-packages/airflow/example_dags/example_dag_decorator.py
[2023-11-26T00:51:48.962+0000] {logging_mixin.py:154} INFO - [2023-11-26T00:51:48.961+0000] {dag.py:2941} INFO - Sync 1 DAGs
[2023-11-26T00:51:48.987+0000] {logging_mixin.py:154} INFO - [2023-11-26T00:51:48.987+0000] {dag.py:3722} INFO - Setting next_dagrun for example_dag_decorator to None, run_after=None
[2023-11-26T00:51:49.101+0000] {processor.py:179} INFO - Processing /home/airflow/.local/lib/python3.8/site-packages/airflow/example_dags/example_dag_decorator.py took 0.559 seconds
[2023-11-26T00:52:19.556+0000] {processor.py:157} INFO - Started process (PID=3676) to work on /home/airflow/.local/lib/python3.8/site-packages/airflow/example_dags/example_dag_decorator.py
[2023-11-26T00:52:19.559+0000] {processor.py:829} INFO - Processing file /home/airflow/.local/lib/python3.8/site-packages/airflow/example_dags/example_dag_decorator.py for tasks to queue
[2023-11-26T00:52:19.562+0000] {logging_mixin.py:154} INFO - [2023-11-26T00:52:19.562+0000] {dagbag.py:536} INFO - Filling up the DagBag from /home/airflow/.local/lib/python3.8/site-packages/airflow/example_dags/example_dag_decorator.py
[2023-11-26T00:52:19.697+0000] {processor.py:839} INFO - DAG(s) dict_keys(['example_dag_decorator']) retrieved from /home/airflow/.local/lib/python3.8/site-packages/airflow/example_dags/example_dag_decorator.py
[2023-11-26T00:52:19.891+0000] {logging_mixin.py:154} INFO - [2023-11-26T00:52:19.890+0000] {dag.py:2941} INFO - Sync 1 DAGs
[2023-11-26T00:52:19.916+0000] {logging_mixin.py:154} INFO - [2023-11-26T00:52:19.915+0000] {dag.py:3722} INFO - Setting next_dagrun for example_dag_decorator to None, run_after=None
[2023-11-26T00:52:19.969+0000] {processor.py:179} INFO - Processing /home/airflow/.local/lib/python3.8/site-packages/airflow/example_dags/example_dag_decorator.py took 0.417 seconds
