[2023-11-26T00:16:47.839+0000] {processor.py:157} INFO - Started process (PID=70) to work on /home/airflow/.local/lib/python3.8/site-packages/airflow/example_dags/example_skip_dag.py
[2023-11-26T00:16:47.842+0000] {processor.py:829} INFO - Processing file /home/airflow/.local/lib/python3.8/site-packages/airflow/example_dags/example_skip_dag.py for tasks to queue
[2023-11-26T00:16:47.845+0000] {logging_mixin.py:154} INFO - [2023-11-26T00:16:47.845+0000] {dagbag.py:536} INFO - Filling up the DagBag from /home/airflow/.local/lib/python3.8/site-packages/airflow/example_dags/example_skip_dag.py
[2023-11-26T00:16:47.863+0000] {processor.py:839} INFO - DAG(s) dict_keys(['example_skip_dag']) retrieved from /home/airflow/.local/lib/python3.8/site-packages/airflow/example_dags/example_skip_dag.py
[2023-11-26T00:16:47.918+0000] {logging_mixin.py:154} INFO - [2023-11-26T00:16:47.918+0000] {dag.py:2941} INFO - Sync 1 DAGs
[2023-11-26T00:16:47.966+0000] {logging_mixin.py:154} INFO - [2023-11-26T00:16:47.965+0000] {dag.py:3722} INFO - Setting next_dagrun for example_skip_dag to 2023-11-25T00:16:47.965308+00:00, run_after=2023-11-26T00:16:47.965308+00:00
[2023-11-26T00:16:48.011+0000] {processor.py:179} INFO - Processing /home/airflow/.local/lib/python3.8/site-packages/airflow/example_dags/example_skip_dag.py took 0.178 seconds
[2023-11-26T00:18:13.260+0000] {processor.py:157} INFO - Started process (PID=71) to work on /home/airflow/.local/lib/python3.8/site-packages/airflow/example_dags/example_skip_dag.py
[2023-11-26T00:18:13.264+0000] {processor.py:829} INFO - Processing file /home/airflow/.local/lib/python3.8/site-packages/airflow/example_dags/example_skip_dag.py for tasks to queue
[2023-11-26T00:18:13.279+0000] {logging_mixin.py:154} INFO - [2023-11-26T00:18:13.277+0000] {dagbag.py:536} INFO - Filling up the DagBag from /home/airflow/.local/lib/python3.8/site-packages/airflow/example_dags/example_skip_dag.py
[2023-11-26T00:18:13.368+0000] {processor.py:839} INFO - DAG(s) dict_keys(['example_skip_dag']) retrieved from /home/airflow/.local/lib/python3.8/site-packages/airflow/example_dags/example_skip_dag.py
[2023-11-26T00:18:13.682+0000] {logging_mixin.py:154} INFO - [2023-11-26T00:18:13.680+0000] {dag.py:2941} INFO - Sync 1 DAGs
[2023-11-26T00:18:13.841+0000] {logging_mixin.py:154} INFO - [2023-11-26T00:18:13.841+0000] {dag.py:3722} INFO - Setting next_dagrun for example_skip_dag to 2023-11-25T00:18:13.840245+00:00, run_after=2023-11-26T00:18:13.840245+00:00
[2023-11-26T00:18:14.035+0000] {processor.py:179} INFO - Processing /home/airflow/.local/lib/python3.8/site-packages/airflow/example_dags/example_skip_dag.py took 0.796 seconds
[2023-11-26T00:18:44.518+0000] {processor.py:157} INFO - Started process (PID=126) to work on /home/airflow/.local/lib/python3.8/site-packages/airflow/example_dags/example_skip_dag.py
[2023-11-26T00:18:44.522+0000] {processor.py:829} INFO - Processing file /home/airflow/.local/lib/python3.8/site-packages/airflow/example_dags/example_skip_dag.py for tasks to queue
[2023-11-26T00:18:44.533+0000] {logging_mixin.py:154} INFO - [2023-11-26T00:18:44.531+0000] {dagbag.py:536} INFO - Filling up the DagBag from /home/airflow/.local/lib/python3.8/site-packages/airflow/example_dags/example_skip_dag.py
[2023-11-26T00:18:44.565+0000] {processor.py:839} INFO - DAG(s) dict_keys(['example_skip_dag']) retrieved from /home/airflow/.local/lib/python3.8/site-packages/airflow/example_dags/example_skip_dag.py
[2023-11-26T00:18:44.678+0000] {logging_mixin.py:154} INFO - [2023-11-26T00:18:44.677+0000] {dag.py:2941} INFO - Sync 1 DAGs
[2023-11-26T00:18:44.746+0000] {logging_mixin.py:154} INFO - [2023-11-26T00:18:44.746+0000] {dag.py:3722} INFO - Setting next_dagrun for example_skip_dag to 2023-11-25T00:18:44.745579+00:00, run_after=2023-11-26T00:18:44.745579+00:00
[2023-11-26T00:18:44.882+0000] {processor.py:179} INFO - Processing /home/airflow/.local/lib/python3.8/site-packages/airflow/example_dags/example_skip_dag.py took 0.373 seconds
[2023-11-26T00:19:15.265+0000] {processor.py:157} INFO - Started process (PID=180) to work on /home/airflow/.local/lib/python3.8/site-packages/airflow/example_dags/example_skip_dag.py
[2023-11-26T00:19:15.273+0000] {processor.py:829} INFO - Processing file /home/airflow/.local/lib/python3.8/site-packages/airflow/example_dags/example_skip_dag.py for tasks to queue
[2023-11-26T00:19:15.301+0000] {logging_mixin.py:154} INFO - [2023-11-26T00:19:15.300+0000] {dagbag.py:536} INFO - Filling up the DagBag from /home/airflow/.local/lib/python3.8/site-packages/airflow/example_dags/example_skip_dag.py
[2023-11-26T00:19:15.324+0000] {processor.py:839} INFO - DAG(s) dict_keys(['example_skip_dag']) retrieved from /home/airflow/.local/lib/python3.8/site-packages/airflow/example_dags/example_skip_dag.py
[2023-11-26T00:19:15.380+0000] {logging_mixin.py:154} INFO - [2023-11-26T00:19:15.379+0000] {dag.py:2941} INFO - Sync 1 DAGs
[2023-11-26T00:19:15.474+0000] {logging_mixin.py:154} INFO - [2023-11-26T00:19:15.472+0000] {dag.py:3722} INFO - Setting next_dagrun for example_skip_dag to 2023-11-25T00:19:15.471074+00:00, run_after=2023-11-26T00:19:15.471074+00:00
[2023-11-26T00:19:15.583+0000] {processor.py:179} INFO - Processing /home/airflow/.local/lib/python3.8/site-packages/airflow/example_dags/example_skip_dag.py took 0.329 seconds
[2023-11-26T00:19:46.875+0000] {processor.py:157} INFO - Started process (PID=234) to work on /home/airflow/.local/lib/python3.8/site-packages/airflow/example_dags/example_skip_dag.py
[2023-11-26T00:19:46.880+0000] {processor.py:829} INFO - Processing file /home/airflow/.local/lib/python3.8/site-packages/airflow/example_dags/example_skip_dag.py for tasks to queue
[2023-11-26T00:19:46.895+0000] {logging_mixin.py:154} INFO - [2023-11-26T00:19:46.894+0000] {dagbag.py:536} INFO - Filling up the DagBag from /home/airflow/.local/lib/python3.8/site-packages/airflow/example_dags/example_skip_dag.py
[2023-11-26T00:19:46.931+0000] {processor.py:839} INFO - DAG(s) dict_keys(['example_skip_dag']) retrieved from /home/airflow/.local/lib/python3.8/site-packages/airflow/example_dags/example_skip_dag.py
[2023-11-26T00:19:47.074+0000] {logging_mixin.py:154} INFO - [2023-11-26T00:19:47.073+0000] {dag.py:2941} INFO - Sync 1 DAGs
[2023-11-26T00:19:47.209+0000] {logging_mixin.py:154} INFO - [2023-11-26T00:19:47.207+0000] {dag.py:3722} INFO - Setting next_dagrun for example_skip_dag to 2023-11-25T00:19:47.205358+00:00, run_after=2023-11-26T00:19:47.205358+00:00
[2023-11-26T00:19:47.302+0000] {processor.py:179} INFO - Processing /home/airflow/.local/lib/python3.8/site-packages/airflow/example_dags/example_skip_dag.py took 0.437 seconds
[2023-11-26T00:20:17.602+0000] {processor.py:157} INFO - Started process (PID=287) to work on /home/airflow/.local/lib/python3.8/site-packages/airflow/example_dags/example_skip_dag.py
[2023-11-26T00:20:17.608+0000] {processor.py:829} INFO - Processing file /home/airflow/.local/lib/python3.8/site-packages/airflow/example_dags/example_skip_dag.py for tasks to queue
[2023-11-26T00:20:17.622+0000] {logging_mixin.py:154} INFO - [2023-11-26T00:20:17.621+0000] {dagbag.py:536} INFO - Filling up the DagBag from /home/airflow/.local/lib/python3.8/site-packages/airflow/example_dags/example_skip_dag.py
[2023-11-26T00:20:17.653+0000] {processor.py:839} INFO - DAG(s) dict_keys(['example_skip_dag']) retrieved from /home/airflow/.local/lib/python3.8/site-packages/airflow/example_dags/example_skip_dag.py
[2023-11-26T00:20:17.779+0000] {logging_mixin.py:154} INFO - [2023-11-26T00:20:17.777+0000] {dag.py:2941} INFO - Sync 1 DAGs
[2023-11-26T00:20:17.894+0000] {logging_mixin.py:154} INFO - [2023-11-26T00:20:17.893+0000] {dag.py:3722} INFO - Setting next_dagrun for example_skip_dag to 2023-11-25T00:20:17.892882+00:00, run_after=2023-11-26T00:20:17.892882+00:00
[2023-11-26T00:20:18.039+0000] {processor.py:179} INFO - Processing /home/airflow/.local/lib/python3.8/site-packages/airflow/example_dags/example_skip_dag.py took 0.452 seconds
[2023-11-26T00:20:48.261+0000] {processor.py:157} INFO - Started process (PID=341) to work on /home/airflow/.local/lib/python3.8/site-packages/airflow/example_dags/example_skip_dag.py
[2023-11-26T00:20:48.265+0000] {processor.py:829} INFO - Processing file /home/airflow/.local/lib/python3.8/site-packages/airflow/example_dags/example_skip_dag.py for tasks to queue
[2023-11-26T00:20:48.276+0000] {logging_mixin.py:154} INFO - [2023-11-26T00:20:48.275+0000] {dagbag.py:536} INFO - Filling up the DagBag from /home/airflow/.local/lib/python3.8/site-packages/airflow/example_dags/example_skip_dag.py
[2023-11-26T00:20:48.297+0000] {processor.py:839} INFO - DAG(s) dict_keys(['example_skip_dag']) retrieved from /home/airflow/.local/lib/python3.8/site-packages/airflow/example_dags/example_skip_dag.py
[2023-11-26T00:20:48.369+0000] {logging_mixin.py:154} INFO - [2023-11-26T00:20:48.369+0000] {dag.py:2941} INFO - Sync 1 DAGs
[2023-11-26T00:20:48.470+0000] {logging_mixin.py:154} INFO - [2023-11-26T00:20:48.469+0000] {dag.py:3722} INFO - Setting next_dagrun for example_skip_dag to 2023-11-25T00:20:48.466632+00:00, run_after=2023-11-26T00:20:48.466632+00:00
[2023-11-26T00:20:48.542+0000] {processor.py:179} INFO - Processing /home/airflow/.local/lib/python3.8/site-packages/airflow/example_dags/example_skip_dag.py took 0.288 seconds
[2023-11-26T00:21:19.077+0000] {processor.py:157} INFO - Started process (PID=395) to work on /home/airflow/.local/lib/python3.8/site-packages/airflow/example_dags/example_skip_dag.py
[2023-11-26T00:21:19.081+0000] {processor.py:829} INFO - Processing file /home/airflow/.local/lib/python3.8/site-packages/airflow/example_dags/example_skip_dag.py for tasks to queue
[2023-11-26T00:21:19.089+0000] {logging_mixin.py:154} INFO - [2023-11-26T00:21:19.088+0000] {dagbag.py:536} INFO - Filling up the DagBag from /home/airflow/.local/lib/python3.8/site-packages/airflow/example_dags/example_skip_dag.py
[2023-11-26T00:21:19.124+0000] {processor.py:839} INFO - DAG(s) dict_keys(['example_skip_dag']) retrieved from /home/airflow/.local/lib/python3.8/site-packages/airflow/example_dags/example_skip_dag.py
[2023-11-26T00:21:19.233+0000] {logging_mixin.py:154} INFO - [2023-11-26T00:21:19.232+0000] {dag.py:2941} INFO - Sync 1 DAGs
[2023-11-26T00:21:19.374+0000] {logging_mixin.py:154} INFO - [2023-11-26T00:21:19.372+0000] {dag.py:3722} INFO - Setting next_dagrun for example_skip_dag to 2023-11-25T00:21:19.370314+00:00, run_after=2023-11-26T00:21:19.370314+00:00
[2023-11-26T00:21:19.468+0000] {processor.py:179} INFO - Processing /home/airflow/.local/lib/python3.8/site-packages/airflow/example_dags/example_skip_dag.py took 0.405 seconds
[2023-11-26T00:21:50.114+0000] {processor.py:157} INFO - Started process (PID=449) to work on /home/airflow/.local/lib/python3.8/site-packages/airflow/example_dags/example_skip_dag.py
[2023-11-26T00:21:50.141+0000] {processor.py:829} INFO - Processing file /home/airflow/.local/lib/python3.8/site-packages/airflow/example_dags/example_skip_dag.py for tasks to queue
[2023-11-26T00:21:50.205+0000] {logging_mixin.py:154} INFO - [2023-11-26T00:21:50.199+0000] {dagbag.py:536} INFO - Filling up the DagBag from /home/airflow/.local/lib/python3.8/site-packages/airflow/example_dags/example_skip_dag.py
[2023-11-26T00:21:50.346+0000] {processor.py:839} INFO - DAG(s) dict_keys(['example_skip_dag']) retrieved from /home/airflow/.local/lib/python3.8/site-packages/airflow/example_dags/example_skip_dag.py
[2023-11-26T00:21:50.677+0000] {logging_mixin.py:154} INFO - [2023-11-26T00:21:50.675+0000] {dag.py:2941} INFO - Sync 1 DAGs
[2023-11-26T00:21:51.062+0000] {logging_mixin.py:154} INFO - [2023-11-26T00:21:51.060+0000] {dag.py:3722} INFO - Setting next_dagrun for example_skip_dag to 2023-11-25T00:21:51.059230+00:00, run_after=2023-11-26T00:21:51.059230+00:00
[2023-11-26T00:21:51.348+0000] {processor.py:179} INFO - Processing /home/airflow/.local/lib/python3.8/site-packages/airflow/example_dags/example_skip_dag.py took 1.303 seconds
[2023-11-26T00:22:22.288+0000] {processor.py:157} INFO - Started process (PID=503) to work on /home/airflow/.local/lib/python3.8/site-packages/airflow/example_dags/example_skip_dag.py
[2023-11-26T00:22:22.310+0000] {processor.py:829} INFO - Processing file /home/airflow/.local/lib/python3.8/site-packages/airflow/example_dags/example_skip_dag.py for tasks to queue
[2023-11-26T00:22:22.341+0000] {logging_mixin.py:154} INFO - [2023-11-26T00:22:22.340+0000] {dagbag.py:536} INFO - Filling up the DagBag from /home/airflow/.local/lib/python3.8/site-packages/airflow/example_dags/example_skip_dag.py
[2023-11-26T00:22:22.426+0000] {processor.py:839} INFO - DAG(s) dict_keys(['example_skip_dag']) retrieved from /home/airflow/.local/lib/python3.8/site-packages/airflow/example_dags/example_skip_dag.py
[2023-11-26T00:22:22.682+0000] {logging_mixin.py:154} INFO - [2023-11-26T00:22:22.681+0000] {dag.py:2941} INFO - Sync 1 DAGs
[2023-11-26T00:22:22.920+0000] {logging_mixin.py:154} INFO - [2023-11-26T00:22:22.919+0000] {dag.py:3722} INFO - Setting next_dagrun for example_skip_dag to 2023-11-25T00:22:22.918148+00:00, run_after=2023-11-26T00:22:22.918148+00:00
[2023-11-26T00:22:23.097+0000] {processor.py:179} INFO - Processing /home/airflow/.local/lib/python3.8/site-packages/airflow/example_dags/example_skip_dag.py took 0.850 seconds
[2023-11-26T00:22:53.784+0000] {processor.py:157} INFO - Started process (PID=556) to work on /home/airflow/.local/lib/python3.8/site-packages/airflow/example_dags/example_skip_dag.py
[2023-11-26T00:22:53.787+0000] {processor.py:829} INFO - Processing file /home/airflow/.local/lib/python3.8/site-packages/airflow/example_dags/example_skip_dag.py for tasks to queue
[2023-11-26T00:22:53.797+0000] {logging_mixin.py:154} INFO - [2023-11-26T00:22:53.795+0000] {dagbag.py:536} INFO - Filling up the DagBag from /home/airflow/.local/lib/python3.8/site-packages/airflow/example_dags/example_skip_dag.py
[2023-11-26T00:22:53.811+0000] {processor.py:839} INFO - DAG(s) dict_keys(['example_skip_dag']) retrieved from /home/airflow/.local/lib/python3.8/site-packages/airflow/example_dags/example_skip_dag.py
[2023-11-26T00:22:53.881+0000] {logging_mixin.py:154} INFO - [2023-11-26T00:22:53.880+0000] {dag.py:2941} INFO - Sync 1 DAGs
[2023-11-26T00:22:54.000+0000] {logging_mixin.py:154} INFO - [2023-11-26T00:22:54.000+0000] {dag.py:3722} INFO - Setting next_dagrun for example_skip_dag to 2023-11-25T00:22:53.999418+00:00, run_after=2023-11-26T00:22:53.999418+00:00
[2023-11-26T00:22:54.119+0000] {processor.py:179} INFO - Processing /home/airflow/.local/lib/python3.8/site-packages/airflow/example_dags/example_skip_dag.py took 0.345 seconds
[2023-11-26T00:23:24.800+0000] {processor.py:157} INFO - Started process (PID=618) to work on /home/airflow/.local/lib/python3.8/site-packages/airflow/example_dags/example_skip_dag.py
[2023-11-26T00:23:24.811+0000] {processor.py:829} INFO - Processing file /home/airflow/.local/lib/python3.8/site-packages/airflow/example_dags/example_skip_dag.py for tasks to queue
[2023-11-26T00:23:24.827+0000] {logging_mixin.py:154} INFO - [2023-11-26T00:23:24.819+0000] {dagbag.py:536} INFO - Filling up the DagBag from /home/airflow/.local/lib/python3.8/site-packages/airflow/example_dags/example_skip_dag.py
[2023-11-26T00:23:24.852+0000] {processor.py:839} INFO - DAG(s) dict_keys(['example_skip_dag']) retrieved from /home/airflow/.local/lib/python3.8/site-packages/airflow/example_dags/example_skip_dag.py
[2023-11-26T00:23:24.906+0000] {logging_mixin.py:154} INFO - [2023-11-26T00:23:24.905+0000] {dag.py:2941} INFO - Sync 1 DAGs
[2023-11-26T00:23:24.949+0000] {logging_mixin.py:154} INFO - [2023-11-26T00:23:24.948+0000] {dag.py:3722} INFO - Setting next_dagrun for example_skip_dag to 2023-11-25T00:23:24.948382+00:00, run_after=2023-11-26T00:23:24.948382+00:00
[2023-11-26T00:23:24.982+0000] {processor.py:179} INFO - Processing /home/airflow/.local/lib/python3.8/site-packages/airflow/example_dags/example_skip_dag.py took 0.196 seconds
[2023-11-26T00:23:55.524+0000] {processor.py:157} INFO - Started process (PID=672) to work on /home/airflow/.local/lib/python3.8/site-packages/airflow/example_dags/example_skip_dag.py
[2023-11-26T00:23:55.527+0000] {processor.py:829} INFO - Processing file /home/airflow/.local/lib/python3.8/site-packages/airflow/example_dags/example_skip_dag.py for tasks to queue
[2023-11-26T00:23:55.532+0000] {logging_mixin.py:154} INFO - [2023-11-26T00:23:55.531+0000] {dagbag.py:536} INFO - Filling up the DagBag from /home/airflow/.local/lib/python3.8/site-packages/airflow/example_dags/example_skip_dag.py
[2023-11-26T00:23:55.544+0000] {processor.py:839} INFO - DAG(s) dict_keys(['example_skip_dag']) retrieved from /home/airflow/.local/lib/python3.8/site-packages/airflow/example_dags/example_skip_dag.py
[2023-11-26T00:23:55.612+0000] {logging_mixin.py:154} INFO - [2023-11-26T00:23:55.611+0000] {dag.py:2941} INFO - Sync 1 DAGs
[2023-11-26T00:23:55.694+0000] {logging_mixin.py:154} INFO - [2023-11-26T00:23:55.694+0000] {dag.py:3722} INFO - Setting next_dagrun for example_skip_dag to 2023-11-25T00:23:55.693392+00:00, run_after=2023-11-26T00:23:55.693392+00:00
[2023-11-26T00:23:55.825+0000] {processor.py:179} INFO - Processing /home/airflow/.local/lib/python3.8/site-packages/airflow/example_dags/example_skip_dag.py took 0.305 seconds
[2023-11-26T00:24:25.935+0000] {processor.py:157} INFO - Started process (PID=726) to work on /home/airflow/.local/lib/python3.8/site-packages/airflow/example_dags/example_skip_dag.py
[2023-11-26T00:24:25.938+0000] {processor.py:829} INFO - Processing file /home/airflow/.local/lib/python3.8/site-packages/airflow/example_dags/example_skip_dag.py for tasks to queue
[2023-11-26T00:24:25.942+0000] {logging_mixin.py:154} INFO - [2023-11-26T00:24:25.941+0000] {dagbag.py:536} INFO - Filling up the DagBag from /home/airflow/.local/lib/python3.8/site-packages/airflow/example_dags/example_skip_dag.py
[2023-11-26T00:24:25.958+0000] {processor.py:839} INFO - DAG(s) dict_keys(['example_skip_dag']) retrieved from /home/airflow/.local/lib/python3.8/site-packages/airflow/example_dags/example_skip_dag.py
[2023-11-26T00:24:26.033+0000] {logging_mixin.py:154} INFO - [2023-11-26T00:24:26.032+0000] {dag.py:2941} INFO - Sync 1 DAGs
[2023-11-26T00:24:26.092+0000] {logging_mixin.py:154} INFO - [2023-11-26T00:24:26.092+0000] {dag.py:3722} INFO - Setting next_dagrun for example_skip_dag to 2023-11-25T00:24:26.092001+00:00, run_after=2023-11-26T00:24:26.092001+00:00
[2023-11-26T00:24:26.149+0000] {processor.py:179} INFO - Processing /home/airflow/.local/lib/python3.8/site-packages/airflow/example_dags/example_skip_dag.py took 0.223 seconds
[2023-11-26T00:24:56.642+0000] {processor.py:157} INFO - Started process (PID=780) to work on /home/airflow/.local/lib/python3.8/site-packages/airflow/example_dags/example_skip_dag.py
[2023-11-26T00:24:56.648+0000] {processor.py:829} INFO - Processing file /home/airflow/.local/lib/python3.8/site-packages/airflow/example_dags/example_skip_dag.py for tasks to queue
[2023-11-26T00:24:56.656+0000] {logging_mixin.py:154} INFO - [2023-11-26T00:24:56.654+0000] {dagbag.py:536} INFO - Filling up the DagBag from /home/airflow/.local/lib/python3.8/site-packages/airflow/example_dags/example_skip_dag.py
[2023-11-26T00:24:56.686+0000] {processor.py:839} INFO - DAG(s) dict_keys(['example_skip_dag']) retrieved from /home/airflow/.local/lib/python3.8/site-packages/airflow/example_dags/example_skip_dag.py
[2023-11-26T00:24:56.736+0000] {logging_mixin.py:154} INFO - [2023-11-26T00:24:56.735+0000] {dag.py:2941} INFO - Sync 1 DAGs
[2023-11-26T00:24:56.827+0000] {logging_mixin.py:154} INFO - [2023-11-26T00:24:56.826+0000] {dag.py:3722} INFO - Setting next_dagrun for example_skip_dag to 2023-11-25T00:24:56.826396+00:00, run_after=2023-11-26T00:24:56.826396+00:00
[2023-11-26T00:24:56.901+0000] {processor.py:179} INFO - Processing /home/airflow/.local/lib/python3.8/site-packages/airflow/example_dags/example_skip_dag.py took 0.274 seconds
[2023-11-26T00:25:27.461+0000] {processor.py:157} INFO - Started process (PID=834) to work on /home/airflow/.local/lib/python3.8/site-packages/airflow/example_dags/example_skip_dag.py
[2023-11-26T00:25:27.463+0000] {processor.py:829} INFO - Processing file /home/airflow/.local/lib/python3.8/site-packages/airflow/example_dags/example_skip_dag.py for tasks to queue
[2023-11-26T00:25:27.469+0000] {logging_mixin.py:154} INFO - [2023-11-26T00:25:27.468+0000] {dagbag.py:536} INFO - Filling up the DagBag from /home/airflow/.local/lib/python3.8/site-packages/airflow/example_dags/example_skip_dag.py
[2023-11-26T00:25:27.481+0000] {processor.py:839} INFO - DAG(s) dict_keys(['example_skip_dag']) retrieved from /home/airflow/.local/lib/python3.8/site-packages/airflow/example_dags/example_skip_dag.py
[2023-11-26T00:25:27.526+0000] {logging_mixin.py:154} INFO - [2023-11-26T00:25:27.525+0000] {dag.py:2941} INFO - Sync 1 DAGs
[2023-11-26T00:25:27.572+0000] {logging_mixin.py:154} INFO - [2023-11-26T00:25:27.572+0000] {dag.py:3722} INFO - Setting next_dagrun for example_skip_dag to 2023-11-25T00:25:27.571750+00:00, run_after=2023-11-26T00:25:27.571750+00:00
[2023-11-26T00:25:27.628+0000] {processor.py:179} INFO - Processing /home/airflow/.local/lib/python3.8/site-packages/airflow/example_dags/example_skip_dag.py took 0.174 seconds
[2023-11-26T00:25:58.499+0000] {processor.py:157} INFO - Started process (PID=888) to work on /home/airflow/.local/lib/python3.8/site-packages/airflow/example_dags/example_skip_dag.py
[2023-11-26T00:25:58.502+0000] {processor.py:829} INFO - Processing file /home/airflow/.local/lib/python3.8/site-packages/airflow/example_dags/example_skip_dag.py for tasks to queue
[2023-11-26T00:25:58.505+0000] {logging_mixin.py:154} INFO - [2023-11-26T00:25:58.505+0000] {dagbag.py:536} INFO - Filling up the DagBag from /home/airflow/.local/lib/python3.8/site-packages/airflow/example_dags/example_skip_dag.py
[2023-11-26T00:25:58.516+0000] {processor.py:839} INFO - DAG(s) dict_keys(['example_skip_dag']) retrieved from /home/airflow/.local/lib/python3.8/site-packages/airflow/example_dags/example_skip_dag.py
[2023-11-26T00:25:58.550+0000] {logging_mixin.py:154} INFO - [2023-11-26T00:25:58.549+0000] {dag.py:2941} INFO - Sync 1 DAGs
[2023-11-26T00:25:58.593+0000] {logging_mixin.py:154} INFO - [2023-11-26T00:25:58.592+0000] {dag.py:3722} INFO - Setting next_dagrun for example_skip_dag to 2023-11-25T00:25:58.591473+00:00, run_after=2023-11-26T00:25:58.591473+00:00
[2023-11-26T00:25:58.634+0000] {processor.py:179} INFO - Processing /home/airflow/.local/lib/python3.8/site-packages/airflow/example_dags/example_skip_dag.py took 0.143 seconds
[2023-11-26T00:26:28.875+0000] {processor.py:157} INFO - Started process (PID=942) to work on /home/airflow/.local/lib/python3.8/site-packages/airflow/example_dags/example_skip_dag.py
[2023-11-26T00:26:28.878+0000] {processor.py:829} INFO - Processing file /home/airflow/.local/lib/python3.8/site-packages/airflow/example_dags/example_skip_dag.py for tasks to queue
[2023-11-26T00:26:28.883+0000] {logging_mixin.py:154} INFO - [2023-11-26T00:26:28.883+0000] {dagbag.py:536} INFO - Filling up the DagBag from /home/airflow/.local/lib/python3.8/site-packages/airflow/example_dags/example_skip_dag.py
[2023-11-26T00:26:28.896+0000] {processor.py:839} INFO - DAG(s) dict_keys(['example_skip_dag']) retrieved from /home/airflow/.local/lib/python3.8/site-packages/airflow/example_dags/example_skip_dag.py
[2023-11-26T00:26:28.944+0000] {logging_mixin.py:154} INFO - [2023-11-26T00:26:28.943+0000] {dag.py:2941} INFO - Sync 1 DAGs
[2023-11-26T00:26:28.994+0000] {logging_mixin.py:154} INFO - [2023-11-26T00:26:28.994+0000] {dag.py:3722} INFO - Setting next_dagrun for example_skip_dag to 2023-11-25T00:26:28.994283+00:00, run_after=2023-11-26T00:26:28.994283+00:00
[2023-11-26T00:26:29.039+0000] {processor.py:179} INFO - Processing /home/airflow/.local/lib/python3.8/site-packages/airflow/example_dags/example_skip_dag.py took 0.167 seconds
[2023-11-26T00:26:59.523+0000] {processor.py:157} INFO - Started process (PID=996) to work on /home/airflow/.local/lib/python3.8/site-packages/airflow/example_dags/example_skip_dag.py
[2023-11-26T00:26:59.525+0000] {processor.py:829} INFO - Processing file /home/airflow/.local/lib/python3.8/site-packages/airflow/example_dags/example_skip_dag.py for tasks to queue
[2023-11-26T00:26:59.529+0000] {logging_mixin.py:154} INFO - [2023-11-26T00:26:59.529+0000] {dagbag.py:536} INFO - Filling up the DagBag from /home/airflow/.local/lib/python3.8/site-packages/airflow/example_dags/example_skip_dag.py
[2023-11-26T00:26:59.542+0000] {processor.py:839} INFO - DAG(s) dict_keys(['example_skip_dag']) retrieved from /home/airflow/.local/lib/python3.8/site-packages/airflow/example_dags/example_skip_dag.py
[2023-11-26T00:26:59.581+0000] {logging_mixin.py:154} INFO - [2023-11-26T00:26:59.581+0000] {dag.py:2941} INFO - Sync 1 DAGs
[2023-11-26T00:26:59.620+0000] {logging_mixin.py:154} INFO - [2023-11-26T00:26:59.620+0000] {dag.py:3722} INFO - Setting next_dagrun for example_skip_dag to 2023-11-25T00:26:59.620172+00:00, run_after=2023-11-26T00:26:59.620172+00:00
[2023-11-26T00:26:59.655+0000] {processor.py:179} INFO - Processing /home/airflow/.local/lib/python3.8/site-packages/airflow/example_dags/example_skip_dag.py took 0.137 seconds
[2023-11-26T00:27:30.205+0000] {processor.py:157} INFO - Started process (PID=1050) to work on /home/airflow/.local/lib/python3.8/site-packages/airflow/example_dags/example_skip_dag.py
[2023-11-26T00:27:30.213+0000] {processor.py:829} INFO - Processing file /home/airflow/.local/lib/python3.8/site-packages/airflow/example_dags/example_skip_dag.py for tasks to queue
[2023-11-26T00:27:30.219+0000] {logging_mixin.py:154} INFO - [2023-11-26T00:27:30.219+0000] {dagbag.py:536} INFO - Filling up the DagBag from /home/airflow/.local/lib/python3.8/site-packages/airflow/example_dags/example_skip_dag.py
[2023-11-26T00:27:30.236+0000] {processor.py:839} INFO - DAG(s) dict_keys(['example_skip_dag']) retrieved from /home/airflow/.local/lib/python3.8/site-packages/airflow/example_dags/example_skip_dag.py
[2023-11-26T00:27:30.276+0000] {logging_mixin.py:154} INFO - [2023-11-26T00:27:30.276+0000] {dag.py:2941} INFO - Sync 1 DAGs
[2023-11-26T00:27:30.310+0000] {logging_mixin.py:154} INFO - [2023-11-26T00:27:30.309+0000] {dag.py:3722} INFO - Setting next_dagrun for example_skip_dag to 2023-11-25T00:27:30.309343+00:00, run_after=2023-11-26T00:27:30.309343+00:00
[2023-11-26T00:27:30.342+0000] {processor.py:179} INFO - Processing /home/airflow/.local/lib/python3.8/site-packages/airflow/example_dags/example_skip_dag.py took 0.145 seconds
[2023-11-26T00:28:00.980+0000] {processor.py:157} INFO - Started process (PID=1104) to work on /home/airflow/.local/lib/python3.8/site-packages/airflow/example_dags/example_skip_dag.py
[2023-11-26T00:28:00.981+0000] {processor.py:829} INFO - Processing file /home/airflow/.local/lib/python3.8/site-packages/airflow/example_dags/example_skip_dag.py for tasks to queue
[2023-11-26T00:28:00.984+0000] {logging_mixin.py:154} INFO - [2023-11-26T00:28:00.983+0000] {dagbag.py:536} INFO - Filling up the DagBag from /home/airflow/.local/lib/python3.8/site-packages/airflow/example_dags/example_skip_dag.py
[2023-11-26T00:28:00.992+0000] {processor.py:839} INFO - DAG(s) dict_keys(['example_skip_dag']) retrieved from /home/airflow/.local/lib/python3.8/site-packages/airflow/example_dags/example_skip_dag.py
[2023-11-26T00:28:01.024+0000] {logging_mixin.py:154} INFO - [2023-11-26T00:28:01.023+0000] {dag.py:2941} INFO - Sync 1 DAGs
[2023-11-26T00:28:01.049+0000] {logging_mixin.py:154} INFO - [2023-11-26T00:28:01.049+0000] {dag.py:3722} INFO - Setting next_dagrun for example_skip_dag to 2023-11-25T00:28:01.049548+00:00, run_after=2023-11-26T00:28:01.049548+00:00
[2023-11-26T00:28:01.081+0000] {processor.py:179} INFO - Processing /home/airflow/.local/lib/python3.8/site-packages/airflow/example_dags/example_skip_dag.py took 0.104 seconds
[2023-11-26T00:28:31.726+0000] {processor.py:157} INFO - Started process (PID=1155) to work on /home/airflow/.local/lib/python3.8/site-packages/airflow/example_dags/example_skip_dag.py
[2023-11-26T00:28:31.728+0000] {processor.py:829} INFO - Processing file /home/airflow/.local/lib/python3.8/site-packages/airflow/example_dags/example_skip_dag.py for tasks to queue
[2023-11-26T00:28:31.733+0000] {logging_mixin.py:154} INFO - [2023-11-26T00:28:31.732+0000] {dagbag.py:536} INFO - Filling up the DagBag from /home/airflow/.local/lib/python3.8/site-packages/airflow/example_dags/example_skip_dag.py
[2023-11-26T00:28:31.739+0000] {processor.py:839} INFO - DAG(s) dict_keys(['example_skip_dag']) retrieved from /home/airflow/.local/lib/python3.8/site-packages/airflow/example_dags/example_skip_dag.py
[2023-11-26T00:28:31.767+0000] {logging_mixin.py:154} INFO - [2023-11-26T00:28:31.767+0000] {dag.py:2941} INFO - Sync 1 DAGs
[2023-11-26T00:28:31.800+0000] {logging_mixin.py:154} INFO - [2023-11-26T00:28:31.800+0000] {dag.py:3722} INFO - Setting next_dagrun for example_skip_dag to 2023-11-25T00:28:31.799685+00:00, run_after=2023-11-26T00:28:31.799685+00:00
[2023-11-26T00:28:31.824+0000] {processor.py:179} INFO - Processing /home/airflow/.local/lib/python3.8/site-packages/airflow/example_dags/example_skip_dag.py took 0.104 seconds
[2023-11-26T00:29:02.680+0000] {processor.py:157} INFO - Started process (PID=1209) to work on /home/airflow/.local/lib/python3.8/site-packages/airflow/example_dags/example_skip_dag.py
[2023-11-26T00:29:02.683+0000] {processor.py:829} INFO - Processing file /home/airflow/.local/lib/python3.8/site-packages/airflow/example_dags/example_skip_dag.py for tasks to queue
[2023-11-26T00:29:02.690+0000] {logging_mixin.py:154} INFO - [2023-11-26T00:29:02.690+0000] {dagbag.py:536} INFO - Filling up the DagBag from /home/airflow/.local/lib/python3.8/site-packages/airflow/example_dags/example_skip_dag.py
[2023-11-26T00:29:02.700+0000] {processor.py:839} INFO - DAG(s) dict_keys(['example_skip_dag']) retrieved from /home/airflow/.local/lib/python3.8/site-packages/airflow/example_dags/example_skip_dag.py
[2023-11-26T00:29:02.732+0000] {logging_mixin.py:154} INFO - [2023-11-26T00:29:02.732+0000] {dag.py:2941} INFO - Sync 1 DAGs
[2023-11-26T00:29:02.760+0000] {logging_mixin.py:154} INFO - [2023-11-26T00:29:02.760+0000] {dag.py:3722} INFO - Setting next_dagrun for example_skip_dag to 2023-11-25T00:29:02.759998+00:00, run_after=2023-11-26T00:29:02.759998+00:00
[2023-11-26T00:29:02.792+0000] {processor.py:179} INFO - Processing /home/airflow/.local/lib/python3.8/site-packages/airflow/example_dags/example_skip_dag.py took 0.123 seconds
[2023-11-26T00:29:33.113+0000] {processor.py:157} INFO - Started process (PID=1263) to work on /home/airflow/.local/lib/python3.8/site-packages/airflow/example_dags/example_skip_dag.py
[2023-11-26T00:29:33.117+0000] {processor.py:829} INFO - Processing file /home/airflow/.local/lib/python3.8/site-packages/airflow/example_dags/example_skip_dag.py for tasks to queue
[2023-11-26T00:29:33.126+0000] {logging_mixin.py:154} INFO - [2023-11-26T00:29:33.125+0000] {dagbag.py:536} INFO - Filling up the DagBag from /home/airflow/.local/lib/python3.8/site-packages/airflow/example_dags/example_skip_dag.py
[2023-11-26T00:29:33.138+0000] {processor.py:839} INFO - DAG(s) dict_keys(['example_skip_dag']) retrieved from /home/airflow/.local/lib/python3.8/site-packages/airflow/example_dags/example_skip_dag.py
[2023-11-26T00:29:33.202+0000] {logging_mixin.py:154} INFO - [2023-11-26T00:29:33.201+0000] {dag.py:2941} INFO - Sync 1 DAGs
[2023-11-26T00:29:33.257+0000] {logging_mixin.py:154} INFO - [2023-11-26T00:29:33.257+0000] {dag.py:3722} INFO - Setting next_dagrun for example_skip_dag to 2023-11-25T00:29:33.256624+00:00, run_after=2023-11-26T00:29:33.256624+00:00
[2023-11-26T00:29:33.330+0000] {processor.py:179} INFO - Processing /home/airflow/.local/lib/python3.8/site-packages/airflow/example_dags/example_skip_dag.py took 0.224 seconds
[2023-11-26T00:30:03.895+0000] {processor.py:157} INFO - Started process (PID=1317) to work on /home/airflow/.local/lib/python3.8/site-packages/airflow/example_dags/example_skip_dag.py
[2023-11-26T00:30:03.896+0000] {processor.py:829} INFO - Processing file /home/airflow/.local/lib/python3.8/site-packages/airflow/example_dags/example_skip_dag.py for tasks to queue
[2023-11-26T00:30:03.900+0000] {logging_mixin.py:154} INFO - [2023-11-26T00:30:03.900+0000] {dagbag.py:536} INFO - Filling up the DagBag from /home/airflow/.local/lib/python3.8/site-packages/airflow/example_dags/example_skip_dag.py
[2023-11-26T00:30:03.909+0000] {processor.py:839} INFO - DAG(s) dict_keys(['example_skip_dag']) retrieved from /home/airflow/.local/lib/python3.8/site-packages/airflow/example_dags/example_skip_dag.py
[2023-11-26T00:30:03.949+0000] {logging_mixin.py:154} INFO - [2023-11-26T00:30:03.948+0000] {dag.py:2941} INFO - Sync 1 DAGs
[2023-11-26T00:30:03.990+0000] {logging_mixin.py:154} INFO - [2023-11-26T00:30:03.990+0000] {dag.py:3722} INFO - Setting next_dagrun for example_skip_dag to 2023-11-25T00:30:03.990480+00:00, run_after=2023-11-26T00:30:03.990480+00:00
[2023-11-26T00:30:04.036+0000] {processor.py:179} INFO - Processing /home/airflow/.local/lib/python3.8/site-packages/airflow/example_dags/example_skip_dag.py took 0.146 seconds
[2023-11-26T00:30:34.186+0000] {processor.py:157} INFO - Started process (PID=1371) to work on /home/airflow/.local/lib/python3.8/site-packages/airflow/example_dags/example_skip_dag.py
[2023-11-26T00:30:34.187+0000] {processor.py:829} INFO - Processing file /home/airflow/.local/lib/python3.8/site-packages/airflow/example_dags/example_skip_dag.py for tasks to queue
[2023-11-26T00:30:34.189+0000] {logging_mixin.py:154} INFO - [2023-11-26T00:30:34.189+0000] {dagbag.py:536} INFO - Filling up the DagBag from /home/airflow/.local/lib/python3.8/site-packages/airflow/example_dags/example_skip_dag.py
[2023-11-26T00:30:34.195+0000] {processor.py:839} INFO - DAG(s) dict_keys(['example_skip_dag']) retrieved from /home/airflow/.local/lib/python3.8/site-packages/airflow/example_dags/example_skip_dag.py
[2023-11-26T00:30:34.216+0000] {logging_mixin.py:154} INFO - [2023-11-26T00:30:34.216+0000] {dag.py:2941} INFO - Sync 1 DAGs
[2023-11-26T00:30:34.236+0000] {logging_mixin.py:154} INFO - [2023-11-26T00:30:34.236+0000] {dag.py:3722} INFO - Setting next_dagrun for example_skip_dag to 2023-11-25T00:30:34.236151+00:00, run_after=2023-11-26T00:30:34.236151+00:00
[2023-11-26T00:30:34.257+0000] {processor.py:179} INFO - Processing /home/airflow/.local/lib/python3.8/site-packages/airflow/example_dags/example_skip_dag.py took 0.074 seconds
[2023-11-26T00:31:04.622+0000] {processor.py:157} INFO - Started process (PID=1425) to work on /home/airflow/.local/lib/python3.8/site-packages/airflow/example_dags/example_skip_dag.py
[2023-11-26T00:31:04.625+0000] {processor.py:829} INFO - Processing file /home/airflow/.local/lib/python3.8/site-packages/airflow/example_dags/example_skip_dag.py for tasks to queue
[2023-11-26T00:31:04.629+0000] {logging_mixin.py:154} INFO - [2023-11-26T00:31:04.629+0000] {dagbag.py:536} INFO - Filling up the DagBag from /home/airflow/.local/lib/python3.8/site-packages/airflow/example_dags/example_skip_dag.py
[2023-11-26T00:31:04.641+0000] {processor.py:839} INFO - DAG(s) dict_keys(['example_skip_dag']) retrieved from /home/airflow/.local/lib/python3.8/site-packages/airflow/example_dags/example_skip_dag.py
[2023-11-26T00:31:04.678+0000] {logging_mixin.py:154} INFO - [2023-11-26T00:31:04.678+0000] {dag.py:2941} INFO - Sync 1 DAGs
[2023-11-26T00:31:04.707+0000] {logging_mixin.py:154} INFO - [2023-11-26T00:31:04.706+0000] {dag.py:3722} INFO - Setting next_dagrun for example_skip_dag to 2023-11-25T00:31:04.706648+00:00, run_after=2023-11-26T00:31:04.706648+00:00
[2023-11-26T00:31:04.737+0000] {processor.py:179} INFO - Processing /home/airflow/.local/lib/python3.8/site-packages/airflow/example_dags/example_skip_dag.py took 0.123 seconds
[2023-11-26T00:31:35.156+0000] {processor.py:157} INFO - Started process (PID=1479) to work on /home/airflow/.local/lib/python3.8/site-packages/airflow/example_dags/example_skip_dag.py
[2023-11-26T00:31:35.159+0000] {processor.py:829} INFO - Processing file /home/airflow/.local/lib/python3.8/site-packages/airflow/example_dags/example_skip_dag.py for tasks to queue
[2023-11-26T00:31:35.170+0000] {logging_mixin.py:154} INFO - [2023-11-26T00:31:35.169+0000] {dagbag.py:536} INFO - Filling up the DagBag from /home/airflow/.local/lib/python3.8/site-packages/airflow/example_dags/example_skip_dag.py
[2023-11-26T00:31:35.189+0000] {processor.py:839} INFO - DAG(s) dict_keys(['example_skip_dag']) retrieved from /home/airflow/.local/lib/python3.8/site-packages/airflow/example_dags/example_skip_dag.py
[2023-11-26T00:31:35.229+0000] {logging_mixin.py:154} INFO - [2023-11-26T00:31:35.229+0000] {dag.py:2941} INFO - Sync 1 DAGs
[2023-11-26T00:31:35.260+0000] {logging_mixin.py:154} INFO - [2023-11-26T00:31:35.260+0000] {dag.py:3722} INFO - Setting next_dagrun for example_skip_dag to 2023-11-25T00:31:35.260295+00:00, run_after=2023-11-26T00:31:35.260295+00:00
[2023-11-26T00:31:35.302+0000] {processor.py:179} INFO - Processing /home/airflow/.local/lib/python3.8/site-packages/airflow/example_dags/example_skip_dag.py took 0.151 seconds
[2023-11-26T00:32:05.740+0000] {processor.py:157} INFO - Started process (PID=1533) to work on /home/airflow/.local/lib/python3.8/site-packages/airflow/example_dags/example_skip_dag.py
[2023-11-26T00:32:05.743+0000] {processor.py:829} INFO - Processing file /home/airflow/.local/lib/python3.8/site-packages/airflow/example_dags/example_skip_dag.py for tasks to queue
[2023-11-26T00:32:05.750+0000] {logging_mixin.py:154} INFO - [2023-11-26T00:32:05.750+0000] {dagbag.py:536} INFO - Filling up the DagBag from /home/airflow/.local/lib/python3.8/site-packages/airflow/example_dags/example_skip_dag.py
[2023-11-26T00:32:05.760+0000] {processor.py:839} INFO - DAG(s) dict_keys(['example_skip_dag']) retrieved from /home/airflow/.local/lib/python3.8/site-packages/airflow/example_dags/example_skip_dag.py
[2023-11-26T00:32:05.792+0000] {logging_mixin.py:154} INFO - [2023-11-26T00:32:05.792+0000] {dag.py:2941} INFO - Sync 1 DAGs
[2023-11-26T00:32:05.829+0000] {logging_mixin.py:154} INFO - [2023-11-26T00:32:05.828+0000] {dag.py:3722} INFO - Setting next_dagrun for example_skip_dag to 2023-11-25T00:32:05.828544+00:00, run_after=2023-11-26T00:32:05.828544+00:00
[2023-11-26T00:32:05.872+0000] {processor.py:179} INFO - Processing /home/airflow/.local/lib/python3.8/site-packages/airflow/example_dags/example_skip_dag.py took 0.140 seconds
[2023-11-26T00:32:36.857+0000] {processor.py:157} INFO - Started process (PID=1587) to work on /home/airflow/.local/lib/python3.8/site-packages/airflow/example_dags/example_skip_dag.py
[2023-11-26T00:32:36.858+0000] {processor.py:829} INFO - Processing file /home/airflow/.local/lib/python3.8/site-packages/airflow/example_dags/example_skip_dag.py for tasks to queue
[2023-11-26T00:32:36.861+0000] {logging_mixin.py:154} INFO - [2023-11-26T00:32:36.860+0000] {dagbag.py:536} INFO - Filling up the DagBag from /home/airflow/.local/lib/python3.8/site-packages/airflow/example_dags/example_skip_dag.py
[2023-11-26T00:32:36.866+0000] {processor.py:839} INFO - DAG(s) dict_keys(['example_skip_dag']) retrieved from /home/airflow/.local/lib/python3.8/site-packages/airflow/example_dags/example_skip_dag.py
[2023-11-26T00:32:36.886+0000] {logging_mixin.py:154} INFO - [2023-11-26T00:32:36.886+0000] {dag.py:2941} INFO - Sync 1 DAGs
[2023-11-26T00:32:36.904+0000] {logging_mixin.py:154} INFO - [2023-11-26T00:32:36.904+0000] {dag.py:3722} INFO - Setting next_dagrun for example_skip_dag to 2023-11-25T00:32:36.904263+00:00, run_after=2023-11-26T00:32:36.904263+00:00
[2023-11-26T00:32:36.928+0000] {processor.py:179} INFO - Processing /home/airflow/.local/lib/python3.8/site-packages/airflow/example_dags/example_skip_dag.py took 0.073 seconds
[2023-11-26T00:33:07.220+0000] {processor.py:157} INFO - Started process (PID=1641) to work on /home/airflow/.local/lib/python3.8/site-packages/airflow/example_dags/example_skip_dag.py
[2023-11-26T00:33:07.222+0000] {processor.py:829} INFO - Processing file /home/airflow/.local/lib/python3.8/site-packages/airflow/example_dags/example_skip_dag.py for tasks to queue
[2023-11-26T00:33:07.224+0000] {logging_mixin.py:154} INFO - [2023-11-26T00:33:07.223+0000] {dagbag.py:536} INFO - Filling up the DagBag from /home/airflow/.local/lib/python3.8/site-packages/airflow/example_dags/example_skip_dag.py
[2023-11-26T00:33:07.228+0000] {processor.py:839} INFO - DAG(s) dict_keys(['example_skip_dag']) retrieved from /home/airflow/.local/lib/python3.8/site-packages/airflow/example_dags/example_skip_dag.py
[2023-11-26T00:33:07.246+0000] {logging_mixin.py:154} INFO - [2023-11-26T00:33:07.246+0000] {dag.py:2941} INFO - Sync 1 DAGs
[2023-11-26T00:33:07.265+0000] {logging_mixin.py:154} INFO - [2023-11-26T00:33:07.264+0000] {dag.py:3722} INFO - Setting next_dagrun for example_skip_dag to 2023-11-25T00:33:07.264802+00:00, run_after=2023-11-26T00:33:07.264802+00:00
[2023-11-26T00:33:07.285+0000] {processor.py:179} INFO - Processing /home/airflow/.local/lib/python3.8/site-packages/airflow/example_dags/example_skip_dag.py took 0.067 seconds
[2023-11-26T00:33:37.747+0000] {processor.py:157} INFO - Started process (PID=1695) to work on /home/airflow/.local/lib/python3.8/site-packages/airflow/example_dags/example_skip_dag.py
[2023-11-26T00:33:37.749+0000] {processor.py:829} INFO - Processing file /home/airflow/.local/lib/python3.8/site-packages/airflow/example_dags/example_skip_dag.py for tasks to queue
[2023-11-26T00:33:37.753+0000] {logging_mixin.py:154} INFO - [2023-11-26T00:33:37.753+0000] {dagbag.py:536} INFO - Filling up the DagBag from /home/airflow/.local/lib/python3.8/site-packages/airflow/example_dags/example_skip_dag.py
[2023-11-26T00:33:37.765+0000] {processor.py:839} INFO - DAG(s) dict_keys(['example_skip_dag']) retrieved from /home/airflow/.local/lib/python3.8/site-packages/airflow/example_dags/example_skip_dag.py
[2023-11-26T00:33:37.802+0000] {logging_mixin.py:154} INFO - [2023-11-26T00:33:37.802+0000] {dag.py:2941} INFO - Sync 1 DAGs
[2023-11-26T00:33:37.829+0000] {logging_mixin.py:154} INFO - [2023-11-26T00:33:37.829+0000] {dag.py:3722} INFO - Setting next_dagrun for example_skip_dag to 2023-11-25T00:33:37.829086+00:00, run_after=2023-11-26T00:33:37.829086+00:00
[2023-11-26T00:33:37.855+0000] {processor.py:179} INFO - Processing /home/airflow/.local/lib/python3.8/site-packages/airflow/example_dags/example_skip_dag.py took 0.114 seconds
[2023-11-26T00:34:08.633+0000] {processor.py:157} INFO - Started process (PID=1749) to work on /home/airflow/.local/lib/python3.8/site-packages/airflow/example_dags/example_skip_dag.py
[2023-11-26T00:34:08.634+0000] {processor.py:829} INFO - Processing file /home/airflow/.local/lib/python3.8/site-packages/airflow/example_dags/example_skip_dag.py for tasks to queue
[2023-11-26T00:34:08.636+0000] {logging_mixin.py:154} INFO - [2023-11-26T00:34:08.636+0000] {dagbag.py:536} INFO - Filling up the DagBag from /home/airflow/.local/lib/python3.8/site-packages/airflow/example_dags/example_skip_dag.py
[2023-11-26T00:34:08.642+0000] {processor.py:839} INFO - DAG(s) dict_keys(['example_skip_dag']) retrieved from /home/airflow/.local/lib/python3.8/site-packages/airflow/example_dags/example_skip_dag.py
[2023-11-26T00:34:08.665+0000] {logging_mixin.py:154} INFO - [2023-11-26T00:34:08.665+0000] {dag.py:2941} INFO - Sync 1 DAGs
[2023-11-26T00:34:08.688+0000] {logging_mixin.py:154} INFO - [2023-11-26T00:34:08.688+0000] {dag.py:3722} INFO - Setting next_dagrun for example_skip_dag to 2023-11-25T00:34:08.687906+00:00, run_after=2023-11-26T00:34:08.687906+00:00
[2023-11-26T00:34:08.711+0000] {processor.py:179} INFO - Processing /home/airflow/.local/lib/python3.8/site-packages/airflow/example_dags/example_skip_dag.py took 0.082 seconds
[2023-11-26T00:34:39.016+0000] {processor.py:157} INFO - Started process (PID=1803) to work on /home/airflow/.local/lib/python3.8/site-packages/airflow/example_dags/example_skip_dag.py
[2023-11-26T00:34:39.018+0000] {processor.py:829} INFO - Processing file /home/airflow/.local/lib/python3.8/site-packages/airflow/example_dags/example_skip_dag.py for tasks to queue
[2023-11-26T00:34:39.022+0000] {logging_mixin.py:154} INFO - [2023-11-26T00:34:39.022+0000] {dagbag.py:536} INFO - Filling up the DagBag from /home/airflow/.local/lib/python3.8/site-packages/airflow/example_dags/example_skip_dag.py
[2023-11-26T00:34:39.028+0000] {processor.py:839} INFO - DAG(s) dict_keys(['example_skip_dag']) retrieved from /home/airflow/.local/lib/python3.8/site-packages/airflow/example_dags/example_skip_dag.py
[2023-11-26T00:34:39.048+0000] {logging_mixin.py:154} INFO - [2023-11-26T00:34:39.048+0000] {dag.py:2941} INFO - Sync 1 DAGs
[2023-11-26T00:34:39.071+0000] {logging_mixin.py:154} INFO - [2023-11-26T00:34:39.071+0000] {dag.py:3722} INFO - Setting next_dagrun for example_skip_dag to 2023-11-25T00:34:39.071500+00:00, run_after=2023-11-26T00:34:39.071500+00:00
[2023-11-26T00:34:39.095+0000] {processor.py:179} INFO - Processing /home/airflow/.local/lib/python3.8/site-packages/airflow/example_dags/example_skip_dag.py took 0.084 seconds
[2023-11-26T00:35:09.435+0000] {processor.py:157} INFO - Started process (PID=1857) to work on /home/airflow/.local/lib/python3.8/site-packages/airflow/example_dags/example_skip_dag.py
[2023-11-26T00:35:09.437+0000] {processor.py:829} INFO - Processing file /home/airflow/.local/lib/python3.8/site-packages/airflow/example_dags/example_skip_dag.py for tasks to queue
[2023-11-26T00:35:09.439+0000] {logging_mixin.py:154} INFO - [2023-11-26T00:35:09.439+0000] {dagbag.py:536} INFO - Filling up the DagBag from /home/airflow/.local/lib/python3.8/site-packages/airflow/example_dags/example_skip_dag.py
[2023-11-26T00:35:09.445+0000] {processor.py:839} INFO - DAG(s) dict_keys(['example_skip_dag']) retrieved from /home/airflow/.local/lib/python3.8/site-packages/airflow/example_dags/example_skip_dag.py
[2023-11-26T00:35:09.463+0000] {logging_mixin.py:154} INFO - [2023-11-26T00:35:09.463+0000] {dag.py:2941} INFO - Sync 1 DAGs
[2023-11-26T00:35:09.481+0000] {logging_mixin.py:154} INFO - [2023-11-26T00:35:09.481+0000] {dag.py:3722} INFO - Setting next_dagrun for example_skip_dag to 2023-11-25T00:35:09.481464+00:00, run_after=2023-11-26T00:35:09.481464+00:00
[2023-11-26T00:35:09.504+0000] {processor.py:179} INFO - Processing /home/airflow/.local/lib/python3.8/site-packages/airflow/example_dags/example_skip_dag.py took 0.072 seconds
[2023-11-26T00:35:39.812+0000] {processor.py:157} INFO - Started process (PID=1911) to work on /home/airflow/.local/lib/python3.8/site-packages/airflow/example_dags/example_skip_dag.py
[2023-11-26T00:35:39.813+0000] {processor.py:829} INFO - Processing file /home/airflow/.local/lib/python3.8/site-packages/airflow/example_dags/example_skip_dag.py for tasks to queue
[2023-11-26T00:35:39.817+0000] {logging_mixin.py:154} INFO - [2023-11-26T00:35:39.817+0000] {dagbag.py:536} INFO - Filling up the DagBag from /home/airflow/.local/lib/python3.8/site-packages/airflow/example_dags/example_skip_dag.py
[2023-11-26T00:35:39.823+0000] {processor.py:839} INFO - DAG(s) dict_keys(['example_skip_dag']) retrieved from /home/airflow/.local/lib/python3.8/site-packages/airflow/example_dags/example_skip_dag.py
[2023-11-26T00:35:39.842+0000] {logging_mixin.py:154} INFO - [2023-11-26T00:35:39.842+0000] {dag.py:2941} INFO - Sync 1 DAGs
[2023-11-26T00:35:39.863+0000] {logging_mixin.py:154} INFO - [2023-11-26T00:35:39.862+0000] {dag.py:3722} INFO - Setting next_dagrun for example_skip_dag to 2023-11-25T00:35:39.862503+00:00, run_after=2023-11-26T00:35:39.862503+00:00
[2023-11-26T00:35:39.888+0000] {processor.py:179} INFO - Processing /home/airflow/.local/lib/python3.8/site-packages/airflow/example_dags/example_skip_dag.py took 0.080 seconds
[2023-11-26T00:36:10.154+0000] {processor.py:157} INFO - Started process (PID=1965) to work on /home/airflow/.local/lib/python3.8/site-packages/airflow/example_dags/example_skip_dag.py
[2023-11-26T00:36:10.155+0000] {processor.py:829} INFO - Processing file /home/airflow/.local/lib/python3.8/site-packages/airflow/example_dags/example_skip_dag.py for tasks to queue
[2023-11-26T00:36:10.158+0000] {logging_mixin.py:154} INFO - [2023-11-26T00:36:10.157+0000] {dagbag.py:536} INFO - Filling up the DagBag from /home/airflow/.local/lib/python3.8/site-packages/airflow/example_dags/example_skip_dag.py
[2023-11-26T00:36:10.163+0000] {processor.py:839} INFO - DAG(s) dict_keys(['example_skip_dag']) retrieved from /home/airflow/.local/lib/python3.8/site-packages/airflow/example_dags/example_skip_dag.py
[2023-11-26T00:36:10.184+0000] {logging_mixin.py:154} INFO - [2023-11-26T00:36:10.183+0000] {dag.py:2941} INFO - Sync 1 DAGs
[2023-11-26T00:36:10.203+0000] {logging_mixin.py:154} INFO - [2023-11-26T00:36:10.203+0000] {dag.py:3722} INFO - Setting next_dagrun for example_skip_dag to 2023-11-25T00:36:10.203242+00:00, run_after=2023-11-26T00:36:10.203242+00:00
[2023-11-26T00:36:10.229+0000] {processor.py:179} INFO - Processing /home/airflow/.local/lib/python3.8/site-packages/airflow/example_dags/example_skip_dag.py took 0.078 seconds
[2023-11-26T00:36:41.013+0000] {processor.py:157} INFO - Started process (PID=2019) to work on /home/airflow/.local/lib/python3.8/site-packages/airflow/example_dags/example_skip_dag.py
[2023-11-26T00:36:41.015+0000] {processor.py:829} INFO - Processing file /home/airflow/.local/lib/python3.8/site-packages/airflow/example_dags/example_skip_dag.py for tasks to queue
[2023-11-26T00:36:41.017+0000] {logging_mixin.py:154} INFO - [2023-11-26T00:36:41.017+0000] {dagbag.py:536} INFO - Filling up the DagBag from /home/airflow/.local/lib/python3.8/site-packages/airflow/example_dags/example_skip_dag.py
[2023-11-26T00:36:41.023+0000] {processor.py:839} INFO - DAG(s) dict_keys(['example_skip_dag']) retrieved from /home/airflow/.local/lib/python3.8/site-packages/airflow/example_dags/example_skip_dag.py
[2023-11-26T00:36:41.043+0000] {logging_mixin.py:154} INFO - [2023-11-26T00:36:41.043+0000] {dag.py:2941} INFO - Sync 1 DAGs
[2023-11-26T00:36:41.064+0000] {logging_mixin.py:154} INFO - [2023-11-26T00:36:41.063+0000] {dag.py:3722} INFO - Setting next_dagrun for example_skip_dag to 2023-11-25T00:36:41.063686+00:00, run_after=2023-11-26T00:36:41.063686+00:00
[2023-11-26T00:36:41.089+0000] {processor.py:179} INFO - Processing /home/airflow/.local/lib/python3.8/site-packages/airflow/example_dags/example_skip_dag.py took 0.078 seconds
[2023-11-26T00:37:11.808+0000] {processor.py:157} INFO - Started process (PID=2073) to work on /home/airflow/.local/lib/python3.8/site-packages/airflow/example_dags/example_skip_dag.py
[2023-11-26T00:37:11.809+0000] {processor.py:829} INFO - Processing file /home/airflow/.local/lib/python3.8/site-packages/airflow/example_dags/example_skip_dag.py for tasks to queue
[2023-11-26T00:37:11.813+0000] {logging_mixin.py:154} INFO - [2023-11-26T00:37:11.812+0000] {dagbag.py:536} INFO - Filling up the DagBag from /home/airflow/.local/lib/python3.8/site-packages/airflow/example_dags/example_skip_dag.py
[2023-11-26T00:37:11.817+0000] {processor.py:839} INFO - DAG(s) dict_keys(['example_skip_dag']) retrieved from /home/airflow/.local/lib/python3.8/site-packages/airflow/example_dags/example_skip_dag.py
[2023-11-26T00:37:11.837+0000] {logging_mixin.py:154} INFO - [2023-11-26T00:37:11.836+0000] {dag.py:2941} INFO - Sync 1 DAGs
[2023-11-26T00:37:11.855+0000] {logging_mixin.py:154} INFO - [2023-11-26T00:37:11.855+0000] {dag.py:3722} INFO - Setting next_dagrun for example_skip_dag to 2023-11-25T00:37:11.855142+00:00, run_after=2023-11-26T00:37:11.855142+00:00
[2023-11-26T00:37:11.878+0000] {processor.py:179} INFO - Processing /home/airflow/.local/lib/python3.8/site-packages/airflow/example_dags/example_skip_dag.py took 0.073 seconds
[2023-11-26T00:37:42.337+0000] {processor.py:157} INFO - Started process (PID=2127) to work on /home/airflow/.local/lib/python3.8/site-packages/airflow/example_dags/example_skip_dag.py
[2023-11-26T00:37:42.340+0000] {processor.py:829} INFO - Processing file /home/airflow/.local/lib/python3.8/site-packages/airflow/example_dags/example_skip_dag.py for tasks to queue
[2023-11-26T00:37:42.344+0000] {logging_mixin.py:154} INFO - [2023-11-26T00:37:42.343+0000] {dagbag.py:536} INFO - Filling up the DagBag from /home/airflow/.local/lib/python3.8/site-packages/airflow/example_dags/example_skip_dag.py
[2023-11-26T00:37:42.350+0000] {processor.py:839} INFO - DAG(s) dict_keys(['example_skip_dag']) retrieved from /home/airflow/.local/lib/python3.8/site-packages/airflow/example_dags/example_skip_dag.py
[2023-11-26T00:37:42.376+0000] {logging_mixin.py:154} INFO - [2023-11-26T00:37:42.375+0000] {dag.py:2941} INFO - Sync 1 DAGs
[2023-11-26T00:37:42.398+0000] {logging_mixin.py:154} INFO - [2023-11-26T00:37:42.397+0000] {dag.py:3722} INFO - Setting next_dagrun for example_skip_dag to 2023-11-25T00:37:42.397747+00:00, run_after=2023-11-26T00:37:42.397747+00:00
[2023-11-26T00:37:42.423+0000] {processor.py:179} INFO - Processing /home/airflow/.local/lib/python3.8/site-packages/airflow/example_dags/example_skip_dag.py took 0.095 seconds
[2023-11-26T00:38:13.366+0000] {processor.py:157} INFO - Started process (PID=2181) to work on /home/airflow/.local/lib/python3.8/site-packages/airflow/example_dags/example_skip_dag.py
[2023-11-26T00:38:13.368+0000] {processor.py:829} INFO - Processing file /home/airflow/.local/lib/python3.8/site-packages/airflow/example_dags/example_skip_dag.py for tasks to queue
[2023-11-26T00:38:13.371+0000] {logging_mixin.py:154} INFO - [2023-11-26T00:38:13.370+0000] {dagbag.py:536} INFO - Filling up the DagBag from /home/airflow/.local/lib/python3.8/site-packages/airflow/example_dags/example_skip_dag.py
[2023-11-26T00:38:13.377+0000] {processor.py:839} INFO - DAG(s) dict_keys(['example_skip_dag']) retrieved from /home/airflow/.local/lib/python3.8/site-packages/airflow/example_dags/example_skip_dag.py
[2023-11-26T00:38:13.401+0000] {logging_mixin.py:154} INFO - [2023-11-26T00:38:13.400+0000] {dag.py:2941} INFO - Sync 1 DAGs
[2023-11-26T00:38:13.421+0000] {logging_mixin.py:154} INFO - [2023-11-26T00:38:13.420+0000] {dag.py:3722} INFO - Setting next_dagrun for example_skip_dag to 2023-11-25T00:38:13.420777+00:00, run_after=2023-11-26T00:38:13.420777+00:00
[2023-11-26T00:38:13.445+0000] {processor.py:179} INFO - Processing /home/airflow/.local/lib/python3.8/site-packages/airflow/example_dags/example_skip_dag.py took 0.081 seconds
[2023-11-26T00:38:43.648+0000] {processor.py:157} INFO - Started process (PID=2235) to work on /home/airflow/.local/lib/python3.8/site-packages/airflow/example_dags/example_skip_dag.py
[2023-11-26T00:38:43.649+0000] {processor.py:829} INFO - Processing file /home/airflow/.local/lib/python3.8/site-packages/airflow/example_dags/example_skip_dag.py for tasks to queue
[2023-11-26T00:38:43.652+0000] {logging_mixin.py:154} INFO - [2023-11-26T00:38:43.652+0000] {dagbag.py:536} INFO - Filling up the DagBag from /home/airflow/.local/lib/python3.8/site-packages/airflow/example_dags/example_skip_dag.py
[2023-11-26T00:38:43.659+0000] {processor.py:839} INFO - DAG(s) dict_keys(['example_skip_dag']) retrieved from /home/airflow/.local/lib/python3.8/site-packages/airflow/example_dags/example_skip_dag.py
[2023-11-26T00:38:43.684+0000] {logging_mixin.py:154} INFO - [2023-11-26T00:38:43.684+0000] {dag.py:2941} INFO - Sync 1 DAGs
[2023-11-26T00:38:43.706+0000] {logging_mixin.py:154} INFO - [2023-11-26T00:38:43.706+0000] {dag.py:3722} INFO - Setting next_dagrun for example_skip_dag to 2023-11-25T00:38:43.705839+00:00, run_after=2023-11-26T00:38:43.705839+00:00
[2023-11-26T00:38:43.735+0000] {processor.py:179} INFO - Processing /home/airflow/.local/lib/python3.8/site-packages/airflow/example_dags/example_skip_dag.py took 0.090 seconds
[2023-11-26T00:39:13.867+0000] {processor.py:157} INFO - Started process (PID=2288) to work on /home/airflow/.local/lib/python3.8/site-packages/airflow/example_dags/example_skip_dag.py
[2023-11-26T00:39:13.868+0000] {processor.py:829} INFO - Processing file /home/airflow/.local/lib/python3.8/site-packages/airflow/example_dags/example_skip_dag.py for tasks to queue
[2023-11-26T00:39:13.871+0000] {logging_mixin.py:154} INFO - [2023-11-26T00:39:13.871+0000] {dagbag.py:536} INFO - Filling up the DagBag from /home/airflow/.local/lib/python3.8/site-packages/airflow/example_dags/example_skip_dag.py
[2023-11-26T00:39:13.877+0000] {processor.py:839} INFO - DAG(s) dict_keys(['example_skip_dag']) retrieved from /home/airflow/.local/lib/python3.8/site-packages/airflow/example_dags/example_skip_dag.py
[2023-11-26T00:39:13.899+0000] {logging_mixin.py:154} INFO - [2023-11-26T00:39:13.898+0000] {dag.py:2941} INFO - Sync 1 DAGs
[2023-11-26T00:39:13.919+0000] {logging_mixin.py:154} INFO - [2023-11-26T00:39:13.919+0000] {dag.py:3722} INFO - Setting next_dagrun for example_skip_dag to 2023-11-25T00:39:13.919044+00:00, run_after=2023-11-26T00:39:13.919044+00:00
[2023-11-26T00:39:13.943+0000] {processor.py:179} INFO - Processing /home/airflow/.local/lib/python3.8/site-packages/airflow/example_dags/example_skip_dag.py took 0.079 seconds
[2023-11-26T00:39:44.139+0000] {processor.py:157} INFO - Started process (PID=2343) to work on /home/airflow/.local/lib/python3.8/site-packages/airflow/example_dags/example_skip_dag.py
[2023-11-26T00:39:44.143+0000] {processor.py:829} INFO - Processing file /home/airflow/.local/lib/python3.8/site-packages/airflow/example_dags/example_skip_dag.py for tasks to queue
[2023-11-26T00:39:44.146+0000] {logging_mixin.py:154} INFO - [2023-11-26T00:39:44.146+0000] {dagbag.py:536} INFO - Filling up the DagBag from /home/airflow/.local/lib/python3.8/site-packages/airflow/example_dags/example_skip_dag.py
[2023-11-26T00:39:44.154+0000] {processor.py:839} INFO - DAG(s) dict_keys(['example_skip_dag']) retrieved from /home/airflow/.local/lib/python3.8/site-packages/airflow/example_dags/example_skip_dag.py
[2023-11-26T00:39:44.173+0000] {logging_mixin.py:154} INFO - [2023-11-26T00:39:44.173+0000] {dag.py:2941} INFO - Sync 1 DAGs
[2023-11-26T00:39:44.193+0000] {logging_mixin.py:154} INFO - [2023-11-26T00:39:44.193+0000] {dag.py:3722} INFO - Setting next_dagrun for example_skip_dag to 2023-11-25T00:39:44.192901+00:00, run_after=2023-11-26T00:39:44.192901+00:00
[2023-11-26T00:39:44.215+0000] {processor.py:179} INFO - Processing /home/airflow/.local/lib/python3.8/site-packages/airflow/example_dags/example_skip_dag.py took 0.083 seconds
[2023-11-26T00:40:14.463+0000] {processor.py:157} INFO - Started process (PID=2397) to work on /home/airflow/.local/lib/python3.8/site-packages/airflow/example_dags/example_skip_dag.py
[2023-11-26T00:40:14.465+0000] {processor.py:829} INFO - Processing file /home/airflow/.local/lib/python3.8/site-packages/airflow/example_dags/example_skip_dag.py for tasks to queue
[2023-11-26T00:40:14.468+0000] {logging_mixin.py:154} INFO - [2023-11-26T00:40:14.468+0000] {dagbag.py:536} INFO - Filling up the DagBag from /home/airflow/.local/lib/python3.8/site-packages/airflow/example_dags/example_skip_dag.py
[2023-11-26T00:40:14.474+0000] {processor.py:839} INFO - DAG(s) dict_keys(['example_skip_dag']) retrieved from /home/airflow/.local/lib/python3.8/site-packages/airflow/example_dags/example_skip_dag.py
[2023-11-26T00:40:14.496+0000] {logging_mixin.py:154} INFO - [2023-11-26T00:40:14.495+0000] {dag.py:2941} INFO - Sync 1 DAGs
[2023-11-26T00:40:14.518+0000] {logging_mixin.py:154} INFO - [2023-11-26T00:40:14.518+0000] {dag.py:3722} INFO - Setting next_dagrun for example_skip_dag to 2023-11-25T00:40:14.518388+00:00, run_after=2023-11-26T00:40:14.518388+00:00
[2023-11-26T00:40:14.669+0000] {processor.py:179} INFO - Processing /home/airflow/.local/lib/python3.8/site-packages/airflow/example_dags/example_skip_dag.py took 0.210 seconds
[2023-11-26T00:40:44.938+0000] {processor.py:157} INFO - Started process (PID=2451) to work on /home/airflow/.local/lib/python3.8/site-packages/airflow/example_dags/example_skip_dag.py
[2023-11-26T00:40:44.940+0000] {processor.py:829} INFO - Processing file /home/airflow/.local/lib/python3.8/site-packages/airflow/example_dags/example_skip_dag.py for tasks to queue
[2023-11-26T00:40:44.943+0000] {logging_mixin.py:154} INFO - [2023-11-26T00:40:44.943+0000] {dagbag.py:536} INFO - Filling up the DagBag from /home/airflow/.local/lib/python3.8/site-packages/airflow/example_dags/example_skip_dag.py
[2023-11-26T00:40:44.949+0000] {processor.py:839} INFO - DAG(s) dict_keys(['example_skip_dag']) retrieved from /home/airflow/.local/lib/python3.8/site-packages/airflow/example_dags/example_skip_dag.py
[2023-11-26T00:40:44.968+0000] {logging_mixin.py:154} INFO - [2023-11-26T00:40:44.968+0000] {dag.py:2941} INFO - Sync 1 DAGs
[2023-11-26T00:40:44.987+0000] {logging_mixin.py:154} INFO - [2023-11-26T00:40:44.987+0000] {dag.py:3722} INFO - Setting next_dagrun for example_skip_dag to 2023-11-25T00:40:44.987465+00:00, run_after=2023-11-26T00:40:44.987465+00:00
[2023-11-26T00:40:45.013+0000] {processor.py:179} INFO - Processing /home/airflow/.local/lib/python3.8/site-packages/airflow/example_dags/example_skip_dag.py took 0.078 seconds
[2023-11-26T00:41:15.300+0000] {processor.py:157} INFO - Started process (PID=2505) to work on /home/airflow/.local/lib/python3.8/site-packages/airflow/example_dags/example_skip_dag.py
[2023-11-26T00:41:15.301+0000] {processor.py:829} INFO - Processing file /home/airflow/.local/lib/python3.8/site-packages/airflow/example_dags/example_skip_dag.py for tasks to queue
[2023-11-26T00:41:15.304+0000] {logging_mixin.py:154} INFO - [2023-11-26T00:41:15.304+0000] {dagbag.py:536} INFO - Filling up the DagBag from /home/airflow/.local/lib/python3.8/site-packages/airflow/example_dags/example_skip_dag.py
[2023-11-26T00:41:15.310+0000] {processor.py:839} INFO - DAG(s) dict_keys(['example_skip_dag']) retrieved from /home/airflow/.local/lib/python3.8/site-packages/airflow/example_dags/example_skip_dag.py
[2023-11-26T00:41:15.329+0000] {logging_mixin.py:154} INFO - [2023-11-26T00:41:15.329+0000] {dag.py:2941} INFO - Sync 1 DAGs
[2023-11-26T00:41:15.356+0000] {logging_mixin.py:154} INFO - [2023-11-26T00:41:15.356+0000] {dag.py:3722} INFO - Setting next_dagrun for example_skip_dag to 2023-11-25T00:41:15.356413+00:00, run_after=2023-11-26T00:41:15.356413+00:00
[2023-11-26T00:41:15.381+0000] {processor.py:179} INFO - Processing /home/airflow/.local/lib/python3.8/site-packages/airflow/example_dags/example_skip_dag.py took 0.084 seconds
[2023-11-26T00:41:45.447+0000] {processor.py:157} INFO - Started process (PID=2559) to work on /home/airflow/.local/lib/python3.8/site-packages/airflow/example_dags/example_skip_dag.py
[2023-11-26T00:41:45.449+0000] {processor.py:829} INFO - Processing file /home/airflow/.local/lib/python3.8/site-packages/airflow/example_dags/example_skip_dag.py for tasks to queue
[2023-11-26T00:41:45.452+0000] {logging_mixin.py:154} INFO - [2023-11-26T00:41:45.452+0000] {dagbag.py:536} INFO - Filling up the DagBag from /home/airflow/.local/lib/python3.8/site-packages/airflow/example_dags/example_skip_dag.py
[2023-11-26T00:41:45.459+0000] {processor.py:839} INFO - DAG(s) dict_keys(['example_skip_dag']) retrieved from /home/airflow/.local/lib/python3.8/site-packages/airflow/example_dags/example_skip_dag.py
[2023-11-26T00:41:45.479+0000] {logging_mixin.py:154} INFO - [2023-11-26T00:41:45.479+0000] {dag.py:2941} INFO - Sync 1 DAGs
[2023-11-26T00:41:45.603+0000] {logging_mixin.py:154} INFO - [2023-11-26T00:41:45.603+0000] {dag.py:3722} INFO - Setting next_dagrun for example_skip_dag to 2023-11-25T00:41:45.603479+00:00, run_after=2023-11-26T00:41:45.603479+00:00
[2023-11-26T00:41:45.624+0000] {processor.py:179} INFO - Processing /home/airflow/.local/lib/python3.8/site-packages/airflow/example_dags/example_skip_dag.py took 0.181 seconds
[2023-11-26T00:42:16.564+0000] {processor.py:157} INFO - Started process (PID=2613) to work on /home/airflow/.local/lib/python3.8/site-packages/airflow/example_dags/example_skip_dag.py
[2023-11-26T00:42:16.566+0000] {processor.py:829} INFO - Processing file /home/airflow/.local/lib/python3.8/site-packages/airflow/example_dags/example_skip_dag.py for tasks to queue
[2023-11-26T00:42:16.572+0000] {logging_mixin.py:154} INFO - [2023-11-26T00:42:16.572+0000] {dagbag.py:536} INFO - Filling up the DagBag from /home/airflow/.local/lib/python3.8/site-packages/airflow/example_dags/example_skip_dag.py
[2023-11-26T00:42:16.582+0000] {processor.py:839} INFO - DAG(s) dict_keys(['example_skip_dag']) retrieved from /home/airflow/.local/lib/python3.8/site-packages/airflow/example_dags/example_skip_dag.py
[2023-11-26T00:42:16.609+0000] {logging_mixin.py:154} INFO - [2023-11-26T00:42:16.607+0000] {dag.py:2941} INFO - Sync 1 DAGs
[2023-11-26T00:42:16.634+0000] {logging_mixin.py:154} INFO - [2023-11-26T00:42:16.634+0000] {dag.py:3722} INFO - Setting next_dagrun for example_skip_dag to 2023-11-25T00:42:16.634024+00:00, run_after=2023-11-26T00:42:16.634024+00:00
[2023-11-26T00:42:16.661+0000] {processor.py:179} INFO - Processing /home/airflow/.local/lib/python3.8/site-packages/airflow/example_dags/example_skip_dag.py took 0.105 seconds
[2023-11-26T00:42:47.089+0000] {processor.py:157} INFO - Started process (PID=2667) to work on /home/airflow/.local/lib/python3.8/site-packages/airflow/example_dags/example_skip_dag.py
[2023-11-26T00:42:47.091+0000] {processor.py:829} INFO - Processing file /home/airflow/.local/lib/python3.8/site-packages/airflow/example_dags/example_skip_dag.py for tasks to queue
[2023-11-26T00:42:47.095+0000] {logging_mixin.py:154} INFO - [2023-11-26T00:42:47.095+0000] {dagbag.py:536} INFO - Filling up the DagBag from /home/airflow/.local/lib/python3.8/site-packages/airflow/example_dags/example_skip_dag.py
[2023-11-26T00:42:47.107+0000] {processor.py:839} INFO - DAG(s) dict_keys(['example_skip_dag']) retrieved from /home/airflow/.local/lib/python3.8/site-packages/airflow/example_dags/example_skip_dag.py
[2023-11-26T00:42:47.287+0000] {logging_mixin.py:154} INFO - [2023-11-26T00:42:47.286+0000] {dag.py:2941} INFO - Sync 1 DAGs
[2023-11-26T00:42:47.323+0000] {logging_mixin.py:154} INFO - [2023-11-26T00:42:47.323+0000] {dag.py:3722} INFO - Setting next_dagrun for example_skip_dag to 2023-11-25T00:42:47.322326+00:00, run_after=2023-11-26T00:42:47.322326+00:00
[2023-11-26T00:42:47.369+0000] {processor.py:179} INFO - Processing /home/airflow/.local/lib/python3.8/site-packages/airflow/example_dags/example_skip_dag.py took 0.284 seconds
[2023-11-26T00:43:18.051+0000] {processor.py:157} INFO - Started process (PID=2721) to work on /home/airflow/.local/lib/python3.8/site-packages/airflow/example_dags/example_skip_dag.py
[2023-11-26T00:43:18.052+0000] {processor.py:829} INFO - Processing file /home/airflow/.local/lib/python3.8/site-packages/airflow/example_dags/example_skip_dag.py for tasks to queue
[2023-11-26T00:43:18.055+0000] {logging_mixin.py:154} INFO - [2023-11-26T00:43:18.055+0000] {dagbag.py:536} INFO - Filling up the DagBag from /home/airflow/.local/lib/python3.8/site-packages/airflow/example_dags/example_skip_dag.py
[2023-11-26T00:43:18.061+0000] {processor.py:839} INFO - DAG(s) dict_keys(['example_skip_dag']) retrieved from /home/airflow/.local/lib/python3.8/site-packages/airflow/example_dags/example_skip_dag.py
[2023-11-26T00:43:18.079+0000] {logging_mixin.py:154} INFO - [2023-11-26T00:43:18.079+0000] {dag.py:2941} INFO - Sync 1 DAGs
[2023-11-26T00:43:18.216+0000] {logging_mixin.py:154} INFO - [2023-11-26T00:43:18.216+0000] {dag.py:3722} INFO - Setting next_dagrun for example_skip_dag to 2023-11-25T00:43:18.215973+00:00, run_after=2023-11-26T00:43:18.215973+00:00
[2023-11-26T00:43:18.238+0000] {processor.py:179} INFO - Processing /home/airflow/.local/lib/python3.8/site-packages/airflow/example_dags/example_skip_dag.py took 0.190 seconds
[2023-11-26T00:43:48.702+0000] {processor.py:157} INFO - Started process (PID=2775) to work on /home/airflow/.local/lib/python3.8/site-packages/airflow/example_dags/example_skip_dag.py
[2023-11-26T00:43:48.703+0000] {processor.py:829} INFO - Processing file /home/airflow/.local/lib/python3.8/site-packages/airflow/example_dags/example_skip_dag.py for tasks to queue
[2023-11-26T00:43:48.813+0000] {logging_mixin.py:154} INFO - [2023-11-26T00:43:48.813+0000] {dagbag.py:536} INFO - Filling up the DagBag from /home/airflow/.local/lib/python3.8/site-packages/airflow/example_dags/example_skip_dag.py
[2023-11-26T00:43:48.818+0000] {processor.py:839} INFO - DAG(s) dict_keys(['example_skip_dag']) retrieved from /home/airflow/.local/lib/python3.8/site-packages/airflow/example_dags/example_skip_dag.py
[2023-11-26T00:43:48.834+0000] {logging_mixin.py:154} INFO - [2023-11-26T00:43:48.834+0000] {dag.py:2941} INFO - Sync 1 DAGs
[2023-11-26T00:43:48.851+0000] {logging_mixin.py:154} INFO - [2023-11-26T00:43:48.850+0000] {dag.py:3722} INFO - Setting next_dagrun for example_skip_dag to 2023-11-25T00:43:48.850823+00:00, run_after=2023-11-26T00:43:48.850823+00:00
[2023-11-26T00:43:48.870+0000] {processor.py:179} INFO - Processing /home/airflow/.local/lib/python3.8/site-packages/airflow/example_dags/example_skip_dag.py took 0.171 seconds
[2023-11-26T00:44:18.929+0000] {processor.py:157} INFO - Started process (PID=2828) to work on /home/airflow/.local/lib/python3.8/site-packages/airflow/example_dags/example_skip_dag.py
[2023-11-26T00:44:18.930+0000] {processor.py:829} INFO - Processing file /home/airflow/.local/lib/python3.8/site-packages/airflow/example_dags/example_skip_dag.py for tasks to queue
[2023-11-26T00:44:18.933+0000] {logging_mixin.py:154} INFO - [2023-11-26T00:44:18.933+0000] {dagbag.py:536} INFO - Filling up the DagBag from /home/airflow/.local/lib/python3.8/site-packages/airflow/example_dags/example_skip_dag.py
[2023-11-26T00:44:18.940+0000] {processor.py:839} INFO - DAG(s) dict_keys(['example_skip_dag']) retrieved from /home/airflow/.local/lib/python3.8/site-packages/airflow/example_dags/example_skip_dag.py
[2023-11-26T00:44:18.962+0000] {logging_mixin.py:154} INFO - [2023-11-26T00:44:18.962+0000] {dag.py:2941} INFO - Sync 1 DAGs
[2023-11-26T00:44:18.983+0000] {logging_mixin.py:154} INFO - [2023-11-26T00:44:18.983+0000] {dag.py:3722} INFO - Setting next_dagrun for example_skip_dag to 2023-11-25T00:44:18.982872+00:00, run_after=2023-11-26T00:44:18.982872+00:00
[2023-11-26T00:44:19.004+0000] {processor.py:179} INFO - Processing /home/airflow/.local/lib/python3.8/site-packages/airflow/example_dags/example_skip_dag.py took 0.080 seconds
[2023-11-26T00:44:49.161+0000] {processor.py:157} INFO - Started process (PID=2883) to work on /home/airflow/.local/lib/python3.8/site-packages/airflow/example_dags/example_skip_dag.py
[2023-11-26T00:44:49.162+0000] {processor.py:829} INFO - Processing file /home/airflow/.local/lib/python3.8/site-packages/airflow/example_dags/example_skip_dag.py for tasks to queue
[2023-11-26T00:44:49.165+0000] {logging_mixin.py:154} INFO - [2023-11-26T00:44:49.164+0000] {dagbag.py:536} INFO - Filling up the DagBag from /home/airflow/.local/lib/python3.8/site-packages/airflow/example_dags/example_skip_dag.py
[2023-11-26T00:44:49.170+0000] {processor.py:839} INFO - DAG(s) dict_keys(['example_skip_dag']) retrieved from /home/airflow/.local/lib/python3.8/site-packages/airflow/example_dags/example_skip_dag.py
[2023-11-26T00:44:49.191+0000] {logging_mixin.py:154} INFO - [2023-11-26T00:44:49.190+0000] {dag.py:2941} INFO - Sync 1 DAGs
[2023-11-26T00:44:49.210+0000] {logging_mixin.py:154} INFO - [2023-11-26T00:44:49.209+0000] {dag.py:3722} INFO - Setting next_dagrun for example_skip_dag to 2023-11-25T00:44:49.209447+00:00, run_after=2023-11-26T00:44:49.209447+00:00
[2023-11-26T00:44:49.232+0000] {processor.py:179} INFO - Processing /home/airflow/.local/lib/python3.8/site-packages/airflow/example_dags/example_skip_dag.py took 0.075 seconds
[2023-11-26T00:45:20.102+0000] {processor.py:157} INFO - Started process (PID=2937) to work on /home/airflow/.local/lib/python3.8/site-packages/airflow/example_dags/example_skip_dag.py
[2023-11-26T00:45:20.103+0000] {processor.py:829} INFO - Processing file /home/airflow/.local/lib/python3.8/site-packages/airflow/example_dags/example_skip_dag.py for tasks to queue
[2023-11-26T00:45:20.106+0000] {logging_mixin.py:154} INFO - [2023-11-26T00:45:20.106+0000] {dagbag.py:536} INFO - Filling up the DagBag from /home/airflow/.local/lib/python3.8/site-packages/airflow/example_dags/example_skip_dag.py
[2023-11-26T00:45:20.114+0000] {processor.py:839} INFO - DAG(s) dict_keys(['example_skip_dag']) retrieved from /home/airflow/.local/lib/python3.8/site-packages/airflow/example_dags/example_skip_dag.py
[2023-11-26T00:45:20.138+0000] {logging_mixin.py:154} INFO - [2023-11-26T00:45:20.138+0000] {dag.py:2941} INFO - Sync 1 DAGs
[2023-11-26T00:45:20.167+0000] {logging_mixin.py:154} INFO - [2023-11-26T00:45:20.166+0000] {dag.py:3722} INFO - Setting next_dagrun for example_skip_dag to 2023-11-25T00:45:20.166024+00:00, run_after=2023-11-26T00:45:20.166024+00:00
[2023-11-26T00:45:20.195+0000] {processor.py:179} INFO - Processing /home/airflow/.local/lib/python3.8/site-packages/airflow/example_dags/example_skip_dag.py took 0.097 seconds
[2023-11-26T00:45:50.363+0000] {processor.py:157} INFO - Started process (PID=2991) to work on /home/airflow/.local/lib/python3.8/site-packages/airflow/example_dags/example_skip_dag.py
[2023-11-26T00:45:50.365+0000] {processor.py:829} INFO - Processing file /home/airflow/.local/lib/python3.8/site-packages/airflow/example_dags/example_skip_dag.py for tasks to queue
[2023-11-26T00:45:50.370+0000] {logging_mixin.py:154} INFO - [2023-11-26T00:45:50.369+0000] {dagbag.py:536} INFO - Filling up the DagBag from /home/airflow/.local/lib/python3.8/site-packages/airflow/example_dags/example_skip_dag.py
[2023-11-26T00:45:50.379+0000] {processor.py:839} INFO - DAG(s) dict_keys(['example_skip_dag']) retrieved from /home/airflow/.local/lib/python3.8/site-packages/airflow/example_dags/example_skip_dag.py
[2023-11-26T00:45:50.429+0000] {logging_mixin.py:154} INFO - [2023-11-26T00:45:50.428+0000] {dag.py:2941} INFO - Sync 1 DAGs
[2023-11-26T00:45:50.464+0000] {logging_mixin.py:154} INFO - [2023-11-26T00:45:50.463+0000] {dag.py:3722} INFO - Setting next_dagrun for example_skip_dag to 2023-11-25T00:45:50.463316+00:00, run_after=2023-11-26T00:45:50.463316+00:00
[2023-11-26T00:45:50.514+0000] {processor.py:179} INFO - Processing /home/airflow/.local/lib/python3.8/site-packages/airflow/example_dags/example_skip_dag.py took 0.154 seconds
[2023-11-26T00:46:20.876+0000] {processor.py:157} INFO - Started process (PID=3045) to work on /home/airflow/.local/lib/python3.8/site-packages/airflow/example_dags/example_skip_dag.py
[2023-11-26T00:46:20.878+0000] {processor.py:829} INFO - Processing file /home/airflow/.local/lib/python3.8/site-packages/airflow/example_dags/example_skip_dag.py for tasks to queue
[2023-11-26T00:46:20.882+0000] {logging_mixin.py:154} INFO - [2023-11-26T00:46:20.881+0000] {dagbag.py:536} INFO - Filling up the DagBag from /home/airflow/.local/lib/python3.8/site-packages/airflow/example_dags/example_skip_dag.py
[2023-11-26T00:46:20.892+0000] {processor.py:839} INFO - DAG(s) dict_keys(['example_skip_dag']) retrieved from /home/airflow/.local/lib/python3.8/site-packages/airflow/example_dags/example_skip_dag.py
[2023-11-26T00:46:20.916+0000] {logging_mixin.py:154} INFO - [2023-11-26T00:46:20.916+0000] {dag.py:2941} INFO - Sync 1 DAGs
[2023-11-26T00:46:20.936+0000] {logging_mixin.py:154} INFO - [2023-11-26T00:46:20.936+0000] {dag.py:3722} INFO - Setting next_dagrun for example_skip_dag to 2023-11-25T00:46:20.935883+00:00, run_after=2023-11-26T00:46:20.935883+00:00
[2023-11-26T00:46:20.958+0000] {processor.py:179} INFO - Processing /home/airflow/.local/lib/python3.8/site-packages/airflow/example_dags/example_skip_dag.py took 0.088 seconds
[2023-11-26T00:46:51.168+0000] {processor.py:157} INFO - Started process (PID=3100) to work on /home/airflow/.local/lib/python3.8/site-packages/airflow/example_dags/example_skip_dag.py
[2023-11-26T00:46:51.170+0000] {processor.py:829} INFO - Processing file /home/airflow/.local/lib/python3.8/site-packages/airflow/example_dags/example_skip_dag.py for tasks to queue
[2023-11-26T00:46:51.175+0000] {logging_mixin.py:154} INFO - [2023-11-26T00:46:51.174+0000] {dagbag.py:536} INFO - Filling up the DagBag from /home/airflow/.local/lib/python3.8/site-packages/airflow/example_dags/example_skip_dag.py
[2023-11-26T00:46:51.186+0000] {processor.py:839} INFO - DAG(s) dict_keys(['example_skip_dag']) retrieved from /home/airflow/.local/lib/python3.8/site-packages/airflow/example_dags/example_skip_dag.py
[2023-11-26T00:46:51.216+0000] {logging_mixin.py:154} INFO - [2023-11-26T00:46:51.215+0000] {dag.py:2941} INFO - Sync 1 DAGs
[2023-11-26T00:46:51.243+0000] {logging_mixin.py:154} INFO - [2023-11-26T00:46:51.243+0000] {dag.py:3722} INFO - Setting next_dagrun for example_skip_dag to 2023-11-25T00:46:51.243296+00:00, run_after=2023-11-26T00:46:51.243296+00:00
[2023-11-26T00:46:51.298+0000] {processor.py:179} INFO - Processing /home/airflow/.local/lib/python3.8/site-packages/airflow/example_dags/example_skip_dag.py took 0.134 seconds
[2023-11-26T00:47:21.989+0000] {processor.py:157} INFO - Started process (PID=3154) to work on /home/airflow/.local/lib/python3.8/site-packages/airflow/example_dags/example_skip_dag.py
[2023-11-26T00:47:21.991+0000] {processor.py:829} INFO - Processing file /home/airflow/.local/lib/python3.8/site-packages/airflow/example_dags/example_skip_dag.py for tasks to queue
[2023-11-26T00:47:21.996+0000] {logging_mixin.py:154} INFO - [2023-11-26T00:47:21.996+0000] {dagbag.py:536} INFO - Filling up the DagBag from /home/airflow/.local/lib/python3.8/site-packages/airflow/example_dags/example_skip_dag.py
[2023-11-26T00:47:22.004+0000] {processor.py:839} INFO - DAG(s) dict_keys(['example_skip_dag']) retrieved from /home/airflow/.local/lib/python3.8/site-packages/airflow/example_dags/example_skip_dag.py
[2023-11-26T00:47:22.033+0000] {logging_mixin.py:154} INFO - [2023-11-26T00:47:22.033+0000] {dag.py:2941} INFO - Sync 1 DAGs
[2023-11-26T00:47:22.062+0000] {logging_mixin.py:154} INFO - [2023-11-26T00:47:22.062+0000] {dag.py:3722} INFO - Setting next_dagrun for example_skip_dag to 2023-11-25T00:47:22.062221+00:00, run_after=2023-11-26T00:47:22.062221+00:00
[2023-11-26T00:47:22.096+0000] {processor.py:179} INFO - Processing /home/airflow/.local/lib/python3.8/site-packages/airflow/example_dags/example_skip_dag.py took 0.111 seconds
[2023-11-26T00:47:52.738+0000] {processor.py:157} INFO - Started process (PID=3207) to work on /home/airflow/.local/lib/python3.8/site-packages/airflow/example_dags/example_skip_dag.py
[2023-11-26T00:47:52.741+0000] {processor.py:829} INFO - Processing file /home/airflow/.local/lib/python3.8/site-packages/airflow/example_dags/example_skip_dag.py for tasks to queue
[2023-11-26T00:47:52.748+0000] {logging_mixin.py:154} INFO - [2023-11-26T00:47:52.747+0000] {dagbag.py:536} INFO - Filling up the DagBag from /home/airflow/.local/lib/python3.8/site-packages/airflow/example_dags/example_skip_dag.py
[2023-11-26T00:47:52.763+0000] {processor.py:839} INFO - DAG(s) dict_keys(['example_skip_dag']) retrieved from /home/airflow/.local/lib/python3.8/site-packages/airflow/example_dags/example_skip_dag.py
[2023-11-26T00:47:52.843+0000] {logging_mixin.py:154} INFO - [2023-11-26T00:47:52.843+0000] {dag.py:2941} INFO - Sync 1 DAGs
[2023-11-26T00:47:52.901+0000] {logging_mixin.py:154} INFO - [2023-11-26T00:47:52.901+0000] {dag.py:3722} INFO - Setting next_dagrun for example_skip_dag to 2023-11-25T00:47:52.901087+00:00, run_after=2023-11-26T00:47:52.901087+00:00
[2023-11-26T00:47:52.977+0000] {processor.py:179} INFO - Processing /home/airflow/.local/lib/python3.8/site-packages/airflow/example_dags/example_skip_dag.py took 0.243 seconds
[2023-11-26T00:48:23.379+0000] {processor.py:157} INFO - Started process (PID=3261) to work on /home/airflow/.local/lib/python3.8/site-packages/airflow/example_dags/example_skip_dag.py
[2023-11-26T00:48:23.382+0000] {processor.py:829} INFO - Processing file /home/airflow/.local/lib/python3.8/site-packages/airflow/example_dags/example_skip_dag.py for tasks to queue
[2023-11-26T00:48:23.389+0000] {logging_mixin.py:154} INFO - [2023-11-26T00:48:23.389+0000] {dagbag.py:536} INFO - Filling up the DagBag from /home/airflow/.local/lib/python3.8/site-packages/airflow/example_dags/example_skip_dag.py
[2023-11-26T00:48:23.401+0000] {processor.py:839} INFO - DAG(s) dict_keys(['example_skip_dag']) retrieved from /home/airflow/.local/lib/python3.8/site-packages/airflow/example_dags/example_skip_dag.py
[2023-11-26T00:48:23.465+0000] {logging_mixin.py:154} INFO - [2023-11-26T00:48:23.464+0000] {dag.py:2941} INFO - Sync 1 DAGs
[2023-11-26T00:48:23.502+0000] {logging_mixin.py:154} INFO - [2023-11-26T00:48:23.502+0000] {dag.py:3722} INFO - Setting next_dagrun for example_skip_dag to 2023-11-25T00:48:23.502357+00:00, run_after=2023-11-26T00:48:23.502357+00:00
[2023-11-26T00:48:23.563+0000] {processor.py:179} INFO - Processing /home/airflow/.local/lib/python3.8/site-packages/airflow/example_dags/example_skip_dag.py took 0.189 seconds
[2023-11-26T00:48:54.052+0000] {processor.py:157} INFO - Started process (PID=3314) to work on /home/airflow/.local/lib/python3.8/site-packages/airflow/example_dags/example_skip_dag.py
[2023-11-26T00:48:54.053+0000] {processor.py:829} INFO - Processing file /home/airflow/.local/lib/python3.8/site-packages/airflow/example_dags/example_skip_dag.py for tasks to queue
[2023-11-26T00:48:54.056+0000] {logging_mixin.py:154} INFO - [2023-11-26T00:48:54.056+0000] {dagbag.py:536} INFO - Filling up the DagBag from /home/airflow/.local/lib/python3.8/site-packages/airflow/example_dags/example_skip_dag.py
[2023-11-26T00:48:54.066+0000] {processor.py:839} INFO - DAG(s) dict_keys(['example_skip_dag']) retrieved from /home/airflow/.local/lib/python3.8/site-packages/airflow/example_dags/example_skip_dag.py
[2023-11-26T00:48:54.106+0000] {logging_mixin.py:154} INFO - [2023-11-26T00:48:54.105+0000] {dag.py:2941} INFO - Sync 1 DAGs
[2023-11-26T00:48:54.136+0000] {logging_mixin.py:154} INFO - [2023-11-26T00:48:54.136+0000] {dag.py:3722} INFO - Setting next_dagrun for example_skip_dag to 2023-11-25T00:48:54.135858+00:00, run_after=2023-11-26T00:48:54.135858+00:00
[2023-11-26T00:48:54.384+0000] {processor.py:179} INFO - Processing /home/airflow/.local/lib/python3.8/site-packages/airflow/example_dags/example_skip_dag.py took 0.338 seconds
[2023-11-26T00:49:25.008+0000] {processor.py:157} INFO - Started process (PID=3368) to work on /home/airflow/.local/lib/python3.8/site-packages/airflow/example_dags/example_skip_dag.py
[2023-11-26T00:49:25.017+0000] {processor.py:829} INFO - Processing file /home/airflow/.local/lib/python3.8/site-packages/airflow/example_dags/example_skip_dag.py for tasks to queue
[2023-11-26T00:49:25.023+0000] {logging_mixin.py:154} INFO - [2023-11-26T00:49:25.023+0000] {dagbag.py:536} INFO - Filling up the DagBag from /home/airflow/.local/lib/python3.8/site-packages/airflow/example_dags/example_skip_dag.py
[2023-11-26T00:49:25.036+0000] {processor.py:839} INFO - DAG(s) dict_keys(['example_skip_dag']) retrieved from /home/airflow/.local/lib/python3.8/site-packages/airflow/example_dags/example_skip_dag.py
[2023-11-26T00:49:25.076+0000] {logging_mixin.py:154} INFO - [2023-11-26T00:49:25.076+0000] {dag.py:2941} INFO - Sync 1 DAGs
[2023-11-26T00:49:25.114+0000] {logging_mixin.py:154} INFO - [2023-11-26T00:49:25.114+0000] {dag.py:3722} INFO - Setting next_dagrun for example_skip_dag to 2023-11-25T00:49:25.114368+00:00, run_after=2023-11-26T00:49:25.114368+00:00
[2023-11-26T00:49:25.182+0000] {processor.py:179} INFO - Processing /home/airflow/.local/lib/python3.8/site-packages/airflow/example_dags/example_skip_dag.py took 0.178 seconds
[2023-11-26T00:49:55.782+0000] {processor.py:157} INFO - Started process (PID=3422) to work on /home/airflow/.local/lib/python3.8/site-packages/airflow/example_dags/example_skip_dag.py
[2023-11-26T00:49:55.786+0000] {processor.py:829} INFO - Processing file /home/airflow/.local/lib/python3.8/site-packages/airflow/example_dags/example_skip_dag.py for tasks to queue
[2023-11-26T00:49:55.791+0000] {logging_mixin.py:154} INFO - [2023-11-26T00:49:55.791+0000] {dagbag.py:536} INFO - Filling up the DagBag from /home/airflow/.local/lib/python3.8/site-packages/airflow/example_dags/example_skip_dag.py
[2023-11-26T00:49:55.799+0000] {processor.py:839} INFO - DAG(s) dict_keys(['example_skip_dag']) retrieved from /home/airflow/.local/lib/python3.8/site-packages/airflow/example_dags/example_skip_dag.py
[2023-11-26T00:49:55.837+0000] {logging_mixin.py:154} INFO - [2023-11-26T00:49:55.837+0000] {dag.py:2941} INFO - Sync 1 DAGs
[2023-11-26T00:49:55.872+0000] {logging_mixin.py:154} INFO - [2023-11-26T00:49:55.872+0000] {dag.py:3722} INFO - Setting next_dagrun for example_skip_dag to 2023-11-25T00:49:55.872039+00:00, run_after=2023-11-26T00:49:55.872039+00:00
[2023-11-26T00:49:55.919+0000] {processor.py:179} INFO - Processing /home/airflow/.local/lib/python3.8/site-packages/airflow/example_dags/example_skip_dag.py took 0.140 seconds
[2023-11-26T00:50:25.975+0000] {processor.py:157} INFO - Started process (PID=3475) to work on /home/airflow/.local/lib/python3.8/site-packages/airflow/example_dags/example_skip_dag.py
[2023-11-26T00:50:25.976+0000] {processor.py:829} INFO - Processing file /home/airflow/.local/lib/python3.8/site-packages/airflow/example_dags/example_skip_dag.py for tasks to queue
[2023-11-26T00:50:25.979+0000] {logging_mixin.py:154} INFO - [2023-11-26T00:50:25.979+0000] {dagbag.py:536} INFO - Filling up the DagBag from /home/airflow/.local/lib/python3.8/site-packages/airflow/example_dags/example_skip_dag.py
[2023-11-26T00:50:25.987+0000] {processor.py:839} INFO - DAG(s) dict_keys(['example_skip_dag']) retrieved from /home/airflow/.local/lib/python3.8/site-packages/airflow/example_dags/example_skip_dag.py
[2023-11-26T00:50:26.015+0000] {logging_mixin.py:154} INFO - [2023-11-26T00:50:26.015+0000] {dag.py:2941} INFO - Sync 1 DAGs
[2023-11-26T00:50:26.040+0000] {logging_mixin.py:154} INFO - [2023-11-26T00:50:26.040+0000] {dag.py:3722} INFO - Setting next_dagrun for example_skip_dag to 2023-11-25T00:50:26.040112+00:00, run_after=2023-11-26T00:50:26.040112+00:00
[2023-11-26T00:50:26.069+0000] {processor.py:179} INFO - Processing /home/airflow/.local/lib/python3.8/site-packages/airflow/example_dags/example_skip_dag.py took 0.098 seconds
[2023-11-26T00:50:56.210+0000] {processor.py:157} INFO - Started process (PID=3529) to work on /home/airflow/.local/lib/python3.8/site-packages/airflow/example_dags/example_skip_dag.py
[2023-11-26T00:50:56.211+0000] {processor.py:829} INFO - Processing file /home/airflow/.local/lib/python3.8/site-packages/airflow/example_dags/example_skip_dag.py for tasks to queue
[2023-11-26T00:50:56.214+0000] {logging_mixin.py:154} INFO - [2023-11-26T00:50:56.214+0000] {dagbag.py:536} INFO - Filling up the DagBag from /home/airflow/.local/lib/python3.8/site-packages/airflow/example_dags/example_skip_dag.py
[2023-11-26T00:50:56.220+0000] {processor.py:839} INFO - DAG(s) dict_keys(['example_skip_dag']) retrieved from /home/airflow/.local/lib/python3.8/site-packages/airflow/example_dags/example_skip_dag.py
[2023-11-26T00:50:56.238+0000] {logging_mixin.py:154} INFO - [2023-11-26T00:50:56.238+0000] {dag.py:2941} INFO - Sync 1 DAGs
[2023-11-26T00:50:56.258+0000] {logging_mixin.py:154} INFO - [2023-11-26T00:50:56.258+0000] {dag.py:3722} INFO - Setting next_dagrun for example_skip_dag to 2023-11-25T00:50:56.258109+00:00, run_after=2023-11-26T00:50:56.258109+00:00
[2023-11-26T00:50:56.280+0000] {processor.py:179} INFO - Processing /home/airflow/.local/lib/python3.8/site-packages/airflow/example_dags/example_skip_dag.py took 0.073 seconds
[2023-11-26T00:51:26.601+0000] {processor.py:157} INFO - Started process (PID=3583) to work on /home/airflow/.local/lib/python3.8/site-packages/airflow/example_dags/example_skip_dag.py
[2023-11-26T00:51:26.603+0000] {processor.py:829} INFO - Processing file /home/airflow/.local/lib/python3.8/site-packages/airflow/example_dags/example_skip_dag.py for tasks to queue
[2023-11-26T00:51:26.608+0000] {logging_mixin.py:154} INFO - [2023-11-26T00:51:26.607+0000] {dagbag.py:536} INFO - Filling up the DagBag from /home/airflow/.local/lib/python3.8/site-packages/airflow/example_dags/example_skip_dag.py
[2023-11-26T00:51:26.621+0000] {processor.py:839} INFO - DAG(s) dict_keys(['example_skip_dag']) retrieved from /home/airflow/.local/lib/python3.8/site-packages/airflow/example_dags/example_skip_dag.py
[2023-11-26T00:51:26.667+0000] {logging_mixin.py:154} INFO - [2023-11-26T00:51:26.667+0000] {dag.py:2941} INFO - Sync 1 DAGs
[2023-11-26T00:51:26.698+0000] {logging_mixin.py:154} INFO - [2023-11-26T00:51:26.698+0000] {dag.py:3722} INFO - Setting next_dagrun for example_skip_dag to 2023-11-25T00:51:26.697914+00:00, run_after=2023-11-26T00:51:26.697914+00:00
[2023-11-26T00:51:26.745+0000] {processor.py:179} INFO - Processing /home/airflow/.local/lib/python3.8/site-packages/airflow/example_dags/example_skip_dag.py took 0.151 seconds
[2023-11-26T00:51:57.696+0000] {processor.py:157} INFO - Started process (PID=3637) to work on /home/airflow/.local/lib/python3.8/site-packages/airflow/example_dags/example_skip_dag.py
[2023-11-26T00:51:57.703+0000] {processor.py:829} INFO - Processing file /home/airflow/.local/lib/python3.8/site-packages/airflow/example_dags/example_skip_dag.py for tasks to queue
[2023-11-26T00:51:57.716+0000] {logging_mixin.py:154} INFO - [2023-11-26T00:51:57.716+0000] {dagbag.py:536} INFO - Filling up the DagBag from /home/airflow/.local/lib/python3.8/site-packages/airflow/example_dags/example_skip_dag.py
[2023-11-26T00:51:57.730+0000] {processor.py:839} INFO - DAG(s) dict_keys(['example_skip_dag']) retrieved from /home/airflow/.local/lib/python3.8/site-packages/airflow/example_dags/example_skip_dag.py
[2023-11-26T00:51:57.816+0000] {logging_mixin.py:154} INFO - [2023-11-26T00:51:57.816+0000] {dag.py:2941} INFO - Sync 1 DAGs
[2023-11-26T00:51:57.871+0000] {logging_mixin.py:154} INFO - [2023-11-26T00:51:57.871+0000] {dag.py:3722} INFO - Setting next_dagrun for example_skip_dag to 2023-11-25T00:51:57.871001+00:00, run_after=2023-11-26T00:51:57.871001+00:00
[2023-11-26T00:51:57.943+0000] {processor.py:179} INFO - Processing /home/airflow/.local/lib/python3.8/site-packages/airflow/example_dags/example_skip_dag.py took 0.252 seconds
[2023-11-26T00:52:28.287+0000] {processor.py:157} INFO - Started process (PID=3691) to work on /home/airflow/.local/lib/python3.8/site-packages/airflow/example_dags/example_skip_dag.py
[2023-11-26T00:52:28.289+0000] {processor.py:829} INFO - Processing file /home/airflow/.local/lib/python3.8/site-packages/airflow/example_dags/example_skip_dag.py for tasks to queue
[2023-11-26T00:52:28.293+0000] {logging_mixin.py:154} INFO - [2023-11-26T00:52:28.293+0000] {dagbag.py:536} INFO - Filling up the DagBag from /home/airflow/.local/lib/python3.8/site-packages/airflow/example_dags/example_skip_dag.py
[2023-11-26T00:52:28.301+0000] {processor.py:839} INFO - DAG(s) dict_keys(['example_skip_dag']) retrieved from /home/airflow/.local/lib/python3.8/site-packages/airflow/example_dags/example_skip_dag.py
[2023-11-26T00:52:28.332+0000] {logging_mixin.py:154} INFO - [2023-11-26T00:52:28.332+0000] {dag.py:2941} INFO - Sync 1 DAGs
[2023-11-26T00:52:28.360+0000] {logging_mixin.py:154} INFO - [2023-11-26T00:52:28.360+0000] {dag.py:3722} INFO - Setting next_dagrun for example_skip_dag to 2023-11-25T00:52:28.360188+00:00, run_after=2023-11-26T00:52:28.360188+00:00
[2023-11-26T00:52:28.391+0000] {processor.py:179} INFO - Processing /home/airflow/.local/lib/python3.8/site-packages/airflow/example_dags/example_skip_dag.py took 0.108 seconds
