[2023-11-26T00:16:48.534+0000] {processor.py:157} INFO - Started process (PID=74) to work on /home/airflow/.local/lib/python3.8/site-packages/airflow/example_dags/example_setup_teardown.py
[2023-11-26T00:16:48.538+0000] {processor.py:829} INFO - Processing file /home/airflow/.local/lib/python3.8/site-packages/airflow/example_dags/example_setup_teardown.py for tasks to queue
[2023-11-26T00:16:48.550+0000] {logging_mixin.py:154} INFO - [2023-11-26T00:16:48.547+0000] {dagbag.py:536} INFO - Filling up the DagBag from /home/airflow/.local/lib/python3.8/site-packages/airflow/example_dags/example_setup_teardown.py
[2023-11-26T00:16:48.564+0000] {processor.py:839} INFO - DAG(s) dict_keys(['example_setup_teardown']) retrieved from /home/airflow/.local/lib/python3.8/site-packages/airflow/example_dags/example_setup_teardown.py
[2023-11-26T00:16:48.634+0000] {logging_mixin.py:154} INFO - [2023-11-26T00:16:48.633+0000] {dag.py:2941} INFO - Sync 1 DAGs
[2023-11-26T00:16:48.691+0000] {logging_mixin.py:154} INFO - [2023-11-26T00:16:48.691+0000] {dag.py:3722} INFO - Setting next_dagrun for example_setup_teardown to 2023-11-25T00:16:48.690088+00:00, run_after=2023-11-26T00:16:48.690088+00:00
[2023-11-26T00:16:48.741+0000] {processor.py:179} INFO - Processing /home/airflow/.local/lib/python3.8/site-packages/airflow/example_dags/example_setup_teardown.py took 0.218 seconds
[2023-11-26T00:18:15.634+0000] {processor.py:157} INFO - Started process (PID=75) to work on /home/airflow/.local/lib/python3.8/site-packages/airflow/example_dags/example_setup_teardown.py
[2023-11-26T00:18:15.659+0000] {processor.py:829} INFO - Processing file /home/airflow/.local/lib/python3.8/site-packages/airflow/example_dags/example_setup_teardown.py for tasks to queue
[2023-11-26T00:18:15.685+0000] {logging_mixin.py:154} INFO - [2023-11-26T00:18:15.684+0000] {dagbag.py:536} INFO - Filling up the DagBag from /home/airflow/.local/lib/python3.8/site-packages/airflow/example_dags/example_setup_teardown.py
[2023-11-26T00:18:15.751+0000] {processor.py:839} INFO - DAG(s) dict_keys(['example_setup_teardown']) retrieved from /home/airflow/.local/lib/python3.8/site-packages/airflow/example_dags/example_setup_teardown.py
[2023-11-26T00:18:15.984+0000] {logging_mixin.py:154} INFO - [2023-11-26T00:18:15.983+0000] {dag.py:2941} INFO - Sync 1 DAGs
[2023-11-26T00:18:16.203+0000] {logging_mixin.py:154} INFO - [2023-11-26T00:18:16.202+0000] {dag.py:3722} INFO - Setting next_dagrun for example_setup_teardown to 2023-11-25T00:18:16.201840+00:00, run_after=2023-11-26T00:18:16.201840+00:00
[2023-11-26T00:18:16.324+0000] {processor.py:179} INFO - Processing /home/airflow/.local/lib/python3.8/site-packages/airflow/example_dags/example_setup_teardown.py took 0.731 seconds
[2023-11-26T00:18:46.518+0000] {processor.py:157} INFO - Started process (PID=130) to work on /home/airflow/.local/lib/python3.8/site-packages/airflow/example_dags/example_setup_teardown.py
[2023-11-26T00:18:46.521+0000] {processor.py:829} INFO - Processing file /home/airflow/.local/lib/python3.8/site-packages/airflow/example_dags/example_setup_teardown.py for tasks to queue
[2023-11-26T00:18:46.530+0000] {logging_mixin.py:154} INFO - [2023-11-26T00:18:46.529+0000] {dagbag.py:536} INFO - Filling up the DagBag from /home/airflow/.local/lib/python3.8/site-packages/airflow/example_dags/example_setup_teardown.py
[2023-11-26T00:18:46.545+0000] {processor.py:839} INFO - DAG(s) dict_keys(['example_setup_teardown']) retrieved from /home/airflow/.local/lib/python3.8/site-packages/airflow/example_dags/example_setup_teardown.py
[2023-11-26T00:18:46.613+0000] {logging_mixin.py:154} INFO - [2023-11-26T00:18:46.610+0000] {dag.py:2941} INFO - Sync 1 DAGs
[2023-11-26T00:18:46.665+0000] {logging_mixin.py:154} INFO - [2023-11-26T00:18:46.665+0000] {dag.py:3722} INFO - Setting next_dagrun for example_setup_teardown to 2023-11-25T00:18:46.664941+00:00, run_after=2023-11-26T00:18:46.664941+00:00
[2023-11-26T00:18:46.734+0000] {processor.py:179} INFO - Processing /home/airflow/.local/lib/python3.8/site-packages/airflow/example_dags/example_setup_teardown.py took 0.221 seconds
[2023-11-26T00:19:17.053+0000] {processor.py:157} INFO - Started process (PID=184) to work on /home/airflow/.local/lib/python3.8/site-packages/airflow/example_dags/example_setup_teardown.py
[2023-11-26T00:19:17.058+0000] {processor.py:829} INFO - Processing file /home/airflow/.local/lib/python3.8/site-packages/airflow/example_dags/example_setup_teardown.py for tasks to queue
[2023-11-26T00:19:17.070+0000] {logging_mixin.py:154} INFO - [2023-11-26T00:19:17.067+0000] {dagbag.py:536} INFO - Filling up the DagBag from /home/airflow/.local/lib/python3.8/site-packages/airflow/example_dags/example_setup_teardown.py
[2023-11-26T00:19:17.089+0000] {processor.py:839} INFO - DAG(s) dict_keys(['example_setup_teardown']) retrieved from /home/airflow/.local/lib/python3.8/site-packages/airflow/example_dags/example_setup_teardown.py
[2023-11-26T00:19:17.138+0000] {logging_mixin.py:154} INFO - [2023-11-26T00:19:17.137+0000] {dag.py:2941} INFO - Sync 1 DAGs
[2023-11-26T00:19:17.216+0000] {logging_mixin.py:154} INFO - [2023-11-26T00:19:17.216+0000] {dag.py:3722} INFO - Setting next_dagrun for example_setup_teardown to 2023-11-25T00:19:17.216088+00:00, run_after=2023-11-26T00:19:17.216088+00:00
[2023-11-26T00:19:17.289+0000] {processor.py:179} INFO - Processing /home/airflow/.local/lib/python3.8/site-packages/airflow/example_dags/example_setup_teardown.py took 0.242 seconds
[2023-11-26T00:19:48.490+0000] {processor.py:157} INFO - Started process (PID=238) to work on /home/airflow/.local/lib/python3.8/site-packages/airflow/example_dags/example_setup_teardown.py
[2023-11-26T00:19:48.503+0000] {processor.py:829} INFO - Processing file /home/airflow/.local/lib/python3.8/site-packages/airflow/example_dags/example_setup_teardown.py for tasks to queue
[2023-11-26T00:19:48.521+0000] {logging_mixin.py:154} INFO - [2023-11-26T00:19:48.519+0000] {dagbag.py:536} INFO - Filling up the DagBag from /home/airflow/.local/lib/python3.8/site-packages/airflow/example_dags/example_setup_teardown.py
[2023-11-26T00:19:48.627+0000] {processor.py:839} INFO - DAG(s) dict_keys(['example_setup_teardown']) retrieved from /home/airflow/.local/lib/python3.8/site-packages/airflow/example_dags/example_setup_teardown.py
[2023-11-26T00:19:48.804+0000] {logging_mixin.py:154} INFO - [2023-11-26T00:19:48.802+0000] {dag.py:2941} INFO - Sync 1 DAGs
[2023-11-26T00:19:48.964+0000] {logging_mixin.py:154} INFO - [2023-11-26T00:19:48.963+0000] {dag.py:3722} INFO - Setting next_dagrun for example_setup_teardown to 2023-11-25T00:19:48.963064+00:00, run_after=2023-11-26T00:19:48.963064+00:00
[2023-11-26T00:19:49.076+0000] {processor.py:179} INFO - Processing /home/airflow/.local/lib/python3.8/site-packages/airflow/example_dags/example_setup_teardown.py took 0.615 seconds
[2023-11-26T00:20:20.159+0000] {processor.py:157} INFO - Started process (PID=292) to work on /home/airflow/.local/lib/python3.8/site-packages/airflow/example_dags/example_setup_teardown.py
[2023-11-26T00:20:20.172+0000] {processor.py:829} INFO - Processing file /home/airflow/.local/lib/python3.8/site-packages/airflow/example_dags/example_setup_teardown.py for tasks to queue
[2023-11-26T00:20:20.181+0000] {logging_mixin.py:154} INFO - [2023-11-26T00:20:20.180+0000] {dagbag.py:536} INFO - Filling up the DagBag from /home/airflow/.local/lib/python3.8/site-packages/airflow/example_dags/example_setup_teardown.py
[2023-11-26T00:20:20.226+0000] {processor.py:839} INFO - DAG(s) dict_keys(['example_setup_teardown']) retrieved from /home/airflow/.local/lib/python3.8/site-packages/airflow/example_dags/example_setup_teardown.py
[2023-11-26T00:20:20.408+0000] {logging_mixin.py:154} INFO - [2023-11-26T00:20:20.407+0000] {dag.py:2941} INFO - Sync 1 DAGs
[2023-11-26T00:20:20.681+0000] {logging_mixin.py:154} INFO - [2023-11-26T00:20:20.680+0000] {dag.py:3722} INFO - Setting next_dagrun for example_setup_teardown to 2023-11-25T00:20:20.678891+00:00, run_after=2023-11-26T00:20:20.678891+00:00
[2023-11-26T00:20:20.843+0000] {processor.py:179} INFO - Processing /home/airflow/.local/lib/python3.8/site-packages/airflow/example_dags/example_setup_teardown.py took 0.704 seconds
[2023-11-26T00:20:51.189+0000] {processor.py:157} INFO - Started process (PID=346) to work on /home/airflow/.local/lib/python3.8/site-packages/airflow/example_dags/example_setup_teardown.py
[2023-11-26T00:20:51.194+0000] {processor.py:829} INFO - Processing file /home/airflow/.local/lib/python3.8/site-packages/airflow/example_dags/example_setup_teardown.py for tasks to queue
[2023-11-26T00:20:51.199+0000] {logging_mixin.py:154} INFO - [2023-11-26T00:20:51.199+0000] {dagbag.py:536} INFO - Filling up the DagBag from /home/airflow/.local/lib/python3.8/site-packages/airflow/example_dags/example_setup_teardown.py
[2023-11-26T00:20:51.220+0000] {processor.py:839} INFO - DAG(s) dict_keys(['example_setup_teardown']) retrieved from /home/airflow/.local/lib/python3.8/site-packages/airflow/example_dags/example_setup_teardown.py
[2023-11-26T00:20:51.301+0000] {logging_mixin.py:154} INFO - [2023-11-26T00:20:51.300+0000] {dag.py:2941} INFO - Sync 1 DAGs
[2023-11-26T00:20:51.365+0000] {logging_mixin.py:154} INFO - [2023-11-26T00:20:51.365+0000] {dag.py:3722} INFO - Setting next_dagrun for example_setup_teardown to 2023-11-25T00:20:51.364758+00:00, run_after=2023-11-26T00:20:51.364758+00:00
[2023-11-26T00:20:51.454+0000] {processor.py:179} INFO - Processing /home/airflow/.local/lib/python3.8/site-packages/airflow/example_dags/example_setup_teardown.py took 0.274 seconds
[2023-11-26T00:21:22.011+0000] {processor.py:157} INFO - Started process (PID=400) to work on /home/airflow/.local/lib/python3.8/site-packages/airflow/example_dags/example_setup_teardown.py
[2023-11-26T00:21:22.015+0000] {processor.py:829} INFO - Processing file /home/airflow/.local/lib/python3.8/site-packages/airflow/example_dags/example_setup_teardown.py for tasks to queue
[2023-11-26T00:21:22.020+0000] {logging_mixin.py:154} INFO - [2023-11-26T00:21:22.019+0000] {dagbag.py:536} INFO - Filling up the DagBag from /home/airflow/.local/lib/python3.8/site-packages/airflow/example_dags/example_setup_teardown.py
[2023-11-26T00:21:22.052+0000] {processor.py:839} INFO - DAG(s) dict_keys(['example_setup_teardown']) retrieved from /home/airflow/.local/lib/python3.8/site-packages/airflow/example_dags/example_setup_teardown.py
[2023-11-26T00:21:22.131+0000] {logging_mixin.py:154} INFO - [2023-11-26T00:21:22.130+0000] {dag.py:2941} INFO - Sync 1 DAGs
[2023-11-26T00:21:22.197+0000] {logging_mixin.py:154} INFO - [2023-11-26T00:21:22.197+0000] {dag.py:3722} INFO - Setting next_dagrun for example_setup_teardown to 2023-11-25T00:21:22.196824+00:00, run_after=2023-11-26T00:21:22.196824+00:00
[2023-11-26T00:21:22.300+0000] {processor.py:179} INFO - Processing /home/airflow/.local/lib/python3.8/site-packages/airflow/example_dags/example_setup_teardown.py took 0.296 seconds
[2023-11-26T00:21:56.844+0000] {processor.py:157} INFO - Started process (PID=461) to work on /home/airflow/.local/lib/python3.8/site-packages/airflow/example_dags/example_setup_teardown.py
[2023-11-26T00:21:56.850+0000] {processor.py:829} INFO - Processing file /home/airflow/.local/lib/python3.8/site-packages/airflow/example_dags/example_setup_teardown.py for tasks to queue
[2023-11-26T00:21:56.885+0000] {logging_mixin.py:154} INFO - [2023-11-26T00:21:56.883+0000] {dagbag.py:536} INFO - Filling up the DagBag from /home/airflow/.local/lib/python3.8/site-packages/airflow/example_dags/example_setup_teardown.py
[2023-11-26T00:21:56.925+0000] {processor.py:839} INFO - DAG(s) dict_keys(['example_setup_teardown']) retrieved from /home/airflow/.local/lib/python3.8/site-packages/airflow/example_dags/example_setup_teardown.py
[2023-11-26T00:21:57.113+0000] {logging_mixin.py:154} INFO - [2023-11-26T00:21:57.112+0000] {dag.py:2941} INFO - Sync 1 DAGs
[2023-11-26T00:21:57.322+0000] {logging_mixin.py:154} INFO - [2023-11-26T00:21:57.321+0000] {dag.py:3722} INFO - Setting next_dagrun for example_setup_teardown to 2023-11-25T00:21:57.320886+00:00, run_after=2023-11-26T00:21:57.320886+00:00
[2023-11-26T00:21:57.506+0000] {processor.py:179} INFO - Processing /home/airflow/.local/lib/python3.8/site-packages/airflow/example_dags/example_setup_teardown.py took 0.694 seconds
[2023-11-26T00:22:27.793+0000] {processor.py:157} INFO - Started process (PID=513) to work on /home/airflow/.local/lib/python3.8/site-packages/airflow/example_dags/example_setup_teardown.py
[2023-11-26T00:22:27.796+0000] {processor.py:829} INFO - Processing file /home/airflow/.local/lib/python3.8/site-packages/airflow/example_dags/example_setup_teardown.py for tasks to queue
[2023-11-26T00:22:27.814+0000] {logging_mixin.py:154} INFO - [2023-11-26T00:22:27.813+0000] {dagbag.py:536} INFO - Filling up the DagBag from /home/airflow/.local/lib/python3.8/site-packages/airflow/example_dags/example_setup_teardown.py
[2023-11-26T00:22:27.880+0000] {processor.py:839} INFO - DAG(s) dict_keys(['example_setup_teardown']) retrieved from /home/airflow/.local/lib/python3.8/site-packages/airflow/example_dags/example_setup_teardown.py
[2023-11-26T00:22:28.029+0000] {logging_mixin.py:154} INFO - [2023-11-26T00:22:28.028+0000] {dag.py:2941} INFO - Sync 1 DAGs
[2023-11-26T00:22:28.204+0000] {logging_mixin.py:154} INFO - [2023-11-26T00:22:28.203+0000] {dag.py:3722} INFO - Setting next_dagrun for example_setup_teardown to 2023-11-25T00:22:28.202351+00:00, run_after=2023-11-26T00:22:28.202351+00:00
[2023-11-26T00:22:28.353+0000] {processor.py:179} INFO - Processing /home/airflow/.local/lib/python3.8/site-packages/airflow/example_dags/example_setup_teardown.py took 0.602 seconds
[2023-11-26T00:22:58.736+0000] {processor.py:157} INFO - Started process (PID=567) to work on /home/airflow/.local/lib/python3.8/site-packages/airflow/example_dags/example_setup_teardown.py
[2023-11-26T00:22:58.742+0000] {processor.py:829} INFO - Processing file /home/airflow/.local/lib/python3.8/site-packages/airflow/example_dags/example_setup_teardown.py for tasks to queue
[2023-11-26T00:22:58.754+0000] {logging_mixin.py:154} INFO - [2023-11-26T00:22:58.753+0000] {dagbag.py:536} INFO - Filling up the DagBag from /home/airflow/.local/lib/python3.8/site-packages/airflow/example_dags/example_setup_teardown.py
[2023-11-26T00:22:58.796+0000] {processor.py:839} INFO - DAG(s) dict_keys(['example_setup_teardown']) retrieved from /home/airflow/.local/lib/python3.8/site-packages/airflow/example_dags/example_setup_teardown.py
[2023-11-26T00:22:58.976+0000] {logging_mixin.py:154} INFO - [2023-11-26T00:22:58.972+0000] {dag.py:2941} INFO - Sync 1 DAGs
[2023-11-26T00:22:59.128+0000] {logging_mixin.py:154} INFO - [2023-11-26T00:22:59.126+0000] {dag.py:3722} INFO - Setting next_dagrun for example_setup_teardown to 2023-11-25T00:22:59.124673+00:00, run_after=2023-11-26T00:22:59.124673+00:00
[2023-11-26T00:22:59.313+0000] {processor.py:179} INFO - Processing /home/airflow/.local/lib/python3.8/site-packages/airflow/example_dags/example_setup_teardown.py took 0.597 seconds
[2023-11-26T00:23:30.319+0000] {processor.py:157} INFO - Started process (PID=622) to work on /home/airflow/.local/lib/python3.8/site-packages/airflow/example_dags/example_setup_teardown.py
[2023-11-26T00:23:30.321+0000] {processor.py:829} INFO - Processing file /home/airflow/.local/lib/python3.8/site-packages/airflow/example_dags/example_setup_teardown.py for tasks to queue
[2023-11-26T00:23:30.325+0000] {logging_mixin.py:154} INFO - [2023-11-26T00:23:30.325+0000] {dagbag.py:536} INFO - Filling up the DagBag from /home/airflow/.local/lib/python3.8/site-packages/airflow/example_dags/example_setup_teardown.py
[2023-11-26T00:23:30.338+0000] {processor.py:839} INFO - DAG(s) dict_keys(['example_setup_teardown']) retrieved from /home/airflow/.local/lib/python3.8/site-packages/airflow/example_dags/example_setup_teardown.py
[2023-11-26T00:23:30.379+0000] {logging_mixin.py:154} INFO - [2023-11-26T00:23:30.378+0000] {dag.py:2941} INFO - Sync 1 DAGs
[2023-11-26T00:23:30.424+0000] {logging_mixin.py:154} INFO - [2023-11-26T00:23:30.424+0000] {dag.py:3722} INFO - Setting next_dagrun for example_setup_teardown to 2023-11-25T00:23:30.423981+00:00, run_after=2023-11-26T00:23:30.423981+00:00
[2023-11-26T00:23:30.476+0000] {processor.py:179} INFO - Processing /home/airflow/.local/lib/python3.8/site-packages/airflow/example_dags/example_setup_teardown.py took 0.163 seconds
[2023-11-26T00:24:01.384+0000] {processor.py:157} INFO - Started process (PID=676) to work on /home/airflow/.local/lib/python3.8/site-packages/airflow/example_dags/example_setup_teardown.py
[2023-11-26T00:24:01.388+0000] {processor.py:829} INFO - Processing file /home/airflow/.local/lib/python3.8/site-packages/airflow/example_dags/example_setup_teardown.py for tasks to queue
[2023-11-26T00:24:01.395+0000] {logging_mixin.py:154} INFO - [2023-11-26T00:24:01.394+0000] {dagbag.py:536} INFO - Filling up the DagBag from /home/airflow/.local/lib/python3.8/site-packages/airflow/example_dags/example_setup_teardown.py
[2023-11-26T00:24:01.415+0000] {processor.py:839} INFO - DAG(s) dict_keys(['example_setup_teardown']) retrieved from /home/airflow/.local/lib/python3.8/site-packages/airflow/example_dags/example_setup_teardown.py
[2023-11-26T00:24:01.474+0000] {logging_mixin.py:154} INFO - [2023-11-26T00:24:01.473+0000] {dag.py:2941} INFO - Sync 1 DAGs
[2023-11-26T00:24:01.546+0000] {logging_mixin.py:154} INFO - [2023-11-26T00:24:01.545+0000] {dag.py:3722} INFO - Setting next_dagrun for example_setup_teardown to 2023-11-25T00:24:01.545365+00:00, run_after=2023-11-26T00:24:01.545365+00:00
[2023-11-26T00:24:01.634+0000] {processor.py:179} INFO - Processing /home/airflow/.local/lib/python3.8/site-packages/airflow/example_dags/example_setup_teardown.py took 0.257 seconds
[2023-11-26T00:24:31.808+0000] {processor.py:157} INFO - Started process (PID=730) to work on /home/airflow/.local/lib/python3.8/site-packages/airflow/example_dags/example_setup_teardown.py
[2023-11-26T00:24:31.810+0000] {processor.py:829} INFO - Processing file /home/airflow/.local/lib/python3.8/site-packages/airflow/example_dags/example_setup_teardown.py for tasks to queue
[2023-11-26T00:24:31.814+0000] {logging_mixin.py:154} INFO - [2023-11-26T00:24:31.813+0000] {dagbag.py:536} INFO - Filling up the DagBag from /home/airflow/.local/lib/python3.8/site-packages/airflow/example_dags/example_setup_teardown.py
[2023-11-26T00:24:31.827+0000] {processor.py:839} INFO - DAG(s) dict_keys(['example_setup_teardown']) retrieved from /home/airflow/.local/lib/python3.8/site-packages/airflow/example_dags/example_setup_teardown.py
[2023-11-26T00:24:31.867+0000] {logging_mixin.py:154} INFO - [2023-11-26T00:24:31.867+0000] {dag.py:2941} INFO - Sync 1 DAGs
[2023-11-26T00:24:31.909+0000] {logging_mixin.py:154} INFO - [2023-11-26T00:24:31.909+0000] {dag.py:3722} INFO - Setting next_dagrun for example_setup_teardown to 2023-11-25T00:24:31.908855+00:00, run_after=2023-11-26T00:24:31.908855+00:00
[2023-11-26T00:24:31.953+0000] {processor.py:179} INFO - Processing /home/airflow/.local/lib/python3.8/site-packages/airflow/example_dags/example_setup_teardown.py took 0.150 seconds
[2023-11-26T00:25:02.506+0000] {processor.py:157} INFO - Started process (PID=784) to work on /home/airflow/.local/lib/python3.8/site-packages/airflow/example_dags/example_setup_teardown.py
[2023-11-26T00:25:02.513+0000] {processor.py:829} INFO - Processing file /home/airflow/.local/lib/python3.8/site-packages/airflow/example_dags/example_setup_teardown.py for tasks to queue
[2023-11-26T00:25:02.524+0000] {logging_mixin.py:154} INFO - [2023-11-26T00:25:02.521+0000] {dagbag.py:536} INFO - Filling up the DagBag from /home/airflow/.local/lib/python3.8/site-packages/airflow/example_dags/example_setup_teardown.py
[2023-11-26T00:25:02.544+0000] {processor.py:839} INFO - DAG(s) dict_keys(['example_setup_teardown']) retrieved from /home/airflow/.local/lib/python3.8/site-packages/airflow/example_dags/example_setup_teardown.py
[2023-11-26T00:25:02.601+0000] {logging_mixin.py:154} INFO - [2023-11-26T00:25:02.600+0000] {dag.py:2941} INFO - Sync 1 DAGs
[2023-11-26T00:25:02.696+0000] {logging_mixin.py:154} INFO - [2023-11-26T00:25:02.696+0000] {dag.py:3722} INFO - Setting next_dagrun for example_setup_teardown to 2023-11-25T00:25:02.695678+00:00, run_after=2023-11-26T00:25:02.695678+00:00
[2023-11-26T00:25:02.780+0000] {processor.py:179} INFO - Processing /home/airflow/.local/lib/python3.8/site-packages/airflow/example_dags/example_setup_teardown.py took 0.285 seconds
[2023-11-26T00:25:33.007+0000] {processor.py:157} INFO - Started process (PID=838) to work on /home/airflow/.local/lib/python3.8/site-packages/airflow/example_dags/example_setup_teardown.py
[2023-11-26T00:25:33.010+0000] {processor.py:829} INFO - Processing file /home/airflow/.local/lib/python3.8/site-packages/airflow/example_dags/example_setup_teardown.py for tasks to queue
[2023-11-26T00:25:33.015+0000] {logging_mixin.py:154} INFO - [2023-11-26T00:25:33.014+0000] {dagbag.py:536} INFO - Filling up the DagBag from /home/airflow/.local/lib/python3.8/site-packages/airflow/example_dags/example_setup_teardown.py
[2023-11-26T00:25:33.031+0000] {processor.py:839} INFO - DAG(s) dict_keys(['example_setup_teardown']) retrieved from /home/airflow/.local/lib/python3.8/site-packages/airflow/example_dags/example_setup_teardown.py
[2023-11-26T00:25:33.094+0000] {logging_mixin.py:154} INFO - [2023-11-26T00:25:33.093+0000] {dag.py:2941} INFO - Sync 1 DAGs
[2023-11-26T00:25:33.131+0000] {logging_mixin.py:154} INFO - [2023-11-26T00:25:33.130+0000] {dag.py:3722} INFO - Setting next_dagrun for example_setup_teardown to 2023-11-25T00:25:33.130484+00:00, run_after=2023-11-26T00:25:33.130484+00:00
[2023-11-26T00:25:33.176+0000] {processor.py:179} INFO - Processing /home/airflow/.local/lib/python3.8/site-packages/airflow/example_dags/example_setup_teardown.py took 0.173 seconds
[2023-11-26T00:26:03.978+0000] {processor.py:157} INFO - Started process (PID=892) to work on /home/airflow/.local/lib/python3.8/site-packages/airflow/example_dags/example_setup_teardown.py
[2023-11-26T00:26:03.980+0000] {processor.py:829} INFO - Processing file /home/airflow/.local/lib/python3.8/site-packages/airflow/example_dags/example_setup_teardown.py for tasks to queue
[2023-11-26T00:26:03.986+0000] {logging_mixin.py:154} INFO - [2023-11-26T00:26:03.986+0000] {dagbag.py:536} INFO - Filling up the DagBag from /home/airflow/.local/lib/python3.8/site-packages/airflow/example_dags/example_setup_teardown.py
[2023-11-26T00:26:03.999+0000] {processor.py:839} INFO - DAG(s) dict_keys(['example_setup_teardown']) retrieved from /home/airflow/.local/lib/python3.8/site-packages/airflow/example_dags/example_setup_teardown.py
[2023-11-26T00:26:04.032+0000] {logging_mixin.py:154} INFO - [2023-11-26T00:26:04.031+0000] {dag.py:2941} INFO - Sync 1 DAGs
[2023-11-26T00:26:04.088+0000] {logging_mixin.py:154} INFO - [2023-11-26T00:26:04.087+0000] {dag.py:3722} INFO - Setting next_dagrun for example_setup_teardown to 2023-11-25T00:26:04.087298+00:00, run_after=2023-11-26T00:26:04.087298+00:00
[2023-11-26T00:26:04.130+0000] {processor.py:179} INFO - Processing /home/airflow/.local/lib/python3.8/site-packages/airflow/example_dags/example_setup_teardown.py took 0.158 seconds
[2023-11-26T00:26:34.376+0000] {processor.py:157} INFO - Started process (PID=946) to work on /home/airflow/.local/lib/python3.8/site-packages/airflow/example_dags/example_setup_teardown.py
[2023-11-26T00:26:34.379+0000] {processor.py:829} INFO - Processing file /home/airflow/.local/lib/python3.8/site-packages/airflow/example_dags/example_setup_teardown.py for tasks to queue
[2023-11-26T00:26:34.390+0000] {logging_mixin.py:154} INFO - [2023-11-26T00:26:34.390+0000] {dagbag.py:536} INFO - Filling up the DagBag from /home/airflow/.local/lib/python3.8/site-packages/airflow/example_dags/example_setup_teardown.py
[2023-11-26T00:26:34.412+0000] {processor.py:839} INFO - DAG(s) dict_keys(['example_setup_teardown']) retrieved from /home/airflow/.local/lib/python3.8/site-packages/airflow/example_dags/example_setup_teardown.py
[2023-11-26T00:26:34.453+0000] {logging_mixin.py:154} INFO - [2023-11-26T00:26:34.452+0000] {dag.py:2941} INFO - Sync 1 DAGs
[2023-11-26T00:26:34.493+0000] {logging_mixin.py:154} INFO - [2023-11-26T00:26:34.493+0000] {dag.py:3722} INFO - Setting next_dagrun for example_setup_teardown to 2023-11-25T00:26:34.493050+00:00, run_after=2023-11-26T00:26:34.493050+00:00
[2023-11-26T00:26:34.533+0000] {processor.py:179} INFO - Processing /home/airflow/.local/lib/python3.8/site-packages/airflow/example_dags/example_setup_teardown.py took 0.163 seconds
[2023-11-26T00:27:04.987+0000] {processor.py:157} INFO - Started process (PID=1000) to work on /home/airflow/.local/lib/python3.8/site-packages/airflow/example_dags/example_setup_teardown.py
[2023-11-26T00:27:04.990+0000] {processor.py:829} INFO - Processing file /home/airflow/.local/lib/python3.8/site-packages/airflow/example_dags/example_setup_teardown.py for tasks to queue
[2023-11-26T00:27:04.997+0000] {logging_mixin.py:154} INFO - [2023-11-26T00:27:04.996+0000] {dagbag.py:536} INFO - Filling up the DagBag from /home/airflow/.local/lib/python3.8/site-packages/airflow/example_dags/example_setup_teardown.py
[2023-11-26T00:27:05.009+0000] {processor.py:839} INFO - DAG(s) dict_keys(['example_setup_teardown']) retrieved from /home/airflow/.local/lib/python3.8/site-packages/airflow/example_dags/example_setup_teardown.py
[2023-11-26T00:27:05.041+0000] {logging_mixin.py:154} INFO - [2023-11-26T00:27:05.040+0000] {dag.py:2941} INFO - Sync 1 DAGs
[2023-11-26T00:27:05.080+0000] {logging_mixin.py:154} INFO - [2023-11-26T00:27:05.080+0000] {dag.py:3722} INFO - Setting next_dagrun for example_setup_teardown to 2023-11-25T00:27:05.079999+00:00, run_after=2023-11-26T00:27:05.079999+00:00
[2023-11-26T00:27:05.113+0000] {processor.py:179} INFO - Processing /home/airflow/.local/lib/python3.8/site-packages/airflow/example_dags/example_setup_teardown.py took 0.131 seconds
[2023-11-26T00:27:35.650+0000] {processor.py:157} INFO - Started process (PID=1054) to work on /home/airflow/.local/lib/python3.8/site-packages/airflow/example_dags/example_setup_teardown.py
[2023-11-26T00:27:35.652+0000] {processor.py:829} INFO - Processing file /home/airflow/.local/lib/python3.8/site-packages/airflow/example_dags/example_setup_teardown.py for tasks to queue
[2023-11-26T00:27:35.657+0000] {logging_mixin.py:154} INFO - [2023-11-26T00:27:35.656+0000] {dagbag.py:536} INFO - Filling up the DagBag from /home/airflow/.local/lib/python3.8/site-packages/airflow/example_dags/example_setup_teardown.py
[2023-11-26T00:27:35.666+0000] {processor.py:839} INFO - DAG(s) dict_keys(['example_setup_teardown']) retrieved from /home/airflow/.local/lib/python3.8/site-packages/airflow/example_dags/example_setup_teardown.py
[2023-11-26T00:27:35.703+0000] {logging_mixin.py:154} INFO - [2023-11-26T00:27:35.702+0000] {dag.py:2941} INFO - Sync 1 DAGs
[2023-11-26T00:27:35.745+0000] {logging_mixin.py:154} INFO - [2023-11-26T00:27:35.744+0000] {dag.py:3722} INFO - Setting next_dagrun for example_setup_teardown to 2023-11-25T00:27:35.744213+00:00, run_after=2023-11-26T00:27:35.744213+00:00
[2023-11-26T00:27:35.774+0000] {processor.py:179} INFO - Processing /home/airflow/.local/lib/python3.8/site-packages/airflow/example_dags/example_setup_teardown.py took 0.134 seconds
[2023-11-26T00:28:06.365+0000] {processor.py:157} INFO - Started process (PID=1108) to work on /home/airflow/.local/lib/python3.8/site-packages/airflow/example_dags/example_setup_teardown.py
[2023-11-26T00:28:06.368+0000] {processor.py:829} INFO - Processing file /home/airflow/.local/lib/python3.8/site-packages/airflow/example_dags/example_setup_teardown.py for tasks to queue
[2023-11-26T00:28:06.372+0000] {logging_mixin.py:154} INFO - [2023-11-26T00:28:06.372+0000] {dagbag.py:536} INFO - Filling up the DagBag from /home/airflow/.local/lib/python3.8/site-packages/airflow/example_dags/example_setup_teardown.py
[2023-11-26T00:28:06.380+0000] {processor.py:839} INFO - DAG(s) dict_keys(['example_setup_teardown']) retrieved from /home/airflow/.local/lib/python3.8/site-packages/airflow/example_dags/example_setup_teardown.py
[2023-11-26T00:28:06.410+0000] {logging_mixin.py:154} INFO - [2023-11-26T00:28:06.410+0000] {dag.py:2941} INFO - Sync 1 DAGs
[2023-11-26T00:28:06.442+0000] {logging_mixin.py:154} INFO - [2023-11-26T00:28:06.442+0000] {dag.py:3722} INFO - Setting next_dagrun for example_setup_teardown to 2023-11-25T00:28:06.442041+00:00, run_after=2023-11-26T00:28:06.442041+00:00
[2023-11-26T00:28:06.470+0000] {processor.py:179} INFO - Processing /home/airflow/.local/lib/python3.8/site-packages/airflow/example_dags/example_setup_teardown.py took 0.111 seconds
[2023-11-26T00:28:36.725+0000] {processor.py:157} INFO - Started process (PID=1161) to work on /home/airflow/.local/lib/python3.8/site-packages/airflow/example_dags/example_setup_teardown.py
[2023-11-26T00:28:36.727+0000] {processor.py:829} INFO - Processing file /home/airflow/.local/lib/python3.8/site-packages/airflow/example_dags/example_setup_teardown.py for tasks to queue
[2023-11-26T00:28:36.730+0000] {logging_mixin.py:154} INFO - [2023-11-26T00:28:36.730+0000] {dagbag.py:536} INFO - Filling up the DagBag from /home/airflow/.local/lib/python3.8/site-packages/airflow/example_dags/example_setup_teardown.py
[2023-11-26T00:28:36.739+0000] {processor.py:839} INFO - DAG(s) dict_keys(['example_setup_teardown']) retrieved from /home/airflow/.local/lib/python3.8/site-packages/airflow/example_dags/example_setup_teardown.py
[2023-11-26T00:28:36.769+0000] {logging_mixin.py:154} INFO - [2023-11-26T00:28:36.768+0000] {dag.py:2941} INFO - Sync 1 DAGs
[2023-11-26T00:28:36.796+0000] {logging_mixin.py:154} INFO - [2023-11-26T00:28:36.796+0000] {dag.py:3722} INFO - Setting next_dagrun for example_setup_teardown to 2023-11-25T00:28:36.796113+00:00, run_after=2023-11-26T00:28:36.796113+00:00
[2023-11-26T00:28:36.823+0000] {processor.py:179} INFO - Processing /home/airflow/.local/lib/python3.8/site-packages/airflow/example_dags/example_setup_teardown.py took 0.103 seconds
[2023-11-26T00:29:07.108+0000] {processor.py:157} INFO - Started process (PID=1215) to work on /home/airflow/.local/lib/python3.8/site-packages/airflow/example_dags/example_setup_teardown.py
[2023-11-26T00:29:07.109+0000] {processor.py:829} INFO - Processing file /home/airflow/.local/lib/python3.8/site-packages/airflow/example_dags/example_setup_teardown.py for tasks to queue
[2023-11-26T00:29:07.112+0000] {logging_mixin.py:154} INFO - [2023-11-26T00:29:07.112+0000] {dagbag.py:536} INFO - Filling up the DagBag from /home/airflow/.local/lib/python3.8/site-packages/airflow/example_dags/example_setup_teardown.py
[2023-11-26T00:29:07.120+0000] {processor.py:839} INFO - DAG(s) dict_keys(['example_setup_teardown']) retrieved from /home/airflow/.local/lib/python3.8/site-packages/airflow/example_dags/example_setup_teardown.py
[2023-11-26T00:29:07.145+0000] {logging_mixin.py:154} INFO - [2023-11-26T00:29:07.145+0000] {dag.py:2941} INFO - Sync 1 DAGs
[2023-11-26T00:29:07.171+0000] {logging_mixin.py:154} INFO - [2023-11-26T00:29:07.171+0000] {dag.py:3722} INFO - Setting next_dagrun for example_setup_teardown to 2023-11-25T00:29:07.170781+00:00, run_after=2023-11-26T00:29:07.170781+00:00
[2023-11-26T00:29:07.202+0000] {processor.py:179} INFO - Processing /home/airflow/.local/lib/python3.8/site-packages/airflow/example_dags/example_setup_teardown.py took 0.098 seconds
[2023-11-26T00:29:37.831+0000] {processor.py:157} INFO - Started process (PID=1269) to work on /home/airflow/.local/lib/python3.8/site-packages/airflow/example_dags/example_setup_teardown.py
[2023-11-26T00:29:37.836+0000] {processor.py:829} INFO - Processing file /home/airflow/.local/lib/python3.8/site-packages/airflow/example_dags/example_setup_teardown.py for tasks to queue
[2023-11-26T00:29:37.843+0000] {logging_mixin.py:154} INFO - [2023-11-26T00:29:37.843+0000] {dagbag.py:536} INFO - Filling up the DagBag from /home/airflow/.local/lib/python3.8/site-packages/airflow/example_dags/example_setup_teardown.py
[2023-11-26T00:29:37.854+0000] {processor.py:839} INFO - DAG(s) dict_keys(['example_setup_teardown']) retrieved from /home/airflow/.local/lib/python3.8/site-packages/airflow/example_dags/example_setup_teardown.py
[2023-11-26T00:29:37.907+0000] {logging_mixin.py:154} INFO - [2023-11-26T00:29:37.905+0000] {dag.py:2941} INFO - Sync 1 DAGs
[2023-11-26T00:29:37.950+0000] {logging_mixin.py:154} INFO - [2023-11-26T00:29:37.950+0000] {dag.py:3722} INFO - Setting next_dagrun for example_setup_teardown to 2023-11-25T00:29:37.950031+00:00, run_after=2023-11-26T00:29:37.950031+00:00
[2023-11-26T00:29:37.998+0000] {processor.py:179} INFO - Processing /home/airflow/.local/lib/python3.8/site-packages/airflow/example_dags/example_setup_teardown.py took 0.172 seconds
[2023-11-26T00:30:08.100+0000] {processor.py:157} INFO - Started process (PID=1323) to work on /home/airflow/.local/lib/python3.8/site-packages/airflow/example_dags/example_setup_teardown.py
[2023-11-26T00:30:08.102+0000] {processor.py:829} INFO - Processing file /home/airflow/.local/lib/python3.8/site-packages/airflow/example_dags/example_setup_teardown.py for tasks to queue
[2023-11-26T00:30:08.105+0000] {logging_mixin.py:154} INFO - [2023-11-26T00:30:08.105+0000] {dagbag.py:536} INFO - Filling up the DagBag from /home/airflow/.local/lib/python3.8/site-packages/airflow/example_dags/example_setup_teardown.py
[2023-11-26T00:30:08.133+0000] {processor.py:839} INFO - DAG(s) dict_keys(['example_setup_teardown']) retrieved from /home/airflow/.local/lib/python3.8/site-packages/airflow/example_dags/example_setup_teardown.py
[2023-11-26T00:30:08.165+0000] {logging_mixin.py:154} INFO - [2023-11-26T00:30:08.164+0000] {dag.py:2941} INFO - Sync 1 DAGs
[2023-11-26T00:30:08.192+0000] {logging_mixin.py:154} INFO - [2023-11-26T00:30:08.192+0000] {dag.py:3722} INFO - Setting next_dagrun for example_setup_teardown to 2023-11-25T00:30:08.192235+00:00, run_after=2023-11-26T00:30:08.192235+00:00
[2023-11-26T00:30:08.222+0000] {processor.py:179} INFO - Processing /home/airflow/.local/lib/python3.8/site-packages/airflow/example_dags/example_setup_teardown.py took 0.127 seconds
[2023-11-26T00:30:38.518+0000] {processor.py:157} INFO - Started process (PID=1377) to work on /home/airflow/.local/lib/python3.8/site-packages/airflow/example_dags/example_setup_teardown.py
[2023-11-26T00:30:38.519+0000] {processor.py:829} INFO - Processing file /home/airflow/.local/lib/python3.8/site-packages/airflow/example_dags/example_setup_teardown.py for tasks to queue
[2023-11-26T00:30:38.523+0000] {logging_mixin.py:154} INFO - [2023-11-26T00:30:38.522+0000] {dagbag.py:536} INFO - Filling up the DagBag from /home/airflow/.local/lib/python3.8/site-packages/airflow/example_dags/example_setup_teardown.py
[2023-11-26T00:30:38.532+0000] {processor.py:839} INFO - DAG(s) dict_keys(['example_setup_teardown']) retrieved from /home/airflow/.local/lib/python3.8/site-packages/airflow/example_dags/example_setup_teardown.py
[2023-11-26T00:30:38.558+0000] {logging_mixin.py:154} INFO - [2023-11-26T00:30:38.558+0000] {dag.py:2941} INFO - Sync 1 DAGs
[2023-11-26T00:30:38.585+0000] {logging_mixin.py:154} INFO - [2023-11-26T00:30:38.585+0000] {dag.py:3722} INFO - Setting next_dagrun for example_setup_teardown to 2023-11-25T00:30:38.584833+00:00, run_after=2023-11-26T00:30:38.584833+00:00
[2023-11-26T00:30:38.618+0000] {processor.py:179} INFO - Processing /home/airflow/.local/lib/python3.8/site-packages/airflow/example_dags/example_setup_teardown.py took 0.104 seconds
[2023-11-26T00:31:09.016+0000] {processor.py:157} INFO - Started process (PID=1431) to work on /home/airflow/.local/lib/python3.8/site-packages/airflow/example_dags/example_setup_teardown.py
[2023-11-26T00:31:09.018+0000] {processor.py:829} INFO - Processing file /home/airflow/.local/lib/python3.8/site-packages/airflow/example_dags/example_setup_teardown.py for tasks to queue
[2023-11-26T00:31:09.023+0000] {logging_mixin.py:154} INFO - [2023-11-26T00:31:09.022+0000] {dagbag.py:536} INFO - Filling up the DagBag from /home/airflow/.local/lib/python3.8/site-packages/airflow/example_dags/example_setup_teardown.py
[2023-11-26T00:31:09.033+0000] {processor.py:839} INFO - DAG(s) dict_keys(['example_setup_teardown']) retrieved from /home/airflow/.local/lib/python3.8/site-packages/airflow/example_dags/example_setup_teardown.py
[2023-11-26T00:31:09.063+0000] {logging_mixin.py:154} INFO - [2023-11-26T00:31:09.062+0000] {dag.py:2941} INFO - Sync 1 DAGs
[2023-11-26T00:31:09.091+0000] {logging_mixin.py:154} INFO - [2023-11-26T00:31:09.091+0000] {dag.py:3722} INFO - Setting next_dagrun for example_setup_teardown to 2023-11-25T00:31:09.091503+00:00, run_after=2023-11-26T00:31:09.091503+00:00
[2023-11-26T00:31:09.122+0000] {processor.py:179} INFO - Processing /home/airflow/.local/lib/python3.8/site-packages/airflow/example_dags/example_setup_teardown.py took 0.109 seconds
[2023-11-26T00:31:39.281+0000] {processor.py:157} INFO - Started process (PID=1485) to work on /home/airflow/.local/lib/python3.8/site-packages/airflow/example_dags/example_setup_teardown.py
[2023-11-26T00:31:39.282+0000] {processor.py:829} INFO - Processing file /home/airflow/.local/lib/python3.8/site-packages/airflow/example_dags/example_setup_teardown.py for tasks to queue
[2023-11-26T00:31:39.287+0000] {logging_mixin.py:154} INFO - [2023-11-26T00:31:39.286+0000] {dagbag.py:536} INFO - Filling up the DagBag from /home/airflow/.local/lib/python3.8/site-packages/airflow/example_dags/example_setup_teardown.py
[2023-11-26T00:31:39.297+0000] {processor.py:839} INFO - DAG(s) dict_keys(['example_setup_teardown']) retrieved from /home/airflow/.local/lib/python3.8/site-packages/airflow/example_dags/example_setup_teardown.py
[2023-11-26T00:31:39.327+0000] {logging_mixin.py:154} INFO - [2023-11-26T00:31:39.327+0000] {dag.py:2941} INFO - Sync 1 DAGs
[2023-11-26T00:31:39.354+0000] {logging_mixin.py:154} INFO - [2023-11-26T00:31:39.354+0000] {dag.py:3722} INFO - Setting next_dagrun for example_setup_teardown to 2023-11-25T00:31:39.354220+00:00, run_after=2023-11-26T00:31:39.354220+00:00
[2023-11-26T00:31:39.389+0000] {processor.py:179} INFO - Processing /home/airflow/.local/lib/python3.8/site-packages/airflow/example_dags/example_setup_teardown.py took 0.113 seconds
[2023-11-26T00:32:09.539+0000] {processor.py:157} INFO - Started process (PID=1539) to work on /home/airflow/.local/lib/python3.8/site-packages/airflow/example_dags/example_setup_teardown.py
[2023-11-26T00:32:09.541+0000] {processor.py:829} INFO - Processing file /home/airflow/.local/lib/python3.8/site-packages/airflow/example_dags/example_setup_teardown.py for tasks to queue
[2023-11-26T00:32:09.544+0000] {logging_mixin.py:154} INFO - [2023-11-26T00:32:09.543+0000] {dagbag.py:536} INFO - Filling up the DagBag from /home/airflow/.local/lib/python3.8/site-packages/airflow/example_dags/example_setup_teardown.py
[2023-11-26T00:32:09.552+0000] {processor.py:839} INFO - DAG(s) dict_keys(['example_setup_teardown']) retrieved from /home/airflow/.local/lib/python3.8/site-packages/airflow/example_dags/example_setup_teardown.py
[2023-11-26T00:32:09.584+0000] {logging_mixin.py:154} INFO - [2023-11-26T00:32:09.584+0000] {dag.py:2941} INFO - Sync 1 DAGs
[2023-11-26T00:32:09.615+0000] {logging_mixin.py:154} INFO - [2023-11-26T00:32:09.615+0000] {dag.py:3722} INFO - Setting next_dagrun for example_setup_teardown to 2023-11-25T00:32:09.615314+00:00, run_after=2023-11-26T00:32:09.615314+00:00
[2023-11-26T00:32:09.647+0000] {processor.py:179} INFO - Processing /home/airflow/.local/lib/python3.8/site-packages/airflow/example_dags/example_setup_teardown.py took 0.114 seconds
[2023-11-26T00:32:40.115+0000] {processor.py:157} INFO - Started process (PID=1591) to work on /home/airflow/.local/lib/python3.8/site-packages/airflow/example_dags/example_setup_teardown.py
[2023-11-26T00:32:40.117+0000] {processor.py:829} INFO - Processing file /home/airflow/.local/lib/python3.8/site-packages/airflow/example_dags/example_setup_teardown.py for tasks to queue
[2023-11-26T00:32:40.119+0000] {logging_mixin.py:154} INFO - [2023-11-26T00:32:40.118+0000] {dagbag.py:536} INFO - Filling up the DagBag from /home/airflow/.local/lib/python3.8/site-packages/airflow/example_dags/example_setup_teardown.py
[2023-11-26T00:32:40.124+0000] {processor.py:839} INFO - DAG(s) dict_keys(['example_setup_teardown']) retrieved from /home/airflow/.local/lib/python3.8/site-packages/airflow/example_dags/example_setup_teardown.py
[2023-11-26T00:32:40.144+0000] {logging_mixin.py:154} INFO - [2023-11-26T00:32:40.144+0000] {dag.py:2941} INFO - Sync 1 DAGs
[2023-11-26T00:32:40.163+0000] {logging_mixin.py:154} INFO - [2023-11-26T00:32:40.162+0000] {dag.py:3722} INFO - Setting next_dagrun for example_setup_teardown to 2023-11-25T00:32:40.162815+00:00, run_after=2023-11-26T00:32:40.162815+00:00
[2023-11-26T00:32:40.183+0000] {processor.py:179} INFO - Processing /home/airflow/.local/lib/python3.8/site-packages/airflow/example_dags/example_setup_teardown.py took 0.070 seconds
[2023-11-26T00:33:10.428+0000] {processor.py:157} INFO - Started process (PID=1645) to work on /home/airflow/.local/lib/python3.8/site-packages/airflow/example_dags/example_setup_teardown.py
[2023-11-26T00:33:10.430+0000] {processor.py:829} INFO - Processing file /home/airflow/.local/lib/python3.8/site-packages/airflow/example_dags/example_setup_teardown.py for tasks to queue
[2023-11-26T00:33:10.432+0000] {logging_mixin.py:154} INFO - [2023-11-26T00:33:10.432+0000] {dagbag.py:536} INFO - Filling up the DagBag from /home/airflow/.local/lib/python3.8/site-packages/airflow/example_dags/example_setup_teardown.py
[2023-11-26T00:33:10.441+0000] {processor.py:839} INFO - DAG(s) dict_keys(['example_setup_teardown']) retrieved from /home/airflow/.local/lib/python3.8/site-packages/airflow/example_dags/example_setup_teardown.py
[2023-11-26T00:33:10.474+0000] {logging_mixin.py:154} INFO - [2023-11-26T00:33:10.474+0000] {dag.py:2941} INFO - Sync 1 DAGs
[2023-11-26T00:33:10.500+0000] {logging_mixin.py:154} INFO - [2023-11-26T00:33:10.500+0000] {dag.py:3722} INFO - Setting next_dagrun for example_setup_teardown to 2023-11-25T00:33:10.500379+00:00, run_after=2023-11-26T00:33:10.500379+00:00
[2023-11-26T00:33:10.527+0000] {processor.py:179} INFO - Processing /home/airflow/.local/lib/python3.8/site-packages/airflow/example_dags/example_setup_teardown.py took 0.103 seconds
[2023-11-26T00:33:41.088+0000] {processor.py:157} INFO - Started process (PID=1699) to work on /home/airflow/.local/lib/python3.8/site-packages/airflow/example_dags/example_setup_teardown.py
[2023-11-26T00:33:41.089+0000] {processor.py:829} INFO - Processing file /home/airflow/.local/lib/python3.8/site-packages/airflow/example_dags/example_setup_teardown.py for tasks to queue
[2023-11-26T00:33:41.092+0000] {logging_mixin.py:154} INFO - [2023-11-26T00:33:41.091+0000] {dagbag.py:536} INFO - Filling up the DagBag from /home/airflow/.local/lib/python3.8/site-packages/airflow/example_dags/example_setup_teardown.py
[2023-11-26T00:33:41.099+0000] {processor.py:839} INFO - DAG(s) dict_keys(['example_setup_teardown']) retrieved from /home/airflow/.local/lib/python3.8/site-packages/airflow/example_dags/example_setup_teardown.py
[2023-11-26T00:33:41.126+0000] {logging_mixin.py:154} INFO - [2023-11-26T00:33:41.125+0000] {dag.py:2941} INFO - Sync 1 DAGs
[2023-11-26T00:33:41.150+0000] {logging_mixin.py:154} INFO - [2023-11-26T00:33:41.150+0000] {dag.py:3722} INFO - Setting next_dagrun for example_setup_teardown to 2023-11-25T00:33:41.150508+00:00, run_after=2023-11-26T00:33:41.150508+00:00
[2023-11-26T00:33:41.178+0000] {processor.py:179} INFO - Processing /home/airflow/.local/lib/python3.8/site-packages/airflow/example_dags/example_setup_teardown.py took 0.094 seconds
[2023-11-26T00:34:11.819+0000] {processor.py:157} INFO - Started process (PID=1753) to work on /home/airflow/.local/lib/python3.8/site-packages/airflow/example_dags/example_setup_teardown.py
[2023-11-26T00:34:11.820+0000] {processor.py:829} INFO - Processing file /home/airflow/.local/lib/python3.8/site-packages/airflow/example_dags/example_setup_teardown.py for tasks to queue
[2023-11-26T00:34:11.823+0000] {logging_mixin.py:154} INFO - [2023-11-26T00:34:11.823+0000] {dagbag.py:536} INFO - Filling up the DagBag from /home/airflow/.local/lib/python3.8/site-packages/airflow/example_dags/example_setup_teardown.py
[2023-11-26T00:34:11.829+0000] {processor.py:839} INFO - DAG(s) dict_keys(['example_setup_teardown']) retrieved from /home/airflow/.local/lib/python3.8/site-packages/airflow/example_dags/example_setup_teardown.py
[2023-11-26T00:34:11.849+0000] {logging_mixin.py:154} INFO - [2023-11-26T00:34:11.849+0000] {dag.py:2941} INFO - Sync 1 DAGs
[2023-11-26T00:34:11.869+0000] {logging_mixin.py:154} INFO - [2023-11-26T00:34:11.868+0000] {dag.py:3722} INFO - Setting next_dagrun for example_setup_teardown to 2023-11-25T00:34:11.868793+00:00, run_after=2023-11-26T00:34:11.868793+00:00
[2023-11-26T00:34:11.891+0000] {processor.py:179} INFO - Processing /home/airflow/.local/lib/python3.8/site-packages/airflow/example_dags/example_setup_teardown.py took 0.075 seconds
[2023-11-26T00:34:42.321+0000] {processor.py:157} INFO - Started process (PID=1807) to work on /home/airflow/.local/lib/python3.8/site-packages/airflow/example_dags/example_setup_teardown.py
[2023-11-26T00:34:42.322+0000] {processor.py:829} INFO - Processing file /home/airflow/.local/lib/python3.8/site-packages/airflow/example_dags/example_setup_teardown.py for tasks to queue
[2023-11-26T00:34:42.324+0000] {logging_mixin.py:154} INFO - [2023-11-26T00:34:42.324+0000] {dagbag.py:536} INFO - Filling up the DagBag from /home/airflow/.local/lib/python3.8/site-packages/airflow/example_dags/example_setup_teardown.py
[2023-11-26T00:34:42.329+0000] {processor.py:839} INFO - DAG(s) dict_keys(['example_setup_teardown']) retrieved from /home/airflow/.local/lib/python3.8/site-packages/airflow/example_dags/example_setup_teardown.py
[2023-11-26T00:34:42.349+0000] {logging_mixin.py:154} INFO - [2023-11-26T00:34:42.348+0000] {dag.py:2941} INFO - Sync 1 DAGs
[2023-11-26T00:34:42.366+0000] {logging_mixin.py:154} INFO - [2023-11-26T00:34:42.366+0000] {dag.py:3722} INFO - Setting next_dagrun for example_setup_teardown to 2023-11-25T00:34:42.366531+00:00, run_after=2023-11-26T00:34:42.366531+00:00
[2023-11-26T00:34:42.392+0000] {processor.py:179} INFO - Processing /home/airflow/.local/lib/python3.8/site-packages/airflow/example_dags/example_setup_teardown.py took 0.073 seconds
[2023-11-26T00:35:12.620+0000] {processor.py:157} INFO - Started process (PID=1861) to work on /home/airflow/.local/lib/python3.8/site-packages/airflow/example_dags/example_setup_teardown.py
[2023-11-26T00:35:12.621+0000] {processor.py:829} INFO - Processing file /home/airflow/.local/lib/python3.8/site-packages/airflow/example_dags/example_setup_teardown.py for tasks to queue
[2023-11-26T00:35:12.623+0000] {logging_mixin.py:154} INFO - [2023-11-26T00:35:12.623+0000] {dagbag.py:536} INFO - Filling up the DagBag from /home/airflow/.local/lib/python3.8/site-packages/airflow/example_dags/example_setup_teardown.py
[2023-11-26T00:35:12.628+0000] {processor.py:839} INFO - DAG(s) dict_keys(['example_setup_teardown']) retrieved from /home/airflow/.local/lib/python3.8/site-packages/airflow/example_dags/example_setup_teardown.py
[2023-11-26T00:35:12.648+0000] {logging_mixin.py:154} INFO - [2023-11-26T00:35:12.648+0000] {dag.py:2941} INFO - Sync 1 DAGs
[2023-11-26T00:35:12.668+0000] {logging_mixin.py:154} INFO - [2023-11-26T00:35:12.668+0000] {dag.py:3722} INFO - Setting next_dagrun for example_setup_teardown to 2023-11-25T00:35:12.667822+00:00, run_after=2023-11-26T00:35:12.667822+00:00
[2023-11-26T00:35:12.692+0000] {processor.py:179} INFO - Processing /home/airflow/.local/lib/python3.8/site-packages/airflow/example_dags/example_setup_teardown.py took 0.075 seconds
[2023-11-26T00:35:42.997+0000] {processor.py:157} INFO - Started process (PID=1915) to work on /home/airflow/.local/lib/python3.8/site-packages/airflow/example_dags/example_setup_teardown.py
[2023-11-26T00:35:42.999+0000] {processor.py:829} INFO - Processing file /home/airflow/.local/lib/python3.8/site-packages/airflow/example_dags/example_setup_teardown.py for tasks to queue
[2023-11-26T00:35:43.001+0000] {logging_mixin.py:154} INFO - [2023-11-26T00:35:43.001+0000] {dagbag.py:536} INFO - Filling up the DagBag from /home/airflow/.local/lib/python3.8/site-packages/airflow/example_dags/example_setup_teardown.py
[2023-11-26T00:35:43.007+0000] {processor.py:839} INFO - DAG(s) dict_keys(['example_setup_teardown']) retrieved from /home/airflow/.local/lib/python3.8/site-packages/airflow/example_dags/example_setup_teardown.py
[2023-11-26T00:35:43.031+0000] {logging_mixin.py:154} INFO - [2023-11-26T00:35:43.031+0000] {dag.py:2941} INFO - Sync 1 DAGs
[2023-11-26T00:35:43.053+0000] {logging_mixin.py:154} INFO - [2023-11-26T00:35:43.053+0000] {dag.py:3722} INFO - Setting next_dagrun for example_setup_teardown to 2023-11-25T00:35:43.053110+00:00, run_after=2023-11-26T00:35:43.053110+00:00
[2023-11-26T00:35:43.078+0000] {processor.py:179} INFO - Processing /home/airflow/.local/lib/python3.8/site-packages/airflow/example_dags/example_setup_teardown.py took 0.084 seconds
[2023-11-26T00:36:13.439+0000] {processor.py:157} INFO - Started process (PID=1969) to work on /home/airflow/.local/lib/python3.8/site-packages/airflow/example_dags/example_setup_teardown.py
[2023-11-26T00:36:13.440+0000] {processor.py:829} INFO - Processing file /home/airflow/.local/lib/python3.8/site-packages/airflow/example_dags/example_setup_teardown.py for tasks to queue
[2023-11-26T00:36:13.444+0000] {logging_mixin.py:154} INFO - [2023-11-26T00:36:13.443+0000] {dagbag.py:536} INFO - Filling up the DagBag from /home/airflow/.local/lib/python3.8/site-packages/airflow/example_dags/example_setup_teardown.py
[2023-11-26T00:36:13.451+0000] {processor.py:839} INFO - DAG(s) dict_keys(['example_setup_teardown']) retrieved from /home/airflow/.local/lib/python3.8/site-packages/airflow/example_dags/example_setup_teardown.py
[2023-11-26T00:36:13.479+0000] {logging_mixin.py:154} INFO - [2023-11-26T00:36:13.478+0000] {dag.py:2941} INFO - Sync 1 DAGs
[2023-11-26T00:36:13.503+0000] {logging_mixin.py:154} INFO - [2023-11-26T00:36:13.502+0000] {dag.py:3722} INFO - Setting next_dagrun for example_setup_teardown to 2023-11-25T00:36:13.502249+00:00, run_after=2023-11-26T00:36:13.502249+00:00
[2023-11-26T00:36:13.548+0000] {processor.py:179} INFO - Processing /home/airflow/.local/lib/python3.8/site-packages/airflow/example_dags/example_setup_teardown.py took 0.111 seconds
[2023-11-26T00:36:44.193+0000] {processor.py:157} INFO - Started process (PID=2023) to work on /home/airflow/.local/lib/python3.8/site-packages/airflow/example_dags/example_setup_teardown.py
[2023-11-26T00:36:44.195+0000] {processor.py:829} INFO - Processing file /home/airflow/.local/lib/python3.8/site-packages/airflow/example_dags/example_setup_teardown.py for tasks to queue
[2023-11-26T00:36:44.197+0000] {logging_mixin.py:154} INFO - [2023-11-26T00:36:44.197+0000] {dagbag.py:536} INFO - Filling up the DagBag from /home/airflow/.local/lib/python3.8/site-packages/airflow/example_dags/example_setup_teardown.py
[2023-11-26T00:36:44.202+0000] {processor.py:839} INFO - DAG(s) dict_keys(['example_setup_teardown']) retrieved from /home/airflow/.local/lib/python3.8/site-packages/airflow/example_dags/example_setup_teardown.py
[2023-11-26T00:36:44.222+0000] {logging_mixin.py:154} INFO - [2023-11-26T00:36:44.222+0000] {dag.py:2941} INFO - Sync 1 DAGs
[2023-11-26T00:36:44.240+0000] {logging_mixin.py:154} INFO - [2023-11-26T00:36:44.240+0000] {dag.py:3722} INFO - Setting next_dagrun for example_setup_teardown to 2023-11-25T00:36:44.239855+00:00, run_after=2023-11-26T00:36:44.239855+00:00
[2023-11-26T00:36:44.261+0000] {processor.py:179} INFO - Processing /home/airflow/.local/lib/python3.8/site-packages/airflow/example_dags/example_setup_teardown.py took 0.070 seconds
[2023-11-26T00:37:15.106+0000] {processor.py:157} INFO - Started process (PID=2077) to work on /home/airflow/.local/lib/python3.8/site-packages/airflow/example_dags/example_setup_teardown.py
[2023-11-26T00:37:15.108+0000] {processor.py:829} INFO - Processing file /home/airflow/.local/lib/python3.8/site-packages/airflow/example_dags/example_setup_teardown.py for tasks to queue
[2023-11-26T00:37:15.111+0000] {logging_mixin.py:154} INFO - [2023-11-26T00:37:15.110+0000] {dagbag.py:536} INFO - Filling up the DagBag from /home/airflow/.local/lib/python3.8/site-packages/airflow/example_dags/example_setup_teardown.py
[2023-11-26T00:37:15.119+0000] {processor.py:839} INFO - DAG(s) dict_keys(['example_setup_teardown']) retrieved from /home/airflow/.local/lib/python3.8/site-packages/airflow/example_dags/example_setup_teardown.py
[2023-11-26T00:37:15.142+0000] {logging_mixin.py:154} INFO - [2023-11-26T00:37:15.142+0000] {dag.py:2941} INFO - Sync 1 DAGs
[2023-11-26T00:37:15.161+0000] {logging_mixin.py:154} INFO - [2023-11-26T00:37:15.160+0000] {dag.py:3722} INFO - Setting next_dagrun for example_setup_teardown to 2023-11-25T00:37:15.160745+00:00, run_after=2023-11-26T00:37:15.160745+00:00
[2023-11-26T00:37:15.182+0000] {processor.py:179} INFO - Processing /home/airflow/.local/lib/python3.8/site-packages/airflow/example_dags/example_setup_teardown.py took 0.079 seconds
[2023-11-26T00:37:45.760+0000] {processor.py:157} INFO - Started process (PID=2131) to work on /home/airflow/.local/lib/python3.8/site-packages/airflow/example_dags/example_setup_teardown.py
[2023-11-26T00:37:45.762+0000] {processor.py:829} INFO - Processing file /home/airflow/.local/lib/python3.8/site-packages/airflow/example_dags/example_setup_teardown.py for tasks to queue
[2023-11-26T00:37:45.765+0000] {logging_mixin.py:154} INFO - [2023-11-26T00:37:45.764+0000] {dagbag.py:536} INFO - Filling up the DagBag from /home/airflow/.local/lib/python3.8/site-packages/airflow/example_dags/example_setup_teardown.py
[2023-11-26T00:37:45.775+0000] {processor.py:839} INFO - DAG(s) dict_keys(['example_setup_teardown']) retrieved from /home/airflow/.local/lib/python3.8/site-packages/airflow/example_dags/example_setup_teardown.py
[2023-11-26T00:37:45.813+0000] {logging_mixin.py:154} INFO - [2023-11-26T00:37:45.813+0000] {dag.py:2941} INFO - Sync 1 DAGs
[2023-11-26T00:37:45.849+0000] {logging_mixin.py:154} INFO - [2023-11-26T00:37:45.849+0000] {dag.py:3722} INFO - Setting next_dagrun for example_setup_teardown to 2023-11-25T00:37:45.849410+00:00, run_after=2023-11-26T00:37:45.849410+00:00
[2023-11-26T00:37:45.889+0000] {processor.py:179} INFO - Processing /home/airflow/.local/lib/python3.8/site-packages/airflow/example_dags/example_setup_teardown.py took 0.132 seconds
[2023-11-26T00:38:16.541+0000] {processor.py:157} INFO - Started process (PID=2185) to work on /home/airflow/.local/lib/python3.8/site-packages/airflow/example_dags/example_setup_teardown.py
[2023-11-26T00:38:16.542+0000] {processor.py:829} INFO - Processing file /home/airflow/.local/lib/python3.8/site-packages/airflow/example_dags/example_setup_teardown.py for tasks to queue
[2023-11-26T00:38:16.545+0000] {logging_mixin.py:154} INFO - [2023-11-26T00:38:16.544+0000] {dagbag.py:536} INFO - Filling up the DagBag from /home/airflow/.local/lib/python3.8/site-packages/airflow/example_dags/example_setup_teardown.py
[2023-11-26T00:38:16.551+0000] {processor.py:839} INFO - DAG(s) dict_keys(['example_setup_teardown']) retrieved from /home/airflow/.local/lib/python3.8/site-packages/airflow/example_dags/example_setup_teardown.py
[2023-11-26T00:38:16.570+0000] {logging_mixin.py:154} INFO - [2023-11-26T00:38:16.570+0000] {dag.py:2941} INFO - Sync 1 DAGs
[2023-11-26T00:38:16.592+0000] {logging_mixin.py:154} INFO - [2023-11-26T00:38:16.592+0000] {dag.py:3722} INFO - Setting next_dagrun for example_setup_teardown to 2023-11-25T00:38:16.592571+00:00, run_after=2023-11-26T00:38:16.592571+00:00
[2023-11-26T00:38:16.614+0000] {processor.py:179} INFO - Processing /home/airflow/.local/lib/python3.8/site-packages/airflow/example_dags/example_setup_teardown.py took 0.076 seconds
[2023-11-26T00:38:47.205+0000] {processor.py:157} INFO - Started process (PID=2239) to work on /home/airflow/.local/lib/python3.8/site-packages/airflow/example_dags/example_setup_teardown.py
[2023-11-26T00:38:47.209+0000] {processor.py:829} INFO - Processing file /home/airflow/.local/lib/python3.8/site-packages/airflow/example_dags/example_setup_teardown.py for tasks to queue
[2023-11-26T00:38:47.214+0000] {logging_mixin.py:154} INFO - [2023-11-26T00:38:47.213+0000] {dagbag.py:536} INFO - Filling up the DagBag from /home/airflow/.local/lib/python3.8/site-packages/airflow/example_dags/example_setup_teardown.py
[2023-11-26T00:38:47.226+0000] {processor.py:839} INFO - DAG(s) dict_keys(['example_setup_teardown']) retrieved from /home/airflow/.local/lib/python3.8/site-packages/airflow/example_dags/example_setup_teardown.py
[2023-11-26T00:38:47.265+0000] {logging_mixin.py:154} INFO - [2023-11-26T00:38:47.264+0000] {dag.py:2941} INFO - Sync 1 DAGs
[2023-11-26T00:38:47.302+0000] {logging_mixin.py:154} INFO - [2023-11-26T00:38:47.302+0000] {dag.py:3722} INFO - Setting next_dagrun for example_setup_teardown to 2023-11-25T00:38:47.301799+00:00, run_after=2023-11-26T00:38:47.301799+00:00
[2023-11-26T00:38:47.470+0000] {processor.py:179} INFO - Processing /home/airflow/.local/lib/python3.8/site-packages/airflow/example_dags/example_setup_teardown.py took 0.268 seconds
[2023-11-26T00:39:18.145+0000] {processor.py:157} INFO - Started process (PID=2293) to work on /home/airflow/.local/lib/python3.8/site-packages/airflow/example_dags/example_setup_teardown.py
[2023-11-26T00:39:18.147+0000] {processor.py:829} INFO - Processing file /home/airflow/.local/lib/python3.8/site-packages/airflow/example_dags/example_setup_teardown.py for tasks to queue
[2023-11-26T00:39:18.149+0000] {logging_mixin.py:154} INFO - [2023-11-26T00:39:18.149+0000] {dagbag.py:536} INFO - Filling up the DagBag from /home/airflow/.local/lib/python3.8/site-packages/airflow/example_dags/example_setup_teardown.py
[2023-11-26T00:39:18.155+0000] {processor.py:839} INFO - DAG(s) dict_keys(['example_setup_teardown']) retrieved from /home/airflow/.local/lib/python3.8/site-packages/airflow/example_dags/example_setup_teardown.py
[2023-11-26T00:39:18.174+0000] {logging_mixin.py:154} INFO - [2023-11-26T00:39:18.174+0000] {dag.py:2941} INFO - Sync 1 DAGs
[2023-11-26T00:39:18.194+0000] {logging_mixin.py:154} INFO - [2023-11-26T00:39:18.194+0000] {dag.py:3722} INFO - Setting next_dagrun for example_setup_teardown to 2023-11-25T00:39:18.194049+00:00, run_after=2023-11-26T00:39:18.194049+00:00
[2023-11-26T00:39:18.214+0000] {processor.py:179} INFO - Processing /home/airflow/.local/lib/python3.8/site-packages/airflow/example_dags/example_setup_teardown.py took 0.071 seconds
[2023-11-26T00:39:48.449+0000] {processor.py:157} INFO - Started process (PID=2347) to work on /home/airflow/.local/lib/python3.8/site-packages/airflow/example_dags/example_setup_teardown.py
[2023-11-26T00:39:48.451+0000] {processor.py:829} INFO - Processing file /home/airflow/.local/lib/python3.8/site-packages/airflow/example_dags/example_setup_teardown.py for tasks to queue
[2023-11-26T00:39:48.453+0000] {logging_mixin.py:154} INFO - [2023-11-26T00:39:48.453+0000] {dagbag.py:536} INFO - Filling up the DagBag from /home/airflow/.local/lib/python3.8/site-packages/airflow/example_dags/example_setup_teardown.py
[2023-11-26T00:39:48.459+0000] {processor.py:839} INFO - DAG(s) dict_keys(['example_setup_teardown']) retrieved from /home/airflow/.local/lib/python3.8/site-packages/airflow/example_dags/example_setup_teardown.py
[2023-11-26T00:39:48.485+0000] {logging_mixin.py:154} INFO - [2023-11-26T00:39:48.485+0000] {dag.py:2941} INFO - Sync 1 DAGs
[2023-11-26T00:39:48.506+0000] {logging_mixin.py:154} INFO - [2023-11-26T00:39:48.506+0000] {dag.py:3722} INFO - Setting next_dagrun for example_setup_teardown to 2023-11-25T00:39:48.506232+00:00, run_after=2023-11-26T00:39:48.506232+00:00
[2023-11-26T00:39:48.532+0000] {processor.py:179} INFO - Processing /home/airflow/.local/lib/python3.8/site-packages/airflow/example_dags/example_setup_teardown.py took 0.086 seconds
[2023-11-26T00:40:18.995+0000] {processor.py:157} INFO - Started process (PID=2401) to work on /home/airflow/.local/lib/python3.8/site-packages/airflow/example_dags/example_setup_teardown.py
[2023-11-26T00:40:18.996+0000] {processor.py:829} INFO - Processing file /home/airflow/.local/lib/python3.8/site-packages/airflow/example_dags/example_setup_teardown.py for tasks to queue
[2023-11-26T00:40:18.999+0000] {logging_mixin.py:154} INFO - [2023-11-26T00:40:18.998+0000] {dagbag.py:536} INFO - Filling up the DagBag from /home/airflow/.local/lib/python3.8/site-packages/airflow/example_dags/example_setup_teardown.py
[2023-11-26T00:40:19.005+0000] {processor.py:839} INFO - DAG(s) dict_keys(['example_setup_teardown']) retrieved from /home/airflow/.local/lib/python3.8/site-packages/airflow/example_dags/example_setup_teardown.py
[2023-11-26T00:40:19.024+0000] {logging_mixin.py:154} INFO - [2023-11-26T00:40:19.024+0000] {dag.py:2941} INFO - Sync 1 DAGs
[2023-11-26T00:40:19.044+0000] {logging_mixin.py:154} INFO - [2023-11-26T00:40:19.044+0000] {dag.py:3722} INFO - Setting next_dagrun for example_setup_teardown to 2023-11-25T00:40:19.043978+00:00, run_after=2023-11-26T00:40:19.043978+00:00
[2023-11-26T00:40:19.196+0000] {processor.py:179} INFO - Processing /home/airflow/.local/lib/python3.8/site-packages/airflow/example_dags/example_setup_teardown.py took 0.204 seconds
[2023-11-26T00:40:49.336+0000] {processor.py:157} INFO - Started process (PID=2455) to work on /home/airflow/.local/lib/python3.8/site-packages/airflow/example_dags/example_setup_teardown.py
[2023-11-26T00:40:49.337+0000] {processor.py:829} INFO - Processing file /home/airflow/.local/lib/python3.8/site-packages/airflow/example_dags/example_setup_teardown.py for tasks to queue
[2023-11-26T00:40:49.340+0000] {logging_mixin.py:154} INFO - [2023-11-26T00:40:49.340+0000] {dagbag.py:536} INFO - Filling up the DagBag from /home/airflow/.local/lib/python3.8/site-packages/airflow/example_dags/example_setup_teardown.py
[2023-11-26T00:40:49.348+0000] {processor.py:839} INFO - DAG(s) dict_keys(['example_setup_teardown']) retrieved from /home/airflow/.local/lib/python3.8/site-packages/airflow/example_dags/example_setup_teardown.py
[2023-11-26T00:40:49.380+0000] {logging_mixin.py:154} INFO - [2023-11-26T00:40:49.379+0000] {dag.py:2941} INFO - Sync 1 DAGs
[2023-11-26T00:40:49.403+0000] {logging_mixin.py:154} INFO - [2023-11-26T00:40:49.403+0000] {dag.py:3722} INFO - Setting next_dagrun for example_setup_teardown to 2023-11-25T00:40:49.402985+00:00, run_after=2023-11-26T00:40:49.402985+00:00
[2023-11-26T00:40:49.443+0000] {processor.py:179} INFO - Processing /home/airflow/.local/lib/python3.8/site-packages/airflow/example_dags/example_setup_teardown.py took 0.110 seconds
[2023-11-26T00:41:19.507+0000] {processor.py:157} INFO - Started process (PID=2509) to work on /home/airflow/.local/lib/python3.8/site-packages/airflow/example_dags/example_setup_teardown.py
[2023-11-26T00:41:19.509+0000] {processor.py:829} INFO - Processing file /home/airflow/.local/lib/python3.8/site-packages/airflow/example_dags/example_setup_teardown.py for tasks to queue
[2023-11-26T00:41:19.512+0000] {logging_mixin.py:154} INFO - [2023-11-26T00:41:19.512+0000] {dagbag.py:536} INFO - Filling up the DagBag from /home/airflow/.local/lib/python3.8/site-packages/airflow/example_dags/example_setup_teardown.py
[2023-11-26T00:41:19.521+0000] {processor.py:839} INFO - DAG(s) dict_keys(['example_setup_teardown']) retrieved from /home/airflow/.local/lib/python3.8/site-packages/airflow/example_dags/example_setup_teardown.py
[2023-11-26T00:41:19.547+0000] {logging_mixin.py:154} INFO - [2023-11-26T00:41:19.547+0000] {dag.py:2941} INFO - Sync 1 DAGs
[2023-11-26T00:41:19.568+0000] {logging_mixin.py:154} INFO - [2023-11-26T00:41:19.568+0000] {dag.py:3722} INFO - Setting next_dagrun for example_setup_teardown to 2023-11-25T00:41:19.568331+00:00, run_after=2023-11-26T00:41:19.568331+00:00
[2023-11-26T00:41:19.595+0000] {processor.py:179} INFO - Processing /home/airflow/.local/lib/python3.8/site-packages/airflow/example_dags/example_setup_teardown.py took 0.091 seconds
[2023-11-26T00:41:49.922+0000] {processor.py:157} INFO - Started process (PID=2563) to work on /home/airflow/.local/lib/python3.8/site-packages/airflow/example_dags/example_setup_teardown.py
[2023-11-26T00:41:49.924+0000] {processor.py:829} INFO - Processing file /home/airflow/.local/lib/python3.8/site-packages/airflow/example_dags/example_setup_teardown.py for tasks to queue
[2023-11-26T00:41:49.927+0000] {logging_mixin.py:154} INFO - [2023-11-26T00:41:49.926+0000] {dagbag.py:536} INFO - Filling up the DagBag from /home/airflow/.local/lib/python3.8/site-packages/airflow/example_dags/example_setup_teardown.py
[2023-11-26T00:41:49.933+0000] {processor.py:839} INFO - DAG(s) dict_keys(['example_setup_teardown']) retrieved from /home/airflow/.local/lib/python3.8/site-packages/airflow/example_dags/example_setup_teardown.py
[2023-11-26T00:41:49.951+0000] {logging_mixin.py:154} INFO - [2023-11-26T00:41:49.951+0000] {dag.py:2941} INFO - Sync 1 DAGs
[2023-11-26T00:41:50.085+0000] {logging_mixin.py:154} INFO - [2023-11-26T00:41:50.085+0000] {dag.py:3722} INFO - Setting next_dagrun for example_setup_teardown to 2023-11-25T00:41:50.084842+00:00, run_after=2023-11-26T00:41:50.084842+00:00
[2023-11-26T00:41:50.105+0000] {processor.py:179} INFO - Processing /home/airflow/.local/lib/python3.8/site-packages/airflow/example_dags/example_setup_teardown.py took 0.186 seconds
[2023-11-26T00:42:20.975+0000] {processor.py:157} INFO - Started process (PID=2617) to work on /home/airflow/.local/lib/python3.8/site-packages/airflow/example_dags/example_setup_teardown.py
[2023-11-26T00:42:20.976+0000] {processor.py:829} INFO - Processing file /home/airflow/.local/lib/python3.8/site-packages/airflow/example_dags/example_setup_teardown.py for tasks to queue
[2023-11-26T00:42:20.978+0000] {logging_mixin.py:154} INFO - [2023-11-26T00:42:20.978+0000] {dagbag.py:536} INFO - Filling up the DagBag from /home/airflow/.local/lib/python3.8/site-packages/airflow/example_dags/example_setup_teardown.py
[2023-11-26T00:42:20.984+0000] {processor.py:839} INFO - DAG(s) dict_keys(['example_setup_teardown']) retrieved from /home/airflow/.local/lib/python3.8/site-packages/airflow/example_dags/example_setup_teardown.py
[2023-11-26T00:42:21.003+0000] {logging_mixin.py:154} INFO - [2023-11-26T00:42:21.003+0000] {dag.py:2941} INFO - Sync 1 DAGs
[2023-11-26T00:42:21.023+0000] {logging_mixin.py:154} INFO - [2023-11-26T00:42:21.023+0000] {dag.py:3722} INFO - Setting next_dagrun for example_setup_teardown to 2023-11-25T00:42:21.022970+00:00, run_after=2023-11-26T00:42:21.022970+00:00
[2023-11-26T00:42:21.043+0000] {processor.py:179} INFO - Processing /home/airflow/.local/lib/python3.8/site-packages/airflow/example_dags/example_setup_teardown.py took 0.071 seconds
[2023-11-26T00:42:51.416+0000] {processor.py:157} INFO - Started process (PID=2671) to work on /home/airflow/.local/lib/python3.8/site-packages/airflow/example_dags/example_setup_teardown.py
[2023-11-26T00:42:51.418+0000] {processor.py:829} INFO - Processing file /home/airflow/.local/lib/python3.8/site-packages/airflow/example_dags/example_setup_teardown.py for tasks to queue
[2023-11-26T00:42:51.424+0000] {logging_mixin.py:154} INFO - [2023-11-26T00:42:51.423+0000] {dagbag.py:536} INFO - Filling up the DagBag from /home/airflow/.local/lib/python3.8/site-packages/airflow/example_dags/example_setup_teardown.py
[2023-11-26T00:42:51.433+0000] {processor.py:839} INFO - DAG(s) dict_keys(['example_setup_teardown']) retrieved from /home/airflow/.local/lib/python3.8/site-packages/airflow/example_dags/example_setup_teardown.py
[2023-11-26T00:42:51.484+0000] {logging_mixin.py:154} INFO - [2023-11-26T00:42:51.484+0000] {dag.py:2941} INFO - Sync 1 DAGs
[2023-11-26T00:42:51.540+0000] {logging_mixin.py:154} INFO - [2023-11-26T00:42:51.538+0000] {dag.py:3722} INFO - Setting next_dagrun for example_setup_teardown to 2023-11-25T00:42:51.538103+00:00, run_after=2023-11-26T00:42:51.538103+00:00
[2023-11-26T00:42:51.609+0000] {processor.py:179} INFO - Processing /home/airflow/.local/lib/python3.8/site-packages/airflow/example_dags/example_setup_teardown.py took 0.197 seconds
[2023-11-26T00:43:22.352+0000] {processor.py:157} INFO - Started process (PID=2725) to work on /home/airflow/.local/lib/python3.8/site-packages/airflow/example_dags/example_setup_teardown.py
[2023-11-26T00:43:22.354+0000] {processor.py:829} INFO - Processing file /home/airflow/.local/lib/python3.8/site-packages/airflow/example_dags/example_setup_teardown.py for tasks to queue
[2023-11-26T00:43:22.356+0000] {logging_mixin.py:154} INFO - [2023-11-26T00:43:22.355+0000] {dagbag.py:536} INFO - Filling up the DagBag from /home/airflow/.local/lib/python3.8/site-packages/airflow/example_dags/example_setup_teardown.py
[2023-11-26T00:43:22.361+0000] {processor.py:839} INFO - DAG(s) dict_keys(['example_setup_teardown']) retrieved from /home/airflow/.local/lib/python3.8/site-packages/airflow/example_dags/example_setup_teardown.py
[2023-11-26T00:43:22.382+0000] {logging_mixin.py:154} INFO - [2023-11-26T00:43:22.382+0000] {dag.py:2941} INFO - Sync 1 DAGs
[2023-11-26T00:43:22.505+0000] {logging_mixin.py:154} INFO - [2023-11-26T00:43:22.505+0000] {dag.py:3722} INFO - Setting next_dagrun for example_setup_teardown to 2023-11-25T00:43:22.505431+00:00, run_after=2023-11-26T00:43:22.505431+00:00
[2023-11-26T00:43:22.526+0000] {processor.py:179} INFO - Processing /home/airflow/.local/lib/python3.8/site-packages/airflow/example_dags/example_setup_teardown.py took 0.177 seconds
[2023-11-26T00:43:53.100+0000] {processor.py:157} INFO - Started process (PID=2779) to work on /home/airflow/.local/lib/python3.8/site-packages/airflow/example_dags/example_setup_teardown.py
[2023-11-26T00:43:53.101+0000] {processor.py:829} INFO - Processing file /home/airflow/.local/lib/python3.8/site-packages/airflow/example_dags/example_setup_teardown.py for tasks to queue
[2023-11-26T00:43:53.105+0000] {logging_mixin.py:154} INFO - [2023-11-26T00:43:53.104+0000] {dagbag.py:536} INFO - Filling up the DagBag from /home/airflow/.local/lib/python3.8/site-packages/airflow/example_dags/example_setup_teardown.py
[2023-11-26T00:43:53.110+0000] {processor.py:839} INFO - DAG(s) dict_keys(['example_setup_teardown']) retrieved from /home/airflow/.local/lib/python3.8/site-packages/airflow/example_dags/example_setup_teardown.py
[2023-11-26T00:43:53.130+0000] {logging_mixin.py:154} INFO - [2023-11-26T00:43:53.130+0000] {dag.py:2941} INFO - Sync 1 DAGs
[2023-11-26T00:43:53.149+0000] {logging_mixin.py:154} INFO - [2023-11-26T00:43:53.149+0000] {dag.py:3722} INFO - Setting next_dagrun for example_setup_teardown to 2023-11-25T00:43:53.148857+00:00, run_after=2023-11-26T00:43:53.148857+00:00
[2023-11-26T00:43:53.171+0000] {processor.py:179} INFO - Processing /home/airflow/.local/lib/python3.8/site-packages/airflow/example_dags/example_setup_teardown.py took 0.076 seconds
[2023-11-26T00:44:23.233+0000] {processor.py:157} INFO - Started process (PID=2833) to work on /home/airflow/.local/lib/python3.8/site-packages/airflow/example_dags/example_setup_teardown.py
[2023-11-26T00:44:23.234+0000] {processor.py:829} INFO - Processing file /home/airflow/.local/lib/python3.8/site-packages/airflow/example_dags/example_setup_teardown.py for tasks to queue
[2023-11-26T00:44:23.237+0000] {logging_mixin.py:154} INFO - [2023-11-26T00:44:23.236+0000] {dagbag.py:536} INFO - Filling up the DagBag from /home/airflow/.local/lib/python3.8/site-packages/airflow/example_dags/example_setup_teardown.py
[2023-11-26T00:44:23.242+0000] {processor.py:839} INFO - DAG(s) dict_keys(['example_setup_teardown']) retrieved from /home/airflow/.local/lib/python3.8/site-packages/airflow/example_dags/example_setup_teardown.py
[2023-11-26T00:44:23.268+0000] {logging_mixin.py:154} INFO - [2023-11-26T00:44:23.267+0000] {dag.py:2941} INFO - Sync 1 DAGs
[2023-11-26T00:44:23.291+0000] {logging_mixin.py:154} INFO - [2023-11-26T00:44:23.290+0000] {dag.py:3722} INFO - Setting next_dagrun for example_setup_teardown to 2023-11-25T00:44:23.290782+00:00, run_after=2023-11-26T00:44:23.290782+00:00
[2023-11-26T00:44:23.317+0000] {processor.py:179} INFO - Processing /home/airflow/.local/lib/python3.8/site-packages/airflow/example_dags/example_setup_teardown.py took 0.087 seconds
[2023-11-26T00:44:53.444+0000] {processor.py:157} INFO - Started process (PID=2887) to work on /home/airflow/.local/lib/python3.8/site-packages/airflow/example_dags/example_setup_teardown.py
[2023-11-26T00:44:53.448+0000] {processor.py:829} INFO - Processing file /home/airflow/.local/lib/python3.8/site-packages/airflow/example_dags/example_setup_teardown.py for tasks to queue
[2023-11-26T00:44:53.452+0000] {logging_mixin.py:154} INFO - [2023-11-26T00:44:53.451+0000] {dagbag.py:536} INFO - Filling up the DagBag from /home/airflow/.local/lib/python3.8/site-packages/airflow/example_dags/example_setup_teardown.py
[2023-11-26T00:44:53.459+0000] {processor.py:839} INFO - DAG(s) dict_keys(['example_setup_teardown']) retrieved from /home/airflow/.local/lib/python3.8/site-packages/airflow/example_dags/example_setup_teardown.py
[2023-11-26T00:44:53.492+0000] {logging_mixin.py:154} INFO - [2023-11-26T00:44:53.489+0000] {dag.py:2941} INFO - Sync 1 DAGs
[2023-11-26T00:44:53.520+0000] {logging_mixin.py:154} INFO - [2023-11-26T00:44:53.520+0000] {dag.py:3722} INFO - Setting next_dagrun for example_setup_teardown to 2023-11-25T00:44:53.519773+00:00, run_after=2023-11-26T00:44:53.519773+00:00
[2023-11-26T00:44:53.549+0000] {processor.py:179} INFO - Processing /home/airflow/.local/lib/python3.8/site-packages/airflow/example_dags/example_setup_teardown.py took 0.110 seconds
[2023-11-26T00:45:24.704+0000] {processor.py:157} INFO - Started process (PID=2941) to work on /home/airflow/.local/lib/python3.8/site-packages/airflow/example_dags/example_setup_teardown.py
[2023-11-26T00:45:24.706+0000] {processor.py:829} INFO - Processing file /home/airflow/.local/lib/python3.8/site-packages/airflow/example_dags/example_setup_teardown.py for tasks to queue
[2023-11-26T00:45:24.710+0000] {logging_mixin.py:154} INFO - [2023-11-26T00:45:24.709+0000] {dagbag.py:536} INFO - Filling up the DagBag from /home/airflow/.local/lib/python3.8/site-packages/airflow/example_dags/example_setup_teardown.py
[2023-11-26T00:45:24.718+0000] {processor.py:839} INFO - DAG(s) dict_keys(['example_setup_teardown']) retrieved from /home/airflow/.local/lib/python3.8/site-packages/airflow/example_dags/example_setup_teardown.py
[2023-11-26T00:45:24.748+0000] {logging_mixin.py:154} INFO - [2023-11-26T00:45:24.747+0000] {dag.py:2941} INFO - Sync 1 DAGs
[2023-11-26T00:45:24.779+0000] {logging_mixin.py:154} INFO - [2023-11-26T00:45:24.779+0000] {dag.py:3722} INFO - Setting next_dagrun for example_setup_teardown to 2023-11-25T00:45:24.779425+00:00, run_after=2023-11-26T00:45:24.779425+00:00
[2023-11-26T00:45:24.810+0000] {processor.py:179} INFO - Processing /home/airflow/.local/lib/python3.8/site-packages/airflow/example_dags/example_setup_teardown.py took 0.111 seconds
[2023-11-26T00:45:54.998+0000] {processor.py:157} INFO - Started process (PID=2995) to work on /home/airflow/.local/lib/python3.8/site-packages/airflow/example_dags/example_setup_teardown.py
[2023-11-26T00:45:55.000+0000] {processor.py:829} INFO - Processing file /home/airflow/.local/lib/python3.8/site-packages/airflow/example_dags/example_setup_teardown.py for tasks to queue
[2023-11-26T00:45:55.003+0000] {logging_mixin.py:154} INFO - [2023-11-26T00:45:55.002+0000] {dagbag.py:536} INFO - Filling up the DagBag from /home/airflow/.local/lib/python3.8/site-packages/airflow/example_dags/example_setup_teardown.py
[2023-11-26T00:45:55.011+0000] {processor.py:839} INFO - DAG(s) dict_keys(['example_setup_teardown']) retrieved from /home/airflow/.local/lib/python3.8/site-packages/airflow/example_dags/example_setup_teardown.py
[2023-11-26T00:45:55.051+0000] {logging_mixin.py:154} INFO - [2023-11-26T00:45:55.050+0000] {dag.py:2941} INFO - Sync 1 DAGs
[2023-11-26T00:45:55.079+0000] {logging_mixin.py:154} INFO - [2023-11-26T00:45:55.079+0000] {dag.py:3722} INFO - Setting next_dagrun for example_setup_teardown to 2023-11-25T00:45:55.079365+00:00, run_after=2023-11-26T00:45:55.079365+00:00
[2023-11-26T00:45:55.113+0000] {processor.py:179} INFO - Processing /home/airflow/.local/lib/python3.8/site-packages/airflow/example_dags/example_setup_teardown.py took 0.119 seconds
[2023-11-26T00:46:25.157+0000] {processor.py:157} INFO - Started process (PID=3049) to work on /home/airflow/.local/lib/python3.8/site-packages/airflow/example_dags/example_setup_teardown.py
[2023-11-26T00:46:25.159+0000] {processor.py:829} INFO - Processing file /home/airflow/.local/lib/python3.8/site-packages/airflow/example_dags/example_setup_teardown.py for tasks to queue
[2023-11-26T00:46:25.161+0000] {logging_mixin.py:154} INFO - [2023-11-26T00:46:25.161+0000] {dagbag.py:536} INFO - Filling up the DagBag from /home/airflow/.local/lib/python3.8/site-packages/airflow/example_dags/example_setup_teardown.py
[2023-11-26T00:46:25.169+0000] {processor.py:839} INFO - DAG(s) dict_keys(['example_setup_teardown']) retrieved from /home/airflow/.local/lib/python3.8/site-packages/airflow/example_dags/example_setup_teardown.py
[2023-11-26T00:46:25.196+0000] {logging_mixin.py:154} INFO - [2023-11-26T00:46:25.195+0000] {dag.py:2941} INFO - Sync 1 DAGs
[2023-11-26T00:46:25.220+0000] {logging_mixin.py:154} INFO - [2023-11-26T00:46:25.220+0000] {dag.py:3722} INFO - Setting next_dagrun for example_setup_teardown to 2023-11-25T00:46:25.219892+00:00, run_after=2023-11-26T00:46:25.219892+00:00
[2023-11-26T00:46:25.249+0000] {processor.py:179} INFO - Processing /home/airflow/.local/lib/python3.8/site-packages/airflow/example_dags/example_setup_teardown.py took 0.095 seconds
[2023-11-26T00:46:55.931+0000] {processor.py:157} INFO - Started process (PID=3104) to work on /home/airflow/.local/lib/python3.8/site-packages/airflow/example_dags/example_setup_teardown.py
[2023-11-26T00:46:55.936+0000] {processor.py:829} INFO - Processing file /home/airflow/.local/lib/python3.8/site-packages/airflow/example_dags/example_setup_teardown.py for tasks to queue
[2023-11-26T00:46:55.954+0000] {logging_mixin.py:154} INFO - [2023-11-26T00:46:55.951+0000] {dagbag.py:536} INFO - Filling up the DagBag from /home/airflow/.local/lib/python3.8/site-packages/airflow/example_dags/example_setup_teardown.py
[2023-11-26T00:46:55.969+0000] {processor.py:839} INFO - DAG(s) dict_keys(['example_setup_teardown']) retrieved from /home/airflow/.local/lib/python3.8/site-packages/airflow/example_dags/example_setup_teardown.py
[2023-11-26T00:46:56.026+0000] {logging_mixin.py:154} INFO - [2023-11-26T00:46:56.024+0000] {dag.py:2941} INFO - Sync 1 DAGs
[2023-11-26T00:46:56.095+0000] {logging_mixin.py:154} INFO - [2023-11-26T00:46:56.095+0000] {dag.py:3722} INFO - Setting next_dagrun for example_setup_teardown to 2023-11-25T00:46:56.095116+00:00, run_after=2023-11-26T00:46:56.095116+00:00
[2023-11-26T00:46:56.137+0000] {processor.py:179} INFO - Processing /home/airflow/.local/lib/python3.8/site-packages/airflow/example_dags/example_setup_teardown.py took 0.210 seconds
[2023-11-26T00:47:26.313+0000] {processor.py:157} INFO - Started process (PID=3158) to work on /home/airflow/.local/lib/python3.8/site-packages/airflow/example_dags/example_setup_teardown.py
[2023-11-26T00:47:26.315+0000] {processor.py:829} INFO - Processing file /home/airflow/.local/lib/python3.8/site-packages/airflow/example_dags/example_setup_teardown.py for tasks to queue
[2023-11-26T00:47:26.320+0000] {logging_mixin.py:154} INFO - [2023-11-26T00:47:26.319+0000] {dagbag.py:536} INFO - Filling up the DagBag from /home/airflow/.local/lib/python3.8/site-packages/airflow/example_dags/example_setup_teardown.py
[2023-11-26T00:47:26.335+0000] {processor.py:839} INFO - DAG(s) dict_keys(['example_setup_teardown']) retrieved from /home/airflow/.local/lib/python3.8/site-packages/airflow/example_dags/example_setup_teardown.py
[2023-11-26T00:47:26.375+0000] {logging_mixin.py:154} INFO - [2023-11-26T00:47:26.375+0000] {dag.py:2941} INFO - Sync 1 DAGs
[2023-11-26T00:47:26.416+0000] {logging_mixin.py:154} INFO - [2023-11-26T00:47:26.416+0000] {dag.py:3722} INFO - Setting next_dagrun for example_setup_teardown to 2023-11-25T00:47:26.416011+00:00, run_after=2023-11-26T00:47:26.416011+00:00
[2023-11-26T00:47:26.472+0000] {processor.py:179} INFO - Processing /home/airflow/.local/lib/python3.8/site-packages/airflow/example_dags/example_setup_teardown.py took 0.163 seconds
[2023-11-26T00:47:57.584+0000] {processor.py:157} INFO - Started process (PID=3211) to work on /home/airflow/.local/lib/python3.8/site-packages/airflow/example_dags/example_setup_teardown.py
[2023-11-26T00:47:57.591+0000] {processor.py:829} INFO - Processing file /home/airflow/.local/lib/python3.8/site-packages/airflow/example_dags/example_setup_teardown.py for tasks to queue
[2023-11-26T00:47:57.597+0000] {logging_mixin.py:154} INFO - [2023-11-26T00:47:57.596+0000] {dagbag.py:536} INFO - Filling up the DagBag from /home/airflow/.local/lib/python3.8/site-packages/airflow/example_dags/example_setup_teardown.py
[2023-11-26T00:47:57.610+0000] {processor.py:839} INFO - DAG(s) dict_keys(['example_setup_teardown']) retrieved from /home/airflow/.local/lib/python3.8/site-packages/airflow/example_dags/example_setup_teardown.py
[2023-11-26T00:47:57.679+0000] {logging_mixin.py:154} INFO - [2023-11-26T00:47:57.678+0000] {dag.py:2941} INFO - Sync 1 DAGs
[2023-11-26T00:47:57.717+0000] {logging_mixin.py:154} INFO - [2023-11-26T00:47:57.717+0000] {dag.py:3722} INFO - Setting next_dagrun for example_setup_teardown to 2023-11-25T00:47:57.716907+00:00, run_after=2023-11-26T00:47:57.716907+00:00
[2023-11-26T00:47:57.773+0000] {processor.py:179} INFO - Processing /home/airflow/.local/lib/python3.8/site-packages/airflow/example_dags/example_setup_teardown.py took 0.193 seconds
[2023-11-26T00:48:28.265+0000] {processor.py:157} INFO - Started process (PID=3265) to work on /home/airflow/.local/lib/python3.8/site-packages/airflow/example_dags/example_setup_teardown.py
[2023-11-26T00:48:28.269+0000] {processor.py:829} INFO - Processing file /home/airflow/.local/lib/python3.8/site-packages/airflow/example_dags/example_setup_teardown.py for tasks to queue
[2023-11-26T00:48:28.276+0000] {logging_mixin.py:154} INFO - [2023-11-26T00:48:28.275+0000] {dagbag.py:536} INFO - Filling up the DagBag from /home/airflow/.local/lib/python3.8/site-packages/airflow/example_dags/example_setup_teardown.py
[2023-11-26T00:48:28.292+0000] {processor.py:839} INFO - DAG(s) dict_keys(['example_setup_teardown']) retrieved from /home/airflow/.local/lib/python3.8/site-packages/airflow/example_dags/example_setup_teardown.py
[2023-11-26T00:48:28.352+0000] {logging_mixin.py:154} INFO - [2023-11-26T00:48:28.352+0000] {dag.py:2941} INFO - Sync 1 DAGs
[2023-11-26T00:48:28.405+0000] {logging_mixin.py:154} INFO - [2023-11-26T00:48:28.405+0000] {dag.py:3722} INFO - Setting next_dagrun for example_setup_teardown to 2023-11-25T00:48:28.405190+00:00, run_after=2023-11-26T00:48:28.405190+00:00
[2023-11-26T00:48:28.513+0000] {processor.py:179} INFO - Processing /home/airflow/.local/lib/python3.8/site-packages/airflow/example_dags/example_setup_teardown.py took 0.256 seconds
[2023-11-26T00:48:59.316+0000] {processor.py:157} INFO - Started process (PID=3318) to work on /home/airflow/.local/lib/python3.8/site-packages/airflow/example_dags/example_setup_teardown.py
[2023-11-26T00:48:59.318+0000] {processor.py:829} INFO - Processing file /home/airflow/.local/lib/python3.8/site-packages/airflow/example_dags/example_setup_teardown.py for tasks to queue
[2023-11-26T00:48:59.321+0000] {logging_mixin.py:154} INFO - [2023-11-26T00:48:59.321+0000] {dagbag.py:536} INFO - Filling up the DagBag from /home/airflow/.local/lib/python3.8/site-packages/airflow/example_dags/example_setup_teardown.py
[2023-11-26T00:48:59.337+0000] {processor.py:839} INFO - DAG(s) dict_keys(['example_setup_teardown']) retrieved from /home/airflow/.local/lib/python3.8/site-packages/airflow/example_dags/example_setup_teardown.py
[2023-11-26T00:48:59.389+0000] {logging_mixin.py:154} INFO - [2023-11-26T00:48:59.389+0000] {dag.py:2941} INFO - Sync 1 DAGs
[2023-11-26T00:48:59.445+0000] {logging_mixin.py:154} INFO - [2023-11-26T00:48:59.444+0000] {dag.py:3722} INFO - Setting next_dagrun for example_setup_teardown to 2023-11-25T00:48:59.443356+00:00, run_after=2023-11-26T00:48:59.443356+00:00
[2023-11-26T00:48:59.520+0000] {processor.py:179} INFO - Processing /home/airflow/.local/lib/python3.8/site-packages/airflow/example_dags/example_setup_teardown.py took 0.209 seconds
[2023-11-26T00:49:29.738+0000] {processor.py:157} INFO - Started process (PID=3379) to work on /home/airflow/.local/lib/python3.8/site-packages/airflow/example_dags/example_setup_teardown.py
[2023-11-26T00:49:29.742+0000] {processor.py:829} INFO - Processing file /home/airflow/.local/lib/python3.8/site-packages/airflow/example_dags/example_setup_teardown.py for tasks to queue
[2023-11-26T00:49:29.753+0000] {logging_mixin.py:154} INFO - [2023-11-26T00:49:29.753+0000] {dagbag.py:536} INFO - Filling up the DagBag from /home/airflow/.local/lib/python3.8/site-packages/airflow/example_dags/example_setup_teardown.py
[2023-11-26T00:49:29.769+0000] {processor.py:839} INFO - DAG(s) dict_keys(['example_setup_teardown']) retrieved from /home/airflow/.local/lib/python3.8/site-packages/airflow/example_dags/example_setup_teardown.py
[2023-11-26T00:49:29.807+0000] {logging_mixin.py:154} INFO - [2023-11-26T00:49:29.807+0000] {dag.py:2941} INFO - Sync 1 DAGs
[2023-11-26T00:49:29.841+0000] {logging_mixin.py:154} INFO - [2023-11-26T00:49:29.841+0000] {dag.py:3722} INFO - Setting next_dagrun for example_setup_teardown to 2023-11-25T00:49:29.840799+00:00, run_after=2023-11-26T00:49:29.840799+00:00
[2023-11-26T00:49:29.905+0000] {processor.py:179} INFO - Processing /home/airflow/.local/lib/python3.8/site-packages/airflow/example_dags/example_setup_teardown.py took 0.173 seconds
[2023-11-26T00:50:00.153+0000] {processor.py:157} INFO - Started process (PID=3432) to work on /home/airflow/.local/lib/python3.8/site-packages/airflow/example_dags/example_setup_teardown.py
[2023-11-26T00:50:00.157+0000] {processor.py:829} INFO - Processing file /home/airflow/.local/lib/python3.8/site-packages/airflow/example_dags/example_setup_teardown.py for tasks to queue
[2023-11-26T00:50:00.162+0000] {logging_mixin.py:154} INFO - [2023-11-26T00:50:00.162+0000] {dagbag.py:536} INFO - Filling up the DagBag from /home/airflow/.local/lib/python3.8/site-packages/airflow/example_dags/example_setup_teardown.py
[2023-11-26T00:50:00.173+0000] {processor.py:839} INFO - DAG(s) dict_keys(['example_setup_teardown']) retrieved from /home/airflow/.local/lib/python3.8/site-packages/airflow/example_dags/example_setup_teardown.py
[2023-11-26T00:50:00.217+0000] {logging_mixin.py:154} INFO - [2023-11-26T00:50:00.217+0000] {dag.py:2941} INFO - Sync 1 DAGs
[2023-11-26T00:50:00.254+0000] {logging_mixin.py:154} INFO - [2023-11-26T00:50:00.253+0000] {dag.py:3722} INFO - Setting next_dagrun for example_setup_teardown to 2023-11-25T00:50:00.253642+00:00, run_after=2023-11-26T00:50:00.253642+00:00
[2023-11-26T00:50:00.304+0000] {processor.py:179} INFO - Processing /home/airflow/.local/lib/python3.8/site-packages/airflow/example_dags/example_setup_teardown.py took 0.155 seconds
[2023-11-26T00:50:31.206+0000] {processor.py:157} INFO - Started process (PID=3486) to work on /home/airflow/.local/lib/python3.8/site-packages/airflow/example_dags/example_setup_teardown.py
[2023-11-26T00:50:31.209+0000] {processor.py:829} INFO - Processing file /home/airflow/.local/lib/python3.8/site-packages/airflow/example_dags/example_setup_teardown.py for tasks to queue
[2023-11-26T00:50:31.214+0000] {logging_mixin.py:154} INFO - [2023-11-26T00:50:31.213+0000] {dagbag.py:536} INFO - Filling up the DagBag from /home/airflow/.local/lib/python3.8/site-packages/airflow/example_dags/example_setup_teardown.py
[2023-11-26T00:50:31.234+0000] {processor.py:839} INFO - DAG(s) dict_keys(['example_setup_teardown']) retrieved from /home/airflow/.local/lib/python3.8/site-packages/airflow/example_dags/example_setup_teardown.py
[2023-11-26T00:50:31.272+0000] {logging_mixin.py:154} INFO - [2023-11-26T00:50:31.271+0000] {dag.py:2941} INFO - Sync 1 DAGs
[2023-11-26T00:50:31.301+0000] {logging_mixin.py:154} INFO - [2023-11-26T00:50:31.301+0000] {dag.py:3722} INFO - Setting next_dagrun for example_setup_teardown to 2023-11-25T00:50:31.301075+00:00, run_after=2023-11-26T00:50:31.301075+00:00
[2023-11-26T00:50:31.342+0000] {processor.py:179} INFO - Processing /home/airflow/.local/lib/python3.8/site-packages/airflow/example_dags/example_setup_teardown.py took 0.140 seconds
[2023-11-26T00:51:01.672+0000] {processor.py:157} INFO - Started process (PID=3540) to work on /home/airflow/.local/lib/python3.8/site-packages/airflow/example_dags/example_setup_teardown.py
[2023-11-26T00:51:01.674+0000] {processor.py:829} INFO - Processing file /home/airflow/.local/lib/python3.8/site-packages/airflow/example_dags/example_setup_teardown.py for tasks to queue
[2023-11-26T00:51:01.679+0000] {logging_mixin.py:154} INFO - [2023-11-26T00:51:01.679+0000] {dagbag.py:536} INFO - Filling up the DagBag from /home/airflow/.local/lib/python3.8/site-packages/airflow/example_dags/example_setup_teardown.py
[2023-11-26T00:51:01.687+0000] {processor.py:839} INFO - DAG(s) dict_keys(['example_setup_teardown']) retrieved from /home/airflow/.local/lib/python3.8/site-packages/airflow/example_dags/example_setup_teardown.py
[2023-11-26T00:51:01.731+0000] {logging_mixin.py:154} INFO - [2023-11-26T00:51:01.730+0000] {dag.py:2941} INFO - Sync 1 DAGs
[2023-11-26T00:51:01.775+0000] {logging_mixin.py:154} INFO - [2023-11-26T00:51:01.775+0000] {dag.py:3722} INFO - Setting next_dagrun for example_setup_teardown to 2023-11-25T00:51:01.774307+00:00, run_after=2023-11-26T00:51:01.774307+00:00
[2023-11-26T00:51:01.825+0000] {processor.py:179} INFO - Processing /home/airflow/.local/lib/python3.8/site-packages/airflow/example_dags/example_setup_teardown.py took 0.156 seconds
[2023-11-26T00:51:31.958+0000] {processor.py:157} INFO - Started process (PID=3594) to work on /home/airflow/.local/lib/python3.8/site-packages/airflow/example_dags/example_setup_teardown.py
[2023-11-26T00:51:31.960+0000] {processor.py:829} INFO - Processing file /home/airflow/.local/lib/python3.8/site-packages/airflow/example_dags/example_setup_teardown.py for tasks to queue
[2023-11-26T00:51:31.966+0000] {logging_mixin.py:154} INFO - [2023-11-26T00:51:31.965+0000] {dagbag.py:536} INFO - Filling up the DagBag from /home/airflow/.local/lib/python3.8/site-packages/airflow/example_dags/example_setup_teardown.py
[2023-11-26T00:51:31.982+0000] {processor.py:839} INFO - DAG(s) dict_keys(['example_setup_teardown']) retrieved from /home/airflow/.local/lib/python3.8/site-packages/airflow/example_dags/example_setup_teardown.py
[2023-11-26T00:51:32.028+0000] {logging_mixin.py:154} INFO - [2023-11-26T00:51:32.027+0000] {dag.py:2941} INFO - Sync 1 DAGs
[2023-11-26T00:51:32.068+0000] {logging_mixin.py:154} INFO - [2023-11-26T00:51:32.068+0000] {dag.py:3722} INFO - Setting next_dagrun for example_setup_teardown to 2023-11-25T00:51:32.068048+00:00, run_after=2023-11-26T00:51:32.068048+00:00
[2023-11-26T00:51:32.116+0000] {processor.py:179} INFO - Processing /home/airflow/.local/lib/python3.8/site-packages/airflow/example_dags/example_setup_teardown.py took 0.165 seconds
[2023-11-26T00:52:02.368+0000] {processor.py:157} INFO - Started process (PID=3648) to work on /home/airflow/.local/lib/python3.8/site-packages/airflow/example_dags/example_setup_teardown.py
[2023-11-26T00:52:02.371+0000] {processor.py:829} INFO - Processing file /home/airflow/.local/lib/python3.8/site-packages/airflow/example_dags/example_setup_teardown.py for tasks to queue
[2023-11-26T00:52:02.375+0000] {logging_mixin.py:154} INFO - [2023-11-26T00:52:02.374+0000] {dagbag.py:536} INFO - Filling up the DagBag from /home/airflow/.local/lib/python3.8/site-packages/airflow/example_dags/example_setup_teardown.py
[2023-11-26T00:52:02.383+0000] {processor.py:839} INFO - DAG(s) dict_keys(['example_setup_teardown']) retrieved from /home/airflow/.local/lib/python3.8/site-packages/airflow/example_dags/example_setup_teardown.py
[2023-11-26T00:52:02.425+0000] {logging_mixin.py:154} INFO - [2023-11-26T00:52:02.425+0000] {dag.py:2941} INFO - Sync 1 DAGs
[2023-11-26T00:52:02.451+0000] {logging_mixin.py:154} INFO - [2023-11-26T00:52:02.451+0000] {dag.py:3722} INFO - Setting next_dagrun for example_setup_teardown to 2023-11-25T00:52:02.451273+00:00, run_after=2023-11-26T00:52:02.451273+00:00
[2023-11-26T00:52:02.480+0000] {processor.py:179} INFO - Processing /home/airflow/.local/lib/python3.8/site-packages/airflow/example_dags/example_setup_teardown.py took 0.118 seconds
[2023-11-26T00:52:32.562+0000] {processor.py:157} INFO - Started process (PID=3703) to work on /home/airflow/.local/lib/python3.8/site-packages/airflow/example_dags/example_setup_teardown.py
[2023-11-26T00:52:32.565+0000] {processor.py:829} INFO - Processing file /home/airflow/.local/lib/python3.8/site-packages/airflow/example_dags/example_setup_teardown.py for tasks to queue
[2023-11-26T00:52:32.571+0000] {logging_mixin.py:154} INFO - [2023-11-26T00:52:32.570+0000] {dagbag.py:536} INFO - Filling up the DagBag from /home/airflow/.local/lib/python3.8/site-packages/airflow/example_dags/example_setup_teardown.py
[2023-11-26T00:52:32.582+0000] {processor.py:839} INFO - DAG(s) dict_keys(['example_setup_teardown']) retrieved from /home/airflow/.local/lib/python3.8/site-packages/airflow/example_dags/example_setup_teardown.py
[2023-11-26T00:52:32.630+0000] {logging_mixin.py:154} INFO - [2023-11-26T00:52:32.629+0000] {dag.py:2941} INFO - Sync 1 DAGs
[2023-11-26T00:52:32.661+0000] {logging_mixin.py:154} INFO - [2023-11-26T00:52:32.661+0000] {dag.py:3722} INFO - Setting next_dagrun for example_setup_teardown to 2023-11-25T00:52:32.660863+00:00, run_after=2023-11-26T00:52:32.660863+00:00
[2023-11-26T00:52:32.692+0000] {processor.py:179} INFO - Processing /home/airflow/.local/lib/python3.8/site-packages/airflow/example_dags/example_setup_teardown.py took 0.134 seconds
