[2023-11-26T00:15:54.793+0000] {processor.py:157} INFO - Started process (PID=72) to work on /home/airflow/.local/lib/python3.8/site-packages/airflow/example_dags/example_sensor_decorator.py
[2023-11-26T00:15:54.805+0000] {processor.py:829} INFO - Processing file /home/airflow/.local/lib/python3.8/site-packages/airflow/example_dags/example_sensor_decorator.py for tasks to queue
[2023-11-26T00:15:54.837+0000] {logging_mixin.py:154} INFO - [2023-11-26T00:15:54.824+0000] {dagbag.py:536} INFO - Filling up the DagBag from /home/airflow/.local/lib/python3.8/site-packages/airflow/example_dags/example_sensor_decorator.py
[2023-11-26T00:15:54.980+0000] {processor.py:839} INFO - DAG(s) dict_keys(['example_sensor_decorator']) retrieved from /home/airflow/.local/lib/python3.8/site-packages/airflow/example_dags/example_sensor_decorator.py
[2023-11-26T00:15:55.366+0000] {logging_mixin.py:154} INFO - [2023-11-26T00:15:55.364+0000] {dag.py:2941} INFO - Sync 1 DAGs
[2023-11-26T00:15:55.560+0000] {logging_mixin.py:154} INFO - [2023-11-26T00:15:55.559+0000] {dag.py:3722} INFO - Setting next_dagrun for example_sensor_decorator to None, run_after=None
[2023-11-26T00:15:55.819+0000] {processor.py:179} INFO - Processing /home/airflow/.local/lib/python3.8/site-packages/airflow/example_dags/example_sensor_decorator.py took 1.062 seconds
[2023-11-26T00:16:45.633+0000] {processor.py:157} INFO - Started process (PID=58) to work on /home/airflow/.local/lib/python3.8/site-packages/airflow/example_dags/example_sensor_decorator.py
[2023-11-26T00:16:45.635+0000] {processor.py:829} INFO - Processing file /home/airflow/.local/lib/python3.8/site-packages/airflow/example_dags/example_sensor_decorator.py for tasks to queue
[2023-11-26T00:16:45.641+0000] {logging_mixin.py:154} INFO - [2023-11-26T00:16:45.641+0000] {dagbag.py:536} INFO - Filling up the DagBag from /home/airflow/.local/lib/python3.8/site-packages/airflow/example_dags/example_sensor_decorator.py
[2023-11-26T00:16:45.656+0000] {processor.py:839} INFO - DAG(s) dict_keys(['example_sensor_decorator']) retrieved from /home/airflow/.local/lib/python3.8/site-packages/airflow/example_dags/example_sensor_decorator.py
[2023-11-26T00:16:45.716+0000] {logging_mixin.py:154} INFO - [2023-11-26T00:16:45.715+0000] {dag.py:2941} INFO - Sync 1 DAGs
[2023-11-26T00:16:45.746+0000] {logging_mixin.py:154} INFO - [2023-11-26T00:16:45.746+0000] {dag.py:3722} INFO - Setting next_dagrun for example_sensor_decorator to None, run_after=None
[2023-11-26T00:16:45.804+0000] {processor.py:179} INFO - Processing /home/airflow/.local/lib/python3.8/site-packages/airflow/example_dags/example_sensor_decorator.py took 0.177 seconds
[2023-11-26T00:18:04.367+0000] {processor.py:157} INFO - Started process (PID=59) to work on /home/airflow/.local/lib/python3.8/site-packages/airflow/example_dags/example_sensor_decorator.py
[2023-11-26T00:18:04.376+0000] {processor.py:829} INFO - Processing file /home/airflow/.local/lib/python3.8/site-packages/airflow/example_dags/example_sensor_decorator.py for tasks to queue
[2023-11-26T00:18:04.386+0000] {logging_mixin.py:154} INFO - [2023-11-26T00:18:04.385+0000] {dagbag.py:536} INFO - Filling up the DagBag from /home/airflow/.local/lib/python3.8/site-packages/airflow/example_dags/example_sensor_decorator.py
[2023-11-26T00:18:04.444+0000] {processor.py:839} INFO - DAG(s) dict_keys(['example_sensor_decorator']) retrieved from /home/airflow/.local/lib/python3.8/site-packages/airflow/example_dags/example_sensor_decorator.py
[2023-11-26T00:18:04.676+0000] {logging_mixin.py:154} INFO - [2023-11-26T00:18:04.670+0000] {dag.py:2941} INFO - Sync 1 DAGs
[2023-11-26T00:18:04.778+0000] {logging_mixin.py:154} INFO - [2023-11-26T00:18:04.777+0000] {dag.py:3722} INFO - Setting next_dagrun for example_sensor_decorator to None, run_after=None
[2023-11-26T00:18:05.049+0000] {processor.py:179} INFO - Processing /home/airflow/.local/lib/python3.8/site-packages/airflow/example_dags/example_sensor_decorator.py took 0.703 seconds
[2023-11-26T00:18:35.900+0000] {processor.py:157} INFO - Started process (PID=114) to work on /home/airflow/.local/lib/python3.8/site-packages/airflow/example_dags/example_sensor_decorator.py
[2023-11-26T00:18:35.907+0000] {processor.py:829} INFO - Processing file /home/airflow/.local/lib/python3.8/site-packages/airflow/example_dags/example_sensor_decorator.py for tasks to queue
[2023-11-26T00:18:35.925+0000] {logging_mixin.py:154} INFO - [2023-11-26T00:18:35.920+0000] {dagbag.py:536} INFO - Filling up the DagBag from /home/airflow/.local/lib/python3.8/site-packages/airflow/example_dags/example_sensor_decorator.py
[2023-11-26T00:18:35.958+0000] {processor.py:839} INFO - DAG(s) dict_keys(['example_sensor_decorator']) retrieved from /home/airflow/.local/lib/python3.8/site-packages/airflow/example_dags/example_sensor_decorator.py
[2023-11-26T00:18:36.096+0000] {logging_mixin.py:154} INFO - [2023-11-26T00:18:36.095+0000] {dag.py:2941} INFO - Sync 1 DAGs
[2023-11-26T00:18:36.203+0000] {logging_mixin.py:154} INFO - [2023-11-26T00:18:36.202+0000] {dag.py:3722} INFO - Setting next_dagrun for example_sensor_decorator to None, run_after=None
[2023-11-26T00:18:36.368+0000] {processor.py:179} INFO - Processing /home/airflow/.local/lib/python3.8/site-packages/airflow/example_dags/example_sensor_decorator.py took 0.485 seconds
[2023-11-26T00:19:07.107+0000] {processor.py:157} INFO - Started process (PID=168) to work on /home/airflow/.local/lib/python3.8/site-packages/airflow/example_dags/example_sensor_decorator.py
[2023-11-26T00:19:07.111+0000] {processor.py:829} INFO - Processing file /home/airflow/.local/lib/python3.8/site-packages/airflow/example_dags/example_sensor_decorator.py for tasks to queue
[2023-11-26T00:19:07.121+0000] {logging_mixin.py:154} INFO - [2023-11-26T00:19:07.120+0000] {dagbag.py:536} INFO - Filling up the DagBag from /home/airflow/.local/lib/python3.8/site-packages/airflow/example_dags/example_sensor_decorator.py
[2023-11-26T00:19:07.136+0000] {processor.py:839} INFO - DAG(s) dict_keys(['example_sensor_decorator']) retrieved from /home/airflow/.local/lib/python3.8/site-packages/airflow/example_dags/example_sensor_decorator.py
[2023-11-26T00:19:07.218+0000] {logging_mixin.py:154} INFO - [2023-11-26T00:19:07.216+0000] {dag.py:2941} INFO - Sync 1 DAGs
[2023-11-26T00:19:07.290+0000] {logging_mixin.py:154} INFO - [2023-11-26T00:19:07.289+0000] {dag.py:3722} INFO - Setting next_dagrun for example_sensor_decorator to None, run_after=None
[2023-11-26T00:19:07.413+0000] {processor.py:179} INFO - Processing /home/airflow/.local/lib/python3.8/site-packages/airflow/example_dags/example_sensor_decorator.py took 0.320 seconds
[2023-11-26T00:19:38.102+0000] {processor.py:157} INFO - Started process (PID=222) to work on /home/airflow/.local/lib/python3.8/site-packages/airflow/example_dags/example_sensor_decorator.py
[2023-11-26T00:19:38.106+0000] {processor.py:829} INFO - Processing file /home/airflow/.local/lib/python3.8/site-packages/airflow/example_dags/example_sensor_decorator.py for tasks to queue
[2023-11-26T00:19:38.120+0000] {logging_mixin.py:154} INFO - [2023-11-26T00:19:38.117+0000] {dagbag.py:536} INFO - Filling up the DagBag from /home/airflow/.local/lib/python3.8/site-packages/airflow/example_dags/example_sensor_decorator.py
[2023-11-26T00:19:38.157+0000] {processor.py:839} INFO - DAG(s) dict_keys(['example_sensor_decorator']) retrieved from /home/airflow/.local/lib/python3.8/site-packages/airflow/example_dags/example_sensor_decorator.py
[2023-11-26T00:19:38.304+0000] {logging_mixin.py:154} INFO - [2023-11-26T00:19:38.303+0000] {dag.py:2941} INFO - Sync 1 DAGs
[2023-11-26T00:19:38.381+0000] {logging_mixin.py:154} INFO - [2023-11-26T00:19:38.381+0000] {dag.py:3722} INFO - Setting next_dagrun for example_sensor_decorator to None, run_after=None
[2023-11-26T00:19:38.492+0000] {processor.py:179} INFO - Processing /home/airflow/.local/lib/python3.8/site-packages/airflow/example_dags/example_sensor_decorator.py took 0.407 seconds
[2023-11-26T00:20:08.694+0000] {processor.py:157} INFO - Started process (PID=276) to work on /home/airflow/.local/lib/python3.8/site-packages/airflow/example_dags/example_sensor_decorator.py
[2023-11-26T00:20:08.698+0000] {processor.py:829} INFO - Processing file /home/airflow/.local/lib/python3.8/site-packages/airflow/example_dags/example_sensor_decorator.py for tasks to queue
[2023-11-26T00:20:08.710+0000] {logging_mixin.py:154} INFO - [2023-11-26T00:20:08.709+0000] {dagbag.py:536} INFO - Filling up the DagBag from /home/airflow/.local/lib/python3.8/site-packages/airflow/example_dags/example_sensor_decorator.py
[2023-11-26T00:20:08.751+0000] {processor.py:839} INFO - DAG(s) dict_keys(['example_sensor_decorator']) retrieved from /home/airflow/.local/lib/python3.8/site-packages/airflow/example_dags/example_sensor_decorator.py
[2023-11-26T00:20:08.865+0000] {logging_mixin.py:154} INFO - [2023-11-26T00:20:08.864+0000] {dag.py:2941} INFO - Sync 1 DAGs
[2023-11-26T00:20:08.950+0000] {logging_mixin.py:154} INFO - [2023-11-26T00:20:08.949+0000] {dag.py:3722} INFO - Setting next_dagrun for example_sensor_decorator to None, run_after=None
[2023-11-26T00:20:09.053+0000] {processor.py:179} INFO - Processing /home/airflow/.local/lib/python3.8/site-packages/airflow/example_dags/example_sensor_decorator.py took 0.375 seconds
[2023-11-26T00:20:39.800+0000] {processor.py:157} INFO - Started process (PID=330) to work on /home/airflow/.local/lib/python3.8/site-packages/airflow/example_dags/example_sensor_decorator.py
[2023-11-26T00:20:39.805+0000] {processor.py:829} INFO - Processing file /home/airflow/.local/lib/python3.8/site-packages/airflow/example_dags/example_sensor_decorator.py for tasks to queue
[2023-11-26T00:20:39.814+0000] {logging_mixin.py:154} INFO - [2023-11-26T00:20:39.813+0000] {dagbag.py:536} INFO - Filling up the DagBag from /home/airflow/.local/lib/python3.8/site-packages/airflow/example_dags/example_sensor_decorator.py
[2023-11-26T00:20:39.834+0000] {processor.py:839} INFO - DAG(s) dict_keys(['example_sensor_decorator']) retrieved from /home/airflow/.local/lib/python3.8/site-packages/airflow/example_dags/example_sensor_decorator.py
[2023-11-26T00:20:39.921+0000] {logging_mixin.py:154} INFO - [2023-11-26T00:20:39.920+0000] {dag.py:2941} INFO - Sync 1 DAGs
[2023-11-26T00:20:39.972+0000] {logging_mixin.py:154} INFO - [2023-11-26T00:20:39.971+0000] {dag.py:3722} INFO - Setting next_dagrun for example_sensor_decorator to None, run_after=None
[2023-11-26T00:20:40.069+0000] {processor.py:179} INFO - Processing /home/airflow/.local/lib/python3.8/site-packages/airflow/example_dags/example_sensor_decorator.py took 0.277 seconds
[2023-11-26T00:21:10.347+0000] {processor.py:157} INFO - Started process (PID=383) to work on /home/airflow/.local/lib/python3.8/site-packages/airflow/example_dags/example_sensor_decorator.py
[2023-11-26T00:21:10.351+0000] {processor.py:829} INFO - Processing file /home/airflow/.local/lib/python3.8/site-packages/airflow/example_dags/example_sensor_decorator.py for tasks to queue
[2023-11-26T00:21:10.361+0000] {logging_mixin.py:154} INFO - [2023-11-26T00:21:10.359+0000] {dagbag.py:536} INFO - Filling up the DagBag from /home/airflow/.local/lib/python3.8/site-packages/airflow/example_dags/example_sensor_decorator.py
[2023-11-26T00:21:10.375+0000] {processor.py:839} INFO - DAG(s) dict_keys(['example_sensor_decorator']) retrieved from /home/airflow/.local/lib/python3.8/site-packages/airflow/example_dags/example_sensor_decorator.py
[2023-11-26T00:21:10.442+0000] {logging_mixin.py:154} INFO - [2023-11-26T00:21:10.440+0000] {dag.py:2941} INFO - Sync 1 DAGs
[2023-11-26T00:21:10.472+0000] {logging_mixin.py:154} INFO - [2023-11-26T00:21:10.471+0000] {dag.py:3722} INFO - Setting next_dagrun for example_sensor_decorator to None, run_after=None
[2023-11-26T00:21:10.553+0000] {processor.py:179} INFO - Processing /home/airflow/.local/lib/python3.8/site-packages/airflow/example_dags/example_sensor_decorator.py took 0.213 seconds
[2023-11-26T00:21:43.489+0000] {processor.py:157} INFO - Started process (PID=438) to work on /home/airflow/.local/lib/python3.8/site-packages/airflow/example_dags/example_sensor_decorator.py
[2023-11-26T00:21:43.496+0000] {processor.py:829} INFO - Processing file /home/airflow/.local/lib/python3.8/site-packages/airflow/example_dags/example_sensor_decorator.py for tasks to queue
[2023-11-26T00:21:43.515+0000] {logging_mixin.py:154} INFO - [2023-11-26T00:21:43.514+0000] {dagbag.py:536} INFO - Filling up the DagBag from /home/airflow/.local/lib/python3.8/site-packages/airflow/example_dags/example_sensor_decorator.py
[2023-11-26T00:21:43.596+0000] {processor.py:839} INFO - DAG(s) dict_keys(['example_sensor_decorator']) retrieved from /home/airflow/.local/lib/python3.8/site-packages/airflow/example_dags/example_sensor_decorator.py
[2023-11-26T00:21:43.732+0000] {logging_mixin.py:154} INFO - [2023-11-26T00:21:43.731+0000] {dag.py:2941} INFO - Sync 1 DAGs
[2023-11-26T00:21:43.908+0000] {logging_mixin.py:154} INFO - [2023-11-26T00:21:43.895+0000] {dag.py:3722} INFO - Setting next_dagrun for example_sensor_decorator to None, run_after=None
[2023-11-26T00:21:44.200+0000] {processor.py:179} INFO - Processing /home/airflow/.local/lib/python3.8/site-packages/airflow/example_dags/example_sensor_decorator.py took 0.746 seconds
[2023-11-26T00:22:15.606+0000] {processor.py:157} INFO - Started process (PID=492) to work on /home/airflow/.local/lib/python3.8/site-packages/airflow/example_dags/example_sensor_decorator.py
[2023-11-26T00:22:15.623+0000] {processor.py:829} INFO - Processing file /home/airflow/.local/lib/python3.8/site-packages/airflow/example_dags/example_sensor_decorator.py for tasks to queue
[2023-11-26T00:22:15.648+0000] {logging_mixin.py:154} INFO - [2023-11-26T00:22:15.646+0000] {dagbag.py:536} INFO - Filling up the DagBag from /home/airflow/.local/lib/python3.8/site-packages/airflow/example_dags/example_sensor_decorator.py
[2023-11-26T00:22:15.704+0000] {processor.py:839} INFO - DAG(s) dict_keys(['example_sensor_decorator']) retrieved from /home/airflow/.local/lib/python3.8/site-packages/airflow/example_dags/example_sensor_decorator.py
[2023-11-26T00:22:15.951+0000] {logging_mixin.py:154} INFO - [2023-11-26T00:22:15.950+0000] {dag.py:2941} INFO - Sync 1 DAGs
[2023-11-26T00:22:16.065+0000] {logging_mixin.py:154} INFO - [2023-11-26T00:22:16.065+0000] {dag.py:3722} INFO - Setting next_dagrun for example_sensor_decorator to None, run_after=None
[2023-11-26T00:22:16.236+0000] {processor.py:179} INFO - Processing /home/airflow/.local/lib/python3.8/site-packages/airflow/example_dags/example_sensor_decorator.py took 0.690 seconds
[2023-11-26T00:22:47.937+0000] {processor.py:157} INFO - Started process (PID=545) to work on /home/airflow/.local/lib/python3.8/site-packages/airflow/example_dags/example_sensor_decorator.py
[2023-11-26T00:22:47.941+0000] {processor.py:829} INFO - Processing file /home/airflow/.local/lib/python3.8/site-packages/airflow/example_dags/example_sensor_decorator.py for tasks to queue
[2023-11-26T00:22:47.953+0000] {logging_mixin.py:154} INFO - [2023-11-26T00:22:47.952+0000] {dagbag.py:536} INFO - Filling up the DagBag from /home/airflow/.local/lib/python3.8/site-packages/airflow/example_dags/example_sensor_decorator.py
[2023-11-26T00:22:47.995+0000] {processor.py:839} INFO - DAG(s) dict_keys(['example_sensor_decorator']) retrieved from /home/airflow/.local/lib/python3.8/site-packages/airflow/example_dags/example_sensor_decorator.py
[2023-11-26T00:22:48.132+0000] {logging_mixin.py:154} INFO - [2023-11-26T00:22:48.132+0000] {dag.py:2941} INFO - Sync 1 DAGs
[2023-11-26T00:22:48.211+0000] {logging_mixin.py:154} INFO - [2023-11-26T00:22:48.210+0000] {dag.py:3722} INFO - Setting next_dagrun for example_sensor_decorator to None, run_after=None
[2023-11-26T00:22:48.357+0000] {processor.py:179} INFO - Processing /home/airflow/.local/lib/python3.8/site-packages/airflow/example_dags/example_sensor_decorator.py took 0.439 seconds
[2023-11-26T00:23:18.559+0000] {processor.py:157} INFO - Started process (PID=598) to work on /home/airflow/.local/lib/python3.8/site-packages/airflow/example_dags/example_sensor_decorator.py
[2023-11-26T00:23:18.561+0000] {processor.py:829} INFO - Processing file /home/airflow/.local/lib/python3.8/site-packages/airflow/example_dags/example_sensor_decorator.py for tasks to queue
[2023-11-26T00:23:18.564+0000] {logging_mixin.py:154} INFO - [2023-11-26T00:23:18.563+0000] {dagbag.py:536} INFO - Filling up the DagBag from /home/airflow/.local/lib/python3.8/site-packages/airflow/example_dags/example_sensor_decorator.py
[2023-11-26T00:23:18.573+0000] {processor.py:839} INFO - DAG(s) dict_keys(['example_sensor_decorator']) retrieved from /home/airflow/.local/lib/python3.8/site-packages/airflow/example_dags/example_sensor_decorator.py
[2023-11-26T00:23:18.622+0000] {logging_mixin.py:154} INFO - [2023-11-26T00:23:18.621+0000] {dag.py:2941} INFO - Sync 1 DAGs
[2023-11-26T00:23:18.656+0000] {logging_mixin.py:154} INFO - [2023-11-26T00:23:18.655+0000] {dag.py:3722} INFO - Setting next_dagrun for example_sensor_decorator to None, run_after=None
[2023-11-26T00:23:18.723+0000] {processor.py:179} INFO - Processing /home/airflow/.local/lib/python3.8/site-packages/airflow/example_dags/example_sensor_decorator.py took 0.167 seconds
[2023-11-26T00:23:49.259+0000] {processor.py:157} INFO - Started process (PID=652) to work on /home/airflow/.local/lib/python3.8/site-packages/airflow/example_dags/example_sensor_decorator.py
[2023-11-26T00:23:49.262+0000] {processor.py:829} INFO - Processing file /home/airflow/.local/lib/python3.8/site-packages/airflow/example_dags/example_sensor_decorator.py for tasks to queue
[2023-11-26T00:23:49.266+0000] {logging_mixin.py:154} INFO - [2023-11-26T00:23:49.265+0000] {dagbag.py:536} INFO - Filling up the DagBag from /home/airflow/.local/lib/python3.8/site-packages/airflow/example_dags/example_sensor_decorator.py
[2023-11-26T00:23:49.281+0000] {processor.py:839} INFO - DAG(s) dict_keys(['example_sensor_decorator']) retrieved from /home/airflow/.local/lib/python3.8/site-packages/airflow/example_dags/example_sensor_decorator.py
[2023-11-26T00:23:49.332+0000] {logging_mixin.py:154} INFO - [2023-11-26T00:23:49.332+0000] {dag.py:2941} INFO - Sync 1 DAGs
[2023-11-26T00:23:49.389+0000] {logging_mixin.py:154} INFO - [2023-11-26T00:23:49.388+0000] {dag.py:3722} INFO - Setting next_dagrun for example_sensor_decorator to None, run_after=None
[2023-11-26T00:23:49.504+0000] {processor.py:179} INFO - Processing /home/airflow/.local/lib/python3.8/site-packages/airflow/example_dags/example_sensor_decorator.py took 0.251 seconds
[2023-11-26T00:24:20.306+0000] {processor.py:157} INFO - Started process (PID=706) to work on /home/airflow/.local/lib/python3.8/site-packages/airflow/example_dags/example_sensor_decorator.py
[2023-11-26T00:24:20.309+0000] {processor.py:829} INFO - Processing file /home/airflow/.local/lib/python3.8/site-packages/airflow/example_dags/example_sensor_decorator.py for tasks to queue
[2023-11-26T00:24:20.314+0000] {logging_mixin.py:154} INFO - [2023-11-26T00:24:20.313+0000] {dagbag.py:536} INFO - Filling up the DagBag from /home/airflow/.local/lib/python3.8/site-packages/airflow/example_dags/example_sensor_decorator.py
[2023-11-26T00:24:20.329+0000] {processor.py:839} INFO - DAG(s) dict_keys(['example_sensor_decorator']) retrieved from /home/airflow/.local/lib/python3.8/site-packages/airflow/example_dags/example_sensor_decorator.py
[2023-11-26T00:24:20.412+0000] {logging_mixin.py:154} INFO - [2023-11-26T00:24:20.411+0000] {dag.py:2941} INFO - Sync 1 DAGs
[2023-11-26T00:24:20.449+0000] {logging_mixin.py:154} INFO - [2023-11-26T00:24:20.448+0000] {dag.py:3722} INFO - Setting next_dagrun for example_sensor_decorator to None, run_after=None
[2023-11-26T00:24:20.495+0000] {processor.py:179} INFO - Processing /home/airflow/.local/lib/python3.8/site-packages/airflow/example_dags/example_sensor_decorator.py took 0.195 seconds
[2023-11-26T00:24:51.114+0000] {processor.py:157} INFO - Started process (PID=760) to work on /home/airflow/.local/lib/python3.8/site-packages/airflow/example_dags/example_sensor_decorator.py
[2023-11-26T00:24:51.117+0000] {processor.py:829} INFO - Processing file /home/airflow/.local/lib/python3.8/site-packages/airflow/example_dags/example_sensor_decorator.py for tasks to queue
[2023-11-26T00:24:51.126+0000] {logging_mixin.py:154} INFO - [2023-11-26T00:24:51.126+0000] {dagbag.py:536} INFO - Filling up the DagBag from /home/airflow/.local/lib/python3.8/site-packages/airflow/example_dags/example_sensor_decorator.py
[2023-11-26T00:24:51.146+0000] {processor.py:839} INFO - DAG(s) dict_keys(['example_sensor_decorator']) retrieved from /home/airflow/.local/lib/python3.8/site-packages/airflow/example_dags/example_sensor_decorator.py
[2023-11-26T00:24:51.191+0000] {logging_mixin.py:154} INFO - [2023-11-26T00:24:51.187+0000] {dag.py:2941} INFO - Sync 1 DAGs
[2023-11-26T00:24:51.249+0000] {logging_mixin.py:154} INFO - [2023-11-26T00:24:51.248+0000] {dag.py:3722} INFO - Setting next_dagrun for example_sensor_decorator to None, run_after=None
[2023-11-26T00:24:51.351+0000] {processor.py:179} INFO - Processing /home/airflow/.local/lib/python3.8/site-packages/airflow/example_dags/example_sensor_decorator.py took 0.244 seconds
[2023-11-26T00:25:21.751+0000] {processor.py:157} INFO - Started process (PID=814) to work on /home/airflow/.local/lib/python3.8/site-packages/airflow/example_dags/example_sensor_decorator.py
[2023-11-26T00:25:21.756+0000] {processor.py:829} INFO - Processing file /home/airflow/.local/lib/python3.8/site-packages/airflow/example_dags/example_sensor_decorator.py for tasks to queue
[2023-11-26T00:25:21.766+0000] {logging_mixin.py:154} INFO - [2023-11-26T00:25:21.766+0000] {dagbag.py:536} INFO - Filling up the DagBag from /home/airflow/.local/lib/python3.8/site-packages/airflow/example_dags/example_sensor_decorator.py
[2023-11-26T00:25:21.799+0000] {processor.py:839} INFO - DAG(s) dict_keys(['example_sensor_decorator']) retrieved from /home/airflow/.local/lib/python3.8/site-packages/airflow/example_dags/example_sensor_decorator.py
[2023-11-26T00:25:21.867+0000] {logging_mixin.py:154} INFO - [2023-11-26T00:25:21.865+0000] {dag.py:2941} INFO - Sync 1 DAGs
[2023-11-26T00:25:21.891+0000] {logging_mixin.py:154} INFO - [2023-11-26T00:25:21.891+0000] {dag.py:3722} INFO - Setting next_dagrun for example_sensor_decorator to None, run_after=None
[2023-11-26T00:25:21.989+0000] {processor.py:179} INFO - Processing /home/airflow/.local/lib/python3.8/site-packages/airflow/example_dags/example_sensor_decorator.py took 0.243 seconds
[2023-11-26T00:25:52.179+0000] {processor.py:157} INFO - Started process (PID=867) to work on /home/airflow/.local/lib/python3.8/site-packages/airflow/example_dags/example_sensor_decorator.py
[2023-11-26T00:25:52.181+0000] {processor.py:829} INFO - Processing file /home/airflow/.local/lib/python3.8/site-packages/airflow/example_dags/example_sensor_decorator.py for tasks to queue
[2023-11-26T00:25:52.185+0000] {logging_mixin.py:154} INFO - [2023-11-26T00:25:52.185+0000] {dagbag.py:536} INFO - Filling up the DagBag from /home/airflow/.local/lib/python3.8/site-packages/airflow/example_dags/example_sensor_decorator.py
[2023-11-26T00:25:52.197+0000] {processor.py:839} INFO - DAG(s) dict_keys(['example_sensor_decorator']) retrieved from /home/airflow/.local/lib/python3.8/site-packages/airflow/example_dags/example_sensor_decorator.py
[2023-11-26T00:25:52.232+0000] {logging_mixin.py:154} INFO - [2023-11-26T00:25:52.232+0000] {dag.py:2941} INFO - Sync 1 DAGs
[2023-11-26T00:25:52.255+0000] {logging_mixin.py:154} INFO - [2023-11-26T00:25:52.254+0000] {dag.py:3722} INFO - Setting next_dagrun for example_sensor_decorator to None, run_after=None
[2023-11-26T00:25:52.287+0000] {processor.py:179} INFO - Processing /home/airflow/.local/lib/python3.8/site-packages/airflow/example_dags/example_sensor_decorator.py took 0.114 seconds
[2023-11-26T00:26:22.543+0000] {processor.py:157} INFO - Started process (PID=921) to work on /home/airflow/.local/lib/python3.8/site-packages/airflow/example_dags/example_sensor_decorator.py
[2023-11-26T00:26:22.545+0000] {processor.py:829} INFO - Processing file /home/airflow/.local/lib/python3.8/site-packages/airflow/example_dags/example_sensor_decorator.py for tasks to queue
[2023-11-26T00:26:22.548+0000] {logging_mixin.py:154} INFO - [2023-11-26T00:26:22.548+0000] {dagbag.py:536} INFO - Filling up the DagBag from /home/airflow/.local/lib/python3.8/site-packages/airflow/example_dags/example_sensor_decorator.py
[2023-11-26T00:26:22.559+0000] {processor.py:839} INFO - DAG(s) dict_keys(['example_sensor_decorator']) retrieved from /home/airflow/.local/lib/python3.8/site-packages/airflow/example_dags/example_sensor_decorator.py
[2023-11-26T00:26:22.591+0000] {logging_mixin.py:154} INFO - [2023-11-26T00:26:22.590+0000] {dag.py:2941} INFO - Sync 1 DAGs
[2023-11-26T00:26:22.615+0000] {logging_mixin.py:154} INFO - [2023-11-26T00:26:22.615+0000] {dag.py:3722} INFO - Setting next_dagrun for example_sensor_decorator to None, run_after=None
[2023-11-26T00:26:22.650+0000] {processor.py:179} INFO - Processing /home/airflow/.local/lib/python3.8/site-packages/airflow/example_dags/example_sensor_decorator.py took 0.112 seconds
[2023-11-26T00:26:52.729+0000] {processor.py:157} INFO - Started process (PID=975) to work on /home/airflow/.local/lib/python3.8/site-packages/airflow/example_dags/example_sensor_decorator.py
[2023-11-26T00:26:52.731+0000] {processor.py:829} INFO - Processing file /home/airflow/.local/lib/python3.8/site-packages/airflow/example_dags/example_sensor_decorator.py for tasks to queue
[2023-11-26T00:26:52.734+0000] {logging_mixin.py:154} INFO - [2023-11-26T00:26:52.734+0000] {dagbag.py:536} INFO - Filling up the DagBag from /home/airflow/.local/lib/python3.8/site-packages/airflow/example_dags/example_sensor_decorator.py
[2023-11-26T00:26:52.748+0000] {processor.py:839} INFO - DAG(s) dict_keys(['example_sensor_decorator']) retrieved from /home/airflow/.local/lib/python3.8/site-packages/airflow/example_dags/example_sensor_decorator.py
[2023-11-26T00:26:52.780+0000] {logging_mixin.py:154} INFO - [2023-11-26T00:26:52.780+0000] {dag.py:2941} INFO - Sync 1 DAGs
[2023-11-26T00:26:52.800+0000] {logging_mixin.py:154} INFO - [2023-11-26T00:26:52.800+0000] {dag.py:3722} INFO - Setting next_dagrun for example_sensor_decorator to None, run_after=None
[2023-11-26T00:26:52.833+0000] {processor.py:179} INFO - Processing /home/airflow/.local/lib/python3.8/site-packages/airflow/example_dags/example_sensor_decorator.py took 0.109 seconds
[2023-11-26T00:27:23.618+0000] {processor.py:157} INFO - Started process (PID=1029) to work on /home/airflow/.local/lib/python3.8/site-packages/airflow/example_dags/example_sensor_decorator.py
[2023-11-26T00:27:23.620+0000] {processor.py:829} INFO - Processing file /home/airflow/.local/lib/python3.8/site-packages/airflow/example_dags/example_sensor_decorator.py for tasks to queue
[2023-11-26T00:27:23.624+0000] {logging_mixin.py:154} INFO - [2023-11-26T00:27:23.624+0000] {dagbag.py:536} INFO - Filling up the DagBag from /home/airflow/.local/lib/python3.8/site-packages/airflow/example_dags/example_sensor_decorator.py
[2023-11-26T00:27:23.631+0000] {processor.py:839} INFO - DAG(s) dict_keys(['example_sensor_decorator']) retrieved from /home/airflow/.local/lib/python3.8/site-packages/airflow/example_dags/example_sensor_decorator.py
[2023-11-26T00:27:23.661+0000] {logging_mixin.py:154} INFO - [2023-11-26T00:27:23.660+0000] {dag.py:2941} INFO - Sync 1 DAGs
[2023-11-26T00:27:23.680+0000] {logging_mixin.py:154} INFO - [2023-11-26T00:27:23.680+0000] {dag.py:3722} INFO - Setting next_dagrun for example_sensor_decorator to None, run_after=None
[2023-11-26T00:27:23.705+0000] {processor.py:179} INFO - Processing /home/airflow/.local/lib/python3.8/site-packages/airflow/example_dags/example_sensor_decorator.py took 0.091 seconds
[2023-11-26T00:27:54.277+0000] {processor.py:157} INFO - Started process (PID=1083) to work on /home/airflow/.local/lib/python3.8/site-packages/airflow/example_dags/example_sensor_decorator.py
[2023-11-26T00:27:54.280+0000] {processor.py:829} INFO - Processing file /home/airflow/.local/lib/python3.8/site-packages/airflow/example_dags/example_sensor_decorator.py for tasks to queue
[2023-11-26T00:27:54.286+0000] {logging_mixin.py:154} INFO - [2023-11-26T00:27:54.285+0000] {dagbag.py:536} INFO - Filling up the DagBag from /home/airflow/.local/lib/python3.8/site-packages/airflow/example_dags/example_sensor_decorator.py
[2023-11-26T00:27:54.300+0000] {processor.py:839} INFO - DAG(s) dict_keys(['example_sensor_decorator']) retrieved from /home/airflow/.local/lib/python3.8/site-packages/airflow/example_dags/example_sensor_decorator.py
[2023-11-26T00:27:54.348+0000] {logging_mixin.py:154} INFO - [2023-11-26T00:27:54.347+0000] {dag.py:2941} INFO - Sync 1 DAGs
[2023-11-26T00:27:54.383+0000] {logging_mixin.py:154} INFO - [2023-11-26T00:27:54.383+0000] {dag.py:3722} INFO - Setting next_dagrun for example_sensor_decorator to None, run_after=None
[2023-11-26T00:27:54.427+0000] {processor.py:179} INFO - Processing /home/airflow/.local/lib/python3.8/site-packages/airflow/example_dags/example_sensor_decorator.py took 0.158 seconds
[2023-11-26T00:28:24.851+0000] {processor.py:157} INFO - Started process (PID=1137) to work on /home/airflow/.local/lib/python3.8/site-packages/airflow/example_dags/example_sensor_decorator.py
[2023-11-26T00:28:24.853+0000] {processor.py:829} INFO - Processing file /home/airflow/.local/lib/python3.8/site-packages/airflow/example_dags/example_sensor_decorator.py for tasks to queue
[2023-11-26T00:28:24.860+0000] {logging_mixin.py:154} INFO - [2023-11-26T00:28:24.859+0000] {dagbag.py:536} INFO - Filling up the DagBag from /home/airflow/.local/lib/python3.8/site-packages/airflow/example_dags/example_sensor_decorator.py
[2023-11-26T00:28:24.869+0000] {processor.py:839} INFO - DAG(s) dict_keys(['example_sensor_decorator']) retrieved from /home/airflow/.local/lib/python3.8/site-packages/airflow/example_dags/example_sensor_decorator.py
[2023-11-26T00:28:24.896+0000] {logging_mixin.py:154} INFO - [2023-11-26T00:28:24.896+0000] {dag.py:2941} INFO - Sync 1 DAGs
[2023-11-26T00:28:24.910+0000] {logging_mixin.py:154} INFO - [2023-11-26T00:28:24.910+0000] {dag.py:3722} INFO - Setting next_dagrun for example_sensor_decorator to None, run_after=None
[2023-11-26T00:28:24.935+0000] {processor.py:179} INFO - Processing /home/airflow/.local/lib/python3.8/site-packages/airflow/example_dags/example_sensor_decorator.py took 0.089 seconds
[2023-11-26T00:28:55.634+0000] {processor.py:157} INFO - Started process (PID=1190) to work on /home/airflow/.local/lib/python3.8/site-packages/airflow/example_dags/example_sensor_decorator.py
[2023-11-26T00:28:55.637+0000] {processor.py:829} INFO - Processing file /home/airflow/.local/lib/python3.8/site-packages/airflow/example_dags/example_sensor_decorator.py for tasks to queue
[2023-11-26T00:28:55.642+0000] {logging_mixin.py:154} INFO - [2023-11-26T00:28:55.642+0000] {dagbag.py:536} INFO - Filling up the DagBag from /home/airflow/.local/lib/python3.8/site-packages/airflow/example_dags/example_sensor_decorator.py
[2023-11-26T00:28:55.654+0000] {processor.py:839} INFO - DAG(s) dict_keys(['example_sensor_decorator']) retrieved from /home/airflow/.local/lib/python3.8/site-packages/airflow/example_dags/example_sensor_decorator.py
[2023-11-26T00:28:55.686+0000] {logging_mixin.py:154} INFO - [2023-11-26T00:28:55.686+0000] {dag.py:2941} INFO - Sync 1 DAGs
[2023-11-26T00:28:55.701+0000] {logging_mixin.py:154} INFO - [2023-11-26T00:28:55.700+0000] {dag.py:3722} INFO - Setting next_dagrun for example_sensor_decorator to None, run_after=None
[2023-11-26T00:28:55.725+0000] {processor.py:179} INFO - Processing /home/airflow/.local/lib/python3.8/site-packages/airflow/example_dags/example_sensor_decorator.py took 0.098 seconds
[2023-11-26T00:29:25.976+0000] {processor.py:157} INFO - Started process (PID=1250) to work on /home/airflow/.local/lib/python3.8/site-packages/airflow/example_dags/example_sensor_decorator.py
[2023-11-26T00:29:25.982+0000] {processor.py:829} INFO - Processing file /home/airflow/.local/lib/python3.8/site-packages/airflow/example_dags/example_sensor_decorator.py for tasks to queue
[2023-11-26T00:29:25.986+0000] {logging_mixin.py:154} INFO - [2023-11-26T00:29:25.986+0000] {dagbag.py:536} INFO - Filling up the DagBag from /home/airflow/.local/lib/python3.8/site-packages/airflow/example_dags/example_sensor_decorator.py
[2023-11-26T00:29:25.994+0000] {processor.py:839} INFO - DAG(s) dict_keys(['example_sensor_decorator']) retrieved from /home/airflow/.local/lib/python3.8/site-packages/airflow/example_dags/example_sensor_decorator.py
[2023-11-26T00:29:26.022+0000] {logging_mixin.py:154} INFO - [2023-11-26T00:29:26.021+0000] {dag.py:2941} INFO - Sync 1 DAGs
[2023-11-26T00:29:26.047+0000] {logging_mixin.py:154} INFO - [2023-11-26T00:29:26.047+0000] {dag.py:3722} INFO - Setting next_dagrun for example_sensor_decorator to None, run_after=None
[2023-11-26T00:29:26.093+0000] {processor.py:179} INFO - Processing /home/airflow/.local/lib/python3.8/site-packages/airflow/example_dags/example_sensor_decorator.py took 0.125 seconds
[2023-11-26T00:29:56.828+0000] {processor.py:157} INFO - Started process (PID=1305) to work on /home/airflow/.local/lib/python3.8/site-packages/airflow/example_dags/example_sensor_decorator.py
[2023-11-26T00:29:56.831+0000] {processor.py:829} INFO - Processing file /home/airflow/.local/lib/python3.8/site-packages/airflow/example_dags/example_sensor_decorator.py for tasks to queue
[2023-11-26T00:29:56.835+0000] {logging_mixin.py:154} INFO - [2023-11-26T00:29:56.835+0000] {dagbag.py:536} INFO - Filling up the DagBag from /home/airflow/.local/lib/python3.8/site-packages/airflow/example_dags/example_sensor_decorator.py
[2023-11-26T00:29:56.843+0000] {processor.py:839} INFO - DAG(s) dict_keys(['example_sensor_decorator']) retrieved from /home/airflow/.local/lib/python3.8/site-packages/airflow/example_dags/example_sensor_decorator.py
[2023-11-26T00:29:56.875+0000] {logging_mixin.py:154} INFO - [2023-11-26T00:29:56.875+0000] {dag.py:2941} INFO - Sync 1 DAGs
[2023-11-26T00:29:56.894+0000] {logging_mixin.py:154} INFO - [2023-11-26T00:29:56.894+0000] {dag.py:3722} INFO - Setting next_dagrun for example_sensor_decorator to None, run_after=None
[2023-11-26T00:29:56.929+0000] {processor.py:179} INFO - Processing /home/airflow/.local/lib/python3.8/site-packages/airflow/example_dags/example_sensor_decorator.py took 0.105 seconds
[2023-11-26T00:30:26.990+0000] {processor.py:157} INFO - Started process (PID=1359) to work on /home/airflow/.local/lib/python3.8/site-packages/airflow/example_dags/example_sensor_decorator.py
[2023-11-26T00:30:26.992+0000] {processor.py:829} INFO - Processing file /home/airflow/.local/lib/python3.8/site-packages/airflow/example_dags/example_sensor_decorator.py for tasks to queue
[2023-11-26T00:30:26.994+0000] {logging_mixin.py:154} INFO - [2023-11-26T00:30:26.993+0000] {dagbag.py:536} INFO - Filling up the DagBag from /home/airflow/.local/lib/python3.8/site-packages/airflow/example_dags/example_sensor_decorator.py
[2023-11-26T00:30:26.999+0000] {processor.py:839} INFO - DAG(s) dict_keys(['example_sensor_decorator']) retrieved from /home/airflow/.local/lib/python3.8/site-packages/airflow/example_dags/example_sensor_decorator.py
[2023-11-26T00:30:27.021+0000] {logging_mixin.py:154} INFO - [2023-11-26T00:30:27.021+0000] {dag.py:2941} INFO - Sync 1 DAGs
[2023-11-26T00:30:27.033+0000] {logging_mixin.py:154} INFO - [2023-11-26T00:30:27.033+0000] {dag.py:3722} INFO - Setting next_dagrun for example_sensor_decorator to None, run_after=None
[2023-11-26T00:30:27.058+0000] {processor.py:179} INFO - Processing /home/airflow/.local/lib/python3.8/site-packages/airflow/example_dags/example_sensor_decorator.py took 0.070 seconds
[2023-11-26T00:30:57.747+0000] {processor.py:157} INFO - Started process (PID=1413) to work on /home/airflow/.local/lib/python3.8/site-packages/airflow/example_dags/example_sensor_decorator.py
[2023-11-26T00:30:57.749+0000] {processor.py:829} INFO - Processing file /home/airflow/.local/lib/python3.8/site-packages/airflow/example_dags/example_sensor_decorator.py for tasks to queue
[2023-11-26T00:30:57.751+0000] {logging_mixin.py:154} INFO - [2023-11-26T00:30:57.751+0000] {dagbag.py:536} INFO - Filling up the DagBag from /home/airflow/.local/lib/python3.8/site-packages/airflow/example_dags/example_sensor_decorator.py
[2023-11-26T00:30:57.760+0000] {processor.py:839} INFO - DAG(s) dict_keys(['example_sensor_decorator']) retrieved from /home/airflow/.local/lib/python3.8/site-packages/airflow/example_dags/example_sensor_decorator.py
[2023-11-26T00:30:57.790+0000] {logging_mixin.py:154} INFO - [2023-11-26T00:30:57.790+0000] {dag.py:2941} INFO - Sync 1 DAGs
[2023-11-26T00:30:57.809+0000] {logging_mixin.py:154} INFO - [2023-11-26T00:30:57.809+0000] {dag.py:3722} INFO - Setting next_dagrun for example_sensor_decorator to None, run_after=None
[2023-11-26T00:30:57.839+0000] {processor.py:179} INFO - Processing /home/airflow/.local/lib/python3.8/site-packages/airflow/example_dags/example_sensor_decorator.py took 0.095 seconds
[2023-11-26T00:31:28.102+0000] {processor.py:157} INFO - Started process (PID=1467) to work on /home/airflow/.local/lib/python3.8/site-packages/airflow/example_dags/example_sensor_decorator.py
[2023-11-26T00:31:28.105+0000] {processor.py:829} INFO - Processing file /home/airflow/.local/lib/python3.8/site-packages/airflow/example_dags/example_sensor_decorator.py for tasks to queue
[2023-11-26T00:31:28.109+0000] {logging_mixin.py:154} INFO - [2023-11-26T00:31:28.109+0000] {dagbag.py:536} INFO - Filling up the DagBag from /home/airflow/.local/lib/python3.8/site-packages/airflow/example_dags/example_sensor_decorator.py
[2023-11-26T00:31:28.116+0000] {processor.py:839} INFO - DAG(s) dict_keys(['example_sensor_decorator']) retrieved from /home/airflow/.local/lib/python3.8/site-packages/airflow/example_dags/example_sensor_decorator.py
[2023-11-26T00:31:28.147+0000] {logging_mixin.py:154} INFO - [2023-11-26T00:31:28.146+0000] {dag.py:2941} INFO - Sync 1 DAGs
[2023-11-26T00:31:28.165+0000] {logging_mixin.py:154} INFO - [2023-11-26T00:31:28.164+0000] {dag.py:3722} INFO - Setting next_dagrun for example_sensor_decorator to None, run_after=None
[2023-11-26T00:31:28.196+0000] {processor.py:179} INFO - Processing /home/airflow/.local/lib/python3.8/site-packages/airflow/example_dags/example_sensor_decorator.py took 0.098 seconds
[2023-11-26T00:31:58.825+0000] {processor.py:157} INFO - Started process (PID=1521) to work on /home/airflow/.local/lib/python3.8/site-packages/airflow/example_dags/example_sensor_decorator.py
[2023-11-26T00:31:58.827+0000] {processor.py:829} INFO - Processing file /home/airflow/.local/lib/python3.8/site-packages/airflow/example_dags/example_sensor_decorator.py for tasks to queue
[2023-11-26T00:31:58.832+0000] {logging_mixin.py:154} INFO - [2023-11-26T00:31:58.831+0000] {dagbag.py:536} INFO - Filling up the DagBag from /home/airflow/.local/lib/python3.8/site-packages/airflow/example_dags/example_sensor_decorator.py
[2023-11-26T00:31:58.852+0000] {processor.py:839} INFO - DAG(s) dict_keys(['example_sensor_decorator']) retrieved from /home/airflow/.local/lib/python3.8/site-packages/airflow/example_dags/example_sensor_decorator.py
[2023-11-26T00:31:58.895+0000] {logging_mixin.py:154} INFO - [2023-11-26T00:31:58.894+0000] {dag.py:2941} INFO - Sync 1 DAGs
[2023-11-26T00:31:58.918+0000] {logging_mixin.py:154} INFO - [2023-11-26T00:31:58.918+0000] {dag.py:3722} INFO - Setting next_dagrun for example_sensor_decorator to None, run_after=None
[2023-11-26T00:31:58.974+0000] {processor.py:179} INFO - Processing /home/airflow/.local/lib/python3.8/site-packages/airflow/example_dags/example_sensor_decorator.py took 0.152 seconds
[2023-11-26T00:32:29.252+0000] {processor.py:157} INFO - Started process (PID=1575) to work on /home/airflow/.local/lib/python3.8/site-packages/airflow/example_dags/example_sensor_decorator.py
[2023-11-26T00:32:29.254+0000] {processor.py:829} INFO - Processing file /home/airflow/.local/lib/python3.8/site-packages/airflow/example_dags/example_sensor_decorator.py for tasks to queue
[2023-11-26T00:32:29.257+0000] {logging_mixin.py:154} INFO - [2023-11-26T00:32:29.257+0000] {dagbag.py:536} INFO - Filling up the DagBag from /home/airflow/.local/lib/python3.8/site-packages/airflow/example_dags/example_sensor_decorator.py
[2023-11-26T00:32:29.263+0000] {processor.py:839} INFO - DAG(s) dict_keys(['example_sensor_decorator']) retrieved from /home/airflow/.local/lib/python3.8/site-packages/airflow/example_dags/example_sensor_decorator.py
[2023-11-26T00:32:29.281+0000] {logging_mixin.py:154} INFO - [2023-11-26T00:32:29.280+0000] {dag.py:2941} INFO - Sync 1 DAGs
[2023-11-26T00:32:29.291+0000] {logging_mixin.py:154} INFO - [2023-11-26T00:32:29.291+0000] {dag.py:3722} INFO - Setting next_dagrun for example_sensor_decorator to None, run_after=None
[2023-11-26T00:32:29.309+0000] {processor.py:179} INFO - Processing /home/airflow/.local/lib/python3.8/site-packages/airflow/example_dags/example_sensor_decorator.py took 0.061 seconds
[2023-11-26T00:32:59.631+0000] {processor.py:157} INFO - Started process (PID=1629) to work on /home/airflow/.local/lib/python3.8/site-packages/airflow/example_dags/example_sensor_decorator.py
[2023-11-26T00:32:59.633+0000] {processor.py:829} INFO - Processing file /home/airflow/.local/lib/python3.8/site-packages/airflow/example_dags/example_sensor_decorator.py for tasks to queue
[2023-11-26T00:32:59.637+0000] {logging_mixin.py:154} INFO - [2023-11-26T00:32:59.636+0000] {dagbag.py:536} INFO - Filling up the DagBag from /home/airflow/.local/lib/python3.8/site-packages/airflow/example_dags/example_sensor_decorator.py
[2023-11-26T00:32:59.643+0000] {processor.py:839} INFO - DAG(s) dict_keys(['example_sensor_decorator']) retrieved from /home/airflow/.local/lib/python3.8/site-packages/airflow/example_dags/example_sensor_decorator.py
[2023-11-26T00:32:59.662+0000] {logging_mixin.py:154} INFO - [2023-11-26T00:32:59.662+0000] {dag.py:2941} INFO - Sync 1 DAGs
[2023-11-26T00:32:59.674+0000] {logging_mixin.py:154} INFO - [2023-11-26T00:32:59.674+0000] {dag.py:3722} INFO - Setting next_dagrun for example_sensor_decorator to None, run_after=None
[2023-11-26T00:32:59.694+0000] {processor.py:179} INFO - Processing /home/airflow/.local/lib/python3.8/site-packages/airflow/example_dags/example_sensor_decorator.py took 0.067 seconds
[2023-11-26T00:33:30.330+0000] {processor.py:157} INFO - Started process (PID=1683) to work on /home/airflow/.local/lib/python3.8/site-packages/airflow/example_dags/example_sensor_decorator.py
[2023-11-26T00:33:30.331+0000] {processor.py:829} INFO - Processing file /home/airflow/.local/lib/python3.8/site-packages/airflow/example_dags/example_sensor_decorator.py for tasks to queue
[2023-11-26T00:33:30.334+0000] {logging_mixin.py:154} INFO - [2023-11-26T00:33:30.334+0000] {dagbag.py:536} INFO - Filling up the DagBag from /home/airflow/.local/lib/python3.8/site-packages/airflow/example_dags/example_sensor_decorator.py
[2023-11-26T00:33:30.342+0000] {processor.py:839} INFO - DAG(s) dict_keys(['example_sensor_decorator']) retrieved from /home/airflow/.local/lib/python3.8/site-packages/airflow/example_dags/example_sensor_decorator.py
[2023-11-26T00:33:30.372+0000] {logging_mixin.py:154} INFO - [2023-11-26T00:33:30.372+0000] {dag.py:2941} INFO - Sync 1 DAGs
[2023-11-26T00:33:30.388+0000] {logging_mixin.py:154} INFO - [2023-11-26T00:33:30.387+0000] {dag.py:3722} INFO - Setting next_dagrun for example_sensor_decorator to None, run_after=None
[2023-11-26T00:33:30.433+0000] {processor.py:179} INFO - Processing /home/airflow/.local/lib/python3.8/site-packages/airflow/example_dags/example_sensor_decorator.py took 0.106 seconds
[2023-11-26T00:34:00.949+0000] {processor.py:157} INFO - Started process (PID=1737) to work on /home/airflow/.local/lib/python3.8/site-packages/airflow/example_dags/example_sensor_decorator.py
[2023-11-26T00:34:00.950+0000] {processor.py:829} INFO - Processing file /home/airflow/.local/lib/python3.8/site-packages/airflow/example_dags/example_sensor_decorator.py for tasks to queue
[2023-11-26T00:34:00.952+0000] {logging_mixin.py:154} INFO - [2023-11-26T00:34:00.952+0000] {dagbag.py:536} INFO - Filling up the DagBag from /home/airflow/.local/lib/python3.8/site-packages/airflow/example_dags/example_sensor_decorator.py
[2023-11-26T00:34:00.957+0000] {processor.py:839} INFO - DAG(s) dict_keys(['example_sensor_decorator']) retrieved from /home/airflow/.local/lib/python3.8/site-packages/airflow/example_dags/example_sensor_decorator.py
[2023-11-26T00:34:00.978+0000] {logging_mixin.py:154} INFO - [2023-11-26T00:34:00.977+0000] {dag.py:2941} INFO - Sync 1 DAGs
[2023-11-26T00:34:00.989+0000] {logging_mixin.py:154} INFO - [2023-11-26T00:34:00.989+0000] {dag.py:3722} INFO - Setting next_dagrun for example_sensor_decorator to None, run_after=None
[2023-11-26T00:34:01.014+0000] {processor.py:179} INFO - Processing /home/airflow/.local/lib/python3.8/site-packages/airflow/example_dags/example_sensor_decorator.py took 0.068 seconds
[2023-11-26T00:34:31.394+0000] {processor.py:157} INFO - Started process (PID=1791) to work on /home/airflow/.local/lib/python3.8/site-packages/airflow/example_dags/example_sensor_decorator.py
[2023-11-26T00:34:31.396+0000] {processor.py:829} INFO - Processing file /home/airflow/.local/lib/python3.8/site-packages/airflow/example_dags/example_sensor_decorator.py for tasks to queue
[2023-11-26T00:34:31.398+0000] {logging_mixin.py:154} INFO - [2023-11-26T00:34:31.398+0000] {dagbag.py:536} INFO - Filling up the DagBag from /home/airflow/.local/lib/python3.8/site-packages/airflow/example_dags/example_sensor_decorator.py
[2023-11-26T00:34:31.404+0000] {processor.py:839} INFO - DAG(s) dict_keys(['example_sensor_decorator']) retrieved from /home/airflow/.local/lib/python3.8/site-packages/airflow/example_dags/example_sensor_decorator.py
[2023-11-26T00:34:31.429+0000] {logging_mixin.py:154} INFO - [2023-11-26T00:34:31.428+0000] {dag.py:2941} INFO - Sync 1 DAGs
[2023-11-26T00:34:31.443+0000] {logging_mixin.py:154} INFO - [2023-11-26T00:34:31.443+0000] {dag.py:3722} INFO - Setting next_dagrun for example_sensor_decorator to None, run_after=None
[2023-11-26T00:34:31.468+0000] {processor.py:179} INFO - Processing /home/airflow/.local/lib/python3.8/site-packages/airflow/example_dags/example_sensor_decorator.py took 0.077 seconds
[2023-11-26T00:35:01.794+0000] {processor.py:157} INFO - Started process (PID=1845) to work on /home/airflow/.local/lib/python3.8/site-packages/airflow/example_dags/example_sensor_decorator.py
[2023-11-26T00:35:01.795+0000] {processor.py:829} INFO - Processing file /home/airflow/.local/lib/python3.8/site-packages/airflow/example_dags/example_sensor_decorator.py for tasks to queue
[2023-11-26T00:35:01.797+0000] {logging_mixin.py:154} INFO - [2023-11-26T00:35:01.797+0000] {dagbag.py:536} INFO - Filling up the DagBag from /home/airflow/.local/lib/python3.8/site-packages/airflow/example_dags/example_sensor_decorator.py
[2023-11-26T00:35:01.803+0000] {processor.py:839} INFO - DAG(s) dict_keys(['example_sensor_decorator']) retrieved from /home/airflow/.local/lib/python3.8/site-packages/airflow/example_dags/example_sensor_decorator.py
[2023-11-26T00:35:01.824+0000] {logging_mixin.py:154} INFO - [2023-11-26T00:35:01.824+0000] {dag.py:2941} INFO - Sync 1 DAGs
[2023-11-26T00:35:01.836+0000] {logging_mixin.py:154} INFO - [2023-11-26T00:35:01.836+0000] {dag.py:3722} INFO - Setting next_dagrun for example_sensor_decorator to None, run_after=None
[2023-11-26T00:35:01.860+0000] {processor.py:179} INFO - Processing /home/airflow/.local/lib/python3.8/site-packages/airflow/example_dags/example_sensor_decorator.py took 0.069 seconds
[2023-11-26T00:35:32.200+0000] {processor.py:157} INFO - Started process (PID=1899) to work on /home/airflow/.local/lib/python3.8/site-packages/airflow/example_dags/example_sensor_decorator.py
[2023-11-26T00:35:32.201+0000] {processor.py:829} INFO - Processing file /home/airflow/.local/lib/python3.8/site-packages/airflow/example_dags/example_sensor_decorator.py for tasks to queue
[2023-11-26T00:35:32.204+0000] {logging_mixin.py:154} INFO - [2023-11-26T00:35:32.204+0000] {dagbag.py:536} INFO - Filling up the DagBag from /home/airflow/.local/lib/python3.8/site-packages/airflow/example_dags/example_sensor_decorator.py
[2023-11-26T00:35:32.209+0000] {processor.py:839} INFO - DAG(s) dict_keys(['example_sensor_decorator']) retrieved from /home/airflow/.local/lib/python3.8/site-packages/airflow/example_dags/example_sensor_decorator.py
[2023-11-26T00:35:32.229+0000] {logging_mixin.py:154} INFO - [2023-11-26T00:35:32.229+0000] {dag.py:2941} INFO - Sync 1 DAGs
[2023-11-26T00:35:32.241+0000] {logging_mixin.py:154} INFO - [2023-11-26T00:35:32.240+0000] {dag.py:3722} INFO - Setting next_dagrun for example_sensor_decorator to None, run_after=None
[2023-11-26T00:35:32.263+0000] {processor.py:179} INFO - Processing /home/airflow/.local/lib/python3.8/site-packages/airflow/example_dags/example_sensor_decorator.py took 0.067 seconds
[2023-11-26T00:36:02.505+0000] {processor.py:157} INFO - Started process (PID=1953) to work on /home/airflow/.local/lib/python3.8/site-packages/airflow/example_dags/example_sensor_decorator.py
[2023-11-26T00:36:02.507+0000] {processor.py:829} INFO - Processing file /home/airflow/.local/lib/python3.8/site-packages/airflow/example_dags/example_sensor_decorator.py for tasks to queue
[2023-11-26T00:36:02.509+0000] {logging_mixin.py:154} INFO - [2023-11-26T00:36:02.509+0000] {dagbag.py:536} INFO - Filling up the DagBag from /home/airflow/.local/lib/python3.8/site-packages/airflow/example_dags/example_sensor_decorator.py
[2023-11-26T00:36:02.514+0000] {processor.py:839} INFO - DAG(s) dict_keys(['example_sensor_decorator']) retrieved from /home/airflow/.local/lib/python3.8/site-packages/airflow/example_dags/example_sensor_decorator.py
[2023-11-26T00:36:02.535+0000] {logging_mixin.py:154} INFO - [2023-11-26T00:36:02.535+0000] {dag.py:2941} INFO - Sync 1 DAGs
[2023-11-26T00:36:02.548+0000] {logging_mixin.py:154} INFO - [2023-11-26T00:36:02.547+0000] {dag.py:3722} INFO - Setting next_dagrun for example_sensor_decorator to None, run_after=None
[2023-11-26T00:36:02.571+0000] {processor.py:179} INFO - Processing /home/airflow/.local/lib/python3.8/site-packages/airflow/example_dags/example_sensor_decorator.py took 0.068 seconds
[2023-11-26T00:36:33.259+0000] {processor.py:157} INFO - Started process (PID=2007) to work on /home/airflow/.local/lib/python3.8/site-packages/airflow/example_dags/example_sensor_decorator.py
[2023-11-26T00:36:33.260+0000] {processor.py:829} INFO - Processing file /home/airflow/.local/lib/python3.8/site-packages/airflow/example_dags/example_sensor_decorator.py for tasks to queue
[2023-11-26T00:36:33.265+0000] {logging_mixin.py:154} INFO - [2023-11-26T00:36:33.264+0000] {dagbag.py:536} INFO - Filling up the DagBag from /home/airflow/.local/lib/python3.8/site-packages/airflow/example_dags/example_sensor_decorator.py
[2023-11-26T00:36:33.271+0000] {processor.py:839} INFO - DAG(s) dict_keys(['example_sensor_decorator']) retrieved from /home/airflow/.local/lib/python3.8/site-packages/airflow/example_dags/example_sensor_decorator.py
[2023-11-26T00:36:33.297+0000] {logging_mixin.py:154} INFO - [2023-11-26T00:36:33.296+0000] {dag.py:2941} INFO - Sync 1 DAGs
[2023-11-26T00:36:33.314+0000] {logging_mixin.py:154} INFO - [2023-11-26T00:36:33.314+0000] {dag.py:3722} INFO - Setting next_dagrun for example_sensor_decorator to None, run_after=None
[2023-11-26T00:36:33.349+0000] {processor.py:179} INFO - Processing /home/airflow/.local/lib/python3.8/site-packages/airflow/example_dags/example_sensor_decorator.py took 0.095 seconds
[2023-11-26T00:37:04.146+0000] {processor.py:157} INFO - Started process (PID=2061) to work on /home/airflow/.local/lib/python3.8/site-packages/airflow/example_dags/example_sensor_decorator.py
[2023-11-26T00:37:04.147+0000] {processor.py:829} INFO - Processing file /home/airflow/.local/lib/python3.8/site-packages/airflow/example_dags/example_sensor_decorator.py for tasks to queue
[2023-11-26T00:37:04.150+0000] {logging_mixin.py:154} INFO - [2023-11-26T00:37:04.150+0000] {dagbag.py:536} INFO - Filling up the DagBag from /home/airflow/.local/lib/python3.8/site-packages/airflow/example_dags/example_sensor_decorator.py
[2023-11-26T00:37:04.155+0000] {processor.py:839} INFO - DAG(s) dict_keys(['example_sensor_decorator']) retrieved from /home/airflow/.local/lib/python3.8/site-packages/airflow/example_dags/example_sensor_decorator.py
[2023-11-26T00:37:04.172+0000] {logging_mixin.py:154} INFO - [2023-11-26T00:37:04.171+0000] {dag.py:2941} INFO - Sync 1 DAGs
[2023-11-26T00:37:04.182+0000] {logging_mixin.py:154} INFO - [2023-11-26T00:37:04.182+0000] {dag.py:3722} INFO - Setting next_dagrun for example_sensor_decorator to None, run_after=None
[2023-11-26T00:37:04.202+0000] {processor.py:179} INFO - Processing /home/airflow/.local/lib/python3.8/site-packages/airflow/example_dags/example_sensor_decorator.py took 0.060 seconds
[2023-11-26T00:37:34.667+0000] {processor.py:157} INFO - Started process (PID=2115) to work on /home/airflow/.local/lib/python3.8/site-packages/airflow/example_dags/example_sensor_decorator.py
[2023-11-26T00:37:34.668+0000] {processor.py:829} INFO - Processing file /home/airflow/.local/lib/python3.8/site-packages/airflow/example_dags/example_sensor_decorator.py for tasks to queue
[2023-11-26T00:37:34.670+0000] {logging_mixin.py:154} INFO - [2023-11-26T00:37:34.670+0000] {dagbag.py:536} INFO - Filling up the DagBag from /home/airflow/.local/lib/python3.8/site-packages/airflow/example_dags/example_sensor_decorator.py
[2023-11-26T00:37:34.675+0000] {processor.py:839} INFO - DAG(s) dict_keys(['example_sensor_decorator']) retrieved from /home/airflow/.local/lib/python3.8/site-packages/airflow/example_dags/example_sensor_decorator.py
[2023-11-26T00:37:34.692+0000] {logging_mixin.py:154} INFO - [2023-11-26T00:37:34.691+0000] {dag.py:2941} INFO - Sync 1 DAGs
[2023-11-26T00:37:34.703+0000] {logging_mixin.py:154} INFO - [2023-11-26T00:37:34.702+0000] {dag.py:3722} INFO - Setting next_dagrun for example_sensor_decorator to None, run_after=None
[2023-11-26T00:37:34.721+0000] {processor.py:179} INFO - Processing /home/airflow/.local/lib/python3.8/site-packages/airflow/example_dags/example_sensor_decorator.py took 0.057 seconds
[2023-11-26T00:38:05.576+0000] {processor.py:157} INFO - Started process (PID=2169) to work on /home/airflow/.local/lib/python3.8/site-packages/airflow/example_dags/example_sensor_decorator.py
[2023-11-26T00:38:05.578+0000] {processor.py:829} INFO - Processing file /home/airflow/.local/lib/python3.8/site-packages/airflow/example_dags/example_sensor_decorator.py for tasks to queue
[2023-11-26T00:38:05.581+0000] {logging_mixin.py:154} INFO - [2023-11-26T00:38:05.581+0000] {dagbag.py:536} INFO - Filling up the DagBag from /home/airflow/.local/lib/python3.8/site-packages/airflow/example_dags/example_sensor_decorator.py
[2023-11-26T00:38:05.588+0000] {processor.py:839} INFO - DAG(s) dict_keys(['example_sensor_decorator']) retrieved from /home/airflow/.local/lib/python3.8/site-packages/airflow/example_dags/example_sensor_decorator.py
[2023-11-26T00:38:05.612+0000] {logging_mixin.py:154} INFO - [2023-11-26T00:38:05.612+0000] {dag.py:2941} INFO - Sync 1 DAGs
[2023-11-26T00:38:05.627+0000] {logging_mixin.py:154} INFO - [2023-11-26T00:38:05.627+0000] {dag.py:3722} INFO - Setting next_dagrun for example_sensor_decorator to None, run_after=None
[2023-11-26T00:38:05.655+0000] {processor.py:179} INFO - Processing /home/airflow/.local/lib/python3.8/site-packages/airflow/example_dags/example_sensor_decorator.py took 0.086 seconds
[2023-11-26T00:38:35.820+0000] {processor.py:157} INFO - Started process (PID=2223) to work on /home/airflow/.local/lib/python3.8/site-packages/airflow/example_dags/example_sensor_decorator.py
[2023-11-26T00:38:35.822+0000] {processor.py:829} INFO - Processing file /home/airflow/.local/lib/python3.8/site-packages/airflow/example_dags/example_sensor_decorator.py for tasks to queue
[2023-11-26T00:38:35.826+0000] {logging_mixin.py:154} INFO - [2023-11-26T00:38:35.826+0000] {dagbag.py:536} INFO - Filling up the DagBag from /home/airflow/.local/lib/python3.8/site-packages/airflow/example_dags/example_sensor_decorator.py
[2023-11-26T00:38:35.835+0000] {processor.py:839} INFO - DAG(s) dict_keys(['example_sensor_decorator']) retrieved from /home/airflow/.local/lib/python3.8/site-packages/airflow/example_dags/example_sensor_decorator.py
[2023-11-26T00:38:35.857+0000] {logging_mixin.py:154} INFO - [2023-11-26T00:38:35.857+0000] {dag.py:2941} INFO - Sync 1 DAGs
[2023-11-26T00:38:35.868+0000] {logging_mixin.py:154} INFO - [2023-11-26T00:38:35.868+0000] {dag.py:3722} INFO - Setting next_dagrun for example_sensor_decorator to None, run_after=None
[2023-11-26T00:38:35.918+0000] {processor.py:179} INFO - Processing /home/airflow/.local/lib/python3.8/site-packages/airflow/example_dags/example_sensor_decorator.py took 0.104 seconds
[2023-11-26T00:39:06.206+0000] {processor.py:157} INFO - Started process (PID=2277) to work on /home/airflow/.local/lib/python3.8/site-packages/airflow/example_dags/example_sensor_decorator.py
[2023-11-26T00:39:06.208+0000] {processor.py:829} INFO - Processing file /home/airflow/.local/lib/python3.8/site-packages/airflow/example_dags/example_sensor_decorator.py for tasks to queue
[2023-11-26T00:39:06.211+0000] {logging_mixin.py:154} INFO - [2023-11-26T00:39:06.211+0000] {dagbag.py:536} INFO - Filling up the DagBag from /home/airflow/.local/lib/python3.8/site-packages/airflow/example_dags/example_sensor_decorator.py
[2023-11-26T00:39:06.217+0000] {processor.py:839} INFO - DAG(s) dict_keys(['example_sensor_decorator']) retrieved from /home/airflow/.local/lib/python3.8/site-packages/airflow/example_dags/example_sensor_decorator.py
[2023-11-26T00:39:06.238+0000] {logging_mixin.py:154} INFO - [2023-11-26T00:39:06.238+0000] {dag.py:2941} INFO - Sync 1 DAGs
[2023-11-26T00:39:06.249+0000] {logging_mixin.py:154} INFO - [2023-11-26T00:39:06.248+0000] {dag.py:3722} INFO - Setting next_dagrun for example_sensor_decorator to None, run_after=None
[2023-11-26T00:39:06.268+0000] {processor.py:179} INFO - Processing /home/airflow/.local/lib/python3.8/site-packages/airflow/example_dags/example_sensor_decorator.py took 0.068 seconds
[2023-11-26T00:39:36.321+0000] {processor.py:157} INFO - Started process (PID=2331) to work on /home/airflow/.local/lib/python3.8/site-packages/airflow/example_dags/example_sensor_decorator.py
[2023-11-26T00:39:36.323+0000] {processor.py:829} INFO - Processing file /home/airflow/.local/lib/python3.8/site-packages/airflow/example_dags/example_sensor_decorator.py for tasks to queue
[2023-11-26T00:39:36.326+0000] {logging_mixin.py:154} INFO - [2023-11-26T00:39:36.325+0000] {dagbag.py:536} INFO - Filling up the DagBag from /home/airflow/.local/lib/python3.8/site-packages/airflow/example_dags/example_sensor_decorator.py
[2023-11-26T00:39:36.331+0000] {processor.py:839} INFO - DAG(s) dict_keys(['example_sensor_decorator']) retrieved from /home/airflow/.local/lib/python3.8/site-packages/airflow/example_dags/example_sensor_decorator.py
[2023-11-26T00:39:36.349+0000] {logging_mixin.py:154} INFO - [2023-11-26T00:39:36.349+0000] {dag.py:2941} INFO - Sync 1 DAGs
[2023-11-26T00:39:36.360+0000] {logging_mixin.py:154} INFO - [2023-11-26T00:39:36.360+0000] {dag.py:3722} INFO - Setting next_dagrun for example_sensor_decorator to None, run_after=None
[2023-11-26T00:39:36.486+0000] {processor.py:179} INFO - Processing /home/airflow/.local/lib/python3.8/site-packages/airflow/example_dags/example_sensor_decorator.py took 0.169 seconds
[2023-11-26T00:40:06.529+0000] {processor.py:157} INFO - Started process (PID=2385) to work on /home/airflow/.local/lib/python3.8/site-packages/airflow/example_dags/example_sensor_decorator.py
[2023-11-26T00:40:06.531+0000] {processor.py:829} INFO - Processing file /home/airflow/.local/lib/python3.8/site-packages/airflow/example_dags/example_sensor_decorator.py for tasks to queue
[2023-11-26T00:40:06.534+0000] {logging_mixin.py:154} INFO - [2023-11-26T00:40:06.534+0000] {dagbag.py:536} INFO - Filling up the DagBag from /home/airflow/.local/lib/python3.8/site-packages/airflow/example_dags/example_sensor_decorator.py
[2023-11-26T00:40:06.539+0000] {processor.py:839} INFO - DAG(s) dict_keys(['example_sensor_decorator']) retrieved from /home/airflow/.local/lib/python3.8/site-packages/airflow/example_dags/example_sensor_decorator.py
[2023-11-26T00:40:06.568+0000] {logging_mixin.py:154} INFO - [2023-11-26T00:40:06.568+0000] {dag.py:2941} INFO - Sync 1 DAGs
[2023-11-26T00:40:06.579+0000] {logging_mixin.py:154} INFO - [2023-11-26T00:40:06.579+0000] {dag.py:3722} INFO - Setting next_dagrun for example_sensor_decorator to None, run_after=None
[2023-11-26T00:40:06.606+0000] {processor.py:179} INFO - Processing /home/airflow/.local/lib/python3.8/site-packages/airflow/example_dags/example_sensor_decorator.py took 0.080 seconds
[2023-11-26T00:40:36.915+0000] {processor.py:157} INFO - Started process (PID=2439) to work on /home/airflow/.local/lib/python3.8/site-packages/airflow/example_dags/example_sensor_decorator.py
[2023-11-26T00:40:36.918+0000] {processor.py:829} INFO - Processing file /home/airflow/.local/lib/python3.8/site-packages/airflow/example_dags/example_sensor_decorator.py for tasks to queue
[2023-11-26T00:40:36.923+0000] {logging_mixin.py:154} INFO - [2023-11-26T00:40:36.923+0000] {dagbag.py:536} INFO - Filling up the DagBag from /home/airflow/.local/lib/python3.8/site-packages/airflow/example_dags/example_sensor_decorator.py
[2023-11-26T00:40:36.936+0000] {processor.py:839} INFO - DAG(s) dict_keys(['example_sensor_decorator']) retrieved from /home/airflow/.local/lib/python3.8/site-packages/airflow/example_dags/example_sensor_decorator.py
[2023-11-26T00:40:36.968+0000] {logging_mixin.py:154} INFO - [2023-11-26T00:40:36.967+0000] {dag.py:2941} INFO - Sync 1 DAGs
[2023-11-26T00:40:36.986+0000] {logging_mixin.py:154} INFO - [2023-11-26T00:40:36.986+0000] {dag.py:3722} INFO - Setting next_dagrun for example_sensor_decorator to None, run_after=None
[2023-11-26T00:40:37.019+0000] {processor.py:179} INFO - Processing /home/airflow/.local/lib/python3.8/site-packages/airflow/example_dags/example_sensor_decorator.py took 0.110 seconds
[2023-11-26T00:41:07.506+0000] {processor.py:157} INFO - Started process (PID=2493) to work on /home/airflow/.local/lib/python3.8/site-packages/airflow/example_dags/example_sensor_decorator.py
[2023-11-26T00:41:07.508+0000] {processor.py:829} INFO - Processing file /home/airflow/.local/lib/python3.8/site-packages/airflow/example_dags/example_sensor_decorator.py for tasks to queue
[2023-11-26T00:41:07.511+0000] {logging_mixin.py:154} INFO - [2023-11-26T00:41:07.511+0000] {dagbag.py:536} INFO - Filling up the DagBag from /home/airflow/.local/lib/python3.8/site-packages/airflow/example_dags/example_sensor_decorator.py
[2023-11-26T00:41:07.516+0000] {processor.py:839} INFO - DAG(s) dict_keys(['example_sensor_decorator']) retrieved from /home/airflow/.local/lib/python3.8/site-packages/airflow/example_dags/example_sensor_decorator.py
[2023-11-26T00:41:07.537+0000] {logging_mixin.py:154} INFO - [2023-11-26T00:41:07.536+0000] {dag.py:2941} INFO - Sync 1 DAGs
[2023-11-26T00:41:07.658+0000] {logging_mixin.py:154} INFO - [2023-11-26T00:41:07.658+0000] {dag.py:3722} INFO - Setting next_dagrun for example_sensor_decorator to None, run_after=None
[2023-11-26T00:41:07.679+0000] {processor.py:179} INFO - Processing /home/airflow/.local/lib/python3.8/site-packages/airflow/example_dags/example_sensor_decorator.py took 0.178 seconds
[2023-11-26T00:41:38.338+0000] {processor.py:157} INFO - Started process (PID=2547) to work on /home/airflow/.local/lib/python3.8/site-packages/airflow/example_dags/example_sensor_decorator.py
[2023-11-26T00:41:38.340+0000] {processor.py:829} INFO - Processing file /home/airflow/.local/lib/python3.8/site-packages/airflow/example_dags/example_sensor_decorator.py for tasks to queue
[2023-11-26T00:41:38.342+0000] {logging_mixin.py:154} INFO - [2023-11-26T00:41:38.342+0000] {dagbag.py:536} INFO - Filling up the DagBag from /home/airflow/.local/lib/python3.8/site-packages/airflow/example_dags/example_sensor_decorator.py
[2023-11-26T00:41:38.347+0000] {processor.py:839} INFO - DAG(s) dict_keys(['example_sensor_decorator']) retrieved from /home/airflow/.local/lib/python3.8/site-packages/airflow/example_dags/example_sensor_decorator.py
[2023-11-26T00:41:38.368+0000] {logging_mixin.py:154} INFO - [2023-11-26T00:41:38.367+0000] {dag.py:2941} INFO - Sync 1 DAGs
[2023-11-26T00:41:38.379+0000] {logging_mixin.py:154} INFO - [2023-11-26T00:41:38.378+0000] {dag.py:3722} INFO - Setting next_dagrun for example_sensor_decorator to None, run_after=None
[2023-11-26T00:41:38.402+0000] {processor.py:179} INFO - Processing /home/airflow/.local/lib/python3.8/site-packages/airflow/example_dags/example_sensor_decorator.py took 0.068 seconds
[2023-11-26T00:42:08.579+0000] {processor.py:157} INFO - Started process (PID=2601) to work on /home/airflow/.local/lib/python3.8/site-packages/airflow/example_dags/example_sensor_decorator.py
[2023-11-26T00:42:08.581+0000] {processor.py:829} INFO - Processing file /home/airflow/.local/lib/python3.8/site-packages/airflow/example_dags/example_sensor_decorator.py for tasks to queue
[2023-11-26T00:42:08.584+0000] {logging_mixin.py:154} INFO - [2023-11-26T00:42:08.584+0000] {dagbag.py:536} INFO - Filling up the DagBag from /home/airflow/.local/lib/python3.8/site-packages/airflow/example_dags/example_sensor_decorator.py
[2023-11-26T00:42:08.591+0000] {processor.py:839} INFO - DAG(s) dict_keys(['example_sensor_decorator']) retrieved from /home/airflow/.local/lib/python3.8/site-packages/airflow/example_dags/example_sensor_decorator.py
[2023-11-26T00:42:08.616+0000] {logging_mixin.py:154} INFO - [2023-11-26T00:42:08.616+0000] {dag.py:2941} INFO - Sync 1 DAGs
[2023-11-26T00:42:08.632+0000] {logging_mixin.py:154} INFO - [2023-11-26T00:42:08.631+0000] {dag.py:3722} INFO - Setting next_dagrun for example_sensor_decorator to None, run_after=None
[2023-11-26T00:42:08.662+0000] {processor.py:179} INFO - Processing /home/airflow/.local/lib/python3.8/site-packages/airflow/example_dags/example_sensor_decorator.py took 0.086 seconds
[2023-11-26T00:42:39.010+0000] {processor.py:157} INFO - Started process (PID=2655) to work on /home/airflow/.local/lib/python3.8/site-packages/airflow/example_dags/example_sensor_decorator.py
[2023-11-26T00:42:39.011+0000] {processor.py:829} INFO - Processing file /home/airflow/.local/lib/python3.8/site-packages/airflow/example_dags/example_sensor_decorator.py for tasks to queue
[2023-11-26T00:42:39.015+0000] {logging_mixin.py:154} INFO - [2023-11-26T00:42:39.015+0000] {dagbag.py:536} INFO - Filling up the DagBag from /home/airflow/.local/lib/python3.8/site-packages/airflow/example_dags/example_sensor_decorator.py
[2023-11-26T00:42:39.023+0000] {processor.py:839} INFO - DAG(s) dict_keys(['example_sensor_decorator']) retrieved from /home/airflow/.local/lib/python3.8/site-packages/airflow/example_dags/example_sensor_decorator.py
[2023-11-26T00:42:39.048+0000] {logging_mixin.py:154} INFO - [2023-11-26T00:42:39.048+0000] {dag.py:2941} INFO - Sync 1 DAGs
[2023-11-26T00:42:39.186+0000] {logging_mixin.py:154} INFO - [2023-11-26T00:42:39.186+0000] {dag.py:3722} INFO - Setting next_dagrun for example_sensor_decorator to None, run_after=None
[2023-11-26T00:42:39.217+0000] {processor.py:179} INFO - Processing /home/airflow/.local/lib/python3.8/site-packages/airflow/example_dags/example_sensor_decorator.py took 0.210 seconds
[2023-11-26T00:43:09.883+0000] {processor.py:157} INFO - Started process (PID=2709) to work on /home/airflow/.local/lib/python3.8/site-packages/airflow/example_dags/example_sensor_decorator.py
[2023-11-26T00:43:09.884+0000] {processor.py:829} INFO - Processing file /home/airflow/.local/lib/python3.8/site-packages/airflow/example_dags/example_sensor_decorator.py for tasks to queue
[2023-11-26T00:43:09.887+0000] {logging_mixin.py:154} INFO - [2023-11-26T00:43:09.886+0000] {dagbag.py:536} INFO - Filling up the DagBag from /home/airflow/.local/lib/python3.8/site-packages/airflow/example_dags/example_sensor_decorator.py
[2023-11-26T00:43:09.892+0000] {processor.py:839} INFO - DAG(s) dict_keys(['example_sensor_decorator']) retrieved from /home/airflow/.local/lib/python3.8/site-packages/airflow/example_dags/example_sensor_decorator.py
[2023-11-26T00:43:09.913+0000] {logging_mixin.py:154} INFO - [2023-11-26T00:43:09.913+0000] {dag.py:2941} INFO - Sync 1 DAGs
[2023-11-26T00:43:09.926+0000] {logging_mixin.py:154} INFO - [2023-11-26T00:43:09.925+0000] {dag.py:3722} INFO - Setting next_dagrun for example_sensor_decorator to None, run_after=None
[2023-11-26T00:43:09.949+0000] {processor.py:179} INFO - Processing /home/airflow/.local/lib/python3.8/site-packages/airflow/example_dags/example_sensor_decorator.py took 0.071 seconds
[2023-11-26T00:43:40.463+0000] {processor.py:157} INFO - Started process (PID=2763) to work on /home/airflow/.local/lib/python3.8/site-packages/airflow/example_dags/example_sensor_decorator.py
[2023-11-26T00:43:40.464+0000] {processor.py:829} INFO - Processing file /home/airflow/.local/lib/python3.8/site-packages/airflow/example_dags/example_sensor_decorator.py for tasks to queue
[2023-11-26T00:43:40.468+0000] {logging_mixin.py:154} INFO - [2023-11-26T00:43:40.468+0000] {dagbag.py:536} INFO - Filling up the DagBag from /home/airflow/.local/lib/python3.8/site-packages/airflow/example_dags/example_sensor_decorator.py
[2023-11-26T00:43:40.475+0000] {processor.py:839} INFO - DAG(s) dict_keys(['example_sensor_decorator']) retrieved from /home/airflow/.local/lib/python3.8/site-packages/airflow/example_dags/example_sensor_decorator.py
[2023-11-26T00:43:40.625+0000] {logging_mixin.py:154} INFO - [2023-11-26T00:43:40.625+0000] {dag.py:2941} INFO - Sync 1 DAGs
[2023-11-26T00:43:40.637+0000] {logging_mixin.py:154} INFO - [2023-11-26T00:43:40.636+0000] {dag.py:3722} INFO - Setting next_dagrun for example_sensor_decorator to None, run_after=None
[2023-11-26T00:43:40.663+0000] {processor.py:179} INFO - Processing /home/airflow/.local/lib/python3.8/site-packages/airflow/example_dags/example_sensor_decorator.py took 0.205 seconds
[2023-11-26T00:44:10.955+0000] {processor.py:157} INFO - Started process (PID=2817) to work on /home/airflow/.local/lib/python3.8/site-packages/airflow/example_dags/example_sensor_decorator.py
[2023-11-26T00:44:10.956+0000] {processor.py:829} INFO - Processing file /home/airflow/.local/lib/python3.8/site-packages/airflow/example_dags/example_sensor_decorator.py for tasks to queue
[2023-11-26T00:44:10.959+0000] {logging_mixin.py:154} INFO - [2023-11-26T00:44:10.958+0000] {dagbag.py:536} INFO - Filling up the DagBag from /home/airflow/.local/lib/python3.8/site-packages/airflow/example_dags/example_sensor_decorator.py
[2023-11-26T00:44:10.964+0000] {processor.py:839} INFO - DAG(s) dict_keys(['example_sensor_decorator']) retrieved from /home/airflow/.local/lib/python3.8/site-packages/airflow/example_dags/example_sensor_decorator.py
[2023-11-26T00:44:10.985+0000] {logging_mixin.py:154} INFO - [2023-11-26T00:44:10.985+0000] {dag.py:2941} INFO - Sync 1 DAGs
[2023-11-26T00:44:10.997+0000] {logging_mixin.py:154} INFO - [2023-11-26T00:44:10.997+0000] {dag.py:3722} INFO - Setting next_dagrun for example_sensor_decorator to None, run_after=None
[2023-11-26T00:44:11.022+0000] {processor.py:179} INFO - Processing /home/airflow/.local/lib/python3.8/site-packages/airflow/example_dags/example_sensor_decorator.py took 0.071 seconds
[2023-11-26T00:44:41.540+0000] {processor.py:157} INFO - Started process (PID=2871) to work on /home/airflow/.local/lib/python3.8/site-packages/airflow/example_dags/example_sensor_decorator.py
[2023-11-26T00:44:41.541+0000] {processor.py:829} INFO - Processing file /home/airflow/.local/lib/python3.8/site-packages/airflow/example_dags/example_sensor_decorator.py for tasks to queue
[2023-11-26T00:44:41.544+0000] {logging_mixin.py:154} INFO - [2023-11-26T00:44:41.543+0000] {dagbag.py:536} INFO - Filling up the DagBag from /home/airflow/.local/lib/python3.8/site-packages/airflow/example_dags/example_sensor_decorator.py
[2023-11-26T00:44:41.551+0000] {processor.py:839} INFO - DAG(s) dict_keys(['example_sensor_decorator']) retrieved from /home/airflow/.local/lib/python3.8/site-packages/airflow/example_dags/example_sensor_decorator.py
[2023-11-26T00:44:41.574+0000] {logging_mixin.py:154} INFO - [2023-11-26T00:44:41.573+0000] {dag.py:2941} INFO - Sync 1 DAGs
[2023-11-26T00:44:41.587+0000] {logging_mixin.py:154} INFO - [2023-11-26T00:44:41.587+0000] {dag.py:3722} INFO - Setting next_dagrun for example_sensor_decorator to None, run_after=None
[2023-11-26T00:44:41.615+0000] {processor.py:179} INFO - Processing /home/airflow/.local/lib/python3.8/site-packages/airflow/example_dags/example_sensor_decorator.py took 0.078 seconds
[2023-11-26T00:45:12.423+0000] {processor.py:157} INFO - Started process (PID=2925) to work on /home/airflow/.local/lib/python3.8/site-packages/airflow/example_dags/example_sensor_decorator.py
[2023-11-26T00:45:12.424+0000] {processor.py:829} INFO - Processing file /home/airflow/.local/lib/python3.8/site-packages/airflow/example_dags/example_sensor_decorator.py for tasks to queue
[2023-11-26T00:45:12.427+0000] {logging_mixin.py:154} INFO - [2023-11-26T00:45:12.427+0000] {dagbag.py:536} INFO - Filling up the DagBag from /home/airflow/.local/lib/python3.8/site-packages/airflow/example_dags/example_sensor_decorator.py
[2023-11-26T00:45:12.432+0000] {processor.py:839} INFO - DAG(s) dict_keys(['example_sensor_decorator']) retrieved from /home/airflow/.local/lib/python3.8/site-packages/airflow/example_dags/example_sensor_decorator.py
[2023-11-26T00:45:12.453+0000] {logging_mixin.py:154} INFO - [2023-11-26T00:45:12.453+0000] {dag.py:2941} INFO - Sync 1 DAGs
[2023-11-26T00:45:12.464+0000] {logging_mixin.py:154} INFO - [2023-11-26T00:45:12.464+0000] {dag.py:3722} INFO - Setting next_dagrun for example_sensor_decorator to None, run_after=None
[2023-11-26T00:45:12.492+0000] {processor.py:179} INFO - Processing /home/airflow/.local/lib/python3.8/site-packages/airflow/example_dags/example_sensor_decorator.py took 0.071 seconds
[2023-11-26T00:45:43.116+0000] {processor.py:157} INFO - Started process (PID=2979) to work on /home/airflow/.local/lib/python3.8/site-packages/airflow/example_dags/example_sensor_decorator.py
[2023-11-26T00:45:43.117+0000] {processor.py:829} INFO - Processing file /home/airflow/.local/lib/python3.8/site-packages/airflow/example_dags/example_sensor_decorator.py for tasks to queue
[2023-11-26T00:45:43.119+0000] {logging_mixin.py:154} INFO - [2023-11-26T00:45:43.118+0000] {dagbag.py:536} INFO - Filling up the DagBag from /home/airflow/.local/lib/python3.8/site-packages/airflow/example_dags/example_sensor_decorator.py
[2023-11-26T00:45:43.124+0000] {processor.py:839} INFO - DAG(s) dict_keys(['example_sensor_decorator']) retrieved from /home/airflow/.local/lib/python3.8/site-packages/airflow/example_dags/example_sensor_decorator.py
[2023-11-26T00:45:43.147+0000] {logging_mixin.py:154} INFO - [2023-11-26T00:45:43.146+0000] {dag.py:2941} INFO - Sync 1 DAGs
[2023-11-26T00:45:43.162+0000] {logging_mixin.py:154} INFO - [2023-11-26T00:45:43.161+0000] {dag.py:3722} INFO - Setting next_dagrun for example_sensor_decorator to None, run_after=None
[2023-11-26T00:45:43.189+0000] {processor.py:179} INFO - Processing /home/airflow/.local/lib/python3.8/site-packages/airflow/example_dags/example_sensor_decorator.py took 0.076 seconds
[2023-11-26T00:46:13.567+0000] {processor.py:157} INFO - Started process (PID=3033) to work on /home/airflow/.local/lib/python3.8/site-packages/airflow/example_dags/example_sensor_decorator.py
[2023-11-26T00:46:13.569+0000] {processor.py:829} INFO - Processing file /home/airflow/.local/lib/python3.8/site-packages/airflow/example_dags/example_sensor_decorator.py for tasks to queue
[2023-11-26T00:46:13.574+0000] {logging_mixin.py:154} INFO - [2023-11-26T00:46:13.574+0000] {dagbag.py:536} INFO - Filling up the DagBag from /home/airflow/.local/lib/python3.8/site-packages/airflow/example_dags/example_sensor_decorator.py
[2023-11-26T00:46:13.583+0000] {processor.py:839} INFO - DAG(s) dict_keys(['example_sensor_decorator']) retrieved from /home/airflow/.local/lib/python3.8/site-packages/airflow/example_dags/example_sensor_decorator.py
[2023-11-26T00:46:13.623+0000] {logging_mixin.py:154} INFO - [2023-11-26T00:46:13.623+0000] {dag.py:2941} INFO - Sync 1 DAGs
[2023-11-26T00:46:13.641+0000] {logging_mixin.py:154} INFO - [2023-11-26T00:46:13.641+0000] {dag.py:3722} INFO - Setting next_dagrun for example_sensor_decorator to None, run_after=None
[2023-11-26T00:46:13.689+0000] {processor.py:179} INFO - Processing /home/airflow/.local/lib/python3.8/site-packages/airflow/example_dags/example_sensor_decorator.py took 0.128 seconds
[2023-11-26T00:46:44.590+0000] {processor.py:157} INFO - Started process (PID=3088) to work on /home/airflow/.local/lib/python3.8/site-packages/airflow/example_dags/example_sensor_decorator.py
[2023-11-26T00:46:44.592+0000] {processor.py:829} INFO - Processing file /home/airflow/.local/lib/python3.8/site-packages/airflow/example_dags/example_sensor_decorator.py for tasks to queue
[2023-11-26T00:46:44.596+0000] {logging_mixin.py:154} INFO - [2023-11-26T00:46:44.596+0000] {dagbag.py:536} INFO - Filling up the DagBag from /home/airflow/.local/lib/python3.8/site-packages/airflow/example_dags/example_sensor_decorator.py
[2023-11-26T00:46:44.608+0000] {processor.py:839} INFO - DAG(s) dict_keys(['example_sensor_decorator']) retrieved from /home/airflow/.local/lib/python3.8/site-packages/airflow/example_dags/example_sensor_decorator.py
[2023-11-26T00:46:44.647+0000] {logging_mixin.py:154} INFO - [2023-11-26T00:46:44.647+0000] {dag.py:2941} INFO - Sync 1 DAGs
[2023-11-26T00:46:44.670+0000] {logging_mixin.py:154} INFO - [2023-11-26T00:46:44.670+0000] {dag.py:3722} INFO - Setting next_dagrun for example_sensor_decorator to None, run_after=None
[2023-11-26T00:46:44.717+0000] {processor.py:179} INFO - Processing /home/airflow/.local/lib/python3.8/site-packages/airflow/example_dags/example_sensor_decorator.py took 0.134 seconds
[2023-11-26T00:47:15.262+0000] {processor.py:157} INFO - Started process (PID=3142) to work on /home/airflow/.local/lib/python3.8/site-packages/airflow/example_dags/example_sensor_decorator.py
[2023-11-26T00:47:15.265+0000] {processor.py:829} INFO - Processing file /home/airflow/.local/lib/python3.8/site-packages/airflow/example_dags/example_sensor_decorator.py for tasks to queue
[2023-11-26T00:47:15.269+0000] {logging_mixin.py:154} INFO - [2023-11-26T00:47:15.269+0000] {dagbag.py:536} INFO - Filling up the DagBag from /home/airflow/.local/lib/python3.8/site-packages/airflow/example_dags/example_sensor_decorator.py
[2023-11-26T00:47:15.279+0000] {processor.py:839} INFO - DAG(s) dict_keys(['example_sensor_decorator']) retrieved from /home/airflow/.local/lib/python3.8/site-packages/airflow/example_dags/example_sensor_decorator.py
[2023-11-26T00:47:15.314+0000] {logging_mixin.py:154} INFO - [2023-11-26T00:47:15.314+0000] {dag.py:2941} INFO - Sync 1 DAGs
[2023-11-26T00:47:15.335+0000] {logging_mixin.py:154} INFO - [2023-11-26T00:47:15.335+0000] {dag.py:3722} INFO - Setting next_dagrun for example_sensor_decorator to None, run_after=None
[2023-11-26T00:47:15.375+0000] {processor.py:179} INFO - Processing /home/airflow/.local/lib/python3.8/site-packages/airflow/example_dags/example_sensor_decorator.py took 0.119 seconds
[2023-11-26T00:47:45.661+0000] {processor.py:157} INFO - Started process (PID=3195) to work on /home/airflow/.local/lib/python3.8/site-packages/airflow/example_dags/example_sensor_decorator.py
[2023-11-26T00:47:45.664+0000] {processor.py:829} INFO - Processing file /home/airflow/.local/lib/python3.8/site-packages/airflow/example_dags/example_sensor_decorator.py for tasks to queue
[2023-11-26T00:47:45.669+0000] {logging_mixin.py:154} INFO - [2023-11-26T00:47:45.668+0000] {dagbag.py:536} INFO - Filling up the DagBag from /home/airflow/.local/lib/python3.8/site-packages/airflow/example_dags/example_sensor_decorator.py
[2023-11-26T00:47:45.678+0000] {processor.py:839} INFO - DAG(s) dict_keys(['example_sensor_decorator']) retrieved from /home/airflow/.local/lib/python3.8/site-packages/airflow/example_dags/example_sensor_decorator.py
[2023-11-26T00:47:45.727+0000] {logging_mixin.py:154} INFO - [2023-11-26T00:47:45.726+0000] {dag.py:2941} INFO - Sync 1 DAGs
[2023-11-26T00:47:45.757+0000] {logging_mixin.py:154} INFO - [2023-11-26T00:47:45.757+0000] {dag.py:3722} INFO - Setting next_dagrun for example_sensor_decorator to None, run_after=None
[2023-11-26T00:47:45.825+0000] {processor.py:179} INFO - Processing /home/airflow/.local/lib/python3.8/site-packages/airflow/example_dags/example_sensor_decorator.py took 0.168 seconds
[2023-11-26T00:48:16.452+0000] {processor.py:157} INFO - Started process (PID=3249) to work on /home/airflow/.local/lib/python3.8/site-packages/airflow/example_dags/example_sensor_decorator.py
[2023-11-26T00:48:16.457+0000] {processor.py:829} INFO - Processing file /home/airflow/.local/lib/python3.8/site-packages/airflow/example_dags/example_sensor_decorator.py for tasks to queue
[2023-11-26T00:48:16.463+0000] {logging_mixin.py:154} INFO - [2023-11-26T00:48:16.463+0000] {dagbag.py:536} INFO - Filling up the DagBag from /home/airflow/.local/lib/python3.8/site-packages/airflow/example_dags/example_sensor_decorator.py
[2023-11-26T00:48:16.475+0000] {processor.py:839} INFO - DAG(s) dict_keys(['example_sensor_decorator']) retrieved from /home/airflow/.local/lib/python3.8/site-packages/airflow/example_dags/example_sensor_decorator.py
[2023-11-26T00:48:16.525+0000] {logging_mixin.py:154} INFO - [2023-11-26T00:48:16.524+0000] {dag.py:2941} INFO - Sync 1 DAGs
[2023-11-26T00:48:16.554+0000] {logging_mixin.py:154} INFO - [2023-11-26T00:48:16.554+0000] {dag.py:3722} INFO - Setting next_dagrun for example_sensor_decorator to None, run_after=None
[2023-11-26T00:48:16.613+0000] {processor.py:179} INFO - Processing /home/airflow/.local/lib/python3.8/site-packages/airflow/example_dags/example_sensor_decorator.py took 0.172 seconds
[2023-11-26T00:48:46.855+0000] {processor.py:157} INFO - Started process (PID=3302) to work on /home/airflow/.local/lib/python3.8/site-packages/airflow/example_dags/example_sensor_decorator.py
[2023-11-26T00:48:46.877+0000] {processor.py:829} INFO - Processing file /home/airflow/.local/lib/python3.8/site-packages/airflow/example_dags/example_sensor_decorator.py for tasks to queue
[2023-11-26T00:48:46.881+0000] {logging_mixin.py:154} INFO - [2023-11-26T00:48:46.881+0000] {dagbag.py:536} INFO - Filling up the DagBag from /home/airflow/.local/lib/python3.8/site-packages/airflow/example_dags/example_sensor_decorator.py
[2023-11-26T00:48:46.894+0000] {processor.py:839} INFO - DAG(s) dict_keys(['example_sensor_decorator']) retrieved from /home/airflow/.local/lib/python3.8/site-packages/airflow/example_dags/example_sensor_decorator.py
[2023-11-26T00:48:46.937+0000] {logging_mixin.py:154} INFO - [2023-11-26T00:48:46.936+0000] {dag.py:2941} INFO - Sync 1 DAGs
[2023-11-26T00:48:46.962+0000] {logging_mixin.py:154} INFO - [2023-11-26T00:48:46.961+0000] {dag.py:3722} INFO - Setting next_dagrun for example_sensor_decorator to None, run_after=None
[2023-11-26T00:48:47.021+0000] {processor.py:179} INFO - Processing /home/airflow/.local/lib/python3.8/site-packages/airflow/example_dags/example_sensor_decorator.py took 0.175 seconds
[2023-11-26T00:49:17.113+0000] {processor.py:157} INFO - Started process (PID=3355) to work on /home/airflow/.local/lib/python3.8/site-packages/airflow/example_dags/example_sensor_decorator.py
[2023-11-26T00:49:17.115+0000] {processor.py:829} INFO - Processing file /home/airflow/.local/lib/python3.8/site-packages/airflow/example_dags/example_sensor_decorator.py for tasks to queue
[2023-11-26T00:49:17.119+0000] {logging_mixin.py:154} INFO - [2023-11-26T00:49:17.119+0000] {dagbag.py:536} INFO - Filling up the DagBag from /home/airflow/.local/lib/python3.8/site-packages/airflow/example_dags/example_sensor_decorator.py
[2023-11-26T00:49:17.126+0000] {processor.py:839} INFO - DAG(s) dict_keys(['example_sensor_decorator']) retrieved from /home/airflow/.local/lib/python3.8/site-packages/airflow/example_dags/example_sensor_decorator.py
[2023-11-26T00:49:17.152+0000] {logging_mixin.py:154} INFO - [2023-11-26T00:49:17.151+0000] {dag.py:2941} INFO - Sync 1 DAGs
[2023-11-26T00:49:17.167+0000] {logging_mixin.py:154} INFO - [2023-11-26T00:49:17.166+0000] {dag.py:3722} INFO - Setting next_dagrun for example_sensor_decorator to None, run_after=None
[2023-11-26T00:49:17.193+0000] {processor.py:179} INFO - Processing /home/airflow/.local/lib/python3.8/site-packages/airflow/example_dags/example_sensor_decorator.py took 0.085 seconds
[2023-11-26T00:49:48.126+0000] {processor.py:157} INFO - Started process (PID=3410) to work on /home/airflow/.local/lib/python3.8/site-packages/airflow/example_dags/example_sensor_decorator.py
[2023-11-26T00:49:48.129+0000] {processor.py:829} INFO - Processing file /home/airflow/.local/lib/python3.8/site-packages/airflow/example_dags/example_sensor_decorator.py for tasks to queue
[2023-11-26T00:49:48.134+0000] {logging_mixin.py:154} INFO - [2023-11-26T00:49:48.133+0000] {dagbag.py:536} INFO - Filling up the DagBag from /home/airflow/.local/lib/python3.8/site-packages/airflow/example_dags/example_sensor_decorator.py
[2023-11-26T00:49:48.146+0000] {processor.py:839} INFO - DAG(s) dict_keys(['example_sensor_decorator']) retrieved from /home/airflow/.local/lib/python3.8/site-packages/airflow/example_dags/example_sensor_decorator.py
[2023-11-26T00:49:48.189+0000] {logging_mixin.py:154} INFO - [2023-11-26T00:49:48.189+0000] {dag.py:2941} INFO - Sync 1 DAGs
[2023-11-26T00:49:48.206+0000] {logging_mixin.py:154} INFO - [2023-11-26T00:49:48.206+0000] {dag.py:3722} INFO - Setting next_dagrun for example_sensor_decorator to None, run_after=None
[2023-11-26T00:49:48.260+0000] {processor.py:179} INFO - Processing /home/airflow/.local/lib/python3.8/site-packages/airflow/example_dags/example_sensor_decorator.py took 0.139 seconds
[2023-11-26T00:50:18.543+0000] {processor.py:157} INFO - Started process (PID=3463) to work on /home/airflow/.local/lib/python3.8/site-packages/airflow/example_dags/example_sensor_decorator.py
[2023-11-26T00:50:18.546+0000] {processor.py:829} INFO - Processing file /home/airflow/.local/lib/python3.8/site-packages/airflow/example_dags/example_sensor_decorator.py for tasks to queue
[2023-11-26T00:50:18.551+0000] {logging_mixin.py:154} INFO - [2023-11-26T00:50:18.551+0000] {dagbag.py:536} INFO - Filling up the DagBag from /home/airflow/.local/lib/python3.8/site-packages/airflow/example_dags/example_sensor_decorator.py
[2023-11-26T00:50:18.560+0000] {processor.py:839} INFO - DAG(s) dict_keys(['example_sensor_decorator']) retrieved from /home/airflow/.local/lib/python3.8/site-packages/airflow/example_dags/example_sensor_decorator.py
[2023-11-26T00:50:18.615+0000] {logging_mixin.py:154} INFO - [2023-11-26T00:50:18.614+0000] {dag.py:2941} INFO - Sync 1 DAGs
[2023-11-26T00:50:18.643+0000] {logging_mixin.py:154} INFO - [2023-11-26T00:50:18.643+0000] {dag.py:3722} INFO - Setting next_dagrun for example_sensor_decorator to None, run_after=None
[2023-11-26T00:50:18.704+0000] {processor.py:179} INFO - Processing /home/airflow/.local/lib/python3.8/site-packages/airflow/example_dags/example_sensor_decorator.py took 0.165 seconds
[2023-11-26T00:50:48.912+0000] {processor.py:157} INFO - Started process (PID=3517) to work on /home/airflow/.local/lib/python3.8/site-packages/airflow/example_dags/example_sensor_decorator.py
[2023-11-26T00:50:48.914+0000] {processor.py:829} INFO - Processing file /home/airflow/.local/lib/python3.8/site-packages/airflow/example_dags/example_sensor_decorator.py for tasks to queue
[2023-11-26T00:50:48.919+0000] {logging_mixin.py:154} INFO - [2023-11-26T00:50:48.918+0000] {dagbag.py:536} INFO - Filling up the DagBag from /home/airflow/.local/lib/python3.8/site-packages/airflow/example_dags/example_sensor_decorator.py
[2023-11-26T00:50:48.929+0000] {processor.py:839} INFO - DAG(s) dict_keys(['example_sensor_decorator']) retrieved from /home/airflow/.local/lib/python3.8/site-packages/airflow/example_dags/example_sensor_decorator.py
[2023-11-26T00:50:48.959+0000] {logging_mixin.py:154} INFO - [2023-11-26T00:50:48.958+0000] {dag.py:2941} INFO - Sync 1 DAGs
[2023-11-26T00:50:48.976+0000] {logging_mixin.py:154} INFO - [2023-11-26T00:50:48.976+0000] {dag.py:3722} INFO - Setting next_dagrun for example_sensor_decorator to None, run_after=None
[2023-11-26T00:50:49.020+0000] {processor.py:179} INFO - Processing /home/airflow/.local/lib/python3.8/site-packages/airflow/example_dags/example_sensor_decorator.py took 0.116 seconds
[2023-11-26T00:51:19.217+0000] {processor.py:157} INFO - Started process (PID=3571) to work on /home/airflow/.local/lib/python3.8/site-packages/airflow/example_dags/example_sensor_decorator.py
[2023-11-26T00:51:19.220+0000] {processor.py:829} INFO - Processing file /home/airflow/.local/lib/python3.8/site-packages/airflow/example_dags/example_sensor_decorator.py for tasks to queue
[2023-11-26T00:51:19.232+0000] {logging_mixin.py:154} INFO - [2023-11-26T00:51:19.230+0000] {dagbag.py:536} INFO - Filling up the DagBag from /home/airflow/.local/lib/python3.8/site-packages/airflow/example_dags/example_sensor_decorator.py
[2023-11-26T00:51:19.244+0000] {processor.py:839} INFO - DAG(s) dict_keys(['example_sensor_decorator']) retrieved from /home/airflow/.local/lib/python3.8/site-packages/airflow/example_dags/example_sensor_decorator.py
[2023-11-26T00:51:19.288+0000] {logging_mixin.py:154} INFO - [2023-11-26T00:51:19.287+0000] {dag.py:2941} INFO - Sync 1 DAGs
[2023-11-26T00:51:19.338+0000] {logging_mixin.py:154} INFO - [2023-11-26T00:51:19.338+0000] {dag.py:3722} INFO - Setting next_dagrun for example_sensor_decorator to None, run_after=None
[2023-11-26T00:51:19.402+0000] {processor.py:179} INFO - Processing /home/airflow/.local/lib/python3.8/site-packages/airflow/example_dags/example_sensor_decorator.py took 0.190 seconds
[2023-11-26T00:51:50.228+0000] {processor.py:157} INFO - Started process (PID=3625) to work on /home/airflow/.local/lib/python3.8/site-packages/airflow/example_dags/example_sensor_decorator.py
[2023-11-26T00:51:50.232+0000] {processor.py:829} INFO - Processing file /home/airflow/.local/lib/python3.8/site-packages/airflow/example_dags/example_sensor_decorator.py for tasks to queue
[2023-11-26T00:51:50.238+0000] {logging_mixin.py:154} INFO - [2023-11-26T00:51:50.237+0000] {dagbag.py:536} INFO - Filling up the DagBag from /home/airflow/.local/lib/python3.8/site-packages/airflow/example_dags/example_sensor_decorator.py
[2023-11-26T00:51:50.248+0000] {processor.py:839} INFO - DAG(s) dict_keys(['example_sensor_decorator']) retrieved from /home/airflow/.local/lib/python3.8/site-packages/airflow/example_dags/example_sensor_decorator.py
[2023-11-26T00:51:50.321+0000] {logging_mixin.py:154} INFO - [2023-11-26T00:51:50.321+0000] {dag.py:2941} INFO - Sync 1 DAGs
[2023-11-26T00:51:50.381+0000] {logging_mixin.py:154} INFO - [2023-11-26T00:51:50.381+0000] {dag.py:3722} INFO - Setting next_dagrun for example_sensor_decorator to None, run_after=None
[2023-11-26T00:51:50.459+0000] {processor.py:179} INFO - Processing /home/airflow/.local/lib/python3.8/site-packages/airflow/example_dags/example_sensor_decorator.py took 0.236 seconds
[2023-11-26T00:52:21.053+0000] {processor.py:157} INFO - Started process (PID=3679) to work on /home/airflow/.local/lib/python3.8/site-packages/airflow/example_dags/example_sensor_decorator.py
[2023-11-26T00:52:21.055+0000] {processor.py:829} INFO - Processing file /home/airflow/.local/lib/python3.8/site-packages/airflow/example_dags/example_sensor_decorator.py for tasks to queue
[2023-11-26T00:52:21.060+0000] {logging_mixin.py:154} INFO - [2023-11-26T00:52:21.059+0000] {dagbag.py:536} INFO - Filling up the DagBag from /home/airflow/.local/lib/python3.8/site-packages/airflow/example_dags/example_sensor_decorator.py
[2023-11-26T00:52:21.072+0000] {processor.py:839} INFO - DAG(s) dict_keys(['example_sensor_decorator']) retrieved from /home/airflow/.local/lib/python3.8/site-packages/airflow/example_dags/example_sensor_decorator.py
[2023-11-26T00:52:21.122+0000] {logging_mixin.py:154} INFO - [2023-11-26T00:52:21.121+0000] {dag.py:2941} INFO - Sync 1 DAGs
[2023-11-26T00:52:21.151+0000] {logging_mixin.py:154} INFO - [2023-11-26T00:52:21.151+0000] {dag.py:3722} INFO - Setting next_dagrun for example_sensor_decorator to None, run_after=None
[2023-11-26T00:52:21.220+0000] {processor.py:179} INFO - Processing /home/airflow/.local/lib/python3.8/site-packages/airflow/example_dags/example_sensor_decorator.py took 0.171 seconds
