[2023-11-26T00:16:47.608+0000] {processor.py:157} INFO - Started process (PID=69) to work on /home/airflow/.local/lib/python3.8/site-packages/airflow/example_dags/example_latest_only.py
[2023-11-26T00:16:47.613+0000] {processor.py:829} INFO - Processing file /home/airflow/.local/lib/python3.8/site-packages/airflow/example_dags/example_latest_only.py for tasks to queue
[2023-11-26T00:16:47.627+0000] {logging_mixin.py:154} INFO - [2023-11-26T00:16:47.627+0000] {dagbag.py:536} INFO - Filling up the DagBag from /home/airflow/.local/lib/python3.8/site-packages/airflow/example_dags/example_latest_only.py
[2023-11-26T00:16:47.652+0000] {processor.py:839} INFO - DAG(s) dict_keys(['latest_only']) retrieved from /home/airflow/.local/lib/python3.8/site-packages/airflow/example_dags/example_latest_only.py
[2023-11-26T00:16:47.778+0000] {logging_mixin.py:154} INFO - [2023-11-26T00:16:47.777+0000] {dag.py:2941} INFO - Sync 1 DAGs
[2023-11-26T00:16:47.839+0000] {logging_mixin.py:154} INFO - [2023-11-26T00:16:47.838+0000] {dag.py:3722} INFO - Setting next_dagrun for latest_only to 2023-11-25T20:16:47.838143+00:00, run_after=2023-11-26T00:16:47.838143+00:00
[2023-11-26T00:16:47.882+0000] {processor.py:179} INFO - Processing /home/airflow/.local/lib/python3.8/site-packages/airflow/example_dags/example_latest_only.py took 0.279 seconds
[2023-11-26T00:18:12.342+0000] {processor.py:157} INFO - Started process (PID=70) to work on /home/airflow/.local/lib/python3.8/site-packages/airflow/example_dags/example_latest_only.py
[2023-11-26T00:18:12.354+0000] {processor.py:829} INFO - Processing file /home/airflow/.local/lib/python3.8/site-packages/airflow/example_dags/example_latest_only.py for tasks to queue
[2023-11-26T00:18:12.370+0000] {logging_mixin.py:154} INFO - [2023-11-26T00:18:12.368+0000] {dagbag.py:536} INFO - Filling up the DagBag from /home/airflow/.local/lib/python3.8/site-packages/airflow/example_dags/example_latest_only.py
[2023-11-26T00:18:12.433+0000] {processor.py:839} INFO - DAG(s) dict_keys(['latest_only']) retrieved from /home/airflow/.local/lib/python3.8/site-packages/airflow/example_dags/example_latest_only.py
[2023-11-26T00:18:12.636+0000] {logging_mixin.py:154} INFO - [2023-11-26T00:18:12.631+0000] {dag.py:2941} INFO - Sync 1 DAGs
[2023-11-26T00:18:12.912+0000] {logging_mixin.py:154} INFO - [2023-11-26T00:18:12.911+0000] {dag.py:3722} INFO - Setting next_dagrun for latest_only to 2023-11-25T20:18:12.910053+00:00, run_after=2023-11-26T00:18:12.910053+00:00
[2023-11-26T00:18:13.075+0000] {processor.py:179} INFO - Processing /home/airflow/.local/lib/python3.8/site-packages/airflow/example_dags/example_latest_only.py took 0.757 seconds
[2023-11-26T00:18:43.961+0000] {processor.py:157} INFO - Started process (PID=125) to work on /home/airflow/.local/lib/python3.8/site-packages/airflow/example_dags/example_latest_only.py
[2023-11-26T00:18:43.971+0000] {processor.py:829} INFO - Processing file /home/airflow/.local/lib/python3.8/site-packages/airflow/example_dags/example_latest_only.py for tasks to queue
[2023-11-26T00:18:43.991+0000] {logging_mixin.py:154} INFO - [2023-11-26T00:18:43.990+0000] {dagbag.py:536} INFO - Filling up the DagBag from /home/airflow/.local/lib/python3.8/site-packages/airflow/example_dags/example_latest_only.py
[2023-11-26T00:18:44.020+0000] {processor.py:839} INFO - DAG(s) dict_keys(['latest_only']) retrieved from /home/airflow/.local/lib/python3.8/site-packages/airflow/example_dags/example_latest_only.py
[2023-11-26T00:18:44.140+0000] {logging_mixin.py:154} INFO - [2023-11-26T00:18:44.138+0000] {dag.py:2941} INFO - Sync 1 DAGs
[2023-11-26T00:18:44.263+0000] {logging_mixin.py:154} INFO - [2023-11-26T00:18:44.262+0000] {dag.py:3722} INFO - Setting next_dagrun for latest_only to 2023-11-25T20:18:44.260310+00:00, run_after=2023-11-26T00:18:44.260310+00:00
[2023-11-26T00:18:44.368+0000] {processor.py:179} INFO - Processing /home/airflow/.local/lib/python3.8/site-packages/airflow/example_dags/example_latest_only.py took 0.415 seconds
[2023-11-26T00:19:14.915+0000] {processor.py:157} INFO - Started process (PID=178) to work on /home/airflow/.local/lib/python3.8/site-packages/airflow/example_dags/example_latest_only.py
[2023-11-26T00:19:14.917+0000] {processor.py:829} INFO - Processing file /home/airflow/.local/lib/python3.8/site-packages/airflow/example_dags/example_latest_only.py for tasks to queue
[2023-11-26T00:19:14.924+0000] {logging_mixin.py:154} INFO - [2023-11-26T00:19:14.923+0000] {dagbag.py:536} INFO - Filling up the DagBag from /home/airflow/.local/lib/python3.8/site-packages/airflow/example_dags/example_latest_only.py
[2023-11-26T00:19:14.953+0000] {processor.py:839} INFO - DAG(s) dict_keys(['latest_only']) retrieved from /home/airflow/.local/lib/python3.8/site-packages/airflow/example_dags/example_latest_only.py
[2023-11-26T00:19:15.011+0000] {logging_mixin.py:154} INFO - [2023-11-26T00:19:15.010+0000] {dag.py:2941} INFO - Sync 1 DAGs
[2023-11-26T00:19:15.090+0000] {logging_mixin.py:154} INFO - [2023-11-26T00:19:15.088+0000] {dag.py:3722} INFO - Setting next_dagrun for latest_only to 2023-11-25T20:19:15.086284+00:00, run_after=2023-11-26T00:19:15.086284+00:00
[2023-11-26T00:19:15.158+0000] {processor.py:179} INFO - Processing /home/airflow/.local/lib/python3.8/site-packages/airflow/example_dags/example_latest_only.py took 0.260 seconds
[2023-11-26T00:19:46.088+0000] {processor.py:157} INFO - Started process (PID=233) to work on /home/airflow/.local/lib/python3.8/site-packages/airflow/example_dags/example_latest_only.py
[2023-11-26T00:19:46.095+0000] {processor.py:829} INFO - Processing file /home/airflow/.local/lib/python3.8/site-packages/airflow/example_dags/example_latest_only.py for tasks to queue
[2023-11-26T00:19:46.109+0000] {logging_mixin.py:154} INFO - [2023-11-26T00:19:46.106+0000] {dagbag.py:536} INFO - Filling up the DagBag from /home/airflow/.local/lib/python3.8/site-packages/airflow/example_dags/example_latest_only.py
[2023-11-26T00:19:46.145+0000] {processor.py:839} INFO - DAG(s) dict_keys(['latest_only']) retrieved from /home/airflow/.local/lib/python3.8/site-packages/airflow/example_dags/example_latest_only.py
[2023-11-26T00:19:46.309+0000] {logging_mixin.py:154} INFO - [2023-11-26T00:19:46.308+0000] {dag.py:2941} INFO - Sync 1 DAGs
[2023-11-26T00:19:46.501+0000] {logging_mixin.py:154} INFO - [2023-11-26T00:19:46.498+0000] {dag.py:3722} INFO - Setting next_dagrun for latest_only to 2023-11-25T20:19:46.496597+00:00, run_after=2023-11-26T00:19:46.496597+00:00
[2023-11-26T00:19:46.732+0000] {processor.py:179} INFO - Processing /home/airflow/.local/lib/python3.8/site-packages/airflow/example_dags/example_latest_only.py took 0.667 seconds
[2023-11-26T00:20:16.963+0000] {processor.py:157} INFO - Started process (PID=286) to work on /home/airflow/.local/lib/python3.8/site-packages/airflow/example_dags/example_latest_only.py
[2023-11-26T00:20:16.967+0000] {processor.py:829} INFO - Processing file /home/airflow/.local/lib/python3.8/site-packages/airflow/example_dags/example_latest_only.py for tasks to queue
[2023-11-26T00:20:16.977+0000] {logging_mixin.py:154} INFO - [2023-11-26T00:20:16.976+0000] {dagbag.py:536} INFO - Filling up the DagBag from /home/airflow/.local/lib/python3.8/site-packages/airflow/example_dags/example_latest_only.py
[2023-11-26T00:20:16.996+0000] {processor.py:839} INFO - DAG(s) dict_keys(['latest_only']) retrieved from /home/airflow/.local/lib/python3.8/site-packages/airflow/example_dags/example_latest_only.py
[2023-11-26T00:20:17.113+0000] {logging_mixin.py:154} INFO - [2023-11-26T00:20:17.112+0000] {dag.py:2941} INFO - Sync 1 DAGs
[2023-11-26T00:20:17.263+0000] {logging_mixin.py:154} INFO - [2023-11-26T00:20:17.262+0000] {dag.py:3722} INFO - Setting next_dagrun for latest_only to 2023-11-25T20:20:17.262144+00:00, run_after=2023-11-26T00:20:17.262144+00:00
[2023-11-26T00:20:17.368+0000] {processor.py:179} INFO - Processing /home/airflow/.local/lib/python3.8/site-packages/airflow/example_dags/example_latest_only.py took 0.413 seconds
[2023-11-26T00:20:47.974+0000] {processor.py:157} INFO - Started process (PID=340) to work on /home/airflow/.local/lib/python3.8/site-packages/airflow/example_dags/example_latest_only.py
[2023-11-26T00:20:47.977+0000] {processor.py:829} INFO - Processing file /home/airflow/.local/lib/python3.8/site-packages/airflow/example_dags/example_latest_only.py for tasks to queue
[2023-11-26T00:20:47.985+0000] {logging_mixin.py:154} INFO - [2023-11-26T00:20:47.984+0000] {dagbag.py:536} INFO - Filling up the DagBag from /home/airflow/.local/lib/python3.8/site-packages/airflow/example_dags/example_latest_only.py
[2023-11-26T00:20:47.997+0000] {processor.py:839} INFO - DAG(s) dict_keys(['latest_only']) retrieved from /home/airflow/.local/lib/python3.8/site-packages/airflow/example_dags/example_latest_only.py
[2023-11-26T00:20:48.047+0000] {logging_mixin.py:154} INFO - [2023-11-26T00:20:48.047+0000] {dag.py:2941} INFO - Sync 1 DAGs
[2023-11-26T00:20:48.108+0000] {logging_mixin.py:154} INFO - [2023-11-26T00:20:48.107+0000] {dag.py:3722} INFO - Setting next_dagrun for latest_only to 2023-11-25T20:20:48.107318+00:00, run_after=2023-11-26T00:20:48.107318+00:00
[2023-11-26T00:20:48.158+0000] {processor.py:179} INFO - Processing /home/airflow/.local/lib/python3.8/site-packages/airflow/example_dags/example_latest_only.py took 0.189 seconds
[2023-11-26T00:21:19.072+0000] {processor.py:157} INFO - Started process (PID=394) to work on /home/airflow/.local/lib/python3.8/site-packages/airflow/example_dags/example_latest_only.py
[2023-11-26T00:21:19.076+0000] {processor.py:829} INFO - Processing file /home/airflow/.local/lib/python3.8/site-packages/airflow/example_dags/example_latest_only.py for tasks to queue
[2023-11-26T00:21:19.084+0000] {logging_mixin.py:154} INFO - [2023-11-26T00:21:19.083+0000] {dagbag.py:536} INFO - Filling up the DagBag from /home/airflow/.local/lib/python3.8/site-packages/airflow/example_dags/example_latest_only.py
[2023-11-26T00:21:19.106+0000] {processor.py:839} INFO - DAG(s) dict_keys(['latest_only']) retrieved from /home/airflow/.local/lib/python3.8/site-packages/airflow/example_dags/example_latest_only.py
[2023-11-26T00:21:19.224+0000] {logging_mixin.py:154} INFO - [2023-11-26T00:21:19.224+0000] {dag.py:2941} INFO - Sync 1 DAGs
[2023-11-26T00:21:19.339+0000] {logging_mixin.py:154} INFO - [2023-11-26T00:21:19.338+0000] {dag.py:3722} INFO - Setting next_dagrun for latest_only to 2023-11-25T20:21:19.335050+00:00, run_after=2023-11-26T00:21:19.335050+00:00
[2023-11-26T00:21:19.437+0000] {processor.py:179} INFO - Processing /home/airflow/.local/lib/python3.8/site-packages/airflow/example_dags/example_latest_only.py took 0.381 seconds
[2023-11-26T00:21:50.239+0000] {processor.py:157} INFO - Started process (PID=448) to work on /home/airflow/.local/lib/python3.8/site-packages/airflow/example_dags/example_latest_only.py
[2023-11-26T00:21:50.250+0000] {processor.py:829} INFO - Processing file /home/airflow/.local/lib/python3.8/site-packages/airflow/example_dags/example_latest_only.py for tasks to queue
[2023-11-26T00:21:50.270+0000] {logging_mixin.py:154} INFO - [2023-11-26T00:21:50.269+0000] {dagbag.py:536} INFO - Filling up the DagBag from /home/airflow/.local/lib/python3.8/site-packages/airflow/example_dags/example_latest_only.py
[2023-11-26T00:21:50.298+0000] {processor.py:839} INFO - DAG(s) dict_keys(['latest_only']) retrieved from /home/airflow/.local/lib/python3.8/site-packages/airflow/example_dags/example_latest_only.py
[2023-11-26T00:21:50.453+0000] {logging_mixin.py:154} INFO - [2023-11-26T00:21:50.452+0000] {dag.py:2941} INFO - Sync 1 DAGs
[2023-11-26T00:21:50.614+0000] {logging_mixin.py:154} INFO - [2023-11-26T00:21:50.614+0000] {dag.py:3722} INFO - Setting next_dagrun for latest_only to 2023-11-25T20:21:50.613462+00:00, run_after=2023-11-26T00:21:50.613462+00:00
[2023-11-26T00:21:50.798+0000] {processor.py:179} INFO - Processing /home/airflow/.local/lib/python3.8/site-packages/airflow/example_dags/example_latest_only.py took 0.568 seconds
[2023-11-26T00:22:22.196+0000] {processor.py:157} INFO - Started process (PID=502) to work on /home/airflow/.local/lib/python3.8/site-packages/airflow/example_dags/example_latest_only.py
[2023-11-26T00:22:22.204+0000] {processor.py:829} INFO - Processing file /home/airflow/.local/lib/python3.8/site-packages/airflow/example_dags/example_latest_only.py for tasks to queue
[2023-11-26T00:22:22.261+0000] {logging_mixin.py:154} INFO - [2023-11-26T00:22:22.249+0000] {dagbag.py:536} INFO - Filling up the DagBag from /home/airflow/.local/lib/python3.8/site-packages/airflow/example_dags/example_latest_only.py
[2023-11-26T00:22:22.389+0000] {processor.py:839} INFO - DAG(s) dict_keys(['latest_only']) retrieved from /home/airflow/.local/lib/python3.8/site-packages/airflow/example_dags/example_latest_only.py
[2023-11-26T00:22:22.640+0000] {logging_mixin.py:154} INFO - [2023-11-26T00:22:22.640+0000] {dag.py:2941} INFO - Sync 1 DAGs
[2023-11-26T00:22:22.947+0000] {logging_mixin.py:154} INFO - [2023-11-26T00:22:22.946+0000] {dag.py:3722} INFO - Setting next_dagrun for latest_only to 2023-11-25T20:22:22.945403+00:00, run_after=2023-11-26T00:22:22.945403+00:00
[2023-11-26T00:22:23.140+0000] {processor.py:179} INFO - Processing /home/airflow/.local/lib/python3.8/site-packages/airflow/example_dags/example_latest_only.py took 1.022 seconds
[2023-11-26T00:22:53.779+0000] {processor.py:157} INFO - Started process (PID=555) to work on /home/airflow/.local/lib/python3.8/site-packages/airflow/example_dags/example_latest_only.py
[2023-11-26T00:22:53.782+0000] {processor.py:829} INFO - Processing file /home/airflow/.local/lib/python3.8/site-packages/airflow/example_dags/example_latest_only.py for tasks to queue
[2023-11-26T00:22:53.791+0000] {logging_mixin.py:154} INFO - [2023-11-26T00:22:53.790+0000] {dagbag.py:536} INFO - Filling up the DagBag from /home/airflow/.local/lib/python3.8/site-packages/airflow/example_dags/example_latest_only.py
[2023-11-26T00:22:53.802+0000] {processor.py:839} INFO - DAG(s) dict_keys(['latest_only']) retrieved from /home/airflow/.local/lib/python3.8/site-packages/airflow/example_dags/example_latest_only.py
[2023-11-26T00:22:53.882+0000] {logging_mixin.py:154} INFO - [2023-11-26T00:22:53.881+0000] {dag.py:2941} INFO - Sync 1 DAGs
[2023-11-26T00:22:54.023+0000] {logging_mixin.py:154} INFO - [2023-11-26T00:22:54.022+0000] {dag.py:3722} INFO - Setting next_dagrun for latest_only to 2023-11-25T20:22:54.020826+00:00, run_after=2023-11-26T00:22:54.020826+00:00
[2023-11-26T00:22:54.143+0000] {processor.py:179} INFO - Processing /home/airflow/.local/lib/python3.8/site-packages/airflow/example_dags/example_latest_only.py took 0.371 seconds
[2023-11-26T00:23:24.785+0000] {processor.py:157} INFO - Started process (PID=617) to work on /home/airflow/.local/lib/python3.8/site-packages/airflow/example_dags/example_latest_only.py
[2023-11-26T00:23:24.808+0000] {processor.py:829} INFO - Processing file /home/airflow/.local/lib/python3.8/site-packages/airflow/example_dags/example_latest_only.py for tasks to queue
[2023-11-26T00:23:24.825+0000] {logging_mixin.py:154} INFO - [2023-11-26T00:23:24.824+0000] {dagbag.py:536} INFO - Filling up the DagBag from /home/airflow/.local/lib/python3.8/site-packages/airflow/example_dags/example_latest_only.py
[2023-11-26T00:23:24.846+0000] {processor.py:839} INFO - DAG(s) dict_keys(['latest_only']) retrieved from /home/airflow/.local/lib/python3.8/site-packages/airflow/example_dags/example_latest_only.py
[2023-11-26T00:23:24.904+0000] {logging_mixin.py:154} INFO - [2023-11-26T00:23:24.903+0000] {dag.py:2941} INFO - Sync 1 DAGs
[2023-11-26T00:23:24.940+0000] {logging_mixin.py:154} INFO - [2023-11-26T00:23:24.940+0000] {dag.py:3722} INFO - Setting next_dagrun for latest_only to 2023-11-25T20:23:24.939782+00:00, run_after=2023-11-26T00:23:24.939782+00:00
[2023-11-26T00:23:24.978+0000] {processor.py:179} INFO - Processing /home/airflow/.local/lib/python3.8/site-packages/airflow/example_dags/example_latest_only.py took 0.204 seconds
[2023-11-26T00:23:55.524+0000] {processor.py:157} INFO - Started process (PID=671) to work on /home/airflow/.local/lib/python3.8/site-packages/airflow/example_dags/example_latest_only.py
[2023-11-26T00:23:55.526+0000] {processor.py:829} INFO - Processing file /home/airflow/.local/lib/python3.8/site-packages/airflow/example_dags/example_latest_only.py for tasks to queue
[2023-11-26T00:23:55.535+0000] {logging_mixin.py:154} INFO - [2023-11-26T00:23:55.533+0000] {dagbag.py:536} INFO - Filling up the DagBag from /home/airflow/.local/lib/python3.8/site-packages/airflow/example_dags/example_latest_only.py
[2023-11-26T00:23:55.544+0000] {processor.py:839} INFO - DAG(s) dict_keys(['latest_only']) retrieved from /home/airflow/.local/lib/python3.8/site-packages/airflow/example_dags/example_latest_only.py
[2023-11-26T00:23:55.591+0000] {logging_mixin.py:154} INFO - [2023-11-26T00:23:55.591+0000] {dag.py:2941} INFO - Sync 1 DAGs
[2023-11-26T00:23:55.678+0000] {logging_mixin.py:154} INFO - [2023-11-26T00:23:55.676+0000] {dag.py:3722} INFO - Setting next_dagrun for latest_only to 2023-11-25T20:23:55.673682+00:00, run_after=2023-11-26T00:23:55.673682+00:00
[2023-11-26T00:23:55.772+0000] {processor.py:179} INFO - Processing /home/airflow/.local/lib/python3.8/site-packages/airflow/example_dags/example_latest_only.py took 0.254 seconds
[2023-11-26T00:24:25.933+0000] {processor.py:157} INFO - Started process (PID=725) to work on /home/airflow/.local/lib/python3.8/site-packages/airflow/example_dags/example_latest_only.py
[2023-11-26T00:24:25.935+0000] {processor.py:829} INFO - Processing file /home/airflow/.local/lib/python3.8/site-packages/airflow/example_dags/example_latest_only.py for tasks to queue
[2023-11-26T00:24:25.940+0000] {logging_mixin.py:154} INFO - [2023-11-26T00:24:25.939+0000] {dagbag.py:536} INFO - Filling up the DagBag from /home/airflow/.local/lib/python3.8/site-packages/airflow/example_dags/example_latest_only.py
[2023-11-26T00:24:25.959+0000] {processor.py:839} INFO - DAG(s) dict_keys(['latest_only']) retrieved from /home/airflow/.local/lib/python3.8/site-packages/airflow/example_dags/example_latest_only.py
[2023-11-26T00:24:26.034+0000] {logging_mixin.py:154} INFO - [2023-11-26T00:24:26.033+0000] {dag.py:2941} INFO - Sync 1 DAGs
[2023-11-26T00:24:26.099+0000] {logging_mixin.py:154} INFO - [2023-11-26T00:24:26.098+0000] {dag.py:3722} INFO - Setting next_dagrun for latest_only to 2023-11-25T20:24:26.097520+00:00, run_after=2023-11-26T00:24:26.097520+00:00
[2023-11-26T00:24:26.157+0000] {processor.py:179} INFO - Processing /home/airflow/.local/lib/python3.8/site-packages/airflow/example_dags/example_latest_only.py took 0.232 seconds
[2023-11-26T00:24:56.643+0000] {processor.py:157} INFO - Started process (PID=779) to work on /home/airflow/.local/lib/python3.8/site-packages/airflow/example_dags/example_latest_only.py
[2023-11-26T00:24:56.648+0000] {processor.py:829} INFO - Processing file /home/airflow/.local/lib/python3.8/site-packages/airflow/example_dags/example_latest_only.py for tasks to queue
[2023-11-26T00:24:56.658+0000] {logging_mixin.py:154} INFO - [2023-11-26T00:24:56.657+0000] {dagbag.py:536} INFO - Filling up the DagBag from /home/airflow/.local/lib/python3.8/site-packages/airflow/example_dags/example_latest_only.py
[2023-11-26T00:24:56.694+0000] {processor.py:839} INFO - DAG(s) dict_keys(['latest_only']) retrieved from /home/airflow/.local/lib/python3.8/site-packages/airflow/example_dags/example_latest_only.py
[2023-11-26T00:24:56.747+0000] {logging_mixin.py:154} INFO - [2023-11-26T00:24:56.747+0000] {dag.py:2941} INFO - Sync 1 DAGs
[2023-11-26T00:24:56.836+0000] {logging_mixin.py:154} INFO - [2023-11-26T00:24:56.835+0000] {dag.py:3722} INFO - Setting next_dagrun for latest_only to 2023-11-25T20:24:56.835023+00:00, run_after=2023-11-26T00:24:56.835023+00:00
[2023-11-26T00:24:56.905+0000] {processor.py:179} INFO - Processing /home/airflow/.local/lib/python3.8/site-packages/airflow/example_dags/example_latest_only.py took 0.280 seconds
[2023-11-26T00:25:27.458+0000] {processor.py:157} INFO - Started process (PID=833) to work on /home/airflow/.local/lib/python3.8/site-packages/airflow/example_dags/example_latest_only.py
[2023-11-26T00:25:27.461+0000] {processor.py:829} INFO - Processing file /home/airflow/.local/lib/python3.8/site-packages/airflow/example_dags/example_latest_only.py for tasks to queue
[2023-11-26T00:25:27.465+0000] {logging_mixin.py:154} INFO - [2023-11-26T00:25:27.464+0000] {dagbag.py:536} INFO - Filling up the DagBag from /home/airflow/.local/lib/python3.8/site-packages/airflow/example_dags/example_latest_only.py
[2023-11-26T00:25:27.474+0000] {processor.py:839} INFO - DAG(s) dict_keys(['latest_only']) retrieved from /home/airflow/.local/lib/python3.8/site-packages/airflow/example_dags/example_latest_only.py
[2023-11-26T00:25:27.520+0000] {logging_mixin.py:154} INFO - [2023-11-26T00:25:27.519+0000] {dag.py:2941} INFO - Sync 1 DAGs
[2023-11-26T00:25:27.564+0000] {logging_mixin.py:154} INFO - [2023-11-26T00:25:27.564+0000] {dag.py:3722} INFO - Setting next_dagrun for latest_only to 2023-11-25T20:25:27.564179+00:00, run_after=2023-11-26T00:25:27.564179+00:00
[2023-11-26T00:25:27.615+0000] {processor.py:179} INFO - Processing /home/airflow/.local/lib/python3.8/site-packages/airflow/example_dags/example_latest_only.py took 0.165 seconds
[2023-11-26T00:25:58.494+0000] {processor.py:157} INFO - Started process (PID=887) to work on /home/airflow/.local/lib/python3.8/site-packages/airflow/example_dags/example_latest_only.py
[2023-11-26T00:25:58.497+0000] {processor.py:829} INFO - Processing file /home/airflow/.local/lib/python3.8/site-packages/airflow/example_dags/example_latest_only.py for tasks to queue
[2023-11-26T00:25:58.502+0000] {logging_mixin.py:154} INFO - [2023-11-26T00:25:58.502+0000] {dagbag.py:536} INFO - Filling up the DagBag from /home/airflow/.local/lib/python3.8/site-packages/airflow/example_dags/example_latest_only.py
[2023-11-26T00:25:58.510+0000] {processor.py:839} INFO - DAG(s) dict_keys(['latest_only']) retrieved from /home/airflow/.local/lib/python3.8/site-packages/airflow/example_dags/example_latest_only.py
[2023-11-26T00:25:58.552+0000] {logging_mixin.py:154} INFO - [2023-11-26T00:25:58.551+0000] {dag.py:2941} INFO - Sync 1 DAGs
[2023-11-26T00:25:58.591+0000] {logging_mixin.py:154} INFO - [2023-11-26T00:25:58.590+0000] {dag.py:3722} INFO - Setting next_dagrun for latest_only to 2023-11-25T20:25:58.590234+00:00, run_after=2023-11-26T00:25:58.590234+00:00
[2023-11-26T00:25:58.638+0000] {processor.py:179} INFO - Processing /home/airflow/.local/lib/python3.8/site-packages/airflow/example_dags/example_latest_only.py took 0.149 seconds
[2023-11-26T00:26:28.878+0000] {processor.py:157} INFO - Started process (PID=941) to work on /home/airflow/.local/lib/python3.8/site-packages/airflow/example_dags/example_latest_only.py
[2023-11-26T00:26:28.880+0000] {processor.py:829} INFO - Processing file /home/airflow/.local/lib/python3.8/site-packages/airflow/example_dags/example_latest_only.py for tasks to queue
[2023-11-26T00:26:28.886+0000] {logging_mixin.py:154} INFO - [2023-11-26T00:26:28.886+0000] {dagbag.py:536} INFO - Filling up the DagBag from /home/airflow/.local/lib/python3.8/site-packages/airflow/example_dags/example_latest_only.py
[2023-11-26T00:26:28.893+0000] {processor.py:839} INFO - DAG(s) dict_keys(['latest_only']) retrieved from /home/airflow/.local/lib/python3.8/site-packages/airflow/example_dags/example_latest_only.py
[2023-11-26T00:26:28.930+0000] {logging_mixin.py:154} INFO - [2023-11-26T00:26:28.930+0000] {dag.py:2941} INFO - Sync 1 DAGs
[2023-11-26T00:26:28.977+0000] {logging_mixin.py:154} INFO - [2023-11-26T00:26:28.976+0000] {dag.py:3722} INFO - Setting next_dagrun for latest_only to 2023-11-25T20:26:28.976362+00:00, run_after=2023-11-26T00:26:28.976362+00:00
[2023-11-26T00:26:29.021+0000] {processor.py:179} INFO - Processing /home/airflow/.local/lib/python3.8/site-packages/airflow/example_dags/example_latest_only.py took 0.151 seconds
[2023-11-26T00:26:59.525+0000] {processor.py:157} INFO - Started process (PID=995) to work on /home/airflow/.local/lib/python3.8/site-packages/airflow/example_dags/example_latest_only.py
[2023-11-26T00:26:59.527+0000] {processor.py:829} INFO - Processing file /home/airflow/.local/lib/python3.8/site-packages/airflow/example_dags/example_latest_only.py for tasks to queue
[2023-11-26T00:26:59.531+0000] {logging_mixin.py:154} INFO - [2023-11-26T00:26:59.531+0000] {dagbag.py:536} INFO - Filling up the DagBag from /home/airflow/.local/lib/python3.8/site-packages/airflow/example_dags/example_latest_only.py
[2023-11-26T00:26:59.539+0000] {processor.py:839} INFO - DAG(s) dict_keys(['latest_only']) retrieved from /home/airflow/.local/lib/python3.8/site-packages/airflow/example_dags/example_latest_only.py
[2023-11-26T00:26:59.577+0000] {logging_mixin.py:154} INFO - [2023-11-26T00:26:59.576+0000] {dag.py:2941} INFO - Sync 1 DAGs
[2023-11-26T00:26:59.612+0000] {logging_mixin.py:154} INFO - [2023-11-26T00:26:59.612+0000] {dag.py:3722} INFO - Setting next_dagrun for latest_only to 2023-11-25T20:26:59.611812+00:00, run_after=2023-11-26T00:26:59.611812+00:00
[2023-11-26T00:26:59.650+0000] {processor.py:179} INFO - Processing /home/airflow/.local/lib/python3.8/site-packages/airflow/example_dags/example_latest_only.py took 0.131 seconds
[2023-11-26T00:27:30.204+0000] {processor.py:157} INFO - Started process (PID=1049) to work on /home/airflow/.local/lib/python3.8/site-packages/airflow/example_dags/example_latest_only.py
[2023-11-26T00:27:30.209+0000] {processor.py:829} INFO - Processing file /home/airflow/.local/lib/python3.8/site-packages/airflow/example_dags/example_latest_only.py for tasks to queue
[2023-11-26T00:27:30.215+0000] {logging_mixin.py:154} INFO - [2023-11-26T00:27:30.215+0000] {dagbag.py:536} INFO - Filling up the DagBag from /home/airflow/.local/lib/python3.8/site-packages/airflow/example_dags/example_latest_only.py
[2023-11-26T00:27:30.230+0000] {processor.py:839} INFO - DAG(s) dict_keys(['latest_only']) retrieved from /home/airflow/.local/lib/python3.8/site-packages/airflow/example_dags/example_latest_only.py
[2023-11-26T00:27:30.273+0000] {logging_mixin.py:154} INFO - [2023-11-26T00:27:30.272+0000] {dag.py:2941} INFO - Sync 1 DAGs
[2023-11-26T00:27:30.301+0000] {logging_mixin.py:154} INFO - [2023-11-26T00:27:30.301+0000] {dag.py:3722} INFO - Setting next_dagrun for latest_only to 2023-11-25T20:27:30.301322+00:00, run_after=2023-11-26T00:27:30.301322+00:00
[2023-11-26T00:27:30.336+0000] {processor.py:179} INFO - Processing /home/airflow/.local/lib/python3.8/site-packages/airflow/example_dags/example_latest_only.py took 0.140 seconds
[2023-11-26T00:28:00.980+0000] {processor.py:157} INFO - Started process (PID=1103) to work on /home/airflow/.local/lib/python3.8/site-packages/airflow/example_dags/example_latest_only.py
[2023-11-26T00:28:00.981+0000] {processor.py:829} INFO - Processing file /home/airflow/.local/lib/python3.8/site-packages/airflow/example_dags/example_latest_only.py for tasks to queue
[2023-11-26T00:28:00.985+0000] {logging_mixin.py:154} INFO - [2023-11-26T00:28:00.985+0000] {dagbag.py:536} INFO - Filling up the DagBag from /home/airflow/.local/lib/python3.8/site-packages/airflow/example_dags/example_latest_only.py
[2023-11-26T00:28:00.990+0000] {processor.py:839} INFO - DAG(s) dict_keys(['latest_only']) retrieved from /home/airflow/.local/lib/python3.8/site-packages/airflow/example_dags/example_latest_only.py
[2023-11-26T00:28:01.019+0000] {logging_mixin.py:154} INFO - [2023-11-26T00:28:01.018+0000] {dag.py:2941} INFO - Sync 1 DAGs
[2023-11-26T00:28:01.047+0000] {logging_mixin.py:154} INFO - [2023-11-26T00:28:01.047+0000] {dag.py:3722} INFO - Setting next_dagrun for latest_only to 2023-11-25T20:28:01.046769+00:00, run_after=2023-11-26T00:28:01.046769+00:00
[2023-11-26T00:28:01.076+0000] {processor.py:179} INFO - Processing /home/airflow/.local/lib/python3.8/site-packages/airflow/example_dags/example_latest_only.py took 0.100 seconds
[2023-11-26T00:28:31.726+0000] {processor.py:157} INFO - Started process (PID=1154) to work on /home/airflow/.local/lib/python3.8/site-packages/airflow/example_dags/example_latest_only.py
[2023-11-26T00:28:31.729+0000] {processor.py:829} INFO - Processing file /home/airflow/.local/lib/python3.8/site-packages/airflow/example_dags/example_latest_only.py for tasks to queue
[2023-11-26T00:28:31.733+0000] {logging_mixin.py:154} INFO - [2023-11-26T00:28:31.732+0000] {dagbag.py:536} INFO - Filling up the DagBag from /home/airflow/.local/lib/python3.8/site-packages/airflow/example_dags/example_latest_only.py
[2023-11-26T00:28:31.738+0000] {processor.py:839} INFO - DAG(s) dict_keys(['latest_only']) retrieved from /home/airflow/.local/lib/python3.8/site-packages/airflow/example_dags/example_latest_only.py
[2023-11-26T00:28:31.765+0000] {logging_mixin.py:154} INFO - [2023-11-26T00:28:31.765+0000] {dag.py:2941} INFO - Sync 1 DAGs
[2023-11-26T00:28:31.789+0000] {logging_mixin.py:154} INFO - [2023-11-26T00:28:31.789+0000] {dag.py:3722} INFO - Setting next_dagrun for latest_only to 2023-11-25T20:28:31.789373+00:00, run_after=2023-11-26T00:28:31.789373+00:00
[2023-11-26T00:28:31.817+0000] {processor.py:179} INFO - Processing /home/airflow/.local/lib/python3.8/site-packages/airflow/example_dags/example_latest_only.py took 0.096 seconds
[2023-11-26T00:29:02.676+0000] {processor.py:157} INFO - Started process (PID=1208) to work on /home/airflow/.local/lib/python3.8/site-packages/airflow/example_dags/example_latest_only.py
[2023-11-26T00:29:02.679+0000] {processor.py:829} INFO - Processing file /home/airflow/.local/lib/python3.8/site-packages/airflow/example_dags/example_latest_only.py for tasks to queue
[2023-11-26T00:29:02.688+0000] {logging_mixin.py:154} INFO - [2023-11-26T00:29:02.687+0000] {dagbag.py:536} INFO - Filling up the DagBag from /home/airflow/.local/lib/python3.8/site-packages/airflow/example_dags/example_latest_only.py
[2023-11-26T00:29:02.695+0000] {processor.py:839} INFO - DAG(s) dict_keys(['latest_only']) retrieved from /home/airflow/.local/lib/python3.8/site-packages/airflow/example_dags/example_latest_only.py
[2023-11-26T00:29:02.730+0000] {logging_mixin.py:154} INFO - [2023-11-26T00:29:02.730+0000] {dag.py:2941} INFO - Sync 1 DAGs
[2023-11-26T00:29:02.759+0000] {logging_mixin.py:154} INFO - [2023-11-26T00:29:02.759+0000] {dag.py:3722} INFO - Setting next_dagrun for latest_only to 2023-11-25T20:29:02.758887+00:00, run_after=2023-11-26T00:29:02.758887+00:00
[2023-11-26T00:29:02.789+0000] {processor.py:179} INFO - Processing /home/airflow/.local/lib/python3.8/site-packages/airflow/example_dags/example_latest_only.py took 0.123 seconds
[2023-11-26T00:29:33.117+0000] {processor.py:157} INFO - Started process (PID=1262) to work on /home/airflow/.local/lib/python3.8/site-packages/airflow/example_dags/example_latest_only.py
[2023-11-26T00:29:33.122+0000] {processor.py:829} INFO - Processing file /home/airflow/.local/lib/python3.8/site-packages/airflow/example_dags/example_latest_only.py for tasks to queue
[2023-11-26T00:29:33.128+0000] {logging_mixin.py:154} INFO - [2023-11-26T00:29:33.127+0000] {dagbag.py:536} INFO - Filling up the DagBag from /home/airflow/.local/lib/python3.8/site-packages/airflow/example_dags/example_latest_only.py
[2023-11-26T00:29:33.141+0000] {processor.py:839} INFO - DAG(s) dict_keys(['latest_only']) retrieved from /home/airflow/.local/lib/python3.8/site-packages/airflow/example_dags/example_latest_only.py
[2023-11-26T00:29:33.202+0000] {logging_mixin.py:154} INFO - [2023-11-26T00:29:33.201+0000] {dag.py:2941} INFO - Sync 1 DAGs
[2023-11-26T00:29:33.267+0000] {logging_mixin.py:154} INFO - [2023-11-26T00:29:33.266+0000] {dag.py:3722} INFO - Setting next_dagrun for latest_only to 2023-11-25T20:29:33.266353+00:00, run_after=2023-11-26T00:29:33.266353+00:00
[2023-11-26T00:29:33.333+0000] {processor.py:179} INFO - Processing /home/airflow/.local/lib/python3.8/site-packages/airflow/example_dags/example_latest_only.py took 0.224 seconds
[2023-11-26T00:30:03.893+0000] {processor.py:157} INFO - Started process (PID=1316) to work on /home/airflow/.local/lib/python3.8/site-packages/airflow/example_dags/example_latest_only.py
[2023-11-26T00:30:03.895+0000] {processor.py:829} INFO - Processing file /home/airflow/.local/lib/python3.8/site-packages/airflow/example_dags/example_latest_only.py for tasks to queue
[2023-11-26T00:30:03.899+0000] {logging_mixin.py:154} INFO - [2023-11-26T00:30:03.899+0000] {dagbag.py:536} INFO - Filling up the DagBag from /home/airflow/.local/lib/python3.8/site-packages/airflow/example_dags/example_latest_only.py
[2023-11-26T00:30:03.905+0000] {processor.py:839} INFO - DAG(s) dict_keys(['latest_only']) retrieved from /home/airflow/.local/lib/python3.8/site-packages/airflow/example_dags/example_latest_only.py
[2023-11-26T00:30:03.950+0000] {logging_mixin.py:154} INFO - [2023-11-26T00:30:03.949+0000] {dag.py:2941} INFO - Sync 1 DAGs
[2023-11-26T00:30:03.983+0000] {logging_mixin.py:154} INFO - [2023-11-26T00:30:03.983+0000] {dag.py:3722} INFO - Setting next_dagrun for latest_only to 2023-11-25T20:30:03.983487+00:00, run_after=2023-11-26T00:30:03.983487+00:00
[2023-11-26T00:30:04.027+0000] {processor.py:179} INFO - Processing /home/airflow/.local/lib/python3.8/site-packages/airflow/example_dags/example_latest_only.py took 0.138 seconds
[2023-11-26T00:30:34.073+0000] {processor.py:157} INFO - Started process (PID=1370) to work on /home/airflow/.local/lib/python3.8/site-packages/airflow/example_dags/example_latest_only.py
[2023-11-26T00:30:34.075+0000] {processor.py:829} INFO - Processing file /home/airflow/.local/lib/python3.8/site-packages/airflow/example_dags/example_latest_only.py for tasks to queue
[2023-11-26T00:30:34.077+0000] {logging_mixin.py:154} INFO - [2023-11-26T00:30:34.077+0000] {dagbag.py:536} INFO - Filling up the DagBag from /home/airflow/.local/lib/python3.8/site-packages/airflow/example_dags/example_latest_only.py
[2023-11-26T00:30:34.081+0000] {processor.py:839} INFO - DAG(s) dict_keys(['latest_only']) retrieved from /home/airflow/.local/lib/python3.8/site-packages/airflow/example_dags/example_latest_only.py
[2023-11-26T00:30:34.100+0000] {logging_mixin.py:154} INFO - [2023-11-26T00:30:34.100+0000] {dag.py:2941} INFO - Sync 1 DAGs
[2023-11-26T00:30:34.120+0000] {logging_mixin.py:154} INFO - [2023-11-26T00:30:34.119+0000] {dag.py:3722} INFO - Setting next_dagrun for latest_only to 2023-11-25T20:30:34.119790+00:00, run_after=2023-11-26T00:30:34.119790+00:00
[2023-11-26T00:30:34.142+0000] {processor.py:179} INFO - Processing /home/airflow/.local/lib/python3.8/site-packages/airflow/example_dags/example_latest_only.py took 0.072 seconds
[2023-11-26T00:31:04.617+0000] {processor.py:157} INFO - Started process (PID=1424) to work on /home/airflow/.local/lib/python3.8/site-packages/airflow/example_dags/example_latest_only.py
[2023-11-26T00:31:04.619+0000] {processor.py:829} INFO - Processing file /home/airflow/.local/lib/python3.8/site-packages/airflow/example_dags/example_latest_only.py for tasks to queue
[2023-11-26T00:31:04.625+0000] {logging_mixin.py:154} INFO - [2023-11-26T00:31:04.624+0000] {dagbag.py:536} INFO - Filling up the DagBag from /home/airflow/.local/lib/python3.8/site-packages/airflow/example_dags/example_latest_only.py
[2023-11-26T00:31:04.632+0000] {processor.py:839} INFO - DAG(s) dict_keys(['latest_only']) retrieved from /home/airflow/.local/lib/python3.8/site-packages/airflow/example_dags/example_latest_only.py
[2023-11-26T00:31:04.671+0000] {logging_mixin.py:154} INFO - [2023-11-26T00:31:04.670+0000] {dag.py:2941} INFO - Sync 1 DAGs
[2023-11-26T00:31:04.712+0000] {logging_mixin.py:154} INFO - [2023-11-26T00:31:04.712+0000] {dag.py:3722} INFO - Setting next_dagrun for latest_only to 2023-11-25T20:31:04.711832+00:00, run_after=2023-11-26T00:31:04.711832+00:00
[2023-11-26T00:31:04.739+0000] {processor.py:179} INFO - Processing /home/airflow/.local/lib/python3.8/site-packages/airflow/example_dags/example_latest_only.py took 0.127 seconds
[2023-11-26T00:31:35.154+0000] {processor.py:157} INFO - Started process (PID=1478) to work on /home/airflow/.local/lib/python3.8/site-packages/airflow/example_dags/example_latest_only.py
[2023-11-26T00:31:35.156+0000] {processor.py:829} INFO - Processing file /home/airflow/.local/lib/python3.8/site-packages/airflow/example_dags/example_latest_only.py for tasks to queue
[2023-11-26T00:31:35.170+0000] {logging_mixin.py:154} INFO - [2023-11-26T00:31:35.160+0000] {dagbag.py:536} INFO - Filling up the DagBag from /home/airflow/.local/lib/python3.8/site-packages/airflow/example_dags/example_latest_only.py
[2023-11-26T00:31:35.184+0000] {processor.py:839} INFO - DAG(s) dict_keys(['latest_only']) retrieved from /home/airflow/.local/lib/python3.8/site-packages/airflow/example_dags/example_latest_only.py
[2023-11-26T00:31:35.218+0000] {logging_mixin.py:154} INFO - [2023-11-26T00:31:35.217+0000] {dag.py:2941} INFO - Sync 1 DAGs
[2023-11-26T00:31:35.257+0000] {logging_mixin.py:154} INFO - [2023-11-26T00:31:35.256+0000] {dag.py:3722} INFO - Setting next_dagrun for latest_only to 2023-11-25T20:31:35.255933+00:00, run_after=2023-11-26T00:31:35.255933+00:00
[2023-11-26T00:31:35.292+0000] {processor.py:179} INFO - Processing /home/airflow/.local/lib/python3.8/site-packages/airflow/example_dags/example_latest_only.py took 0.141 seconds
[2023-11-26T00:32:05.740+0000] {processor.py:157} INFO - Started process (PID=1532) to work on /home/airflow/.local/lib/python3.8/site-packages/airflow/example_dags/example_latest_only.py
[2023-11-26T00:32:05.743+0000] {processor.py:829} INFO - Processing file /home/airflow/.local/lib/python3.8/site-packages/airflow/example_dags/example_latest_only.py for tasks to queue
[2023-11-26T00:32:05.749+0000] {logging_mixin.py:154} INFO - [2023-11-26T00:32:05.749+0000] {dagbag.py:536} INFO - Filling up the DagBag from /home/airflow/.local/lib/python3.8/site-packages/airflow/example_dags/example_latest_only.py
[2023-11-26T00:32:05.757+0000] {processor.py:839} INFO - DAG(s) dict_keys(['latest_only']) retrieved from /home/airflow/.local/lib/python3.8/site-packages/airflow/example_dags/example_latest_only.py
[2023-11-26T00:32:05.791+0000] {logging_mixin.py:154} INFO - [2023-11-26T00:32:05.790+0000] {dag.py:2941} INFO - Sync 1 DAGs
[2023-11-26T00:32:05.819+0000] {logging_mixin.py:154} INFO - [2023-11-26T00:32:05.819+0000] {dag.py:3722} INFO - Setting next_dagrun for latest_only to 2023-11-25T20:32:05.819434+00:00, run_after=2023-11-26T00:32:05.819434+00:00
[2023-11-26T00:32:05.869+0000] {processor.py:179} INFO - Processing /home/airflow/.local/lib/python3.8/site-packages/airflow/example_dags/example_latest_only.py took 0.139 seconds
[2023-11-26T00:32:36.857+0000] {processor.py:157} INFO - Started process (PID=1586) to work on /home/airflow/.local/lib/python3.8/site-packages/airflow/example_dags/example_latest_only.py
[2023-11-26T00:32:36.859+0000] {processor.py:829} INFO - Processing file /home/airflow/.local/lib/python3.8/site-packages/airflow/example_dags/example_latest_only.py for tasks to queue
[2023-11-26T00:32:36.861+0000] {logging_mixin.py:154} INFO - [2023-11-26T00:32:36.861+0000] {dagbag.py:536} INFO - Filling up the DagBag from /home/airflow/.local/lib/python3.8/site-packages/airflow/example_dags/example_latest_only.py
[2023-11-26T00:32:36.865+0000] {processor.py:839} INFO - DAG(s) dict_keys(['latest_only']) retrieved from /home/airflow/.local/lib/python3.8/site-packages/airflow/example_dags/example_latest_only.py
[2023-11-26T00:32:36.885+0000] {logging_mixin.py:154} INFO - [2023-11-26T00:32:36.884+0000] {dag.py:2941} INFO - Sync 1 DAGs
[2023-11-26T00:32:36.905+0000] {logging_mixin.py:154} INFO - [2023-11-26T00:32:36.905+0000] {dag.py:3722} INFO - Setting next_dagrun for latest_only to 2023-11-25T20:32:36.904954+00:00, run_after=2023-11-26T00:32:36.904954+00:00
[2023-11-26T00:32:36.932+0000] {processor.py:179} INFO - Processing /home/airflow/.local/lib/python3.8/site-packages/airflow/example_dags/example_latest_only.py took 0.077 seconds
[2023-11-26T00:33:07.219+0000] {processor.py:157} INFO - Started process (PID=1640) to work on /home/airflow/.local/lib/python3.8/site-packages/airflow/example_dags/example_latest_only.py
[2023-11-26T00:33:07.220+0000] {processor.py:829} INFO - Processing file /home/airflow/.local/lib/python3.8/site-packages/airflow/example_dags/example_latest_only.py for tasks to queue
[2023-11-26T00:33:07.222+0000] {logging_mixin.py:154} INFO - [2023-11-26T00:33:07.222+0000] {dagbag.py:536} INFO - Filling up the DagBag from /home/airflow/.local/lib/python3.8/site-packages/airflow/example_dags/example_latest_only.py
[2023-11-26T00:33:07.226+0000] {processor.py:839} INFO - DAG(s) dict_keys(['latest_only']) retrieved from /home/airflow/.local/lib/python3.8/site-packages/airflow/example_dags/example_latest_only.py
[2023-11-26T00:33:07.244+0000] {logging_mixin.py:154} INFO - [2023-11-26T00:33:07.244+0000] {dag.py:2941} INFO - Sync 1 DAGs
[2023-11-26T00:33:07.262+0000] {logging_mixin.py:154} INFO - [2023-11-26T00:33:07.262+0000] {dag.py:3722} INFO - Setting next_dagrun for latest_only to 2023-11-25T20:33:07.262062+00:00, run_after=2023-11-26T00:33:07.262062+00:00
[2023-11-26T00:33:07.282+0000] {processor.py:179} INFO - Processing /home/airflow/.local/lib/python3.8/site-packages/airflow/example_dags/example_latest_only.py took 0.067 seconds
[2023-11-26T00:33:37.742+0000] {processor.py:157} INFO - Started process (PID=1694) to work on /home/airflow/.local/lib/python3.8/site-packages/airflow/example_dags/example_latest_only.py
[2023-11-26T00:33:37.744+0000] {processor.py:829} INFO - Processing file /home/airflow/.local/lib/python3.8/site-packages/airflow/example_dags/example_latest_only.py for tasks to queue
[2023-11-26T00:33:37.749+0000] {logging_mixin.py:154} INFO - [2023-11-26T00:33:37.749+0000] {dagbag.py:536} INFO - Filling up the DagBag from /home/airflow/.local/lib/python3.8/site-packages/airflow/example_dags/example_latest_only.py
[2023-11-26T00:33:37.760+0000] {processor.py:839} INFO - DAG(s) dict_keys(['latest_only']) retrieved from /home/airflow/.local/lib/python3.8/site-packages/airflow/example_dags/example_latest_only.py
[2023-11-26T00:33:37.795+0000] {logging_mixin.py:154} INFO - [2023-11-26T00:33:37.794+0000] {dag.py:2941} INFO - Sync 1 DAGs
[2023-11-26T00:33:37.821+0000] {logging_mixin.py:154} INFO - [2023-11-26T00:33:37.821+0000] {dag.py:3722} INFO - Setting next_dagrun for latest_only to 2023-11-25T20:33:37.821031+00:00, run_after=2023-11-26T00:33:37.821031+00:00
[2023-11-26T00:33:37.846+0000] {processor.py:179} INFO - Processing /home/airflow/.local/lib/python3.8/site-packages/airflow/example_dags/example_latest_only.py took 0.109 seconds
[2023-11-26T00:34:08.632+0000] {processor.py:157} INFO - Started process (PID=1748) to work on /home/airflow/.local/lib/python3.8/site-packages/airflow/example_dags/example_latest_only.py
[2023-11-26T00:34:08.634+0000] {processor.py:829} INFO - Processing file /home/airflow/.local/lib/python3.8/site-packages/airflow/example_dags/example_latest_only.py for tasks to queue
[2023-11-26T00:34:08.637+0000] {logging_mixin.py:154} INFO - [2023-11-26T00:34:08.637+0000] {dagbag.py:536} INFO - Filling up the DagBag from /home/airflow/.local/lib/python3.8/site-packages/airflow/example_dags/example_latest_only.py
[2023-11-26T00:34:08.643+0000] {processor.py:839} INFO - DAG(s) dict_keys(['latest_only']) retrieved from /home/airflow/.local/lib/python3.8/site-packages/airflow/example_dags/example_latest_only.py
[2023-11-26T00:34:08.662+0000] {logging_mixin.py:154} INFO - [2023-11-26T00:34:08.661+0000] {dag.py:2941} INFO - Sync 1 DAGs
[2023-11-26T00:34:08.684+0000] {logging_mixin.py:154} INFO - [2023-11-26T00:34:08.684+0000] {dag.py:3722} INFO - Setting next_dagrun for latest_only to 2023-11-25T20:34:08.684188+00:00, run_after=2023-11-26T00:34:08.684188+00:00
[2023-11-26T00:34:08.709+0000] {processor.py:179} INFO - Processing /home/airflow/.local/lib/python3.8/site-packages/airflow/example_dags/example_latest_only.py took 0.080 seconds
[2023-11-26T00:34:39.016+0000] {processor.py:157} INFO - Started process (PID=1802) to work on /home/airflow/.local/lib/python3.8/site-packages/airflow/example_dags/example_latest_only.py
[2023-11-26T00:34:39.018+0000] {processor.py:829} INFO - Processing file /home/airflow/.local/lib/python3.8/site-packages/airflow/example_dags/example_latest_only.py for tasks to queue
[2023-11-26T00:34:39.022+0000] {logging_mixin.py:154} INFO - [2023-11-26T00:34:39.022+0000] {dagbag.py:536} INFO - Filling up the DagBag from /home/airflow/.local/lib/python3.8/site-packages/airflow/example_dags/example_latest_only.py
[2023-11-26T00:34:39.026+0000] {processor.py:839} INFO - DAG(s) dict_keys(['latest_only']) retrieved from /home/airflow/.local/lib/python3.8/site-packages/airflow/example_dags/example_latest_only.py
[2023-11-26T00:34:39.047+0000] {logging_mixin.py:154} INFO - [2023-11-26T00:34:39.047+0000] {dag.py:2941} INFO - Sync 1 DAGs
[2023-11-26T00:34:39.068+0000] {logging_mixin.py:154} INFO - [2023-11-26T00:34:39.068+0000] {dag.py:3722} INFO - Setting next_dagrun for latest_only to 2023-11-25T20:34:39.068036+00:00, run_after=2023-11-26T00:34:39.068036+00:00
[2023-11-26T00:34:39.092+0000] {processor.py:179} INFO - Processing /home/airflow/.local/lib/python3.8/site-packages/airflow/example_dags/example_latest_only.py took 0.081 seconds
[2023-11-26T00:35:09.434+0000] {processor.py:157} INFO - Started process (PID=1856) to work on /home/airflow/.local/lib/python3.8/site-packages/airflow/example_dags/example_latest_only.py
[2023-11-26T00:35:09.436+0000] {processor.py:829} INFO - Processing file /home/airflow/.local/lib/python3.8/site-packages/airflow/example_dags/example_latest_only.py for tasks to queue
[2023-11-26T00:35:09.438+0000] {logging_mixin.py:154} INFO - [2023-11-26T00:35:09.438+0000] {dagbag.py:536} INFO - Filling up the DagBag from /home/airflow/.local/lib/python3.8/site-packages/airflow/example_dags/example_latest_only.py
[2023-11-26T00:35:09.442+0000] {processor.py:839} INFO - DAG(s) dict_keys(['latest_only']) retrieved from /home/airflow/.local/lib/python3.8/site-packages/airflow/example_dags/example_latest_only.py
[2023-11-26T00:35:09.461+0000] {logging_mixin.py:154} INFO - [2023-11-26T00:35:09.461+0000] {dag.py:2941} INFO - Sync 1 DAGs
[2023-11-26T00:35:09.480+0000] {logging_mixin.py:154} INFO - [2023-11-26T00:35:09.480+0000] {dag.py:3722} INFO - Setting next_dagrun for latest_only to 2023-11-25T20:35:09.480331+00:00, run_after=2023-11-26T00:35:09.480331+00:00
[2023-11-26T00:35:09.503+0000] {processor.py:179} INFO - Processing /home/airflow/.local/lib/python3.8/site-packages/airflow/example_dags/example_latest_only.py took 0.071 seconds
[2023-11-26T00:35:39.812+0000] {processor.py:157} INFO - Started process (PID=1910) to work on /home/airflow/.local/lib/python3.8/site-packages/airflow/example_dags/example_latest_only.py
[2023-11-26T00:35:39.813+0000] {processor.py:829} INFO - Processing file /home/airflow/.local/lib/python3.8/site-packages/airflow/example_dags/example_latest_only.py for tasks to queue
[2023-11-26T00:35:39.817+0000] {logging_mixin.py:154} INFO - [2023-11-26T00:35:39.816+0000] {dagbag.py:536} INFO - Filling up the DagBag from /home/airflow/.local/lib/python3.8/site-packages/airflow/example_dags/example_latest_only.py
[2023-11-26T00:35:39.822+0000] {processor.py:839} INFO - DAG(s) dict_keys(['latest_only']) retrieved from /home/airflow/.local/lib/python3.8/site-packages/airflow/example_dags/example_latest_only.py
[2023-11-26T00:35:39.841+0000] {logging_mixin.py:154} INFO - [2023-11-26T00:35:39.841+0000] {dag.py:2941} INFO - Sync 1 DAGs
[2023-11-26T00:35:39.861+0000] {logging_mixin.py:154} INFO - [2023-11-26T00:35:39.861+0000] {dag.py:3722} INFO - Setting next_dagrun for latest_only to 2023-11-25T20:35:39.860836+00:00, run_after=2023-11-26T00:35:39.860836+00:00
[2023-11-26T00:35:39.885+0000] {processor.py:179} INFO - Processing /home/airflow/.local/lib/python3.8/site-packages/airflow/example_dags/example_latest_only.py took 0.077 seconds
[2023-11-26T00:36:10.154+0000] {processor.py:157} INFO - Started process (PID=1964) to work on /home/airflow/.local/lib/python3.8/site-packages/airflow/example_dags/example_latest_only.py
[2023-11-26T00:36:10.155+0000] {processor.py:829} INFO - Processing file /home/airflow/.local/lib/python3.8/site-packages/airflow/example_dags/example_latest_only.py for tasks to queue
[2023-11-26T00:36:10.158+0000] {logging_mixin.py:154} INFO - [2023-11-26T00:36:10.158+0000] {dagbag.py:536} INFO - Filling up the DagBag from /home/airflow/.local/lib/python3.8/site-packages/airflow/example_dags/example_latest_only.py
[2023-11-26T00:36:10.162+0000] {processor.py:839} INFO - DAG(s) dict_keys(['latest_only']) retrieved from /home/airflow/.local/lib/python3.8/site-packages/airflow/example_dags/example_latest_only.py
[2023-11-26T00:36:10.182+0000] {logging_mixin.py:154} INFO - [2023-11-26T00:36:10.181+0000] {dag.py:2941} INFO - Sync 1 DAGs
[2023-11-26T00:36:10.202+0000] {logging_mixin.py:154} INFO - [2023-11-26T00:36:10.202+0000] {dag.py:3722} INFO - Setting next_dagrun for latest_only to 2023-11-25T20:36:10.202454+00:00, run_after=2023-11-26T00:36:10.202454+00:00
[2023-11-26T00:36:10.225+0000] {processor.py:179} INFO - Processing /home/airflow/.local/lib/python3.8/site-packages/airflow/example_dags/example_latest_only.py took 0.074 seconds
[2023-11-26T00:36:41.013+0000] {processor.py:157} INFO - Started process (PID=2018) to work on /home/airflow/.local/lib/python3.8/site-packages/airflow/example_dags/example_latest_only.py
[2023-11-26T00:36:41.015+0000] {processor.py:829} INFO - Processing file /home/airflow/.local/lib/python3.8/site-packages/airflow/example_dags/example_latest_only.py for tasks to queue
[2023-11-26T00:36:41.018+0000] {logging_mixin.py:154} INFO - [2023-11-26T00:36:41.017+0000] {dagbag.py:536} INFO - Filling up the DagBag from /home/airflow/.local/lib/python3.8/site-packages/airflow/example_dags/example_latest_only.py
[2023-11-26T00:36:41.022+0000] {processor.py:839} INFO - DAG(s) dict_keys(['latest_only']) retrieved from /home/airflow/.local/lib/python3.8/site-packages/airflow/example_dags/example_latest_only.py
[2023-11-26T00:36:41.042+0000] {logging_mixin.py:154} INFO - [2023-11-26T00:36:41.042+0000] {dag.py:2941} INFO - Sync 1 DAGs
[2023-11-26T00:36:41.062+0000] {logging_mixin.py:154} INFO - [2023-11-26T00:36:41.062+0000] {dag.py:3722} INFO - Setting next_dagrun for latest_only to 2023-11-25T20:36:41.062339+00:00, run_after=2023-11-26T00:36:41.062339+00:00
[2023-11-26T00:36:41.086+0000] {processor.py:179} INFO - Processing /home/airflow/.local/lib/python3.8/site-packages/airflow/example_dags/example_latest_only.py took 0.075 seconds
[2023-11-26T00:37:11.807+0000] {processor.py:157} INFO - Started process (PID=2072) to work on /home/airflow/.local/lib/python3.8/site-packages/airflow/example_dags/example_latest_only.py
[2023-11-26T00:37:11.809+0000] {processor.py:829} INFO - Processing file /home/airflow/.local/lib/python3.8/site-packages/airflow/example_dags/example_latest_only.py for tasks to queue
[2023-11-26T00:37:11.812+0000] {logging_mixin.py:154} INFO - [2023-11-26T00:37:11.812+0000] {dagbag.py:536} INFO - Filling up the DagBag from /home/airflow/.local/lib/python3.8/site-packages/airflow/example_dags/example_latest_only.py
[2023-11-26T00:37:11.816+0000] {processor.py:839} INFO - DAG(s) dict_keys(['latest_only']) retrieved from /home/airflow/.local/lib/python3.8/site-packages/airflow/example_dags/example_latest_only.py
[2023-11-26T00:37:11.835+0000] {logging_mixin.py:154} INFO - [2023-11-26T00:37:11.835+0000] {dag.py:2941} INFO - Sync 1 DAGs
[2023-11-26T00:37:11.855+0000] {logging_mixin.py:154} INFO - [2023-11-26T00:37:11.855+0000] {dag.py:3722} INFO - Setting next_dagrun for latest_only to 2023-11-25T20:37:11.855140+00:00, run_after=2023-11-26T00:37:11.855140+00:00
[2023-11-26T00:37:11.875+0000] {processor.py:179} INFO - Processing /home/airflow/.local/lib/python3.8/site-packages/airflow/example_dags/example_latest_only.py took 0.071 seconds
[2023-11-26T00:37:42.333+0000] {processor.py:157} INFO - Started process (PID=2126) to work on /home/airflow/.local/lib/python3.8/site-packages/airflow/example_dags/example_latest_only.py
[2023-11-26T00:37:42.337+0000] {processor.py:829} INFO - Processing file /home/airflow/.local/lib/python3.8/site-packages/airflow/example_dags/example_latest_only.py for tasks to queue
[2023-11-26T00:37:42.342+0000] {logging_mixin.py:154} INFO - [2023-11-26T00:37:42.341+0000] {dagbag.py:536} INFO - Filling up the DagBag from /home/airflow/.local/lib/python3.8/site-packages/airflow/example_dags/example_latest_only.py
[2023-11-26T00:37:42.347+0000] {processor.py:839} INFO - DAG(s) dict_keys(['latest_only']) retrieved from /home/airflow/.local/lib/python3.8/site-packages/airflow/example_dags/example_latest_only.py
[2023-11-26T00:37:42.370+0000] {logging_mixin.py:154} INFO - [2023-11-26T00:37:42.370+0000] {dag.py:2941} INFO - Sync 1 DAGs
[2023-11-26T00:37:42.393+0000] {logging_mixin.py:154} INFO - [2023-11-26T00:37:42.393+0000] {dag.py:3722} INFO - Setting next_dagrun for latest_only to 2023-11-25T20:37:42.393475+00:00, run_after=2023-11-26T00:37:42.393475+00:00
[2023-11-26T00:37:42.417+0000] {processor.py:179} INFO - Processing /home/airflow/.local/lib/python3.8/site-packages/airflow/example_dags/example_latest_only.py took 0.090 seconds
[2023-11-26T00:38:13.365+0000] {processor.py:157} INFO - Started process (PID=2180) to work on /home/airflow/.local/lib/python3.8/site-packages/airflow/example_dags/example_latest_only.py
[2023-11-26T00:38:13.367+0000] {processor.py:829} INFO - Processing file /home/airflow/.local/lib/python3.8/site-packages/airflow/example_dags/example_latest_only.py for tasks to queue
[2023-11-26T00:38:13.370+0000] {logging_mixin.py:154} INFO - [2023-11-26T00:38:13.370+0000] {dagbag.py:536} INFO - Filling up the DagBag from /home/airflow/.local/lib/python3.8/site-packages/airflow/example_dags/example_latest_only.py
[2023-11-26T00:38:13.375+0000] {processor.py:839} INFO - DAG(s) dict_keys(['latest_only']) retrieved from /home/airflow/.local/lib/python3.8/site-packages/airflow/example_dags/example_latest_only.py
[2023-11-26T00:38:13.398+0000] {logging_mixin.py:154} INFO - [2023-11-26T00:38:13.398+0000] {dag.py:2941} INFO - Sync 1 DAGs
[2023-11-26T00:38:13.419+0000] {logging_mixin.py:154} INFO - [2023-11-26T00:38:13.419+0000] {dag.py:3722} INFO - Setting next_dagrun for latest_only to 2023-11-25T20:38:13.419324+00:00, run_after=2023-11-26T00:38:13.419324+00:00
[2023-11-26T00:38:13.442+0000] {processor.py:179} INFO - Processing /home/airflow/.local/lib/python3.8/site-packages/airflow/example_dags/example_latest_only.py took 0.079 seconds
[2023-11-26T00:38:43.648+0000] {processor.py:157} INFO - Started process (PID=2234) to work on /home/airflow/.local/lib/python3.8/site-packages/airflow/example_dags/example_latest_only.py
[2023-11-26T00:38:43.649+0000] {processor.py:829} INFO - Processing file /home/airflow/.local/lib/python3.8/site-packages/airflow/example_dags/example_latest_only.py for tasks to queue
[2023-11-26T00:38:43.652+0000] {logging_mixin.py:154} INFO - [2023-11-26T00:38:43.652+0000] {dagbag.py:536} INFO - Filling up the DagBag from /home/airflow/.local/lib/python3.8/site-packages/airflow/example_dags/example_latest_only.py
[2023-11-26T00:38:43.659+0000] {processor.py:839} INFO - DAG(s) dict_keys(['latest_only']) retrieved from /home/airflow/.local/lib/python3.8/site-packages/airflow/example_dags/example_latest_only.py
[2023-11-26T00:38:43.682+0000] {logging_mixin.py:154} INFO - [2023-11-26T00:38:43.681+0000] {dag.py:2941} INFO - Sync 1 DAGs
[2023-11-26T00:38:43.704+0000] {logging_mixin.py:154} INFO - [2023-11-26T00:38:43.704+0000] {dag.py:3722} INFO - Setting next_dagrun for latest_only to 2023-11-25T20:38:43.704008+00:00, run_after=2023-11-26T00:38:43.704008+00:00
[2023-11-26T00:38:43.848+0000] {processor.py:179} INFO - Processing /home/airflow/.local/lib/python3.8/site-packages/airflow/example_dags/example_latest_only.py took 0.204 seconds
[2023-11-26T00:39:13.993+0000] {processor.py:157} INFO - Started process (PID=2289) to work on /home/airflow/.local/lib/python3.8/site-packages/airflow/example_dags/example_latest_only.py
[2023-11-26T00:39:13.994+0000] {processor.py:829} INFO - Processing file /home/airflow/.local/lib/python3.8/site-packages/airflow/example_dags/example_latest_only.py for tasks to queue
[2023-11-26T00:39:13.997+0000] {logging_mixin.py:154} INFO - [2023-11-26T00:39:13.997+0000] {dagbag.py:536} INFO - Filling up the DagBag from /home/airflow/.local/lib/python3.8/site-packages/airflow/example_dags/example_latest_only.py
[2023-11-26T00:39:14.001+0000] {processor.py:839} INFO - DAG(s) dict_keys(['latest_only']) retrieved from /home/airflow/.local/lib/python3.8/site-packages/airflow/example_dags/example_latest_only.py
[2023-11-26T00:39:14.023+0000] {logging_mixin.py:154} INFO - [2023-11-26T00:39:14.022+0000] {dag.py:2941} INFO - Sync 1 DAGs
[2023-11-26T00:39:14.047+0000] {logging_mixin.py:154} INFO - [2023-11-26T00:39:14.047+0000] {dag.py:3722} INFO - Setting next_dagrun for latest_only to 2023-11-25T20:39:14.047297+00:00, run_after=2023-11-26T00:39:14.047297+00:00
[2023-11-26T00:39:14.073+0000] {processor.py:179} INFO - Processing /home/airflow/.local/lib/python3.8/site-packages/airflow/example_dags/example_latest_only.py took 0.084 seconds
[2023-11-26T00:39:44.138+0000] {processor.py:157} INFO - Started process (PID=2342) to work on /home/airflow/.local/lib/python3.8/site-packages/airflow/example_dags/example_latest_only.py
[2023-11-26T00:39:44.141+0000] {processor.py:829} INFO - Processing file /home/airflow/.local/lib/python3.8/site-packages/airflow/example_dags/example_latest_only.py for tasks to queue
[2023-11-26T00:39:44.145+0000] {logging_mixin.py:154} INFO - [2023-11-26T00:39:44.145+0000] {dagbag.py:536} INFO - Filling up the DagBag from /home/airflow/.local/lib/python3.8/site-packages/airflow/example_dags/example_latest_only.py
[2023-11-26T00:39:44.150+0000] {processor.py:839} INFO - DAG(s) dict_keys(['latest_only']) retrieved from /home/airflow/.local/lib/python3.8/site-packages/airflow/example_dags/example_latest_only.py
[2023-11-26T00:39:44.171+0000] {logging_mixin.py:154} INFO - [2023-11-26T00:39:44.171+0000] {dag.py:2941} INFO - Sync 1 DAGs
[2023-11-26T00:39:44.191+0000] {logging_mixin.py:154} INFO - [2023-11-26T00:39:44.191+0000] {dag.py:3722} INFO - Setting next_dagrun for latest_only to 2023-11-25T20:39:44.191515+00:00, run_after=2023-11-26T00:39:44.191515+00:00
[2023-11-26T00:39:44.214+0000] {processor.py:179} INFO - Processing /home/airflow/.local/lib/python3.8/site-packages/airflow/example_dags/example_latest_only.py took 0.082 seconds
[2023-11-26T00:40:14.461+0000] {processor.py:157} INFO - Started process (PID=2396) to work on /home/airflow/.local/lib/python3.8/site-packages/airflow/example_dags/example_latest_only.py
[2023-11-26T00:40:14.463+0000] {processor.py:829} INFO - Processing file /home/airflow/.local/lib/python3.8/site-packages/airflow/example_dags/example_latest_only.py for tasks to queue
[2023-11-26T00:40:14.466+0000] {logging_mixin.py:154} INFO - [2023-11-26T00:40:14.466+0000] {dagbag.py:536} INFO - Filling up the DagBag from /home/airflow/.local/lib/python3.8/site-packages/airflow/example_dags/example_latest_only.py
[2023-11-26T00:40:14.471+0000] {processor.py:839} INFO - DAG(s) dict_keys(['latest_only']) retrieved from /home/airflow/.local/lib/python3.8/site-packages/airflow/example_dags/example_latest_only.py
[2023-11-26T00:40:14.498+0000] {logging_mixin.py:154} INFO - [2023-11-26T00:40:14.498+0000] {dag.py:2941} INFO - Sync 1 DAGs
[2023-11-26T00:40:14.522+0000] {logging_mixin.py:154} INFO - [2023-11-26T00:40:14.522+0000] {dag.py:3722} INFO - Setting next_dagrun for latest_only to 2023-11-25T20:40:14.522137+00:00, run_after=2023-11-26T00:40:14.522137+00:00
[2023-11-26T00:40:14.675+0000] {processor.py:179} INFO - Processing /home/airflow/.local/lib/python3.8/site-packages/airflow/example_dags/example_latest_only.py took 0.217 seconds
[2023-11-26T00:40:44.937+0000] {processor.py:157} INFO - Started process (PID=2450) to work on /home/airflow/.local/lib/python3.8/site-packages/airflow/example_dags/example_latest_only.py
[2023-11-26T00:40:44.939+0000] {processor.py:829} INFO - Processing file /home/airflow/.local/lib/python3.8/site-packages/airflow/example_dags/example_latest_only.py for tasks to queue
[2023-11-26T00:40:44.942+0000] {logging_mixin.py:154} INFO - [2023-11-26T00:40:44.942+0000] {dagbag.py:536} INFO - Filling up the DagBag from /home/airflow/.local/lib/python3.8/site-packages/airflow/example_dags/example_latest_only.py
[2023-11-26T00:40:44.947+0000] {processor.py:839} INFO - DAG(s) dict_keys(['latest_only']) retrieved from /home/airflow/.local/lib/python3.8/site-packages/airflow/example_dags/example_latest_only.py
[2023-11-26T00:40:44.968+0000] {logging_mixin.py:154} INFO - [2023-11-26T00:40:44.967+0000] {dag.py:2941} INFO - Sync 1 DAGs
[2023-11-26T00:40:44.987+0000] {logging_mixin.py:154} INFO - [2023-11-26T00:40:44.987+0000] {dag.py:3722} INFO - Setting next_dagrun for latest_only to 2023-11-25T20:40:44.987444+00:00, run_after=2023-11-26T00:40:44.987444+00:00
[2023-11-26T00:40:45.011+0000] {processor.py:179} INFO - Processing /home/airflow/.local/lib/python3.8/site-packages/airflow/example_dags/example_latest_only.py took 0.078 seconds
[2023-11-26T00:41:15.301+0000] {processor.py:157} INFO - Started process (PID=2504) to work on /home/airflow/.local/lib/python3.8/site-packages/airflow/example_dags/example_latest_only.py
[2023-11-26T00:41:15.302+0000] {processor.py:829} INFO - Processing file /home/airflow/.local/lib/python3.8/site-packages/airflow/example_dags/example_latest_only.py for tasks to queue
[2023-11-26T00:41:15.305+0000] {logging_mixin.py:154} INFO - [2023-11-26T00:41:15.305+0000] {dagbag.py:536} INFO - Filling up the DagBag from /home/airflow/.local/lib/python3.8/site-packages/airflow/example_dags/example_latest_only.py
[2023-11-26T00:41:15.309+0000] {processor.py:839} INFO - DAG(s) dict_keys(['latest_only']) retrieved from /home/airflow/.local/lib/python3.8/site-packages/airflow/example_dags/example_latest_only.py
[2023-11-26T00:41:15.329+0000] {logging_mixin.py:154} INFO - [2023-11-26T00:41:15.329+0000] {dag.py:2941} INFO - Sync 1 DAGs
[2023-11-26T00:41:15.349+0000] {logging_mixin.py:154} INFO - [2023-11-26T00:41:15.349+0000] {dag.py:3722} INFO - Setting next_dagrun for latest_only to 2023-11-25T20:41:15.349494+00:00, run_after=2023-11-26T00:41:15.349494+00:00
[2023-11-26T00:41:15.376+0000] {processor.py:179} INFO - Processing /home/airflow/.local/lib/python3.8/site-packages/airflow/example_dags/example_latest_only.py took 0.079 seconds
[2023-11-26T00:41:45.448+0000] {processor.py:157} INFO - Started process (PID=2558) to work on /home/airflow/.local/lib/python3.8/site-packages/airflow/example_dags/example_latest_only.py
[2023-11-26T00:41:45.450+0000] {processor.py:829} INFO - Processing file /home/airflow/.local/lib/python3.8/site-packages/airflow/example_dags/example_latest_only.py for tasks to queue
[2023-11-26T00:41:45.454+0000] {logging_mixin.py:154} INFO - [2023-11-26T00:41:45.454+0000] {dagbag.py:536} INFO - Filling up the DagBag from /home/airflow/.local/lib/python3.8/site-packages/airflow/example_dags/example_latest_only.py
[2023-11-26T00:41:45.459+0000] {processor.py:839} INFO - DAG(s) dict_keys(['latest_only']) retrieved from /home/airflow/.local/lib/python3.8/site-packages/airflow/example_dags/example_latest_only.py
[2023-11-26T00:41:45.479+0000] {logging_mixin.py:154} INFO - [2023-11-26T00:41:45.479+0000] {dag.py:2941} INFO - Sync 1 DAGs
[2023-11-26T00:41:45.600+0000] {logging_mixin.py:154} INFO - [2023-11-26T00:41:45.600+0000] {dag.py:3722} INFO - Setting next_dagrun for latest_only to 2023-11-25T20:41:45.600463+00:00, run_after=2023-11-26T00:41:45.600463+00:00
[2023-11-26T00:41:45.622+0000] {processor.py:179} INFO - Processing /home/airflow/.local/lib/python3.8/site-packages/airflow/example_dags/example_latest_only.py took 0.178 seconds
[2023-11-26T00:42:16.564+0000] {processor.py:157} INFO - Started process (PID=2612) to work on /home/airflow/.local/lib/python3.8/site-packages/airflow/example_dags/example_latest_only.py
[2023-11-26T00:42:16.566+0000] {processor.py:829} INFO - Processing file /home/airflow/.local/lib/python3.8/site-packages/airflow/example_dags/example_latest_only.py for tasks to queue
[2023-11-26T00:42:16.572+0000] {logging_mixin.py:154} INFO - [2023-11-26T00:42:16.572+0000] {dagbag.py:536} INFO - Filling up the DagBag from /home/airflow/.local/lib/python3.8/site-packages/airflow/example_dags/example_latest_only.py
[2023-11-26T00:42:16.579+0000] {processor.py:839} INFO - DAG(s) dict_keys(['latest_only']) retrieved from /home/airflow/.local/lib/python3.8/site-packages/airflow/example_dags/example_latest_only.py
[2023-11-26T00:42:16.605+0000] {logging_mixin.py:154} INFO - [2023-11-26T00:42:16.605+0000] {dag.py:2941} INFO - Sync 1 DAGs
[2023-11-26T00:42:16.630+0000] {logging_mixin.py:154} INFO - [2023-11-26T00:42:16.629+0000] {dag.py:3722} INFO - Setting next_dagrun for latest_only to 2023-11-25T20:42:16.629593+00:00, run_after=2023-11-26T00:42:16.629593+00:00
[2023-11-26T00:42:16.656+0000] {processor.py:179} INFO - Processing /home/airflow/.local/lib/python3.8/site-packages/airflow/example_dags/example_latest_only.py took 0.099 seconds
[2023-11-26T00:42:47.084+0000] {processor.py:157} INFO - Started process (PID=2666) to work on /home/airflow/.local/lib/python3.8/site-packages/airflow/example_dags/example_latest_only.py
[2023-11-26T00:42:47.087+0000] {processor.py:829} INFO - Processing file /home/airflow/.local/lib/python3.8/site-packages/airflow/example_dags/example_latest_only.py for tasks to queue
[2023-11-26T00:42:47.091+0000] {logging_mixin.py:154} INFO - [2023-11-26T00:42:47.091+0000] {dagbag.py:536} INFO - Filling up the DagBag from /home/airflow/.local/lib/python3.8/site-packages/airflow/example_dags/example_latest_only.py
[2023-11-26T00:42:47.097+0000] {processor.py:839} INFO - DAG(s) dict_keys(['latest_only']) retrieved from /home/airflow/.local/lib/python3.8/site-packages/airflow/example_dags/example_latest_only.py
[2023-11-26T00:42:47.290+0000] {logging_mixin.py:154} INFO - [2023-11-26T00:42:47.290+0000] {dag.py:2941} INFO - Sync 1 DAGs
[2023-11-26T00:42:47.325+0000] {logging_mixin.py:154} INFO - [2023-11-26T00:42:47.324+0000] {dag.py:3722} INFO - Setting next_dagrun for latest_only to 2023-11-25T20:42:47.324118+00:00, run_after=2023-11-26T00:42:47.324118+00:00
[2023-11-26T00:42:47.368+0000] {processor.py:179} INFO - Processing /home/airflow/.local/lib/python3.8/site-packages/airflow/example_dags/example_latest_only.py took 0.289 seconds
[2023-11-26T00:43:18.051+0000] {processor.py:157} INFO - Started process (PID=2720) to work on /home/airflow/.local/lib/python3.8/site-packages/airflow/example_dags/example_latest_only.py
[2023-11-26T00:43:18.052+0000] {processor.py:829} INFO - Processing file /home/airflow/.local/lib/python3.8/site-packages/airflow/example_dags/example_latest_only.py for tasks to queue
[2023-11-26T00:43:18.055+0000] {logging_mixin.py:154} INFO - [2023-11-26T00:43:18.055+0000] {dagbag.py:536} INFO - Filling up the DagBag from /home/airflow/.local/lib/python3.8/site-packages/airflow/example_dags/example_latest_only.py
[2023-11-26T00:43:18.059+0000] {processor.py:839} INFO - DAG(s) dict_keys(['latest_only']) retrieved from /home/airflow/.local/lib/python3.8/site-packages/airflow/example_dags/example_latest_only.py
[2023-11-26T00:43:18.079+0000] {logging_mixin.py:154} INFO - [2023-11-26T00:43:18.079+0000] {dag.py:2941} INFO - Sync 1 DAGs
[2023-11-26T00:43:18.217+0000] {logging_mixin.py:154} INFO - [2023-11-26T00:43:18.217+0000] {dag.py:3722} INFO - Setting next_dagrun for latest_only to 2023-11-25T20:43:18.217631+00:00, run_after=2023-11-26T00:43:18.217631+00:00
[2023-11-26T00:43:18.241+0000] {processor.py:179} INFO - Processing /home/airflow/.local/lib/python3.8/site-packages/airflow/example_dags/example_latest_only.py took 0.193 seconds
[2023-11-26T00:43:48.703+0000] {processor.py:157} INFO - Started process (PID=2774) to work on /home/airflow/.local/lib/python3.8/site-packages/airflow/example_dags/example_latest_only.py
[2023-11-26T00:43:48.704+0000] {processor.py:829} INFO - Processing file /home/airflow/.local/lib/python3.8/site-packages/airflow/example_dags/example_latest_only.py for tasks to queue
[2023-11-26T00:43:48.813+0000] {logging_mixin.py:154} INFO - [2023-11-26T00:43:48.813+0000] {dagbag.py:536} INFO - Filling up the DagBag from /home/airflow/.local/lib/python3.8/site-packages/airflow/example_dags/example_latest_only.py
[2023-11-26T00:43:48.817+0000] {processor.py:839} INFO - DAG(s) dict_keys(['latest_only']) retrieved from /home/airflow/.local/lib/python3.8/site-packages/airflow/example_dags/example_latest_only.py
[2023-11-26T00:43:48.833+0000] {logging_mixin.py:154} INFO - [2023-11-26T00:43:48.833+0000] {dag.py:2941} INFO - Sync 1 DAGs
[2023-11-26T00:43:48.850+0000] {logging_mixin.py:154} INFO - [2023-11-26T00:43:48.850+0000] {dag.py:3722} INFO - Setting next_dagrun for latest_only to 2023-11-25T20:43:48.850210+00:00, run_after=2023-11-26T00:43:48.850210+00:00
[2023-11-26T00:43:48.873+0000] {processor.py:179} INFO - Processing /home/airflow/.local/lib/python3.8/site-packages/airflow/example_dags/example_latest_only.py took 0.172 seconds
[2023-11-26T00:44:18.929+0000] {processor.py:157} INFO - Started process (PID=2829) to work on /home/airflow/.local/lib/python3.8/site-packages/airflow/example_dags/example_latest_only.py
[2023-11-26T00:44:18.930+0000] {processor.py:829} INFO - Processing file /home/airflow/.local/lib/python3.8/site-packages/airflow/example_dags/example_latest_only.py for tasks to queue
[2023-11-26T00:44:18.933+0000] {logging_mixin.py:154} INFO - [2023-11-26T00:44:18.933+0000] {dagbag.py:536} INFO - Filling up the DagBag from /home/airflow/.local/lib/python3.8/site-packages/airflow/example_dags/example_latest_only.py
[2023-11-26T00:44:18.939+0000] {processor.py:839} INFO - DAG(s) dict_keys(['latest_only']) retrieved from /home/airflow/.local/lib/python3.8/site-packages/airflow/example_dags/example_latest_only.py
[2023-11-26T00:44:18.961+0000] {logging_mixin.py:154} INFO - [2023-11-26T00:44:18.961+0000] {dag.py:2941} INFO - Sync 1 DAGs
[2023-11-26T00:44:18.980+0000] {logging_mixin.py:154} INFO - [2023-11-26T00:44:18.980+0000] {dag.py:3722} INFO - Setting next_dagrun for latest_only to 2023-11-25T20:44:18.980637+00:00, run_after=2023-11-26T00:44:18.980637+00:00
[2023-11-26T00:44:19.002+0000] {processor.py:179} INFO - Processing /home/airflow/.local/lib/python3.8/site-packages/airflow/example_dags/example_latest_only.py took 0.078 seconds
[2023-11-26T00:44:49.159+0000] {processor.py:157} INFO - Started process (PID=2882) to work on /home/airflow/.local/lib/python3.8/site-packages/airflow/example_dags/example_latest_only.py
[2023-11-26T00:44:49.160+0000] {processor.py:829} INFO - Processing file /home/airflow/.local/lib/python3.8/site-packages/airflow/example_dags/example_latest_only.py for tasks to queue
[2023-11-26T00:44:49.162+0000] {logging_mixin.py:154} INFO - [2023-11-26T00:44:49.162+0000] {dagbag.py:536} INFO - Filling up the DagBag from /home/airflow/.local/lib/python3.8/site-packages/airflow/example_dags/example_latest_only.py
[2023-11-26T00:44:49.167+0000] {processor.py:839} INFO - DAG(s) dict_keys(['latest_only']) retrieved from /home/airflow/.local/lib/python3.8/site-packages/airflow/example_dags/example_latest_only.py
[2023-11-26T00:44:49.186+0000] {logging_mixin.py:154} INFO - [2023-11-26T00:44:49.186+0000] {dag.py:2941} INFO - Sync 1 DAGs
[2023-11-26T00:44:49.206+0000] {logging_mixin.py:154} INFO - [2023-11-26T00:44:49.206+0000] {dag.py:3722} INFO - Setting next_dagrun for latest_only to 2023-11-25T20:44:49.205847+00:00, run_after=2023-11-26T00:44:49.205847+00:00
[2023-11-26T00:44:49.230+0000] {processor.py:179} INFO - Processing /home/airflow/.local/lib/python3.8/site-packages/airflow/example_dags/example_latest_only.py took 0.075 seconds
[2023-11-26T00:45:20.103+0000] {processor.py:157} INFO - Started process (PID=2936) to work on /home/airflow/.local/lib/python3.8/site-packages/airflow/example_dags/example_latest_only.py
[2023-11-26T00:45:20.104+0000] {processor.py:829} INFO - Processing file /home/airflow/.local/lib/python3.8/site-packages/airflow/example_dags/example_latest_only.py for tasks to queue
[2023-11-26T00:45:20.108+0000] {logging_mixin.py:154} INFO - [2023-11-26T00:45:20.107+0000] {dagbag.py:536} INFO - Filling up the DagBag from /home/airflow/.local/lib/python3.8/site-packages/airflow/example_dags/example_latest_only.py
[2023-11-26T00:45:20.113+0000] {processor.py:839} INFO - DAG(s) dict_keys(['latest_only']) retrieved from /home/airflow/.local/lib/python3.8/site-packages/airflow/example_dags/example_latest_only.py
[2023-11-26T00:45:20.135+0000] {logging_mixin.py:154} INFO - [2023-11-26T00:45:20.135+0000] {dag.py:2941} INFO - Sync 1 DAGs
[2023-11-26T00:45:20.160+0000] {logging_mixin.py:154} INFO - [2023-11-26T00:45:20.159+0000] {dag.py:3722} INFO - Setting next_dagrun for latest_only to 2023-11-25T20:45:20.159680+00:00, run_after=2023-11-26T00:45:20.159680+00:00
[2023-11-26T00:45:20.189+0000] {processor.py:179} INFO - Processing /home/airflow/.local/lib/python3.8/site-packages/airflow/example_dags/example_latest_only.py took 0.090 seconds
[2023-11-26T00:45:50.366+0000] {processor.py:157} INFO - Started process (PID=2990) to work on /home/airflow/.local/lib/python3.8/site-packages/airflow/example_dags/example_latest_only.py
[2023-11-26T00:45:50.368+0000] {processor.py:829} INFO - Processing file /home/airflow/.local/lib/python3.8/site-packages/airflow/example_dags/example_latest_only.py for tasks to queue
[2023-11-26T00:45:50.374+0000] {logging_mixin.py:154} INFO - [2023-11-26T00:45:50.373+0000] {dagbag.py:536} INFO - Filling up the DagBag from /home/airflow/.local/lib/python3.8/site-packages/airflow/example_dags/example_latest_only.py
[2023-11-26T00:45:50.382+0000] {processor.py:839} INFO - DAG(s) dict_keys(['latest_only']) retrieved from /home/airflow/.local/lib/python3.8/site-packages/airflow/example_dags/example_latest_only.py
[2023-11-26T00:45:50.420+0000] {logging_mixin.py:154} INFO - [2023-11-26T00:45:50.420+0000] {dag.py:2941} INFO - Sync 1 DAGs
[2023-11-26T00:45:50.456+0000] {logging_mixin.py:154} INFO - [2023-11-26T00:45:50.455+0000] {dag.py:3722} INFO - Setting next_dagrun for latest_only to 2023-11-25T20:45:50.455213+00:00, run_after=2023-11-26T00:45:50.455213+00:00
[2023-11-26T00:45:50.501+0000] {processor.py:179} INFO - Processing /home/airflow/.local/lib/python3.8/site-packages/airflow/example_dags/example_latest_only.py took 0.141 seconds
[2023-11-26T00:46:20.871+0000] {processor.py:157} INFO - Started process (PID=3044) to work on /home/airflow/.local/lib/python3.8/site-packages/airflow/example_dags/example_latest_only.py
[2023-11-26T00:46:20.874+0000] {processor.py:829} INFO - Processing file /home/airflow/.local/lib/python3.8/site-packages/airflow/example_dags/example_latest_only.py for tasks to queue
[2023-11-26T00:46:20.880+0000] {logging_mixin.py:154} INFO - [2023-11-26T00:46:20.879+0000] {dagbag.py:536} INFO - Filling up the DagBag from /home/airflow/.local/lib/python3.8/site-packages/airflow/example_dags/example_latest_only.py
[2023-11-26T00:46:20.888+0000] {processor.py:839} INFO - DAG(s) dict_keys(['latest_only']) retrieved from /home/airflow/.local/lib/python3.8/site-packages/airflow/example_dags/example_latest_only.py
[2023-11-26T00:46:20.913+0000] {logging_mixin.py:154} INFO - [2023-11-26T00:46:20.913+0000] {dag.py:2941} INFO - Sync 1 DAGs
[2023-11-26T00:46:20.934+0000] {logging_mixin.py:154} INFO - [2023-11-26T00:46:20.934+0000] {dag.py:3722} INFO - Setting next_dagrun for latest_only to 2023-11-25T20:46:20.933820+00:00, run_after=2023-11-26T00:46:20.933820+00:00
[2023-11-26T00:46:20.956+0000] {processor.py:179} INFO - Processing /home/airflow/.local/lib/python3.8/site-packages/airflow/example_dags/example_latest_only.py took 0.088 seconds
[2023-11-26T00:46:51.029+0000] {processor.py:157} INFO - Started process (PID=3099) to work on /home/airflow/.local/lib/python3.8/site-packages/airflow/example_dags/example_latest_only.py
[2023-11-26T00:46:51.031+0000] {processor.py:829} INFO - Processing file /home/airflow/.local/lib/python3.8/site-packages/airflow/example_dags/example_latest_only.py for tasks to queue
[2023-11-26T00:46:51.035+0000] {logging_mixin.py:154} INFO - [2023-11-26T00:46:51.035+0000] {dagbag.py:536} INFO - Filling up the DagBag from /home/airflow/.local/lib/python3.8/site-packages/airflow/example_dags/example_latest_only.py
[2023-11-26T00:46:51.041+0000] {processor.py:839} INFO - DAG(s) dict_keys(['latest_only']) retrieved from /home/airflow/.local/lib/python3.8/site-packages/airflow/example_dags/example_latest_only.py
[2023-11-26T00:46:51.085+0000] {logging_mixin.py:154} INFO - [2023-11-26T00:46:51.085+0000] {dag.py:2941} INFO - Sync 1 DAGs
[2023-11-26T00:46:51.116+0000] {logging_mixin.py:154} INFO - [2023-11-26T00:46:51.116+0000] {dag.py:3722} INFO - Setting next_dagrun for latest_only to 2023-11-25T20:46:51.116100+00:00, run_after=2023-11-26T00:46:51.116100+00:00
[2023-11-26T00:46:51.162+0000] {processor.py:179} INFO - Processing /home/airflow/.local/lib/python3.8/site-packages/airflow/example_dags/example_latest_only.py took 0.137 seconds
[2023-11-26T00:47:21.824+0000] {processor.py:157} INFO - Started process (PID=3153) to work on /home/airflow/.local/lib/python3.8/site-packages/airflow/example_dags/example_latest_only.py
[2023-11-26T00:47:21.845+0000] {processor.py:829} INFO - Processing file /home/airflow/.local/lib/python3.8/site-packages/airflow/example_dags/example_latest_only.py for tasks to queue
[2023-11-26T00:47:21.853+0000] {logging_mixin.py:154} INFO - [2023-11-26T00:47:21.852+0000] {dagbag.py:536} INFO - Filling up the DagBag from /home/airflow/.local/lib/python3.8/site-packages/airflow/example_dags/example_latest_only.py
[2023-11-26T00:47:21.862+0000] {processor.py:839} INFO - DAG(s) dict_keys(['latest_only']) retrieved from /home/airflow/.local/lib/python3.8/site-packages/airflow/example_dags/example_latest_only.py
[2023-11-26T00:47:21.896+0000] {logging_mixin.py:154} INFO - [2023-11-26T00:47:21.896+0000] {dag.py:2941} INFO - Sync 1 DAGs
[2023-11-26T00:47:21.928+0000] {logging_mixin.py:154} INFO - [2023-11-26T00:47:21.928+0000] {dag.py:3722} INFO - Setting next_dagrun for latest_only to 2023-11-25T20:47:21.927916+00:00, run_after=2023-11-26T00:47:21.927916+00:00
[2023-11-26T00:47:21.969+0000] {processor.py:179} INFO - Processing /home/airflow/.local/lib/python3.8/site-packages/airflow/example_dags/example_latest_only.py took 0.150 seconds
[2023-11-26T00:47:52.365+0000] {processor.py:157} INFO - Started process (PID=3206) to work on /home/airflow/.local/lib/python3.8/site-packages/airflow/example_dags/example_latest_only.py
[2023-11-26T00:47:52.370+0000] {processor.py:829} INFO - Processing file /home/airflow/.local/lib/python3.8/site-packages/airflow/example_dags/example_latest_only.py for tasks to queue
[2023-11-26T00:47:52.390+0000] {logging_mixin.py:154} INFO - [2023-11-26T00:47:52.388+0000] {dagbag.py:536} INFO - Filling up the DagBag from /home/airflow/.local/lib/python3.8/site-packages/airflow/example_dags/example_latest_only.py
[2023-11-26T00:47:52.401+0000] {processor.py:839} INFO - DAG(s) dict_keys(['latest_only']) retrieved from /home/airflow/.local/lib/python3.8/site-packages/airflow/example_dags/example_latest_only.py
[2023-11-26T00:47:52.461+0000] {logging_mixin.py:154} INFO - [2023-11-26T00:47:52.461+0000] {dag.py:2941} INFO - Sync 1 DAGs
[2023-11-26T00:47:52.534+0000] {logging_mixin.py:154} INFO - [2023-11-26T00:47:52.534+0000] {dag.py:3722} INFO - Setting next_dagrun for latest_only to 2023-11-25T20:47:52.533497+00:00, run_after=2023-11-26T00:47:52.533497+00:00
[2023-11-26T00:47:52.597+0000] {processor.py:179} INFO - Processing /home/airflow/.local/lib/python3.8/site-packages/airflow/example_dags/example_latest_only.py took 0.239 seconds
[2023-11-26T00:48:23.027+0000] {processor.py:157} INFO - Started process (PID=3260) to work on /home/airflow/.local/lib/python3.8/site-packages/airflow/example_dags/example_latest_only.py
[2023-11-26T00:48:23.031+0000] {processor.py:829} INFO - Processing file /home/airflow/.local/lib/python3.8/site-packages/airflow/example_dags/example_latest_only.py for tasks to queue
[2023-11-26T00:48:23.039+0000] {logging_mixin.py:154} INFO - [2023-11-26T00:48:23.038+0000] {dagbag.py:536} INFO - Filling up the DagBag from /home/airflow/.local/lib/python3.8/site-packages/airflow/example_dags/example_latest_only.py
[2023-11-26T00:48:23.045+0000] {processor.py:839} INFO - DAG(s) dict_keys(['latest_only']) retrieved from /home/airflow/.local/lib/python3.8/site-packages/airflow/example_dags/example_latest_only.py
[2023-11-26T00:48:23.128+0000] {logging_mixin.py:154} INFO - [2023-11-26T00:48:23.128+0000] {dag.py:2941} INFO - Sync 1 DAGs
[2023-11-26T00:48:23.178+0000] {logging_mixin.py:154} INFO - [2023-11-26T00:48:23.178+0000] {dag.py:3722} INFO - Setting next_dagrun for latest_only to 2023-11-25T20:48:23.177579+00:00, run_after=2023-11-26T00:48:23.177579+00:00
[2023-11-26T00:48:23.228+0000] {processor.py:179} INFO - Processing /home/airflow/.local/lib/python3.8/site-packages/airflow/example_dags/example_latest_only.py took 0.205 seconds
[2023-11-26T00:48:53.444+0000] {processor.py:157} INFO - Started process (PID=3313) to work on /home/airflow/.local/lib/python3.8/site-packages/airflow/example_dags/example_latest_only.py
[2023-11-26T00:48:53.447+0000] {processor.py:829} INFO - Processing file /home/airflow/.local/lib/python3.8/site-packages/airflow/example_dags/example_latest_only.py for tasks to queue
[2023-11-26T00:48:53.450+0000] {logging_mixin.py:154} INFO - [2023-11-26T00:48:53.450+0000] {dagbag.py:536} INFO - Filling up the DagBag from /home/airflow/.local/lib/python3.8/site-packages/airflow/example_dags/example_latest_only.py
[2023-11-26T00:48:53.456+0000] {processor.py:839} INFO - DAG(s) dict_keys(['latest_only']) retrieved from /home/airflow/.local/lib/python3.8/site-packages/airflow/example_dags/example_latest_only.py
[2023-11-26T00:48:53.499+0000] {logging_mixin.py:154} INFO - [2023-11-26T00:48:53.499+0000] {dag.py:2941} INFO - Sync 1 DAGs
[2023-11-26T00:48:53.576+0000] {logging_mixin.py:154} INFO - [2023-11-26T00:48:53.576+0000] {dag.py:3722} INFO - Setting next_dagrun for latest_only to 2023-11-25T20:48:53.576018+00:00, run_after=2023-11-26T00:48:53.576018+00:00
[2023-11-26T00:48:53.955+0000] {processor.py:179} INFO - Processing /home/airflow/.local/lib/python3.8/site-packages/airflow/example_dags/example_latest_only.py took 0.516 seconds
[2023-11-26T00:49:24.766+0000] {processor.py:157} INFO - Started process (PID=3367) to work on /home/airflow/.local/lib/python3.8/site-packages/airflow/example_dags/example_latest_only.py
[2023-11-26T00:49:24.779+0000] {processor.py:829} INFO - Processing file /home/airflow/.local/lib/python3.8/site-packages/airflow/example_dags/example_latest_only.py for tasks to queue
[2023-11-26T00:49:24.784+0000] {logging_mixin.py:154} INFO - [2023-11-26T00:49:24.784+0000] {dagbag.py:536} INFO - Filling up the DagBag from /home/airflow/.local/lib/python3.8/site-packages/airflow/example_dags/example_latest_only.py
[2023-11-26T00:49:24.790+0000] {processor.py:839} INFO - DAG(s) dict_keys(['latest_only']) retrieved from /home/airflow/.local/lib/python3.8/site-packages/airflow/example_dags/example_latest_only.py
[2023-11-26T00:49:24.833+0000] {logging_mixin.py:154} INFO - [2023-11-26T00:49:24.833+0000] {dag.py:2941} INFO - Sync 1 DAGs
[2023-11-26T00:49:24.873+0000] {logging_mixin.py:154} INFO - [2023-11-26T00:49:24.873+0000] {dag.py:3722} INFO - Setting next_dagrun for latest_only to 2023-11-25T20:49:24.872213+00:00, run_after=2023-11-26T00:49:24.872213+00:00
[2023-11-26T00:49:25.027+0000] {processor.py:179} INFO - Processing /home/airflow/.local/lib/python3.8/site-packages/airflow/example_dags/example_latest_only.py took 0.265 seconds
[2023-11-26T00:49:55.528+0000] {processor.py:157} INFO - Started process (PID=3421) to work on /home/airflow/.local/lib/python3.8/site-packages/airflow/example_dags/example_latest_only.py
[2023-11-26T00:49:55.531+0000] {processor.py:829} INFO - Processing file /home/airflow/.local/lib/python3.8/site-packages/airflow/example_dags/example_latest_only.py for tasks to queue
[2023-11-26T00:49:55.535+0000] {logging_mixin.py:154} INFO - [2023-11-26T00:49:55.534+0000] {dagbag.py:536} INFO - Filling up the DagBag from /home/airflow/.local/lib/python3.8/site-packages/airflow/example_dags/example_latest_only.py
[2023-11-26T00:49:55.542+0000] {processor.py:839} INFO - DAG(s) dict_keys(['latest_only']) retrieved from /home/airflow/.local/lib/python3.8/site-packages/airflow/example_dags/example_latest_only.py
[2023-11-26T00:49:55.587+0000] {logging_mixin.py:154} INFO - [2023-11-26T00:49:55.586+0000] {dag.py:2941} INFO - Sync 1 DAGs
[2023-11-26T00:49:55.628+0000] {logging_mixin.py:154} INFO - [2023-11-26T00:49:55.626+0000] {dag.py:3722} INFO - Setting next_dagrun for latest_only to 2023-11-25T20:49:55.624896+00:00, run_after=2023-11-26T00:49:55.624896+00:00
[2023-11-26T00:49:55.677+0000] {processor.py:179} INFO - Processing /home/airflow/.local/lib/python3.8/site-packages/airflow/example_dags/example_latest_only.py took 0.153 seconds
[2023-11-26T00:50:25.801+0000] {processor.py:157} INFO - Started process (PID=3474) to work on /home/airflow/.local/lib/python3.8/site-packages/airflow/example_dags/example_latest_only.py
[2023-11-26T00:50:25.803+0000] {processor.py:829} INFO - Processing file /home/airflow/.local/lib/python3.8/site-packages/airflow/example_dags/example_latest_only.py for tasks to queue
[2023-11-26T00:50:25.807+0000] {logging_mixin.py:154} INFO - [2023-11-26T00:50:25.807+0000] {dagbag.py:536} INFO - Filling up the DagBag from /home/airflow/.local/lib/python3.8/site-packages/airflow/example_dags/example_latest_only.py
[2023-11-26T00:50:25.813+0000] {processor.py:839} INFO - DAG(s) dict_keys(['latest_only']) retrieved from /home/airflow/.local/lib/python3.8/site-packages/airflow/example_dags/example_latest_only.py
[2023-11-26T00:50:25.856+0000] {logging_mixin.py:154} INFO - [2023-11-26T00:50:25.856+0000] {dag.py:2941} INFO - Sync 1 DAGs
[2023-11-26T00:50:25.889+0000] {logging_mixin.py:154} INFO - [2023-11-26T00:50:25.888+0000] {dag.py:3722} INFO - Setting next_dagrun for latest_only to 2023-11-25T20:50:25.888499+00:00, run_after=2023-11-26T00:50:25.888499+00:00
[2023-11-26T00:50:25.925+0000] {processor.py:179} INFO - Processing /home/airflow/.local/lib/python3.8/site-packages/airflow/example_dags/example_latest_only.py took 0.131 seconds
[2023-11-26T00:50:56.045+0000] {processor.py:157} INFO - Started process (PID=3528) to work on /home/airflow/.local/lib/python3.8/site-packages/airflow/example_dags/example_latest_only.py
[2023-11-26T00:50:56.047+0000] {processor.py:829} INFO - Processing file /home/airflow/.local/lib/python3.8/site-packages/airflow/example_dags/example_latest_only.py for tasks to queue
[2023-11-26T00:50:56.053+0000] {logging_mixin.py:154} INFO - [2023-11-26T00:50:56.053+0000] {dagbag.py:536} INFO - Filling up the DagBag from /home/airflow/.local/lib/python3.8/site-packages/airflow/example_dags/example_latest_only.py
[2023-11-26T00:50:56.061+0000] {processor.py:839} INFO - DAG(s) dict_keys(['latest_only']) retrieved from /home/airflow/.local/lib/python3.8/site-packages/airflow/example_dags/example_latest_only.py
[2023-11-26T00:50:56.096+0000] {logging_mixin.py:154} INFO - [2023-11-26T00:50:56.095+0000] {dag.py:2941} INFO - Sync 1 DAGs
[2023-11-26T00:50:56.131+0000] {logging_mixin.py:154} INFO - [2023-11-26T00:50:56.131+0000] {dag.py:3722} INFO - Setting next_dagrun for latest_only to 2023-11-25T20:50:56.130874+00:00, run_after=2023-11-26T00:50:56.130874+00:00
[2023-11-26T00:50:56.170+0000] {processor.py:179} INFO - Processing /home/airflow/.local/lib/python3.8/site-packages/airflow/example_dags/example_latest_only.py took 0.132 seconds
[2023-11-26T00:51:26.384+0000] {processor.py:157} INFO - Started process (PID=3582) to work on /home/airflow/.local/lib/python3.8/site-packages/airflow/example_dags/example_latest_only.py
[2023-11-26T00:51:26.389+0000] {processor.py:829} INFO - Processing file /home/airflow/.local/lib/python3.8/site-packages/airflow/example_dags/example_latest_only.py for tasks to queue
[2023-11-26T00:51:26.394+0000] {logging_mixin.py:154} INFO - [2023-11-26T00:51:26.393+0000] {dagbag.py:536} INFO - Filling up the DagBag from /home/airflow/.local/lib/python3.8/site-packages/airflow/example_dags/example_latest_only.py
[2023-11-26T00:51:26.412+0000] {processor.py:839} INFO - DAG(s) dict_keys(['latest_only']) retrieved from /home/airflow/.local/lib/python3.8/site-packages/airflow/example_dags/example_latest_only.py
[2023-11-26T00:51:26.448+0000] {logging_mixin.py:154} INFO - [2023-11-26T00:51:26.446+0000] {dag.py:2941} INFO - Sync 1 DAGs
[2023-11-26T00:51:26.489+0000] {logging_mixin.py:154} INFO - [2023-11-26T00:51:26.489+0000] {dag.py:3722} INFO - Setting next_dagrun for latest_only to 2023-11-25T20:51:26.487820+00:00, run_after=2023-11-26T00:51:26.487820+00:00
[2023-11-26T00:51:26.546+0000] {processor.py:179} INFO - Processing /home/airflow/.local/lib/python3.8/site-packages/airflow/example_dags/example_latest_only.py took 0.168 seconds
[2023-11-26T00:51:57.333+0000] {processor.py:157} INFO - Started process (PID=3636) to work on /home/airflow/.local/lib/python3.8/site-packages/airflow/example_dags/example_latest_only.py
[2023-11-26T00:51:57.338+0000] {processor.py:829} INFO - Processing file /home/airflow/.local/lib/python3.8/site-packages/airflow/example_dags/example_latest_only.py for tasks to queue
[2023-11-26T00:51:57.346+0000] {logging_mixin.py:154} INFO - [2023-11-26T00:51:57.345+0000] {dagbag.py:536} INFO - Filling up the DagBag from /home/airflow/.local/lib/python3.8/site-packages/airflow/example_dags/example_latest_only.py
[2023-11-26T00:51:57.358+0000] {processor.py:839} INFO - DAG(s) dict_keys(['latest_only']) retrieved from /home/airflow/.local/lib/python3.8/site-packages/airflow/example_dags/example_latest_only.py
[2023-11-26T00:51:57.417+0000] {logging_mixin.py:154} INFO - [2023-11-26T00:51:57.415+0000] {dag.py:2941} INFO - Sync 1 DAGs
[2023-11-26T00:51:57.489+0000] {logging_mixin.py:154} INFO - [2023-11-26T00:51:57.488+0000] {dag.py:3722} INFO - Setting next_dagrun for latest_only to 2023-11-25T20:51:57.488426+00:00, run_after=2023-11-26T00:51:57.488426+00:00
[2023-11-26T00:51:57.550+0000] {processor.py:179} INFO - Processing /home/airflow/.local/lib/python3.8/site-packages/airflow/example_dags/example_latest_only.py took 0.230 seconds
[2023-11-26T00:52:28.116+0000] {processor.py:157} INFO - Started process (PID=3690) to work on /home/airflow/.local/lib/python3.8/site-packages/airflow/example_dags/example_latest_only.py
[2023-11-26T00:52:28.118+0000] {processor.py:829} INFO - Processing file /home/airflow/.local/lib/python3.8/site-packages/airflow/example_dags/example_latest_only.py for tasks to queue
[2023-11-26T00:52:28.122+0000] {logging_mixin.py:154} INFO - [2023-11-26T00:52:28.122+0000] {dagbag.py:536} INFO - Filling up the DagBag from /home/airflow/.local/lib/python3.8/site-packages/airflow/example_dags/example_latest_only.py
[2023-11-26T00:52:28.128+0000] {processor.py:839} INFO - DAG(s) dict_keys(['latest_only']) retrieved from /home/airflow/.local/lib/python3.8/site-packages/airflow/example_dags/example_latest_only.py
[2023-11-26T00:52:28.165+0000] {logging_mixin.py:154} INFO - [2023-11-26T00:52:28.164+0000] {dag.py:2941} INFO - Sync 1 DAGs
[2023-11-26T00:52:28.197+0000] {logging_mixin.py:154} INFO - [2023-11-26T00:52:28.196+0000] {dag.py:3722} INFO - Setting next_dagrun for latest_only to 2023-11-25T20:52:28.196358+00:00, run_after=2023-11-26T00:52:28.196358+00:00
[2023-11-26T00:52:28.235+0000] {processor.py:179} INFO - Processing /home/airflow/.local/lib/python3.8/site-packages/airflow/example_dags/example_latest_only.py took 0.125 seconds
