[2023-11-26T00:15:47.774+0000] {processor.py:157} INFO - Started process (PID=65) to work on /home/airflow/.local/lib/python3.8/site-packages/airflow/example_dags/example_sensors.py
[2023-11-26T00:15:47.800+0000] {processor.py:829} INFO - Processing file /home/airflow/.local/lib/python3.8/site-packages/airflow/example_dags/example_sensors.py for tasks to queue
[2023-11-26T00:15:47.824+0000] {logging_mixin.py:154} INFO - [2023-11-26T00:15:47.823+0000] {dagbag.py:536} INFO - Filling up the DagBag from /home/airflow/.local/lib/python3.8/site-packages/airflow/example_dags/example_sensors.py
[2023-11-26T00:15:47.973+0000] {processor.py:839} INFO - DAG(s) dict_keys(['example_sensors']) retrieved from /home/airflow/.local/lib/python3.8/site-packages/airflow/example_dags/example_sensors.py
[2023-11-26T00:15:48.359+0000] {logging_mixin.py:154} INFO - [2023-11-26T00:15:48.358+0000] {dag.py:2941} INFO - Sync 1 DAGs
[2023-11-26T00:15:48.544+0000] {logging_mixin.py:154} INFO - [2023-11-26T00:15:48.543+0000] {dag.py:3722} INFO - Setting next_dagrun for example_sensors to None, run_after=None
[2023-11-26T00:15:48.848+0000] {processor.py:179} INFO - Processing /home/airflow/.local/lib/python3.8/site-packages/airflow/example_dags/example_sensors.py took 1.095 seconds
[2023-11-26T00:16:44.628+0000] {processor.py:157} INFO - Started process (PID=51) to work on /home/airflow/.local/lib/python3.8/site-packages/airflow/example_dags/example_sensors.py
[2023-11-26T00:16:44.631+0000] {processor.py:829} INFO - Processing file /home/airflow/.local/lib/python3.8/site-packages/airflow/example_dags/example_sensors.py for tasks to queue
[2023-11-26T00:16:44.635+0000] {logging_mixin.py:154} INFO - [2023-11-26T00:16:44.635+0000] {dagbag.py:536} INFO - Filling up the DagBag from /home/airflow/.local/lib/python3.8/site-packages/airflow/example_dags/example_sensors.py
[2023-11-26T00:16:44.668+0000] {processor.py:839} INFO - DAG(s) dict_keys(['example_sensors']) retrieved from /home/airflow/.local/lib/python3.8/site-packages/airflow/example_dags/example_sensors.py
[2023-11-26T00:16:44.731+0000] {logging_mixin.py:154} INFO - [2023-11-26T00:16:44.731+0000] {dag.py:2941} INFO - Sync 1 DAGs
[2023-11-26T00:16:44.751+0000] {logging_mixin.py:154} INFO - [2023-11-26T00:16:44.751+0000] {dag.py:3722} INFO - Setting next_dagrun for example_sensors to None, run_after=None
[2023-11-26T00:16:44.805+0000] {processor.py:179} INFO - Processing /home/airflow/.local/lib/python3.8/site-packages/airflow/example_dags/example_sensors.py took 0.183 seconds
[2023-11-26T00:18:00.036+0000] {processor.py:157} INFO - Started process (PID=52) to work on /home/airflow/.local/lib/python3.8/site-packages/airflow/example_dags/example_sensors.py
[2023-11-26T00:18:00.044+0000] {processor.py:829} INFO - Processing file /home/airflow/.local/lib/python3.8/site-packages/airflow/example_dags/example_sensors.py for tasks to queue
[2023-11-26T00:18:00.074+0000] {logging_mixin.py:154} INFO - [2023-11-26T00:18:00.072+0000] {dagbag.py:536} INFO - Filling up the DagBag from /home/airflow/.local/lib/python3.8/site-packages/airflow/example_dags/example_sensors.py
[2023-11-26T00:18:00.171+0000] {processor.py:839} INFO - DAG(s) dict_keys(['example_sensors']) retrieved from /home/airflow/.local/lib/python3.8/site-packages/airflow/example_dags/example_sensors.py
[2023-11-26T00:18:00.491+0000] {logging_mixin.py:154} INFO - [2023-11-26T00:18:00.490+0000] {dag.py:2941} INFO - Sync 1 DAGs
[2023-11-26T00:18:00.574+0000] {logging_mixin.py:154} INFO - [2023-11-26T00:18:00.573+0000] {dag.py:3722} INFO - Setting next_dagrun for example_sensors to None, run_after=None
[2023-11-26T00:18:00.773+0000] {processor.py:179} INFO - Processing /home/airflow/.local/lib/python3.8/site-packages/airflow/example_dags/example_sensors.py took 0.758 seconds
[2023-11-26T00:18:31.138+0000] {processor.py:157} INFO - Started process (PID=107) to work on /home/airflow/.local/lib/python3.8/site-packages/airflow/example_dags/example_sensors.py
[2023-11-26T00:18:31.143+0000] {processor.py:829} INFO - Processing file /home/airflow/.local/lib/python3.8/site-packages/airflow/example_dags/example_sensors.py for tasks to queue
[2023-11-26T00:18:31.155+0000] {logging_mixin.py:154} INFO - [2023-11-26T00:18:31.155+0000] {dagbag.py:536} INFO - Filling up the DagBag from /home/airflow/.local/lib/python3.8/site-packages/airflow/example_dags/example_sensors.py
[2023-11-26T00:18:31.215+0000] {processor.py:839} INFO - DAG(s) dict_keys(['example_sensors']) retrieved from /home/airflow/.local/lib/python3.8/site-packages/airflow/example_dags/example_sensors.py
[2023-11-26T00:18:31.333+0000] {logging_mixin.py:154} INFO - [2023-11-26T00:18:31.327+0000] {dag.py:2941} INFO - Sync 1 DAGs
[2023-11-26T00:18:31.409+0000] {logging_mixin.py:154} INFO - [2023-11-26T00:18:31.407+0000] {dag.py:3722} INFO - Setting next_dagrun for example_sensors to None, run_after=None
[2023-11-26T00:18:31.507+0000] {processor.py:179} INFO - Processing /home/airflow/.local/lib/python3.8/site-packages/airflow/example_dags/example_sensors.py took 0.386 seconds
[2023-11-26T00:19:02.101+0000] {processor.py:157} INFO - Started process (PID=161) to work on /home/airflow/.local/lib/python3.8/site-packages/airflow/example_dags/example_sensors.py
[2023-11-26T00:19:02.125+0000] {processor.py:829} INFO - Processing file /home/airflow/.local/lib/python3.8/site-packages/airflow/example_dags/example_sensors.py for tasks to queue
[2023-11-26T00:19:02.140+0000] {logging_mixin.py:154} INFO - [2023-11-26T00:19:02.139+0000] {dagbag.py:536} INFO - Filling up the DagBag from /home/airflow/.local/lib/python3.8/site-packages/airflow/example_dags/example_sensors.py
[2023-11-26T00:19:02.167+0000] {processor.py:839} INFO - DAG(s) dict_keys(['example_sensors']) retrieved from /home/airflow/.local/lib/python3.8/site-packages/airflow/example_dags/example_sensors.py
[2023-11-26T00:19:02.226+0000] {logging_mixin.py:154} INFO - [2023-11-26T00:19:02.225+0000] {dag.py:2941} INFO - Sync 1 DAGs
[2023-11-26T00:19:02.269+0000] {logging_mixin.py:154} INFO - [2023-11-26T00:19:02.268+0000] {dag.py:3722} INFO - Setting next_dagrun for example_sensors to None, run_after=None
[2023-11-26T00:19:02.386+0000] {processor.py:179} INFO - Processing /home/airflow/.local/lib/python3.8/site-packages/airflow/example_dags/example_sensors.py took 0.298 seconds
[2023-11-26T00:19:32.496+0000] {processor.py:157} INFO - Started process (PID=215) to work on /home/airflow/.local/lib/python3.8/site-packages/airflow/example_dags/example_sensors.py
[2023-11-26T00:19:32.498+0000] {processor.py:829} INFO - Processing file /home/airflow/.local/lib/python3.8/site-packages/airflow/example_dags/example_sensors.py for tasks to queue
[2023-11-26T00:19:32.508+0000] {logging_mixin.py:154} INFO - [2023-11-26T00:19:32.505+0000] {dagbag.py:536} INFO - Filling up the DagBag from /home/airflow/.local/lib/python3.8/site-packages/airflow/example_dags/example_sensors.py
[2023-11-26T00:19:32.530+0000] {processor.py:839} INFO - DAG(s) dict_keys(['example_sensors']) retrieved from /home/airflow/.local/lib/python3.8/site-packages/airflow/example_dags/example_sensors.py
[2023-11-26T00:19:32.635+0000] {logging_mixin.py:154} INFO - [2023-11-26T00:19:32.635+0000] {dag.py:2941} INFO - Sync 1 DAGs
[2023-11-26T00:19:32.666+0000] {logging_mixin.py:154} INFO - [2023-11-26T00:19:32.665+0000] {dag.py:3722} INFO - Setting next_dagrun for example_sensors to None, run_after=None
[2023-11-26T00:19:32.754+0000] {processor.py:179} INFO - Processing /home/airflow/.local/lib/python3.8/site-packages/airflow/example_dags/example_sensors.py took 0.264 seconds
[2023-11-26T00:20:03.858+0000] {processor.py:157} INFO - Started process (PID=269) to work on /home/airflow/.local/lib/python3.8/site-packages/airflow/example_dags/example_sensors.py
[2023-11-26T00:20:03.873+0000] {processor.py:829} INFO - Processing file /home/airflow/.local/lib/python3.8/site-packages/airflow/example_dags/example_sensors.py for tasks to queue
[2023-11-26T00:20:03.889+0000] {logging_mixin.py:154} INFO - [2023-11-26T00:20:03.885+0000] {dagbag.py:536} INFO - Filling up the DagBag from /home/airflow/.local/lib/python3.8/site-packages/airflow/example_dags/example_sensors.py
[2023-11-26T00:20:03.961+0000] {processor.py:839} INFO - DAG(s) dict_keys(['example_sensors']) retrieved from /home/airflow/.local/lib/python3.8/site-packages/airflow/example_dags/example_sensors.py
[2023-11-26T00:20:04.263+0000] {logging_mixin.py:154} INFO - [2023-11-26T00:20:04.262+0000] {dag.py:2941} INFO - Sync 1 DAGs
[2023-11-26T00:20:04.477+0000] {logging_mixin.py:154} INFO - [2023-11-26T00:20:04.475+0000] {dag.py:3722} INFO - Setting next_dagrun for example_sensors to None, run_after=None
[2023-11-26T00:20:04.710+0000] {processor.py:179} INFO - Processing /home/airflow/.local/lib/python3.8/site-packages/airflow/example_dags/example_sensors.py took 0.881 seconds
[2023-11-26T00:20:34.977+0000] {processor.py:157} INFO - Started process (PID=322) to work on /home/airflow/.local/lib/python3.8/site-packages/airflow/example_dags/example_sensors.py
[2023-11-26T00:20:34.982+0000] {processor.py:829} INFO - Processing file /home/airflow/.local/lib/python3.8/site-packages/airflow/example_dags/example_sensors.py for tasks to queue
[2023-11-26T00:20:34.995+0000] {logging_mixin.py:154} INFO - [2023-11-26T00:20:34.993+0000] {dagbag.py:536} INFO - Filling up the DagBag from /home/airflow/.local/lib/python3.8/site-packages/airflow/example_dags/example_sensors.py
[2023-11-26T00:20:35.096+0000] {processor.py:839} INFO - DAG(s) dict_keys(['example_sensors']) retrieved from /home/airflow/.local/lib/python3.8/site-packages/airflow/example_dags/example_sensors.py
[2023-11-26T00:20:35.276+0000] {logging_mixin.py:154} INFO - [2023-11-26T00:20:35.275+0000] {dag.py:2941} INFO - Sync 1 DAGs
[2023-11-26T00:20:35.355+0000] {logging_mixin.py:154} INFO - [2023-11-26T00:20:35.354+0000] {dag.py:3722} INFO - Setting next_dagrun for example_sensors to None, run_after=None
[2023-11-26T00:20:35.502+0000] {processor.py:179} INFO - Processing /home/airflow/.local/lib/python3.8/site-packages/airflow/example_dags/example_sensors.py took 0.544 seconds
[2023-11-26T00:21:06.339+0000] {processor.py:157} INFO - Started process (PID=377) to work on /home/airflow/.local/lib/python3.8/site-packages/airflow/example_dags/example_sensors.py
[2023-11-26T00:21:06.342+0000] {processor.py:829} INFO - Processing file /home/airflow/.local/lib/python3.8/site-packages/airflow/example_dags/example_sensors.py for tasks to queue
[2023-11-26T00:21:06.352+0000] {logging_mixin.py:154} INFO - [2023-11-26T00:21:06.351+0000] {dagbag.py:536} INFO - Filling up the DagBag from /home/airflow/.local/lib/python3.8/site-packages/airflow/example_dags/example_sensors.py
[2023-11-26T00:21:06.366+0000] {processor.py:839} INFO - DAG(s) dict_keys(['example_sensors']) retrieved from /home/airflow/.local/lib/python3.8/site-packages/airflow/example_dags/example_sensors.py
[2023-11-26T00:21:06.411+0000] {logging_mixin.py:154} INFO - [2023-11-26T00:21:06.411+0000] {dag.py:2941} INFO - Sync 1 DAGs
[2023-11-26T00:21:06.440+0000] {logging_mixin.py:154} INFO - [2023-11-26T00:21:06.439+0000] {dag.py:3722} INFO - Setting next_dagrun for example_sensors to None, run_after=None
[2023-11-26T00:21:06.496+0000] {processor.py:179} INFO - Processing /home/airflow/.local/lib/python3.8/site-packages/airflow/example_dags/example_sensors.py took 0.164 seconds
[2023-11-26T00:21:37.078+0000] {processor.py:157} INFO - Started process (PID=431) to work on /home/airflow/.local/lib/python3.8/site-packages/airflow/example_dags/example_sensors.py
[2023-11-26T00:21:37.081+0000] {processor.py:829} INFO - Processing file /home/airflow/.local/lib/python3.8/site-packages/airflow/example_dags/example_sensors.py for tasks to queue
[2023-11-26T00:21:37.089+0000] {logging_mixin.py:154} INFO - [2023-11-26T00:21:37.088+0000] {dagbag.py:536} INFO - Filling up the DagBag from /home/airflow/.local/lib/python3.8/site-packages/airflow/example_dags/example_sensors.py
[2023-11-26T00:21:37.114+0000] {processor.py:839} INFO - DAG(s) dict_keys(['example_sensors']) retrieved from /home/airflow/.local/lib/python3.8/site-packages/airflow/example_dags/example_sensors.py
[2023-11-26T00:21:37.241+0000] {logging_mixin.py:154} INFO - [2023-11-26T00:21:37.239+0000] {dag.py:2941} INFO - Sync 1 DAGs
[2023-11-26T00:21:37.332+0000] {logging_mixin.py:154} INFO - [2023-11-26T00:21:37.331+0000] {dag.py:3722} INFO - Setting next_dagrun for example_sensors to None, run_after=None
[2023-11-26T00:21:37.449+0000] {processor.py:179} INFO - Processing /home/airflow/.local/lib/python3.8/site-packages/airflow/example_dags/example_sensors.py took 0.383 seconds
[2023-11-26T00:22:09.957+0000] {processor.py:157} INFO - Started process (PID=483) to work on /home/airflow/.local/lib/python3.8/site-packages/airflow/example_dags/example_sensors.py
[2023-11-26T00:22:09.966+0000] {processor.py:829} INFO - Processing file /home/airflow/.local/lib/python3.8/site-packages/airflow/example_dags/example_sensors.py for tasks to queue
[2023-11-26T00:22:09.984+0000] {logging_mixin.py:154} INFO - [2023-11-26T00:22:09.982+0000] {dagbag.py:536} INFO - Filling up the DagBag from /home/airflow/.local/lib/python3.8/site-packages/airflow/example_dags/example_sensors.py
[2023-11-26T00:22:10.056+0000] {processor.py:839} INFO - DAG(s) dict_keys(['example_sensors']) retrieved from /home/airflow/.local/lib/python3.8/site-packages/airflow/example_dags/example_sensors.py
[2023-11-26T00:22:10.301+0000] {logging_mixin.py:154} INFO - [2023-11-26T00:22:10.300+0000] {dag.py:2941} INFO - Sync 1 DAGs
[2023-11-26T00:22:10.408+0000] {logging_mixin.py:154} INFO - [2023-11-26T00:22:10.407+0000] {dag.py:3722} INFO - Setting next_dagrun for example_sensors to None, run_after=None
[2023-11-26T00:22:10.524+0000] {processor.py:179} INFO - Processing /home/airflow/.local/lib/python3.8/site-packages/airflow/example_dags/example_sensors.py took 0.587 seconds
[2023-11-26T00:22:41.697+0000] {processor.py:157} INFO - Started process (PID=536) to work on /home/airflow/.local/lib/python3.8/site-packages/airflow/example_dags/example_sensors.py
[2023-11-26T00:22:41.714+0000] {processor.py:829} INFO - Processing file /home/airflow/.local/lib/python3.8/site-packages/airflow/example_dags/example_sensors.py for tasks to queue
[2023-11-26T00:22:41.733+0000] {logging_mixin.py:154} INFO - [2023-11-26T00:22:41.729+0000] {dagbag.py:536} INFO - Filling up the DagBag from /home/airflow/.local/lib/python3.8/site-packages/airflow/example_dags/example_sensors.py
[2023-11-26T00:22:41.882+0000] {processor.py:839} INFO - DAG(s) dict_keys(['example_sensors']) retrieved from /home/airflow/.local/lib/python3.8/site-packages/airflow/example_dags/example_sensors.py
[2023-11-26T00:22:42.290+0000] {logging_mixin.py:154} INFO - [2023-11-26T00:22:42.287+0000] {dag.py:2941} INFO - Sync 1 DAGs
[2023-11-26T00:22:42.516+0000] {logging_mixin.py:154} INFO - [2023-11-26T00:22:42.515+0000] {dag.py:3722} INFO - Setting next_dagrun for example_sensors to None, run_after=None
[2023-11-26T00:22:42.753+0000] {processor.py:179} INFO - Processing /home/airflow/.local/lib/python3.8/site-packages/airflow/example_dags/example_sensors.py took 1.104 seconds
[2023-11-26T00:23:13.257+0000] {processor.py:157} INFO - Started process (PID=591) to work on /home/airflow/.local/lib/python3.8/site-packages/airflow/example_dags/example_sensors.py
[2023-11-26T00:23:13.260+0000] {processor.py:829} INFO - Processing file /home/airflow/.local/lib/python3.8/site-packages/airflow/example_dags/example_sensors.py for tasks to queue
[2023-11-26T00:23:13.266+0000] {logging_mixin.py:154} INFO - [2023-11-26T00:23:13.265+0000] {dagbag.py:536} INFO - Filling up the DagBag from /home/airflow/.local/lib/python3.8/site-packages/airflow/example_dags/example_sensors.py
[2023-11-26T00:23:13.286+0000] {processor.py:839} INFO - DAG(s) dict_keys(['example_sensors']) retrieved from /home/airflow/.local/lib/python3.8/site-packages/airflow/example_dags/example_sensors.py
[2023-11-26T00:23:13.366+0000] {logging_mixin.py:154} INFO - [2023-11-26T00:23:13.365+0000] {dag.py:2941} INFO - Sync 1 DAGs
[2023-11-26T00:23:13.400+0000] {logging_mixin.py:154} INFO - [2023-11-26T00:23:13.400+0000] {dag.py:3722} INFO - Setting next_dagrun for example_sensors to None, run_after=None
[2023-11-26T00:23:13.434+0000] {processor.py:179} INFO - Processing /home/airflow/.local/lib/python3.8/site-packages/airflow/example_dags/example_sensors.py took 0.184 seconds
[2023-11-26T00:23:43.695+0000] {processor.py:157} INFO - Started process (PID=645) to work on /home/airflow/.local/lib/python3.8/site-packages/airflow/example_dags/example_sensors.py
[2023-11-26T00:23:43.697+0000] {processor.py:829} INFO - Processing file /home/airflow/.local/lib/python3.8/site-packages/airflow/example_dags/example_sensors.py for tasks to queue
[2023-11-26T00:23:43.702+0000] {logging_mixin.py:154} INFO - [2023-11-26T00:23:43.701+0000] {dagbag.py:536} INFO - Filling up the DagBag from /home/airflow/.local/lib/python3.8/site-packages/airflow/example_dags/example_sensors.py
[2023-11-26T00:23:43.732+0000] {processor.py:839} INFO - DAG(s) dict_keys(['example_sensors']) retrieved from /home/airflow/.local/lib/python3.8/site-packages/airflow/example_dags/example_sensors.py
[2023-11-26T00:23:43.784+0000] {logging_mixin.py:154} INFO - [2023-11-26T00:23:43.783+0000] {dag.py:2941} INFO - Sync 1 DAGs
[2023-11-26T00:23:43.820+0000] {logging_mixin.py:154} INFO - [2023-11-26T00:23:43.819+0000] {dag.py:3722} INFO - Setting next_dagrun for example_sensors to None, run_after=None
[2023-11-26T00:23:43.883+0000] {processor.py:179} INFO - Processing /home/airflow/.local/lib/python3.8/site-packages/airflow/example_dags/example_sensors.py took 0.194 seconds
[2023-11-26T00:24:14.773+0000] {processor.py:157} INFO - Started process (PID=699) to work on /home/airflow/.local/lib/python3.8/site-packages/airflow/example_dags/example_sensors.py
[2023-11-26T00:24:14.775+0000] {processor.py:829} INFO - Processing file /home/airflow/.local/lib/python3.8/site-packages/airflow/example_dags/example_sensors.py for tasks to queue
[2023-11-26T00:24:14.781+0000] {logging_mixin.py:154} INFO - [2023-11-26T00:24:14.781+0000] {dagbag.py:536} INFO - Filling up the DagBag from /home/airflow/.local/lib/python3.8/site-packages/airflow/example_dags/example_sensors.py
[2023-11-26T00:24:14.798+0000] {processor.py:839} INFO - DAG(s) dict_keys(['example_sensors']) retrieved from /home/airflow/.local/lib/python3.8/site-packages/airflow/example_dags/example_sensors.py
[2023-11-26T00:24:14.849+0000] {logging_mixin.py:154} INFO - [2023-11-26T00:24:14.848+0000] {dag.py:2941} INFO - Sync 1 DAGs
[2023-11-26T00:24:14.881+0000] {logging_mixin.py:154} INFO - [2023-11-26T00:24:14.881+0000] {dag.py:3722} INFO - Setting next_dagrun for example_sensors to None, run_after=None
[2023-11-26T00:24:14.932+0000] {processor.py:179} INFO - Processing /home/airflow/.local/lib/python3.8/site-packages/airflow/example_dags/example_sensors.py took 0.165 seconds
[2023-11-26T00:24:45.695+0000] {processor.py:157} INFO - Started process (PID=753) to work on /home/airflow/.local/lib/python3.8/site-packages/airflow/example_dags/example_sensors.py
[2023-11-26T00:24:45.698+0000] {processor.py:829} INFO - Processing file /home/airflow/.local/lib/python3.8/site-packages/airflow/example_dags/example_sensors.py for tasks to queue
[2023-11-26T00:24:45.707+0000] {logging_mixin.py:154} INFO - [2023-11-26T00:24:45.705+0000] {dagbag.py:536} INFO - Filling up the DagBag from /home/airflow/.local/lib/python3.8/site-packages/airflow/example_dags/example_sensors.py
[2023-11-26T00:24:45.739+0000] {processor.py:839} INFO - DAG(s) dict_keys(['example_sensors']) retrieved from /home/airflow/.local/lib/python3.8/site-packages/airflow/example_dags/example_sensors.py
[2023-11-26T00:24:45.794+0000] {logging_mixin.py:154} INFO - [2023-11-26T00:24:45.793+0000] {dag.py:2941} INFO - Sync 1 DAGs
[2023-11-26T00:24:45.850+0000] {logging_mixin.py:154} INFO - [2023-11-26T00:24:45.849+0000] {dag.py:3722} INFO - Setting next_dagrun for example_sensors to None, run_after=None
[2023-11-26T00:24:46.007+0000] {processor.py:179} INFO - Processing /home/airflow/.local/lib/python3.8/site-packages/airflow/example_dags/example_sensors.py took 0.318 seconds
[2023-11-26T00:25:17.054+0000] {processor.py:157} INFO - Started process (PID=807) to work on /home/airflow/.local/lib/python3.8/site-packages/airflow/example_dags/example_sensors.py
[2023-11-26T00:25:17.057+0000] {processor.py:829} INFO - Processing file /home/airflow/.local/lib/python3.8/site-packages/airflow/example_dags/example_sensors.py for tasks to queue
[2023-11-26T00:25:17.063+0000] {logging_mixin.py:154} INFO - [2023-11-26T00:25:17.061+0000] {dagbag.py:536} INFO - Filling up the DagBag from /home/airflow/.local/lib/python3.8/site-packages/airflow/example_dags/example_sensors.py
[2023-11-26T00:25:17.077+0000] {processor.py:839} INFO - DAG(s) dict_keys(['example_sensors']) retrieved from /home/airflow/.local/lib/python3.8/site-packages/airflow/example_dags/example_sensors.py
[2023-11-26T00:25:17.119+0000] {logging_mixin.py:154} INFO - [2023-11-26T00:25:17.118+0000] {dag.py:2941} INFO - Sync 1 DAGs
[2023-11-26T00:25:17.141+0000] {logging_mixin.py:154} INFO - [2023-11-26T00:25:17.141+0000] {dag.py:3722} INFO - Setting next_dagrun for example_sensors to None, run_after=None
[2023-11-26T00:25:17.179+0000] {processor.py:179} INFO - Processing /home/airflow/.local/lib/python3.8/site-packages/airflow/example_dags/example_sensors.py took 0.133 seconds
[2023-11-26T00:25:47.409+0000] {processor.py:157} INFO - Started process (PID=861) to work on /home/airflow/.local/lib/python3.8/site-packages/airflow/example_dags/example_sensors.py
[2023-11-26T00:25:47.411+0000] {processor.py:829} INFO - Processing file /home/airflow/.local/lib/python3.8/site-packages/airflow/example_dags/example_sensors.py for tasks to queue
[2023-11-26T00:25:47.420+0000] {logging_mixin.py:154} INFO - [2023-11-26T00:25:47.418+0000] {dagbag.py:536} INFO - Filling up the DagBag from /home/airflow/.local/lib/python3.8/site-packages/airflow/example_dags/example_sensors.py
[2023-11-26T00:25:47.435+0000] {processor.py:839} INFO - DAG(s) dict_keys(['example_sensors']) retrieved from /home/airflow/.local/lib/python3.8/site-packages/airflow/example_dags/example_sensors.py
[2023-11-26T00:25:47.482+0000] {logging_mixin.py:154} INFO - [2023-11-26T00:25:47.481+0000] {dag.py:2941} INFO - Sync 1 DAGs
[2023-11-26T00:25:47.512+0000] {logging_mixin.py:154} INFO - [2023-11-26T00:25:47.512+0000] {dag.py:3722} INFO - Setting next_dagrun for example_sensors to None, run_after=None
[2023-11-26T00:25:47.559+0000] {processor.py:179} INFO - Processing /home/airflow/.local/lib/python3.8/site-packages/airflow/example_dags/example_sensors.py took 0.158 seconds
[2023-11-26T00:26:17.719+0000] {processor.py:157} INFO - Started process (PID=915) to work on /home/airflow/.local/lib/python3.8/site-packages/airflow/example_dags/example_sensors.py
[2023-11-26T00:26:17.721+0000] {processor.py:829} INFO - Processing file /home/airflow/.local/lib/python3.8/site-packages/airflow/example_dags/example_sensors.py for tasks to queue
[2023-11-26T00:26:17.726+0000] {logging_mixin.py:154} INFO - [2023-11-26T00:26:17.726+0000] {dagbag.py:536} INFO - Filling up the DagBag from /home/airflow/.local/lib/python3.8/site-packages/airflow/example_dags/example_sensors.py
[2023-11-26T00:26:17.741+0000] {processor.py:839} INFO - DAG(s) dict_keys(['example_sensors']) retrieved from /home/airflow/.local/lib/python3.8/site-packages/airflow/example_dags/example_sensors.py
[2023-11-26T00:26:17.781+0000] {logging_mixin.py:154} INFO - [2023-11-26T00:26:17.781+0000] {dag.py:2941} INFO - Sync 1 DAGs
[2023-11-26T00:26:17.808+0000] {logging_mixin.py:154} INFO - [2023-11-26T00:26:17.808+0000] {dag.py:3722} INFO - Setting next_dagrun for example_sensors to None, run_after=None
[2023-11-26T00:26:17.844+0000] {processor.py:179} INFO - Processing /home/airflow/.local/lib/python3.8/site-packages/airflow/example_dags/example_sensors.py took 0.130 seconds
[2023-11-26T00:26:48.152+0000] {processor.py:157} INFO - Started process (PID=969) to work on /home/airflow/.local/lib/python3.8/site-packages/airflow/example_dags/example_sensors.py
[2023-11-26T00:26:48.154+0000] {processor.py:829} INFO - Processing file /home/airflow/.local/lib/python3.8/site-packages/airflow/example_dags/example_sensors.py for tasks to queue
[2023-11-26T00:26:48.158+0000] {logging_mixin.py:154} INFO - [2023-11-26T00:26:48.158+0000] {dagbag.py:536} INFO - Filling up the DagBag from /home/airflow/.local/lib/python3.8/site-packages/airflow/example_dags/example_sensors.py
[2023-11-26T00:26:48.173+0000] {processor.py:839} INFO - DAG(s) dict_keys(['example_sensors']) retrieved from /home/airflow/.local/lib/python3.8/site-packages/airflow/example_dags/example_sensors.py
[2023-11-26T00:26:48.221+0000] {logging_mixin.py:154} INFO - [2023-11-26T00:26:48.220+0000] {dag.py:2941} INFO - Sync 1 DAGs
[2023-11-26T00:26:48.240+0000] {logging_mixin.py:154} INFO - [2023-11-26T00:26:48.239+0000] {dag.py:3722} INFO - Setting next_dagrun for example_sensors to None, run_after=None
[2023-11-26T00:26:48.277+0000] {processor.py:179} INFO - Processing /home/airflow/.local/lib/python3.8/site-packages/airflow/example_dags/example_sensors.py took 0.130 seconds
[2023-11-26T00:27:19.068+0000] {processor.py:157} INFO - Started process (PID=1023) to work on /home/airflow/.local/lib/python3.8/site-packages/airflow/example_dags/example_sensors.py
[2023-11-26T00:27:19.069+0000] {processor.py:829} INFO - Processing file /home/airflow/.local/lib/python3.8/site-packages/airflow/example_dags/example_sensors.py for tasks to queue
[2023-11-26T00:27:19.073+0000] {logging_mixin.py:154} INFO - [2023-11-26T00:27:19.072+0000] {dagbag.py:536} INFO - Filling up the DagBag from /home/airflow/.local/lib/python3.8/site-packages/airflow/example_dags/example_sensors.py
[2023-11-26T00:27:19.082+0000] {processor.py:839} INFO - DAG(s) dict_keys(['example_sensors']) retrieved from /home/airflow/.local/lib/python3.8/site-packages/airflow/example_dags/example_sensors.py
[2023-11-26T00:27:19.109+0000] {logging_mixin.py:154} INFO - [2023-11-26T00:27:19.109+0000] {dag.py:2941} INFO - Sync 1 DAGs
[2023-11-26T00:27:19.122+0000] {logging_mixin.py:154} INFO - [2023-11-26T00:27:19.122+0000] {dag.py:3722} INFO - Setting next_dagrun for example_sensors to None, run_after=None
[2023-11-26T00:27:19.151+0000] {processor.py:179} INFO - Processing /home/airflow/.local/lib/python3.8/site-packages/airflow/example_dags/example_sensors.py took 0.086 seconds
[2023-11-26T00:27:49.700+0000] {processor.py:157} INFO - Started process (PID=1077) to work on /home/airflow/.local/lib/python3.8/site-packages/airflow/example_dags/example_sensors.py
[2023-11-26T00:27:49.704+0000] {processor.py:829} INFO - Processing file /home/airflow/.local/lib/python3.8/site-packages/airflow/example_dags/example_sensors.py for tasks to queue
[2023-11-26T00:27:49.709+0000] {logging_mixin.py:154} INFO - [2023-11-26T00:27:49.709+0000] {dagbag.py:536} INFO - Filling up the DagBag from /home/airflow/.local/lib/python3.8/site-packages/airflow/example_dags/example_sensors.py
[2023-11-26T00:27:49.738+0000] {processor.py:839} INFO - DAG(s) dict_keys(['example_sensors']) retrieved from /home/airflow/.local/lib/python3.8/site-packages/airflow/example_dags/example_sensors.py
[2023-11-26T00:27:49.781+0000] {logging_mixin.py:154} INFO - [2023-11-26T00:27:49.781+0000] {dag.py:2941} INFO - Sync 1 DAGs
[2023-11-26T00:27:49.801+0000] {logging_mixin.py:154} INFO - [2023-11-26T00:27:49.801+0000] {dag.py:3722} INFO - Setting next_dagrun for example_sensors to None, run_after=None
[2023-11-26T00:27:49.834+0000] {processor.py:179} INFO - Processing /home/airflow/.local/lib/python3.8/site-packages/airflow/example_dags/example_sensors.py took 0.146 seconds
[2023-11-26T00:28:20.304+0000] {processor.py:157} INFO - Started process (PID=1131) to work on /home/airflow/.local/lib/python3.8/site-packages/airflow/example_dags/example_sensors.py
[2023-11-26T00:28:20.306+0000] {processor.py:829} INFO - Processing file /home/airflow/.local/lib/python3.8/site-packages/airflow/example_dags/example_sensors.py for tasks to queue
[2023-11-26T00:28:20.309+0000] {logging_mixin.py:154} INFO - [2023-11-26T00:28:20.308+0000] {dagbag.py:536} INFO - Filling up the DagBag from /home/airflow/.local/lib/python3.8/site-packages/airflow/example_dags/example_sensors.py
[2023-11-26T00:28:20.321+0000] {processor.py:839} INFO - DAG(s) dict_keys(['example_sensors']) retrieved from /home/airflow/.local/lib/python3.8/site-packages/airflow/example_dags/example_sensors.py
[2023-11-26T00:28:20.356+0000] {logging_mixin.py:154} INFO - [2023-11-26T00:28:20.356+0000] {dag.py:2941} INFO - Sync 1 DAGs
[2023-11-26T00:28:20.371+0000] {logging_mixin.py:154} INFO - [2023-11-26T00:28:20.371+0000] {dag.py:3722} INFO - Setting next_dagrun for example_sensors to None, run_after=None
[2023-11-26T00:28:20.406+0000] {processor.py:179} INFO - Processing /home/airflow/.local/lib/python3.8/site-packages/airflow/example_dags/example_sensors.py took 0.108 seconds
[2023-11-26T00:28:51.047+0000] {processor.py:157} INFO - Started process (PID=1184) to work on /home/airflow/.local/lib/python3.8/site-packages/airflow/example_dags/example_sensors.py
[2023-11-26T00:28:51.050+0000] {processor.py:829} INFO - Processing file /home/airflow/.local/lib/python3.8/site-packages/airflow/example_dags/example_sensors.py for tasks to queue
[2023-11-26T00:28:51.054+0000] {logging_mixin.py:154} INFO - [2023-11-26T00:28:51.054+0000] {dagbag.py:536} INFO - Filling up the DagBag from /home/airflow/.local/lib/python3.8/site-packages/airflow/example_dags/example_sensors.py
[2023-11-26T00:28:51.068+0000] {processor.py:839} INFO - DAG(s) dict_keys(['example_sensors']) retrieved from /home/airflow/.local/lib/python3.8/site-packages/airflow/example_dags/example_sensors.py
[2023-11-26T00:28:51.111+0000] {logging_mixin.py:154} INFO - [2023-11-26T00:28:51.111+0000] {dag.py:2941} INFO - Sync 1 DAGs
[2023-11-26T00:28:51.126+0000] {logging_mixin.py:154} INFO - [2023-11-26T00:28:51.125+0000] {dag.py:3722} INFO - Setting next_dagrun for example_sensors to None, run_after=None
[2023-11-26T00:28:51.163+0000] {processor.py:179} INFO - Processing /home/airflow/.local/lib/python3.8/site-packages/airflow/example_dags/example_sensors.py took 0.123 seconds
[2023-11-26T00:29:21.339+0000] {processor.py:157} INFO - Started process (PID=1238) to work on /home/airflow/.local/lib/python3.8/site-packages/airflow/example_dags/example_sensors.py
[2023-11-26T00:29:21.341+0000] {processor.py:829} INFO - Processing file /home/airflow/.local/lib/python3.8/site-packages/airflow/example_dags/example_sensors.py for tasks to queue
[2023-11-26T00:29:21.345+0000] {logging_mixin.py:154} INFO - [2023-11-26T00:29:21.345+0000] {dagbag.py:536} INFO - Filling up the DagBag from /home/airflow/.local/lib/python3.8/site-packages/airflow/example_dags/example_sensors.py
[2023-11-26T00:29:21.361+0000] {processor.py:839} INFO - DAG(s) dict_keys(['example_sensors']) retrieved from /home/airflow/.local/lib/python3.8/site-packages/airflow/example_dags/example_sensors.py
[2023-11-26T00:29:21.397+0000] {logging_mixin.py:154} INFO - [2023-11-26T00:29:21.396+0000] {dag.py:2941} INFO - Sync 1 DAGs
[2023-11-26T00:29:21.414+0000] {logging_mixin.py:154} INFO - [2023-11-26T00:29:21.414+0000] {dag.py:3722} INFO - Setting next_dagrun for example_sensors to None, run_after=None
[2023-11-26T00:29:21.444+0000] {processor.py:179} INFO - Processing /home/airflow/.local/lib/python3.8/site-packages/airflow/example_dags/example_sensors.py took 0.111 seconds
[2023-11-26T00:29:52.192+0000] {processor.py:157} INFO - Started process (PID=1292) to work on /home/airflow/.local/lib/python3.8/site-packages/airflow/example_dags/example_sensors.py
[2023-11-26T00:29:52.195+0000] {processor.py:829} INFO - Processing file /home/airflow/.local/lib/python3.8/site-packages/airflow/example_dags/example_sensors.py for tasks to queue
[2023-11-26T00:29:52.200+0000] {logging_mixin.py:154} INFO - [2023-11-26T00:29:52.200+0000] {dagbag.py:536} INFO - Filling up the DagBag from /home/airflow/.local/lib/python3.8/site-packages/airflow/example_dags/example_sensors.py
[2023-11-26T00:29:52.217+0000] {processor.py:839} INFO - DAG(s) dict_keys(['example_sensors']) retrieved from /home/airflow/.local/lib/python3.8/site-packages/airflow/example_dags/example_sensors.py
[2023-11-26T00:29:52.257+0000] {logging_mixin.py:154} INFO - [2023-11-26T00:29:52.257+0000] {dag.py:2941} INFO - Sync 1 DAGs
[2023-11-26T00:29:52.275+0000] {logging_mixin.py:154} INFO - [2023-11-26T00:29:52.275+0000] {dag.py:3722} INFO - Setting next_dagrun for example_sensors to None, run_after=None
[2023-11-26T00:29:52.315+0000] {processor.py:179} INFO - Processing /home/airflow/.local/lib/python3.8/site-packages/airflow/example_dags/example_sensors.py took 0.130 seconds
[2023-11-26T00:30:22.529+0000] {processor.py:157} INFO - Started process (PID=1346) to work on /home/airflow/.local/lib/python3.8/site-packages/airflow/example_dags/example_sensors.py
[2023-11-26T00:30:22.531+0000] {processor.py:829} INFO - Processing file /home/airflow/.local/lib/python3.8/site-packages/airflow/example_dags/example_sensors.py for tasks to queue
[2023-11-26T00:30:22.536+0000] {logging_mixin.py:154} INFO - [2023-11-26T00:30:22.535+0000] {dagbag.py:536} INFO - Filling up the DagBag from /home/airflow/.local/lib/python3.8/site-packages/airflow/example_dags/example_sensors.py
[2023-11-26T00:30:22.549+0000] {processor.py:839} INFO - DAG(s) dict_keys(['example_sensors']) retrieved from /home/airflow/.local/lib/python3.8/site-packages/airflow/example_dags/example_sensors.py
[2023-11-26T00:30:22.586+0000] {logging_mixin.py:154} INFO - [2023-11-26T00:30:22.586+0000] {dag.py:2941} INFO - Sync 1 DAGs
[2023-11-26T00:30:22.611+0000] {logging_mixin.py:154} INFO - [2023-11-26T00:30:22.610+0000] {dag.py:3722} INFO - Setting next_dagrun for example_sensors to None, run_after=None
[2023-11-26T00:30:22.650+0000] {processor.py:179} INFO - Processing /home/airflow/.local/lib/python3.8/site-packages/airflow/example_dags/example_sensors.py took 0.128 seconds
[2023-11-26T00:30:53.314+0000] {processor.py:157} INFO - Started process (PID=1400) to work on /home/airflow/.local/lib/python3.8/site-packages/airflow/example_dags/example_sensors.py
[2023-11-26T00:30:53.315+0000] {processor.py:829} INFO - Processing file /home/airflow/.local/lib/python3.8/site-packages/airflow/example_dags/example_sensors.py for tasks to queue
[2023-11-26T00:30:53.318+0000] {logging_mixin.py:154} INFO - [2023-11-26T00:30:53.318+0000] {dagbag.py:536} INFO - Filling up the DagBag from /home/airflow/.local/lib/python3.8/site-packages/airflow/example_dags/example_sensors.py
[2023-11-26T00:30:53.327+0000] {processor.py:839} INFO - DAG(s) dict_keys(['example_sensors']) retrieved from /home/airflow/.local/lib/python3.8/site-packages/airflow/example_dags/example_sensors.py
[2023-11-26T00:30:53.357+0000] {logging_mixin.py:154} INFO - [2023-11-26T00:30:53.357+0000] {dag.py:2941} INFO - Sync 1 DAGs
[2023-11-26T00:30:53.372+0000] {logging_mixin.py:154} INFO - [2023-11-26T00:30:53.372+0000] {dag.py:3722} INFO - Setting next_dagrun for example_sensors to None, run_after=None
[2023-11-26T00:30:53.429+0000] {processor.py:179} INFO - Processing /home/airflow/.local/lib/python3.8/site-packages/airflow/example_dags/example_sensors.py took 0.119 seconds
[2023-11-26T00:31:23.568+0000] {processor.py:157} INFO - Started process (PID=1454) to work on /home/airflow/.local/lib/python3.8/site-packages/airflow/example_dags/example_sensors.py
[2023-11-26T00:31:23.571+0000] {processor.py:829} INFO - Processing file /home/airflow/.local/lib/python3.8/site-packages/airflow/example_dags/example_sensors.py for tasks to queue
[2023-11-26T00:31:23.575+0000] {logging_mixin.py:154} INFO - [2023-11-26T00:31:23.575+0000] {dagbag.py:536} INFO - Filling up the DagBag from /home/airflow/.local/lib/python3.8/site-packages/airflow/example_dags/example_sensors.py
[2023-11-26T00:31:23.586+0000] {processor.py:839} INFO - DAG(s) dict_keys(['example_sensors']) retrieved from /home/airflow/.local/lib/python3.8/site-packages/airflow/example_dags/example_sensors.py
[2023-11-26T00:31:23.623+0000] {logging_mixin.py:154} INFO - [2023-11-26T00:31:23.622+0000] {dag.py:2941} INFO - Sync 1 DAGs
[2023-11-26T00:31:23.638+0000] {logging_mixin.py:154} INFO - [2023-11-26T00:31:23.637+0000] {dag.py:3722} INFO - Setting next_dagrun for example_sensors to None, run_after=None
[2023-11-26T00:31:23.668+0000] {processor.py:179} INFO - Processing /home/airflow/.local/lib/python3.8/site-packages/airflow/example_dags/example_sensors.py took 0.105 seconds
[2023-11-26T00:31:54.344+0000] {processor.py:157} INFO - Started process (PID=1508) to work on /home/airflow/.local/lib/python3.8/site-packages/airflow/example_dags/example_sensors.py
[2023-11-26T00:31:54.347+0000] {processor.py:829} INFO - Processing file /home/airflow/.local/lib/python3.8/site-packages/airflow/example_dags/example_sensors.py for tasks to queue
[2023-11-26T00:31:54.352+0000] {logging_mixin.py:154} INFO - [2023-11-26T00:31:54.351+0000] {dagbag.py:536} INFO - Filling up the DagBag from /home/airflow/.local/lib/python3.8/site-packages/airflow/example_dags/example_sensors.py
[2023-11-26T00:31:54.364+0000] {processor.py:839} INFO - DAG(s) dict_keys(['example_sensors']) retrieved from /home/airflow/.local/lib/python3.8/site-packages/airflow/example_dags/example_sensors.py
[2023-11-26T00:31:54.425+0000] {logging_mixin.py:154} INFO - [2023-11-26T00:31:54.424+0000] {dag.py:2941} INFO - Sync 1 DAGs
[2023-11-26T00:31:54.445+0000] {logging_mixin.py:154} INFO - [2023-11-26T00:31:54.445+0000] {dag.py:3722} INFO - Setting next_dagrun for example_sensors to None, run_after=None
[2023-11-26T00:31:54.484+0000] {processor.py:179} INFO - Processing /home/airflow/.local/lib/python3.8/site-packages/airflow/example_dags/example_sensors.py took 0.144 seconds
[2023-11-26T00:32:24.719+0000] {processor.py:157} INFO - Started process (PID=1562) to work on /home/airflow/.local/lib/python3.8/site-packages/airflow/example_dags/example_sensors.py
[2023-11-26T00:32:24.721+0000] {processor.py:829} INFO - Processing file /home/airflow/.local/lib/python3.8/site-packages/airflow/example_dags/example_sensors.py for tasks to queue
[2023-11-26T00:32:24.724+0000] {logging_mixin.py:154} INFO - [2023-11-26T00:32:24.724+0000] {dagbag.py:536} INFO - Filling up the DagBag from /home/airflow/.local/lib/python3.8/site-packages/airflow/example_dags/example_sensors.py
[2023-11-26T00:32:24.734+0000] {processor.py:839} INFO - DAG(s) dict_keys(['example_sensors']) retrieved from /home/airflow/.local/lib/python3.8/site-packages/airflow/example_dags/example_sensors.py
[2023-11-26T00:32:24.767+0000] {logging_mixin.py:154} INFO - [2023-11-26T00:32:24.767+0000] {dag.py:2941} INFO - Sync 1 DAGs
[2023-11-26T00:32:24.784+0000] {logging_mixin.py:154} INFO - [2023-11-26T00:32:24.783+0000] {dag.py:3722} INFO - Setting next_dagrun for example_sensors to None, run_after=None
[2023-11-26T00:32:24.819+0000] {processor.py:179} INFO - Processing /home/airflow/.local/lib/python3.8/site-packages/airflow/example_dags/example_sensors.py took 0.105 seconds
[2023-11-26T00:32:55.337+0000] {processor.py:157} INFO - Started process (PID=1616) to work on /home/airflow/.local/lib/python3.8/site-packages/airflow/example_dags/example_sensors.py
[2023-11-26T00:32:55.339+0000] {processor.py:829} INFO - Processing file /home/airflow/.local/lib/python3.8/site-packages/airflow/example_dags/example_sensors.py for tasks to queue
[2023-11-26T00:32:55.340+0000] {logging_mixin.py:154} INFO - [2023-11-26T00:32:55.340+0000] {dagbag.py:536} INFO - Filling up the DagBag from /home/airflow/.local/lib/python3.8/site-packages/airflow/example_dags/example_sensors.py
[2023-11-26T00:32:55.347+0000] {processor.py:839} INFO - DAG(s) dict_keys(['example_sensors']) retrieved from /home/airflow/.local/lib/python3.8/site-packages/airflow/example_dags/example_sensors.py
[2023-11-26T00:32:55.370+0000] {logging_mixin.py:154} INFO - [2023-11-26T00:32:55.370+0000] {dag.py:2941} INFO - Sync 1 DAGs
[2023-11-26T00:32:55.381+0000] {logging_mixin.py:154} INFO - [2023-11-26T00:32:55.381+0000] {dag.py:3722} INFO - Setting next_dagrun for example_sensors to None, run_after=None
[2023-11-26T00:32:55.403+0000] {processor.py:179} INFO - Processing /home/airflow/.local/lib/python3.8/site-packages/airflow/example_dags/example_sensors.py took 0.069 seconds
[2023-11-26T00:33:25.744+0000] {processor.py:157} INFO - Started process (PID=1670) to work on /home/airflow/.local/lib/python3.8/site-packages/airflow/example_dags/example_sensors.py
[2023-11-26T00:33:25.746+0000] {processor.py:829} INFO - Processing file /home/airflow/.local/lib/python3.8/site-packages/airflow/example_dags/example_sensors.py for tasks to queue
[2023-11-26T00:33:25.749+0000] {logging_mixin.py:154} INFO - [2023-11-26T00:33:25.748+0000] {dagbag.py:536} INFO - Filling up the DagBag from /home/airflow/.local/lib/python3.8/site-packages/airflow/example_dags/example_sensors.py
[2023-11-26T00:33:25.760+0000] {processor.py:839} INFO - DAG(s) dict_keys(['example_sensors']) retrieved from /home/airflow/.local/lib/python3.8/site-packages/airflow/example_dags/example_sensors.py
[2023-11-26T00:33:25.812+0000] {logging_mixin.py:154} INFO - [2023-11-26T00:33:25.811+0000] {dag.py:2941} INFO - Sync 1 DAGs
[2023-11-26T00:33:25.832+0000] {logging_mixin.py:154} INFO - [2023-11-26T00:33:25.832+0000] {dag.py:3722} INFO - Setting next_dagrun for example_sensors to None, run_after=None
[2023-11-26T00:33:25.862+0000] {processor.py:179} INFO - Processing /home/airflow/.local/lib/python3.8/site-packages/airflow/example_dags/example_sensors.py took 0.123 seconds
[2023-11-26T00:33:56.608+0000] {processor.py:157} INFO - Started process (PID=1724) to work on /home/airflow/.local/lib/python3.8/site-packages/airflow/example_dags/example_sensors.py
[2023-11-26T00:33:56.609+0000] {processor.py:829} INFO - Processing file /home/airflow/.local/lib/python3.8/site-packages/airflow/example_dags/example_sensors.py for tasks to queue
[2023-11-26T00:33:56.611+0000] {logging_mixin.py:154} INFO - [2023-11-26T00:33:56.611+0000] {dagbag.py:536} INFO - Filling up the DagBag from /home/airflow/.local/lib/python3.8/site-packages/airflow/example_dags/example_sensors.py
[2023-11-26T00:33:56.618+0000] {processor.py:839} INFO - DAG(s) dict_keys(['example_sensors']) retrieved from /home/airflow/.local/lib/python3.8/site-packages/airflow/example_dags/example_sensors.py
[2023-11-26T00:33:56.642+0000] {logging_mixin.py:154} INFO - [2023-11-26T00:33:56.642+0000] {dag.py:2941} INFO - Sync 1 DAGs
[2023-11-26T00:33:56.655+0000] {logging_mixin.py:154} INFO - [2023-11-26T00:33:56.655+0000] {dag.py:3722} INFO - Setting next_dagrun for example_sensors to None, run_after=None
[2023-11-26T00:33:56.676+0000] {processor.py:179} INFO - Processing /home/airflow/.local/lib/python3.8/site-packages/airflow/example_dags/example_sensors.py took 0.071 seconds
[2023-11-26T00:34:27.034+0000] {processor.py:157} INFO - Started process (PID=1785) to work on /home/airflow/.local/lib/python3.8/site-packages/airflow/example_dags/example_sensors.py
[2023-11-26T00:34:27.036+0000] {processor.py:829} INFO - Processing file /home/airflow/.local/lib/python3.8/site-packages/airflow/example_dags/example_sensors.py for tasks to queue
[2023-11-26T00:34:27.040+0000] {logging_mixin.py:154} INFO - [2023-11-26T00:34:27.040+0000] {dagbag.py:536} INFO - Filling up the DagBag from /home/airflow/.local/lib/python3.8/site-packages/airflow/example_dags/example_sensors.py
[2023-11-26T00:34:27.054+0000] {processor.py:839} INFO - DAG(s) dict_keys(['example_sensors']) retrieved from /home/airflow/.local/lib/python3.8/site-packages/airflow/example_dags/example_sensors.py
[2023-11-26T00:34:27.093+0000] {logging_mixin.py:154} INFO - [2023-11-26T00:34:27.093+0000] {dag.py:2941} INFO - Sync 1 DAGs
[2023-11-26T00:34:27.108+0000] {logging_mixin.py:154} INFO - [2023-11-26T00:34:27.108+0000] {dag.py:3722} INFO - Setting next_dagrun for example_sensors to None, run_after=None
[2023-11-26T00:34:27.140+0000] {processor.py:179} INFO - Processing /home/airflow/.local/lib/python3.8/site-packages/airflow/example_dags/example_sensors.py took 0.115 seconds
[2023-11-26T00:34:57.438+0000] {processor.py:157} INFO - Started process (PID=1839) to work on /home/airflow/.local/lib/python3.8/site-packages/airflow/example_dags/example_sensors.py
[2023-11-26T00:34:57.439+0000] {processor.py:829} INFO - Processing file /home/airflow/.local/lib/python3.8/site-packages/airflow/example_dags/example_sensors.py for tasks to queue
[2023-11-26T00:34:57.441+0000] {logging_mixin.py:154} INFO - [2023-11-26T00:34:57.441+0000] {dagbag.py:536} INFO - Filling up the DagBag from /home/airflow/.local/lib/python3.8/site-packages/airflow/example_dags/example_sensors.py
[2023-11-26T00:34:57.449+0000] {processor.py:839} INFO - DAG(s) dict_keys(['example_sensors']) retrieved from /home/airflow/.local/lib/python3.8/site-packages/airflow/example_dags/example_sensors.py
[2023-11-26T00:34:57.476+0000] {logging_mixin.py:154} INFO - [2023-11-26T00:34:57.476+0000] {dag.py:2941} INFO - Sync 1 DAGs
[2023-11-26T00:34:57.487+0000] {logging_mixin.py:154} INFO - [2023-11-26T00:34:57.487+0000] {dag.py:3722} INFO - Setting next_dagrun for example_sensors to None, run_after=None
[2023-11-26T00:34:57.511+0000] {processor.py:179} INFO - Processing /home/airflow/.local/lib/python3.8/site-packages/airflow/example_dags/example_sensors.py took 0.076 seconds
[2023-11-26T00:35:27.848+0000] {processor.py:157} INFO - Started process (PID=1893) to work on /home/airflow/.local/lib/python3.8/site-packages/airflow/example_dags/example_sensors.py
[2023-11-26T00:35:27.850+0000] {processor.py:829} INFO - Processing file /home/airflow/.local/lib/python3.8/site-packages/airflow/example_dags/example_sensors.py for tasks to queue
[2023-11-26T00:35:27.852+0000] {logging_mixin.py:154} INFO - [2023-11-26T00:35:27.852+0000] {dagbag.py:536} INFO - Filling up the DagBag from /home/airflow/.local/lib/python3.8/site-packages/airflow/example_dags/example_sensors.py
[2023-11-26T00:35:27.861+0000] {processor.py:839} INFO - DAG(s) dict_keys(['example_sensors']) retrieved from /home/airflow/.local/lib/python3.8/site-packages/airflow/example_dags/example_sensors.py
[2023-11-26T00:35:27.882+0000] {logging_mixin.py:154} INFO - [2023-11-26T00:35:27.882+0000] {dag.py:2941} INFO - Sync 1 DAGs
[2023-11-26T00:35:27.894+0000] {logging_mixin.py:154} INFO - [2023-11-26T00:35:27.894+0000] {dag.py:3722} INFO - Setting next_dagrun for example_sensors to None, run_after=None
[2023-11-26T00:35:27.915+0000] {processor.py:179} INFO - Processing /home/airflow/.local/lib/python3.8/site-packages/airflow/example_dags/example_sensors.py took 0.070 seconds
[2023-11-26T00:35:58.250+0000] {processor.py:157} INFO - Started process (PID=1947) to work on /home/airflow/.local/lib/python3.8/site-packages/airflow/example_dags/example_sensors.py
[2023-11-26T00:35:58.252+0000] {processor.py:829} INFO - Processing file /home/airflow/.local/lib/python3.8/site-packages/airflow/example_dags/example_sensors.py for tasks to queue
[2023-11-26T00:35:58.254+0000] {logging_mixin.py:154} INFO - [2023-11-26T00:35:58.254+0000] {dagbag.py:536} INFO - Filling up the DagBag from /home/airflow/.local/lib/python3.8/site-packages/airflow/example_dags/example_sensors.py
[2023-11-26T00:35:58.262+0000] {processor.py:839} INFO - DAG(s) dict_keys(['example_sensors']) retrieved from /home/airflow/.local/lib/python3.8/site-packages/airflow/example_dags/example_sensors.py
[2023-11-26T00:35:58.284+0000] {logging_mixin.py:154} INFO - [2023-11-26T00:35:58.284+0000] {dag.py:2941} INFO - Sync 1 DAGs
[2023-11-26T00:35:58.296+0000] {logging_mixin.py:154} INFO - [2023-11-26T00:35:58.295+0000] {dag.py:3722} INFO - Setting next_dagrun for example_sensors to None, run_after=None
[2023-11-26T00:35:58.319+0000] {processor.py:179} INFO - Processing /home/airflow/.local/lib/python3.8/site-packages/airflow/example_dags/example_sensors.py took 0.072 seconds
[2023-11-26T00:36:28.862+0000] {processor.py:157} INFO - Started process (PID=2001) to work on /home/airflow/.local/lib/python3.8/site-packages/airflow/example_dags/example_sensors.py
[2023-11-26T00:36:28.864+0000] {processor.py:829} INFO - Processing file /home/airflow/.local/lib/python3.8/site-packages/airflow/example_dags/example_sensors.py for tasks to queue
[2023-11-26T00:36:28.869+0000] {logging_mixin.py:154} INFO - [2023-11-26T00:36:28.869+0000] {dagbag.py:536} INFO - Filling up the DagBag from /home/airflow/.local/lib/python3.8/site-packages/airflow/example_dags/example_sensors.py
[2023-11-26T00:36:28.900+0000] {processor.py:839} INFO - DAG(s) dict_keys(['example_sensors']) retrieved from /home/airflow/.local/lib/python3.8/site-packages/airflow/example_dags/example_sensors.py
[2023-11-26T00:36:28.942+0000] {logging_mixin.py:154} INFO - [2023-11-26T00:36:28.942+0000] {dag.py:2941} INFO - Sync 1 DAGs
[2023-11-26T00:36:28.960+0000] {logging_mixin.py:154} INFO - [2023-11-26T00:36:28.960+0000] {dag.py:3722} INFO - Setting next_dagrun for example_sensors to None, run_after=None
[2023-11-26T00:36:29.000+0000] {processor.py:179} INFO - Processing /home/airflow/.local/lib/python3.8/site-packages/airflow/example_dags/example_sensors.py took 0.146 seconds
[2023-11-26T00:36:59.778+0000] {processor.py:157} INFO - Started process (PID=2055) to work on /home/airflow/.local/lib/python3.8/site-packages/airflow/example_dags/example_sensors.py
[2023-11-26T00:36:59.779+0000] {processor.py:829} INFO - Processing file /home/airflow/.local/lib/python3.8/site-packages/airflow/example_dags/example_sensors.py for tasks to queue
[2023-11-26T00:36:59.781+0000] {logging_mixin.py:154} INFO - [2023-11-26T00:36:59.781+0000] {dagbag.py:536} INFO - Filling up the DagBag from /home/airflow/.local/lib/python3.8/site-packages/airflow/example_dags/example_sensors.py
[2023-11-26T00:36:59.789+0000] {processor.py:839} INFO - DAG(s) dict_keys(['example_sensors']) retrieved from /home/airflow/.local/lib/python3.8/site-packages/airflow/example_dags/example_sensors.py
[2023-11-26T00:36:59.813+0000] {logging_mixin.py:154} INFO - [2023-11-26T00:36:59.813+0000] {dag.py:2941} INFO - Sync 1 DAGs
[2023-11-26T00:36:59.824+0000] {logging_mixin.py:154} INFO - [2023-11-26T00:36:59.824+0000] {dag.py:3722} INFO - Setting next_dagrun for example_sensors to None, run_after=None
[2023-11-26T00:36:59.845+0000] {processor.py:179} INFO - Processing /home/airflow/.local/lib/python3.8/site-packages/airflow/example_dags/example_sensors.py took 0.071 seconds
[2023-11-26T00:37:30.249+0000] {processor.py:157} INFO - Started process (PID=2109) to work on /home/airflow/.local/lib/python3.8/site-packages/airflow/example_dags/example_sensors.py
[2023-11-26T00:37:30.250+0000] {processor.py:829} INFO - Processing file /home/airflow/.local/lib/python3.8/site-packages/airflow/example_dags/example_sensors.py for tasks to queue
[2023-11-26T00:37:30.253+0000] {logging_mixin.py:154} INFO - [2023-11-26T00:37:30.252+0000] {dagbag.py:536} INFO - Filling up the DagBag from /home/airflow/.local/lib/python3.8/site-packages/airflow/example_dags/example_sensors.py
[2023-11-26T00:37:30.260+0000] {processor.py:839} INFO - DAG(s) dict_keys(['example_sensors']) retrieved from /home/airflow/.local/lib/python3.8/site-packages/airflow/example_dags/example_sensors.py
[2023-11-26T00:37:30.283+0000] {logging_mixin.py:154} INFO - [2023-11-26T00:37:30.283+0000] {dag.py:2941} INFO - Sync 1 DAGs
[2023-11-26T00:37:30.295+0000] {logging_mixin.py:154} INFO - [2023-11-26T00:37:30.294+0000] {dag.py:3722} INFO - Setting next_dagrun for example_sensors to None, run_after=None
[2023-11-26T00:37:30.317+0000] {processor.py:179} INFO - Processing /home/airflow/.local/lib/python3.8/site-packages/airflow/example_dags/example_sensors.py took 0.071 seconds
[2023-11-26T00:38:01.092+0000] {processor.py:157} INFO - Started process (PID=2163) to work on /home/airflow/.local/lib/python3.8/site-packages/airflow/example_dags/example_sensors.py
[2023-11-26T00:38:01.093+0000] {processor.py:829} INFO - Processing file /home/airflow/.local/lib/python3.8/site-packages/airflow/example_dags/example_sensors.py for tasks to queue
[2023-11-26T00:38:01.095+0000] {logging_mixin.py:154} INFO - [2023-11-26T00:38:01.095+0000] {dagbag.py:536} INFO - Filling up the DagBag from /home/airflow/.local/lib/python3.8/site-packages/airflow/example_dags/example_sensors.py
[2023-11-26T00:38:01.102+0000] {processor.py:839} INFO - DAG(s) dict_keys(['example_sensors']) retrieved from /home/airflow/.local/lib/python3.8/site-packages/airflow/example_dags/example_sensors.py
[2023-11-26T00:38:01.125+0000] {logging_mixin.py:154} INFO - [2023-11-26T00:38:01.125+0000] {dag.py:2941} INFO - Sync 1 DAGs
[2023-11-26T00:38:01.138+0000] {logging_mixin.py:154} INFO - [2023-11-26T00:38:01.138+0000] {dag.py:3722} INFO - Setting next_dagrun for example_sensors to None, run_after=None
[2023-11-26T00:38:01.162+0000] {processor.py:179} INFO - Processing /home/airflow/.local/lib/python3.8/site-packages/airflow/example_dags/example_sensors.py took 0.073 seconds
[2023-11-26T00:38:31.426+0000] {processor.py:157} INFO - Started process (PID=2217) to work on /home/airflow/.local/lib/python3.8/site-packages/airflow/example_dags/example_sensors.py
[2023-11-26T00:38:31.427+0000] {processor.py:829} INFO - Processing file /home/airflow/.local/lib/python3.8/site-packages/airflow/example_dags/example_sensors.py for tasks to queue
[2023-11-26T00:38:31.430+0000] {logging_mixin.py:154} INFO - [2023-11-26T00:38:31.430+0000] {dagbag.py:536} INFO - Filling up the DagBag from /home/airflow/.local/lib/python3.8/site-packages/airflow/example_dags/example_sensors.py
[2023-11-26T00:38:31.437+0000] {processor.py:839} INFO - DAG(s) dict_keys(['example_sensors']) retrieved from /home/airflow/.local/lib/python3.8/site-packages/airflow/example_dags/example_sensors.py
[2023-11-26T00:38:31.460+0000] {logging_mixin.py:154} INFO - [2023-11-26T00:38:31.460+0000] {dag.py:2941} INFO - Sync 1 DAGs
[2023-11-26T00:38:31.473+0000] {logging_mixin.py:154} INFO - [2023-11-26T00:38:31.473+0000] {dag.py:3722} INFO - Setting next_dagrun for example_sensors to None, run_after=None
[2023-11-26T00:38:31.495+0000] {processor.py:179} INFO - Processing /home/airflow/.local/lib/python3.8/site-packages/airflow/example_dags/example_sensors.py took 0.073 seconds
[2023-11-26T00:39:01.811+0000] {processor.py:157} INFO - Started process (PID=2271) to work on /home/airflow/.local/lib/python3.8/site-packages/airflow/example_dags/example_sensors.py
[2023-11-26T00:39:01.812+0000] {processor.py:829} INFO - Processing file /home/airflow/.local/lib/python3.8/site-packages/airflow/example_dags/example_sensors.py for tasks to queue
[2023-11-26T00:39:01.814+0000] {logging_mixin.py:154} INFO - [2023-11-26T00:39:01.814+0000] {dagbag.py:536} INFO - Filling up the DagBag from /home/airflow/.local/lib/python3.8/site-packages/airflow/example_dags/example_sensors.py
[2023-11-26T00:39:01.823+0000] {processor.py:839} INFO - DAG(s) dict_keys(['example_sensors']) retrieved from /home/airflow/.local/lib/python3.8/site-packages/airflow/example_dags/example_sensors.py
[2023-11-26T00:39:01.847+0000] {logging_mixin.py:154} INFO - [2023-11-26T00:39:01.847+0000] {dag.py:2941} INFO - Sync 1 DAGs
[2023-11-26T00:39:01.858+0000] {logging_mixin.py:154} INFO - [2023-11-26T00:39:01.858+0000] {dag.py:3722} INFO - Setting next_dagrun for example_sensors to None, run_after=None
[2023-11-26T00:39:01.880+0000] {processor.py:179} INFO - Processing /home/airflow/.local/lib/python3.8/site-packages/airflow/example_dags/example_sensors.py took 0.073 seconds
[2023-11-26T00:39:32.368+0000] {processor.py:157} INFO - Started process (PID=2325) to work on /home/airflow/.local/lib/python3.8/site-packages/airflow/example_dags/example_sensors.py
[2023-11-26T00:39:32.371+0000] {processor.py:829} INFO - Processing file /home/airflow/.local/lib/python3.8/site-packages/airflow/example_dags/example_sensors.py for tasks to queue
[2023-11-26T00:39:32.375+0000] {logging_mixin.py:154} INFO - [2023-11-26T00:39:32.374+0000] {dagbag.py:536} INFO - Filling up the DagBag from /home/airflow/.local/lib/python3.8/site-packages/airflow/example_dags/example_sensors.py
[2023-11-26T00:39:32.397+0000] {processor.py:839} INFO - DAG(s) dict_keys(['example_sensors']) retrieved from /home/airflow/.local/lib/python3.8/site-packages/airflow/example_dags/example_sensors.py
[2023-11-26T00:39:32.443+0000] {logging_mixin.py:154} INFO - [2023-11-26T00:39:32.442+0000] {dag.py:2941} INFO - Sync 1 DAGs
[2023-11-26T00:39:32.461+0000] {logging_mixin.py:154} INFO - [2023-11-26T00:39:32.460+0000] {dag.py:3722} INFO - Setting next_dagrun for example_sensors to None, run_after=None
[2023-11-26T00:39:32.657+0000] {processor.py:179} INFO - Processing /home/airflow/.local/lib/python3.8/site-packages/airflow/example_dags/example_sensors.py took 0.296 seconds
[2023-11-26T00:40:03.263+0000] {processor.py:157} INFO - Started process (PID=2379) to work on /home/airflow/.local/lib/python3.8/site-packages/airflow/example_dags/example_sensors.py
[2023-11-26T00:40:03.264+0000] {processor.py:829} INFO - Processing file /home/airflow/.local/lib/python3.8/site-packages/airflow/example_dags/example_sensors.py for tasks to queue
[2023-11-26T00:40:03.266+0000] {logging_mixin.py:154} INFO - [2023-11-26T00:40:03.266+0000] {dagbag.py:536} INFO - Filling up the DagBag from /home/airflow/.local/lib/python3.8/site-packages/airflow/example_dags/example_sensors.py
[2023-11-26T00:40:03.275+0000] {processor.py:839} INFO - DAG(s) dict_keys(['example_sensors']) retrieved from /home/airflow/.local/lib/python3.8/site-packages/airflow/example_dags/example_sensors.py
[2023-11-26T00:40:03.300+0000] {logging_mixin.py:154} INFO - [2023-11-26T00:40:03.299+0000] {dag.py:2941} INFO - Sync 1 DAGs
[2023-11-26T00:40:03.311+0000] {logging_mixin.py:154} INFO - [2023-11-26T00:40:03.311+0000] {dag.py:3722} INFO - Setting next_dagrun for example_sensors to None, run_after=None
[2023-11-26T00:40:03.334+0000] {processor.py:179} INFO - Processing /home/airflow/.local/lib/python3.8/site-packages/airflow/example_dags/example_sensors.py took 0.074 seconds
[2023-11-26T00:40:33.564+0000] {processor.py:157} INFO - Started process (PID=2433) to work on /home/airflow/.local/lib/python3.8/site-packages/airflow/example_dags/example_sensors.py
[2023-11-26T00:40:33.566+0000] {processor.py:829} INFO - Processing file /home/airflow/.local/lib/python3.8/site-packages/airflow/example_dags/example_sensors.py for tasks to queue
[2023-11-26T00:40:33.570+0000] {logging_mixin.py:154} INFO - [2023-11-26T00:40:33.569+0000] {dagbag.py:536} INFO - Filling up the DagBag from /home/airflow/.local/lib/python3.8/site-packages/airflow/example_dags/example_sensors.py
[2023-11-26T00:40:33.582+0000] {processor.py:839} INFO - DAG(s) dict_keys(['example_sensors']) retrieved from /home/airflow/.local/lib/python3.8/site-packages/airflow/example_dags/example_sensors.py
[2023-11-26T00:40:33.628+0000] {logging_mixin.py:154} INFO - [2023-11-26T00:40:33.627+0000] {dag.py:2941} INFO - Sync 1 DAGs
[2023-11-26T00:40:33.646+0000] {logging_mixin.py:154} INFO - [2023-11-26T00:40:33.646+0000] {dag.py:3722} INFO - Setting next_dagrun for example_sensors to None, run_after=None
[2023-11-26T00:40:33.679+0000] {processor.py:179} INFO - Processing /home/airflow/.local/lib/python3.8/site-packages/airflow/example_dags/example_sensors.py took 0.122 seconds
[2023-11-26T00:41:03.993+0000] {processor.py:157} INFO - Started process (PID=2487) to work on /home/airflow/.local/lib/python3.8/site-packages/airflow/example_dags/example_sensors.py
[2023-11-26T00:41:03.995+0000] {processor.py:829} INFO - Processing file /home/airflow/.local/lib/python3.8/site-packages/airflow/example_dags/example_sensors.py for tasks to queue
[2023-11-26T00:41:03.997+0000] {logging_mixin.py:154} INFO - [2023-11-26T00:41:03.997+0000] {dagbag.py:536} INFO - Filling up the DagBag from /home/airflow/.local/lib/python3.8/site-packages/airflow/example_dags/example_sensors.py
[2023-11-26T00:41:04.006+0000] {processor.py:839} INFO - DAG(s) dict_keys(['example_sensors']) retrieved from /home/airflow/.local/lib/python3.8/site-packages/airflow/example_dags/example_sensors.py
[2023-11-26T00:41:04.034+0000] {logging_mixin.py:154} INFO - [2023-11-26T00:41:04.033+0000] {dag.py:2941} INFO - Sync 1 DAGs
[2023-11-26T00:41:04.171+0000] {logging_mixin.py:154} INFO - [2023-11-26T00:41:04.171+0000] {dag.py:3722} INFO - Setting next_dagrun for example_sensors to None, run_after=None
[2023-11-26T00:41:04.198+0000] {processor.py:179} INFO - Processing /home/airflow/.local/lib/python3.8/site-packages/airflow/example_dags/example_sensors.py took 0.208 seconds
[2023-11-26T00:41:34.957+0000] {processor.py:157} INFO - Started process (PID=2541) to work on /home/airflow/.local/lib/python3.8/site-packages/airflow/example_dags/example_sensors.py
[2023-11-26T00:41:34.958+0000] {processor.py:829} INFO - Processing file /home/airflow/.local/lib/python3.8/site-packages/airflow/example_dags/example_sensors.py for tasks to queue
[2023-11-26T00:41:34.960+0000] {logging_mixin.py:154} INFO - [2023-11-26T00:41:34.960+0000] {dagbag.py:536} INFO - Filling up the DagBag from /home/airflow/.local/lib/python3.8/site-packages/airflow/example_dags/example_sensors.py
[2023-11-26T00:41:34.968+0000] {processor.py:839} INFO - DAG(s) dict_keys(['example_sensors']) retrieved from /home/airflow/.local/lib/python3.8/site-packages/airflow/example_dags/example_sensors.py
[2023-11-26T00:41:34.995+0000] {logging_mixin.py:154} INFO - [2023-11-26T00:41:34.994+0000] {dag.py:2941} INFO - Sync 1 DAGs
[2023-11-26T00:41:35.007+0000] {logging_mixin.py:154} INFO - [2023-11-26T00:41:35.006+0000] {dag.py:3722} INFO - Setting next_dagrun for example_sensors to None, run_after=None
[2023-11-26T00:41:35.034+0000] {processor.py:179} INFO - Processing /home/airflow/.local/lib/python3.8/site-packages/airflow/example_dags/example_sensors.py took 0.081 seconds
[2023-11-26T00:42:05.161+0000] {processor.py:157} INFO - Started process (PID=2596) to work on /home/airflow/.local/lib/python3.8/site-packages/airflow/example_dags/example_sensors.py
[2023-11-26T00:42:05.163+0000] {processor.py:829} INFO - Processing file /home/airflow/.local/lib/python3.8/site-packages/airflow/example_dags/example_sensors.py for tasks to queue
[2023-11-26T00:42:05.166+0000] {logging_mixin.py:154} INFO - [2023-11-26T00:42:05.166+0000] {dagbag.py:536} INFO - Filling up the DagBag from /home/airflow/.local/lib/python3.8/site-packages/airflow/example_dags/example_sensors.py
[2023-11-26T00:42:05.178+0000] {processor.py:839} INFO - DAG(s) dict_keys(['example_sensors']) retrieved from /home/airflow/.local/lib/python3.8/site-packages/airflow/example_dags/example_sensors.py
[2023-11-26T00:42:05.215+0000] {logging_mixin.py:154} INFO - [2023-11-26T00:42:05.215+0000] {dag.py:2941} INFO - Sync 1 DAGs
[2023-11-26T00:42:05.235+0000] {logging_mixin.py:154} INFO - [2023-11-26T00:42:05.234+0000] {dag.py:3722} INFO - Setting next_dagrun for example_sensors to None, run_after=None
[2023-11-26T00:42:05.271+0000] {processor.py:179} INFO - Processing /home/airflow/.local/lib/python3.8/site-packages/airflow/example_dags/example_sensors.py took 0.115 seconds
[2023-11-26T00:42:35.437+0000] {processor.py:157} INFO - Started process (PID=2650) to work on /home/airflow/.local/lib/python3.8/site-packages/airflow/example_dags/example_sensors.py
[2023-11-26T00:42:35.438+0000] {processor.py:829} INFO - Processing file /home/airflow/.local/lib/python3.8/site-packages/airflow/example_dags/example_sensors.py for tasks to queue
[2023-11-26T00:42:35.440+0000] {logging_mixin.py:154} INFO - [2023-11-26T00:42:35.440+0000] {dagbag.py:536} INFO - Filling up the DagBag from /home/airflow/.local/lib/python3.8/site-packages/airflow/example_dags/example_sensors.py
[2023-11-26T00:42:35.448+0000] {processor.py:839} INFO - DAG(s) dict_keys(['example_sensors']) retrieved from /home/airflow/.local/lib/python3.8/site-packages/airflow/example_dags/example_sensors.py
[2023-11-26T00:42:35.470+0000] {logging_mixin.py:154} INFO - [2023-11-26T00:42:35.470+0000] {dag.py:2941} INFO - Sync 1 DAGs
[2023-11-26T00:42:35.604+0000] {logging_mixin.py:154} INFO - [2023-11-26T00:42:35.604+0000] {dag.py:3722} INFO - Setting next_dagrun for example_sensors to None, run_after=None
[2023-11-26T00:42:35.630+0000] {processor.py:179} INFO - Processing /home/airflow/.local/lib/python3.8/site-packages/airflow/example_dags/example_sensors.py took 0.196 seconds
[2023-11-26T00:43:05.688+0000] {processor.py:157} INFO - Started process (PID=2704) to work on /home/airflow/.local/lib/python3.8/site-packages/airflow/example_dags/example_sensors.py
[2023-11-26T00:43:05.689+0000] {processor.py:829} INFO - Processing file /home/airflow/.local/lib/python3.8/site-packages/airflow/example_dags/example_sensors.py for tasks to queue
[2023-11-26T00:43:05.692+0000] {logging_mixin.py:154} INFO - [2023-11-26T00:43:05.692+0000] {dagbag.py:536} INFO - Filling up the DagBag from /home/airflow/.local/lib/python3.8/site-packages/airflow/example_dags/example_sensors.py
[2023-11-26T00:43:05.699+0000] {processor.py:839} INFO - DAG(s) dict_keys(['example_sensors']) retrieved from /home/airflow/.local/lib/python3.8/site-packages/airflow/example_dags/example_sensors.py
[2023-11-26T00:43:05.722+0000] {logging_mixin.py:154} INFO - [2023-11-26T00:43:05.722+0000] {dag.py:2941} INFO - Sync 1 DAGs
[2023-11-26T00:43:05.734+0000] {logging_mixin.py:154} INFO - [2023-11-26T00:43:05.734+0000] {dag.py:3722} INFO - Setting next_dagrun for example_sensors to None, run_after=None
[2023-11-26T00:43:05.757+0000] {processor.py:179} INFO - Processing /home/airflow/.local/lib/python3.8/site-packages/airflow/example_dags/example_sensors.py took 0.072 seconds
[2023-11-26T00:43:35.970+0000] {processor.py:157} INFO - Started process (PID=2757) to work on /home/airflow/.local/lib/python3.8/site-packages/airflow/example_dags/example_sensors.py
[2023-11-26T00:43:35.971+0000] {processor.py:829} INFO - Processing file /home/airflow/.local/lib/python3.8/site-packages/airflow/example_dags/example_sensors.py for tasks to queue
[2023-11-26T00:43:35.974+0000] {logging_mixin.py:154} INFO - [2023-11-26T00:43:35.974+0000] {dagbag.py:536} INFO - Filling up the DagBag from /home/airflow/.local/lib/python3.8/site-packages/airflow/example_dags/example_sensors.py
[2023-11-26T00:43:35.982+0000] {processor.py:839} INFO - DAG(s) dict_keys(['example_sensors']) retrieved from /home/airflow/.local/lib/python3.8/site-packages/airflow/example_dags/example_sensors.py
[2023-11-26T00:43:36.127+0000] {logging_mixin.py:154} INFO - [2023-11-26T00:43:36.126+0000] {dag.py:2941} INFO - Sync 1 DAGs
[2023-11-26T00:43:36.136+0000] {logging_mixin.py:154} INFO - [2023-11-26T00:43:36.136+0000] {dag.py:3722} INFO - Setting next_dagrun for example_sensors to None, run_after=None
[2023-11-26T00:43:36.157+0000] {processor.py:179} INFO - Processing /home/airflow/.local/lib/python3.8/site-packages/airflow/example_dags/example_sensors.py took 0.192 seconds
[2023-11-26T00:44:06.660+0000] {processor.py:157} INFO - Started process (PID=2811) to work on /home/airflow/.local/lib/python3.8/site-packages/airflow/example_dags/example_sensors.py
[2023-11-26T00:44:06.661+0000] {processor.py:829} INFO - Processing file /home/airflow/.local/lib/python3.8/site-packages/airflow/example_dags/example_sensors.py for tasks to queue
[2023-11-26T00:44:06.664+0000] {logging_mixin.py:154} INFO - [2023-11-26T00:44:06.663+0000] {dagbag.py:536} INFO - Filling up the DagBag from /home/airflow/.local/lib/python3.8/site-packages/airflow/example_dags/example_sensors.py
[2023-11-26T00:44:06.672+0000] {processor.py:839} INFO - DAG(s) dict_keys(['example_sensors']) retrieved from /home/airflow/.local/lib/python3.8/site-packages/airflow/example_dags/example_sensors.py
[2023-11-26T00:44:06.694+0000] {logging_mixin.py:154} INFO - [2023-11-26T00:44:06.694+0000] {dag.py:2941} INFO - Sync 1 DAGs
[2023-11-26T00:44:06.705+0000] {logging_mixin.py:154} INFO - [2023-11-26T00:44:06.705+0000] {dag.py:3722} INFO - Setting next_dagrun for example_sensors to None, run_after=None
[2023-11-26T00:44:06.728+0000] {processor.py:179} INFO - Processing /home/airflow/.local/lib/python3.8/site-packages/airflow/example_dags/example_sensors.py took 0.071 seconds
[2023-11-26T00:44:37.272+0000] {processor.py:157} INFO - Started process (PID=2865) to work on /home/airflow/.local/lib/python3.8/site-packages/airflow/example_dags/example_sensors.py
[2023-11-26T00:44:37.273+0000] {processor.py:829} INFO - Processing file /home/airflow/.local/lib/python3.8/site-packages/airflow/example_dags/example_sensors.py for tasks to queue
[2023-11-26T00:44:37.275+0000] {logging_mixin.py:154} INFO - [2023-11-26T00:44:37.275+0000] {dagbag.py:536} INFO - Filling up the DagBag from /home/airflow/.local/lib/python3.8/site-packages/airflow/example_dags/example_sensors.py
[2023-11-26T00:44:37.283+0000] {processor.py:839} INFO - DAG(s) dict_keys(['example_sensors']) retrieved from /home/airflow/.local/lib/python3.8/site-packages/airflow/example_dags/example_sensors.py
[2023-11-26T00:44:37.306+0000] {logging_mixin.py:154} INFO - [2023-11-26T00:44:37.306+0000] {dag.py:2941} INFO - Sync 1 DAGs
[2023-11-26T00:44:37.317+0000] {logging_mixin.py:154} INFO - [2023-11-26T00:44:37.317+0000] {dag.py:3722} INFO - Setting next_dagrun for example_sensors to None, run_after=None
[2023-11-26T00:44:37.338+0000] {processor.py:179} INFO - Processing /home/airflow/.local/lib/python3.8/site-packages/airflow/example_dags/example_sensors.py took 0.070 seconds
[2023-11-26T00:45:08.135+0000] {processor.py:157} INFO - Started process (PID=2919) to work on /home/airflow/.local/lib/python3.8/site-packages/airflow/example_dags/example_sensors.py
[2023-11-26T00:45:08.136+0000] {processor.py:829} INFO - Processing file /home/airflow/.local/lib/python3.8/site-packages/airflow/example_dags/example_sensors.py for tasks to queue
[2023-11-26T00:45:08.139+0000] {logging_mixin.py:154} INFO - [2023-11-26T00:45:08.139+0000] {dagbag.py:536} INFO - Filling up the DagBag from /home/airflow/.local/lib/python3.8/site-packages/airflow/example_dags/example_sensors.py
[2023-11-26T00:45:08.146+0000] {processor.py:839} INFO - DAG(s) dict_keys(['example_sensors']) retrieved from /home/airflow/.local/lib/python3.8/site-packages/airflow/example_dags/example_sensors.py
[2023-11-26T00:45:08.169+0000] {logging_mixin.py:154} INFO - [2023-11-26T00:45:08.169+0000] {dag.py:2941} INFO - Sync 1 DAGs
[2023-11-26T00:45:08.180+0000] {logging_mixin.py:154} INFO - [2023-11-26T00:45:08.180+0000] {dag.py:3722} INFO - Setting next_dagrun for example_sensors to None, run_after=None
[2023-11-26T00:45:08.203+0000] {processor.py:179} INFO - Processing /home/airflow/.local/lib/python3.8/site-packages/airflow/example_dags/example_sensors.py took 0.071 seconds
[2023-11-26T00:45:38.826+0000] {processor.py:157} INFO - Started process (PID=2973) to work on /home/airflow/.local/lib/python3.8/site-packages/airflow/example_dags/example_sensors.py
[2023-11-26T00:45:38.827+0000] {processor.py:829} INFO - Processing file /home/airflow/.local/lib/python3.8/site-packages/airflow/example_dags/example_sensors.py for tasks to queue
[2023-11-26T00:45:38.829+0000] {logging_mixin.py:154} INFO - [2023-11-26T00:45:38.829+0000] {dagbag.py:536} INFO - Filling up the DagBag from /home/airflow/.local/lib/python3.8/site-packages/airflow/example_dags/example_sensors.py
[2023-11-26T00:45:38.835+0000] {processor.py:839} INFO - DAG(s) dict_keys(['example_sensors']) retrieved from /home/airflow/.local/lib/python3.8/site-packages/airflow/example_dags/example_sensors.py
[2023-11-26T00:45:38.860+0000] {logging_mixin.py:154} INFO - [2023-11-26T00:45:38.860+0000] {dag.py:2941} INFO - Sync 1 DAGs
[2023-11-26T00:45:38.872+0000] {logging_mixin.py:154} INFO - [2023-11-26T00:45:38.872+0000] {dag.py:3722} INFO - Setting next_dagrun for example_sensors to None, run_after=None
[2023-11-26T00:45:38.899+0000] {processor.py:179} INFO - Processing /home/airflow/.local/lib/python3.8/site-packages/airflow/example_dags/example_sensors.py took 0.076 seconds
[2023-11-26T00:46:09.791+0000] {processor.py:157} INFO - Started process (PID=3027) to work on /home/airflow/.local/lib/python3.8/site-packages/airflow/example_dags/example_sensors.py
[2023-11-26T00:46:09.796+0000] {processor.py:829} INFO - Processing file /home/airflow/.local/lib/python3.8/site-packages/airflow/example_dags/example_sensors.py for tasks to queue
[2023-11-26T00:46:09.804+0000] {logging_mixin.py:154} INFO - [2023-11-26T00:46:09.802+0000] {dagbag.py:536} INFO - Filling up the DagBag from /home/airflow/.local/lib/python3.8/site-packages/airflow/example_dags/example_sensors.py
[2023-11-26T00:46:09.829+0000] {processor.py:839} INFO - DAG(s) dict_keys(['example_sensors']) retrieved from /home/airflow/.local/lib/python3.8/site-packages/airflow/example_dags/example_sensors.py
[2023-11-26T00:46:09.883+0000] {logging_mixin.py:154} INFO - [2023-11-26T00:46:09.882+0000] {dag.py:2941} INFO - Sync 1 DAGs
[2023-11-26T00:46:09.916+0000] {logging_mixin.py:154} INFO - [2023-11-26T00:46:09.915+0000] {dag.py:3722} INFO - Setting next_dagrun for example_sensors to None, run_after=None
[2023-11-26T00:46:09.990+0000] {processor.py:179} INFO - Processing /home/airflow/.local/lib/python3.8/site-packages/airflow/example_dags/example_sensors.py took 0.204 seconds
[2023-11-26T00:46:40.136+0000] {processor.py:157} INFO - Started process (PID=3082) to work on /home/airflow/.local/lib/python3.8/site-packages/airflow/example_dags/example_sensors.py
[2023-11-26T00:46:40.139+0000] {processor.py:829} INFO - Processing file /home/airflow/.local/lib/python3.8/site-packages/airflow/example_dags/example_sensors.py for tasks to queue
[2023-11-26T00:46:40.142+0000] {logging_mixin.py:154} INFO - [2023-11-26T00:46:40.142+0000] {dagbag.py:536} INFO - Filling up the DagBag from /home/airflow/.local/lib/python3.8/site-packages/airflow/example_dags/example_sensors.py
[2023-11-26T00:46:40.154+0000] {processor.py:839} INFO - DAG(s) dict_keys(['example_sensors']) retrieved from /home/airflow/.local/lib/python3.8/site-packages/airflow/example_dags/example_sensors.py
[2023-11-26T00:46:40.188+0000] {logging_mixin.py:154} INFO - [2023-11-26T00:46:40.188+0000] {dag.py:2941} INFO - Sync 1 DAGs
[2023-11-26T00:46:40.210+0000] {logging_mixin.py:154} INFO - [2023-11-26T00:46:40.210+0000] {dag.py:3722} INFO - Setting next_dagrun for example_sensors to None, run_after=None
[2023-11-26T00:46:40.243+0000] {processor.py:179} INFO - Processing /home/airflow/.local/lib/python3.8/site-packages/airflow/example_dags/example_sensors.py took 0.112 seconds
[2023-11-26T00:47:10.522+0000] {processor.py:157} INFO - Started process (PID=3135) to work on /home/airflow/.local/lib/python3.8/site-packages/airflow/example_dags/example_sensors.py
[2023-11-26T00:47:10.527+0000] {processor.py:829} INFO - Processing file /home/airflow/.local/lib/python3.8/site-packages/airflow/example_dags/example_sensors.py for tasks to queue
[2023-11-26T00:47:10.532+0000] {logging_mixin.py:154} INFO - [2023-11-26T00:47:10.531+0000] {dagbag.py:536} INFO - Filling up the DagBag from /home/airflow/.local/lib/python3.8/site-packages/airflow/example_dags/example_sensors.py
[2023-11-26T00:47:10.562+0000] {processor.py:839} INFO - DAG(s) dict_keys(['example_sensors']) retrieved from /home/airflow/.local/lib/python3.8/site-packages/airflow/example_dags/example_sensors.py
[2023-11-26T00:47:10.621+0000] {logging_mixin.py:154} INFO - [2023-11-26T00:47:10.620+0000] {dag.py:2941} INFO - Sync 1 DAGs
[2023-11-26T00:47:10.641+0000] {logging_mixin.py:154} INFO - [2023-11-26T00:47:10.641+0000] {dag.py:3722} INFO - Setting next_dagrun for example_sensors to None, run_after=None
[2023-11-26T00:47:10.698+0000] {processor.py:179} INFO - Processing /home/airflow/.local/lib/python3.8/site-packages/airflow/example_dags/example_sensors.py took 0.182 seconds
[2023-11-26T00:47:40.992+0000] {processor.py:157} INFO - Started process (PID=3187) to work on /home/airflow/.local/lib/python3.8/site-packages/airflow/example_dags/example_sensors.py
[2023-11-26T00:47:40.995+0000] {processor.py:829} INFO - Processing file /home/airflow/.local/lib/python3.8/site-packages/airflow/example_dags/example_sensors.py for tasks to queue
[2023-11-26T00:47:41.000+0000] {logging_mixin.py:154} INFO - [2023-11-26T00:47:40.999+0000] {dagbag.py:536} INFO - Filling up the DagBag from /home/airflow/.local/lib/python3.8/site-packages/airflow/example_dags/example_sensors.py
[2023-11-26T00:47:41.019+0000] {processor.py:839} INFO - DAG(s) dict_keys(['example_sensors']) retrieved from /home/airflow/.local/lib/python3.8/site-packages/airflow/example_dags/example_sensors.py
[2023-11-26T00:47:41.082+0000] {logging_mixin.py:154} INFO - [2023-11-26T00:47:41.082+0000] {dag.py:2941} INFO - Sync 1 DAGs
[2023-11-26T00:47:41.104+0000] {logging_mixin.py:154} INFO - [2023-11-26T00:47:41.104+0000] {dag.py:3722} INFO - Setting next_dagrun for example_sensors to None, run_after=None
[2023-11-26T00:47:41.166+0000] {processor.py:179} INFO - Processing /home/airflow/.local/lib/python3.8/site-packages/airflow/example_dags/example_sensors.py took 0.178 seconds
[2023-11-26T00:48:11.466+0000] {processor.py:157} INFO - Started process (PID=3241) to work on /home/airflow/.local/lib/python3.8/site-packages/airflow/example_dags/example_sensors.py
[2023-11-26T00:48:11.470+0000] {processor.py:829} INFO - Processing file /home/airflow/.local/lib/python3.8/site-packages/airflow/example_dags/example_sensors.py for tasks to queue
[2023-11-26T00:48:11.479+0000] {logging_mixin.py:154} INFO - [2023-11-26T00:48:11.479+0000] {dagbag.py:536} INFO - Filling up the DagBag from /home/airflow/.local/lib/python3.8/site-packages/airflow/example_dags/example_sensors.py
[2023-11-26T00:48:11.514+0000] {processor.py:839} INFO - DAG(s) dict_keys(['example_sensors']) retrieved from /home/airflow/.local/lib/python3.8/site-packages/airflow/example_dags/example_sensors.py
[2023-11-26T00:48:11.594+0000] {logging_mixin.py:154} INFO - [2023-11-26T00:48:11.594+0000] {dag.py:2941} INFO - Sync 1 DAGs
[2023-11-26T00:48:11.619+0000] {logging_mixin.py:154} INFO - [2023-11-26T00:48:11.619+0000] {dag.py:3722} INFO - Setting next_dagrun for example_sensors to None, run_after=None
[2023-11-26T00:48:11.696+0000] {processor.py:179} INFO - Processing /home/airflow/.local/lib/python3.8/site-packages/airflow/example_dags/example_sensors.py took 0.234 seconds
[2023-11-26T00:48:42.192+0000] {processor.py:157} INFO - Started process (PID=3294) to work on /home/airflow/.local/lib/python3.8/site-packages/airflow/example_dags/example_sensors.py
[2023-11-26T00:48:42.196+0000] {processor.py:829} INFO - Processing file /home/airflow/.local/lib/python3.8/site-packages/airflow/example_dags/example_sensors.py for tasks to queue
[2023-11-26T00:48:42.203+0000] {logging_mixin.py:154} INFO - [2023-11-26T00:48:42.202+0000] {dagbag.py:536} INFO - Filling up the DagBag from /home/airflow/.local/lib/python3.8/site-packages/airflow/example_dags/example_sensors.py
[2023-11-26T00:48:42.225+0000] {processor.py:839} INFO - DAG(s) dict_keys(['example_sensors']) retrieved from /home/airflow/.local/lib/python3.8/site-packages/airflow/example_dags/example_sensors.py
[2023-11-26T00:48:42.277+0000] {logging_mixin.py:154} INFO - [2023-11-26T00:48:42.276+0000] {dag.py:2941} INFO - Sync 1 DAGs
[2023-11-26T00:48:42.303+0000] {logging_mixin.py:154} INFO - [2023-11-26T00:48:42.303+0000] {dag.py:3722} INFO - Setting next_dagrun for example_sensors to None, run_after=None
[2023-11-26T00:48:42.367+0000] {processor.py:179} INFO - Processing /home/airflow/.local/lib/python3.8/site-packages/airflow/example_dags/example_sensors.py took 0.179 seconds
[2023-11-26T00:49:13.455+0000] {processor.py:157} INFO - Started process (PID=3348) to work on /home/airflow/.local/lib/python3.8/site-packages/airflow/example_dags/example_sensors.py
[2023-11-26T00:49:13.458+0000] {processor.py:829} INFO - Processing file /home/airflow/.local/lib/python3.8/site-packages/airflow/example_dags/example_sensors.py for tasks to queue
[2023-11-26T00:49:13.463+0000] {logging_mixin.py:154} INFO - [2023-11-26T00:49:13.462+0000] {dagbag.py:536} INFO - Filling up the DagBag from /home/airflow/.local/lib/python3.8/site-packages/airflow/example_dags/example_sensors.py
[2023-11-26T00:49:13.475+0000] {processor.py:839} INFO - DAG(s) dict_keys(['example_sensors']) retrieved from /home/airflow/.local/lib/python3.8/site-packages/airflow/example_dags/example_sensors.py
[2023-11-26T00:49:13.511+0000] {logging_mixin.py:154} INFO - [2023-11-26T00:49:13.511+0000] {dag.py:2941} INFO - Sync 1 DAGs
[2023-11-26T00:49:13.539+0000] {logging_mixin.py:154} INFO - [2023-11-26T00:49:13.539+0000] {dag.py:3722} INFO - Setting next_dagrun for example_sensors to None, run_after=None
[2023-11-26T00:49:13.574+0000] {processor.py:179} INFO - Processing /home/airflow/.local/lib/python3.8/site-packages/airflow/example_dags/example_sensors.py took 0.126 seconds
[2023-11-26T00:49:44.271+0000] {processor.py:157} INFO - Started process (PID=3402) to work on /home/airflow/.local/lib/python3.8/site-packages/airflow/example_dags/example_sensors.py
[2023-11-26T00:49:44.275+0000] {processor.py:829} INFO - Processing file /home/airflow/.local/lib/python3.8/site-packages/airflow/example_dags/example_sensors.py for tasks to queue
[2023-11-26T00:49:44.284+0000] {logging_mixin.py:154} INFO - [2023-11-26T00:49:44.283+0000] {dagbag.py:536} INFO - Filling up the DagBag from /home/airflow/.local/lib/python3.8/site-packages/airflow/example_dags/example_sensors.py
[2023-11-26T00:49:44.300+0000] {processor.py:839} INFO - DAG(s) dict_keys(['example_sensors']) retrieved from /home/airflow/.local/lib/python3.8/site-packages/airflow/example_dags/example_sensors.py
[2023-11-26T00:49:44.386+0000] {logging_mixin.py:154} INFO - [2023-11-26T00:49:44.386+0000] {dag.py:2941} INFO - Sync 1 DAGs
[2023-11-26T00:49:44.418+0000] {logging_mixin.py:154} INFO - [2023-11-26T00:49:44.418+0000] {dag.py:3722} INFO - Setting next_dagrun for example_sensors to None, run_after=None
[2023-11-26T00:49:44.478+0000] {processor.py:179} INFO - Processing /home/airflow/.local/lib/python3.8/site-packages/airflow/example_dags/example_sensors.py took 0.212 seconds
[2023-11-26T00:50:15.137+0000] {processor.py:157} INFO - Started process (PID=3455) to work on /home/airflow/.local/lib/python3.8/site-packages/airflow/example_dags/example_sensors.py
[2023-11-26T00:50:15.139+0000] {processor.py:829} INFO - Processing file /home/airflow/.local/lib/python3.8/site-packages/airflow/example_dags/example_sensors.py for tasks to queue
[2023-11-26T00:50:15.144+0000] {logging_mixin.py:154} INFO - [2023-11-26T00:50:15.143+0000] {dagbag.py:536} INFO - Filling up the DagBag from /home/airflow/.local/lib/python3.8/site-packages/airflow/example_dags/example_sensors.py
[2023-11-26T00:50:15.160+0000] {processor.py:839} INFO - DAG(s) dict_keys(['example_sensors']) retrieved from /home/airflow/.local/lib/python3.8/site-packages/airflow/example_dags/example_sensors.py
[2023-11-26T00:50:15.218+0000] {logging_mixin.py:154} INFO - [2023-11-26T00:50:15.217+0000] {dag.py:2941} INFO - Sync 1 DAGs
[2023-11-26T00:50:15.244+0000] {logging_mixin.py:154} INFO - [2023-11-26T00:50:15.244+0000] {dag.py:3722} INFO - Setting next_dagrun for example_sensors to None, run_after=None
[2023-11-26T00:50:15.308+0000] {processor.py:179} INFO - Processing /home/airflow/.local/lib/python3.8/site-packages/airflow/example_dags/example_sensors.py took 0.174 seconds
[2023-11-26T00:50:45.648+0000] {processor.py:157} INFO - Started process (PID=3509) to work on /home/airflow/.local/lib/python3.8/site-packages/airflow/example_dags/example_sensors.py
[2023-11-26T00:50:45.651+0000] {processor.py:829} INFO - Processing file /home/airflow/.local/lib/python3.8/site-packages/airflow/example_dags/example_sensors.py for tasks to queue
[2023-11-26T00:50:45.659+0000] {logging_mixin.py:154} INFO - [2023-11-26T00:50:45.658+0000] {dagbag.py:536} INFO - Filling up the DagBag from /home/airflow/.local/lib/python3.8/site-packages/airflow/example_dags/example_sensors.py
[2023-11-26T00:50:45.680+0000] {processor.py:839} INFO - DAG(s) dict_keys(['example_sensors']) retrieved from /home/airflow/.local/lib/python3.8/site-packages/airflow/example_dags/example_sensors.py
[2023-11-26T00:50:45.717+0000] {logging_mixin.py:154} INFO - [2023-11-26T00:50:45.716+0000] {dag.py:2941} INFO - Sync 1 DAGs
[2023-11-26T00:50:45.734+0000] {logging_mixin.py:154} INFO - [2023-11-26T00:50:45.734+0000] {dag.py:3722} INFO - Setting next_dagrun for example_sensors to None, run_after=None
[2023-11-26T00:50:45.771+0000] {processor.py:179} INFO - Processing /home/airflow/.local/lib/python3.8/site-packages/airflow/example_dags/example_sensors.py took 0.127 seconds
[2023-11-26T00:51:15.925+0000] {processor.py:157} INFO - Started process (PID=3563) to work on /home/airflow/.local/lib/python3.8/site-packages/airflow/example_dags/example_sensors.py
[2023-11-26T00:51:15.929+0000] {processor.py:829} INFO - Processing file /home/airflow/.local/lib/python3.8/site-packages/airflow/example_dags/example_sensors.py for tasks to queue
[2023-11-26T00:51:15.934+0000] {logging_mixin.py:154} INFO - [2023-11-26T00:51:15.934+0000] {dagbag.py:536} INFO - Filling up the DagBag from /home/airflow/.local/lib/python3.8/site-packages/airflow/example_dags/example_sensors.py
[2023-11-26T00:51:15.953+0000] {processor.py:839} INFO - DAG(s) dict_keys(['example_sensors']) retrieved from /home/airflow/.local/lib/python3.8/site-packages/airflow/example_dags/example_sensors.py
[2023-11-26T00:51:16.121+0000] {logging_mixin.py:154} INFO - [2023-11-26T00:51:16.121+0000] {dag.py:2941} INFO - Sync 1 DAGs
[2023-11-26T00:51:16.155+0000] {logging_mixin.py:154} INFO - [2023-11-26T00:51:16.155+0000] {dag.py:3722} INFO - Setting next_dagrun for example_sensors to None, run_after=None
[2023-11-26T00:51:16.222+0000] {processor.py:179} INFO - Processing /home/airflow/.local/lib/python3.8/site-packages/airflow/example_dags/example_sensors.py took 0.302 seconds
[2023-11-26T00:51:46.991+0000] {processor.py:157} INFO - Started process (PID=3617) to work on /home/airflow/.local/lib/python3.8/site-packages/airflow/example_dags/example_sensors.py
[2023-11-26T00:51:46.993+0000] {processor.py:829} INFO - Processing file /home/airflow/.local/lib/python3.8/site-packages/airflow/example_dags/example_sensors.py for tasks to queue
[2023-11-26T00:51:46.998+0000] {logging_mixin.py:154} INFO - [2023-11-26T00:51:46.998+0000] {dagbag.py:536} INFO - Filling up the DagBag from /home/airflow/.local/lib/python3.8/site-packages/airflow/example_dags/example_sensors.py
[2023-11-26T00:51:47.021+0000] {processor.py:839} INFO - DAG(s) dict_keys(['example_sensors']) retrieved from /home/airflow/.local/lib/python3.8/site-packages/airflow/example_dags/example_sensors.py
[2023-11-26T00:51:47.072+0000] {logging_mixin.py:154} INFO - [2023-11-26T00:51:47.072+0000] {dag.py:2941} INFO - Sync 1 DAGs
[2023-11-26T00:51:47.105+0000] {logging_mixin.py:154} INFO - [2023-11-26T00:51:47.104+0000] {dag.py:3722} INFO - Setting next_dagrun for example_sensors to None, run_after=None
[2023-11-26T00:51:47.167+0000] {processor.py:179} INFO - Processing /home/airflow/.local/lib/python3.8/site-packages/airflow/example_dags/example_sensors.py took 0.183 seconds
[2023-11-26T00:52:17.343+0000] {processor.py:157} INFO - Started process (PID=3671) to work on /home/airflow/.local/lib/python3.8/site-packages/airflow/example_dags/example_sensors.py
[2023-11-26T00:52:17.344+0000] {processor.py:829} INFO - Processing file /home/airflow/.local/lib/python3.8/site-packages/airflow/example_dags/example_sensors.py for tasks to queue
[2023-11-26T00:52:17.349+0000] {logging_mixin.py:154} INFO - [2023-11-26T00:52:17.349+0000] {dagbag.py:536} INFO - Filling up the DagBag from /home/airflow/.local/lib/python3.8/site-packages/airflow/example_dags/example_sensors.py
[2023-11-26T00:52:17.366+0000] {processor.py:839} INFO - DAG(s) dict_keys(['example_sensors']) retrieved from /home/airflow/.local/lib/python3.8/site-packages/airflow/example_dags/example_sensors.py
[2023-11-26T00:52:17.403+0000] {logging_mixin.py:154} INFO - [2023-11-26T00:52:17.403+0000] {dag.py:2941} INFO - Sync 1 DAGs
[2023-11-26T00:52:17.429+0000] {logging_mixin.py:154} INFO - [2023-11-26T00:52:17.429+0000] {dag.py:3722} INFO - Setting next_dagrun for example_sensors to None, run_after=None
[2023-11-26T00:52:17.465+0000] {processor.py:179} INFO - Processing /home/airflow/.local/lib/python3.8/site-packages/airflow/example_dags/example_sensors.py took 0.125 seconds
