[2023-11-26T00:16:48.220+0000] {processor.py:157} INFO - Started process (PID=73) to work on /home/airflow/.local/lib/python3.8/site-packages/airflow/example_dags/example_short_circuit_operator.py
[2023-11-26T00:16:48.223+0000] {processor.py:829} INFO - Processing file /home/airflow/.local/lib/python3.8/site-packages/airflow/example_dags/example_short_circuit_operator.py for tasks to queue
[2023-11-26T00:16:48.236+0000] {logging_mixin.py:154} INFO - [2023-11-26T00:16:48.235+0000] {dagbag.py:536} INFO - Filling up the DagBag from /home/airflow/.local/lib/python3.8/site-packages/airflow/example_dags/example_short_circuit_operator.py
[2023-11-26T00:16:48.251+0000] {processor.py:839} INFO - DAG(s) dict_keys(['example_short_circuit_operator']) retrieved from /home/airflow/.local/lib/python3.8/site-packages/airflow/example_dags/example_short_circuit_operator.py
[2023-11-26T00:16:48.344+0000] {logging_mixin.py:154} INFO - [2023-11-26T00:16:48.344+0000] {dag.py:2941} INFO - Sync 1 DAGs
[2023-11-26T00:16:48.479+0000] {logging_mixin.py:154} INFO - [2023-11-26T00:16:48.478+0000] {dag.py:3722} INFO - Setting next_dagrun for example_short_circuit_operator to 2023-11-25T00:16:48.474618+00:00, run_after=2023-11-26T00:16:48.474618+00:00
[2023-11-26T00:16:48.599+0000] {processor.py:179} INFO - Processing /home/airflow/.local/lib/python3.8/site-packages/airflow/example_dags/example_short_circuit_operator.py took 0.385 seconds
[2023-11-26T00:18:14.633+0000] {processor.py:157} INFO - Started process (PID=74) to work on /home/airflow/.local/lib/python3.8/site-packages/airflow/example_dags/example_short_circuit_operator.py
[2023-11-26T00:18:14.638+0000] {processor.py:829} INFO - Processing file /home/airflow/.local/lib/python3.8/site-packages/airflow/example_dags/example_short_circuit_operator.py for tasks to queue
[2023-11-26T00:18:14.665+0000] {logging_mixin.py:154} INFO - [2023-11-26T00:18:14.663+0000] {dagbag.py:536} INFO - Filling up the DagBag from /home/airflow/.local/lib/python3.8/site-packages/airflow/example_dags/example_short_circuit_operator.py
[2023-11-26T00:18:14.748+0000] {processor.py:839} INFO - DAG(s) dict_keys(['example_short_circuit_operator']) retrieved from /home/airflow/.local/lib/python3.8/site-packages/airflow/example_dags/example_short_circuit_operator.py
[2023-11-26T00:18:15.011+0000] {logging_mixin.py:154} INFO - [2023-11-26T00:18:15.007+0000] {dag.py:2941} INFO - Sync 1 DAGs
[2023-11-26T00:18:15.284+0000] {logging_mixin.py:154} INFO - [2023-11-26T00:18:15.283+0000] {dag.py:3722} INFO - Setting next_dagrun for example_short_circuit_operator to 2023-11-25T00:18:15.281257+00:00, run_after=2023-11-26T00:18:15.281257+00:00
[2023-11-26T00:18:15.417+0000] {processor.py:179} INFO - Processing /home/airflow/.local/lib/python3.8/site-packages/airflow/example_dags/example_short_circuit_operator.py took 0.806 seconds
[2023-11-26T00:18:46.156+0000] {processor.py:157} INFO - Started process (PID=129) to work on /home/airflow/.local/lib/python3.8/site-packages/airflow/example_dags/example_short_circuit_operator.py
[2023-11-26T00:18:46.160+0000] {processor.py:829} INFO - Processing file /home/airflow/.local/lib/python3.8/site-packages/airflow/example_dags/example_short_circuit_operator.py for tasks to queue
[2023-11-26T00:18:46.165+0000] {logging_mixin.py:154} INFO - [2023-11-26T00:18:46.164+0000] {dagbag.py:536} INFO - Filling up the DagBag from /home/airflow/.local/lib/python3.8/site-packages/airflow/example_dags/example_short_circuit_operator.py
[2023-11-26T00:18:46.182+0000] {processor.py:839} INFO - DAG(s) dict_keys(['example_short_circuit_operator']) retrieved from /home/airflow/.local/lib/python3.8/site-packages/airflow/example_dags/example_short_circuit_operator.py
[2023-11-26T00:18:46.259+0000] {logging_mixin.py:154} INFO - [2023-11-26T00:18:46.257+0000] {dag.py:2941} INFO - Sync 1 DAGs
[2023-11-26T00:18:46.316+0000] {logging_mixin.py:154} INFO - [2023-11-26T00:18:46.315+0000] {dag.py:3722} INFO - Setting next_dagrun for example_short_circuit_operator to 2023-11-25T00:18:46.315262+00:00, run_after=2023-11-26T00:18:46.315262+00:00
[2023-11-26T00:18:46.390+0000] {processor.py:179} INFO - Processing /home/airflow/.local/lib/python3.8/site-packages/airflow/example_dags/example_short_circuit_operator.py took 0.241 seconds
[2023-11-26T00:19:16.778+0000] {processor.py:157} INFO - Started process (PID=183) to work on /home/airflow/.local/lib/python3.8/site-packages/airflow/example_dags/example_short_circuit_operator.py
[2023-11-26T00:19:16.780+0000] {processor.py:829} INFO - Processing file /home/airflow/.local/lib/python3.8/site-packages/airflow/example_dags/example_short_circuit_operator.py for tasks to queue
[2023-11-26T00:19:16.787+0000] {logging_mixin.py:154} INFO - [2023-11-26T00:19:16.786+0000] {dagbag.py:536} INFO - Filling up the DagBag from /home/airflow/.local/lib/python3.8/site-packages/airflow/example_dags/example_short_circuit_operator.py
[2023-11-26T00:19:16.809+0000] {processor.py:839} INFO - DAG(s) dict_keys(['example_short_circuit_operator']) retrieved from /home/airflow/.local/lib/python3.8/site-packages/airflow/example_dags/example_short_circuit_operator.py
[2023-11-26T00:19:16.842+0000] {logging_mixin.py:154} INFO - [2023-11-26T00:19:16.842+0000] {dag.py:2941} INFO - Sync 1 DAGs
[2023-11-26T00:19:16.905+0000] {logging_mixin.py:154} INFO - [2023-11-26T00:19:16.905+0000] {dag.py:3722} INFO - Setting next_dagrun for example_short_circuit_operator to 2023-11-25T00:19:16.904829+00:00, run_after=2023-11-26T00:19:16.904829+00:00
[2023-11-26T00:19:16.980+0000] {processor.py:179} INFO - Processing /home/airflow/.local/lib/python3.8/site-packages/airflow/example_dags/example_short_circuit_operator.py took 0.207 seconds
[2023-11-26T00:19:47.954+0000] {processor.py:157} INFO - Started process (PID=237) to work on /home/airflow/.local/lib/python3.8/site-packages/airflow/example_dags/example_short_circuit_operator.py
[2023-11-26T00:19:47.961+0000] {processor.py:829} INFO - Processing file /home/airflow/.local/lib/python3.8/site-packages/airflow/example_dags/example_short_circuit_operator.py for tasks to queue
[2023-11-26T00:19:47.976+0000] {logging_mixin.py:154} INFO - [2023-11-26T00:19:47.973+0000] {dagbag.py:536} INFO - Filling up the DagBag from /home/airflow/.local/lib/python3.8/site-packages/airflow/example_dags/example_short_circuit_operator.py
[2023-11-26T00:19:48.016+0000] {processor.py:839} INFO - DAG(s) dict_keys(['example_short_circuit_operator']) retrieved from /home/airflow/.local/lib/python3.8/site-packages/airflow/example_dags/example_short_circuit_operator.py
[2023-11-26T00:19:48.146+0000] {logging_mixin.py:154} INFO - [2023-11-26T00:19:48.145+0000] {dag.py:2941} INFO - Sync 1 DAGs
[2023-11-26T00:19:48.288+0000] {logging_mixin.py:154} INFO - [2023-11-26T00:19:48.287+0000] {dag.py:3722} INFO - Setting next_dagrun for example_short_circuit_operator to 2023-11-25T00:19:48.286167+00:00, run_after=2023-11-26T00:19:48.286167+00:00
[2023-11-26T00:19:48.426+0000] {processor.py:179} INFO - Processing /home/airflow/.local/lib/python3.8/site-packages/airflow/example_dags/example_short_circuit_operator.py took 0.491 seconds
[2023-11-26T00:20:19.838+0000] {processor.py:157} INFO - Started process (PID=291) to work on /home/airflow/.local/lib/python3.8/site-packages/airflow/example_dags/example_short_circuit_operator.py
[2023-11-26T00:20:19.855+0000] {processor.py:829} INFO - Processing file /home/airflow/.local/lib/python3.8/site-packages/airflow/example_dags/example_short_circuit_operator.py for tasks to queue
[2023-11-26T00:20:19.887+0000] {logging_mixin.py:154} INFO - [2023-11-26T00:20:19.886+0000] {dagbag.py:536} INFO - Filling up the DagBag from /home/airflow/.local/lib/python3.8/site-packages/airflow/example_dags/example_short_circuit_operator.py
[2023-11-26T00:20:19.941+0000] {processor.py:839} INFO - DAG(s) dict_keys(['example_short_circuit_operator']) retrieved from /home/airflow/.local/lib/python3.8/site-packages/airflow/example_dags/example_short_circuit_operator.py
[2023-11-26T00:20:20.176+0000] {logging_mixin.py:154} INFO - [2023-11-26T00:20:20.172+0000] {dag.py:2941} INFO - Sync 1 DAGs
[2023-11-26T00:20:20.349+0000] {logging_mixin.py:154} INFO - [2023-11-26T00:20:20.349+0000] {dag.py:3722} INFO - Setting next_dagrun for example_short_circuit_operator to 2023-11-25T00:20:20.348320+00:00, run_after=2023-11-26T00:20:20.348320+00:00
[2023-11-26T00:20:20.543+0000] {processor.py:179} INFO - Processing /home/airflow/.local/lib/python3.8/site-packages/airflow/example_dags/example_short_circuit_operator.py took 0.725 seconds
[2023-11-26T00:20:50.823+0000] {processor.py:157} INFO - Started process (PID=345) to work on /home/airflow/.local/lib/python3.8/site-packages/airflow/example_dags/example_short_circuit_operator.py
[2023-11-26T00:20:50.828+0000] {processor.py:829} INFO - Processing file /home/airflow/.local/lib/python3.8/site-packages/airflow/example_dags/example_short_circuit_operator.py for tasks to queue
[2023-11-26T00:20:50.836+0000] {logging_mixin.py:154} INFO - [2023-11-26T00:20:50.836+0000] {dagbag.py:536} INFO - Filling up the DagBag from /home/airflow/.local/lib/python3.8/site-packages/airflow/example_dags/example_short_circuit_operator.py
[2023-11-26T00:20:50.850+0000] {processor.py:839} INFO - DAG(s) dict_keys(['example_short_circuit_operator']) retrieved from /home/airflow/.local/lib/python3.8/site-packages/airflow/example_dags/example_short_circuit_operator.py
[2023-11-26T00:20:50.940+0000] {logging_mixin.py:154} INFO - [2023-11-26T00:20:50.939+0000] {dag.py:2941} INFO - Sync 1 DAGs
[2023-11-26T00:20:51.011+0000] {logging_mixin.py:154} INFO - [2023-11-26T00:20:51.009+0000] {dag.py:3722} INFO - Setting next_dagrun for example_short_circuit_operator to 2023-11-25T00:20:51.007660+00:00, run_after=2023-11-26T00:20:51.007660+00:00
[2023-11-26T00:20:51.087+0000] {processor.py:179} INFO - Processing /home/airflow/.local/lib/python3.8/site-packages/airflow/example_dags/example_short_circuit_operator.py took 0.271 seconds
[2023-11-26T00:21:21.766+0000] {processor.py:157} INFO - Started process (PID=399) to work on /home/airflow/.local/lib/python3.8/site-packages/airflow/example_dags/example_short_circuit_operator.py
[2023-11-26T00:21:21.772+0000] {processor.py:829} INFO - Processing file /home/airflow/.local/lib/python3.8/site-packages/airflow/example_dags/example_short_circuit_operator.py for tasks to queue
[2023-11-26T00:21:21.780+0000] {logging_mixin.py:154} INFO - [2023-11-26T00:21:21.779+0000] {dagbag.py:536} INFO - Filling up the DagBag from /home/airflow/.local/lib/python3.8/site-packages/airflow/example_dags/example_short_circuit_operator.py
[2023-11-26T00:21:21.806+0000] {processor.py:839} INFO - DAG(s) dict_keys(['example_short_circuit_operator']) retrieved from /home/airflow/.local/lib/python3.8/site-packages/airflow/example_dags/example_short_circuit_operator.py
[2023-11-26T00:21:21.891+0000] {logging_mixin.py:154} INFO - [2023-11-26T00:21:21.890+0000] {dag.py:2941} INFO - Sync 1 DAGs
[2023-11-26T00:21:21.957+0000] {logging_mixin.py:154} INFO - [2023-11-26T00:21:21.957+0000] {dag.py:3722} INFO - Setting next_dagrun for example_short_circuit_operator to 2023-11-25T00:21:21.956965+00:00, run_after=2023-11-26T00:21:21.956965+00:00
[2023-11-26T00:21:22.038+0000] {processor.py:179} INFO - Processing /home/airflow/.local/lib/python3.8/site-packages/airflow/example_dags/example_short_circuit_operator.py took 0.278 seconds
[2023-11-26T00:21:56.412+0000] {processor.py:157} INFO - Started process (PID=460) to work on /home/airflow/.local/lib/python3.8/site-packages/airflow/example_dags/example_short_circuit_operator.py
[2023-11-26T00:21:56.416+0000] {processor.py:829} INFO - Processing file /home/airflow/.local/lib/python3.8/site-packages/airflow/example_dags/example_short_circuit_operator.py for tasks to queue
[2023-11-26T00:21:56.470+0000] {logging_mixin.py:154} INFO - [2023-11-26T00:21:56.469+0000] {dagbag.py:536} INFO - Filling up the DagBag from /home/airflow/.local/lib/python3.8/site-packages/airflow/example_dags/example_short_circuit_operator.py
[2023-11-26T00:21:56.559+0000] {processor.py:839} INFO - DAG(s) dict_keys(['example_short_circuit_operator']) retrieved from /home/airflow/.local/lib/python3.8/site-packages/airflow/example_dags/example_short_circuit_operator.py
[2023-11-26T00:21:57.111+0000] {logging_mixin.py:154} INFO - [2023-11-26T00:21:57.109+0000] {dag.py:2941} INFO - Sync 1 DAGs
[2023-11-26T00:21:57.554+0000] {logging_mixin.py:154} INFO - [2023-11-26T00:21:57.554+0000] {dag.py:3722} INFO - Setting next_dagrun for example_short_circuit_operator to 2023-11-25T00:21:57.553411+00:00, run_after=2023-11-26T00:21:57.553411+00:00
[2023-11-26T00:21:57.724+0000] {processor.py:179} INFO - Processing /home/airflow/.local/lib/python3.8/site-packages/airflow/example_dags/example_short_circuit_operator.py took 1.332 seconds
[2023-11-26T00:22:28.566+0000] {processor.py:157} INFO - Started process (PID=514) to work on /home/airflow/.local/lib/python3.8/site-packages/airflow/example_dags/example_short_circuit_operator.py
[2023-11-26T00:22:28.574+0000] {processor.py:829} INFO - Processing file /home/airflow/.local/lib/python3.8/site-packages/airflow/example_dags/example_short_circuit_operator.py for tasks to queue
[2023-11-26T00:22:28.594+0000] {logging_mixin.py:154} INFO - [2023-11-26T00:22:28.592+0000] {dagbag.py:536} INFO - Filling up the DagBag from /home/airflow/.local/lib/python3.8/site-packages/airflow/example_dags/example_short_circuit_operator.py
[2023-11-26T00:22:28.639+0000] {processor.py:839} INFO - DAG(s) dict_keys(['example_short_circuit_operator']) retrieved from /home/airflow/.local/lib/python3.8/site-packages/airflow/example_dags/example_short_circuit_operator.py
[2023-11-26T00:22:28.777+0000] {logging_mixin.py:154} INFO - [2023-11-26T00:22:28.776+0000] {dag.py:2941} INFO - Sync 1 DAGs
[2023-11-26T00:22:28.987+0000] {logging_mixin.py:154} INFO - [2023-11-26T00:22:28.986+0000] {dag.py:3722} INFO - Setting next_dagrun for example_short_circuit_operator to 2023-11-25T00:22:28.984766+00:00, run_after=2023-11-26T00:22:28.984766+00:00
[2023-11-26T00:22:29.152+0000] {processor.py:179} INFO - Processing /home/airflow/.local/lib/python3.8/site-packages/airflow/example_dags/example_short_circuit_operator.py took 0.605 seconds
[2023-11-26T00:22:59.470+0000] {processor.py:157} INFO - Started process (PID=568) to work on /home/airflow/.local/lib/python3.8/site-packages/airflow/example_dags/example_short_circuit_operator.py
[2023-11-26T00:22:59.474+0000] {processor.py:829} INFO - Processing file /home/airflow/.local/lib/python3.8/site-packages/airflow/example_dags/example_short_circuit_operator.py for tasks to queue
[2023-11-26T00:22:59.488+0000] {logging_mixin.py:154} INFO - [2023-11-26T00:22:59.487+0000] {dagbag.py:536} INFO - Filling up the DagBag from /home/airflow/.local/lib/python3.8/site-packages/airflow/example_dags/example_short_circuit_operator.py
[2023-11-26T00:22:59.517+0000] {processor.py:839} INFO - DAG(s) dict_keys(['example_short_circuit_operator']) retrieved from /home/airflow/.local/lib/python3.8/site-packages/airflow/example_dags/example_short_circuit_operator.py
[2023-11-26T00:22:59.594+0000] {logging_mixin.py:154} INFO - [2023-11-26T00:22:59.593+0000] {dag.py:2941} INFO - Sync 1 DAGs
[2023-11-26T00:22:59.704+0000] {logging_mixin.py:154} INFO - [2023-11-26T00:22:59.701+0000] {dag.py:3722} INFO - Setting next_dagrun for example_short_circuit_operator to 2023-11-25T00:22:59.699637+00:00, run_after=2023-11-26T00:22:59.699637+00:00
[2023-11-26T00:22:59.789+0000] {processor.py:179} INFO - Processing /home/airflow/.local/lib/python3.8/site-packages/airflow/example_dags/example_short_circuit_operator.py took 0.329 seconds
[2023-11-26T00:23:30.099+0000] {processor.py:157} INFO - Started process (PID=621) to work on /home/airflow/.local/lib/python3.8/site-packages/airflow/example_dags/example_short_circuit_operator.py
[2023-11-26T00:23:30.102+0000] {processor.py:829} INFO - Processing file /home/airflow/.local/lib/python3.8/site-packages/airflow/example_dags/example_short_circuit_operator.py for tasks to queue
[2023-11-26T00:23:30.111+0000] {logging_mixin.py:154} INFO - [2023-11-26T00:23:30.109+0000] {dagbag.py:536} INFO - Filling up the DagBag from /home/airflow/.local/lib/python3.8/site-packages/airflow/example_dags/example_short_circuit_operator.py
[2023-11-26T00:23:30.128+0000] {processor.py:839} INFO - DAG(s) dict_keys(['example_short_circuit_operator']) retrieved from /home/airflow/.local/lib/python3.8/site-packages/airflow/example_dags/example_short_circuit_operator.py
[2023-11-26T00:23:30.167+0000] {logging_mixin.py:154} INFO - [2023-11-26T00:23:30.167+0000] {dag.py:2941} INFO - Sync 1 DAGs
[2023-11-26T00:23:30.216+0000] {logging_mixin.py:154} INFO - [2023-11-26T00:23:30.216+0000] {dag.py:3722} INFO - Setting next_dagrun for example_short_circuit_operator to 2023-11-25T00:23:30.215689+00:00, run_after=2023-11-26T00:23:30.215689+00:00
[2023-11-26T00:23:30.266+0000] {processor.py:179} INFO - Processing /home/airflow/.local/lib/python3.8/site-packages/airflow/example_dags/example_short_circuit_operator.py took 0.177 seconds
[2023-11-26T00:24:01.020+0000] {processor.py:157} INFO - Started process (PID=675) to work on /home/airflow/.local/lib/python3.8/site-packages/airflow/example_dags/example_short_circuit_operator.py
[2023-11-26T00:24:01.025+0000] {processor.py:829} INFO - Processing file /home/airflow/.local/lib/python3.8/site-packages/airflow/example_dags/example_short_circuit_operator.py for tasks to queue
[2023-11-26T00:24:01.040+0000] {logging_mixin.py:154} INFO - [2023-11-26T00:24:01.037+0000] {dagbag.py:536} INFO - Filling up the DagBag from /home/airflow/.local/lib/python3.8/site-packages/airflow/example_dags/example_short_circuit_operator.py
[2023-11-26T00:24:01.057+0000] {processor.py:839} INFO - DAG(s) dict_keys(['example_short_circuit_operator']) retrieved from /home/airflow/.local/lib/python3.8/site-packages/airflow/example_dags/example_short_circuit_operator.py
[2023-11-26T00:24:01.136+0000] {logging_mixin.py:154} INFO - [2023-11-26T00:24:01.133+0000] {dag.py:2941} INFO - Sync 1 DAGs
[2023-11-26T00:24:01.185+0000] {logging_mixin.py:154} INFO - [2023-11-26T00:24:01.185+0000] {dag.py:3722} INFO - Setting next_dagrun for example_short_circuit_operator to 2023-11-25T00:24:01.184987+00:00, run_after=2023-11-26T00:24:01.184987+00:00
[2023-11-26T00:24:01.308+0000] {processor.py:179} INFO - Processing /home/airflow/.local/lib/python3.8/site-packages/airflow/example_dags/example_short_circuit_operator.py took 0.294 seconds
[2023-11-26T00:24:31.537+0000] {processor.py:157} INFO - Started process (PID=729) to work on /home/airflow/.local/lib/python3.8/site-packages/airflow/example_dags/example_short_circuit_operator.py
[2023-11-26T00:24:31.540+0000] {processor.py:829} INFO - Processing file /home/airflow/.local/lib/python3.8/site-packages/airflow/example_dags/example_short_circuit_operator.py for tasks to queue
[2023-11-26T00:24:31.547+0000] {logging_mixin.py:154} INFO - [2023-11-26T00:24:31.546+0000] {dagbag.py:536} INFO - Filling up the DagBag from /home/airflow/.local/lib/python3.8/site-packages/airflow/example_dags/example_short_circuit_operator.py
[2023-11-26T00:24:31.567+0000] {processor.py:839} INFO - DAG(s) dict_keys(['example_short_circuit_operator']) retrieved from /home/airflow/.local/lib/python3.8/site-packages/airflow/example_dags/example_short_circuit_operator.py
[2023-11-26T00:24:31.625+0000] {logging_mixin.py:154} INFO - [2023-11-26T00:24:31.624+0000] {dag.py:2941} INFO - Sync 1 DAGs
[2023-11-26T00:24:31.671+0000] {logging_mixin.py:154} INFO - [2023-11-26T00:24:31.670+0000] {dag.py:3722} INFO - Setting next_dagrun for example_short_circuit_operator to 2023-11-25T00:24:31.669914+00:00, run_after=2023-11-26T00:24:31.669914+00:00
[2023-11-26T00:24:31.715+0000] {processor.py:179} INFO - Processing /home/airflow/.local/lib/python3.8/site-packages/airflow/example_dags/example_short_circuit_operator.py took 0.188 seconds
[2023-11-26T00:25:02.102+0000] {processor.py:157} INFO - Started process (PID=783) to work on /home/airflow/.local/lib/python3.8/site-packages/airflow/example_dags/example_short_circuit_operator.py
[2023-11-26T00:25:02.110+0000] {processor.py:829} INFO - Processing file /home/airflow/.local/lib/python3.8/site-packages/airflow/example_dags/example_short_circuit_operator.py for tasks to queue
[2023-11-26T00:25:02.124+0000] {logging_mixin.py:154} INFO - [2023-11-26T00:25:02.124+0000] {dagbag.py:536} INFO - Filling up the DagBag from /home/airflow/.local/lib/python3.8/site-packages/airflow/example_dags/example_short_circuit_operator.py
[2023-11-26T00:25:02.145+0000] {processor.py:839} INFO - DAG(s) dict_keys(['example_short_circuit_operator']) retrieved from /home/airflow/.local/lib/python3.8/site-packages/airflow/example_dags/example_short_circuit_operator.py
[2023-11-26T00:25:02.201+0000] {logging_mixin.py:154} INFO - [2023-11-26T00:25:02.201+0000] {dag.py:2941} INFO - Sync 1 DAGs
[2023-11-26T00:25:02.304+0000] {logging_mixin.py:154} INFO - [2023-11-26T00:25:02.303+0000] {dag.py:3722} INFO - Setting next_dagrun for example_short_circuit_operator to 2023-11-25T00:25:02.301288+00:00, run_after=2023-11-26T00:25:02.301288+00:00
[2023-11-26T00:25:02.389+0000] {processor.py:179} INFO - Processing /home/airflow/.local/lib/python3.8/site-packages/airflow/example_dags/example_short_circuit_operator.py took 0.300 seconds
[2023-11-26T00:25:32.739+0000] {processor.py:157} INFO - Started process (PID=837) to work on /home/airflow/.local/lib/python3.8/site-packages/airflow/example_dags/example_short_circuit_operator.py
[2023-11-26T00:25:32.742+0000] {processor.py:829} INFO - Processing file /home/airflow/.local/lib/python3.8/site-packages/airflow/example_dags/example_short_circuit_operator.py for tasks to queue
[2023-11-26T00:25:32.748+0000] {logging_mixin.py:154} INFO - [2023-11-26T00:25:32.747+0000] {dagbag.py:536} INFO - Filling up the DagBag from /home/airflow/.local/lib/python3.8/site-packages/airflow/example_dags/example_short_circuit_operator.py
[2023-11-26T00:25:32.764+0000] {processor.py:839} INFO - DAG(s) dict_keys(['example_short_circuit_operator']) retrieved from /home/airflow/.local/lib/python3.8/site-packages/airflow/example_dags/example_short_circuit_operator.py
[2023-11-26T00:25:32.842+0000] {logging_mixin.py:154} INFO - [2023-11-26T00:25:32.841+0000] {dag.py:2941} INFO - Sync 1 DAGs
[2023-11-26T00:25:32.890+0000] {logging_mixin.py:154} INFO - [2023-11-26T00:25:32.890+0000] {dag.py:3722} INFO - Setting next_dagrun for example_short_circuit_operator to 2023-11-25T00:25:32.890039+00:00, run_after=2023-11-26T00:25:32.890039+00:00
[2023-11-26T00:25:32.945+0000] {processor.py:179} INFO - Processing /home/airflow/.local/lib/python3.8/site-packages/airflow/example_dags/example_short_circuit_operator.py took 0.212 seconds
[2023-11-26T00:26:03.780+0000] {processor.py:157} INFO - Started process (PID=891) to work on /home/airflow/.local/lib/python3.8/site-packages/airflow/example_dags/example_short_circuit_operator.py
[2023-11-26T00:26:03.783+0000] {processor.py:829} INFO - Processing file /home/airflow/.local/lib/python3.8/site-packages/airflow/example_dags/example_short_circuit_operator.py for tasks to queue
[2023-11-26T00:26:03.789+0000] {logging_mixin.py:154} INFO - [2023-11-26T00:26:03.788+0000] {dagbag.py:536} INFO - Filling up the DagBag from /home/airflow/.local/lib/python3.8/site-packages/airflow/example_dags/example_short_circuit_operator.py
[2023-11-26T00:26:03.808+0000] {processor.py:839} INFO - DAG(s) dict_keys(['example_short_circuit_operator']) retrieved from /home/airflow/.local/lib/python3.8/site-packages/airflow/example_dags/example_short_circuit_operator.py
[2023-11-26T00:26:03.845+0000] {logging_mixin.py:154} INFO - [2023-11-26T00:26:03.844+0000] {dag.py:2941} INFO - Sync 1 DAGs
[2023-11-26T00:26:03.886+0000] {logging_mixin.py:154} INFO - [2023-11-26T00:26:03.886+0000] {dag.py:3722} INFO - Setting next_dagrun for example_short_circuit_operator to 2023-11-25T00:26:03.885982+00:00, run_after=2023-11-26T00:26:03.885982+00:00
[2023-11-26T00:26:03.926+0000] {processor.py:179} INFO - Processing /home/airflow/.local/lib/python3.8/site-packages/airflow/example_dags/example_short_circuit_operator.py took 0.153 seconds
[2023-11-26T00:26:34.156+0000] {processor.py:157} INFO - Started process (PID=945) to work on /home/airflow/.local/lib/python3.8/site-packages/airflow/example_dags/example_short_circuit_operator.py
[2023-11-26T00:26:34.159+0000] {processor.py:829} INFO - Processing file /home/airflow/.local/lib/python3.8/site-packages/airflow/example_dags/example_short_circuit_operator.py for tasks to queue
[2023-11-26T00:26:34.162+0000] {logging_mixin.py:154} INFO - [2023-11-26T00:26:34.162+0000] {dagbag.py:536} INFO - Filling up the DagBag from /home/airflow/.local/lib/python3.8/site-packages/airflow/example_dags/example_short_circuit_operator.py
[2023-11-26T00:26:34.174+0000] {processor.py:839} INFO - DAG(s) dict_keys(['example_short_circuit_operator']) retrieved from /home/airflow/.local/lib/python3.8/site-packages/airflow/example_dags/example_short_circuit_operator.py
[2023-11-26T00:26:34.211+0000] {logging_mixin.py:154} INFO - [2023-11-26T00:26:34.211+0000] {dag.py:2941} INFO - Sync 1 DAGs
[2023-11-26T00:26:34.251+0000] {logging_mixin.py:154} INFO - [2023-11-26T00:26:34.250+0000] {dag.py:3722} INFO - Setting next_dagrun for example_short_circuit_operator to 2023-11-25T00:26:34.250346+00:00, run_after=2023-11-26T00:26:34.250346+00:00
[2023-11-26T00:26:34.299+0000] {processor.py:179} INFO - Processing /home/airflow/.local/lib/python3.8/site-packages/airflow/example_dags/example_short_circuit_operator.py took 0.148 seconds
[2023-11-26T00:27:04.793+0000] {processor.py:157} INFO - Started process (PID=999) to work on /home/airflow/.local/lib/python3.8/site-packages/airflow/example_dags/example_short_circuit_operator.py
[2023-11-26T00:27:04.795+0000] {processor.py:829} INFO - Processing file /home/airflow/.local/lib/python3.8/site-packages/airflow/example_dags/example_short_circuit_operator.py for tasks to queue
[2023-11-26T00:27:04.803+0000] {logging_mixin.py:154} INFO - [2023-11-26T00:27:04.802+0000] {dagbag.py:536} INFO - Filling up the DagBag from /home/airflow/.local/lib/python3.8/site-packages/airflow/example_dags/example_short_circuit_operator.py
[2023-11-26T00:27:04.813+0000] {processor.py:839} INFO - DAG(s) dict_keys(['example_short_circuit_operator']) retrieved from /home/airflow/.local/lib/python3.8/site-packages/airflow/example_dags/example_short_circuit_operator.py
[2023-11-26T00:27:04.854+0000] {logging_mixin.py:154} INFO - [2023-11-26T00:27:04.854+0000] {dag.py:2941} INFO - Sync 1 DAGs
[2023-11-26T00:27:04.899+0000] {logging_mixin.py:154} INFO - [2023-11-26T00:27:04.898+0000] {dag.py:3722} INFO - Setting next_dagrun for example_short_circuit_operator to 2023-11-25T00:27:04.898427+00:00, run_after=2023-11-26T00:27:04.898427+00:00
[2023-11-26T00:27:04.942+0000] {processor.py:179} INFO - Processing /home/airflow/.local/lib/python3.8/site-packages/airflow/example_dags/example_short_circuit_operator.py took 0.157 seconds
[2023-11-26T00:27:35.461+0000] {processor.py:157} INFO - Started process (PID=1053) to work on /home/airflow/.local/lib/python3.8/site-packages/airflow/example_dags/example_short_circuit_operator.py
[2023-11-26T00:27:35.463+0000] {processor.py:829} INFO - Processing file /home/airflow/.local/lib/python3.8/site-packages/airflow/example_dags/example_short_circuit_operator.py for tasks to queue
[2023-11-26T00:27:35.468+0000] {logging_mixin.py:154} INFO - [2023-11-26T00:27:35.467+0000] {dagbag.py:536} INFO - Filling up the DagBag from /home/airflow/.local/lib/python3.8/site-packages/airflow/example_dags/example_short_circuit_operator.py
[2023-11-26T00:27:35.484+0000] {processor.py:839} INFO - DAG(s) dict_keys(['example_short_circuit_operator']) retrieved from /home/airflow/.local/lib/python3.8/site-packages/airflow/example_dags/example_short_circuit_operator.py
[2023-11-26T00:27:35.526+0000] {logging_mixin.py:154} INFO - [2023-11-26T00:27:35.526+0000] {dag.py:2941} INFO - Sync 1 DAGs
[2023-11-26T00:27:35.561+0000] {logging_mixin.py:154} INFO - [2023-11-26T00:27:35.561+0000] {dag.py:3722} INFO - Setting next_dagrun for example_short_circuit_operator to 2023-11-25T00:27:35.561013+00:00, run_after=2023-11-26T00:27:35.561013+00:00
[2023-11-26T00:27:35.602+0000] {processor.py:179} INFO - Processing /home/airflow/.local/lib/python3.8/site-packages/airflow/example_dags/example_short_circuit_operator.py took 0.146 seconds
[2023-11-26T00:28:06.190+0000] {processor.py:157} INFO - Started process (PID=1107) to work on /home/airflow/.local/lib/python3.8/site-packages/airflow/example_dags/example_short_circuit_operator.py
[2023-11-26T00:28:06.193+0000] {processor.py:829} INFO - Processing file /home/airflow/.local/lib/python3.8/site-packages/airflow/example_dags/example_short_circuit_operator.py for tasks to queue
[2023-11-26T00:28:06.199+0000] {logging_mixin.py:154} INFO - [2023-11-26T00:28:06.198+0000] {dagbag.py:536} INFO - Filling up the DagBag from /home/airflow/.local/lib/python3.8/site-packages/airflow/example_dags/example_short_circuit_operator.py
[2023-11-26T00:28:06.213+0000] {processor.py:839} INFO - DAG(s) dict_keys(['example_short_circuit_operator']) retrieved from /home/airflow/.local/lib/python3.8/site-packages/airflow/example_dags/example_short_circuit_operator.py
[2023-11-26T00:28:06.260+0000] {logging_mixin.py:154} INFO - [2023-11-26T00:28:06.260+0000] {dag.py:2941} INFO - Sync 1 DAGs
[2023-11-26T00:28:06.288+0000] {logging_mixin.py:154} INFO - [2023-11-26T00:28:06.288+0000] {dag.py:3722} INFO - Setting next_dagrun for example_short_circuit_operator to 2023-11-25T00:28:06.288186+00:00, run_after=2023-11-26T00:28:06.288186+00:00
[2023-11-26T00:28:06.318+0000] {processor.py:179} INFO - Processing /home/airflow/.local/lib/python3.8/site-packages/airflow/example_dags/example_short_circuit_operator.py took 0.135 seconds
[2023-11-26T00:28:36.576+0000] {processor.py:157} INFO - Started process (PID=1160) to work on /home/airflow/.local/lib/python3.8/site-packages/airflow/example_dags/example_short_circuit_operator.py
[2023-11-26T00:28:36.578+0000] {processor.py:829} INFO - Processing file /home/airflow/.local/lib/python3.8/site-packages/airflow/example_dags/example_short_circuit_operator.py for tasks to queue
[2023-11-26T00:28:36.583+0000] {logging_mixin.py:154} INFO - [2023-11-26T00:28:36.582+0000] {dagbag.py:536} INFO - Filling up the DagBag from /home/airflow/.local/lib/python3.8/site-packages/airflow/example_dags/example_short_circuit_operator.py
[2023-11-26T00:28:36.592+0000] {processor.py:839} INFO - DAG(s) dict_keys(['example_short_circuit_operator']) retrieved from /home/airflow/.local/lib/python3.8/site-packages/airflow/example_dags/example_short_circuit_operator.py
[2023-11-26T00:28:36.628+0000] {logging_mixin.py:154} INFO - [2023-11-26T00:28:36.628+0000] {dag.py:2941} INFO - Sync 1 DAGs
[2023-11-26T00:28:36.654+0000] {logging_mixin.py:154} INFO - [2023-11-26T00:28:36.654+0000] {dag.py:3722} INFO - Setting next_dagrun for example_short_circuit_operator to 2023-11-25T00:28:36.654397+00:00, run_after=2023-11-26T00:28:36.654397+00:00
[2023-11-26T00:28:36.686+0000] {processor.py:179} INFO - Processing /home/airflow/.local/lib/python3.8/site-packages/airflow/example_dags/example_short_circuit_operator.py took 0.115 seconds
[2023-11-26T00:29:06.907+0000] {processor.py:157} INFO - Started process (PID=1214) to work on /home/airflow/.local/lib/python3.8/site-packages/airflow/example_dags/example_short_circuit_operator.py
[2023-11-26T00:29:06.910+0000] {processor.py:829} INFO - Processing file /home/airflow/.local/lib/python3.8/site-packages/airflow/example_dags/example_short_circuit_operator.py for tasks to queue
[2023-11-26T00:29:06.917+0000] {logging_mixin.py:154} INFO - [2023-11-26T00:29:06.916+0000] {dagbag.py:536} INFO - Filling up the DagBag from /home/airflow/.local/lib/python3.8/site-packages/airflow/example_dags/example_short_circuit_operator.py
[2023-11-26T00:29:06.937+0000] {processor.py:839} INFO - DAG(s) dict_keys(['example_short_circuit_operator']) retrieved from /home/airflow/.local/lib/python3.8/site-packages/airflow/example_dags/example_short_circuit_operator.py
[2023-11-26T00:29:06.999+0000] {logging_mixin.py:154} INFO - [2023-11-26T00:29:06.999+0000] {dag.py:2941} INFO - Sync 1 DAGs
[2023-11-26T00:29:07.031+0000] {logging_mixin.py:154} INFO - [2023-11-26T00:29:07.030+0000] {dag.py:3722} INFO - Setting next_dagrun for example_short_circuit_operator to 2023-11-25T00:29:07.030409+00:00, run_after=2023-11-26T00:29:07.030409+00:00
[2023-11-26T00:29:07.075+0000] {processor.py:179} INFO - Processing /home/airflow/.local/lib/python3.8/site-packages/airflow/example_dags/example_short_circuit_operator.py took 0.177 seconds
[2023-11-26T00:29:37.518+0000] {processor.py:157} INFO - Started process (PID=1268) to work on /home/airflow/.local/lib/python3.8/site-packages/airflow/example_dags/example_short_circuit_operator.py
[2023-11-26T00:29:37.521+0000] {processor.py:829} INFO - Processing file /home/airflow/.local/lib/python3.8/site-packages/airflow/example_dags/example_short_circuit_operator.py for tasks to queue
[2023-11-26T00:29:37.529+0000] {logging_mixin.py:154} INFO - [2023-11-26T00:29:37.528+0000] {dagbag.py:536} INFO - Filling up the DagBag from /home/airflow/.local/lib/python3.8/site-packages/airflow/example_dags/example_short_circuit_operator.py
[2023-11-26T00:29:37.553+0000] {processor.py:839} INFO - DAG(s) dict_keys(['example_short_circuit_operator']) retrieved from /home/airflow/.local/lib/python3.8/site-packages/airflow/example_dags/example_short_circuit_operator.py
[2023-11-26T00:29:37.620+0000] {logging_mixin.py:154} INFO - [2023-11-26T00:29:37.618+0000] {dag.py:2941} INFO - Sync 1 DAGs
[2023-11-26T00:29:37.680+0000] {logging_mixin.py:154} INFO - [2023-11-26T00:29:37.680+0000] {dag.py:3722} INFO - Setting next_dagrun for example_short_circuit_operator to 2023-11-25T00:29:37.678753+00:00, run_after=2023-11-26T00:29:37.678753+00:00
[2023-11-26T00:29:37.759+0000] {processor.py:179} INFO - Processing /home/airflow/.local/lib/python3.8/site-packages/airflow/example_dags/example_short_circuit_operator.py took 0.245 seconds
[2023-11-26T00:30:07.935+0000] {processor.py:157} INFO - Started process (PID=1322) to work on /home/airflow/.local/lib/python3.8/site-packages/airflow/example_dags/example_short_circuit_operator.py
[2023-11-26T00:30:07.937+0000] {processor.py:829} INFO - Processing file /home/airflow/.local/lib/python3.8/site-packages/airflow/example_dags/example_short_circuit_operator.py for tasks to queue
[2023-11-26T00:30:07.942+0000] {logging_mixin.py:154} INFO - [2023-11-26T00:30:07.941+0000] {dagbag.py:536} INFO - Filling up the DagBag from /home/airflow/.local/lib/python3.8/site-packages/airflow/example_dags/example_short_circuit_operator.py
[2023-11-26T00:30:07.953+0000] {processor.py:839} INFO - DAG(s) dict_keys(['example_short_circuit_operator']) retrieved from /home/airflow/.local/lib/python3.8/site-packages/airflow/example_dags/example_short_circuit_operator.py
[2023-11-26T00:30:07.986+0000] {logging_mixin.py:154} INFO - [2023-11-26T00:30:07.985+0000] {dag.py:2941} INFO - Sync 1 DAGs
[2023-11-26T00:30:08.017+0000] {logging_mixin.py:154} INFO - [2023-11-26T00:30:08.016+0000] {dag.py:3722} INFO - Setting next_dagrun for example_short_circuit_operator to 2023-11-25T00:30:08.015635+00:00, run_after=2023-11-26T00:30:08.015635+00:00
[2023-11-26T00:30:08.054+0000] {processor.py:179} INFO - Processing /home/airflow/.local/lib/python3.8/site-packages/airflow/example_dags/example_short_circuit_operator.py took 0.125 seconds
[2023-11-26T00:30:38.336+0000] {processor.py:157} INFO - Started process (PID=1376) to work on /home/airflow/.local/lib/python3.8/site-packages/airflow/example_dags/example_short_circuit_operator.py
[2023-11-26T00:30:38.338+0000] {processor.py:829} INFO - Processing file /home/airflow/.local/lib/python3.8/site-packages/airflow/example_dags/example_short_circuit_operator.py for tasks to queue
[2023-11-26T00:30:38.342+0000] {logging_mixin.py:154} INFO - [2023-11-26T00:30:38.341+0000] {dagbag.py:536} INFO - Filling up the DagBag from /home/airflow/.local/lib/python3.8/site-packages/airflow/example_dags/example_short_circuit_operator.py
[2023-11-26T00:30:38.357+0000] {processor.py:839} INFO - DAG(s) dict_keys(['example_short_circuit_operator']) retrieved from /home/airflow/.local/lib/python3.8/site-packages/airflow/example_dags/example_short_circuit_operator.py
[2023-11-26T00:30:38.404+0000] {logging_mixin.py:154} INFO - [2023-11-26T00:30:38.403+0000] {dag.py:2941} INFO - Sync 1 DAGs
[2023-11-26T00:30:38.438+0000] {logging_mixin.py:154} INFO - [2023-11-26T00:30:38.437+0000] {dag.py:3722} INFO - Setting next_dagrun for example_short_circuit_operator to 2023-11-25T00:30:38.437181+00:00, run_after=2023-11-26T00:30:38.437181+00:00
[2023-11-26T00:30:38.472+0000] {processor.py:179} INFO - Processing /home/airflow/.local/lib/python3.8/site-packages/airflow/example_dags/example_short_circuit_operator.py took 0.139 seconds
[2023-11-26T00:31:08.864+0000] {processor.py:157} INFO - Started process (PID=1430) to work on /home/airflow/.local/lib/python3.8/site-packages/airflow/example_dags/example_short_circuit_operator.py
[2023-11-26T00:31:08.866+0000] {processor.py:829} INFO - Processing file /home/airflow/.local/lib/python3.8/site-packages/airflow/example_dags/example_short_circuit_operator.py for tasks to queue
[2023-11-26T00:31:08.870+0000] {logging_mixin.py:154} INFO - [2023-11-26T00:31:08.870+0000] {dagbag.py:536} INFO - Filling up the DagBag from /home/airflow/.local/lib/python3.8/site-packages/airflow/example_dags/example_short_circuit_operator.py
[2023-11-26T00:31:08.879+0000] {processor.py:839} INFO - DAG(s) dict_keys(['example_short_circuit_operator']) retrieved from /home/airflow/.local/lib/python3.8/site-packages/airflow/example_dags/example_short_circuit_operator.py
[2023-11-26T00:31:08.911+0000] {logging_mixin.py:154} INFO - [2023-11-26T00:31:08.911+0000] {dag.py:2941} INFO - Sync 1 DAGs
[2023-11-26T00:31:08.940+0000] {logging_mixin.py:154} INFO - [2023-11-26T00:31:08.940+0000] {dag.py:3722} INFO - Setting next_dagrun for example_short_circuit_operator to 2023-11-25T00:31:08.940048+00:00, run_after=2023-11-26T00:31:08.940048+00:00
[2023-11-26T00:31:08.976+0000] {processor.py:179} INFO - Processing /home/airflow/.local/lib/python3.8/site-packages/airflow/example_dags/example_short_circuit_operator.py took 0.117 seconds
[2023-11-26T00:31:39.101+0000] {processor.py:157} INFO - Started process (PID=1484) to work on /home/airflow/.local/lib/python3.8/site-packages/airflow/example_dags/example_short_circuit_operator.py
[2023-11-26T00:31:39.104+0000] {processor.py:829} INFO - Processing file /home/airflow/.local/lib/python3.8/site-packages/airflow/example_dags/example_short_circuit_operator.py for tasks to queue
[2023-11-26T00:31:39.109+0000] {logging_mixin.py:154} INFO - [2023-11-26T00:31:39.108+0000] {dagbag.py:536} INFO - Filling up the DagBag from /home/airflow/.local/lib/python3.8/site-packages/airflow/example_dags/example_short_circuit_operator.py
[2023-11-26T00:31:39.125+0000] {processor.py:839} INFO - DAG(s) dict_keys(['example_short_circuit_operator']) retrieved from /home/airflow/.local/lib/python3.8/site-packages/airflow/example_dags/example_short_circuit_operator.py
[2023-11-26T00:31:39.163+0000] {logging_mixin.py:154} INFO - [2023-11-26T00:31:39.162+0000] {dag.py:2941} INFO - Sync 1 DAGs
[2023-11-26T00:31:39.191+0000] {logging_mixin.py:154} INFO - [2023-11-26T00:31:39.190+0000] {dag.py:3722} INFO - Setting next_dagrun for example_short_circuit_operator to 2023-11-25T00:31:39.190397+00:00, run_after=2023-11-26T00:31:39.190397+00:00
[2023-11-26T00:31:39.231+0000] {processor.py:179} INFO - Processing /home/airflow/.local/lib/python3.8/site-packages/airflow/example_dags/example_short_circuit_operator.py took 0.139 seconds
[2023-11-26T00:32:09.377+0000] {processor.py:157} INFO - Started process (PID=1538) to work on /home/airflow/.local/lib/python3.8/site-packages/airflow/example_dags/example_short_circuit_operator.py
[2023-11-26T00:32:09.379+0000] {processor.py:829} INFO - Processing file /home/airflow/.local/lib/python3.8/site-packages/airflow/example_dags/example_short_circuit_operator.py for tasks to queue
[2023-11-26T00:32:09.382+0000] {logging_mixin.py:154} INFO - [2023-11-26T00:32:09.382+0000] {dagbag.py:536} INFO - Filling up the DagBag from /home/airflow/.local/lib/python3.8/site-packages/airflow/example_dags/example_short_circuit_operator.py
[2023-11-26T00:32:09.390+0000] {processor.py:839} INFO - DAG(s) dict_keys(['example_short_circuit_operator']) retrieved from /home/airflow/.local/lib/python3.8/site-packages/airflow/example_dags/example_short_circuit_operator.py
[2023-11-26T00:32:09.422+0000] {logging_mixin.py:154} INFO - [2023-11-26T00:32:09.422+0000] {dag.py:2941} INFO - Sync 1 DAGs
[2023-11-26T00:32:09.458+0000] {logging_mixin.py:154} INFO - [2023-11-26T00:32:09.458+0000] {dag.py:3722} INFO - Setting next_dagrun for example_short_circuit_operator to 2023-11-25T00:32:09.457847+00:00, run_after=2023-11-26T00:32:09.457847+00:00
[2023-11-26T00:32:09.494+0000] {processor.py:179} INFO - Processing /home/airflow/.local/lib/python3.8/site-packages/airflow/example_dags/example_short_circuit_operator.py took 0.121 seconds
[2023-11-26T00:32:40.097+0000] {processor.py:157} INFO - Started process (PID=1590) to work on /home/airflow/.local/lib/python3.8/site-packages/airflow/example_dags/example_short_circuit_operator.py
[2023-11-26T00:32:40.098+0000] {processor.py:829} INFO - Processing file /home/airflow/.local/lib/python3.8/site-packages/airflow/example_dags/example_short_circuit_operator.py for tasks to queue
[2023-11-26T00:32:40.100+0000] {logging_mixin.py:154} INFO - [2023-11-26T00:32:40.100+0000] {dagbag.py:536} INFO - Filling up the DagBag from /home/airflow/.local/lib/python3.8/site-packages/airflow/example_dags/example_short_circuit_operator.py
[2023-11-26T00:32:40.107+0000] {processor.py:839} INFO - DAG(s) dict_keys(['example_short_circuit_operator']) retrieved from /home/airflow/.local/lib/python3.8/site-packages/airflow/example_dags/example_short_circuit_operator.py
[2023-11-26T00:32:40.129+0000] {logging_mixin.py:154} INFO - [2023-11-26T00:32:40.129+0000] {dag.py:2941} INFO - Sync 1 DAGs
[2023-11-26T00:32:40.150+0000] {logging_mixin.py:154} INFO - [2023-11-26T00:32:40.150+0000] {dag.py:3722} INFO - Setting next_dagrun for example_short_circuit_operator to 2023-11-25T00:32:40.150458+00:00, run_after=2023-11-26T00:32:40.150458+00:00
[2023-11-26T00:32:40.173+0000] {processor.py:179} INFO - Processing /home/airflow/.local/lib/python3.8/site-packages/airflow/example_dags/example_short_circuit_operator.py took 0.078 seconds
[2023-11-26T00:33:10.415+0000] {processor.py:157} INFO - Started process (PID=1644) to work on /home/airflow/.local/lib/python3.8/site-packages/airflow/example_dags/example_short_circuit_operator.py
[2023-11-26T00:33:10.417+0000] {processor.py:829} INFO - Processing file /home/airflow/.local/lib/python3.8/site-packages/airflow/example_dags/example_short_circuit_operator.py for tasks to queue
[2023-11-26T00:33:10.421+0000] {logging_mixin.py:154} INFO - [2023-11-26T00:33:10.420+0000] {dagbag.py:536} INFO - Filling up the DagBag from /home/airflow/.local/lib/python3.8/site-packages/airflow/example_dags/example_short_circuit_operator.py
[2023-11-26T00:33:10.432+0000] {processor.py:839} INFO - DAG(s) dict_keys(['example_short_circuit_operator']) retrieved from /home/airflow/.local/lib/python3.8/site-packages/airflow/example_dags/example_short_circuit_operator.py
[2023-11-26T00:33:10.471+0000] {logging_mixin.py:154} INFO - [2023-11-26T00:33:10.470+0000] {dag.py:2941} INFO - Sync 1 DAGs
[2023-11-26T00:33:10.506+0000] {logging_mixin.py:154} INFO - [2023-11-26T00:33:10.505+0000] {dag.py:3722} INFO - Setting next_dagrun for example_short_circuit_operator to 2023-11-25T00:33:10.505271+00:00, run_after=2023-11-26T00:33:10.505271+00:00
[2023-11-26T00:33:10.535+0000] {processor.py:179} INFO - Processing /home/airflow/.local/lib/python3.8/site-packages/airflow/example_dags/example_short_circuit_operator.py took 0.123 seconds
[2023-11-26T00:33:41.070+0000] {processor.py:157} INFO - Started process (PID=1698) to work on /home/airflow/.local/lib/python3.8/site-packages/airflow/example_dags/example_short_circuit_operator.py
[2023-11-26T00:33:41.071+0000] {processor.py:829} INFO - Processing file /home/airflow/.local/lib/python3.8/site-packages/airflow/example_dags/example_short_circuit_operator.py for tasks to queue
[2023-11-26T00:33:41.075+0000] {logging_mixin.py:154} INFO - [2023-11-26T00:33:41.075+0000] {dagbag.py:536} INFO - Filling up the DagBag from /home/airflow/.local/lib/python3.8/site-packages/airflow/example_dags/example_short_circuit_operator.py
[2023-11-26T00:33:41.086+0000] {processor.py:839} INFO - DAG(s) dict_keys(['example_short_circuit_operator']) retrieved from /home/airflow/.local/lib/python3.8/site-packages/airflow/example_dags/example_short_circuit_operator.py
[2023-11-26T00:33:41.114+0000] {logging_mixin.py:154} INFO - [2023-11-26T00:33:41.114+0000] {dag.py:2941} INFO - Sync 1 DAGs
[2023-11-26T00:33:41.138+0000] {logging_mixin.py:154} INFO - [2023-11-26T00:33:41.138+0000] {dag.py:3722} INFO - Setting next_dagrun for example_short_circuit_operator to 2023-11-25T00:33:41.137807+00:00, run_after=2023-11-26T00:33:41.137807+00:00
[2023-11-26T00:33:41.165+0000] {processor.py:179} INFO - Processing /home/airflow/.local/lib/python3.8/site-packages/airflow/example_dags/example_short_circuit_operator.py took 0.098 seconds
[2023-11-26T00:34:11.813+0000] {processor.py:157} INFO - Started process (PID=1752) to work on /home/airflow/.local/lib/python3.8/site-packages/airflow/example_dags/example_short_circuit_operator.py
[2023-11-26T00:34:11.814+0000] {processor.py:829} INFO - Processing file /home/airflow/.local/lib/python3.8/site-packages/airflow/example_dags/example_short_circuit_operator.py for tasks to queue
[2023-11-26T00:34:11.816+0000] {logging_mixin.py:154} INFO - [2023-11-26T00:34:11.816+0000] {dagbag.py:536} INFO - Filling up the DagBag from /home/airflow/.local/lib/python3.8/site-packages/airflow/example_dags/example_short_circuit_operator.py
[2023-11-26T00:34:11.823+0000] {processor.py:839} INFO - DAG(s) dict_keys(['example_short_circuit_operator']) retrieved from /home/airflow/.local/lib/python3.8/site-packages/airflow/example_dags/example_short_circuit_operator.py
[2023-11-26T00:34:11.843+0000] {logging_mixin.py:154} INFO - [2023-11-26T00:34:11.843+0000] {dag.py:2941} INFO - Sync 1 DAGs
[2023-11-26T00:34:11.865+0000] {logging_mixin.py:154} INFO - [2023-11-26T00:34:11.865+0000] {dag.py:3722} INFO - Setting next_dagrun for example_short_circuit_operator to 2023-11-25T00:34:11.865021+00:00, run_after=2023-11-26T00:34:11.865021+00:00
[2023-11-26T00:34:11.888+0000] {processor.py:179} INFO - Processing /home/airflow/.local/lib/python3.8/site-packages/airflow/example_dags/example_short_circuit_operator.py took 0.077 seconds
[2023-11-26T00:34:42.211+0000] {processor.py:157} INFO - Started process (PID=1806) to work on /home/airflow/.local/lib/python3.8/site-packages/airflow/example_dags/example_short_circuit_operator.py
[2023-11-26T00:34:42.212+0000] {processor.py:829} INFO - Processing file /home/airflow/.local/lib/python3.8/site-packages/airflow/example_dags/example_short_circuit_operator.py for tasks to queue
[2023-11-26T00:34:42.215+0000] {logging_mixin.py:154} INFO - [2023-11-26T00:34:42.215+0000] {dagbag.py:536} INFO - Filling up the DagBag from /home/airflow/.local/lib/python3.8/site-packages/airflow/example_dags/example_short_circuit_operator.py
[2023-11-26T00:34:42.221+0000] {processor.py:839} INFO - DAG(s) dict_keys(['example_short_circuit_operator']) retrieved from /home/airflow/.local/lib/python3.8/site-packages/airflow/example_dags/example_short_circuit_operator.py
[2023-11-26T00:34:42.243+0000] {logging_mixin.py:154} INFO - [2023-11-26T00:34:42.243+0000] {dag.py:2941} INFO - Sync 1 DAGs
[2023-11-26T00:34:42.261+0000] {logging_mixin.py:154} INFO - [2023-11-26T00:34:42.261+0000] {dag.py:3722} INFO - Setting next_dagrun for example_short_circuit_operator to 2023-11-25T00:34:42.260988+00:00, run_after=2023-11-26T00:34:42.260988+00:00
[2023-11-26T00:34:42.280+0000] {processor.py:179} INFO - Processing /home/airflow/.local/lib/python3.8/site-packages/airflow/example_dags/example_short_circuit_operator.py took 0.072 seconds
[2023-11-26T00:35:12.620+0000] {processor.py:157} INFO - Started process (PID=1860) to work on /home/airflow/.local/lib/python3.8/site-packages/airflow/example_dags/example_short_circuit_operator.py
[2023-11-26T00:35:12.621+0000] {processor.py:829} INFO - Processing file /home/airflow/.local/lib/python3.8/site-packages/airflow/example_dags/example_short_circuit_operator.py for tasks to queue
[2023-11-26T00:35:12.624+0000] {logging_mixin.py:154} INFO - [2023-11-26T00:35:12.623+0000] {dagbag.py:536} INFO - Filling up the DagBag from /home/airflow/.local/lib/python3.8/site-packages/airflow/example_dags/example_short_circuit_operator.py
[2023-11-26T00:35:12.630+0000] {processor.py:839} INFO - DAG(s) dict_keys(['example_short_circuit_operator']) retrieved from /home/airflow/.local/lib/python3.8/site-packages/airflow/example_dags/example_short_circuit_operator.py
[2023-11-26T00:35:12.649+0000] {logging_mixin.py:154} INFO - [2023-11-26T00:35:12.649+0000] {dag.py:2941} INFO - Sync 1 DAGs
[2023-11-26T00:35:12.668+0000] {logging_mixin.py:154} INFO - [2023-11-26T00:35:12.668+0000] {dag.py:3722} INFO - Setting next_dagrun for example_short_circuit_operator to 2023-11-25T00:35:12.667877+00:00, run_after=2023-11-26T00:35:12.667877+00:00
[2023-11-26T00:35:12.690+0000] {processor.py:179} INFO - Processing /home/airflow/.local/lib/python3.8/site-packages/airflow/example_dags/example_short_circuit_operator.py took 0.072 seconds
[2023-11-26T00:35:42.983+0000] {processor.py:157} INFO - Started process (PID=1914) to work on /home/airflow/.local/lib/python3.8/site-packages/airflow/example_dags/example_short_circuit_operator.py
[2023-11-26T00:35:42.985+0000] {processor.py:829} INFO - Processing file /home/airflow/.local/lib/python3.8/site-packages/airflow/example_dags/example_short_circuit_operator.py for tasks to queue
[2023-11-26T00:35:42.988+0000] {logging_mixin.py:154} INFO - [2023-11-26T00:35:42.987+0000] {dagbag.py:536} INFO - Filling up the DagBag from /home/airflow/.local/lib/python3.8/site-packages/airflow/example_dags/example_short_circuit_operator.py
[2023-11-26T00:35:42.994+0000] {processor.py:839} INFO - DAG(s) dict_keys(['example_short_circuit_operator']) retrieved from /home/airflow/.local/lib/python3.8/site-packages/airflow/example_dags/example_short_circuit_operator.py
[2023-11-26T00:35:43.018+0000] {logging_mixin.py:154} INFO - [2023-11-26T00:35:43.018+0000] {dag.py:2941} INFO - Sync 1 DAGs
[2023-11-26T00:35:43.040+0000] {logging_mixin.py:154} INFO - [2023-11-26T00:35:43.040+0000] {dag.py:3722} INFO - Setting next_dagrun for example_short_circuit_operator to 2023-11-25T00:35:43.039972+00:00, run_after=2023-11-26T00:35:43.039972+00:00
[2023-11-26T00:35:43.066+0000] {processor.py:179} INFO - Processing /home/airflow/.local/lib/python3.8/site-packages/airflow/example_dags/example_short_circuit_operator.py took 0.086 seconds
[2023-11-26T00:36:13.414+0000] {processor.py:157} INFO - Started process (PID=1968) to work on /home/airflow/.local/lib/python3.8/site-packages/airflow/example_dags/example_short_circuit_operator.py
[2023-11-26T00:36:13.416+0000] {processor.py:829} INFO - Processing file /home/airflow/.local/lib/python3.8/site-packages/airflow/example_dags/example_short_circuit_operator.py for tasks to queue
[2023-11-26T00:36:13.419+0000] {logging_mixin.py:154} INFO - [2023-11-26T00:36:13.418+0000] {dagbag.py:536} INFO - Filling up the DagBag from /home/airflow/.local/lib/python3.8/site-packages/airflow/example_dags/example_short_circuit_operator.py
[2023-11-26T00:36:13.426+0000] {processor.py:839} INFO - DAG(s) dict_keys(['example_short_circuit_operator']) retrieved from /home/airflow/.local/lib/python3.8/site-packages/airflow/example_dags/example_short_circuit_operator.py
[2023-11-26T00:36:13.472+0000] {logging_mixin.py:154} INFO - [2023-11-26T00:36:13.472+0000] {dag.py:2941} INFO - Sync 1 DAGs
[2023-11-26T00:36:13.499+0000] {logging_mixin.py:154} INFO - [2023-11-26T00:36:13.499+0000] {dag.py:3722} INFO - Setting next_dagrun for example_short_circuit_operator to 2023-11-25T00:36:13.499139+00:00, run_after=2023-11-26T00:36:13.499139+00:00
[2023-11-26T00:36:13.537+0000] {processor.py:179} INFO - Processing /home/airflow/.local/lib/python3.8/site-packages/airflow/example_dags/example_short_circuit_operator.py took 0.127 seconds
[2023-11-26T00:36:44.177+0000] {processor.py:157} INFO - Started process (PID=2022) to work on /home/airflow/.local/lib/python3.8/site-packages/airflow/example_dags/example_short_circuit_operator.py
[2023-11-26T00:36:44.179+0000] {processor.py:829} INFO - Processing file /home/airflow/.local/lib/python3.8/site-packages/airflow/example_dags/example_short_circuit_operator.py for tasks to queue
[2023-11-26T00:36:44.182+0000] {logging_mixin.py:154} INFO - [2023-11-26T00:36:44.181+0000] {dagbag.py:536} INFO - Filling up the DagBag from /home/airflow/.local/lib/python3.8/site-packages/airflow/example_dags/example_short_circuit_operator.py
[2023-11-26T00:36:44.188+0000] {processor.py:839} INFO - DAG(s) dict_keys(['example_short_circuit_operator']) retrieved from /home/airflow/.local/lib/python3.8/site-packages/airflow/example_dags/example_short_circuit_operator.py
[2023-11-26T00:36:44.209+0000] {logging_mixin.py:154} INFO - [2023-11-26T00:36:44.209+0000] {dag.py:2941} INFO - Sync 1 DAGs
[2023-11-26T00:36:44.229+0000] {logging_mixin.py:154} INFO - [2023-11-26T00:36:44.229+0000] {dag.py:3722} INFO - Setting next_dagrun for example_short_circuit_operator to 2023-11-25T00:36:44.229322+00:00, run_after=2023-11-26T00:36:44.229322+00:00
[2023-11-26T00:36:44.250+0000] {processor.py:179} INFO - Processing /home/airflow/.local/lib/python3.8/site-packages/airflow/example_dags/example_short_circuit_operator.py took 0.076 seconds
[2023-11-26T00:37:14.995+0000] {processor.py:157} INFO - Started process (PID=2076) to work on /home/airflow/.local/lib/python3.8/site-packages/airflow/example_dags/example_short_circuit_operator.py
[2023-11-26T00:37:14.997+0000] {processor.py:829} INFO - Processing file /home/airflow/.local/lib/python3.8/site-packages/airflow/example_dags/example_short_circuit_operator.py for tasks to queue
[2023-11-26T00:37:14.999+0000] {logging_mixin.py:154} INFO - [2023-11-26T00:37:14.999+0000] {dagbag.py:536} INFO - Filling up the DagBag from /home/airflow/.local/lib/python3.8/site-packages/airflow/example_dags/example_short_circuit_operator.py
[2023-11-26T00:37:15.005+0000] {processor.py:839} INFO - DAG(s) dict_keys(['example_short_circuit_operator']) retrieved from /home/airflow/.local/lib/python3.8/site-packages/airflow/example_dags/example_short_circuit_operator.py
[2023-11-26T00:37:15.025+0000] {logging_mixin.py:154} INFO - [2023-11-26T00:37:15.025+0000] {dag.py:2941} INFO - Sync 1 DAGs
[2023-11-26T00:37:15.044+0000] {logging_mixin.py:154} INFO - [2023-11-26T00:37:15.044+0000] {dag.py:3722} INFO - Setting next_dagrun for example_short_circuit_operator to 2023-11-25T00:37:15.043968+00:00, run_after=2023-11-26T00:37:15.043968+00:00
[2023-11-26T00:37:15.065+0000] {processor.py:179} INFO - Processing /home/airflow/.local/lib/python3.8/site-packages/airflow/example_dags/example_short_circuit_operator.py took 0.073 seconds
[2023-11-26T00:37:45.726+0000] {processor.py:157} INFO - Started process (PID=2130) to work on /home/airflow/.local/lib/python3.8/site-packages/airflow/example_dags/example_short_circuit_operator.py
[2023-11-26T00:37:45.728+0000] {processor.py:829} INFO - Processing file /home/airflow/.local/lib/python3.8/site-packages/airflow/example_dags/example_short_circuit_operator.py for tasks to queue
[2023-11-26T00:37:45.733+0000] {logging_mixin.py:154} INFO - [2023-11-26T00:37:45.732+0000] {dagbag.py:536} INFO - Filling up the DagBag from /home/airflow/.local/lib/python3.8/site-packages/airflow/example_dags/example_short_circuit_operator.py
[2023-11-26T00:37:45.747+0000] {processor.py:839} INFO - DAG(s) dict_keys(['example_short_circuit_operator']) retrieved from /home/airflow/.local/lib/python3.8/site-packages/airflow/example_dags/example_short_circuit_operator.py
[2023-11-26T00:37:45.785+0000] {logging_mixin.py:154} INFO - [2023-11-26T00:37:45.784+0000] {dag.py:2941} INFO - Sync 1 DAGs
[2023-11-26T00:37:45.826+0000] {logging_mixin.py:154} INFO - [2023-11-26T00:37:45.826+0000] {dag.py:3722} INFO - Setting next_dagrun for example_short_circuit_operator to 2023-11-25T00:37:45.826325+00:00, run_after=2023-11-26T00:37:45.826325+00:00
[2023-11-26T00:37:45.868+0000] {processor.py:179} INFO - Processing /home/airflow/.local/lib/python3.8/site-packages/airflow/example_dags/example_short_circuit_operator.py took 0.147 seconds
[2023-11-26T00:38:16.532+0000] {processor.py:157} INFO - Started process (PID=2184) to work on /home/airflow/.local/lib/python3.8/site-packages/airflow/example_dags/example_short_circuit_operator.py
[2023-11-26T00:38:16.534+0000] {processor.py:829} INFO - Processing file /home/airflow/.local/lib/python3.8/site-packages/airflow/example_dags/example_short_circuit_operator.py for tasks to queue
[2023-11-26T00:38:16.536+0000] {logging_mixin.py:154} INFO - [2023-11-26T00:38:16.536+0000] {dagbag.py:536} INFO - Filling up the DagBag from /home/airflow/.local/lib/python3.8/site-packages/airflow/example_dags/example_short_circuit_operator.py
[2023-11-26T00:38:16.542+0000] {processor.py:839} INFO - DAG(s) dict_keys(['example_short_circuit_operator']) retrieved from /home/airflow/.local/lib/python3.8/site-packages/airflow/example_dags/example_short_circuit_operator.py
[2023-11-26T00:38:16.565+0000] {logging_mixin.py:154} INFO - [2023-11-26T00:38:16.565+0000] {dag.py:2941} INFO - Sync 1 DAGs
[2023-11-26T00:38:16.587+0000] {logging_mixin.py:154} INFO - [2023-11-26T00:38:16.587+0000] {dag.py:3722} INFO - Setting next_dagrun for example_short_circuit_operator to 2023-11-25T00:38:16.586863+00:00, run_after=2023-11-26T00:38:16.586863+00:00
[2023-11-26T00:38:16.609+0000] {processor.py:179} INFO - Processing /home/airflow/.local/lib/python3.8/site-packages/airflow/example_dags/example_short_circuit_operator.py took 0.080 seconds
[2023-11-26T00:38:47.180+0000] {processor.py:157} INFO - Started process (PID=2238) to work on /home/airflow/.local/lib/python3.8/site-packages/airflow/example_dags/example_short_circuit_operator.py
[2023-11-26T00:38:47.182+0000] {processor.py:829} INFO - Processing file /home/airflow/.local/lib/python3.8/site-packages/airflow/example_dags/example_short_circuit_operator.py for tasks to queue
[2023-11-26T00:38:47.184+0000] {logging_mixin.py:154} INFO - [2023-11-26T00:38:47.184+0000] {dagbag.py:536} INFO - Filling up the DagBag from /home/airflow/.local/lib/python3.8/site-packages/airflow/example_dags/example_short_circuit_operator.py
[2023-11-26T00:38:47.193+0000] {processor.py:839} INFO - DAG(s) dict_keys(['example_short_circuit_operator']) retrieved from /home/airflow/.local/lib/python3.8/site-packages/airflow/example_dags/example_short_circuit_operator.py
[2023-11-26T00:38:47.230+0000] {logging_mixin.py:154} INFO - [2023-11-26T00:38:47.229+0000] {dag.py:2941} INFO - Sync 1 DAGs
[2023-11-26T00:38:47.263+0000] {logging_mixin.py:154} INFO - [2023-11-26T00:38:47.263+0000] {dag.py:3722} INFO - Setting next_dagrun for example_short_circuit_operator to 2023-11-25T00:38:47.262761+00:00, run_after=2023-11-26T00:38:47.262761+00:00
[2023-11-26T00:38:47.446+0000] {processor.py:179} INFO - Processing /home/airflow/.local/lib/python3.8/site-packages/airflow/example_dags/example_short_circuit_operator.py took 0.270 seconds
[2023-11-26T00:39:18.146+0000] {processor.py:157} INFO - Started process (PID=2292) to work on /home/airflow/.local/lib/python3.8/site-packages/airflow/example_dags/example_short_circuit_operator.py
[2023-11-26T00:39:18.148+0000] {processor.py:829} INFO - Processing file /home/airflow/.local/lib/python3.8/site-packages/airflow/example_dags/example_short_circuit_operator.py for tasks to queue
[2023-11-26T00:39:18.150+0000] {logging_mixin.py:154} INFO - [2023-11-26T00:39:18.149+0000] {dagbag.py:536} INFO - Filling up the DagBag from /home/airflow/.local/lib/python3.8/site-packages/airflow/example_dags/example_short_circuit_operator.py
[2023-11-26T00:39:18.155+0000] {processor.py:839} INFO - DAG(s) dict_keys(['example_short_circuit_operator']) retrieved from /home/airflow/.local/lib/python3.8/site-packages/airflow/example_dags/example_short_circuit_operator.py
[2023-11-26T00:39:18.176+0000] {logging_mixin.py:154} INFO - [2023-11-26T00:39:18.176+0000] {dag.py:2941} INFO - Sync 1 DAGs
[2023-11-26T00:39:18.196+0000] {logging_mixin.py:154} INFO - [2023-11-26T00:39:18.195+0000] {dag.py:3722} INFO - Setting next_dagrun for example_short_circuit_operator to 2023-11-25T00:39:18.195589+00:00, run_after=2023-11-26T00:39:18.195589+00:00
[2023-11-26T00:39:18.217+0000] {processor.py:179} INFO - Processing /home/airflow/.local/lib/python3.8/site-packages/airflow/example_dags/example_short_circuit_operator.py took 0.074 seconds
[2023-11-26T00:39:48.311+0000] {processor.py:157} INFO - Started process (PID=2346) to work on /home/airflow/.local/lib/python3.8/site-packages/airflow/example_dags/example_short_circuit_operator.py
[2023-11-26T00:39:48.312+0000] {processor.py:829} INFO - Processing file /home/airflow/.local/lib/python3.8/site-packages/airflow/example_dags/example_short_circuit_operator.py for tasks to queue
[2023-11-26T00:39:48.315+0000] {logging_mixin.py:154} INFO - [2023-11-26T00:39:48.314+0000] {dagbag.py:536} INFO - Filling up the DagBag from /home/airflow/.local/lib/python3.8/site-packages/airflow/example_dags/example_short_circuit_operator.py
[2023-11-26T00:39:48.321+0000] {processor.py:839} INFO - DAG(s) dict_keys(['example_short_circuit_operator']) retrieved from /home/airflow/.local/lib/python3.8/site-packages/airflow/example_dags/example_short_circuit_operator.py
[2023-11-26T00:39:48.345+0000] {logging_mixin.py:154} INFO - [2023-11-26T00:39:48.344+0000] {dag.py:2941} INFO - Sync 1 DAGs
[2023-11-26T00:39:48.368+0000] {logging_mixin.py:154} INFO - [2023-11-26T00:39:48.368+0000] {dag.py:3722} INFO - Setting next_dagrun for example_short_circuit_operator to 2023-11-25T00:39:48.368360+00:00, run_after=2023-11-26T00:39:48.368360+00:00
[2023-11-26T00:39:48.399+0000] {processor.py:179} INFO - Processing /home/airflow/.local/lib/python3.8/site-packages/airflow/example_dags/example_short_circuit_operator.py took 0.091 seconds
[2023-11-26T00:40:18.976+0000] {processor.py:157} INFO - Started process (PID=2400) to work on /home/airflow/.local/lib/python3.8/site-packages/airflow/example_dags/example_short_circuit_operator.py
[2023-11-26T00:40:18.977+0000] {processor.py:829} INFO - Processing file /home/airflow/.local/lib/python3.8/site-packages/airflow/example_dags/example_short_circuit_operator.py for tasks to queue
[2023-11-26T00:40:18.979+0000] {logging_mixin.py:154} INFO - [2023-11-26T00:40:18.979+0000] {dagbag.py:536} INFO - Filling up the DagBag from /home/airflow/.local/lib/python3.8/site-packages/airflow/example_dags/example_short_circuit_operator.py
[2023-11-26T00:40:18.985+0000] {processor.py:839} INFO - DAG(s) dict_keys(['example_short_circuit_operator']) retrieved from /home/airflow/.local/lib/python3.8/site-packages/airflow/example_dags/example_short_circuit_operator.py
[2023-11-26T00:40:19.006+0000] {logging_mixin.py:154} INFO - [2023-11-26T00:40:19.006+0000] {dag.py:2941} INFO - Sync 1 DAGs
[2023-11-26T00:40:19.026+0000] {logging_mixin.py:154} INFO - [2023-11-26T00:40:19.026+0000] {dag.py:3722} INFO - Setting next_dagrun for example_short_circuit_operator to 2023-11-25T00:40:19.026288+00:00, run_after=2023-11-26T00:40:19.026288+00:00
[2023-11-26T00:40:19.173+0000] {processor.py:179} INFO - Processing /home/airflow/.local/lib/python3.8/site-packages/airflow/example_dags/example_short_circuit_operator.py took 0.201 seconds
[2023-11-26T00:40:49.219+0000] {processor.py:157} INFO - Started process (PID=2454) to work on /home/airflow/.local/lib/python3.8/site-packages/airflow/example_dags/example_short_circuit_operator.py
[2023-11-26T00:40:49.220+0000] {processor.py:829} INFO - Processing file /home/airflow/.local/lib/python3.8/site-packages/airflow/example_dags/example_short_circuit_operator.py for tasks to queue
[2023-11-26T00:40:49.222+0000] {logging_mixin.py:154} INFO - [2023-11-26T00:40:49.222+0000] {dagbag.py:536} INFO - Filling up the DagBag from /home/airflow/.local/lib/python3.8/site-packages/airflow/example_dags/example_short_circuit_operator.py
[2023-11-26T00:40:49.228+0000] {processor.py:839} INFO - DAG(s) dict_keys(['example_short_circuit_operator']) retrieved from /home/airflow/.local/lib/python3.8/site-packages/airflow/example_dags/example_short_circuit_operator.py
[2023-11-26T00:40:49.253+0000] {logging_mixin.py:154} INFO - [2023-11-26T00:40:49.253+0000] {dag.py:2941} INFO - Sync 1 DAGs
[2023-11-26T00:40:49.272+0000] {logging_mixin.py:154} INFO - [2023-11-26T00:40:49.272+0000] {dag.py:3722} INFO - Setting next_dagrun for example_short_circuit_operator to 2023-11-25T00:40:49.272357+00:00, run_after=2023-11-26T00:40:49.272357+00:00
[2023-11-26T00:40:49.293+0000] {processor.py:179} INFO - Processing /home/airflow/.local/lib/python3.8/site-packages/airflow/example_dags/example_short_circuit_operator.py took 0.077 seconds
[2023-11-26T00:41:19.484+0000] {processor.py:157} INFO - Started process (PID=2508) to work on /home/airflow/.local/lib/python3.8/site-packages/airflow/example_dags/example_short_circuit_operator.py
[2023-11-26T00:41:19.485+0000] {processor.py:829} INFO - Processing file /home/airflow/.local/lib/python3.8/site-packages/airflow/example_dags/example_short_circuit_operator.py for tasks to queue
[2023-11-26T00:41:19.488+0000] {logging_mixin.py:154} INFO - [2023-11-26T00:41:19.488+0000] {dagbag.py:536} INFO - Filling up the DagBag from /home/airflow/.local/lib/python3.8/site-packages/airflow/example_dags/example_short_circuit_operator.py
[2023-11-26T00:41:19.498+0000] {processor.py:839} INFO - DAG(s) dict_keys(['example_short_circuit_operator']) retrieved from /home/airflow/.local/lib/python3.8/site-packages/airflow/example_dags/example_short_circuit_operator.py
[2023-11-26T00:41:19.538+0000] {logging_mixin.py:154} INFO - [2023-11-26T00:41:19.538+0000] {dag.py:2941} INFO - Sync 1 DAGs
[2023-11-26T00:41:19.562+0000] {logging_mixin.py:154} INFO - [2023-11-26T00:41:19.562+0000] {dag.py:3722} INFO - Setting next_dagrun for example_short_circuit_operator to 2023-11-25T00:41:19.562229+00:00, run_after=2023-11-26T00:41:19.562229+00:00
[2023-11-26T00:41:19.590+0000] {processor.py:179} INFO - Processing /home/airflow/.local/lib/python3.8/site-packages/airflow/example_dags/example_short_circuit_operator.py took 0.109 seconds
[2023-11-26T00:41:49.915+0000] {processor.py:157} INFO - Started process (PID=2562) to work on /home/airflow/.local/lib/python3.8/site-packages/airflow/example_dags/example_short_circuit_operator.py
[2023-11-26T00:41:49.916+0000] {processor.py:829} INFO - Processing file /home/airflow/.local/lib/python3.8/site-packages/airflow/example_dags/example_short_circuit_operator.py for tasks to queue
[2023-11-26T00:41:49.918+0000] {logging_mixin.py:154} INFO - [2023-11-26T00:41:49.918+0000] {dagbag.py:536} INFO - Filling up the DagBag from /home/airflow/.local/lib/python3.8/site-packages/airflow/example_dags/example_short_circuit_operator.py
[2023-11-26T00:41:49.925+0000] {processor.py:839} INFO - DAG(s) dict_keys(['example_short_circuit_operator']) retrieved from /home/airflow/.local/lib/python3.8/site-packages/airflow/example_dags/example_short_circuit_operator.py
[2023-11-26T00:41:49.946+0000] {logging_mixin.py:154} INFO - [2023-11-26T00:41:49.946+0000] {dag.py:2941} INFO - Sync 1 DAGs
[2023-11-26T00:41:50.077+0000] {logging_mixin.py:154} INFO - [2023-11-26T00:41:50.077+0000] {dag.py:3722} INFO - Setting next_dagrun for example_short_circuit_operator to 2023-11-25T00:41:50.077122+00:00, run_after=2023-11-26T00:41:50.077122+00:00
[2023-11-26T00:41:50.099+0000] {processor.py:179} INFO - Processing /home/airflow/.local/lib/python3.8/site-packages/airflow/example_dags/example_short_circuit_operator.py took 0.187 seconds
[2023-11-26T00:42:20.849+0000] {processor.py:157} INFO - Started process (PID=2616) to work on /home/airflow/.local/lib/python3.8/site-packages/airflow/example_dags/example_short_circuit_operator.py
[2023-11-26T00:42:20.851+0000] {processor.py:829} INFO - Processing file /home/airflow/.local/lib/python3.8/site-packages/airflow/example_dags/example_short_circuit_operator.py for tasks to queue
[2023-11-26T00:42:20.853+0000] {logging_mixin.py:154} INFO - [2023-11-26T00:42:20.853+0000] {dagbag.py:536} INFO - Filling up the DagBag from /home/airflow/.local/lib/python3.8/site-packages/airflow/example_dags/example_short_circuit_operator.py
[2023-11-26T00:42:20.861+0000] {processor.py:839} INFO - DAG(s) dict_keys(['example_short_circuit_operator']) retrieved from /home/airflow/.local/lib/python3.8/site-packages/airflow/example_dags/example_short_circuit_operator.py
[2023-11-26T00:42:20.886+0000] {logging_mixin.py:154} INFO - [2023-11-26T00:42:20.885+0000] {dag.py:2941} INFO - Sync 1 DAGs
[2023-11-26T00:42:20.907+0000] {logging_mixin.py:154} INFO - [2023-11-26T00:42:20.906+0000] {dag.py:3722} INFO - Setting next_dagrun for example_short_circuit_operator to 2023-11-25T00:42:20.906685+00:00, run_after=2023-11-26T00:42:20.906685+00:00
[2023-11-26T00:42:20.931+0000] {processor.py:179} INFO - Processing /home/airflow/.local/lib/python3.8/site-packages/airflow/example_dags/example_short_circuit_operator.py took 0.086 seconds
[2023-11-26T00:42:51.376+0000] {processor.py:157} INFO - Started process (PID=2670) to work on /home/airflow/.local/lib/python3.8/site-packages/airflow/example_dags/example_short_circuit_operator.py
[2023-11-26T00:42:51.378+0000] {processor.py:829} INFO - Processing file /home/airflow/.local/lib/python3.8/site-packages/airflow/example_dags/example_short_circuit_operator.py for tasks to queue
[2023-11-26T00:42:51.383+0000] {logging_mixin.py:154} INFO - [2023-11-26T00:42:51.382+0000] {dagbag.py:536} INFO - Filling up the DagBag from /home/airflow/.local/lib/python3.8/site-packages/airflow/example_dags/example_short_circuit_operator.py
[2023-11-26T00:42:51.402+0000] {processor.py:839} INFO - DAG(s) dict_keys(['example_short_circuit_operator']) retrieved from /home/airflow/.local/lib/python3.8/site-packages/airflow/example_dags/example_short_circuit_operator.py
[2023-11-26T00:42:51.452+0000] {logging_mixin.py:154} INFO - [2023-11-26T00:42:51.452+0000] {dag.py:2941} INFO - Sync 1 DAGs
[2023-11-26T00:42:51.503+0000] {logging_mixin.py:154} INFO - [2023-11-26T00:42:51.502+0000] {dag.py:3722} INFO - Setting next_dagrun for example_short_circuit_operator to 2023-11-25T00:42:51.501972+00:00, run_after=2023-11-26T00:42:51.501972+00:00
[2023-11-26T00:42:51.548+0000] {processor.py:179} INFO - Processing /home/airflow/.local/lib/python3.8/site-packages/airflow/example_dags/example_short_circuit_operator.py took 0.175 seconds
[2023-11-26T00:43:22.344+0000] {processor.py:157} INFO - Started process (PID=2724) to work on /home/airflow/.local/lib/python3.8/site-packages/airflow/example_dags/example_short_circuit_operator.py
[2023-11-26T00:43:22.345+0000] {processor.py:829} INFO - Processing file /home/airflow/.local/lib/python3.8/site-packages/airflow/example_dags/example_short_circuit_operator.py for tasks to queue
[2023-11-26T00:43:22.348+0000] {logging_mixin.py:154} INFO - [2023-11-26T00:43:22.348+0000] {dagbag.py:536} INFO - Filling up the DagBag from /home/airflow/.local/lib/python3.8/site-packages/airflow/example_dags/example_short_circuit_operator.py
[2023-11-26T00:43:22.354+0000] {processor.py:839} INFO - DAG(s) dict_keys(['example_short_circuit_operator']) retrieved from /home/airflow/.local/lib/python3.8/site-packages/airflow/example_dags/example_short_circuit_operator.py
[2023-11-26T00:43:22.376+0000] {logging_mixin.py:154} INFO - [2023-11-26T00:43:22.376+0000] {dag.py:2941} INFO - Sync 1 DAGs
[2023-11-26T00:43:22.495+0000] {logging_mixin.py:154} INFO - [2023-11-26T00:43:22.495+0000] {dag.py:3722} INFO - Setting next_dagrun for example_short_circuit_operator to 2023-11-25T00:43:22.495399+00:00, run_after=2023-11-26T00:43:22.495399+00:00
[2023-11-26T00:43:22.516+0000] {processor.py:179} INFO - Processing /home/airflow/.local/lib/python3.8/site-packages/airflow/example_dags/example_short_circuit_operator.py took 0.176 seconds
[2023-11-26T00:43:52.973+0000] {processor.py:157} INFO - Started process (PID=2778) to work on /home/airflow/.local/lib/python3.8/site-packages/airflow/example_dags/example_short_circuit_operator.py
[2023-11-26T00:43:52.974+0000] {processor.py:829} INFO - Processing file /home/airflow/.local/lib/python3.8/site-packages/airflow/example_dags/example_short_circuit_operator.py for tasks to queue
[2023-11-26T00:43:52.976+0000] {logging_mixin.py:154} INFO - [2023-11-26T00:43:52.976+0000] {dagbag.py:536} INFO - Filling up the DagBag from /home/airflow/.local/lib/python3.8/site-packages/airflow/example_dags/example_short_circuit_operator.py
[2023-11-26T00:43:52.983+0000] {processor.py:839} INFO - DAG(s) dict_keys(['example_short_circuit_operator']) retrieved from /home/airflow/.local/lib/python3.8/site-packages/airflow/example_dags/example_short_circuit_operator.py
[2023-11-26T00:43:53.006+0000] {logging_mixin.py:154} INFO - [2023-11-26T00:43:53.005+0000] {dag.py:2941} INFO - Sync 1 DAGs
[2023-11-26T00:43:53.024+0000] {logging_mixin.py:154} INFO - [2023-11-26T00:43:53.024+0000] {dag.py:3722} INFO - Setting next_dagrun for example_short_circuit_operator to 2023-11-25T00:43:53.024393+00:00, run_after=2023-11-26T00:43:53.024393+00:00
[2023-11-26T00:43:53.046+0000] {processor.py:179} INFO - Processing /home/airflow/.local/lib/python3.8/site-packages/airflow/example_dags/example_short_circuit_operator.py took 0.077 seconds
[2023-11-26T00:44:23.230+0000] {processor.py:157} INFO - Started process (PID=2832) to work on /home/airflow/.local/lib/python3.8/site-packages/airflow/example_dags/example_short_circuit_operator.py
[2023-11-26T00:44:23.232+0000] {processor.py:829} INFO - Processing file /home/airflow/.local/lib/python3.8/site-packages/airflow/example_dags/example_short_circuit_operator.py for tasks to queue
[2023-11-26T00:44:23.235+0000] {logging_mixin.py:154} INFO - [2023-11-26T00:44:23.235+0000] {dagbag.py:536} INFO - Filling up the DagBag from /home/airflow/.local/lib/python3.8/site-packages/airflow/example_dags/example_short_circuit_operator.py
[2023-11-26T00:44:23.244+0000] {processor.py:839} INFO - DAG(s) dict_keys(['example_short_circuit_operator']) retrieved from /home/airflow/.local/lib/python3.8/site-packages/airflow/example_dags/example_short_circuit_operator.py
[2023-11-26T00:44:23.271+0000] {logging_mixin.py:154} INFO - [2023-11-26T00:44:23.271+0000] {dag.py:2941} INFO - Sync 1 DAGs
[2023-11-26T00:44:23.297+0000] {logging_mixin.py:154} INFO - [2023-11-26T00:44:23.297+0000] {dag.py:3722} INFO - Setting next_dagrun for example_short_circuit_operator to 2023-11-25T00:44:23.297285+00:00, run_after=2023-11-26T00:44:23.297285+00:00
[2023-11-26T00:44:23.325+0000] {processor.py:179} INFO - Processing /home/airflow/.local/lib/python3.8/site-packages/airflow/example_dags/example_short_circuit_operator.py took 0.098 seconds
[2023-11-26T00:44:53.439+0000] {processor.py:157} INFO - Started process (PID=2886) to work on /home/airflow/.local/lib/python3.8/site-packages/airflow/example_dags/example_short_circuit_operator.py
[2023-11-26T00:44:53.441+0000] {processor.py:829} INFO - Processing file /home/airflow/.local/lib/python3.8/site-packages/airflow/example_dags/example_short_circuit_operator.py for tasks to queue
[2023-11-26T00:44:53.444+0000] {logging_mixin.py:154} INFO - [2023-11-26T00:44:53.443+0000] {dagbag.py:536} INFO - Filling up the DagBag from /home/airflow/.local/lib/python3.8/site-packages/airflow/example_dags/example_short_circuit_operator.py
[2023-11-26T00:44:53.450+0000] {processor.py:839} INFO - DAG(s) dict_keys(['example_short_circuit_operator']) retrieved from /home/airflow/.local/lib/python3.8/site-packages/airflow/example_dags/example_short_circuit_operator.py
[2023-11-26T00:44:53.476+0000] {logging_mixin.py:154} INFO - [2023-11-26T00:44:53.476+0000] {dag.py:2941} INFO - Sync 1 DAGs
[2023-11-26T00:44:53.497+0000] {logging_mixin.py:154} INFO - [2023-11-26T00:44:53.497+0000] {dag.py:3722} INFO - Setting next_dagrun for example_short_circuit_operator to 2023-11-25T00:44:53.497345+00:00, run_after=2023-11-26T00:44:53.497345+00:00
[2023-11-26T00:44:53.524+0000] {processor.py:179} INFO - Processing /home/airflow/.local/lib/python3.8/site-packages/airflow/example_dags/example_short_circuit_operator.py took 0.088 seconds
[2023-11-26T00:45:24.505+0000] {processor.py:157} INFO - Started process (PID=2940) to work on /home/airflow/.local/lib/python3.8/site-packages/airflow/example_dags/example_short_circuit_operator.py
[2023-11-26T00:45:24.508+0000] {processor.py:829} INFO - Processing file /home/airflow/.local/lib/python3.8/site-packages/airflow/example_dags/example_short_circuit_operator.py for tasks to queue
[2023-11-26T00:45:24.511+0000] {logging_mixin.py:154} INFO - [2023-11-26T00:45:24.510+0000] {dagbag.py:536} INFO - Filling up the DagBag from /home/airflow/.local/lib/python3.8/site-packages/airflow/example_dags/example_short_circuit_operator.py
[2023-11-26T00:45:24.520+0000] {processor.py:839} INFO - DAG(s) dict_keys(['example_short_circuit_operator']) retrieved from /home/airflow/.local/lib/python3.8/site-packages/airflow/example_dags/example_short_circuit_operator.py
[2023-11-26T00:45:24.560+0000] {logging_mixin.py:154} INFO - [2023-11-26T00:45:24.560+0000] {dag.py:2941} INFO - Sync 1 DAGs
[2023-11-26T00:45:24.601+0000] {logging_mixin.py:154} INFO - [2023-11-26T00:45:24.601+0000] {dag.py:3722} INFO - Setting next_dagrun for example_short_circuit_operator to 2023-11-25T00:45:24.600813+00:00, run_after=2023-11-26T00:45:24.600813+00:00
[2023-11-26T00:45:24.637+0000] {processor.py:179} INFO - Processing /home/airflow/.local/lib/python3.8/site-packages/airflow/example_dags/example_short_circuit_operator.py took 0.135 seconds
[2023-11-26T00:45:54.820+0000] {processor.py:157} INFO - Started process (PID=2994) to work on /home/airflow/.local/lib/python3.8/site-packages/airflow/example_dags/example_short_circuit_operator.py
[2023-11-26T00:45:54.821+0000] {processor.py:829} INFO - Processing file /home/airflow/.local/lib/python3.8/site-packages/airflow/example_dags/example_short_circuit_operator.py for tasks to queue
[2023-11-26T00:45:54.824+0000] {logging_mixin.py:154} INFO - [2023-11-26T00:45:54.824+0000] {dagbag.py:536} INFO - Filling up the DagBag from /home/airflow/.local/lib/python3.8/site-packages/airflow/example_dags/example_short_circuit_operator.py
[2023-11-26T00:45:54.835+0000] {processor.py:839} INFO - DAG(s) dict_keys(['example_short_circuit_operator']) retrieved from /home/airflow/.local/lib/python3.8/site-packages/airflow/example_dags/example_short_circuit_operator.py
[2023-11-26T00:45:54.868+0000] {logging_mixin.py:154} INFO - [2023-11-26T00:45:54.868+0000] {dag.py:2941} INFO - Sync 1 DAGs
[2023-11-26T00:45:54.897+0000] {logging_mixin.py:154} INFO - [2023-11-26T00:45:54.897+0000] {dag.py:3722} INFO - Setting next_dagrun for example_short_circuit_operator to 2023-11-25T00:45:54.896755+00:00, run_after=2023-11-26T00:45:54.896755+00:00
[2023-11-26T00:45:54.928+0000] {processor.py:179} INFO - Processing /home/airflow/.local/lib/python3.8/site-packages/airflow/example_dags/example_short_circuit_operator.py took 0.112 seconds
[2023-11-26T00:46:25.147+0000] {processor.py:157} INFO - Started process (PID=3048) to work on /home/airflow/.local/lib/python3.8/site-packages/airflow/example_dags/example_short_circuit_operator.py
[2023-11-26T00:46:25.149+0000] {processor.py:829} INFO - Processing file /home/airflow/.local/lib/python3.8/site-packages/airflow/example_dags/example_short_circuit_operator.py for tasks to queue
[2023-11-26T00:46:25.152+0000] {logging_mixin.py:154} INFO - [2023-11-26T00:46:25.151+0000] {dagbag.py:536} INFO - Filling up the DagBag from /home/airflow/.local/lib/python3.8/site-packages/airflow/example_dags/example_short_circuit_operator.py
[2023-11-26T00:46:25.160+0000] {processor.py:839} INFO - DAG(s) dict_keys(['example_short_circuit_operator']) retrieved from /home/airflow/.local/lib/python3.8/site-packages/airflow/example_dags/example_short_circuit_operator.py
[2023-11-26T00:46:25.188+0000] {logging_mixin.py:154} INFO - [2023-11-26T00:46:25.188+0000] {dag.py:2941} INFO - Sync 1 DAGs
[2023-11-26T00:46:25.214+0000] {logging_mixin.py:154} INFO - [2023-11-26T00:46:25.214+0000] {dag.py:3722} INFO - Setting next_dagrun for example_short_circuit_operator to 2023-11-25T00:46:25.214369+00:00, run_after=2023-11-26T00:46:25.214369+00:00
[2023-11-26T00:46:25.246+0000] {processor.py:179} INFO - Processing /home/airflow/.local/lib/python3.8/site-packages/airflow/example_dags/example_short_circuit_operator.py took 0.102 seconds
[2023-11-26T00:46:55.544+0000] {processor.py:157} INFO - Started process (PID=3103) to work on /home/airflow/.local/lib/python3.8/site-packages/airflow/example_dags/example_short_circuit_operator.py
[2023-11-26T00:46:55.546+0000] {processor.py:829} INFO - Processing file /home/airflow/.local/lib/python3.8/site-packages/airflow/example_dags/example_short_circuit_operator.py for tasks to queue
[2023-11-26T00:46:55.563+0000] {logging_mixin.py:154} INFO - [2023-11-26T00:46:55.560+0000] {dagbag.py:536} INFO - Filling up the DagBag from /home/airflow/.local/lib/python3.8/site-packages/airflow/example_dags/example_short_circuit_operator.py
[2023-11-26T00:46:55.588+0000] {processor.py:839} INFO - DAG(s) dict_keys(['example_short_circuit_operator']) retrieved from /home/airflow/.local/lib/python3.8/site-packages/airflow/example_dags/example_short_circuit_operator.py
[2023-11-26T00:46:55.649+0000] {logging_mixin.py:154} INFO - [2023-11-26T00:46:55.649+0000] {dag.py:2941} INFO - Sync 1 DAGs
[2023-11-26T00:46:55.691+0000] {logging_mixin.py:154} INFO - [2023-11-26T00:46:55.691+0000] {dag.py:3722} INFO - Setting next_dagrun for example_short_circuit_operator to 2023-11-25T00:46:55.691153+00:00, run_after=2023-11-26T00:46:55.691153+00:00
[2023-11-26T00:46:55.760+0000] {processor.py:179} INFO - Processing /home/airflow/.local/lib/python3.8/site-packages/airflow/example_dags/example_short_circuit_operator.py took 0.222 seconds
[2023-11-26T00:47:26.302+0000] {processor.py:157} INFO - Started process (PID=3157) to work on /home/airflow/.local/lib/python3.8/site-packages/airflow/example_dags/example_short_circuit_operator.py
[2023-11-26T00:47:26.305+0000] {processor.py:829} INFO - Processing file /home/airflow/.local/lib/python3.8/site-packages/airflow/example_dags/example_short_circuit_operator.py for tasks to queue
[2023-11-26T00:47:26.308+0000] {logging_mixin.py:154} INFO - [2023-11-26T00:47:26.308+0000] {dagbag.py:536} INFO - Filling up the DagBag from /home/airflow/.local/lib/python3.8/site-packages/airflow/example_dags/example_short_circuit_operator.py
[2023-11-26T00:47:26.321+0000] {processor.py:839} INFO - DAG(s) dict_keys(['example_short_circuit_operator']) retrieved from /home/airflow/.local/lib/python3.8/site-packages/airflow/example_dags/example_short_circuit_operator.py
[2023-11-26T00:47:26.381+0000] {logging_mixin.py:154} INFO - [2023-11-26T00:47:26.381+0000] {dag.py:2941} INFO - Sync 1 DAGs
[2023-11-26T00:47:26.425+0000] {logging_mixin.py:154} INFO - [2023-11-26T00:47:26.425+0000] {dag.py:3722} INFO - Setting next_dagrun for example_short_circuit_operator to 2023-11-25T00:47:26.425370+00:00, run_after=2023-11-26T00:47:26.425370+00:00
[2023-11-26T00:47:26.480+0000] {processor.py:179} INFO - Processing /home/airflow/.local/lib/python3.8/site-packages/airflow/example_dags/example_short_circuit_operator.py took 0.187 seconds
[2023-11-26T00:47:57.256+0000] {processor.py:157} INFO - Started process (PID=3210) to work on /home/airflow/.local/lib/python3.8/site-packages/airflow/example_dags/example_short_circuit_operator.py
[2023-11-26T00:47:57.259+0000] {processor.py:829} INFO - Processing file /home/airflow/.local/lib/python3.8/site-packages/airflow/example_dags/example_short_circuit_operator.py for tasks to queue
[2023-11-26T00:47:57.269+0000] {logging_mixin.py:154} INFO - [2023-11-26T00:47:57.267+0000] {dagbag.py:536} INFO - Filling up the DagBag from /home/airflow/.local/lib/python3.8/site-packages/airflow/example_dags/example_short_circuit_operator.py
[2023-11-26T00:47:57.281+0000] {processor.py:839} INFO - DAG(s) dict_keys(['example_short_circuit_operator']) retrieved from /home/airflow/.local/lib/python3.8/site-packages/airflow/example_dags/example_short_circuit_operator.py
[2023-11-26T00:47:57.338+0000] {logging_mixin.py:154} INFO - [2023-11-26T00:47:57.338+0000] {dag.py:2941} INFO - Sync 1 DAGs
[2023-11-26T00:47:57.377+0000] {logging_mixin.py:154} INFO - [2023-11-26T00:47:57.377+0000] {dag.py:3722} INFO - Setting next_dagrun for example_short_circuit_operator to 2023-11-25T00:47:57.377175+00:00, run_after=2023-11-26T00:47:57.377175+00:00
[2023-11-26T00:47:57.436+0000] {processor.py:179} INFO - Processing /home/airflow/.local/lib/python3.8/site-packages/airflow/example_dags/example_short_circuit_operator.py took 0.185 seconds
[2023-11-26T00:48:27.838+0000] {processor.py:157} INFO - Started process (PID=3264) to work on /home/airflow/.local/lib/python3.8/site-packages/airflow/example_dags/example_short_circuit_operator.py
[2023-11-26T00:48:27.842+0000] {processor.py:829} INFO - Processing file /home/airflow/.local/lib/python3.8/site-packages/airflow/example_dags/example_short_circuit_operator.py for tasks to queue
[2023-11-26T00:48:27.851+0000] {logging_mixin.py:154} INFO - [2023-11-26T00:48:27.851+0000] {dagbag.py:536} INFO - Filling up the DagBag from /home/airflow/.local/lib/python3.8/site-packages/airflow/example_dags/example_short_circuit_operator.py
[2023-11-26T00:48:27.867+0000] {processor.py:839} INFO - DAG(s) dict_keys(['example_short_circuit_operator']) retrieved from /home/airflow/.local/lib/python3.8/site-packages/airflow/example_dags/example_short_circuit_operator.py
[2023-11-26T00:48:27.975+0000] {logging_mixin.py:154} INFO - [2023-11-26T00:48:27.974+0000] {dag.py:2941} INFO - Sync 1 DAGs
[2023-11-26T00:48:28.041+0000] {logging_mixin.py:154} INFO - [2023-11-26T00:48:28.040+0000] {dag.py:3722} INFO - Setting next_dagrun for example_short_circuit_operator to 2023-11-25T00:48:28.040155+00:00, run_after=2023-11-26T00:48:28.040155+00:00
[2023-11-26T00:48:28.135+0000] {processor.py:179} INFO - Processing /home/airflow/.local/lib/python3.8/site-packages/airflow/example_dags/example_short_circuit_operator.py took 0.303 seconds
[2023-11-26T00:48:58.286+0000] {processor.py:157} INFO - Started process (PID=3317) to work on /home/airflow/.local/lib/python3.8/site-packages/airflow/example_dags/example_short_circuit_operator.py
[2023-11-26T00:48:58.287+0000] {processor.py:829} INFO - Processing file /home/airflow/.local/lib/python3.8/site-packages/airflow/example_dags/example_short_circuit_operator.py for tasks to queue
[2023-11-26T00:48:58.291+0000] {logging_mixin.py:154} INFO - [2023-11-26T00:48:58.290+0000] {dagbag.py:536} INFO - Filling up the DagBag from /home/airflow/.local/lib/python3.8/site-packages/airflow/example_dags/example_short_circuit_operator.py
[2023-11-26T00:48:58.300+0000] {processor.py:839} INFO - DAG(s) dict_keys(['example_short_circuit_operator']) retrieved from /home/airflow/.local/lib/python3.8/site-packages/airflow/example_dags/example_short_circuit_operator.py
[2023-11-26T00:48:58.330+0000] {logging_mixin.py:154} INFO - [2023-11-26T00:48:58.329+0000] {dag.py:2941} INFO - Sync 1 DAGs
[2023-11-26T00:48:58.358+0000] {logging_mixin.py:154} INFO - [2023-11-26T00:48:58.357+0000] {dag.py:3722} INFO - Setting next_dagrun for example_short_circuit_operator to 2023-11-25T00:48:58.357354+00:00, run_after=2023-11-26T00:48:58.357354+00:00
[2023-11-26T00:48:58.421+0000] {processor.py:179} INFO - Processing /home/airflow/.local/lib/python3.8/site-packages/airflow/example_dags/example_short_circuit_operator.py took 0.139 seconds
[2023-11-26T00:49:29.466+0000] {processor.py:157} INFO - Started process (PID=3371) to work on /home/airflow/.local/lib/python3.8/site-packages/airflow/example_dags/example_short_circuit_operator.py
[2023-11-26T00:49:29.470+0000] {processor.py:829} INFO - Processing file /home/airflow/.local/lib/python3.8/site-packages/airflow/example_dags/example_short_circuit_operator.py for tasks to queue
[2023-11-26T00:49:29.475+0000] {logging_mixin.py:154} INFO - [2023-11-26T00:49:29.474+0000] {dagbag.py:536} INFO - Filling up the DagBag from /home/airflow/.local/lib/python3.8/site-packages/airflow/example_dags/example_short_circuit_operator.py
[2023-11-26T00:49:29.487+0000] {processor.py:839} INFO - DAG(s) dict_keys(['example_short_circuit_operator']) retrieved from /home/airflow/.local/lib/python3.8/site-packages/airflow/example_dags/example_short_circuit_operator.py
[2023-11-26T00:49:29.551+0000] {logging_mixin.py:154} INFO - [2023-11-26T00:49:29.551+0000] {dag.py:2941} INFO - Sync 1 DAGs
[2023-11-26T00:49:29.590+0000] {logging_mixin.py:154} INFO - [2023-11-26T00:49:29.589+0000] {dag.py:3722} INFO - Setting next_dagrun for example_short_circuit_operator to 2023-11-25T00:49:29.588938+00:00, run_after=2023-11-26T00:49:29.588938+00:00
[2023-11-26T00:49:29.643+0000] {processor.py:179} INFO - Processing /home/airflow/.local/lib/python3.8/site-packages/airflow/example_dags/example_short_circuit_operator.py took 0.182 seconds
[2023-11-26T00:50:00.109+0000] {processor.py:157} INFO - Started process (PID=3431) to work on /home/airflow/.local/lib/python3.8/site-packages/airflow/example_dags/example_short_circuit_operator.py
[2023-11-26T00:50:00.112+0000] {processor.py:829} INFO - Processing file /home/airflow/.local/lib/python3.8/site-packages/airflow/example_dags/example_short_circuit_operator.py for tasks to queue
[2023-11-26T00:50:00.116+0000] {logging_mixin.py:154} INFO - [2023-11-26T00:50:00.115+0000] {dagbag.py:536} INFO - Filling up the DagBag from /home/airflow/.local/lib/python3.8/site-packages/airflow/example_dags/example_short_circuit_operator.py
[2023-11-26T00:50:00.131+0000] {processor.py:839} INFO - DAG(s) dict_keys(['example_short_circuit_operator']) retrieved from /home/airflow/.local/lib/python3.8/site-packages/airflow/example_dags/example_short_circuit_operator.py
[2023-11-26T00:50:00.202+0000] {logging_mixin.py:154} INFO - [2023-11-26T00:50:00.201+0000] {dag.py:2941} INFO - Sync 1 DAGs
[2023-11-26T00:50:00.245+0000] {logging_mixin.py:154} INFO - [2023-11-26T00:50:00.245+0000] {dag.py:3722} INFO - Setting next_dagrun for example_short_circuit_operator to 2023-11-25T00:50:00.245208+00:00, run_after=2023-11-26T00:50:00.245208+00:00
[2023-11-26T00:50:00.309+0000] {processor.py:179} INFO - Processing /home/airflow/.local/lib/python3.8/site-packages/airflow/example_dags/example_short_circuit_operator.py took 0.205 seconds
[2023-11-26T00:50:31.205+0000] {processor.py:157} INFO - Started process (PID=3485) to work on /home/airflow/.local/lib/python3.8/site-packages/airflow/example_dags/example_short_circuit_operator.py
[2023-11-26T00:50:31.207+0000] {processor.py:829} INFO - Processing file /home/airflow/.local/lib/python3.8/site-packages/airflow/example_dags/example_short_circuit_operator.py for tasks to queue
[2023-11-26T00:50:31.214+0000] {logging_mixin.py:154} INFO - [2023-11-26T00:50:31.213+0000] {dagbag.py:536} INFO - Filling up the DagBag from /home/airflow/.local/lib/python3.8/site-packages/airflow/example_dags/example_short_circuit_operator.py
[2023-11-26T00:50:31.228+0000] {processor.py:839} INFO - DAG(s) dict_keys(['example_short_circuit_operator']) retrieved from /home/airflow/.local/lib/python3.8/site-packages/airflow/example_dags/example_short_circuit_operator.py
[2023-11-26T00:50:31.273+0000] {logging_mixin.py:154} INFO - [2023-11-26T00:50:31.273+0000] {dag.py:2941} INFO - Sync 1 DAGs
[2023-11-26T00:50:31.305+0000] {logging_mixin.py:154} INFO - [2023-11-26T00:50:31.304+0000] {dag.py:3722} INFO - Setting next_dagrun for example_short_circuit_operator to 2023-11-25T00:50:31.303865+00:00, run_after=2023-11-26T00:50:31.303865+00:00
[2023-11-26T00:50:31.345+0000] {processor.py:179} INFO - Processing /home/airflow/.local/lib/python3.8/site-packages/airflow/example_dags/example_short_circuit_operator.py took 0.144 seconds
[2023-11-26T00:51:01.674+0000] {processor.py:157} INFO - Started process (PID=3539) to work on /home/airflow/.local/lib/python3.8/site-packages/airflow/example_dags/example_short_circuit_operator.py
[2023-11-26T00:51:01.676+0000] {processor.py:829} INFO - Processing file /home/airflow/.local/lib/python3.8/site-packages/airflow/example_dags/example_short_circuit_operator.py for tasks to queue
[2023-11-26T00:51:01.680+0000] {logging_mixin.py:154} INFO - [2023-11-26T00:51:01.679+0000] {dagbag.py:536} INFO - Filling up the DagBag from /home/airflow/.local/lib/python3.8/site-packages/airflow/example_dags/example_short_circuit_operator.py
[2023-11-26T00:51:01.695+0000] {processor.py:839} INFO - DAG(s) dict_keys(['example_short_circuit_operator']) retrieved from /home/airflow/.local/lib/python3.8/site-packages/airflow/example_dags/example_short_circuit_operator.py
[2023-11-26T00:51:01.742+0000] {logging_mixin.py:154} INFO - [2023-11-26T00:51:01.741+0000] {dag.py:2941} INFO - Sync 1 DAGs
[2023-11-26T00:51:01.779+0000] {logging_mixin.py:154} INFO - [2023-11-26T00:51:01.779+0000] {dag.py:3722} INFO - Setting next_dagrun for example_short_circuit_operator to 2023-11-25T00:51:01.778591+00:00, run_after=2023-11-26T00:51:01.778591+00:00
[2023-11-26T00:51:01.822+0000] {processor.py:179} INFO - Processing /home/airflow/.local/lib/python3.8/site-packages/airflow/example_dags/example_short_circuit_operator.py took 0.152 seconds
[2023-11-26T00:51:31.957+0000] {processor.py:157} INFO - Started process (PID=3593) to work on /home/airflow/.local/lib/python3.8/site-packages/airflow/example_dags/example_short_circuit_operator.py
[2023-11-26T00:51:31.960+0000] {processor.py:829} INFO - Processing file /home/airflow/.local/lib/python3.8/site-packages/airflow/example_dags/example_short_circuit_operator.py for tasks to queue
[2023-11-26T00:51:31.964+0000] {logging_mixin.py:154} INFO - [2023-11-26T00:51:31.964+0000] {dagbag.py:536} INFO - Filling up the DagBag from /home/airflow/.local/lib/python3.8/site-packages/airflow/example_dags/example_short_circuit_operator.py
[2023-11-26T00:51:31.981+0000] {processor.py:839} INFO - DAG(s) dict_keys(['example_short_circuit_operator']) retrieved from /home/airflow/.local/lib/python3.8/site-packages/airflow/example_dags/example_short_circuit_operator.py
[2023-11-26T00:51:32.022+0000] {logging_mixin.py:154} INFO - [2023-11-26T00:51:32.022+0000] {dag.py:2941} INFO - Sync 1 DAGs
[2023-11-26T00:51:32.063+0000] {logging_mixin.py:154} INFO - [2023-11-26T00:51:32.062+0000] {dag.py:3722} INFO - Setting next_dagrun for example_short_circuit_operator to 2023-11-25T00:51:32.062621+00:00, run_after=2023-11-26T00:51:32.062621+00:00
[2023-11-26T00:51:32.111+0000] {processor.py:179} INFO - Processing /home/airflow/.local/lib/python3.8/site-packages/airflow/example_dags/example_short_circuit_operator.py took 0.158 seconds
[2023-11-26T00:52:02.372+0000] {processor.py:157} INFO - Started process (PID=3647) to work on /home/airflow/.local/lib/python3.8/site-packages/airflow/example_dags/example_short_circuit_operator.py
[2023-11-26T00:52:02.374+0000] {processor.py:829} INFO - Processing file /home/airflow/.local/lib/python3.8/site-packages/airflow/example_dags/example_short_circuit_operator.py for tasks to queue
[2023-11-26T00:52:02.377+0000] {logging_mixin.py:154} INFO - [2023-11-26T00:52:02.377+0000] {dagbag.py:536} INFO - Filling up the DagBag from /home/airflow/.local/lib/python3.8/site-packages/airflow/example_dags/example_short_circuit_operator.py
[2023-11-26T00:52:02.392+0000] {processor.py:839} INFO - DAG(s) dict_keys(['example_short_circuit_operator']) retrieved from /home/airflow/.local/lib/python3.8/site-packages/airflow/example_dags/example_short_circuit_operator.py
[2023-11-26T00:52:02.433+0000] {logging_mixin.py:154} INFO - [2023-11-26T00:52:02.433+0000] {dag.py:2941} INFO - Sync 1 DAGs
[2023-11-26T00:52:02.455+0000] {logging_mixin.py:154} INFO - [2023-11-26T00:52:02.455+0000] {dag.py:3722} INFO - Setting next_dagrun for example_short_circuit_operator to 2023-11-25T00:52:02.454759+00:00, run_after=2023-11-26T00:52:02.454759+00:00
[2023-11-26T00:52:02.483+0000] {processor.py:179} INFO - Processing /home/airflow/.local/lib/python3.8/site-packages/airflow/example_dags/example_short_circuit_operator.py took 0.122 seconds
[2023-11-26T00:52:32.562+0000] {processor.py:157} INFO - Started process (PID=3702) to work on /home/airflow/.local/lib/python3.8/site-packages/airflow/example_dags/example_short_circuit_operator.py
[2023-11-26T00:52:32.564+0000] {processor.py:829} INFO - Processing file /home/airflow/.local/lib/python3.8/site-packages/airflow/example_dags/example_short_circuit_operator.py for tasks to queue
[2023-11-26T00:52:32.568+0000] {logging_mixin.py:154} INFO - [2023-11-26T00:52:32.567+0000] {dagbag.py:536} INFO - Filling up the DagBag from /home/airflow/.local/lib/python3.8/site-packages/airflow/example_dags/example_short_circuit_operator.py
[2023-11-26T00:52:32.582+0000] {processor.py:839} INFO - DAG(s) dict_keys(['example_short_circuit_operator']) retrieved from /home/airflow/.local/lib/python3.8/site-packages/airflow/example_dags/example_short_circuit_operator.py
[2023-11-26T00:52:32.620+0000] {logging_mixin.py:154} INFO - [2023-11-26T00:52:32.619+0000] {dag.py:2941} INFO - Sync 1 DAGs
[2023-11-26T00:52:32.656+0000] {logging_mixin.py:154} INFO - [2023-11-26T00:52:32.655+0000] {dag.py:3722} INFO - Setting next_dagrun for example_short_circuit_operator to 2023-11-25T00:52:32.655641+00:00, run_after=2023-11-26T00:52:32.655641+00:00
[2023-11-26T00:52:32.690+0000] {processor.py:179} INFO - Processing /home/airflow/.local/lib/python3.8/site-packages/airflow/example_dags/example_short_circuit_operator.py took 0.133 seconds
