[2023-11-26T00:16:02.233+0000] {processor.py:157} INFO - Started process (PID=90) to work on /home/airflow/.local/lib/python3.8/site-packages/airflow/example_dags/tutorial.py
[2023-11-26T00:16:02.250+0000] {processor.py:829} INFO - Processing file /home/airflow/.local/lib/python3.8/site-packages/airflow/example_dags/tutorial.py for tasks to queue
[2023-11-26T00:16:02.279+0000] {logging_mixin.py:154} INFO - [2023-11-26T00:16:02.278+0000] {dagbag.py:536} INFO - Filling up the DagBag from /home/airflow/.local/lib/python3.8/site-packages/airflow/example_dags/tutorial.py
[2023-11-26T00:16:02.454+0000] {processor.py:839} INFO - DAG(s) dict_keys(['tutorial']) retrieved from /home/airflow/.local/lib/python3.8/site-packages/airflow/example_dags/tutorial.py
[2023-11-26T00:16:02.789+0000] {logging_mixin.py:154} INFO - [2023-11-26T00:16:02.788+0000] {dag.py:2941} INFO - Sync 1 DAGs
[2023-11-26T00:16:03.019+0000] {logging_mixin.py:154} INFO - [2023-11-26T00:16:03.012+0000] {dag.py:3722} INFO - Setting next_dagrun for tutorial to 2023-11-25T00:16:03.011034+00:00, run_after=2023-11-26T00:16:03.011034+00:00
[2023-11-26T00:16:06.264+0000] {logging_mixin.py:154} INFO - [2023-11-26T00:16:06.262+0000] {process_utils.py:259} INFO - Waiting up to 5 seconds for processes to exit...
[2023-11-26T00:16:47.528+0000] {processor.py:157} INFO - Started process (PID=68) to work on /home/airflow/.local/lib/python3.8/site-packages/airflow/example_dags/tutorial.py
[2023-11-26T00:16:47.530+0000] {processor.py:829} INFO - Processing file /home/airflow/.local/lib/python3.8/site-packages/airflow/example_dags/tutorial.py for tasks to queue
[2023-11-26T00:16:47.542+0000] {logging_mixin.py:154} INFO - [2023-11-26T00:16:47.540+0000] {dagbag.py:536} INFO - Filling up the DagBag from /home/airflow/.local/lib/python3.8/site-packages/airflow/example_dags/tutorial.py
[2023-11-26T00:16:47.563+0000] {processor.py:839} INFO - DAG(s) dict_keys(['tutorial']) retrieved from /home/airflow/.local/lib/python3.8/site-packages/airflow/example_dags/tutorial.py
[2023-11-26T00:16:47.624+0000] {logging_mixin.py:154} INFO - [2023-11-26T00:16:47.623+0000] {dag.py:2941} INFO - Sync 1 DAGs
[2023-11-26T00:16:47.716+0000] {logging_mixin.py:154} INFO - [2023-11-26T00:16:47.716+0000] {dag.py:3722} INFO - Setting next_dagrun for tutorial to 2023-11-25T00:16:47.715721+00:00, run_after=2023-11-26T00:16:47.715721+00:00
[2023-11-26T00:16:47.779+0000] {processor.py:179} INFO - Processing /home/airflow/.local/lib/python3.8/site-packages/airflow/example_dags/tutorial.py took 0.256 seconds
[2023-11-26T00:18:11.059+0000] {processor.py:157} INFO - Started process (PID=69) to work on /home/airflow/.local/lib/python3.8/site-packages/airflow/example_dags/tutorial.py
[2023-11-26T00:18:11.073+0000] {processor.py:829} INFO - Processing file /home/airflow/.local/lib/python3.8/site-packages/airflow/example_dags/tutorial.py for tasks to queue
[2023-11-26T00:18:11.100+0000] {logging_mixin.py:154} INFO - [2023-11-26T00:18:11.099+0000] {dagbag.py:536} INFO - Filling up the DagBag from /home/airflow/.local/lib/python3.8/site-packages/airflow/example_dags/tutorial.py
[2023-11-26T00:18:11.202+0000] {processor.py:839} INFO - DAG(s) dict_keys(['tutorial']) retrieved from /home/airflow/.local/lib/python3.8/site-packages/airflow/example_dags/tutorial.py
[2023-11-26T00:18:11.523+0000] {logging_mixin.py:154} INFO - [2023-11-26T00:18:11.522+0000] {dag.py:2941} INFO - Sync 1 DAGs
[2023-11-26T00:18:11.785+0000] {logging_mixin.py:154} INFO - [2023-11-26T00:18:11.785+0000] {dag.py:3722} INFO - Setting next_dagrun for tutorial to 2023-11-25T00:18:11.783265+00:00, run_after=2023-11-26T00:18:11.783265+00:00
[2023-11-26T00:18:12.053+0000] {processor.py:179} INFO - Processing /home/airflow/.local/lib/python3.8/site-packages/airflow/example_dags/tutorial.py took 1.030 seconds
[2023-11-26T00:18:42.614+0000] {processor.py:157} INFO - Started process (PID=123) to work on /home/airflow/.local/lib/python3.8/site-packages/airflow/example_dags/tutorial.py
[2023-11-26T00:18:42.623+0000] {processor.py:829} INFO - Processing file /home/airflow/.local/lib/python3.8/site-packages/airflow/example_dags/tutorial.py for tasks to queue
[2023-11-26T00:18:42.632+0000] {logging_mixin.py:154} INFO - [2023-11-26T00:18:42.630+0000] {dagbag.py:536} INFO - Filling up the DagBag from /home/airflow/.local/lib/python3.8/site-packages/airflow/example_dags/tutorial.py
[2023-11-26T00:18:42.675+0000] {processor.py:839} INFO - DAG(s) dict_keys(['tutorial']) retrieved from /home/airflow/.local/lib/python3.8/site-packages/airflow/example_dags/tutorial.py
[2023-11-26T00:18:42.774+0000] {logging_mixin.py:154} INFO - [2023-11-26T00:18:42.773+0000] {dag.py:2941} INFO - Sync 1 DAGs
[2023-11-26T00:18:42.921+0000] {logging_mixin.py:154} INFO - [2023-11-26T00:18:42.920+0000] {dag.py:3722} INFO - Setting next_dagrun for tutorial to 2023-11-25T00:18:42.919501+00:00, run_after=2023-11-26T00:18:42.919501+00:00
[2023-11-26T00:18:43.059+0000] {processor.py:179} INFO - Processing /home/airflow/.local/lib/python3.8/site-packages/airflow/example_dags/tutorial.py took 0.454 seconds
[2023-11-26T00:19:13.619+0000] {processor.py:157} INFO - Started process (PID=177) to work on /home/airflow/.local/lib/python3.8/site-packages/airflow/example_dags/tutorial.py
[2023-11-26T00:19:13.623+0000] {processor.py:829} INFO - Processing file /home/airflow/.local/lib/python3.8/site-packages/airflow/example_dags/tutorial.py for tasks to queue
[2023-11-26T00:19:13.640+0000] {logging_mixin.py:154} INFO - [2023-11-26T00:19:13.640+0000] {dagbag.py:536} INFO - Filling up the DagBag from /home/airflow/.local/lib/python3.8/site-packages/airflow/example_dags/tutorial.py
[2023-11-26T00:19:13.681+0000] {processor.py:839} INFO - DAG(s) dict_keys(['tutorial']) retrieved from /home/airflow/.local/lib/python3.8/site-packages/airflow/example_dags/tutorial.py
[2023-11-26T00:19:13.758+0000] {logging_mixin.py:154} INFO - [2023-11-26T00:19:13.757+0000] {dag.py:2941} INFO - Sync 1 DAGs
[2023-11-26T00:19:13.917+0000] {logging_mixin.py:154} INFO - [2023-11-26T00:19:13.908+0000] {dag.py:3722} INFO - Setting next_dagrun for tutorial to 2023-11-25T00:19:13.905444+00:00, run_after=2023-11-26T00:19:13.905444+00:00
[2023-11-26T00:19:14.071+0000] {processor.py:179} INFO - Processing /home/airflow/.local/lib/python3.8/site-packages/airflow/example_dags/tutorial.py took 0.467 seconds
[2023-11-26T00:19:44.434+0000] {processor.py:157} INFO - Started process (PID=231) to work on /home/airflow/.local/lib/python3.8/site-packages/airflow/example_dags/tutorial.py
[2023-11-26T00:19:44.445+0000] {processor.py:829} INFO - Processing file /home/airflow/.local/lib/python3.8/site-packages/airflow/example_dags/tutorial.py for tasks to queue
[2023-11-26T00:19:44.468+0000] {logging_mixin.py:154} INFO - [2023-11-26T00:19:44.464+0000] {dagbag.py:536} INFO - Filling up the DagBag from /home/airflow/.local/lib/python3.8/site-packages/airflow/example_dags/tutorial.py
[2023-11-26T00:19:44.501+0000] {processor.py:839} INFO - DAG(s) dict_keys(['tutorial']) retrieved from /home/airflow/.local/lib/python3.8/site-packages/airflow/example_dags/tutorial.py
[2023-11-26T00:19:44.635+0000] {logging_mixin.py:154} INFO - [2023-11-26T00:19:44.633+0000] {dag.py:2941} INFO - Sync 1 DAGs
[2023-11-26T00:19:44.752+0000] {logging_mixin.py:154} INFO - [2023-11-26T00:19:44.750+0000] {dag.py:3722} INFO - Setting next_dagrun for tutorial to 2023-11-25T00:19:44.748178+00:00, run_after=2023-11-26T00:19:44.748178+00:00
[2023-11-26T00:19:44.884+0000] {processor.py:179} INFO - Processing /home/airflow/.local/lib/python3.8/site-packages/airflow/example_dags/tutorial.py took 0.473 seconds
[2023-11-26T00:20:15.449+0000] {processor.py:157} INFO - Started process (PID=285) to work on /home/airflow/.local/lib/python3.8/site-packages/airflow/example_dags/tutorial.py
[2023-11-26T00:20:15.454+0000] {processor.py:829} INFO - Processing file /home/airflow/.local/lib/python3.8/site-packages/airflow/example_dags/tutorial.py for tasks to queue
[2023-11-26T00:20:15.471+0000] {logging_mixin.py:154} INFO - [2023-11-26T00:20:15.469+0000] {dagbag.py:536} INFO - Filling up the DagBag from /home/airflow/.local/lib/python3.8/site-packages/airflow/example_dags/tutorial.py
[2023-11-26T00:20:15.501+0000] {processor.py:839} INFO - DAG(s) dict_keys(['tutorial']) retrieved from /home/airflow/.local/lib/python3.8/site-packages/airflow/example_dags/tutorial.py
[2023-11-26T00:20:15.596+0000] {logging_mixin.py:154} INFO - [2023-11-26T00:20:15.595+0000] {dag.py:2941} INFO - Sync 1 DAGs
[2023-11-26T00:20:15.716+0000] {logging_mixin.py:154} INFO - [2023-11-26T00:20:15.715+0000] {dag.py:3722} INFO - Setting next_dagrun for tutorial to 2023-11-25T00:20:15.714543+00:00, run_after=2023-11-26T00:20:15.714543+00:00
[2023-11-26T00:20:15.813+0000] {processor.py:179} INFO - Processing /home/airflow/.local/lib/python3.8/site-packages/airflow/example_dags/tutorial.py took 0.387 seconds
[2023-11-26T00:20:46.277+0000] {processor.py:157} INFO - Started process (PID=339) to work on /home/airflow/.local/lib/python3.8/site-packages/airflow/example_dags/tutorial.py
[2023-11-26T00:20:46.286+0000] {processor.py:829} INFO - Processing file /home/airflow/.local/lib/python3.8/site-packages/airflow/example_dags/tutorial.py for tasks to queue
[2023-11-26T00:20:46.305+0000] {logging_mixin.py:154} INFO - [2023-11-26T00:20:46.303+0000] {dagbag.py:536} INFO - Filling up the DagBag from /home/airflow/.local/lib/python3.8/site-packages/airflow/example_dags/tutorial.py
[2023-11-26T00:20:46.336+0000] {processor.py:839} INFO - DAG(s) dict_keys(['tutorial']) retrieved from /home/airflow/.local/lib/python3.8/site-packages/airflow/example_dags/tutorial.py
[2023-11-26T00:20:46.454+0000] {logging_mixin.py:154} INFO - [2023-11-26T00:20:46.453+0000] {dag.py:2941} INFO - Sync 1 DAGs
[2023-11-26T00:20:46.600+0000] {logging_mixin.py:154} INFO - [2023-11-26T00:20:46.599+0000] {dag.py:3722} INFO - Setting next_dagrun for tutorial to 2023-11-25T00:20:46.598844+00:00, run_after=2023-11-26T00:20:46.598844+00:00
[2023-11-26T00:20:46.817+0000] {processor.py:179} INFO - Processing /home/airflow/.local/lib/python3.8/site-packages/airflow/example_dags/tutorial.py took 0.564 seconds
[2023-11-26T00:21:17.564+0000] {processor.py:157} INFO - Started process (PID=393) to work on /home/airflow/.local/lib/python3.8/site-packages/airflow/example_dags/tutorial.py
[2023-11-26T00:21:17.569+0000] {processor.py:829} INFO - Processing file /home/airflow/.local/lib/python3.8/site-packages/airflow/example_dags/tutorial.py for tasks to queue
[2023-11-26T00:21:17.586+0000] {logging_mixin.py:154} INFO - [2023-11-26T00:21:17.585+0000] {dagbag.py:536} INFO - Filling up the DagBag from /home/airflow/.local/lib/python3.8/site-packages/airflow/example_dags/tutorial.py
[2023-11-26T00:21:17.612+0000] {processor.py:839} INFO - DAG(s) dict_keys(['tutorial']) retrieved from /home/airflow/.local/lib/python3.8/site-packages/airflow/example_dags/tutorial.py
[2023-11-26T00:21:17.714+0000] {logging_mixin.py:154} INFO - [2023-11-26T00:21:17.713+0000] {dag.py:2941} INFO - Sync 1 DAGs
[2023-11-26T00:21:17.813+0000] {logging_mixin.py:154} INFO - [2023-11-26T00:21:17.812+0000] {dag.py:3722} INFO - Setting next_dagrun for tutorial to 2023-11-25T00:21:17.811061+00:00, run_after=2023-11-26T00:21:17.811061+00:00
[2023-11-26T00:21:17.911+0000] {processor.py:179} INFO - Processing /home/airflow/.local/lib/python3.8/site-packages/airflow/example_dags/tutorial.py took 0.359 seconds
[2023-11-26T00:21:48.510+0000] {processor.py:157} INFO - Started process (PID=447) to work on /home/airflow/.local/lib/python3.8/site-packages/airflow/example_dags/tutorial.py
[2023-11-26T00:21:48.527+0000] {processor.py:829} INFO - Processing file /home/airflow/.local/lib/python3.8/site-packages/airflow/example_dags/tutorial.py for tasks to queue
[2023-11-26T00:21:48.655+0000] {logging_mixin.py:154} INFO - [2023-11-26T00:21:48.640+0000] {dagbag.py:536} INFO - Filling up the DagBag from /home/airflow/.local/lib/python3.8/site-packages/airflow/example_dags/tutorial.py
[2023-11-26T00:21:48.757+0000] {processor.py:839} INFO - DAG(s) dict_keys(['tutorial']) retrieved from /home/airflow/.local/lib/python3.8/site-packages/airflow/example_dags/tutorial.py
[2023-11-26T00:21:49.023+0000] {logging_mixin.py:154} INFO - [2023-11-26T00:21:49.022+0000] {dag.py:2941} INFO - Sync 1 DAGs
[2023-11-26T00:21:49.234+0000] {logging_mixin.py:154} INFO - [2023-11-26T00:21:49.233+0000] {dag.py:3722} INFO - Setting next_dagrun for tutorial to 2023-11-25T00:21:49.231309+00:00, run_after=2023-11-26T00:21:49.231309+00:00
[2023-11-26T00:21:49.467+0000] {processor.py:179} INFO - Processing /home/airflow/.local/lib/python3.8/site-packages/airflow/example_dags/tutorial.py took 1.000 seconds
[2023-11-26T00:22:20.862+0000] {processor.py:157} INFO - Started process (PID=501) to work on /home/airflow/.local/lib/python3.8/site-packages/airflow/example_dags/tutorial.py
[2023-11-26T00:22:20.883+0000] {processor.py:829} INFO - Processing file /home/airflow/.local/lib/python3.8/site-packages/airflow/example_dags/tutorial.py for tasks to queue
[2023-11-26T00:22:20.905+0000] {logging_mixin.py:154} INFO - [2023-11-26T00:22:20.903+0000] {dagbag.py:536} INFO - Filling up the DagBag from /home/airflow/.local/lib/python3.8/site-packages/airflow/example_dags/tutorial.py
[2023-11-26T00:22:20.987+0000] {processor.py:839} INFO - DAG(s) dict_keys(['tutorial']) retrieved from /home/airflow/.local/lib/python3.8/site-packages/airflow/example_dags/tutorial.py
[2023-11-26T00:22:21.269+0000] {logging_mixin.py:154} INFO - [2023-11-26T00:22:21.268+0000] {dag.py:2941} INFO - Sync 1 DAGs
[2023-11-26T00:22:21.618+0000] {logging_mixin.py:154} INFO - [2023-11-26T00:22:21.616+0000] {dag.py:3722} INFO - Setting next_dagrun for tutorial to 2023-11-25T00:22:21.615168+00:00, run_after=2023-11-26T00:22:21.615168+00:00
[2023-11-26T00:22:21.860+0000] {processor.py:179} INFO - Processing /home/airflow/.local/lib/python3.8/site-packages/airflow/example_dags/tutorial.py took 1.033 seconds
[2023-11-26T00:22:52.314+0000] {processor.py:157} INFO - Started process (PID=554) to work on /home/airflow/.local/lib/python3.8/site-packages/airflow/example_dags/tutorial.py
[2023-11-26T00:22:52.318+0000] {processor.py:829} INFO - Processing file /home/airflow/.local/lib/python3.8/site-packages/airflow/example_dags/tutorial.py for tasks to queue
[2023-11-26T00:22:52.338+0000] {logging_mixin.py:154} INFO - [2023-11-26T00:22:52.337+0000] {dagbag.py:536} INFO - Filling up the DagBag from /home/airflow/.local/lib/python3.8/site-packages/airflow/example_dags/tutorial.py
[2023-11-26T00:22:52.368+0000] {processor.py:839} INFO - DAG(s) dict_keys(['tutorial']) retrieved from /home/airflow/.local/lib/python3.8/site-packages/airflow/example_dags/tutorial.py
[2023-11-26T00:22:52.466+0000] {logging_mixin.py:154} INFO - [2023-11-26T00:22:52.464+0000] {dag.py:2941} INFO - Sync 1 DAGs
[2023-11-26T00:22:52.552+0000] {logging_mixin.py:154} INFO - [2023-11-26T00:22:52.551+0000] {dag.py:3722} INFO - Setting next_dagrun for tutorial to 2023-11-25T00:22:52.551065+00:00, run_after=2023-11-26T00:22:52.551065+00:00
[2023-11-26T00:22:52.664+0000] {processor.py:179} INFO - Processing /home/airflow/.local/lib/python3.8/site-packages/airflow/example_dags/tutorial.py took 0.366 seconds
[2023-11-26T00:23:23.694+0000] {processor.py:157} INFO - Started process (PID=609) to work on /home/airflow/.local/lib/python3.8/site-packages/airflow/example_dags/tutorial.py
[2023-11-26T00:23:23.699+0000] {processor.py:829} INFO - Processing file /home/airflow/.local/lib/python3.8/site-packages/airflow/example_dags/tutorial.py for tasks to queue
[2023-11-26T00:23:23.705+0000] {logging_mixin.py:154} INFO - [2023-11-26T00:23:23.704+0000] {dagbag.py:536} INFO - Filling up the DagBag from /home/airflow/.local/lib/python3.8/site-packages/airflow/example_dags/tutorial.py
[2023-11-26T00:23:23.714+0000] {processor.py:839} INFO - DAG(s) dict_keys(['tutorial']) retrieved from /home/airflow/.local/lib/python3.8/site-packages/airflow/example_dags/tutorial.py
[2023-11-26T00:23:23.748+0000] {logging_mixin.py:154} INFO - [2023-11-26T00:23:23.748+0000] {dag.py:2941} INFO - Sync 1 DAGs
[2023-11-26T00:23:23.791+0000] {logging_mixin.py:154} INFO - [2023-11-26T00:23:23.790+0000] {dag.py:3722} INFO - Setting next_dagrun for tutorial to 2023-11-25T00:23:23.790230+00:00, run_after=2023-11-26T00:23:23.790230+00:00
[2023-11-26T00:23:23.834+0000] {processor.py:179} INFO - Processing /home/airflow/.local/lib/python3.8/site-packages/airflow/example_dags/tutorial.py took 0.151 seconds
[2023-11-26T00:23:54.193+0000] {processor.py:157} INFO - Started process (PID=663) to work on /home/airflow/.local/lib/python3.8/site-packages/airflow/example_dags/tutorial.py
[2023-11-26T00:23:54.195+0000] {processor.py:829} INFO - Processing file /home/airflow/.local/lib/python3.8/site-packages/airflow/example_dags/tutorial.py for tasks to queue
[2023-11-26T00:23:54.204+0000] {logging_mixin.py:154} INFO - [2023-11-26T00:23:54.203+0000] {dagbag.py:536} INFO - Filling up the DagBag from /home/airflow/.local/lib/python3.8/site-packages/airflow/example_dags/tutorial.py
[2023-11-26T00:23:54.219+0000] {processor.py:839} INFO - DAG(s) dict_keys(['tutorial']) retrieved from /home/airflow/.local/lib/python3.8/site-packages/airflow/example_dags/tutorial.py
[2023-11-26T00:23:54.264+0000] {logging_mixin.py:154} INFO - [2023-11-26T00:23:54.264+0000] {dag.py:2941} INFO - Sync 1 DAGs
[2023-11-26T00:23:54.319+0000] {logging_mixin.py:154} INFO - [2023-11-26T00:23:54.318+0000] {dag.py:3722} INFO - Setting next_dagrun for tutorial to 2023-11-25T00:23:54.318486+00:00, run_after=2023-11-26T00:23:54.318486+00:00
[2023-11-26T00:23:54.379+0000] {processor.py:179} INFO - Processing /home/airflow/.local/lib/python3.8/site-packages/airflow/example_dags/tutorial.py took 0.193 seconds
[2023-11-26T00:24:24.788+0000] {processor.py:157} INFO - Started process (PID=724) to work on /home/airflow/.local/lib/python3.8/site-packages/airflow/example_dags/tutorial.py
[2023-11-26T00:24:24.790+0000] {processor.py:829} INFO - Processing file /home/airflow/.local/lib/python3.8/site-packages/airflow/example_dags/tutorial.py for tasks to queue
[2023-11-26T00:24:24.793+0000] {logging_mixin.py:154} INFO - [2023-11-26T00:24:24.792+0000] {dagbag.py:536} INFO - Filling up the DagBag from /home/airflow/.local/lib/python3.8/site-packages/airflow/example_dags/tutorial.py
[2023-11-26T00:24:24.799+0000] {processor.py:839} INFO - DAG(s) dict_keys(['tutorial']) retrieved from /home/airflow/.local/lib/python3.8/site-packages/airflow/example_dags/tutorial.py
[2023-11-26T00:24:24.822+0000] {logging_mixin.py:154} INFO - [2023-11-26T00:24:24.822+0000] {dag.py:2941} INFO - Sync 1 DAGs
[2023-11-26T00:24:24.845+0000] {logging_mixin.py:154} INFO - [2023-11-26T00:24:24.844+0000] {dag.py:3722} INFO - Setting next_dagrun for tutorial to 2023-11-25T00:24:24.844636+00:00, run_after=2023-11-26T00:24:24.844636+00:00
[2023-11-26T00:24:24.864+0000] {processor.py:179} INFO - Processing /home/airflow/.local/lib/python3.8/site-packages/airflow/example_dags/tutorial.py took 0.080 seconds
[2023-11-26T00:24:55.266+0000] {processor.py:157} INFO - Started process (PID=778) to work on /home/airflow/.local/lib/python3.8/site-packages/airflow/example_dags/tutorial.py
[2023-11-26T00:24:55.272+0000] {processor.py:829} INFO - Processing file /home/airflow/.local/lib/python3.8/site-packages/airflow/example_dags/tutorial.py for tasks to queue
[2023-11-26T00:24:55.286+0000] {logging_mixin.py:154} INFO - [2023-11-26T00:24:55.283+0000] {dagbag.py:536} INFO - Filling up the DagBag from /home/airflow/.local/lib/python3.8/site-packages/airflow/example_dags/tutorial.py
[2023-11-26T00:24:55.331+0000] {processor.py:839} INFO - DAG(s) dict_keys(['tutorial']) retrieved from /home/airflow/.local/lib/python3.8/site-packages/airflow/example_dags/tutorial.py
[2023-11-26T00:24:55.414+0000] {logging_mixin.py:154} INFO - [2023-11-26T00:24:55.413+0000] {dag.py:2941} INFO - Sync 1 DAGs
[2023-11-26T00:24:55.513+0000] {logging_mixin.py:154} INFO - [2023-11-26T00:24:55.512+0000] {dag.py:3722} INFO - Setting next_dagrun for tutorial to 2023-11-25T00:24:55.504927+00:00, run_after=2023-11-26T00:24:55.504927+00:00
[2023-11-26T00:24:55.620+0000] {processor.py:179} INFO - Processing /home/airflow/.local/lib/python3.8/site-packages/airflow/example_dags/tutorial.py took 0.361 seconds
[2023-11-26T00:25:26.259+0000] {processor.py:157} INFO - Started process (PID=832) to work on /home/airflow/.local/lib/python3.8/site-packages/airflow/example_dags/tutorial.py
[2023-11-26T00:25:26.262+0000] {processor.py:829} INFO - Processing file /home/airflow/.local/lib/python3.8/site-packages/airflow/example_dags/tutorial.py for tasks to queue
[2023-11-26T00:25:26.266+0000] {logging_mixin.py:154} INFO - [2023-11-26T00:25:26.265+0000] {dagbag.py:536} INFO - Filling up the DagBag from /home/airflow/.local/lib/python3.8/site-packages/airflow/example_dags/tutorial.py
[2023-11-26T00:25:26.278+0000] {processor.py:839} INFO - DAG(s) dict_keys(['tutorial']) retrieved from /home/airflow/.local/lib/python3.8/site-packages/airflow/example_dags/tutorial.py
[2023-11-26T00:25:26.322+0000] {logging_mixin.py:154} INFO - [2023-11-26T00:25:26.321+0000] {dag.py:2941} INFO - Sync 1 DAGs
[2023-11-26T00:25:26.354+0000] {logging_mixin.py:154} INFO - [2023-11-26T00:25:26.354+0000] {dag.py:3722} INFO - Setting next_dagrun for tutorial to 2023-11-25T00:25:26.353751+00:00, run_after=2023-11-26T00:25:26.353751+00:00
[2023-11-26T00:25:26.413+0000] {processor.py:179} INFO - Processing /home/airflow/.local/lib/python3.8/site-packages/airflow/example_dags/tutorial.py took 0.159 seconds
[2023-11-26T00:25:57.231+0000] {processor.py:157} INFO - Started process (PID=886) to work on /home/airflow/.local/lib/python3.8/site-packages/airflow/example_dags/tutorial.py
[2023-11-26T00:25:57.239+0000] {processor.py:829} INFO - Processing file /home/airflow/.local/lib/python3.8/site-packages/airflow/example_dags/tutorial.py for tasks to queue
[2023-11-26T00:25:57.245+0000] {logging_mixin.py:154} INFO - [2023-11-26T00:25:57.244+0000] {dagbag.py:536} INFO - Filling up the DagBag from /home/airflow/.local/lib/python3.8/site-packages/airflow/example_dags/tutorial.py
[2023-11-26T00:25:57.256+0000] {processor.py:839} INFO - DAG(s) dict_keys(['tutorial']) retrieved from /home/airflow/.local/lib/python3.8/site-packages/airflow/example_dags/tutorial.py
[2023-11-26T00:25:57.308+0000] {logging_mixin.py:154} INFO - [2023-11-26T00:25:57.308+0000] {dag.py:2941} INFO - Sync 1 DAGs
[2023-11-26T00:25:57.359+0000] {logging_mixin.py:154} INFO - [2023-11-26T00:25:57.359+0000] {dag.py:3722} INFO - Setting next_dagrun for tutorial to 2023-11-25T00:25:57.358666+00:00, run_after=2023-11-26T00:25:57.358666+00:00
[2023-11-26T00:25:57.424+0000] {processor.py:179} INFO - Processing /home/airflow/.local/lib/python3.8/site-packages/airflow/example_dags/tutorial.py took 0.203 seconds
[2023-11-26T00:26:27.622+0000] {processor.py:157} INFO - Started process (PID=938) to work on /home/airflow/.local/lib/python3.8/site-packages/airflow/example_dags/tutorial.py
[2023-11-26T00:26:27.623+0000] {processor.py:829} INFO - Processing file /home/airflow/.local/lib/python3.8/site-packages/airflow/example_dags/tutorial.py for tasks to queue
[2023-11-26T00:26:27.629+0000] {logging_mixin.py:154} INFO - [2023-11-26T00:26:27.628+0000] {dagbag.py:536} INFO - Filling up the DagBag from /home/airflow/.local/lib/python3.8/site-packages/airflow/example_dags/tutorial.py
[2023-11-26T00:26:27.642+0000] {processor.py:839} INFO - DAG(s) dict_keys(['tutorial']) retrieved from /home/airflow/.local/lib/python3.8/site-packages/airflow/example_dags/tutorial.py
[2023-11-26T00:26:27.685+0000] {logging_mixin.py:154} INFO - [2023-11-26T00:26:27.684+0000] {dag.py:2941} INFO - Sync 1 DAGs
[2023-11-26T00:26:27.727+0000] {logging_mixin.py:154} INFO - [2023-11-26T00:26:27.727+0000] {dag.py:3722} INFO - Setting next_dagrun for tutorial to 2023-11-25T00:26:27.726719+00:00, run_after=2023-11-26T00:26:27.726719+00:00
[2023-11-26T00:26:27.763+0000] {processor.py:179} INFO - Processing /home/airflow/.local/lib/python3.8/site-packages/airflow/example_dags/tutorial.py took 0.148 seconds
[2023-11-26T00:26:58.580+0000] {processor.py:157} INFO - Started process (PID=992) to work on /home/airflow/.local/lib/python3.8/site-packages/airflow/example_dags/tutorial.py
[2023-11-26T00:26:58.583+0000] {processor.py:829} INFO - Processing file /home/airflow/.local/lib/python3.8/site-packages/airflow/example_dags/tutorial.py for tasks to queue
[2023-11-26T00:26:58.587+0000] {logging_mixin.py:154} INFO - [2023-11-26T00:26:58.586+0000] {dagbag.py:536} INFO - Filling up the DagBag from /home/airflow/.local/lib/python3.8/site-packages/airflow/example_dags/tutorial.py
[2023-11-26T00:26:58.599+0000] {processor.py:839} INFO - DAG(s) dict_keys(['tutorial']) retrieved from /home/airflow/.local/lib/python3.8/site-packages/airflow/example_dags/tutorial.py
[2023-11-26T00:26:58.637+0000] {logging_mixin.py:154} INFO - [2023-11-26T00:26:58.637+0000] {dag.py:2941} INFO - Sync 1 DAGs
[2023-11-26T00:26:58.674+0000] {logging_mixin.py:154} INFO - [2023-11-26T00:26:58.673+0000] {dag.py:3722} INFO - Setting next_dagrun for tutorial to 2023-11-25T00:26:58.673522+00:00, run_after=2023-11-26T00:26:58.673522+00:00
[2023-11-26T00:26:58.713+0000] {processor.py:179} INFO - Processing /home/airflow/.local/lib/python3.8/site-packages/airflow/example_dags/tutorial.py took 0.137 seconds
[2023-11-26T00:27:29.390+0000] {processor.py:157} INFO - Started process (PID=1046) to work on /home/airflow/.local/lib/python3.8/site-packages/airflow/example_dags/tutorial.py
[2023-11-26T00:27:29.394+0000] {processor.py:829} INFO - Processing file /home/airflow/.local/lib/python3.8/site-packages/airflow/example_dags/tutorial.py for tasks to queue
[2023-11-26T00:27:29.399+0000] {logging_mixin.py:154} INFO - [2023-11-26T00:27:29.399+0000] {dagbag.py:536} INFO - Filling up the DagBag from /home/airflow/.local/lib/python3.8/site-packages/airflow/example_dags/tutorial.py
[2023-11-26T00:27:29.406+0000] {processor.py:839} INFO - DAG(s) dict_keys(['tutorial']) retrieved from /home/airflow/.local/lib/python3.8/site-packages/airflow/example_dags/tutorial.py
[2023-11-26T00:27:29.440+0000] {logging_mixin.py:154} INFO - [2023-11-26T00:27:29.440+0000] {dag.py:2941} INFO - Sync 1 DAGs
[2023-11-26T00:27:29.477+0000] {logging_mixin.py:154} INFO - [2023-11-26T00:27:29.477+0000] {dag.py:3722} INFO - Setting next_dagrun for tutorial to 2023-11-25T00:27:29.477029+00:00, run_after=2023-11-26T00:27:29.477029+00:00
[2023-11-26T00:27:29.508+0000] {processor.py:179} INFO - Processing /home/airflow/.local/lib/python3.8/site-packages/airflow/example_dags/tutorial.py took 0.126 seconds
[2023-11-26T00:28:00.180+0000] {processor.py:157} INFO - Started process (PID=1100) to work on /home/airflow/.local/lib/python3.8/site-packages/airflow/example_dags/tutorial.py
[2023-11-26T00:28:00.183+0000] {processor.py:829} INFO - Processing file /home/airflow/.local/lib/python3.8/site-packages/airflow/example_dags/tutorial.py for tasks to queue
[2023-11-26T00:28:00.189+0000] {logging_mixin.py:154} INFO - [2023-11-26T00:28:00.189+0000] {dagbag.py:536} INFO - Filling up the DagBag from /home/airflow/.local/lib/python3.8/site-packages/airflow/example_dags/tutorial.py
[2023-11-26T00:28:00.197+0000] {processor.py:839} INFO - DAG(s) dict_keys(['tutorial']) retrieved from /home/airflow/.local/lib/python3.8/site-packages/airflow/example_dags/tutorial.py
[2023-11-26T00:28:00.231+0000] {logging_mixin.py:154} INFO - [2023-11-26T00:28:00.231+0000] {dag.py:2941} INFO - Sync 1 DAGs
[2023-11-26T00:28:00.262+0000] {logging_mixin.py:154} INFO - [2023-11-26T00:28:00.262+0000] {dag.py:3722} INFO - Setting next_dagrun for tutorial to 2023-11-25T00:28:00.262264+00:00, run_after=2023-11-26T00:28:00.262264+00:00
[2023-11-26T00:28:00.288+0000] {processor.py:179} INFO - Processing /home/airflow/.local/lib/python3.8/site-packages/airflow/example_dags/tutorial.py took 0.116 seconds
[2023-11-26T00:28:30.536+0000] {processor.py:157} INFO - Started process (PID=1153) to work on /home/airflow/.local/lib/python3.8/site-packages/airflow/example_dags/tutorial.py
[2023-11-26T00:28:30.538+0000] {processor.py:829} INFO - Processing file /home/airflow/.local/lib/python3.8/site-packages/airflow/example_dags/tutorial.py for tasks to queue
[2023-11-26T00:28:30.543+0000] {logging_mixin.py:154} INFO - [2023-11-26T00:28:30.542+0000] {dagbag.py:536} INFO - Filling up the DagBag from /home/airflow/.local/lib/python3.8/site-packages/airflow/example_dags/tutorial.py
[2023-11-26T00:28:30.552+0000] {processor.py:839} INFO - DAG(s) dict_keys(['tutorial']) retrieved from /home/airflow/.local/lib/python3.8/site-packages/airflow/example_dags/tutorial.py
[2023-11-26T00:28:30.585+0000] {logging_mixin.py:154} INFO - [2023-11-26T00:28:30.584+0000] {dag.py:2941} INFO - Sync 1 DAGs
[2023-11-26T00:28:30.613+0000] {logging_mixin.py:154} INFO - [2023-11-26T00:28:30.612+0000] {dag.py:3722} INFO - Setting next_dagrun for tutorial to 2023-11-25T00:28:30.612688+00:00, run_after=2023-11-26T00:28:30.612688+00:00
[2023-11-26T00:28:30.651+0000] {processor.py:179} INFO - Processing /home/airflow/.local/lib/python3.8/site-packages/airflow/example_dags/tutorial.py took 0.122 seconds
[2023-11-26T00:29:01.458+0000] {processor.py:157} INFO - Started process (PID=1207) to work on /home/airflow/.local/lib/python3.8/site-packages/airflow/example_dags/tutorial.py
[2023-11-26T00:29:01.461+0000] {processor.py:829} INFO - Processing file /home/airflow/.local/lib/python3.8/site-packages/airflow/example_dags/tutorial.py for tasks to queue
[2023-11-26T00:29:01.468+0000] {logging_mixin.py:154} INFO - [2023-11-26T00:29:01.467+0000] {dagbag.py:536} INFO - Filling up the DagBag from /home/airflow/.local/lib/python3.8/site-packages/airflow/example_dags/tutorial.py
[2023-11-26T00:29:01.484+0000] {processor.py:839} INFO - DAG(s) dict_keys(['tutorial']) retrieved from /home/airflow/.local/lib/python3.8/site-packages/airflow/example_dags/tutorial.py
[2023-11-26T00:29:01.534+0000] {logging_mixin.py:154} INFO - [2023-11-26T00:29:01.533+0000] {dag.py:2941} INFO - Sync 1 DAGs
[2023-11-26T00:29:01.568+0000] {logging_mixin.py:154} INFO - [2023-11-26T00:29:01.568+0000] {dag.py:3722} INFO - Setting next_dagrun for tutorial to 2023-11-25T00:29:01.567677+00:00, run_after=2023-11-26T00:29:01.567677+00:00
[2023-11-26T00:29:01.597+0000] {processor.py:179} INFO - Processing /home/airflow/.local/lib/python3.8/site-packages/airflow/example_dags/tutorial.py took 0.149 seconds
[2023-11-26T00:29:31.729+0000] {processor.py:157} INFO - Started process (PID=1261) to work on /home/airflow/.local/lib/python3.8/site-packages/airflow/example_dags/tutorial.py
[2023-11-26T00:29:31.732+0000] {processor.py:829} INFO - Processing file /home/airflow/.local/lib/python3.8/site-packages/airflow/example_dags/tutorial.py for tasks to queue
[2023-11-26T00:29:31.739+0000] {logging_mixin.py:154} INFO - [2023-11-26T00:29:31.738+0000] {dagbag.py:536} INFO - Filling up the DagBag from /home/airflow/.local/lib/python3.8/site-packages/airflow/example_dags/tutorial.py
[2023-11-26T00:29:31.756+0000] {processor.py:839} INFO - DAG(s) dict_keys(['tutorial']) retrieved from /home/airflow/.local/lib/python3.8/site-packages/airflow/example_dags/tutorial.py
[2023-11-26T00:29:31.827+0000] {logging_mixin.py:154} INFO - [2023-11-26T00:29:31.826+0000] {dag.py:2941} INFO - Sync 1 DAGs
[2023-11-26T00:29:31.877+0000] {logging_mixin.py:154} INFO - [2023-11-26T00:29:31.877+0000] {dag.py:3722} INFO - Setting next_dagrun for tutorial to 2023-11-25T00:29:31.876443+00:00, run_after=2023-11-26T00:29:31.876443+00:00
[2023-11-26T00:29:31.975+0000] {processor.py:179} INFO - Processing /home/airflow/.local/lib/python3.8/site-packages/airflow/example_dags/tutorial.py took 0.266 seconds
[2023-11-26T00:30:02.702+0000] {processor.py:157} INFO - Started process (PID=1315) to work on /home/airflow/.local/lib/python3.8/site-packages/airflow/example_dags/tutorial.py
[2023-11-26T00:30:02.703+0000] {processor.py:829} INFO - Processing file /home/airflow/.local/lib/python3.8/site-packages/airflow/example_dags/tutorial.py for tasks to queue
[2023-11-26T00:30:02.708+0000] {logging_mixin.py:154} INFO - [2023-11-26T00:30:02.707+0000] {dagbag.py:536} INFO - Filling up the DagBag from /home/airflow/.local/lib/python3.8/site-packages/airflow/example_dags/tutorial.py
[2023-11-26T00:30:02.723+0000] {processor.py:839} INFO - DAG(s) dict_keys(['tutorial']) retrieved from /home/airflow/.local/lib/python3.8/site-packages/airflow/example_dags/tutorial.py
[2023-11-26T00:30:02.755+0000] {logging_mixin.py:154} INFO - [2023-11-26T00:30:02.754+0000] {dag.py:2941} INFO - Sync 1 DAGs
[2023-11-26T00:30:02.794+0000] {logging_mixin.py:154} INFO - [2023-11-26T00:30:02.794+0000] {dag.py:3722} INFO - Setting next_dagrun for tutorial to 2023-11-25T00:30:02.793978+00:00, run_after=2023-11-26T00:30:02.793978+00:00
[2023-11-26T00:30:02.831+0000] {processor.py:179} INFO - Processing /home/airflow/.local/lib/python3.8/site-packages/airflow/example_dags/tutorial.py took 0.133 seconds
[2023-11-26T00:30:32.941+0000] {processor.py:157} INFO - Started process (PID=1369) to work on /home/airflow/.local/lib/python3.8/site-packages/airflow/example_dags/tutorial.py
[2023-11-26T00:30:32.943+0000] {processor.py:829} INFO - Processing file /home/airflow/.local/lib/python3.8/site-packages/airflow/example_dags/tutorial.py for tasks to queue
[2023-11-26T00:30:32.946+0000] {logging_mixin.py:154} INFO - [2023-11-26T00:30:32.946+0000] {dagbag.py:536} INFO - Filling up the DagBag from /home/airflow/.local/lib/python3.8/site-packages/airflow/example_dags/tutorial.py
[2023-11-26T00:30:32.950+0000] {processor.py:839} INFO - DAG(s) dict_keys(['tutorial']) retrieved from /home/airflow/.local/lib/python3.8/site-packages/airflow/example_dags/tutorial.py
[2023-11-26T00:30:32.972+0000] {logging_mixin.py:154} INFO - [2023-11-26T00:30:32.972+0000] {dag.py:2941} INFO - Sync 1 DAGs
[2023-11-26T00:30:32.992+0000] {logging_mixin.py:154} INFO - [2023-11-26T00:30:32.992+0000] {dag.py:3722} INFO - Setting next_dagrun for tutorial to 2023-11-25T00:30:32.992492+00:00, run_after=2023-11-26T00:30:32.992492+00:00
[2023-11-26T00:30:33.015+0000] {processor.py:179} INFO - Processing /home/airflow/.local/lib/python3.8/site-packages/airflow/example_dags/tutorial.py took 0.077 seconds
[2023-11-26T00:31:03.524+0000] {processor.py:157} INFO - Started process (PID=1423) to work on /home/airflow/.local/lib/python3.8/site-packages/airflow/example_dags/tutorial.py
[2023-11-26T00:31:03.527+0000] {processor.py:829} INFO - Processing file /home/airflow/.local/lib/python3.8/site-packages/airflow/example_dags/tutorial.py for tasks to queue
[2023-11-26T00:31:03.531+0000] {logging_mixin.py:154} INFO - [2023-11-26T00:31:03.531+0000] {dagbag.py:536} INFO - Filling up the DagBag from /home/airflow/.local/lib/python3.8/site-packages/airflow/example_dags/tutorial.py
[2023-11-26T00:31:03.540+0000] {processor.py:839} INFO - DAG(s) dict_keys(['tutorial']) retrieved from /home/airflow/.local/lib/python3.8/site-packages/airflow/example_dags/tutorial.py
[2023-11-26T00:31:03.585+0000] {logging_mixin.py:154} INFO - [2023-11-26T00:31:03.584+0000] {dag.py:2941} INFO - Sync 1 DAGs
[2023-11-26T00:31:03.664+0000] {logging_mixin.py:154} INFO - [2023-11-26T00:31:03.663+0000] {dag.py:3722} INFO - Setting next_dagrun for tutorial to 2023-11-25T00:31:03.663145+00:00, run_after=2023-11-26T00:31:03.663145+00:00
[2023-11-26T00:31:03.725+0000] {processor.py:179} INFO - Processing /home/airflow/.local/lib/python3.8/site-packages/airflow/example_dags/tutorial.py took 0.214 seconds
[2023-11-26T00:31:33.941+0000] {processor.py:157} INFO - Started process (PID=1477) to work on /home/airflow/.local/lib/python3.8/site-packages/airflow/example_dags/tutorial.py
[2023-11-26T00:31:33.943+0000] {processor.py:829} INFO - Processing file /home/airflow/.local/lib/python3.8/site-packages/airflow/example_dags/tutorial.py for tasks to queue
[2023-11-26T00:31:33.947+0000] {logging_mixin.py:154} INFO - [2023-11-26T00:31:33.947+0000] {dagbag.py:536} INFO - Filling up the DagBag from /home/airflow/.local/lib/python3.8/site-packages/airflow/example_dags/tutorial.py
[2023-11-26T00:31:33.955+0000] {processor.py:839} INFO - DAG(s) dict_keys(['tutorial']) retrieved from /home/airflow/.local/lib/python3.8/site-packages/airflow/example_dags/tutorial.py
[2023-11-26T00:31:33.988+0000] {logging_mixin.py:154} INFO - [2023-11-26T00:31:33.987+0000] {dag.py:2941} INFO - Sync 1 DAGs
[2023-11-26T00:31:34.038+0000] {logging_mixin.py:154} INFO - [2023-11-26T00:31:34.038+0000] {dag.py:3722} INFO - Setting next_dagrun for tutorial to 2023-11-25T00:31:34.037800+00:00, run_after=2023-11-26T00:31:34.037800+00:00
[2023-11-26T00:31:34.083+0000] {processor.py:179} INFO - Processing /home/airflow/.local/lib/python3.8/site-packages/airflow/example_dags/tutorial.py took 0.145 seconds
[2023-11-26T00:32:04.508+0000] {processor.py:157} INFO - Started process (PID=1531) to work on /home/airflow/.local/lib/python3.8/site-packages/airflow/example_dags/tutorial.py
[2023-11-26T00:32:04.509+0000] {processor.py:829} INFO - Processing file /home/airflow/.local/lib/python3.8/site-packages/airflow/example_dags/tutorial.py for tasks to queue
[2023-11-26T00:32:04.513+0000] {logging_mixin.py:154} INFO - [2023-11-26T00:32:04.512+0000] {dagbag.py:536} INFO - Filling up the DagBag from /home/airflow/.local/lib/python3.8/site-packages/airflow/example_dags/tutorial.py
[2023-11-26T00:32:04.521+0000] {processor.py:839} INFO - DAG(s) dict_keys(['tutorial']) retrieved from /home/airflow/.local/lib/python3.8/site-packages/airflow/example_dags/tutorial.py
[2023-11-26T00:32:04.563+0000] {logging_mixin.py:154} INFO - [2023-11-26T00:32:04.563+0000] {dag.py:2941} INFO - Sync 1 DAGs
[2023-11-26T00:32:04.604+0000] {logging_mixin.py:154} INFO - [2023-11-26T00:32:04.604+0000] {dag.py:3722} INFO - Setting next_dagrun for tutorial to 2023-11-25T00:32:04.604090+00:00, run_after=2023-11-26T00:32:04.604090+00:00
[2023-11-26T00:32:04.645+0000] {processor.py:179} INFO - Processing /home/airflow/.local/lib/python3.8/site-packages/airflow/example_dags/tutorial.py took 0.141 seconds
[2023-11-26T00:32:34.732+0000] {processor.py:157} INFO - Started process (PID=1585) to work on /home/airflow/.local/lib/python3.8/site-packages/airflow/example_dags/tutorial.py
[2023-11-26T00:32:34.733+0000] {processor.py:829} INFO - Processing file /home/airflow/.local/lib/python3.8/site-packages/airflow/example_dags/tutorial.py for tasks to queue
[2023-11-26T00:32:34.736+0000] {logging_mixin.py:154} INFO - [2023-11-26T00:32:34.735+0000] {dagbag.py:536} INFO - Filling up the DagBag from /home/airflow/.local/lib/python3.8/site-packages/airflow/example_dags/tutorial.py
[2023-11-26T00:32:34.740+0000] {processor.py:839} INFO - DAG(s) dict_keys(['tutorial']) retrieved from /home/airflow/.local/lib/python3.8/site-packages/airflow/example_dags/tutorial.py
[2023-11-26T00:32:34.760+0000] {logging_mixin.py:154} INFO - [2023-11-26T00:32:34.760+0000] {dag.py:2941} INFO - Sync 1 DAGs
[2023-11-26T00:32:34.779+0000] {logging_mixin.py:154} INFO - [2023-11-26T00:32:34.779+0000] {dag.py:3722} INFO - Setting next_dagrun for tutorial to 2023-11-25T00:32:34.778756+00:00, run_after=2023-11-26T00:32:34.778756+00:00
[2023-11-26T00:32:34.801+0000] {processor.py:179} INFO - Processing /home/airflow/.local/lib/python3.8/site-packages/airflow/example_dags/tutorial.py took 0.072 seconds
[2023-11-26T00:33:05.113+0000] {processor.py:157} INFO - Started process (PID=1639) to work on /home/airflow/.local/lib/python3.8/site-packages/airflow/example_dags/tutorial.py
[2023-11-26T00:33:05.114+0000] {processor.py:829} INFO - Processing file /home/airflow/.local/lib/python3.8/site-packages/airflow/example_dags/tutorial.py for tasks to queue
[2023-11-26T00:33:05.116+0000] {logging_mixin.py:154} INFO - [2023-11-26T00:33:05.116+0000] {dagbag.py:536} INFO - Filling up the DagBag from /home/airflow/.local/lib/python3.8/site-packages/airflow/example_dags/tutorial.py
[2023-11-26T00:33:05.121+0000] {processor.py:839} INFO - DAG(s) dict_keys(['tutorial']) retrieved from /home/airflow/.local/lib/python3.8/site-packages/airflow/example_dags/tutorial.py
[2023-11-26T00:33:05.139+0000] {logging_mixin.py:154} INFO - [2023-11-26T00:33:05.139+0000] {dag.py:2941} INFO - Sync 1 DAGs
[2023-11-26T00:33:05.156+0000] {logging_mixin.py:154} INFO - [2023-11-26T00:33:05.156+0000] {dag.py:3722} INFO - Setting next_dagrun for tutorial to 2023-11-25T00:33:05.156332+00:00, run_after=2023-11-26T00:33:05.156332+00:00
[2023-11-26T00:33:05.178+0000] {processor.py:179} INFO - Processing /home/airflow/.local/lib/python3.8/site-packages/airflow/example_dags/tutorial.py took 0.068 seconds
[2023-11-26T00:33:35.399+0000] {processor.py:157} INFO - Started process (PID=1693) to work on /home/airflow/.local/lib/python3.8/site-packages/airflow/example_dags/tutorial.py
[2023-11-26T00:33:35.404+0000] {processor.py:829} INFO - Processing file /home/airflow/.local/lib/python3.8/site-packages/airflow/example_dags/tutorial.py for tasks to queue
[2023-11-26T00:33:35.413+0000] {logging_mixin.py:154} INFO - [2023-11-26T00:33:35.412+0000] {dagbag.py:536} INFO - Filling up the DagBag from /home/airflow/.local/lib/python3.8/site-packages/airflow/example_dags/tutorial.py
[2023-11-26T00:33:35.423+0000] {processor.py:839} INFO - DAG(s) dict_keys(['tutorial']) retrieved from /home/airflow/.local/lib/python3.8/site-packages/airflow/example_dags/tutorial.py
[2023-11-26T00:33:35.506+0000] {logging_mixin.py:154} INFO - [2023-11-26T00:33:35.505+0000] {dag.py:2941} INFO - Sync 1 DAGs
[2023-11-26T00:33:35.544+0000] {logging_mixin.py:154} INFO - [2023-11-26T00:33:35.543+0000] {dag.py:3722} INFO - Setting next_dagrun for tutorial to 2023-11-25T00:33:35.541643+00:00, run_after=2023-11-26T00:33:35.541643+00:00
[2023-11-26T00:33:35.632+0000] {processor.py:179} INFO - Processing /home/airflow/.local/lib/python3.8/site-packages/airflow/example_dags/tutorial.py took 0.237 seconds
[2023-11-26T00:34:06.519+0000] {processor.py:157} INFO - Started process (PID=1747) to work on /home/airflow/.local/lib/python3.8/site-packages/airflow/example_dags/tutorial.py
[2023-11-26T00:34:06.520+0000] {processor.py:829} INFO - Processing file /home/airflow/.local/lib/python3.8/site-packages/airflow/example_dags/tutorial.py for tasks to queue
[2023-11-26T00:34:06.522+0000] {logging_mixin.py:154} INFO - [2023-11-26T00:34:06.522+0000] {dagbag.py:536} INFO - Filling up the DagBag from /home/airflow/.local/lib/python3.8/site-packages/airflow/example_dags/tutorial.py
[2023-11-26T00:34:06.527+0000] {processor.py:839} INFO - DAG(s) dict_keys(['tutorial']) retrieved from /home/airflow/.local/lib/python3.8/site-packages/airflow/example_dags/tutorial.py
[2023-11-26T00:34:06.546+0000] {logging_mixin.py:154} INFO - [2023-11-26T00:34:06.545+0000] {dag.py:2941} INFO - Sync 1 DAGs
[2023-11-26T00:34:06.566+0000] {logging_mixin.py:154} INFO - [2023-11-26T00:34:06.565+0000] {dag.py:3722} INFO - Setting next_dagrun for tutorial to 2023-11-25T00:34:06.565527+00:00, run_after=2023-11-26T00:34:06.565527+00:00
[2023-11-26T00:34:06.590+0000] {processor.py:179} INFO - Processing /home/airflow/.local/lib/python3.8/site-packages/airflow/example_dags/tutorial.py took 0.074 seconds
[2023-11-26T00:34:36.909+0000] {processor.py:157} INFO - Started process (PID=1801) to work on /home/airflow/.local/lib/python3.8/site-packages/airflow/example_dags/tutorial.py
[2023-11-26T00:34:36.911+0000] {processor.py:829} INFO - Processing file /home/airflow/.local/lib/python3.8/site-packages/airflow/example_dags/tutorial.py for tasks to queue
[2023-11-26T00:34:36.914+0000] {logging_mixin.py:154} INFO - [2023-11-26T00:34:36.914+0000] {dagbag.py:536} INFO - Filling up the DagBag from /home/airflow/.local/lib/python3.8/site-packages/airflow/example_dags/tutorial.py
[2023-11-26T00:34:36.919+0000] {processor.py:839} INFO - DAG(s) dict_keys(['tutorial']) retrieved from /home/airflow/.local/lib/python3.8/site-packages/airflow/example_dags/tutorial.py
[2023-11-26T00:34:36.941+0000] {logging_mixin.py:154} INFO - [2023-11-26T00:34:36.941+0000] {dag.py:2941} INFO - Sync 1 DAGs
[2023-11-26T00:34:36.961+0000] {logging_mixin.py:154} INFO - [2023-11-26T00:34:36.961+0000] {dag.py:3722} INFO - Setting next_dagrun for tutorial to 2023-11-25T00:34:36.961279+00:00, run_after=2023-11-26T00:34:36.961279+00:00
[2023-11-26T00:34:36.984+0000] {processor.py:179} INFO - Processing /home/airflow/.local/lib/python3.8/site-packages/airflow/example_dags/tutorial.py took 0.079 seconds
[2023-11-26T00:35:07.301+0000] {processor.py:157} INFO - Started process (PID=1855) to work on /home/airflow/.local/lib/python3.8/site-packages/airflow/example_dags/tutorial.py
[2023-11-26T00:35:07.302+0000] {processor.py:829} INFO - Processing file /home/airflow/.local/lib/python3.8/site-packages/airflow/example_dags/tutorial.py for tasks to queue
[2023-11-26T00:35:07.305+0000] {logging_mixin.py:154} INFO - [2023-11-26T00:35:07.305+0000] {dagbag.py:536} INFO - Filling up the DagBag from /home/airflow/.local/lib/python3.8/site-packages/airflow/example_dags/tutorial.py
[2023-11-26T00:35:07.310+0000] {processor.py:839} INFO - DAG(s) dict_keys(['tutorial']) retrieved from /home/airflow/.local/lib/python3.8/site-packages/airflow/example_dags/tutorial.py
[2023-11-26T00:35:07.331+0000] {logging_mixin.py:154} INFO - [2023-11-26T00:35:07.331+0000] {dag.py:2941} INFO - Sync 1 DAGs
[2023-11-26T00:35:07.352+0000] {logging_mixin.py:154} INFO - [2023-11-26T00:35:07.351+0000] {dag.py:3722} INFO - Setting next_dagrun for tutorial to 2023-11-25T00:35:07.351776+00:00, run_after=2023-11-26T00:35:07.351776+00:00
[2023-11-26T00:35:07.380+0000] {processor.py:179} INFO - Processing /home/airflow/.local/lib/python3.8/site-packages/airflow/example_dags/tutorial.py took 0.082 seconds
[2023-11-26T00:35:37.683+0000] {processor.py:157} INFO - Started process (PID=1909) to work on /home/airflow/.local/lib/python3.8/site-packages/airflow/example_dags/tutorial.py
[2023-11-26T00:35:37.685+0000] {processor.py:829} INFO - Processing file /home/airflow/.local/lib/python3.8/site-packages/airflow/example_dags/tutorial.py for tasks to queue
[2023-11-26T00:35:37.687+0000] {logging_mixin.py:154} INFO - [2023-11-26T00:35:37.687+0000] {dagbag.py:536} INFO - Filling up the DagBag from /home/airflow/.local/lib/python3.8/site-packages/airflow/example_dags/tutorial.py
[2023-11-26T00:35:37.691+0000] {processor.py:839} INFO - DAG(s) dict_keys(['tutorial']) retrieved from /home/airflow/.local/lib/python3.8/site-packages/airflow/example_dags/tutorial.py
[2023-11-26T00:35:37.711+0000] {logging_mixin.py:154} INFO - [2023-11-26T00:35:37.711+0000] {dag.py:2941} INFO - Sync 1 DAGs
[2023-11-26T00:35:37.731+0000] {logging_mixin.py:154} INFO - [2023-11-26T00:35:37.731+0000] {dag.py:3722} INFO - Setting next_dagrun for tutorial to 2023-11-25T00:35:37.731302+00:00, run_after=2023-11-26T00:35:37.731302+00:00
[2023-11-26T00:35:37.754+0000] {processor.py:179} INFO - Processing /home/airflow/.local/lib/python3.8/site-packages/airflow/example_dags/tutorial.py took 0.073 seconds
[2023-11-26T00:36:08.031+0000] {processor.py:157} INFO - Started process (PID=1963) to work on /home/airflow/.local/lib/python3.8/site-packages/airflow/example_dags/tutorial.py
[2023-11-26T00:36:08.032+0000] {processor.py:829} INFO - Processing file /home/airflow/.local/lib/python3.8/site-packages/airflow/example_dags/tutorial.py for tasks to queue
[2023-11-26T00:36:08.035+0000] {logging_mixin.py:154} INFO - [2023-11-26T00:36:08.034+0000] {dagbag.py:536} INFO - Filling up the DagBag from /home/airflow/.local/lib/python3.8/site-packages/airflow/example_dags/tutorial.py
[2023-11-26T00:36:08.039+0000] {processor.py:839} INFO - DAG(s) dict_keys(['tutorial']) retrieved from /home/airflow/.local/lib/python3.8/site-packages/airflow/example_dags/tutorial.py
[2023-11-26T00:36:08.060+0000] {logging_mixin.py:154} INFO - [2023-11-26T00:36:08.060+0000] {dag.py:2941} INFO - Sync 1 DAGs
[2023-11-26T00:36:08.081+0000] {logging_mixin.py:154} INFO - [2023-11-26T00:36:08.081+0000] {dag.py:3722} INFO - Setting next_dagrun for tutorial to 2023-11-25T00:36:08.080815+00:00, run_after=2023-11-26T00:36:08.080815+00:00
[2023-11-26T00:36:08.103+0000] {processor.py:179} INFO - Processing /home/airflow/.local/lib/python3.8/site-packages/airflow/example_dags/tutorial.py took 0.075 seconds
[2023-11-26T00:36:38.847+0000] {processor.py:157} INFO - Started process (PID=2017) to work on /home/airflow/.local/lib/python3.8/site-packages/airflow/example_dags/tutorial.py
[2023-11-26T00:36:38.849+0000] {processor.py:829} INFO - Processing file /home/airflow/.local/lib/python3.8/site-packages/airflow/example_dags/tutorial.py for tasks to queue
[2023-11-26T00:36:38.855+0000] {logging_mixin.py:154} INFO - [2023-11-26T00:36:38.854+0000] {dagbag.py:536} INFO - Filling up the DagBag from /home/airflow/.local/lib/python3.8/site-packages/airflow/example_dags/tutorial.py
[2023-11-26T00:36:38.863+0000] {processor.py:839} INFO - DAG(s) dict_keys(['tutorial']) retrieved from /home/airflow/.local/lib/python3.8/site-packages/airflow/example_dags/tutorial.py
[2023-11-26T00:36:38.893+0000] {logging_mixin.py:154} INFO - [2023-11-26T00:36:38.893+0000] {dag.py:2941} INFO - Sync 1 DAGs
[2023-11-26T00:36:38.920+0000] {logging_mixin.py:154} INFO - [2023-11-26T00:36:38.920+0000] {dag.py:3722} INFO - Setting next_dagrun for tutorial to 2023-11-25T00:36:38.920497+00:00, run_after=2023-11-26T00:36:38.920497+00:00
[2023-11-26T00:36:38.952+0000] {processor.py:179} INFO - Processing /home/airflow/.local/lib/python3.8/site-packages/airflow/example_dags/tutorial.py took 0.112 seconds
[2023-11-26T00:37:09.688+0000] {processor.py:157} INFO - Started process (PID=2071) to work on /home/airflow/.local/lib/python3.8/site-packages/airflow/example_dags/tutorial.py
[2023-11-26T00:37:09.689+0000] {processor.py:829} INFO - Processing file /home/airflow/.local/lib/python3.8/site-packages/airflow/example_dags/tutorial.py for tasks to queue
[2023-11-26T00:37:09.692+0000] {logging_mixin.py:154} INFO - [2023-11-26T00:37:09.691+0000] {dagbag.py:536} INFO - Filling up the DagBag from /home/airflow/.local/lib/python3.8/site-packages/airflow/example_dags/tutorial.py
[2023-11-26T00:37:09.697+0000] {processor.py:839} INFO - DAG(s) dict_keys(['tutorial']) retrieved from /home/airflow/.local/lib/python3.8/site-packages/airflow/example_dags/tutorial.py
[2023-11-26T00:37:09.716+0000] {logging_mixin.py:154} INFO - [2023-11-26T00:37:09.715+0000] {dag.py:2941} INFO - Sync 1 DAGs
[2023-11-26T00:37:09.734+0000] {logging_mixin.py:154} INFO - [2023-11-26T00:37:09.733+0000] {dag.py:3722} INFO - Setting next_dagrun for tutorial to 2023-11-25T00:37:09.733705+00:00, run_after=2023-11-26T00:37:09.733705+00:00
[2023-11-26T00:37:09.756+0000] {processor.py:179} INFO - Processing /home/airflow/.local/lib/python3.8/site-packages/airflow/example_dags/tutorial.py took 0.071 seconds
[2023-11-26T00:37:40.190+0000] {processor.py:157} INFO - Started process (PID=2125) to work on /home/airflow/.local/lib/python3.8/site-packages/airflow/example_dags/tutorial.py
[2023-11-26T00:37:40.192+0000] {processor.py:829} INFO - Processing file /home/airflow/.local/lib/python3.8/site-packages/airflow/example_dags/tutorial.py for tasks to queue
[2023-11-26T00:37:40.197+0000] {logging_mixin.py:154} INFO - [2023-11-26T00:37:40.196+0000] {dagbag.py:536} INFO - Filling up the DagBag from /home/airflow/.local/lib/python3.8/site-packages/airflow/example_dags/tutorial.py
[2023-11-26T00:37:40.206+0000] {processor.py:839} INFO - DAG(s) dict_keys(['tutorial']) retrieved from /home/airflow/.local/lib/python3.8/site-packages/airflow/example_dags/tutorial.py
[2023-11-26T00:37:40.231+0000] {logging_mixin.py:154} INFO - [2023-11-26T00:37:40.231+0000] {dag.py:2941} INFO - Sync 1 DAGs
[2023-11-26T00:37:40.253+0000] {logging_mixin.py:154} INFO - [2023-11-26T00:37:40.253+0000] {dag.py:3722} INFO - Setting next_dagrun for tutorial to 2023-11-25T00:37:40.252795+00:00, run_after=2023-11-26T00:37:40.252795+00:00
[2023-11-26T00:37:40.279+0000] {processor.py:179} INFO - Processing /home/airflow/.local/lib/python3.8/site-packages/airflow/example_dags/tutorial.py took 0.096 seconds
[2023-11-26T00:38:11.225+0000] {processor.py:157} INFO - Started process (PID=2179) to work on /home/airflow/.local/lib/python3.8/site-packages/airflow/example_dags/tutorial.py
[2023-11-26T00:38:11.226+0000] {processor.py:829} INFO - Processing file /home/airflow/.local/lib/python3.8/site-packages/airflow/example_dags/tutorial.py for tasks to queue
[2023-11-26T00:38:11.230+0000] {logging_mixin.py:154} INFO - [2023-11-26T00:38:11.230+0000] {dagbag.py:536} INFO - Filling up the DagBag from /home/airflow/.local/lib/python3.8/site-packages/airflow/example_dags/tutorial.py
[2023-11-26T00:38:11.236+0000] {processor.py:839} INFO - DAG(s) dict_keys(['tutorial']) retrieved from /home/airflow/.local/lib/python3.8/site-packages/airflow/example_dags/tutorial.py
[2023-11-26T00:38:11.262+0000] {logging_mixin.py:154} INFO - [2023-11-26T00:38:11.262+0000] {dag.py:2941} INFO - Sync 1 DAGs
[2023-11-26T00:38:11.284+0000] {logging_mixin.py:154} INFO - [2023-11-26T00:38:11.284+0000] {dag.py:3722} INFO - Setting next_dagrun for tutorial to 2023-11-25T00:38:11.284382+00:00, run_after=2023-11-26T00:38:11.284382+00:00
[2023-11-26T00:38:11.307+0000] {processor.py:179} INFO - Processing /home/airflow/.local/lib/python3.8/site-packages/airflow/example_dags/tutorial.py took 0.085 seconds
[2023-11-26T00:38:41.514+0000] {processor.py:157} INFO - Started process (PID=2233) to work on /home/airflow/.local/lib/python3.8/site-packages/airflow/example_dags/tutorial.py
[2023-11-26T00:38:41.515+0000] {processor.py:829} INFO - Processing file /home/airflow/.local/lib/python3.8/site-packages/airflow/example_dags/tutorial.py for tasks to queue
[2023-11-26T00:38:41.519+0000] {logging_mixin.py:154} INFO - [2023-11-26T00:38:41.519+0000] {dagbag.py:536} INFO - Filling up the DagBag from /home/airflow/.local/lib/python3.8/site-packages/airflow/example_dags/tutorial.py
[2023-11-26T00:38:41.526+0000] {processor.py:839} INFO - DAG(s) dict_keys(['tutorial']) retrieved from /home/airflow/.local/lib/python3.8/site-packages/airflow/example_dags/tutorial.py
[2023-11-26T00:38:41.555+0000] {logging_mixin.py:154} INFO - [2023-11-26T00:38:41.554+0000] {dag.py:2941} INFO - Sync 1 DAGs
[2023-11-26T00:38:41.583+0000] {logging_mixin.py:154} INFO - [2023-11-26T00:38:41.583+0000] {dag.py:3722} INFO - Setting next_dagrun for tutorial to 2023-11-25T00:38:41.583485+00:00, run_after=2023-11-26T00:38:41.583485+00:00
[2023-11-26T00:38:41.783+0000] {processor.py:179} INFO - Processing /home/airflow/.local/lib/python3.8/site-packages/airflow/example_dags/tutorial.py took 0.273 seconds
[2023-11-26T00:39:12.741+0000] {processor.py:157} INFO - Started process (PID=2287) to work on /home/airflow/.local/lib/python3.8/site-packages/airflow/example_dags/tutorial.py
[2023-11-26T00:39:12.742+0000] {processor.py:829} INFO - Processing file /home/airflow/.local/lib/python3.8/site-packages/airflow/example_dags/tutorial.py for tasks to queue
[2023-11-26T00:39:12.745+0000] {logging_mixin.py:154} INFO - [2023-11-26T00:39:12.745+0000] {dagbag.py:536} INFO - Filling up the DagBag from /home/airflow/.local/lib/python3.8/site-packages/airflow/example_dags/tutorial.py
[2023-11-26T00:39:12.751+0000] {processor.py:839} INFO - DAG(s) dict_keys(['tutorial']) retrieved from /home/airflow/.local/lib/python3.8/site-packages/airflow/example_dags/tutorial.py
[2023-11-26T00:39:12.771+0000] {logging_mixin.py:154} INFO - [2023-11-26T00:39:12.771+0000] {dag.py:2941} INFO - Sync 1 DAGs
[2023-11-26T00:39:12.793+0000] {logging_mixin.py:154} INFO - [2023-11-26T00:39:12.793+0000] {dag.py:3722} INFO - Setting next_dagrun for tutorial to 2023-11-25T00:39:12.793358+00:00, run_after=2023-11-26T00:39:12.793358+00:00
[2023-11-26T00:39:12.818+0000] {processor.py:179} INFO - Processing /home/airflow/.local/lib/python3.8/site-packages/airflow/example_dags/tutorial.py took 0.080 seconds
[2023-11-26T00:39:43.005+0000] {processor.py:157} INFO - Started process (PID=2341) to work on /home/airflow/.local/lib/python3.8/site-packages/airflow/example_dags/tutorial.py
[2023-11-26T00:39:43.006+0000] {processor.py:829} INFO - Processing file /home/airflow/.local/lib/python3.8/site-packages/airflow/example_dags/tutorial.py for tasks to queue
[2023-11-26T00:39:43.009+0000] {logging_mixin.py:154} INFO - [2023-11-26T00:39:43.009+0000] {dagbag.py:536} INFO - Filling up the DagBag from /home/airflow/.local/lib/python3.8/site-packages/airflow/example_dags/tutorial.py
[2023-11-26T00:39:43.016+0000] {processor.py:839} INFO - DAG(s) dict_keys(['tutorial']) retrieved from /home/airflow/.local/lib/python3.8/site-packages/airflow/example_dags/tutorial.py
[2023-11-26T00:39:43.038+0000] {logging_mixin.py:154} INFO - [2023-11-26T00:39:43.038+0000] {dag.py:2941} INFO - Sync 1 DAGs
[2023-11-26T00:39:43.058+0000] {logging_mixin.py:154} INFO - [2023-11-26T00:39:43.058+0000] {dag.py:3722} INFO - Setting next_dagrun for tutorial to 2023-11-25T00:39:43.058357+00:00, run_after=2023-11-26T00:39:43.058357+00:00
[2023-11-26T00:39:43.080+0000] {processor.py:179} INFO - Processing /home/airflow/.local/lib/python3.8/site-packages/airflow/example_dags/tutorial.py took 0.082 seconds
[2023-11-26T00:40:13.429+0000] {processor.py:157} INFO - Started process (PID=2395) to work on /home/airflow/.local/lib/python3.8/site-packages/airflow/example_dags/tutorial.py
[2023-11-26T00:40:13.430+0000] {processor.py:829} INFO - Processing file /home/airflow/.local/lib/python3.8/site-packages/airflow/example_dags/tutorial.py for tasks to queue
[2023-11-26T00:40:13.433+0000] {logging_mixin.py:154} INFO - [2023-11-26T00:40:13.433+0000] {dagbag.py:536} INFO - Filling up the DagBag from /home/airflow/.local/lib/python3.8/site-packages/airflow/example_dags/tutorial.py
[2023-11-26T00:40:13.438+0000] {processor.py:839} INFO - DAG(s) dict_keys(['tutorial']) retrieved from /home/airflow/.local/lib/python3.8/site-packages/airflow/example_dags/tutorial.py
[2023-11-26T00:40:13.460+0000] {logging_mixin.py:154} INFO - [2023-11-26T00:40:13.460+0000] {dag.py:2941} INFO - Sync 1 DAGs
[2023-11-26T00:40:13.483+0000] {logging_mixin.py:154} INFO - [2023-11-26T00:40:13.483+0000] {dag.py:3722} INFO - Setting next_dagrun for tutorial to 2023-11-25T00:40:13.483040+00:00, run_after=2023-11-26T00:40:13.483040+00:00
[2023-11-26T00:40:13.610+0000] {processor.py:179} INFO - Processing /home/airflow/.local/lib/python3.8/site-packages/airflow/example_dags/tutorial.py took 0.186 seconds
[2023-11-26T00:40:43.808+0000] {processor.py:157} INFO - Started process (PID=2449) to work on /home/airflow/.local/lib/python3.8/site-packages/airflow/example_dags/tutorial.py
[2023-11-26T00:40:43.809+0000] {processor.py:829} INFO - Processing file /home/airflow/.local/lib/python3.8/site-packages/airflow/example_dags/tutorial.py for tasks to queue
[2023-11-26T00:40:43.812+0000] {logging_mixin.py:154} INFO - [2023-11-26T00:40:43.812+0000] {dagbag.py:536} INFO - Filling up the DagBag from /home/airflow/.local/lib/python3.8/site-packages/airflow/example_dags/tutorial.py
[2023-11-26T00:40:43.817+0000] {processor.py:839} INFO - DAG(s) dict_keys(['tutorial']) retrieved from /home/airflow/.local/lib/python3.8/site-packages/airflow/example_dags/tutorial.py
[2023-11-26T00:40:43.839+0000] {logging_mixin.py:154} INFO - [2023-11-26T00:40:43.839+0000] {dag.py:2941} INFO - Sync 1 DAGs
[2023-11-26T00:40:43.858+0000] {logging_mixin.py:154} INFO - [2023-11-26T00:40:43.858+0000] {dag.py:3722} INFO - Setting next_dagrun for tutorial to 2023-11-25T00:40:43.858528+00:00, run_after=2023-11-26T00:40:43.858528+00:00
[2023-11-26T00:40:43.885+0000] {processor.py:179} INFO - Processing /home/airflow/.local/lib/python3.8/site-packages/airflow/example_dags/tutorial.py took 0.080 seconds
[2023-11-26T00:41:14.185+0000] {processor.py:157} INFO - Started process (PID=2503) to work on /home/airflow/.local/lib/python3.8/site-packages/airflow/example_dags/tutorial.py
[2023-11-26T00:41:14.187+0000] {processor.py:829} INFO - Processing file /home/airflow/.local/lib/python3.8/site-packages/airflow/example_dags/tutorial.py for tasks to queue
[2023-11-26T00:41:14.190+0000] {logging_mixin.py:154} INFO - [2023-11-26T00:41:14.190+0000] {dagbag.py:536} INFO - Filling up the DagBag from /home/airflow/.local/lib/python3.8/site-packages/airflow/example_dags/tutorial.py
[2023-11-26T00:41:14.196+0000] {processor.py:839} INFO - DAG(s) dict_keys(['tutorial']) retrieved from /home/airflow/.local/lib/python3.8/site-packages/airflow/example_dags/tutorial.py
[2023-11-26T00:41:14.215+0000] {logging_mixin.py:154} INFO - [2023-11-26T00:41:14.215+0000] {dag.py:2941} INFO - Sync 1 DAGs
[2023-11-26T00:41:14.235+0000] {logging_mixin.py:154} INFO - [2023-11-26T00:41:14.235+0000] {dag.py:3722} INFO - Setting next_dagrun for tutorial to 2023-11-25T00:41:14.234758+00:00, run_after=2023-11-26T00:41:14.234758+00:00
[2023-11-26T00:41:14.257+0000] {processor.py:179} INFO - Processing /home/airflow/.local/lib/python3.8/site-packages/airflow/example_dags/tutorial.py took 0.076 seconds
[2023-11-26T00:41:44.407+0000] {processor.py:157} INFO - Started process (PID=2557) to work on /home/airflow/.local/lib/python3.8/site-packages/airflow/example_dags/tutorial.py
[2023-11-26T00:41:44.408+0000] {processor.py:829} INFO - Processing file /home/airflow/.local/lib/python3.8/site-packages/airflow/example_dags/tutorial.py for tasks to queue
[2023-11-26T00:41:44.412+0000] {logging_mixin.py:154} INFO - [2023-11-26T00:41:44.411+0000] {dagbag.py:536} INFO - Filling up the DagBag from /home/airflow/.local/lib/python3.8/site-packages/airflow/example_dags/tutorial.py
[2023-11-26T00:41:44.417+0000] {processor.py:839} INFO - DAG(s) dict_keys(['tutorial']) retrieved from /home/airflow/.local/lib/python3.8/site-packages/airflow/example_dags/tutorial.py
[2023-11-26T00:41:44.438+0000] {logging_mixin.py:154} INFO - [2023-11-26T00:41:44.437+0000] {dag.py:2941} INFO - Sync 1 DAGs
[2023-11-26T00:41:44.572+0000] {logging_mixin.py:154} INFO - [2023-11-26T00:41:44.572+0000] {dag.py:3722} INFO - Setting next_dagrun for tutorial to 2023-11-25T00:41:44.572194+00:00, run_after=2023-11-26T00:41:44.572194+00:00
[2023-11-26T00:41:44.597+0000] {processor.py:179} INFO - Processing /home/airflow/.local/lib/python3.8/site-packages/airflow/example_dags/tutorial.py took 0.194 seconds
[2023-11-26T00:42:15.396+0000] {processor.py:157} INFO - Started process (PID=2611) to work on /home/airflow/.local/lib/python3.8/site-packages/airflow/example_dags/tutorial.py
[2023-11-26T00:42:15.397+0000] {processor.py:829} INFO - Processing file /home/airflow/.local/lib/python3.8/site-packages/airflow/example_dags/tutorial.py for tasks to queue
[2023-11-26T00:42:15.401+0000] {logging_mixin.py:154} INFO - [2023-11-26T00:42:15.400+0000] {dagbag.py:536} INFO - Filling up the DagBag from /home/airflow/.local/lib/python3.8/site-packages/airflow/example_dags/tutorial.py
[2023-11-26T00:42:15.407+0000] {processor.py:839} INFO - DAG(s) dict_keys(['tutorial']) retrieved from /home/airflow/.local/lib/python3.8/site-packages/airflow/example_dags/tutorial.py
[2023-11-26T00:42:15.435+0000] {logging_mixin.py:154} INFO - [2023-11-26T00:42:15.435+0000] {dag.py:2941} INFO - Sync 1 DAGs
[2023-11-26T00:42:15.465+0000] {logging_mixin.py:154} INFO - [2023-11-26T00:42:15.464+0000] {dag.py:3722} INFO - Setting next_dagrun for tutorial to 2023-11-25T00:42:15.464213+00:00, run_after=2023-11-26T00:42:15.464213+00:00
[2023-11-26T00:42:15.502+0000] {processor.py:179} INFO - Processing /home/airflow/.local/lib/python3.8/site-packages/airflow/example_dags/tutorial.py took 0.111 seconds
[2023-11-26T00:42:45.723+0000] {processor.py:157} INFO - Started process (PID=2665) to work on /home/airflow/.local/lib/python3.8/site-packages/airflow/example_dags/tutorial.py
[2023-11-26T00:42:45.725+0000] {processor.py:829} INFO - Processing file /home/airflow/.local/lib/python3.8/site-packages/airflow/example_dags/tutorial.py for tasks to queue
[2023-11-26T00:42:45.728+0000] {logging_mixin.py:154} INFO - [2023-11-26T00:42:45.728+0000] {dagbag.py:536} INFO - Filling up the DagBag from /home/airflow/.local/lib/python3.8/site-packages/airflow/example_dags/tutorial.py
[2023-11-26T00:42:45.738+0000] {processor.py:839} INFO - DAG(s) dict_keys(['tutorial']) retrieved from /home/airflow/.local/lib/python3.8/site-packages/airflow/example_dags/tutorial.py
[2023-11-26T00:42:45.951+0000] {logging_mixin.py:154} INFO - [2023-11-26T00:42:45.951+0000] {dag.py:2941} INFO - Sync 1 DAGs
[2023-11-26T00:42:45.981+0000] {logging_mixin.py:154} INFO - [2023-11-26T00:42:45.980+0000] {dag.py:3722} INFO - Setting next_dagrun for tutorial to 2023-11-25T00:42:45.980780+00:00, run_after=2023-11-26T00:42:45.980780+00:00
[2023-11-26T00:42:46.020+0000] {processor.py:179} INFO - Processing /home/airflow/.local/lib/python3.8/site-packages/airflow/example_dags/tutorial.py took 0.303 seconds
[2023-11-26T00:43:16.821+0000] {processor.py:157} INFO - Started process (PID=2719) to work on /home/airflow/.local/lib/python3.8/site-packages/airflow/example_dags/tutorial.py
[2023-11-26T00:43:16.823+0000] {processor.py:829} INFO - Processing file /home/airflow/.local/lib/python3.8/site-packages/airflow/example_dags/tutorial.py for tasks to queue
[2023-11-26T00:43:16.827+0000] {logging_mixin.py:154} INFO - [2023-11-26T00:43:16.827+0000] {dagbag.py:536} INFO - Filling up the DagBag from /home/airflow/.local/lib/python3.8/site-packages/airflow/example_dags/tutorial.py
[2023-11-26T00:43:16.832+0000] {processor.py:839} INFO - DAG(s) dict_keys(['tutorial']) retrieved from /home/airflow/.local/lib/python3.8/site-packages/airflow/example_dags/tutorial.py
[2023-11-26T00:43:16.853+0000] {logging_mixin.py:154} INFO - [2023-11-26T00:43:16.853+0000] {dag.py:2941} INFO - Sync 1 DAGs
[2023-11-26T00:43:16.982+0000] {logging_mixin.py:154} INFO - [2023-11-26T00:43:16.981+0000] {dag.py:3722} INFO - Setting next_dagrun for tutorial to 2023-11-25T00:43:16.981665+00:00, run_after=2023-11-26T00:43:16.981665+00:00
[2023-11-26T00:43:17.004+0000] {processor.py:179} INFO - Processing /home/airflow/.local/lib/python3.8/site-packages/airflow/example_dags/tutorial.py took 0.187 seconds
[2023-11-26T00:43:47.476+0000] {processor.py:157} INFO - Started process (PID=2773) to work on /home/airflow/.local/lib/python3.8/site-packages/airflow/example_dags/tutorial.py
[2023-11-26T00:43:47.478+0000] {processor.py:829} INFO - Processing file /home/airflow/.local/lib/python3.8/site-packages/airflow/example_dags/tutorial.py for tasks to queue
[2023-11-26T00:43:47.588+0000] {logging_mixin.py:154} INFO - [2023-11-26T00:43:47.588+0000] {dagbag.py:536} INFO - Filling up the DagBag from /home/airflow/.local/lib/python3.8/site-packages/airflow/example_dags/tutorial.py
[2023-11-26T00:43:47.592+0000] {processor.py:839} INFO - DAG(s) dict_keys(['tutorial']) retrieved from /home/airflow/.local/lib/python3.8/site-packages/airflow/example_dags/tutorial.py
[2023-11-26T00:43:47.611+0000] {logging_mixin.py:154} INFO - [2023-11-26T00:43:47.611+0000] {dag.py:2941} INFO - Sync 1 DAGs
[2023-11-26T00:43:47.627+0000] {logging_mixin.py:154} INFO - [2023-11-26T00:43:47.627+0000] {dag.py:3722} INFO - Setting next_dagrun for tutorial to 2023-11-25T00:43:47.627555+00:00, run_after=2023-11-26T00:43:47.627555+00:00
[2023-11-26T00:43:47.648+0000] {processor.py:179} INFO - Processing /home/airflow/.local/lib/python3.8/site-packages/airflow/example_dags/tutorial.py took 0.176 seconds
[2023-11-26T00:44:17.787+0000] {processor.py:157} INFO - Started process (PID=2827) to work on /home/airflow/.local/lib/python3.8/site-packages/airflow/example_dags/tutorial.py
[2023-11-26T00:44:17.788+0000] {processor.py:829} INFO - Processing file /home/airflow/.local/lib/python3.8/site-packages/airflow/example_dags/tutorial.py for tasks to queue
[2023-11-26T00:44:17.792+0000] {logging_mixin.py:154} INFO - [2023-11-26T00:44:17.791+0000] {dagbag.py:536} INFO - Filling up the DagBag from /home/airflow/.local/lib/python3.8/site-packages/airflow/example_dags/tutorial.py
[2023-11-26T00:44:17.798+0000] {processor.py:839} INFO - DAG(s) dict_keys(['tutorial']) retrieved from /home/airflow/.local/lib/python3.8/site-packages/airflow/example_dags/tutorial.py
[2023-11-26T00:44:17.819+0000] {logging_mixin.py:154} INFO - [2023-11-26T00:44:17.819+0000] {dag.py:2941} INFO - Sync 1 DAGs
[2023-11-26T00:44:17.841+0000] {logging_mixin.py:154} INFO - [2023-11-26T00:44:17.841+0000] {dag.py:3722} INFO - Setting next_dagrun for tutorial to 2023-11-25T00:44:17.841161+00:00, run_after=2023-11-26T00:44:17.841161+00:00
[2023-11-26T00:44:17.866+0000] {processor.py:179} INFO - Processing /home/airflow/.local/lib/python3.8/site-packages/airflow/example_dags/tutorial.py took 0.082 seconds
[2023-11-26T00:44:48.037+0000] {processor.py:157} INFO - Started process (PID=2881) to work on /home/airflow/.local/lib/python3.8/site-packages/airflow/example_dags/tutorial.py
[2023-11-26T00:44:48.039+0000] {processor.py:829} INFO - Processing file /home/airflow/.local/lib/python3.8/site-packages/airflow/example_dags/tutorial.py for tasks to queue
[2023-11-26T00:44:48.042+0000] {logging_mixin.py:154} INFO - [2023-11-26T00:44:48.042+0000] {dagbag.py:536} INFO - Filling up the DagBag from /home/airflow/.local/lib/python3.8/site-packages/airflow/example_dags/tutorial.py
[2023-11-26T00:44:48.047+0000] {processor.py:839} INFO - DAG(s) dict_keys(['tutorial']) retrieved from /home/airflow/.local/lib/python3.8/site-packages/airflow/example_dags/tutorial.py
[2023-11-26T00:44:48.071+0000] {logging_mixin.py:154} INFO - [2023-11-26T00:44:48.071+0000] {dag.py:2941} INFO - Sync 1 DAGs
[2023-11-26T00:44:48.095+0000] {logging_mixin.py:154} INFO - [2023-11-26T00:44:48.094+0000] {dag.py:3722} INFO - Setting next_dagrun for tutorial to 2023-11-25T00:44:48.094646+00:00, run_after=2023-11-26T00:44:48.094646+00:00
[2023-11-26T00:44:48.117+0000] {processor.py:179} INFO - Processing /home/airflow/.local/lib/python3.8/site-packages/airflow/example_dags/tutorial.py took 0.083 seconds
[2023-11-26T00:45:18.940+0000] {processor.py:157} INFO - Started process (PID=2935) to work on /home/airflow/.local/lib/python3.8/site-packages/airflow/example_dags/tutorial.py
[2023-11-26T00:45:18.943+0000] {processor.py:829} INFO - Processing file /home/airflow/.local/lib/python3.8/site-packages/airflow/example_dags/tutorial.py for tasks to queue
[2023-11-26T00:45:18.948+0000] {logging_mixin.py:154} INFO - [2023-11-26T00:45:18.948+0000] {dagbag.py:536} INFO - Filling up the DagBag from /home/airflow/.local/lib/python3.8/site-packages/airflow/example_dags/tutorial.py
[2023-11-26T00:45:18.967+0000] {processor.py:839} INFO - DAG(s) dict_keys(['tutorial']) retrieved from /home/airflow/.local/lib/python3.8/site-packages/airflow/example_dags/tutorial.py
[2023-11-26T00:45:18.998+0000] {logging_mixin.py:154} INFO - [2023-11-26T00:45:18.998+0000] {dag.py:2941} INFO - Sync 1 DAGs
[2023-11-26T00:45:19.027+0000] {logging_mixin.py:154} INFO - [2023-11-26T00:45:19.026+0000] {dag.py:3722} INFO - Setting next_dagrun for tutorial to 2023-11-25T00:45:19.026427+00:00, run_after=2023-11-26T00:45:19.026427+00:00
[2023-11-26T00:45:19.055+0000] {processor.py:179} INFO - Processing /home/airflow/.local/lib/python3.8/site-packages/airflow/example_dags/tutorial.py took 0.121 seconds
[2023-11-26T00:45:49.176+0000] {processor.py:157} INFO - Started process (PID=2989) to work on /home/airflow/.local/lib/python3.8/site-packages/airflow/example_dags/tutorial.py
[2023-11-26T00:45:49.178+0000] {processor.py:829} INFO - Processing file /home/airflow/.local/lib/python3.8/site-packages/airflow/example_dags/tutorial.py for tasks to queue
[2023-11-26T00:45:49.182+0000] {logging_mixin.py:154} INFO - [2023-11-26T00:45:49.182+0000] {dagbag.py:536} INFO - Filling up the DagBag from /home/airflow/.local/lib/python3.8/site-packages/airflow/example_dags/tutorial.py
[2023-11-26T00:45:49.189+0000] {processor.py:839} INFO - DAG(s) dict_keys(['tutorial']) retrieved from /home/airflow/.local/lib/python3.8/site-packages/airflow/example_dags/tutorial.py
[2023-11-26T00:45:49.226+0000] {logging_mixin.py:154} INFO - [2023-11-26T00:45:49.226+0000] {dag.py:2941} INFO - Sync 1 DAGs
[2023-11-26T00:45:49.262+0000] {logging_mixin.py:154} INFO - [2023-11-26T00:45:49.261+0000] {dag.py:3722} INFO - Setting next_dagrun for tutorial to 2023-11-25T00:45:49.260390+00:00, run_after=2023-11-26T00:45:49.260390+00:00
[2023-11-26T00:45:49.299+0000] {processor.py:179} INFO - Processing /home/airflow/.local/lib/python3.8/site-packages/airflow/example_dags/tutorial.py took 0.130 seconds
[2023-11-26T00:46:19.834+0000] {processor.py:157} INFO - Started process (PID=3043) to work on /home/airflow/.local/lib/python3.8/site-packages/airflow/example_dags/tutorial.py
[2023-11-26T00:46:19.835+0000] {processor.py:829} INFO - Processing file /home/airflow/.local/lib/python3.8/site-packages/airflow/example_dags/tutorial.py for tasks to queue
[2023-11-26T00:46:19.838+0000] {logging_mixin.py:154} INFO - [2023-11-26T00:46:19.838+0000] {dagbag.py:536} INFO - Filling up the DagBag from /home/airflow/.local/lib/python3.8/site-packages/airflow/example_dags/tutorial.py
[2023-11-26T00:46:19.843+0000] {processor.py:839} INFO - DAG(s) dict_keys(['tutorial']) retrieved from /home/airflow/.local/lib/python3.8/site-packages/airflow/example_dags/tutorial.py
[2023-11-26T00:46:19.861+0000] {logging_mixin.py:154} INFO - [2023-11-26T00:46:19.861+0000] {dag.py:2941} INFO - Sync 1 DAGs
[2023-11-26T00:46:19.882+0000] {logging_mixin.py:154} INFO - [2023-11-26T00:46:19.882+0000] {dag.py:3722} INFO - Setting next_dagrun for tutorial to 2023-11-25T00:46:19.881829+00:00, run_after=2023-11-26T00:46:19.881829+00:00
[2023-11-26T00:46:19.901+0000] {processor.py:179} INFO - Processing /home/airflow/.local/lib/python3.8/site-packages/airflow/example_dags/tutorial.py took 0.071 seconds
[2023-11-26T00:46:50.996+0000] {processor.py:157} INFO - Started process (PID=3098) to work on /home/airflow/.local/lib/python3.8/site-packages/airflow/example_dags/tutorial.py
[2023-11-26T00:46:50.999+0000] {processor.py:829} INFO - Processing file /home/airflow/.local/lib/python3.8/site-packages/airflow/example_dags/tutorial.py for tasks to queue
[2023-11-26T00:46:51.004+0000] {logging_mixin.py:154} INFO - [2023-11-26T00:46:51.003+0000] {dagbag.py:536} INFO - Filling up the DagBag from /home/airflow/.local/lib/python3.8/site-packages/airflow/example_dags/tutorial.py
[2023-11-26T00:46:51.015+0000] {processor.py:839} INFO - DAG(s) dict_keys(['tutorial']) retrieved from /home/airflow/.local/lib/python3.8/site-packages/airflow/example_dags/tutorial.py
[2023-11-26T00:46:51.049+0000] {logging_mixin.py:154} INFO - [2023-11-26T00:46:51.048+0000] {dag.py:2941} INFO - Sync 1 DAGs
[2023-11-26T00:46:51.084+0000] {logging_mixin.py:154} INFO - [2023-11-26T00:46:51.084+0000] {dag.py:3722} INFO - Setting next_dagrun for tutorial to 2023-11-25T00:46:51.084364+00:00, run_after=2023-11-26T00:46:51.084364+00:00
[2023-11-26T00:46:51.120+0000] {processor.py:179} INFO - Processing /home/airflow/.local/lib/python3.8/site-packages/airflow/example_dags/tutorial.py took 0.129 seconds
[2023-11-26T00:47:21.790+0000] {processor.py:157} INFO - Started process (PID=3152) to work on /home/airflow/.local/lib/python3.8/site-packages/airflow/example_dags/tutorial.py
[2023-11-26T00:47:21.792+0000] {processor.py:829} INFO - Processing file /home/airflow/.local/lib/python3.8/site-packages/airflow/example_dags/tutorial.py for tasks to queue
[2023-11-26T00:47:21.796+0000] {logging_mixin.py:154} INFO - [2023-11-26T00:47:21.796+0000] {dagbag.py:536} INFO - Filling up the DagBag from /home/airflow/.local/lib/python3.8/site-packages/airflow/example_dags/tutorial.py
[2023-11-26T00:47:21.807+0000] {processor.py:839} INFO - DAG(s) dict_keys(['tutorial']) retrieved from /home/airflow/.local/lib/python3.8/site-packages/airflow/example_dags/tutorial.py
[2023-11-26T00:47:21.863+0000] {logging_mixin.py:154} INFO - [2023-11-26T00:47:21.863+0000] {dag.py:2941} INFO - Sync 1 DAGs
[2023-11-26T00:47:21.906+0000] {logging_mixin.py:154} INFO - [2023-11-26T00:47:21.906+0000] {dag.py:3722} INFO - Setting next_dagrun for tutorial to 2023-11-25T00:47:21.905673+00:00, run_after=2023-11-26T00:47:21.905673+00:00
[2023-11-26T00:47:21.944+0000] {processor.py:179} INFO - Processing /home/airflow/.local/lib/python3.8/site-packages/airflow/example_dags/tutorial.py took 0.158 seconds
[2023-11-26T00:47:52.346+0000] {processor.py:157} INFO - Started process (PID=3205) to work on /home/airflow/.local/lib/python3.8/site-packages/airflow/example_dags/tutorial.py
[2023-11-26T00:47:52.351+0000] {processor.py:829} INFO - Processing file /home/airflow/.local/lib/python3.8/site-packages/airflow/example_dags/tutorial.py for tasks to queue
[2023-11-26T00:47:52.374+0000] {logging_mixin.py:154} INFO - [2023-11-26T00:47:52.372+0000] {dagbag.py:536} INFO - Filling up the DagBag from /home/airflow/.local/lib/python3.8/site-packages/airflow/example_dags/tutorial.py
[2023-11-26T00:47:52.385+0000] {processor.py:839} INFO - DAG(s) dict_keys(['tutorial']) retrieved from /home/airflow/.local/lib/python3.8/site-packages/airflow/example_dags/tutorial.py
[2023-11-26T00:47:52.445+0000] {logging_mixin.py:154} INFO - [2023-11-26T00:47:52.442+0000] {dag.py:2941} INFO - Sync 1 DAGs
[2023-11-26T00:47:52.500+0000] {logging_mixin.py:154} INFO - [2023-11-26T00:47:52.500+0000] {dag.py:3722} INFO - Setting next_dagrun for tutorial to 2023-11-25T00:47:52.500025+00:00, run_after=2023-11-26T00:47:52.500025+00:00
[2023-11-26T00:47:52.564+0000] {processor.py:179} INFO - Processing /home/airflow/.local/lib/python3.8/site-packages/airflow/example_dags/tutorial.py took 0.222 seconds
[2023-11-26T00:48:23.016+0000] {processor.py:157} INFO - Started process (PID=3259) to work on /home/airflow/.local/lib/python3.8/site-packages/airflow/example_dags/tutorial.py
[2023-11-26T00:48:23.019+0000] {processor.py:829} INFO - Processing file /home/airflow/.local/lib/python3.8/site-packages/airflow/example_dags/tutorial.py for tasks to queue
[2023-11-26T00:48:23.029+0000] {logging_mixin.py:154} INFO - [2023-11-26T00:48:23.029+0000] {dagbag.py:536} INFO - Filling up the DagBag from /home/airflow/.local/lib/python3.8/site-packages/airflow/example_dags/tutorial.py
[2023-11-26T00:48:23.039+0000] {processor.py:839} INFO - DAG(s) dict_keys(['tutorial']) retrieved from /home/airflow/.local/lib/python3.8/site-packages/airflow/example_dags/tutorial.py
[2023-11-26T00:48:23.101+0000] {logging_mixin.py:154} INFO - [2023-11-26T00:48:23.099+0000] {dag.py:2941} INFO - Sync 1 DAGs
[2023-11-26T00:48:23.168+0000] {logging_mixin.py:154} INFO - [2023-11-26T00:48:23.168+0000] {dag.py:3722} INFO - Setting next_dagrun for tutorial to 2023-11-25T00:48:23.167698+00:00, run_after=2023-11-26T00:48:23.167698+00:00
[2023-11-26T00:48:23.219+0000] {processor.py:179} INFO - Processing /home/airflow/.local/lib/python3.8/site-packages/airflow/example_dags/tutorial.py took 0.206 seconds
[2023-11-26T00:48:53.445+0000] {processor.py:157} INFO - Started process (PID=3312) to work on /home/airflow/.local/lib/python3.8/site-packages/airflow/example_dags/tutorial.py
[2023-11-26T00:48:53.447+0000] {processor.py:829} INFO - Processing file /home/airflow/.local/lib/python3.8/site-packages/airflow/example_dags/tutorial.py for tasks to queue
[2023-11-26T00:48:53.453+0000] {logging_mixin.py:154} INFO - [2023-11-26T00:48:53.452+0000] {dagbag.py:536} INFO - Filling up the DagBag from /home/airflow/.local/lib/python3.8/site-packages/airflow/example_dags/tutorial.py
[2023-11-26T00:48:53.462+0000] {processor.py:839} INFO - DAG(s) dict_keys(['tutorial']) retrieved from /home/airflow/.local/lib/python3.8/site-packages/airflow/example_dags/tutorial.py
[2023-11-26T00:48:53.516+0000] {logging_mixin.py:154} INFO - [2023-11-26T00:48:53.515+0000] {dag.py:2941} INFO - Sync 1 DAGs
[2023-11-26T00:48:53.563+0000] {logging_mixin.py:154} INFO - [2023-11-26T00:48:53.563+0000] {dag.py:3722} INFO - Setting next_dagrun for tutorial to 2023-11-25T00:48:53.563261+00:00, run_after=2023-11-26T00:48:53.563261+00:00
[2023-11-26T00:48:53.958+0000] {processor.py:179} INFO - Processing /home/airflow/.local/lib/python3.8/site-packages/airflow/example_dags/tutorial.py took 0.517 seconds
[2023-11-26T00:49:24.768+0000] {processor.py:157} INFO - Started process (PID=3366) to work on /home/airflow/.local/lib/python3.8/site-packages/airflow/example_dags/tutorial.py
[2023-11-26T00:49:24.779+0000] {processor.py:829} INFO - Processing file /home/airflow/.local/lib/python3.8/site-packages/airflow/example_dags/tutorial.py for tasks to queue
[2023-11-26T00:49:24.786+0000] {logging_mixin.py:154} INFO - [2023-11-26T00:49:24.785+0000] {dagbag.py:536} INFO - Filling up the DagBag from /home/airflow/.local/lib/python3.8/site-packages/airflow/example_dags/tutorial.py
[2023-11-26T00:49:24.795+0000] {processor.py:839} INFO - DAG(s) dict_keys(['tutorial']) retrieved from /home/airflow/.local/lib/python3.8/site-packages/airflow/example_dags/tutorial.py
[2023-11-26T00:49:24.833+0000] {logging_mixin.py:154} INFO - [2023-11-26T00:49:24.832+0000] {dag.py:2941} INFO - Sync 1 DAGs
[2023-11-26T00:49:24.867+0000] {logging_mixin.py:154} INFO - [2023-11-26T00:49:24.867+0000] {dag.py:3722} INFO - Setting next_dagrun for tutorial to 2023-11-25T00:49:24.867165+00:00, run_after=2023-11-26T00:49:24.867165+00:00
[2023-11-26T00:49:24.956+0000] {processor.py:179} INFO - Processing /home/airflow/.local/lib/python3.8/site-packages/airflow/example_dags/tutorial.py took 0.196 seconds
[2023-11-26T00:49:55.533+0000] {processor.py:157} INFO - Started process (PID=3420) to work on /home/airflow/.local/lib/python3.8/site-packages/airflow/example_dags/tutorial.py
[2023-11-26T00:49:55.535+0000] {processor.py:829} INFO - Processing file /home/airflow/.local/lib/python3.8/site-packages/airflow/example_dags/tutorial.py for tasks to queue
[2023-11-26T00:49:55.539+0000] {logging_mixin.py:154} INFO - [2023-11-26T00:49:55.539+0000] {dagbag.py:536} INFO - Filling up the DagBag from /home/airflow/.local/lib/python3.8/site-packages/airflow/example_dags/tutorial.py
[2023-11-26T00:49:55.548+0000] {processor.py:839} INFO - DAG(s) dict_keys(['tutorial']) retrieved from /home/airflow/.local/lib/python3.8/site-packages/airflow/example_dags/tutorial.py
[2023-11-26T00:49:55.588+0000] {logging_mixin.py:154} INFO - [2023-11-26T00:49:55.587+0000] {dag.py:2941} INFO - Sync 1 DAGs
[2023-11-26T00:49:55.628+0000] {logging_mixin.py:154} INFO - [2023-11-26T00:49:55.627+0000] {dag.py:3722} INFO - Setting next_dagrun for tutorial to 2023-11-25T00:49:55.626671+00:00, run_after=2023-11-26T00:49:55.626671+00:00
[2023-11-26T00:49:55.687+0000] {processor.py:179} INFO - Processing /home/airflow/.local/lib/python3.8/site-packages/airflow/example_dags/tutorial.py took 0.163 seconds
[2023-11-26T00:50:25.799+0000] {processor.py:157} INFO - Started process (PID=3473) to work on /home/airflow/.local/lib/python3.8/site-packages/airflow/example_dags/tutorial.py
[2023-11-26T00:50:25.802+0000] {processor.py:829} INFO - Processing file /home/airflow/.local/lib/python3.8/site-packages/airflow/example_dags/tutorial.py for tasks to queue
[2023-11-26T00:50:25.808+0000] {logging_mixin.py:154} INFO - [2023-11-26T00:50:25.807+0000] {dagbag.py:536} INFO - Filling up the DagBag from /home/airflow/.local/lib/python3.8/site-packages/airflow/example_dags/tutorial.py
[2023-11-26T00:50:25.819+0000] {processor.py:839} INFO - DAG(s) dict_keys(['tutorial']) retrieved from /home/airflow/.local/lib/python3.8/site-packages/airflow/example_dags/tutorial.py
[2023-11-26T00:50:25.848+0000] {logging_mixin.py:154} INFO - [2023-11-26T00:50:25.848+0000] {dag.py:2941} INFO - Sync 1 DAGs
[2023-11-26T00:50:25.880+0000] {logging_mixin.py:154} INFO - [2023-11-26T00:50:25.880+0000] {dag.py:3722} INFO - Setting next_dagrun for tutorial to 2023-11-25T00:50:25.879670+00:00, run_after=2023-11-26T00:50:25.879670+00:00
[2023-11-26T00:50:25.921+0000] {processor.py:179} INFO - Processing /home/airflow/.local/lib/python3.8/site-packages/airflow/example_dags/tutorial.py took 0.128 seconds
[2023-11-26T00:50:56.043+0000] {processor.py:157} INFO - Started process (PID=3527) to work on /home/airflow/.local/lib/python3.8/site-packages/airflow/example_dags/tutorial.py
[2023-11-26T00:50:56.046+0000] {processor.py:829} INFO - Processing file /home/airflow/.local/lib/python3.8/site-packages/airflow/example_dags/tutorial.py for tasks to queue
[2023-11-26T00:50:56.053+0000] {logging_mixin.py:154} INFO - [2023-11-26T00:50:56.053+0000] {dagbag.py:536} INFO - Filling up the DagBag from /home/airflow/.local/lib/python3.8/site-packages/airflow/example_dags/tutorial.py
[2023-11-26T00:50:56.062+0000] {processor.py:839} INFO - DAG(s) dict_keys(['tutorial']) retrieved from /home/airflow/.local/lib/python3.8/site-packages/airflow/example_dags/tutorial.py
[2023-11-26T00:50:56.095+0000] {logging_mixin.py:154} INFO - [2023-11-26T00:50:56.095+0000] {dag.py:2941} INFO - Sync 1 DAGs
[2023-11-26T00:50:56.132+0000] {logging_mixin.py:154} INFO - [2023-11-26T00:50:56.132+0000] {dag.py:3722} INFO - Setting next_dagrun for tutorial to 2023-11-25T00:50:56.132037+00:00, run_after=2023-11-26T00:50:56.132037+00:00
[2023-11-26T00:50:56.165+0000] {processor.py:179} INFO - Processing /home/airflow/.local/lib/python3.8/site-packages/airflow/example_dags/tutorial.py took 0.128 seconds
[2023-11-26T00:51:26.381+0000] {processor.py:157} INFO - Started process (PID=3581) to work on /home/airflow/.local/lib/python3.8/site-packages/airflow/example_dags/tutorial.py
[2023-11-26T00:51:26.383+0000] {processor.py:829} INFO - Processing file /home/airflow/.local/lib/python3.8/site-packages/airflow/example_dags/tutorial.py for tasks to queue
[2023-11-26T00:51:26.387+0000] {logging_mixin.py:154} INFO - [2023-11-26T00:51:26.386+0000] {dagbag.py:536} INFO - Filling up the DagBag from /home/airflow/.local/lib/python3.8/site-packages/airflow/example_dags/tutorial.py
[2023-11-26T00:51:26.395+0000] {processor.py:839} INFO - DAG(s) dict_keys(['tutorial']) retrieved from /home/airflow/.local/lib/python3.8/site-packages/airflow/example_dags/tutorial.py
[2023-11-26T00:51:26.435+0000] {logging_mixin.py:154} INFO - [2023-11-26T00:51:26.435+0000] {dag.py:2941} INFO - Sync 1 DAGs
[2023-11-26T00:51:26.470+0000] {logging_mixin.py:154} INFO - [2023-11-26T00:51:26.470+0000] {dag.py:3722} INFO - Setting next_dagrun for tutorial to 2023-11-25T00:51:26.470321+00:00, run_after=2023-11-26T00:51:26.470321+00:00
[2023-11-26T00:51:26.521+0000] {processor.py:179} INFO - Processing /home/airflow/.local/lib/python3.8/site-packages/airflow/example_dags/tutorial.py took 0.144 seconds
[2023-11-26T00:51:57.332+0000] {processor.py:157} INFO - Started process (PID=3635) to work on /home/airflow/.local/lib/python3.8/site-packages/airflow/example_dags/tutorial.py
[2023-11-26T00:51:57.334+0000] {processor.py:829} INFO - Processing file /home/airflow/.local/lib/python3.8/site-packages/airflow/example_dags/tutorial.py for tasks to queue
[2023-11-26T00:51:57.339+0000] {logging_mixin.py:154} INFO - [2023-11-26T00:51:57.338+0000] {dagbag.py:536} INFO - Filling up the DagBag from /home/airflow/.local/lib/python3.8/site-packages/airflow/example_dags/tutorial.py
[2023-11-26T00:51:57.346+0000] {processor.py:839} INFO - DAG(s) dict_keys(['tutorial']) retrieved from /home/airflow/.local/lib/python3.8/site-packages/airflow/example_dags/tutorial.py
[2023-11-26T00:51:57.419+0000] {logging_mixin.py:154} INFO - [2023-11-26T00:51:57.418+0000] {dag.py:2941} INFO - Sync 1 DAGs
[2023-11-26T00:51:57.467+0000] {logging_mixin.py:154} INFO - [2023-11-26T00:51:57.467+0000] {dag.py:3722} INFO - Setting next_dagrun for tutorial to 2023-11-25T00:51:57.467246+00:00, run_after=2023-11-26T00:51:57.467246+00:00
[2023-11-26T00:51:57.553+0000] {processor.py:179} INFO - Processing /home/airflow/.local/lib/python3.8/site-packages/airflow/example_dags/tutorial.py took 0.235 seconds
[2023-11-26T00:52:28.118+0000] {processor.py:157} INFO - Started process (PID=3689) to work on /home/airflow/.local/lib/python3.8/site-packages/airflow/example_dags/tutorial.py
[2023-11-26T00:52:28.120+0000] {processor.py:829} INFO - Processing file /home/airflow/.local/lib/python3.8/site-packages/airflow/example_dags/tutorial.py for tasks to queue
[2023-11-26T00:52:28.123+0000] {logging_mixin.py:154} INFO - [2023-11-26T00:52:28.123+0000] {dagbag.py:536} INFO - Filling up the DagBag from /home/airflow/.local/lib/python3.8/site-packages/airflow/example_dags/tutorial.py
[2023-11-26T00:52:28.130+0000] {processor.py:839} INFO - DAG(s) dict_keys(['tutorial']) retrieved from /home/airflow/.local/lib/python3.8/site-packages/airflow/example_dags/tutorial.py
[2023-11-26T00:52:28.161+0000] {logging_mixin.py:154} INFO - [2023-11-26T00:52:28.161+0000] {dag.py:2941} INFO - Sync 1 DAGs
[2023-11-26T00:52:28.191+0000] {logging_mixin.py:154} INFO - [2023-11-26T00:52:28.191+0000] {dag.py:3722} INFO - Setting next_dagrun for tutorial to 2023-11-25T00:52:28.191174+00:00, run_after=2023-11-26T00:52:28.191174+00:00
[2023-11-26T00:52:28.228+0000] {processor.py:179} INFO - Processing /home/airflow/.local/lib/python3.8/site-packages/airflow/example_dags/tutorial.py took 0.117 seconds
