[2023-11-26T06:10:02.349+0000] {logging_mixin.py:154} INFO - Changing /opt/***/logs/dag_id=outcomes_dag/run_id=manual__2023-11-26T06:09:58.434137+00:00/task_id=EXTRACT_DATA_FROM_API_TO_GCP permission to 509
[2023-11-26T06:10:02.384+0000] {logging_mixin.py:154} INFO - Changing /opt/***/logs/dag_id=outcomes_dag/run_id=manual__2023-11-26T06:09:58.434137+00:00/task_id=EXTRACT_DATA_FROM_API_TO_GCP permission to 509
[2023-11-26T06:10:02.416+0000] {taskinstance.py:1159} INFO - Dependencies all met for dep_context=non-requeueable deps ti=<TaskInstance: outcomes_dag.EXTRACT_DATA_FROM_API_TO_GCP manual__2023-11-26T06:09:58.434137+00:00 [queued]>
[2023-11-26T06:10:02.428+0000] {taskinstance.py:1159} INFO - Dependencies all met for dep_context=requeueable deps ti=<TaskInstance: outcomes_dag.EXTRACT_DATA_FROM_API_TO_GCP manual__2023-11-26T06:09:58.434137+00:00 [queued]>
[2023-11-26T06:10:02.430+0000] {taskinstance.py:1361} INFO - Starting attempt 1 of 2
[2023-11-26T06:10:02.591+0000] {taskinstance.py:1382} INFO - Executing <Task(PythonOperator): EXTRACT_DATA_FROM_API_TO_GCP> on 2023-11-26 06:09:58.434137+00:00
[2023-11-26T06:10:02.597+0000] {standard_task_runner.py:57} INFO - Started process 961 to run task
[2023-11-26T06:10:02.600+0000] {standard_task_runner.py:84} INFO - Running: ['***', 'tasks', 'run', 'outcomes_dag', 'EXTRACT_DATA_FROM_API_TO_GCP', 'manual__2023-11-26T06:09:58.434137+00:00', '--job-id', '29', '--raw', '--subdir', 'DAGS_FOLDER/outcomes_dag.py', '--cfg-path', '/tmp/tmphonm8iio']
[2023-11-26T06:10:02.603+0000] {standard_task_runner.py:85} INFO - Job 29: Subtask EXTRACT_DATA_FROM_API_TO_GCP
[2023-11-26T06:10:02.651+0000] {logging_mixin.py:154} INFO - Changing /opt/***/logs/dag_id=outcomes_dag/run_id=manual__2023-11-26T06:09:58.434137+00:00/task_id=EXTRACT_DATA_FROM_API_TO_GCP permission to 509
[2023-11-26T06:10:02.655+0000] {task_command.py:416} INFO - Running <TaskInstance: outcomes_dag.EXTRACT_DATA_FROM_API_TO_GCP manual__2023-11-26T06:09:58.434137+00:00 [running]> on host 42136bd2bf4d
[2023-11-26T06:10:02.727+0000] {taskinstance.py:1662} INFO - Exporting env vars: AIRFLOW_CTX_DAG_OWNER='***' AIRFLOW_CTX_DAG_ID='outcomes_dag' AIRFLOW_CTX_TASK_ID='EXTRACT_DATA_FROM_API_TO_GCP' AIRFLOW_CTX_EXECUTION_DATE='2023-11-26T06:09:58.434137+00:00' AIRFLOW_CTX_TRY_NUMBER='1' AIRFLOW_CTX_DAG_RUN_ID='manual__2023-11-26T06:09:58.434137+00:00'
[2023-11-26T06:10:04.288+0000] {logging_mixin.py:154} INFO - response :  <Response [200]>
[2023-11-26T06:10:18.749+0000] {logging_mixin.py:154} INFO - response :  <Response [200]>
[2023-11-26T06:10:20.859+0000] {logging_mixin.py:154} INFO - response :  <Response [200]>
[2023-11-26T06:10:23.671+0000] {logging_mixin.py:154} INFO - response :  <Response [200]>
[2023-11-26T06:10:24.722+0000] {logging_mixin.py:154} INFO - Writing data to GCS.....
[2023-11-26T06:10:58.677+0000] {logging_mixin.py:154} INFO - Completed writing data to GCS with date: 2023-11-25.
[2023-11-26T06:10:58.810+0000] {python.py:194} INFO - Done. Returned value was: None
[2023-11-26T06:10:58.826+0000] {taskinstance.py:1400} INFO - Marking task as SUCCESS. dag_id=outcomes_dag, task_id=EXTRACT_DATA_FROM_API_TO_GCP, execution_date=20231126T060958, start_date=20231126T061002, end_date=20231126T061058
[2023-11-26T06:10:58.871+0000] {local_task_job_runner.py:228} INFO - Task exited with return code 0
[2023-11-26T06:10:58.899+0000] {taskinstance.py:2778} INFO - 1 downstream tasks scheduled from follow-on schedule check
