[2023-11-26T05:30:59.709+0000] {logging_mixin.py:154} INFO - Changing /opt/***/logs/dag_id=outcomes_dag1/run_id=manual__2023-11-26T05:30:53.766286+00:00/task_id=EXTRACT_DATA_FROM_API_TO_GCP permission to 509
[2023-11-26T05:30:59.777+0000] {logging_mixin.py:154} INFO - Changing /opt/***/logs/dag_id=outcomes_dag1/run_id=manual__2023-11-26T05:30:53.766286+00:00/task_id=EXTRACT_DATA_FROM_API_TO_GCP permission to 509
[2023-11-26T05:30:59.846+0000] {taskinstance.py:1159} INFO - Dependencies all met for dep_context=non-requeueable deps ti=<TaskInstance: outcomes_dag1.EXTRACT_DATA_FROM_API_TO_GCP manual__2023-11-26T05:30:53.766286+00:00 [queued]>
[2023-11-26T05:30:59.871+0000] {taskinstance.py:1159} INFO - Dependencies all met for dep_context=requeueable deps ti=<TaskInstance: outcomes_dag1.EXTRACT_DATA_FROM_API_TO_GCP manual__2023-11-26T05:30:53.766286+00:00 [queued]>
[2023-11-26T05:30:59.873+0000] {taskinstance.py:1361} INFO - Starting attempt 1 of 2
[2023-11-26T05:31:00.386+0000] {taskinstance.py:1382} INFO - Executing <Task(PythonOperator): EXTRACT_DATA_FROM_API_TO_GCP> on 2023-11-26 05:30:53.766286+00:00
[2023-11-26T05:31:00.402+0000] {standard_task_runner.py:57} INFO - Started process 336 to run task
[2023-11-26T05:31:00.424+0000] {standard_task_runner.py:84} INFO - Running: ['***', 'tasks', 'run', 'outcomes_dag1', 'EXTRACT_DATA_FROM_API_TO_GCP', 'manual__2023-11-26T05:30:53.766286+00:00', '--job-id', '12', '--raw', '--subdir', 'DAGS_FOLDER/Retry2.py', '--cfg-path', '/tmp/tmpjvibvq9v']
[2023-11-26T05:31:00.443+0000] {standard_task_runner.py:85} INFO - Job 12: Subtask EXTRACT_DATA_FROM_API_TO_GCP
[2023-11-26T05:31:00.637+0000] {logging_mixin.py:154} INFO - Changing /opt/***/logs/dag_id=outcomes_dag1/run_id=manual__2023-11-26T05:30:53.766286+00:00/task_id=EXTRACT_DATA_FROM_API_TO_GCP permission to 509
[2023-11-26T05:31:00.651+0000] {task_command.py:416} INFO - Running <TaskInstance: outcomes_dag1.EXTRACT_DATA_FROM_API_TO_GCP manual__2023-11-26T05:30:53.766286+00:00 [running]> on host 42136bd2bf4d
[2023-11-26T05:31:00.966+0000] {taskinstance.py:1662} INFO - Exporting env vars: AIRFLOW_CTX_DAG_OWNER='***' AIRFLOW_CTX_DAG_ID='outcomes_dag1' AIRFLOW_CTX_TASK_ID='EXTRACT_DATA_FROM_API_TO_GCP' AIRFLOW_CTX_EXECUTION_DATE='2023-11-26T05:30:53.766286+00:00' AIRFLOW_CTX_TRY_NUMBER='1' AIRFLOW_CTX_DAG_RUN_ID='manual__2023-11-26T05:30:53.766286+00:00'
[2023-11-26T05:31:02.525+0000] {logging_mixin.py:154} INFO - response :  <Response [200]>
[2023-11-26T05:31:04.248+0000] {logging_mixin.py:154} INFO - response :  <Response [200]>
[2023-11-26T05:31:06.110+0000] {logging_mixin.py:154} INFO - response :  <Response [200]>
[2023-11-26T05:31:07.322+0000] {logging_mixin.py:154} INFO - response :  <Response [200]>
[2023-11-26T05:31:08.510+0000] {logging_mixin.py:154} INFO - Writing data to GCS.....
[2023-11-26T05:32:17.668+0000] {logging_mixin.py:154} INFO - Completed writing data to GCS with date: 2023-11-25.
[2023-11-26T05:32:17.772+0000] {python.py:194} INFO - Done. Returned value was: None
[2023-11-26T05:32:17.783+0000] {taskinstance.py:1400} INFO - Marking task as SUCCESS. dag_id=outcomes_dag1, task_id=EXTRACT_DATA_FROM_API_TO_GCP, execution_date=20231126T053053, start_date=20231126T053059, end_date=20231126T053217
[2023-11-26T05:32:17.838+0000] {local_task_job_runner.py:228} INFO - Task exited with return code 0
[2023-11-26T05:32:17.873+0000] {taskinstance.py:2778} INFO - 1 downstream tasks scheduled from follow-on schedule check
