[2023-11-26T06:39:20.254+0000] {logging_mixin.py:154} INFO - Changing /opt/***/logs/dag_id=outcomes_dag/run_id=manual__2023-11-26T06:39:19.354821+00:00/task_id=START permission to 509
[2023-11-26T06:39:20.282+0000] {logging_mixin.py:154} INFO - Changing /opt/***/logs/dag_id=outcomes_dag/run_id=manual__2023-11-26T06:39:19.354821+00:00/task_id=START permission to 509
[2023-11-26T06:39:20.312+0000] {taskinstance.py:1159} INFO - Dependencies all met for dep_context=non-requeueable deps ti=<TaskInstance: outcomes_dag.START manual__2023-11-26T06:39:19.354821+00:00 [queued]>
[2023-11-26T06:39:20.321+0000] {taskinstance.py:1159} INFO - Dependencies all met for dep_context=requeueable deps ti=<TaskInstance: outcomes_dag.START manual__2023-11-26T06:39:19.354821+00:00 [queued]>
[2023-11-26T06:39:20.322+0000] {taskinstance.py:1361} INFO - Starting attempt 1 of 2
[2023-11-26T06:39:20.496+0000] {taskinstance.py:1382} INFO - Executing <Task(BashOperator): START> on 2023-11-26 06:39:19.354821+00:00
[2023-11-26T06:39:20.502+0000] {standard_task_runner.py:57} INFO - Started process 1470 to run task
[2023-11-26T06:39:20.506+0000] {standard_task_runner.py:84} INFO - Running: ['***', 'tasks', 'run', 'outcomes_dag', 'START', 'manual__2023-11-26T06:39:19.354821+00:00', '--job-id', '55', '--raw', '--subdir', 'DAGS_FOLDER/outcomes_dag.py', '--cfg-path', '/tmp/tmpkb5aajkf']
[2023-11-26T06:39:20.510+0000] {standard_task_runner.py:85} INFO - Job 55: Subtask START
[2023-11-26T06:39:20.559+0000] {logging_mixin.py:154} INFO - Changing /opt/***/logs/dag_id=outcomes_dag/run_id=manual__2023-11-26T06:39:19.354821+00:00/task_id=START permission to 509
[2023-11-26T06:39:20.564+0000] {task_command.py:416} INFO - Running <TaskInstance: outcomes_dag.START manual__2023-11-26T06:39:19.354821+00:00 [running]> on host 42136bd2bf4d
[2023-11-26T06:39:20.642+0000] {taskinstance.py:1662} INFO - Exporting env vars: AIRFLOW_CTX_DAG_OWNER='***' AIRFLOW_CTX_DAG_ID='outcomes_dag' AIRFLOW_CTX_TASK_ID='START' AIRFLOW_CTX_EXECUTION_DATE='2023-11-26T06:39:19.354821+00:00' AIRFLOW_CTX_TRY_NUMBER='1' AIRFLOW_CTX_DAG_RUN_ID='manual__2023-11-26T06:39:19.354821+00:00'
[2023-11-26T06:39:20.645+0000] {subprocess.py:63} INFO - Tmp dir root location: /tmp
[2023-11-26T06:39:20.646+0000] {subprocess.py:75} INFO - Running command: ['/bin/bash', '-c', 'echo start']
[2023-11-26T06:39:20.656+0000] {subprocess.py:86} INFO - Output:
[2023-11-26T06:39:20.657+0000] {subprocess.py:93} INFO - start
[2023-11-26T06:39:20.658+0000] {subprocess.py:97} INFO - Command exited with return code 0
[2023-11-26T06:39:20.686+0000] {taskinstance.py:1400} INFO - Marking task as SUCCESS. dag_id=outcomes_dag, task_id=START, execution_date=20231126T063919, start_date=20231126T063920, end_date=20231126T063920
[2023-11-26T06:39:20.719+0000] {local_task_job_runner.py:228} INFO - Task exited with return code 0
[2023-11-26T06:39:20.748+0000] {taskinstance.py:2778} INFO - 1 downstream tasks scheduled from follow-on schedule check
