[2023-11-26T06:17:32.963+0000] {logging_mixin.py:154} INFO - Changing /opt/***/logs/dag_id=outcomes_dag/run_id=manual__2023-11-26T06:15:30.920913+00:00/task_id=LOAD_DIMENSION_ANIMALS permission to 509
[2023-11-26T06:17:33.023+0000] {logging_mixin.py:154} INFO - Changing /opt/***/logs/dag_id=outcomes_dag/run_id=manual__2023-11-26T06:15:30.920913+00:00/task_id=LOAD_DIMENSION_ANIMALS permission to 509
[2023-11-26T06:17:33.099+0000] {taskinstance.py:1159} INFO - Dependencies all met for dep_context=non-requeueable deps ti=<TaskInstance: outcomes_dag.LOAD_DIMENSION_ANIMALS manual__2023-11-26T06:15:30.920913+00:00 [queued]>
[2023-11-26T06:17:33.396+0000] {taskinstance.py:1159} INFO - Dependencies all met for dep_context=requeueable deps ti=<TaskInstance: outcomes_dag.LOAD_DIMENSION_ANIMALS manual__2023-11-26T06:15:30.920913+00:00 [queued]>
[2023-11-26T06:17:33.398+0000] {taskinstance.py:1361} INFO - Starting attempt 2 of 2
[2023-11-26T06:17:33.428+0000] {taskinstance.py:1382} INFO - Executing <Task(PythonOperator): LOAD_DIMENSION_ANIMALS> on 2023-11-26 06:15:30.920913+00:00
[2023-11-26T06:17:33.438+0000] {standard_task_runner.py:57} INFO - Started process 1120 to run task
[2023-11-26T06:17:33.446+0000] {standard_task_runner.py:84} INFO - Running: ['***', 'tasks', 'run', 'outcomes_dag', 'LOAD_DIMENSION_ANIMALS', 'manual__2023-11-26T06:15:30.920913+00:00', '--job-id', '45', '--raw', '--subdir', 'DAGS_FOLDER/outcomes_dag.py', '--cfg-path', '/tmp/tmpa8dbhds0']
[2023-11-26T06:17:33.452+0000] {standard_task_runner.py:85} INFO - Job 45: Subtask LOAD_DIMENSION_ANIMALS
[2023-11-26T06:17:33.550+0000] {logging_mixin.py:154} INFO - Changing /opt/***/logs/dag_id=outcomes_dag/run_id=manual__2023-11-26T06:15:30.920913+00:00/task_id=LOAD_DIMENSION_ANIMALS permission to 509
[2023-11-26T06:17:33.554+0000] {task_command.py:416} INFO - Running <TaskInstance: outcomes_dag.LOAD_DIMENSION_ANIMALS manual__2023-11-26T06:15:30.920913+00:00 [running]> on host 42136bd2bf4d
[2023-11-26T06:17:33.686+0000] {taskinstance.py:1662} INFO - Exporting env vars: AIRFLOW_CTX_DAG_OWNER='***' AIRFLOW_CTX_DAG_ID='outcomes_dag' AIRFLOW_CTX_TASK_ID='LOAD_DIMENSION_ANIMALS' AIRFLOW_CTX_EXECUTION_DATE='2023-11-26T06:15:30.920913+00:00' AIRFLOW_CTX_TRY_NUMBER='2' AIRFLOW_CTX_DAG_RUN_ID='manual__2023-11-26T06:15:30.920913+00:00'
[2023-11-26T06:17:35.477+0000] {logging_mixin.py:154} INFO - Executing Create Table Queries...
[2023-11-26T06:17:35.539+0000] {taskinstance.py:1937} ERROR - Task failed with exception
Traceback (most recent call last):
  File "/home/airflow/.local/lib/python3.8/site-packages/airflow/operators/python.py", line 192, in execute
    return_value = self.execute_callable()
  File "/home/airflow/.local/lib/python3.8/site-packages/airflow/operators/python.py", line 209, in execute_callable
    return self.python_callable(*self.op_args, **self.op_kwargs)
  File "/opt/airflow/dags/etlscripts/LoadData.py", line 151, in load_data_to_postgres
    postgres_dataloader.create_table(postgres_connection, table_query)
  File "/opt/airflow/dags/etlscripts/LoadData.py", line 120, in create_table
    cursor.execute(table_query)
psycopg2.errors.DependentObjectsStillExist: cannot drop table animaldimension because other objects depend on it
DETAIL:  constraint outcomesfact_animal_key_fkey on table outcomesfact depends on table animaldimension
HINT:  Use DROP ... CASCADE to drop the dependent objects too.

[2023-11-26T06:17:35.730+0000] {taskinstance.py:1400} INFO - Marking task as FAILED. dag_id=outcomes_dag, task_id=LOAD_DIMENSION_ANIMALS, execution_date=20231126T061530, start_date=20231126T061733, end_date=20231126T061735
[2023-11-26T06:17:35.745+0000] {standard_task_runner.py:104} ERROR - Failed to execute job 45 for task LOAD_DIMENSION_ANIMALS (cannot drop table animaldimension because other objects depend on it
DETAIL:  constraint outcomesfact_animal_key_fkey on table outcomesfact depends on table animaldimension
HINT:  Use DROP ... CASCADE to drop the dependent objects too.
; 1120)
[2023-11-26T06:17:35.794+0000] {local_task_job_runner.py:228} INFO - Task exited with return code 1
[2023-11-26T06:17:35.816+0000] {taskinstance.py:2778} INFO - 0 downstream tasks scheduled from follow-on schedule check
