[2023-11-26T06:17:32.694+0000] {logging_mixin.py:154} INFO - Changing /opt/***/logs/dag_id=outcomes_dag/run_id=manual__2023-11-26T06:15:30.920913+00:00/task_id=LOAD_DIMENSION_OUTCOME_TYPES permission to 509
[2023-11-26T06:17:32.756+0000] {logging_mixin.py:154} INFO - Changing /opt/***/logs/dag_id=outcomes_dag/run_id=manual__2023-11-26T06:15:30.920913+00:00/task_id=LOAD_DIMENSION_OUTCOME_TYPES permission to 509
[2023-11-26T06:17:32.801+0000] {taskinstance.py:1159} INFO - Dependencies all met for dep_context=non-requeueable deps ti=<TaskInstance: outcomes_dag.LOAD_DIMENSION_OUTCOME_TYPES manual__2023-11-26T06:15:30.920913+00:00 [queued]>
[2023-11-26T06:17:32.823+0000] {taskinstance.py:1159} INFO - Dependencies all met for dep_context=requeueable deps ti=<TaskInstance: outcomes_dag.LOAD_DIMENSION_OUTCOME_TYPES manual__2023-11-26T06:15:30.920913+00:00 [queued]>
[2023-11-26T06:17:32.825+0000] {taskinstance.py:1361} INFO - Starting attempt 2 of 2
[2023-11-26T06:17:33.142+0000] {taskinstance.py:1382} INFO - Executing <Task(PythonOperator): LOAD_DIMENSION_OUTCOME_TYPES> on 2023-11-26 06:15:30.920913+00:00
[2023-11-26T06:17:33.154+0000] {standard_task_runner.py:57} INFO - Started process 1118 to run task
[2023-11-26T06:17:33.163+0000] {standard_task_runner.py:84} INFO - Running: ['***', 'tasks', 'run', 'outcomes_dag', 'LOAD_DIMENSION_OUTCOME_TYPES', 'manual__2023-11-26T06:15:30.920913+00:00', '--job-id', '43', '--raw', '--subdir', 'DAGS_FOLDER/outcomes_dag.py', '--cfg-path', '/tmp/tmpin55jh5d']
[2023-11-26T06:17:33.174+0000] {standard_task_runner.py:85} INFO - Job 43: Subtask LOAD_DIMENSION_OUTCOME_TYPES
[2023-11-26T06:17:33.272+0000] {logging_mixin.py:154} INFO - Changing /opt/***/logs/dag_id=outcomes_dag/run_id=manual__2023-11-26T06:15:30.920913+00:00/task_id=LOAD_DIMENSION_OUTCOME_TYPES permission to 509
[2023-11-26T06:17:33.278+0000] {task_command.py:416} INFO - Running <TaskInstance: outcomes_dag.LOAD_DIMENSION_OUTCOME_TYPES manual__2023-11-26T06:15:30.920913+00:00 [running]> on host 42136bd2bf4d
[2023-11-26T06:17:33.434+0000] {taskinstance.py:1662} INFO - Exporting env vars: AIRFLOW_CTX_DAG_OWNER='***' AIRFLOW_CTX_DAG_ID='outcomes_dag' AIRFLOW_CTX_TASK_ID='LOAD_DIMENSION_OUTCOME_TYPES' AIRFLOW_CTX_EXECUTION_DATE='2023-11-26T06:15:30.920913+00:00' AIRFLOW_CTX_TRY_NUMBER='2' AIRFLOW_CTX_DAG_RUN_ID='manual__2023-11-26T06:15:30.920913+00:00'
[2023-11-26T06:17:34.089+0000] {logging_mixin.py:154} INFO - Executing Create Table Queries...
[2023-11-26T06:17:34.179+0000] {taskinstance.py:1937} ERROR - Task failed with exception
Traceback (most recent call last):
  File "/home/airflow/.local/lib/python3.8/site-packages/airflow/operators/python.py", line 192, in execute
    return_value = self.execute_callable()
  File "/home/airflow/.local/lib/python3.8/site-packages/airflow/operators/python.py", line 209, in execute_callable
    return self.python_callable(*self.op_args, **self.op_kwargs)
  File "/opt/airflow/dags/etlscripts/LoadData.py", line 151, in load_data_to_postgres
    postgres_dataloader.create_table(postgres_connection, table_query)
  File "/opt/airflow/dags/etlscripts/LoadData.py", line 120, in create_table
    cursor.execute(table_query)
psycopg2.errors.DependentObjectsStillExist: cannot drop table outcomedimension because other objects depend on it
DETAIL:  constraint outcomesfact_outcome_type_key_fkey on table outcomesfact depends on table outcomedimension
HINT:  Use DROP ... CASCADE to drop the dependent objects too.

[2023-11-26T06:17:34.216+0000] {taskinstance.py:1400} INFO - Marking task as FAILED. dag_id=outcomes_dag, task_id=LOAD_DIMENSION_OUTCOME_TYPES, execution_date=20231126T061530, start_date=20231126T061732, end_date=20231126T061734
[2023-11-26T06:17:34.241+0000] {standard_task_runner.py:104} ERROR - Failed to execute job 43 for task LOAD_DIMENSION_OUTCOME_TYPES (cannot drop table outcomedimension because other objects depend on it
DETAIL:  constraint outcomesfact_outcome_type_key_fkey on table outcomesfact depends on table outcomedimension
HINT:  Use DROP ... CASCADE to drop the dependent objects too.
; 1118)
[2023-11-26T06:17:34.259+0000] {local_task_job_runner.py:228} INFO - Task exited with return code 1
[2023-11-26T06:17:34.302+0000] {taskinstance.py:2778} INFO - 0 downstream tasks scheduled from follow-on schedule check
