[2023-11-26T05:30:56.170+0000] {logging_mixin.py:154} INFO - Changing /opt/***/logs/dag_id=outcomes_dag1/run_id=scheduled__2023-11-25T00:00:00+00:00/task_id=START permission to 509
[2023-11-26T05:30:56.241+0000] {logging_mixin.py:154} INFO - Changing /opt/***/logs/dag_id=outcomes_dag1/run_id=scheduled__2023-11-25T00:00:00+00:00/task_id=START permission to 509
[2023-11-26T05:30:56.308+0000] {taskinstance.py:1159} INFO - Dependencies all met for dep_context=non-requeueable deps ti=<TaskInstance: outcomes_dag1.START scheduled__2023-11-25T00:00:00+00:00 [queued]>
[2023-11-26T05:30:56.331+0000] {taskinstance.py:1159} INFO - Dependencies all met for dep_context=requeueable deps ti=<TaskInstance: outcomes_dag1.START scheduled__2023-11-25T00:00:00+00:00 [queued]>
[2023-11-26T05:30:56.335+0000] {taskinstance.py:1361} INFO - Starting attempt 1 of 2
[2023-11-26T05:30:56.671+0000] {taskinstance.py:1382} INFO - Executing <Task(BashOperator): START> on 2023-11-25 00:00:00+00:00
[2023-11-26T05:30:56.681+0000] {standard_task_runner.py:57} INFO - Started process 328 to run task
[2023-11-26T05:30:56.690+0000] {standard_task_runner.py:84} INFO - Running: ['***', 'tasks', 'run', 'outcomes_dag1', 'START', 'scheduled__2023-11-25T00:00:00+00:00', '--job-id', '11', '--raw', '--subdir', 'DAGS_FOLDER/Retry2.py', '--cfg-path', '/tmp/tmpkntbxa8g']
[2023-11-26T05:30:56.699+0000] {standard_task_runner.py:85} INFO - Job 11: Subtask START
[2023-11-26T05:30:56.862+0000] {logging_mixin.py:154} INFO - Changing /opt/***/logs/dag_id=outcomes_dag1/run_id=scheduled__2023-11-25T00:00:00+00:00/task_id=START permission to 509
[2023-11-26T05:30:56.879+0000] {task_command.py:416} INFO - Running <TaskInstance: outcomes_dag1.START scheduled__2023-11-25T00:00:00+00:00 [running]> on host 42136bd2bf4d
[2023-11-26T05:30:57.090+0000] {taskinstance.py:1662} INFO - Exporting env vars: AIRFLOW_CTX_DAG_OWNER='***' AIRFLOW_CTX_DAG_ID='outcomes_dag1' AIRFLOW_CTX_TASK_ID='START' AIRFLOW_CTX_EXECUTION_DATE='2023-11-25T00:00:00+00:00' AIRFLOW_CTX_TRY_NUMBER='1' AIRFLOW_CTX_DAG_RUN_ID='scheduled__2023-11-25T00:00:00+00:00'
[2023-11-26T05:30:57.095+0000] {subprocess.py:63} INFO - Tmp dir root location: /tmp
[2023-11-26T05:30:57.098+0000] {subprocess.py:75} INFO - Running command: ['/bin/bash', '-c', 'echo start']
[2023-11-26T05:30:57.124+0000] {subprocess.py:86} INFO - Output:
[2023-11-26T05:30:57.131+0000] {subprocess.py:93} INFO - start
[2023-11-26T05:30:57.134+0000] {subprocess.py:97} INFO - Command exited with return code 0
[2023-11-26T05:30:57.205+0000] {taskinstance.py:1400} INFO - Marking task as SUCCESS. dag_id=outcomes_dag1, task_id=START, execution_date=20231125T000000, start_date=20231126T053056, end_date=20231126T053057
[2023-11-26T05:30:57.272+0000] {local_task_job_runner.py:228} INFO - Task exited with return code 0
[2023-11-26T05:30:57.353+0000] {taskinstance.py:2778} INFO - 1 downstream tasks scheduled from follow-on schedule check
