[2023-11-26T06:11:41.795+0000] {logging_mixin.py:154} INFO - Changing /opt/***/logs/dag_id=outcomes_dag/run_id=manual__2023-11-26T06:09:58.434137+00:00/task_id=LOAD_DIM_ANIMALS permission to 509
[2023-11-26T06:11:41.862+0000] {logging_mixin.py:154} INFO - Changing /opt/***/logs/dag_id=outcomes_dag/run_id=manual__2023-11-26T06:09:58.434137+00:00/task_id=LOAD_DIM_ANIMALS permission to 509
[2023-11-26T06:11:41.938+0000] {taskinstance.py:1159} INFO - Dependencies all met for dep_context=non-requeueable deps ti=<TaskInstance: outcomes_dag.LOAD_DIM_ANIMALS manual__2023-11-26T06:09:58.434137+00:00 [queued]>
[2023-11-26T06:11:41.968+0000] {taskinstance.py:1159} INFO - Dependencies all met for dep_context=requeueable deps ti=<TaskInstance: outcomes_dag.LOAD_DIM_ANIMALS manual__2023-11-26T06:09:58.434137+00:00 [queued]>
[2023-11-26T06:11:41.971+0000] {taskinstance.py:1361} INFO - Starting attempt 1 of 2
[2023-11-26T06:11:42.398+0000] {taskinstance.py:1382} INFO - Executing <Task(PythonOperator): LOAD_DIM_ANIMALS> on 2023-11-26 06:09:58.434137+00:00
[2023-11-26T06:11:42.407+0000] {standard_task_runner.py:57} INFO - Started process 997 to run task
[2023-11-26T06:11:42.413+0000] {standard_task_runner.py:84} INFO - Running: ['***', 'tasks', 'run', 'outcomes_dag', 'LOAD_DIM_ANIMALS', 'manual__2023-11-26T06:09:58.434137+00:00', '--job-id', '33', '--raw', '--subdir', 'DAGS_FOLDER/outcomes_dag.py', '--cfg-path', '/tmp/tmpz487cmef']
[2023-11-26T06:11:42.417+0000] {standard_task_runner.py:85} INFO - Job 33: Subtask LOAD_DIM_ANIMALS
[2023-11-26T06:11:42.505+0000] {logging_mixin.py:154} INFO - Changing /opt/***/logs/dag_id=outcomes_dag/run_id=manual__2023-11-26T06:09:58.434137+00:00/task_id=LOAD_DIM_ANIMALS permission to 509
[2023-11-26T06:11:42.510+0000] {task_command.py:416} INFO - Running <TaskInstance: outcomes_dag.LOAD_DIM_ANIMALS manual__2023-11-26T06:09:58.434137+00:00 [running]> on host 42136bd2bf4d
[2023-11-26T06:11:42.624+0000] {taskinstance.py:1662} INFO - Exporting env vars: AIRFLOW_CTX_DAG_OWNER='***' AIRFLOW_CTX_DAG_ID='outcomes_dag' AIRFLOW_CTX_TASK_ID='LOAD_DIM_ANIMALS' AIRFLOW_CTX_EXECUTION_DATE='2023-11-26T06:09:58.434137+00:00' AIRFLOW_CTX_TRY_NUMBER='1' AIRFLOW_CTX_DAG_RUN_ID='manual__2023-11-26T06:09:58.434137+00:00'
[2023-11-26T06:11:45.037+0000] {logging_mixin.py:154} INFO - Executing Create Table Queries...
[2023-11-26T06:11:45.097+0000] {taskinstance.py:1937} ERROR - Task failed with exception
Traceback (most recent call last):
  File "/home/airflow/.local/lib/python3.8/site-packages/airflow/operators/python.py", line 192, in execute
    return_value = self.execute_callable()
  File "/home/airflow/.local/lib/python3.8/site-packages/airflow/operators/python.py", line 209, in execute_callable
    return self.python_callable(*self.op_args, **self.op_kwargs)
  File "/opt/airflow/dags/etlscripts/LoadData.py", line 151, in load_data_to_postgres
    postgres_dataloader.create_table(postgres_connection, table_query)
  File "/opt/airflow/dags/etlscripts/LoadData.py", line 120, in create_table
    cursor.execute(table_query)
psycopg2.errors.DependentObjectsStillExist: cannot drop table animaldimension because other objects depend on it
DETAIL:  constraint outcomesfact_animal_key_fkey on table outcomesfact depends on table animaldimension
HINT:  Use DROP ... CASCADE to drop the dependent objects too.

[2023-11-26T06:11:45.128+0000] {taskinstance.py:1400} INFO - Marking task as UP_FOR_RETRY. dag_id=outcomes_dag, task_id=LOAD_DIM_ANIMALS, execution_date=20231126T060958, start_date=20231126T061141, end_date=20231126T061145
[2023-11-26T06:11:45.150+0000] {standard_task_runner.py:104} ERROR - Failed to execute job 33 for task LOAD_DIM_ANIMALS (cannot drop table animaldimension because other objects depend on it
DETAIL:  constraint outcomesfact_animal_key_fkey on table outcomesfact depends on table animaldimension
HINT:  Use DROP ... CASCADE to drop the dependent objects too.
; 997)
[2023-11-26T06:11:45.207+0000] {local_task_job_runner.py:228} INFO - Task exited with return code 1
[2023-11-26T06:11:45.248+0000] {taskinstance.py:2778} INFO - 0 downstream tasks scheduled from follow-on schedule check
