[2023-11-26T06:11:52.103+0000] {logging_mixin.py:154} INFO - Changing /opt/***/logs/dag_id=outcomes_dag/run_id=manual__2023-11-26T06:09:58.434137+00:00/task_id=LOAD_DIM_ANIMALS permission to 509
[2023-11-26T06:11:52.163+0000] {logging_mixin.py:154} INFO - Changing /opt/***/logs/dag_id=outcomes_dag/run_id=manual__2023-11-26T06:09:58.434137+00:00/task_id=LOAD_DIM_ANIMALS permission to 509
[2023-11-26T06:11:52.238+0000] {taskinstance.py:1159} INFO - Dependencies all met for dep_context=non-requeueable deps ti=<TaskInstance: outcomes_dag.LOAD_DIM_ANIMALS manual__2023-11-26T06:09:58.434137+00:00 [queued]>
[2023-11-26T06:11:52.258+0000] {taskinstance.py:1159} INFO - Dependencies all met for dep_context=requeueable deps ti=<TaskInstance: outcomes_dag.LOAD_DIM_ANIMALS manual__2023-11-26T06:09:58.434137+00:00 [queued]>
[2023-11-26T06:11:52.259+0000] {taskinstance.py:1361} INFO - Starting attempt 2 of 2
[2023-11-26T06:11:52.520+0000] {taskinstance.py:1382} INFO - Executing <Task(PythonOperator): LOAD_DIM_ANIMALS> on 2023-11-26 06:09:58.434137+00:00
[2023-11-26T06:11:52.531+0000] {standard_task_runner.py:57} INFO - Started process 1014 to run task
[2023-11-26T06:11:52.535+0000] {standard_task_runner.py:84} INFO - Running: ['***', 'tasks', 'run', 'outcomes_dag', 'LOAD_DIM_ANIMALS', 'manual__2023-11-26T06:09:58.434137+00:00', '--job-id', '36', '--raw', '--subdir', 'DAGS_FOLDER/outcomes_dag.py', '--cfg-path', '/tmp/tmp0z1asc3s']
[2023-11-26T06:11:52.539+0000] {standard_task_runner.py:85} INFO - Job 36: Subtask LOAD_DIM_ANIMALS
[2023-11-26T06:11:52.606+0000] {logging_mixin.py:154} INFO - Changing /opt/***/logs/dag_id=outcomes_dag/run_id=manual__2023-11-26T06:09:58.434137+00:00/task_id=LOAD_DIM_ANIMALS permission to 509
[2023-11-26T06:11:52.612+0000] {task_command.py:416} INFO - Running <TaskInstance: outcomes_dag.LOAD_DIM_ANIMALS manual__2023-11-26T06:09:58.434137+00:00 [running]> on host 42136bd2bf4d
[2023-11-26T06:11:52.751+0000] {taskinstance.py:1662} INFO - Exporting env vars: AIRFLOW_CTX_DAG_OWNER='***' AIRFLOW_CTX_DAG_ID='outcomes_dag' AIRFLOW_CTX_TASK_ID='LOAD_DIM_ANIMALS' AIRFLOW_CTX_EXECUTION_DATE='2023-11-26T06:09:58.434137+00:00' AIRFLOW_CTX_TRY_NUMBER='2' AIRFLOW_CTX_DAG_RUN_ID='manual__2023-11-26T06:09:58.434137+00:00'
[2023-11-26T06:11:55.365+0000] {logging_mixin.py:154} INFO - Executing Create Table Queries...
[2023-11-26T06:11:55.438+0000] {taskinstance.py:1937} ERROR - Task failed with exception
Traceback (most recent call last):
  File "/home/airflow/.local/lib/python3.8/site-packages/airflow/operators/python.py", line 192, in execute
    return_value = self.execute_callable()
  File "/home/airflow/.local/lib/python3.8/site-packages/airflow/operators/python.py", line 209, in execute_callable
    return self.python_callable(*self.op_args, **self.op_kwargs)
  File "/opt/airflow/dags/etlscripts/LoadData.py", line 151, in load_data_to_postgres
    postgres_dataloader.create_table(postgres_connection, table_query)
  File "/opt/airflow/dags/etlscripts/LoadData.py", line 120, in create_table
    cursor.execute(table_query)
psycopg2.errors.DependentObjectsStillExist: cannot drop table animaldimension because other objects depend on it
DETAIL:  constraint outcomesfact_animal_key_fkey on table outcomesfact depends on table animaldimension
HINT:  Use DROP ... CASCADE to drop the dependent objects too.

[2023-11-26T06:11:55.459+0000] {taskinstance.py:1400} INFO - Marking task as FAILED. dag_id=outcomes_dag, task_id=LOAD_DIM_ANIMALS, execution_date=20231126T060958, start_date=20231126T061152, end_date=20231126T061155
[2023-11-26T06:11:55.478+0000] {standard_task_runner.py:104} ERROR - Failed to execute job 36 for task LOAD_DIM_ANIMALS (cannot drop table animaldimension because other objects depend on it
DETAIL:  constraint outcomesfact_animal_key_fkey on table outcomesfact depends on table animaldimension
HINT:  Use DROP ... CASCADE to drop the dependent objects too.
; 1014)
[2023-11-26T06:11:55.529+0000] {local_task_job_runner.py:228} INFO - Task exited with return code 1
[2023-11-26T06:11:55.558+0000] {taskinstance.py:2778} INFO - 0 downstream tasks scheduled from follow-on schedule check
