[2023-11-26T05:34:31.815+0000] {logging_mixin.py:154} INFO - Changing /opt/***/logs/dag_id=outcomes_dag1/run_id=scheduled__2023-11-25T00:00:00+00:00/task_id=LOAD_DIM_OUTCOME_TYPES permission to 509
[2023-11-26T05:34:31.848+0000] {logging_mixin.py:154} INFO - Changing /opt/***/logs/dag_id=outcomes_dag1/run_id=scheduled__2023-11-25T00:00:00+00:00/task_id=LOAD_DIM_OUTCOME_TYPES permission to 509
[2023-11-26T05:34:31.880+0000] {taskinstance.py:1159} INFO - Dependencies all met for dep_context=non-requeueable deps ti=<TaskInstance: outcomes_dag1.LOAD_DIM_OUTCOME_TYPES scheduled__2023-11-25T00:00:00+00:00 [queued]>
[2023-11-26T05:34:31.892+0000] {taskinstance.py:1159} INFO - Dependencies all met for dep_context=requeueable deps ti=<TaskInstance: outcomes_dag1.LOAD_DIM_OUTCOME_TYPES scheduled__2023-11-25T00:00:00+00:00 [queued]>
[2023-11-26T05:34:31.893+0000] {taskinstance.py:1361} INFO - Starting attempt 1 of 2
[2023-11-26T05:34:32.067+0000] {taskinstance.py:1382} INFO - Executing <Task(PythonOperator): LOAD_DIM_OUTCOME_TYPES> on 2023-11-25 00:00:00+00:00
[2023-11-26T05:34:32.073+0000] {standard_task_runner.py:57} INFO - Started process 424 to run task
[2023-11-26T05:34:32.076+0000] {standard_task_runner.py:84} INFO - Running: ['***', 'tasks', 'run', 'outcomes_dag1', 'LOAD_DIM_OUTCOME_TYPES', 'scheduled__2023-11-25T00:00:00+00:00', '--job-id', '23', '--raw', '--subdir', 'DAGS_FOLDER/Retry2.py', '--cfg-path', '/tmp/tmplo1j09ss']
[2023-11-26T05:34:32.080+0000] {standard_task_runner.py:85} INFO - Job 23: Subtask LOAD_DIM_OUTCOME_TYPES
[2023-11-26T05:34:32.135+0000] {logging_mixin.py:154} INFO - Changing /opt/***/logs/dag_id=outcomes_dag1/run_id=scheduled__2023-11-25T00:00:00+00:00/task_id=LOAD_DIM_OUTCOME_TYPES permission to 509
[2023-11-26T05:34:32.140+0000] {task_command.py:416} INFO - Running <TaskInstance: outcomes_dag1.LOAD_DIM_OUTCOME_TYPES scheduled__2023-11-25T00:00:00+00:00 [running]> on host 42136bd2bf4d
[2023-11-26T05:34:32.222+0000] {taskinstance.py:1662} INFO - Exporting env vars: AIRFLOW_CTX_DAG_OWNER='***' AIRFLOW_CTX_DAG_ID='outcomes_dag1' AIRFLOW_CTX_TASK_ID='LOAD_DIM_OUTCOME_TYPES' AIRFLOW_CTX_EXECUTION_DATE='2023-11-25T00:00:00+00:00' AIRFLOW_CTX_TRY_NUMBER='1' AIRFLOW_CTX_DAG_RUN_ID='scheduled__2023-11-25T00:00:00+00:00'
[2023-11-26T05:34:32.852+0000] {logging_mixin.py:154} INFO - Executing Create Table Queries...
[2023-11-26T05:34:33.013+0000] {logging_mixin.py:154} INFO - Finished creating tables...
[2023-11-26T05:34:33.015+0000] {logging_mixin.py:154} INFO - Dropping Table outcomedimension
[2023-11-26T05:34:33.139+0000] {logging_mixin.py:154} INFO - Loading data into PostgreSQL for table outcomedimension
[2023-11-26T05:34:33.866+0000] {logging_mixin.py:154} INFO - Number of rows inserted for table outcomedimension: 11
[2023-11-26T05:34:33.869+0000] {python.py:194} INFO - Done. Returned value was: None
[2023-11-26T05:34:33.888+0000] {taskinstance.py:1400} INFO - Marking task as SUCCESS. dag_id=outcomes_dag1, task_id=LOAD_DIM_OUTCOME_TYPES, execution_date=20231125T000000, start_date=20231126T053431, end_date=20231126T053433
[2023-11-26T05:34:33.941+0000] {local_task_job_runner.py:228} INFO - Task exited with return code 0
[2023-11-26T05:34:33.975+0000] {taskinstance.py:2778} INFO - 0 downstream tasks scheduled from follow-on schedule check
