[2023-11-26T05:35:04.048+0000] {logging_mixin.py:154} INFO - Changing /opt/***/logs/dag_id=outcomes_dag1/run_id=scheduled__2023-11-25T00:00:00+00:00/task_id=LOAD_DIM_ANIMALS permission to 509
[2023-11-26T05:35:04.078+0000] {logging_mixin.py:154} INFO - Changing /opt/***/logs/dag_id=outcomes_dag1/run_id=scheduled__2023-11-25T00:00:00+00:00/task_id=LOAD_DIM_ANIMALS permission to 509
[2023-11-26T05:35:04.105+0000] {taskinstance.py:1159} INFO - Dependencies all met for dep_context=non-requeueable deps ti=<TaskInstance: outcomes_dag1.LOAD_DIM_ANIMALS scheduled__2023-11-25T00:00:00+00:00 [queued]>
[2023-11-26T05:35:04.114+0000] {taskinstance.py:1159} INFO - Dependencies all met for dep_context=requeueable deps ti=<TaskInstance: outcomes_dag1.LOAD_DIM_ANIMALS scheduled__2023-11-25T00:00:00+00:00 [queued]>
[2023-11-26T05:35:04.116+0000] {taskinstance.py:1361} INFO - Starting attempt 2 of 2
[2023-11-26T05:35:04.260+0000] {taskinstance.py:1382} INFO - Executing <Task(PythonOperator): LOAD_DIM_ANIMALS> on 2023-11-25 00:00:00+00:00
[2023-11-26T05:35:04.266+0000] {standard_task_runner.py:57} INFO - Started process 436 to run task
[2023-11-26T05:35:04.269+0000] {standard_task_runner.py:84} INFO - Running: ['***', 'tasks', 'run', 'outcomes_dag1', 'LOAD_DIM_ANIMALS', 'scheduled__2023-11-25T00:00:00+00:00', '--job-id', '25', '--raw', '--subdir', 'DAGS_FOLDER/Retry2.py', '--cfg-path', '/tmp/tmp8tk7qg2v']
[2023-11-26T05:35:04.272+0000] {standard_task_runner.py:85} INFO - Job 25: Subtask LOAD_DIM_ANIMALS
[2023-11-26T05:35:04.319+0000] {logging_mixin.py:154} INFO - Changing /opt/***/logs/dag_id=outcomes_dag1/run_id=scheduled__2023-11-25T00:00:00+00:00/task_id=LOAD_DIM_ANIMALS permission to 509
[2023-11-26T05:35:04.323+0000] {task_command.py:416} INFO - Running <TaskInstance: outcomes_dag1.LOAD_DIM_ANIMALS scheduled__2023-11-25T00:00:00+00:00 [running]> on host 42136bd2bf4d
[2023-11-26T05:35:04.405+0000] {taskinstance.py:1662} INFO - Exporting env vars: AIRFLOW_CTX_DAG_OWNER='***' AIRFLOW_CTX_DAG_ID='outcomes_dag1' AIRFLOW_CTX_TASK_ID='LOAD_DIM_ANIMALS' AIRFLOW_CTX_EXECUTION_DATE='2023-11-25T00:00:00+00:00' AIRFLOW_CTX_TRY_NUMBER='2' AIRFLOW_CTX_DAG_RUN_ID='scheduled__2023-11-25T00:00:00+00:00'
[2023-11-26T05:35:06.016+0000] {logging_mixin.py:154} INFO - Executing Create Table Queries...
[2023-11-26T05:35:06.121+0000] {logging_mixin.py:154} INFO - Finished creating tables...
[2023-11-26T05:35:06.123+0000] {logging_mixin.py:154} INFO - Dropping Table animaldimension
[2023-11-26T05:35:06.211+0000] {logging_mixin.py:154} INFO - Loading data into PostgreSQL for table animaldimension
[2023-11-26T05:35:42.285+0000] {logging_mixin.py:154} INFO - Number of rows inserted for table animaldimension: 157322
[2023-11-26T05:35:42.296+0000] {python.py:194} INFO - Done. Returned value was: None
[2023-11-26T05:35:42.309+0000] {taskinstance.py:1400} INFO - Marking task as SUCCESS. dag_id=outcomes_dag1, task_id=LOAD_DIM_ANIMALS, execution_date=20231125T000000, start_date=20231126T053504, end_date=20231126T053542
[2023-11-26T05:35:42.368+0000] {local_task_job_runner.py:228} INFO - Task exited with return code 0
[2023-11-26T05:35:42.395+0000] {taskinstance.py:2778} INFO - 1 downstream tasks scheduled from follow-on schedule check
