[2023-11-26T06:11:49.511+0000] {logging_mixin.py:154} INFO - Changing /opt/***/logs/dag_id=outcomes_dag/run_id=manual__2023-11-26T06:09:58.434137+00:00/task_id=LOAD_DIM_OUTCOME_TYPES permission to 509
[2023-11-26T06:11:49.545+0000] {logging_mixin.py:154} INFO - Changing /opt/***/logs/dag_id=outcomes_dag/run_id=manual__2023-11-26T06:09:58.434137+00:00/task_id=LOAD_DIM_OUTCOME_TYPES permission to 509
[2023-11-26T06:11:49.581+0000] {taskinstance.py:1159} INFO - Dependencies all met for dep_context=non-requeueable deps ti=<TaskInstance: outcomes_dag.LOAD_DIM_OUTCOME_TYPES manual__2023-11-26T06:09:58.434137+00:00 [queued]>
[2023-11-26T06:11:49.594+0000] {taskinstance.py:1159} INFO - Dependencies all met for dep_context=requeueable deps ti=<TaskInstance: outcomes_dag.LOAD_DIM_OUTCOME_TYPES manual__2023-11-26T06:09:58.434137+00:00 [queued]>
[2023-11-26T06:11:49.595+0000] {taskinstance.py:1361} INFO - Starting attempt 2 of 2
[2023-11-26T06:11:49.758+0000] {taskinstance.py:1382} INFO - Executing <Task(PythonOperator): LOAD_DIM_OUTCOME_TYPES> on 2023-11-26 06:09:58.434137+00:00
[2023-11-26T06:11:49.763+0000] {standard_task_runner.py:57} INFO - Started process 1010 to run task
[2023-11-26T06:11:49.769+0000] {standard_task_runner.py:84} INFO - Running: ['***', 'tasks', 'run', 'outcomes_dag', 'LOAD_DIM_OUTCOME_TYPES', 'manual__2023-11-26T06:09:58.434137+00:00', '--job-id', '34', '--raw', '--subdir', 'DAGS_FOLDER/outcomes_dag.py', '--cfg-path', '/tmp/tmpthlqpppi']
[2023-11-26T06:11:49.773+0000] {standard_task_runner.py:85} INFO - Job 34: Subtask LOAD_DIM_OUTCOME_TYPES
[2023-11-26T06:11:49.824+0000] {logging_mixin.py:154} INFO - Changing /opt/***/logs/dag_id=outcomes_dag/run_id=manual__2023-11-26T06:09:58.434137+00:00/task_id=LOAD_DIM_OUTCOME_TYPES permission to 509
[2023-11-26T06:11:49.828+0000] {task_command.py:416} INFO - Running <TaskInstance: outcomes_dag.LOAD_DIM_OUTCOME_TYPES manual__2023-11-26T06:09:58.434137+00:00 [running]> on host 42136bd2bf4d
[2023-11-26T06:11:49.916+0000] {taskinstance.py:1662} INFO - Exporting env vars: AIRFLOW_CTX_DAG_OWNER='***' AIRFLOW_CTX_DAG_ID='outcomes_dag' AIRFLOW_CTX_TASK_ID='LOAD_DIM_OUTCOME_TYPES' AIRFLOW_CTX_EXECUTION_DATE='2023-11-26T06:09:58.434137+00:00' AIRFLOW_CTX_TRY_NUMBER='2' AIRFLOW_CTX_DAG_RUN_ID='manual__2023-11-26T06:09:58.434137+00:00'
[2023-11-26T06:11:50.682+0000] {logging_mixin.py:154} INFO - Executing Create Table Queries...
[2023-11-26T06:11:50.775+0000] {taskinstance.py:1937} ERROR - Task failed with exception
Traceback (most recent call last):
  File "/home/airflow/.local/lib/python3.8/site-packages/airflow/operators/python.py", line 192, in execute
    return_value = self.execute_callable()
  File "/home/airflow/.local/lib/python3.8/site-packages/airflow/operators/python.py", line 209, in execute_callable
    return self.python_callable(*self.op_args, **self.op_kwargs)
  File "/opt/airflow/dags/etlscripts/LoadData.py", line 151, in load_data_to_postgres
    postgres_dataloader.create_table(postgres_connection, table_query)
  File "/opt/airflow/dags/etlscripts/LoadData.py", line 120, in create_table
    cursor.execute(table_query)
psycopg2.errors.DependentObjectsStillExist: cannot drop table outcomedimension because other objects depend on it
DETAIL:  constraint outcomesfact_outcome_type_key_fkey on table outcomesfact depends on table outcomedimension
HINT:  Use DROP ... CASCADE to drop the dependent objects too.

[2023-11-26T06:11:50.817+0000] {taskinstance.py:1400} INFO - Marking task as FAILED. dag_id=outcomes_dag, task_id=LOAD_DIM_OUTCOME_TYPES, execution_date=20231126T060958, start_date=20231126T061149, end_date=20231126T061150
[2023-11-26T06:11:50.847+0000] {standard_task_runner.py:104} ERROR - Failed to execute job 34 for task LOAD_DIM_OUTCOME_TYPES (cannot drop table outcomedimension because other objects depend on it
DETAIL:  constraint outcomesfact_outcome_type_key_fkey on table outcomesfact depends on table outcomedimension
HINT:  Use DROP ... CASCADE to drop the dependent objects too.
; 1010)
[2023-11-26T06:11:50.870+0000] {local_task_job_runner.py:228} INFO - Task exited with return code 1
[2023-11-26T06:11:50.917+0000] {taskinstance.py:2778} INFO - 0 downstream tasks scheduled from follow-on schedule check
