[2023-11-26T06:11:41.731+0000] {logging_mixin.py:154} INFO - Changing /opt/***/logs/dag_id=outcomes_dag/run_id=manual__2023-11-26T06:09:58.434137+00:00/task_id=LOAD_DIM_OUTCOME_TYPES permission to 509
[2023-11-26T06:11:41.784+0000] {logging_mixin.py:154} INFO - Changing /opt/***/logs/dag_id=outcomes_dag/run_id=manual__2023-11-26T06:09:58.434137+00:00/task_id=LOAD_DIM_OUTCOME_TYPES permission to 509
[2023-11-26T06:11:41.835+0000] {taskinstance.py:1159} INFO - Dependencies all met for dep_context=non-requeueable deps ti=<TaskInstance: outcomes_dag.LOAD_DIM_OUTCOME_TYPES manual__2023-11-26T06:09:58.434137+00:00 [queued]>
[2023-11-26T06:11:42.128+0000] {taskinstance.py:1159} INFO - Dependencies all met for dep_context=requeueable deps ti=<TaskInstance: outcomes_dag.LOAD_DIM_OUTCOME_TYPES manual__2023-11-26T06:09:58.434137+00:00 [queued]>
[2023-11-26T06:11:42.131+0000] {taskinstance.py:1361} INFO - Starting attempt 1 of 2
[2023-11-26T06:11:42.162+0000] {taskinstance.py:1382} INFO - Executing <Task(PythonOperator): LOAD_DIM_OUTCOME_TYPES> on 2023-11-26 06:09:58.434137+00:00
[2023-11-26T06:11:42.172+0000] {standard_task_runner.py:57} INFO - Started process 995 to run task
[2023-11-26T06:11:42.179+0000] {standard_task_runner.py:84} INFO - Running: ['***', 'tasks', 'run', 'outcomes_dag', 'LOAD_DIM_OUTCOME_TYPES', 'manual__2023-11-26T06:09:58.434137+00:00', '--job-id', '32', '--raw', '--subdir', 'DAGS_FOLDER/outcomes_dag.py', '--cfg-path', '/tmp/tmpur07t82t']
[2023-11-26T06:11:42.183+0000] {standard_task_runner.py:85} INFO - Job 32: Subtask LOAD_DIM_OUTCOME_TYPES
[2023-11-26T06:11:42.271+0000] {logging_mixin.py:154} INFO - Changing /opt/***/logs/dag_id=outcomes_dag/run_id=manual__2023-11-26T06:09:58.434137+00:00/task_id=LOAD_DIM_OUTCOME_TYPES permission to 509
[2023-11-26T06:11:42.279+0000] {task_command.py:416} INFO - Running <TaskInstance: outcomes_dag.LOAD_DIM_OUTCOME_TYPES manual__2023-11-26T06:09:58.434137+00:00 [running]> on host 42136bd2bf4d
[2023-11-26T06:11:42.422+0000] {taskinstance.py:1662} INFO - Exporting env vars: AIRFLOW_CTX_DAG_OWNER='***' AIRFLOW_CTX_DAG_ID='outcomes_dag' AIRFLOW_CTX_TASK_ID='LOAD_DIM_OUTCOME_TYPES' AIRFLOW_CTX_EXECUTION_DATE='2023-11-26T06:09:58.434137+00:00' AIRFLOW_CTX_TRY_NUMBER='1' AIRFLOW_CTX_DAG_RUN_ID='manual__2023-11-26T06:09:58.434137+00:00'
[2023-11-26T06:11:43.116+0000] {logging_mixin.py:154} INFO - Executing Create Table Queries...
[2023-11-26T06:11:43.175+0000] {taskinstance.py:1937} ERROR - Task failed with exception
Traceback (most recent call last):
  File "/home/airflow/.local/lib/python3.8/site-packages/airflow/operators/python.py", line 192, in execute
    return_value = self.execute_callable()
  File "/home/airflow/.local/lib/python3.8/site-packages/airflow/operators/python.py", line 209, in execute_callable
    return self.python_callable(*self.op_args, **self.op_kwargs)
  File "/opt/airflow/dags/etlscripts/LoadData.py", line 151, in load_data_to_postgres
    postgres_dataloader.create_table(postgres_connection, table_query)
  File "/opt/airflow/dags/etlscripts/LoadData.py", line 120, in create_table
    cursor.execute(table_query)
psycopg2.errors.DependentObjectsStillExist: cannot drop table outcomedimension because other objects depend on it
DETAIL:  constraint outcomesfact_outcome_type_key_fkey on table outcomesfact depends on table outcomedimension
HINT:  Use DROP ... CASCADE to drop the dependent objects too.

[2023-11-26T06:11:43.196+0000] {taskinstance.py:1400} INFO - Marking task as UP_FOR_RETRY. dag_id=outcomes_dag, task_id=LOAD_DIM_OUTCOME_TYPES, execution_date=20231126T060958, start_date=20231126T061141, end_date=20231126T061143
[2023-11-26T06:11:43.221+0000] {standard_task_runner.py:104} ERROR - Failed to execute job 32 for task LOAD_DIM_OUTCOME_TYPES (cannot drop table outcomedimension because other objects depend on it
DETAIL:  constraint outcomesfact_outcome_type_key_fkey on table outcomesfact depends on table outcomedimension
HINT:  Use DROP ... CASCADE to drop the dependent objects too.
; 995)
[2023-11-26T06:11:43.239+0000] {local_task_job_runner.py:228} INFO - Task exited with return code 1
[2023-11-26T06:11:43.265+0000] {taskinstance.py:2778} INFO - 0 downstream tasks scheduled from follow-on schedule check
