[2023-11-26T05:32:19.493+0000] {logging_mixin.py:154} INFO - Changing /opt/***/logs/dag_id=outcomes_dag1/run_id=manual__2023-11-26T05:30:53.766286+00:00/task_id=TRANSFORM_DATA_FROM_GCP permission to 509
[2023-11-26T05:32:19.522+0000] {logging_mixin.py:154} INFO - Changing /opt/***/logs/dag_id=outcomes_dag1/run_id=manual__2023-11-26T05:30:53.766286+00:00/task_id=TRANSFORM_DATA_FROM_GCP permission to 509
[2023-11-26T05:32:19.552+0000] {taskinstance.py:1159} INFO - Dependencies all met for dep_context=non-requeueable deps ti=<TaskInstance: outcomes_dag1.TRANSFORM_DATA_FROM_GCP manual__2023-11-26T05:30:53.766286+00:00 [queued]>
[2023-11-26T05:32:19.563+0000] {taskinstance.py:1159} INFO - Dependencies all met for dep_context=requeueable deps ti=<TaskInstance: outcomes_dag1.TRANSFORM_DATA_FROM_GCP manual__2023-11-26T05:30:53.766286+00:00 [queued]>
[2023-11-26T05:32:19.565+0000] {taskinstance.py:1361} INFO - Starting attempt 1 of 2
[2023-11-26T05:32:19.710+0000] {taskinstance.py:1382} INFO - Executing <Task(PythonOperator): TRANSFORM_DATA_FROM_GCP> on 2023-11-26 05:30:53.766286+00:00
[2023-11-26T05:32:19.717+0000] {standard_task_runner.py:57} INFO - Started process 355 to run task
[2023-11-26T05:32:19.720+0000] {standard_task_runner.py:84} INFO - Running: ['***', 'tasks', 'run', 'outcomes_dag1', 'TRANSFORM_DATA_FROM_GCP', 'manual__2023-11-26T05:30:53.766286+00:00', '--job-id', '14', '--raw', '--subdir', 'DAGS_FOLDER/Retry2.py', '--cfg-path', '/tmp/tmpk86514f6']
[2023-11-26T05:32:19.724+0000] {standard_task_runner.py:85} INFO - Job 14: Subtask TRANSFORM_DATA_FROM_GCP
[2023-11-26T05:32:19.777+0000] {logging_mixin.py:154} INFO - Changing /opt/***/logs/dag_id=outcomes_dag1/run_id=manual__2023-11-26T05:30:53.766286+00:00/task_id=TRANSFORM_DATA_FROM_GCP permission to 509
[2023-11-26T05:32:19.783+0000] {task_command.py:416} INFO - Running <TaskInstance: outcomes_dag1.TRANSFORM_DATA_FROM_GCP manual__2023-11-26T05:30:53.766286+00:00 [running]> on host 42136bd2bf4d
[2023-11-26T05:32:19.865+0000] {taskinstance.py:1662} INFO - Exporting env vars: AIRFLOW_CTX_DAG_OWNER='***' AIRFLOW_CTX_DAG_ID='outcomes_dag1' AIRFLOW_CTX_TASK_ID='TRANSFORM_DATA_FROM_GCP' AIRFLOW_CTX_EXECUTION_DATE='2023-11-26T05:30:53.766286+00:00' AIRFLOW_CTX_TRY_NUMBER='1' AIRFLOW_CTX_DAG_RUN_ID='manual__2023-11-26T05:30:53.766286+00:00'
[2023-11-26T05:32:22.736+0000] {logging_mixin.py:154} INFO - Preparing Animal Dimensions Table Data
[2023-11-26T05:32:23.289+0000] {logging_mixin.py:154} INFO - Writing data to GCS.....
[2023-11-26T05:32:53.532+0000] {logging_mixin.py:154} INFO - Finished writing data to GCS.
[2023-11-26T05:32:53.534+0000] {logging_mixin.py:154} INFO - Writing data to GCS.....
[2023-11-26T05:32:53.911+0000] {logging_mixin.py:154} INFO - Finished writing data to GCS.
[2023-11-26T05:32:53.912+0000] {logging_mixin.py:154} INFO - Writing data to GCS.....
[2023-11-26T05:32:54.286+0000] {logging_mixin.py:154} INFO - Finished writing data to GCS.
[2023-11-26T05:32:54.287+0000] {logging_mixin.py:154} INFO - Writing data to GCS.....
[2023-11-26T05:32:59.221+0000] {logging_mixin.py:154} INFO - Finished writing data to GCS.
[2023-11-26T05:32:59.261+0000] {python.py:194} INFO - Done. Returned value was: None
[2023-11-26T05:32:59.275+0000] {taskinstance.py:1400} INFO - Marking task as SUCCESS. dag_id=outcomes_dag1, task_id=TRANSFORM_DATA_FROM_GCP, execution_date=20231126T053053, start_date=20231126T053219, end_date=20231126T053259
[2023-11-26T05:32:59.329+0000] {local_task_job_runner.py:228} INFO - Task exited with return code 0
[2023-11-26T05:32:59.361+0000] {taskinstance.py:2778} INFO - 3 downstream tasks scheduled from follow-on schedule check
