[2023-11-26T06:16:46.417+0000] {logging_mixin.py:154} INFO - Changing /opt/***/logs/dag_id=outcomes_dag/run_id=manual__2023-11-26T06:15:30.920913+00:00/task_id=GCP_TRANSFORMED_DATA permission to 509
[2023-11-26T06:16:46.450+0000] {logging_mixin.py:154} INFO - Changing /opt/***/logs/dag_id=outcomes_dag/run_id=manual__2023-11-26T06:15:30.920913+00:00/task_id=GCP_TRANSFORMED_DATA permission to 509
[2023-11-26T06:16:46.481+0000] {taskinstance.py:1159} INFO - Dependencies all met for dep_context=non-requeueable deps ti=<TaskInstance: outcomes_dag.GCP_TRANSFORMED_DATA manual__2023-11-26T06:15:30.920913+00:00 [queued]>
[2023-11-26T06:16:46.494+0000] {taskinstance.py:1159} INFO - Dependencies all met for dep_context=requeueable deps ti=<TaskInstance: outcomes_dag.GCP_TRANSFORMED_DATA manual__2023-11-26T06:15:30.920913+00:00 [queued]>
[2023-11-26T06:16:46.496+0000] {taskinstance.py:1361} INFO - Starting attempt 1 of 2
[2023-11-26T06:16:46.663+0000] {taskinstance.py:1382} INFO - Executing <Task(PythonOperator): GCP_TRANSFORMED_DATA> on 2023-11-26 06:15:30.920913+00:00
[2023-11-26T06:16:46.669+0000] {standard_task_runner.py:57} INFO - Started process 1094 to run task
[2023-11-26T06:16:46.672+0000] {standard_task_runner.py:84} INFO - Running: ['***', 'tasks', 'run', 'outcomes_dag', 'GCP_TRANSFORMED_DATA', 'manual__2023-11-26T06:15:30.920913+00:00', '--job-id', '39', '--raw', '--subdir', 'DAGS_FOLDER/outcomes_dag.py', '--cfg-path', '/tmp/tmpbc9svnyr']
[2023-11-26T06:16:46.675+0000] {standard_task_runner.py:85} INFO - Job 39: Subtask GCP_TRANSFORMED_DATA
[2023-11-26T06:16:46.725+0000] {logging_mixin.py:154} INFO - Changing /opt/***/logs/dag_id=outcomes_dag/run_id=manual__2023-11-26T06:15:30.920913+00:00/task_id=GCP_TRANSFORMED_DATA permission to 509
[2023-11-26T06:16:46.729+0000] {task_command.py:416} INFO - Running <TaskInstance: outcomes_dag.GCP_TRANSFORMED_DATA manual__2023-11-26T06:15:30.920913+00:00 [running]> on host 42136bd2bf4d
[2023-11-26T06:16:46.805+0000] {taskinstance.py:1662} INFO - Exporting env vars: AIRFLOW_CTX_DAG_OWNER='***' AIRFLOW_CTX_DAG_ID='outcomes_dag' AIRFLOW_CTX_TASK_ID='GCP_TRANSFORMED_DATA' AIRFLOW_CTX_EXECUTION_DATE='2023-11-26T06:15:30.920913+00:00' AIRFLOW_CTX_TRY_NUMBER='1' AIRFLOW_CTX_DAG_RUN_ID='manual__2023-11-26T06:15:30.920913+00:00'
[2023-11-26T06:16:49.295+0000] {logging_mixin.py:154} INFO - Preparing Animal Dimensions Table Data
[2023-11-26T06:16:49.881+0000] {logging_mixin.py:154} INFO - Writing data to GCS.....
[2023-11-26T06:17:17.769+0000] {logging_mixin.py:154} INFO - Finished writing data to GCS.
[2023-11-26T06:17:17.771+0000] {logging_mixin.py:154} INFO - Writing data to GCS.....
[2023-11-26T06:17:18.210+0000] {logging_mixin.py:154} INFO - Finished writing data to GCS.
[2023-11-26T06:17:18.212+0000] {logging_mixin.py:154} INFO - Writing data to GCS.....
[2023-11-26T06:17:18.613+0000] {logging_mixin.py:154} INFO - Finished writing data to GCS.
[2023-11-26T06:17:18.615+0000] {logging_mixin.py:154} INFO - Writing data to GCS.....
[2023-11-26T06:17:21.815+0000] {logging_mixin.py:154} INFO - Finished writing data to GCS.
[2023-11-26T06:17:21.854+0000] {python.py:194} INFO - Done. Returned value was: None
[2023-11-26T06:17:21.871+0000] {taskinstance.py:1400} INFO - Marking task as SUCCESS. dag_id=outcomes_dag, task_id=GCP_TRANSFORMED_DATA, execution_date=20231126T061530, start_date=20231126T061646, end_date=20231126T061721
[2023-11-26T06:17:21.922+0000] {local_task_job_runner.py:228} INFO - Task exited with return code 0
[2023-11-26T06:17:21.959+0000] {taskinstance.py:2778} INFO - 3 downstream tasks scheduled from follow-on schedule check
