[2023-11-26T06:36:45.445+0000] {logging_mixin.py:154} INFO - Changing /opt/***/logs/dag_id=outcomes_dag/run_id=manual__2023-11-26T06:35:39.961902+00:00/task_id=GCP_TRANSFORMED_DATA permission to 509
[2023-11-26T06:36:45.489+0000] {logging_mixin.py:154} INFO - Changing /opt/***/logs/dag_id=outcomes_dag/run_id=manual__2023-11-26T06:35:39.961902+00:00/task_id=GCP_TRANSFORMED_DATA permission to 509
[2023-11-26T06:36:45.539+0000] {taskinstance.py:1159} INFO - Dependencies all met for dep_context=non-requeueable deps ti=<TaskInstance: outcomes_dag.GCP_TRANSFORMED_DATA manual__2023-11-26T06:35:39.961902+00:00 [queued]>
[2023-11-26T06:36:45.559+0000] {taskinstance.py:1159} INFO - Dependencies all met for dep_context=requeueable deps ti=<TaskInstance: outcomes_dag.GCP_TRANSFORMED_DATA manual__2023-11-26T06:35:39.961902+00:00 [queued]>
[2023-11-26T06:36:45.561+0000] {taskinstance.py:1361} INFO - Starting attempt 1 of 2
[2023-11-26T06:36:45.837+0000] {taskinstance.py:1382} INFO - Executing <Task(PythonOperator): GCP_TRANSFORMED_DATA> on 2023-11-26 06:35:39.961902+00:00
[2023-11-26T06:36:45.850+0000] {standard_task_runner.py:57} INFO - Started process 1417 to run task
[2023-11-26T06:36:45.857+0000] {standard_task_runner.py:84} INFO - Running: ['***', 'tasks', 'run', 'outcomes_dag', 'GCP_TRANSFORMED_DATA', 'manual__2023-11-26T06:35:39.961902+00:00', '--job-id', '48', '--raw', '--subdir', 'DAGS_FOLDER/outcomes_dag.py', '--cfg-path', '/tmp/tmpxv5p1sy6']
[2023-11-26T06:36:45.861+0000] {standard_task_runner.py:85} INFO - Job 48: Subtask GCP_TRANSFORMED_DATA
[2023-11-26T06:36:45.944+0000] {logging_mixin.py:154} INFO - Changing /opt/***/logs/dag_id=outcomes_dag/run_id=manual__2023-11-26T06:35:39.961902+00:00/task_id=GCP_TRANSFORMED_DATA permission to 509
[2023-11-26T06:36:45.949+0000] {task_command.py:416} INFO - Running <TaskInstance: outcomes_dag.GCP_TRANSFORMED_DATA manual__2023-11-26T06:35:39.961902+00:00 [running]> on host 42136bd2bf4d
[2023-11-26T06:36:46.053+0000] {taskinstance.py:1662} INFO - Exporting env vars: AIRFLOW_CTX_DAG_OWNER='***' AIRFLOW_CTX_DAG_ID='outcomes_dag' AIRFLOW_CTX_TASK_ID='GCP_TRANSFORMED_DATA' AIRFLOW_CTX_EXECUTION_DATE='2023-11-26T06:35:39.961902+00:00' AIRFLOW_CTX_TRY_NUMBER='1' AIRFLOW_CTX_DAG_RUN_ID='manual__2023-11-26T06:35:39.961902+00:00'
[2023-11-26T06:36:48.457+0000] {logging_mixin.py:154} INFO - Preparing Animal Dimensions Table Data
[2023-11-26T06:36:49.355+0000] {logging_mixin.py:154} INFO - Writing data to GCS.....
[2023-11-26T06:37:17.042+0000] {logging_mixin.py:154} INFO - Finished writing data to GCS.
[2023-11-26T06:37:17.044+0000] {logging_mixin.py:154} INFO - Writing data to GCS.....
[2023-11-26T06:37:17.489+0000] {logging_mixin.py:154} INFO - Finished writing data to GCS.
[2023-11-26T06:37:17.491+0000] {logging_mixin.py:154} INFO - Writing data to GCS.....
[2023-11-26T06:37:17.883+0000] {logging_mixin.py:154} INFO - Finished writing data to GCS.
[2023-11-26T06:37:17.884+0000] {logging_mixin.py:154} INFO - Writing data to GCS.....
[2023-11-26T06:37:20.895+0000] {logging_mixin.py:154} INFO - Finished writing data to GCS.
[2023-11-26T06:37:20.937+0000] {python.py:194} INFO - Done. Returned value was: None
[2023-11-26T06:37:20.950+0000] {taskinstance.py:1400} INFO - Marking task as SUCCESS. dag_id=outcomes_dag, task_id=GCP_TRANSFORMED_DATA, execution_date=20231126T063539, start_date=20231126T063645, end_date=20231126T063720
[2023-11-26T06:37:21.010+0000] {local_task_job_runner.py:228} INFO - Task exited with return code 0
[2023-11-26T06:37:21.065+0000] {taskinstance.py:2778} INFO - 3 downstream tasks scheduled from follow-on schedule check
